
0	2958000	6 1 0 1 2 5 2 8 4 10 5 11 8 11 9 12 9 13 14 15 14 15 17 16 19 16 19 16 19 17 20 18 22 18 22 20 23 7 23 21 23 21 24 21 25 21 3 22 26 23 26 23 26 23 27 24 27 24 27 24 28 25 28 25 28 25 29 26 29 26 29 27 29 27 29 28 29 28 29 28 29 28 29 29      63000      81000 
99	2636000	0 2 3 2 5 2 5 3 12 4 13 7 14 5 10 5 10 6 11 7 17 9 12 7 19 13 20 16 8 16 18 17 22 13 18 14 18 15 11 15 19 1 20 21 21 19 22 23 25 20 25 24 25 25 24 25 25 23 27 26 27 24 28 25 28 27 28 26 28 26 28 27 29 27 29 28 29 28 29 27 29 29 29 29      63000      72000 
297	2616000	0 18 3 2 4 1 19 3 18 3 8 5 11 3 6 8 11 12 11 15 14 9 14 7 17 13 16 17 16 15 21 16 23 14 18 19 22 16 22 20 23 18 23 20 24 21 26 26 25 23 26 24 26 25 26 24 25 24 27 25 27 25 26 10 26 26 28 27 29 27 13 27 29 27 29 28 28 28 29 29 29 29 29 29      63000      72000 
396	2590000	7 2 3 1 1 2 4 3 7 10 0 6 4 8 10 23 16 13 12 9 11 13 15 27 12 14 15 13 16 17 4 14 18 14 20 17 20 15 11 21 23 18 5 20 25 22 24 19 5 22 25 0 26 24 26 25 24 24 27 24 27 25 26 25 26 26 29 26 28 28 27 27 27 26 28 27 28 28 29 27 29 29 29 29      45000      90000 
792	1854000	7 0 28 1 17 18 7 19 8 6 0 11 3 11 9 23 10 13 1 15 22 13 12 7 12 13 15 13 5 6 4 17 21 14 20 8 2 19 23 21 23 21 20 24 24 16 24 23 26 22 25 23 25 24 18 20 26 24 27 26 27 26 26 25 16 27 29 26 29 25 27 27 14 27 28 27 28 28 29 26 29 29 29 29      72000      45000 
2079	1661000	1 0 28 6 5 18 17 27 10 6 3 19 6 7 14 23 25 15 28 13 8 15 17 1 19 13 11 5 18 10 4 10 14 16 21 22 2 22 21 20 23 24 20 20 24 21 9 23 25 22 12 23 26 16 26 24 25 24 24 26 27 25 26 26 8 27 9 26 0 27 7 27 29 26 28 27 28 28 29 28 29 29 29 29      72000      40500 
2178	1502000	6 18 28 6 17 13 2 5 0 19 20 9 12 16 21 23 1 24 10 14 5 18 17 23 12 2 5 5 11 16 4 16 22 10 20 22 7 15 22 15 23 24 20 24 24 21 24 23 0 22 26 23 26 25 25 24 25 24 3 24 14 7 27 26 8 25 29 26 9 11 27 27 13 28 19 27 28 29 29 28 29 28 29 29      63000      42000 
2970	1476000	6 7 28 13 5 3 2 0 10 19 20 13 12 17 21 23 1 24 22 14 9 3 12 23 12 11 15 25 11 16 4 17 22 16 0 19 7 15 28 19 13 24 20 24 6 21 24 23 0 22 26 23 26 25 25 24 25 24 9 24 14 25 27 10 8 25 18 26 9 26 27 27 29 27 19 28 18 29 29 28 29 28 29 29      63000      42000 
3069	1446000	5 7 18 1 15 3 23 19 7 9 14 10 22 17 18 4 10 29 24 15 22 16 12 20 12 14 19 13 2 16 1 17 21 16 21 8 6 19 21 21 23 24 20 21 24 21 11 19 8 22 26 0 26 25 18 29 26 24 6 24 28 25 27 26 28 25 11 26 2 25 13 27 29 27 28 27 28 5 29 28 29 28 29 23      36000      72000 
3762	 946000	5 18 3 1 15 29 25 19 1 29 1 10 14 17 12 4 6 3 12 9 8 15 9 18 13 14 15 27 2 16 7 17 21 16 21 13 6 19 22 20 23 24 20 24 4 21 11 23 8 22 26 0 26 10 26 20 26 24 6 24 28 25 27 26 28 25 11 26 2 25 7 27 29 27 28 27 28 5 29 28 29 28 29 23      36000      57000 
6030	 728912	0 9 1 10 2 11 3 12 4 27 5 13 6 14 7 14 8 15 9 27 10 29 11 19 12 13 13 16 14 18 15 18 16 17 17 19 18 20 19 20 20 21 21 21 22 22 23 22 23 23 24 23 24 24 24 24 25 24 25 26 25 25 29 25 26 26 26 26 27 26 27 27 29 26 19 27 28 28 28 28 28 29 29 29      72728      16908 
6624	 689250	0 9 1 10 2 11 3 12 4 27 5 13 6 14 7 14 8 15 9 27 10 16 11 16 12 13 13 17 14 18 15 18 16 19 17 19 18 20 19 20 20 21 21 21 22 22 23 22 23 23 24 23 24 24 24 26 25 24 25 26 25 25 29 25 26 26 26 26 27 26 27 27 29 26 28 27 28 28 28 28 28 29 29 29      74250      14625 
8604	 679500	0 8 1 10 2 11 3 10 4 27 5 13 6 29 7 14 8 15 9 0 10 16 11 14 12 8 13 17 14 18 15 18 16 19 17 19 18 20 19 20 20 21 21 21 22 22 23 22 23 23 24 23 24 24 24 26 25 24 25 26 25 25 29 25 26 26 26 26 27 26 27 27 29 27 28 27 28 28 28 28 28 29 29 29      72000      15750 
8703	 675000	0 8 1 10 2 11 3 10 4 27 5 13 6 29 7 14 8 15 9 15 10 16 11 14 12 23 13 17 14 18 15 18 16 19 17 19 18 20 19 20 20 21 21 21 22 22 23 22 23 23 24 23 24 24 24 26 25 24 25 26 25 25 29 25 26 26 26 26 27 26 27 27 29 27 28 27 28 28 28 28 28 29 29 29      72000      15750 
8802	 668000	0 28 1 29 2 25 3 25 4 13 5 28 6 14 7 14 8 6 9 17 10 15 11 6 12 20 13 29 14 9 15 18 16 19 17 19 18 20 19 20 20 21 21 21 22 22 23 22 23 26 24 23 24 24 24 26 25 24 25 26 25 25 29 25 26 26 26 26 27 26 27 26 27 27 28 27 28 28 28 28 29 29 29 29      81000       9250 
8901	 659000	0 9 1 27 2 11 3 12 4 13 5 13 6 14 7 14 8 15 9 3 10 16 11 15 12 13 13 17 14 28 15 18 16 19 17 19 18 20 19 20 20 21 21 21 22 22 23 22 23 23 24 23 24 27 24 26 25 24 25 25 25 25 29 25 26 26 26 26 27 26 27 27 29 27 28 27 28 28 29 28 28 29 29 29      72000      15750 
9297	 648000	0 9 1 12 2 15 3 6 4 27 5 13 6 14 7 14 8 29 9 2 10 16 11 29 12 13 13 17 14 9 15 18 16 19 17 19 18 20 19 20 20 21 21 21 22 22 23 22 23 26 24 23 24 24 24 26 25 24 25 25 25 25 29 25 26 26 26 26 27 26 27 27 29 27 28 27 28 28 28 28 28 29 29 29      72000      15750 
9495	 580000	0 9 1 10 2 11 3 12 4 13 5 12 6 14 7 2 8 15 9 27 10 16 11 15 12 17 13 17 14 28 15 18 16 19 17 19 18 20 19 20 20 21 21 21 22 22 23 22 23 23 24 23 24 27 24 26 25 24 25 26 25 25 29 25 26 26 26 26 27 26 27 27 29 27 28 27 28 28 29 28 28 29 29 29      70000      15000 
10089	 538000	0 9 1 10 2 15 3 12 4 13 5 27 6 14 7 28 8 27 9 27 10 16 11 3 12 17 13 17 14 28 15 18 16 19 17 19 18 20 19 20 20 21 21 21 22 22 23 22 23 26 24 23 24 27 24 26 25 24 25 26 25 25 29 25 26 26 26 26 27 26 27 27 29 27 28 27 28 28 29 28 28 29 29 29      72000      14000 
10584	 500000	0 26 1 10 2 22 3 28 4 27 5 13 6 14 7 15 8 27 9 21 10 16 11 28 12 13 13 17 14 26 15 18 16 19 17 19 18 20 19 20 20 12 21 21 22 22 23 22 23 9 24 23 24 27 24 26 25 24 25 26 25 11 29 25 26 26 26 26 27 26 27 27 29 27 28 27 28 28 29 28 28 18 29 29      70000      15000 
12465	 491144	0 16 1 29 2 27 3 13 4 14 5 29 6 17 7 26 8 27 9 27 10 16 11 15 12 13 13 23 14 26 15 18 16 19 17 19 18 20 19 20 20 21 21 21 22 22 23 22 23 9 24 10 24 27 24 26 25 24 25 26 25 11 29 25 26 26 26 26 27 26 27 27 29 27 28 27 28 29 28 28 28 29 29 29      72000      12286 
12564	 137336	0 26 1 14 2 28 3 28 4 27 5 13 6 14 7 15 8 27 9 21 10 16 11 28 12 13 13 17 14 26 15 18 16 19 17 19 18 20 19 20 20 12 21 21 22 22 23 22 23 9 24 23 24 27 24 26 25 24 25 26 25 11 29 25 26 26 26 26 27 10 27 27 29 27 28 27 28 28 29 28 28 18 29 29      66000      16334 
12861	 121336	0 27 1 15 2 14 3 13 4 27 5 28 6 14 7 9 8 25 9 12 10 16 11 28 12 13 13 17 14 26 15 18 16 19 17 19 18 20 19 20 20 21 21 21 22 22 23 22 23 26 24 23 24 27 24 26 25 24 25 26 25 11 29 25 26 26 26 26 27 28 27 27 29 27 28 27 28 28 29 28 28 29 29 10      66000      16334 
0	2986000	0 0 1 0 7 2 8 3 10 3 10 4 11 5 12 6 14 13 16 13 16 14 20 14 20 15 22 15 22 15 23 17 23 17 24 17 25 18 25 18 25 19 25 19 25 19 25 20 26 9 26 21 26 21 26 21 27 24 27 24 28 24 28 24 28 24 28 24 28 24 28 24 29 26 29 26 29 26 29 26 29 27 29 29      72000      72000 
99	2956000	0 2 4 6 3 1 5 8 6 16 6 10 9 10 5 7 11 9 12 10 12 11 14 14 15 13 17 14 18 15 18 18 20 16 21 17 22 19 21 19 23 20 24 21 7 22 25 24 24 25 24 23 25 25 26 24 26 25 27 24 27 25 27 24 27 27 28 25 28 26 8 28 29 26 29 28 29 28 29 29 29 29 29 29      63000      81000 
198	1504000	5 0 2 1 6 17 7 3 10 2 10 4 12 3 12 4 13 9 13 8 14 9 16 11 28 11 20 14 15 15 18 15 17 16 23 18 1 18 21 19 24 23 22 21 22 23 8 23 25 20 24 24 25 25 27 24 27 25 27 27 26 26 28 26 28 26 29 27 28 26 29 26 0 27 29 28 29 28 29 28 29 29 29 19      63000      45000 
1584	1342000	2 0 17 1 6 6 18 5 18 14 4 4 8 23 2 19 7 11 11 13 14 24 16 14 10 12 3 14 9 24 9 17 22 15 3 18 21 19 26 7 23 20 10 21 8 22 8 15 25 20 24 23 25 25 13 22 27 25 26 25 26 26 28 26 28 25 12 24 28 27 29 27 29 28 16 27 29 27 29 28 29 28 29 28      42000      63000 
2178	1310000	2 0 0 1 6 13 7 3 18 5 4 25 1 15 11 6 10 13 13 3 12 10 12 14 19 11 15 14 24 4 18 15 20 16 20 20 21 19 16 17 23 19 9 21 8 22 22 23 17 25 24 24 25 24 27 25 27 5 6 27 26 26 27 7 28 26 29 6 28 26 9 26 23 25 29 28 29 28 29 28 29 28 29 29      63000      40500 
4149	 847336	0 29 1 10 2 11 3 12 4 13 5 15 6 14 7 14 8 15 9 9 10 16 11 16 12 1 13 17 14 18 15 18 16 19 17 29 18 20 19 20 20 21 21 21 22 22 2 22 23 23 24 23 29 24 24 24 25 24 25 25 25 15 23 25 26 26 26 26 27 26 27 27 27 27 29 27 28 28 28 28 28 28 29 29      69999      22334 
4446	 840000	0 29 1 10 2 20 3 12 4 13 5 15 6 24 7 14 8 15 9 9 10 16 11 16 12 1 13 17 14 18 15 18 16 19 17 29 18 20 19 20 20 21 21 21 22 22 2 22 23 23 24 23 29 24 24 24 25 24 25 25 25 15 23 25 26 26 26 26 27 26 27 27 27 27 29 27 28 28 28 28 28 28 29 29      72000      21000 
4644	 774000	0 24 1 10 26 20 3 12 4 13 5 15 6 24 7 22 8 15 9 9 10 16 11 16 12 25 13 17 14 18 15 18 16 19 17 29 18 20 19 20 20 21 21 21 22 22 2 22 23 23 24 23 29 24 24 24 25 24 25 25 25 15 23 25 26 26 26 26 27 26 27 27 27 27 29 27 28 28 28 28 28 28 29 29      81000       9000 
5139	 601430	0 24 1 14 26 28 3 24 4 13 5 29 6 24 7 22 8 15 9 9 10 16 11 16 12 25 13 17 14 18 15 18 16 19 17 29 18 20 19 20 20 21 21 21 22 22 2 22 23 23 24 23 29 24 24 24 25 24 25 25 25 15 23 25 26 24 26 26 27 26 27 27 27 27 29 27 28 28 28 28 28 19 29 29      72000      12285 
10863	 571600	0 24 1 28 2 11 3 17 4 13 5 29 6 24 7 14 8 15 9 15 10 16 11 16 12 17 13 27 14 18 15 18 16 19 17 29 18 20 19 20 20 21 21 21 22 22 23 22 23 23 24 23 29 24 24 24 25 24 25 29 25 29 26 25 26 24 26 26 27 26 27 27 27 27 29 27 28 28 28 28 28 29 29 19      72000      12800 
12348	 519600	0 24 1 28 2 28 3 17 4 14 5 29 6 17 7 15 8 24 9 14 10 16 11 16 12 15 13 11 14 18 15 18 16 19 17 29 18 20 19 20 20 21 21 21 22 22 23 22 23 23 24 10 29 24 24 24 25 24 25 25 25 29 26 25 26 24 26 26 27 19 27 27 27 13 29 27 28 28 28 28 28 29 29 29      72000      12800 
13041	 518572	0 24 1 15 2 22 3 17 4 29 5 29 6 17 7 14 8 11 9 24 10 28 11 16 12 7 13 26 14 28 15 18 16 19 17 29 18 20 19 20 20 21 21 21 22 24 23 22 23 23 24 23 29 24 24 24 25 24 25 25 25 29 26 25 26 24 26 28 27 19 27 12 27 13 29 27 28 28 28 28 28 29 29 29      72000      12286 
13140	 514000	0 24 1 3 2 28 3 17 4 14 5 29 6 24 7 14 8 15 9 24 10 28 11 16 12 9 13 11 14 18 15 18 16 19 17 29 18 20 19 20 20 21 21 21 22 22 23 22 23 23 24 10 29 24 24 24 25 24 25 29 25 29 26 25 26 24 26 26 27 19 27 27 27 13 29 27 28 28 28 28 28 29 29 19      72000      12800 
13932	 498572	0 24 1 28 2 20 3 17 4 28 5 15 6 14 7 9 8 15 9 24 10 13 11 28 12 25 13 11 14 21 15 18 16 19 17 29 18 20 19 20 20 21 21 21 22 22 23 22 23 23 24 24 29 24 24 24 25 24 25 29 25 29 26 25 26 16 26 26 27 19 27 27 27 13 29 24 28 28 28 28 28 29 29 29      72000      12286 
14328	 495000	0 24 1 28 2 0 3 11 4 28 5 13 6 24 7 16 8 15 9 14 10 9 11 21 12 17 13 29 14 18 15 18 16 19 17 29 18 20 19 20 20 21 21 21 22 22 23 22 23 29 24 23 29 24 24 24 25 24 25 29 25 15 26 25 26 24 26 28 27 26 27 24 27 13 29 27 28 28 28 28 28 29 29 19      72500      12500 
14724	 484738	0 10 1 28 2 12 3 17 4 28 5 19 6 13 7 24 8 21 9 24 10 17 11 28 12 14 13 24 14 21 15 18 16 19 17 29 18 20 19 20 20 21 21 9 22 22 23 22 23 29 24 23 29 24 24 24 25 24 25 29 25 25 26 16 26 24 26 26 27 19 27 15 27 13 29 27 28 28 28 28 28 29 29 29      72631      12107 
15219	 140668	0 24 1 16 2 12 3 17 4 28 5 13 6 24 7 26 8 15 9 14 10 25 11 16 12 17 13 28 14 21 15 18 16 19 17 29 18 20 19 20 20 11 21 21 22 22 23 22 23 23 24 10 29 24 24 24 25 24 25 29 25 29 26 25 26 24 26 26 27 9 27 27 27 13 29 27 28 28 28 28 28 29 29 19      66000      16334 
0	2560000	2 1 2 1 2 6 7 6 3 9 4 9 5 10 6 10 9 13 9 13 12 13 0 14 14 15 15 16 15 17 16 18 16 20 17 21 18 21 19 22 20 23 22 23 23 24 23 24 23 24 24 24 24 25 25 25 25 26 26 26 26 26 26 26 11 26 27 27 27 27 28 27 8 28 29 28 29 28 29 28 29 28 29 29      90000      45000 
99	1637000	22 0 1 0 5 4 6 0 7 1 8 1 28 11 10 1 10 3 16 12 10 4 13 14 14 15 18 15 3 17 20 11 20 12 16 14 16 19 24 19 22 17 18 20 9 23 21 18 25 19 25 23 26 23 25 23 27 24 27 24 2 24 28 25 28 24 28 25 13 26 29 26 29 26 29 26 29 27 29 27 29 21 29 28      72000      40500 
1188	1636000	25 15 14 0 1 11 20 5 5 7 2 8 8 5 10 6 12 10 16 5 6 4 13 3 24 4 9 19 17 23 20 9 20 18 23 21 7 20 20 19 22 22 20 19 3 24 21 18 25 23 26 24 24 25 26 4 18 24 27 25 15 27 27 24 11 26 28 28 13 27 28 26 28 28 29 26 29 29 29 0 29 28 29 29      81000      30000 
1485	1362000	8 5 2 1 4 2 4 10 14 11 7 8 0 5 16 5 3 23 2 14 9 9 23 17 18 19 15 19 22 3 6 17 24 12 21 15 20 7 26 19 21 18 20 19 28 24 14 23 25 25 22 23 26 23 12 25 25 26 27 27 24 25 1 24 11 26 27 24 10 27 17 28 28 28 13 27 29 28 29 27 29 28 29 29      81000      22500 
2574	1344000	8 5 2 1 4 2 4 10 17 11 7 8 0 5 16 5 3 23 16 14 9 4 23 17 18 19 15 19 22 3 6 17 24 12 21 15 20 7 26 19 21 18 20 19 28 24 14 23 25 25 22 23 26 23 12 25 25 26 27 27 24 25 1 24 11 26 27 24 10 27 17 28 28 28 13 27 29 28 29 27 29 28 29 29      81000      22500 
2772	1290000	8 5 2 1 4 2 4 10 17 11 7 8 0 5 16 5 3 23 16 14 9 4 23 17 18 13 15 19 22 3 6 17 24 12 21 15 20 7 26 19 21 18 20 19 28 24 14 23 25 25 22 23 26 23 12 25 25 26 27 27 24 25 1 24 11 26 27 24 10 27 17 28 28 28 13 27 29 28 29 27 29 28 29 29      72000      31500 
4842	1136000	4 7 1 10 29 11 3 12 17 8 1 13 27 14 7 5 29 2 9 15 10 3 11 16 12 0 13 17 14 18 15 4 16 19 17 19 18 20 19 20 20 6 21 21 22 22 23 22 23 25 24 23 24 24 24 24 29 26 25 3 25 25 26 25 13 26 26 26 27 9 27 27 27 27 28 27 28 28 28 28 28 29 29 29      36000      63000 
5040	1026000	0 9 1 10 2 11 3 12 4 13 5 13 6 14 7 7 29 15 9 15 10 8 11 16 12 8 13 17 14 18 15 18 16 7 17 19 18 20 19 19 20 21 21 21 22 22 23 22 23 23 24 23 24 24 24 24 25 24 25 25 25 25 26 25 26 26 26 26 27 26 27 27 27 27 28 27 29 28 28 28 28 29 29 29      63000      31500 
5139	 864000	0 7 1 10 2 11 3 12 4 17 5 13 6 8 7 14 8 15 9 15 10 29 11 16 12 0 13 29 29 3 15 18 16 19 17 19 18 20 19 20 20 27 21 21 22 22 14 22 23 23 24 23 24 24 23 29 25 24 25 3 25 25 26 24 26 26 26 26 9 26 27 28 27 27 28 27 28 28 28 28 28 29 29 29      63000      27000 
7812	 776668	0 10 1 3 2 4 5 11 4 7 17 13 6 8 3 5 8 2 12 15 10 25 9 24 12 9 13 29 14 29 15 18 16 19 17 6 18 16 19 20 20 27 21 21 22 22 14 29 23 23 7 23 24 23 24 24 25 24 25 25 25 25 26 24 26 26 26 26 11 26 27 28 27 27 28 27 28 28 28 28 29 29 29 29      56667      33333 
12843	 663500	0 9 1 10 2 11 3 21 4 29 5 13 6 25 7 14 8 15 9 15 10 16 11 16 12 26 13 17 14 18 15 26 16 19 17 19 18 20 19 20 20 21 21 21 22 22 23 22 23 23 24 23 24 24 24 24 29 24 25 25 25 25 29 25 26 26 26 26 27 26 27 27 27 27 28 27 28 28 28 28 28 29 29 29      72000      15750 
0	2092000	0 3 1 6 4 6 6 26 7 7 9 9 11 10 11 10 12 13 12 13 26 14 14 15 15 26 16 3 2 17 18 18 22 19 19 19 20 19 20 21 21 21 23 21 23 22 5 23 24 23 24 24 24 24 25 24 25 24 25 25 25 26 25 27 27 27 27 28 28 28 28 28 28 28 8 29 17 29 29 29 29 29 29 29      81000      42000 
99	1814000	1 0 7 0 3 2 6 4 7 0 8 5 8 1 9 6 10 21 10 4 13 0 13 11 14 5 14 12 13 23 16 6 3 15 18 17 18 14 20 16 22 18 15 20 23 20 22 19 22 24 22 25 24 21 23 26 24 24 25 26 19 26 27 27 25 25 27 25 25 27 9 28 29 28 28 28 29 28 29 28 29 29 29 29      36000      81000 
297	1673000	1 0 7 0 3 2 6 4 7 0 8 5 8 1 9 6 10 21 10 4 13 0 17 11 14 5 14 12 13 23 16 6 3 15 18 17 18 14 20 16 22 18 15 20 23 20 22 19 22 24 22 25 24 21 23 26 24 24 25 26 19 26 27 27 25 25 27 25 25 27 9 28 29 28 28 28 29 28 29 28 29 29 29 29      40500      72000 
594	1490000	10 1 15 0 3 28 9 2 7 3 5 5 9 5 6 11 25 8 4 11 16 7 18 12 21 13 11 12 16 23 17 19 3 17 22 25 23 14 23 15 24 14 23 18 22 20 20 15 26 24 24 19 26 21 6 25 27 24 26 26 19 26 27 26 28 25 28 27 4 10 29 28 29 28 28 28 29 26 29 28 13 27 29 29      45000      63000 
1287	1336000	10 1 16 0 3 13 13 2 29 5 5 15 9 0 6 4 11 28 4 8 17 7 3 14 21 12 11 12 18 23 15 6 19 17 21 25 18 16 2 15 20 23 22 14 4 23 22 20 26 23 24 19 22 21 24 25 9 23 10 26 19 25 27 24 27 24 28 25 29 26 29 28 29 27 28 26 17 28 29 28 29 27 29 29      40500      63000 
3258	1080000	10 1 16 0 3 13 13 2 29 5 5 18 9 0 6 29 11 28 4 8 17 7 3 14 21 12 11 12 18 23 15 6 19 17 21 25 18 16 27 15 20 23 22 14 4 23 22 20 26 23 24 19 22 21 24 25 9 23 10 26 9 25 27 24 27 24 28 25 29 26 29 28 29 27 28 26 11 28 29 28 29 27 29 24      36000      63000 
3456	 870000	0 9 1 10 2 14 3 28 4 13 5 23 6 14 7 14 8 15 9 15 10 10 11 16 12 17 13 17 14 18 15 29 16 19 17 25 18 20 19 21 20 21 21 21 22 22 23 22 23 23 24 23 24 24 24 26 9 24 25 25 25 25 29 25 26 24 26 26 27 26 27 27 27 27 29 27 28 28 28 28 28 29 29 29      72000      21000 
3654	 862672	0 11 1 10 2 14 3 12 4 13 5 23 6 14 7 24 8 15 9 15 10 16 11 16 12 17 13 17 14 18 15 29 16 19 17 25 18 20 19 21 20 21 21 21 22 22 23 22 23 23 24 23 24 24 24 26 9 24 25 25 25 25 29 25 26 24 26 26 27 26 27 27 27 27 29 27 28 28 28 28 28 29 29 29      69999      22334 
5238	 784000	0 5 1 12 2 1 3 12 28 13 5 13 6 20 7 17 14 10 9 15 10 29 11 26 12 27 13 24 27 29 15 29 16 19 17 19 18 20 19 29 20 21 21 21 22 22 23 22 23 23 24 23 24 24 24 26 8 24 25 27 25 25 4 25 26 26 26 26 29 26 25 27 27 27 28 27 28 28 29 28 28 29 29 29      81000       9000 
10080	 776000	0 5 1 12 2 1 3 12 4 4 5 16 6 20 7 17 14 8 9 15 10 29 11 16 12 27 13 2 27 29 15 29 16 19 17 19 18 20 19 29 20 21 21 21 22 22 23 22 23 23 24 23 24 24 24 26 8 24 25 27 25 25 26 25 26 26 26 26 29 26 25 27 27 27 28 27 28 28 29 28 28 29 29 29      81000       9000 
10278	 749000	0 5 1 12 2 1 3 27 4 4 5 16 6 20 7 17 14 8 9 15 10 29 11 16 12 27 13 2 27 29 15 29 16 19 17 19 18 20 19 29 20 21 21 21 22 22 23 22 23 23 24 23 24 24 24 26 8 24 25 27 25 25 26 25 26 26 26 26 29 26 25 27 27 27 28 27 28 28 29 28 28 29 29 29      81000       7500 
10377	 704000	0 5 1 13 2 27 3 21 4 4 5 16 6 20 7 27 14 8 9 15 10 29 11 16 12 27 13 2 27 29 15 29 16 19 17 19 18 20 19 29 20 21 21 21 22 22 23 22 23 23 24 23 24 27 24 26 8 24 25 27 25 25 26 25 26 26 26 26 29 26 25 27 27 27 28 27 28 28 29 28 28 29 29 29      81000       6333 
16407	 674000	0 9 1 10 2 17 3 12 4 13 5 1 6 20 7 14 14 28 9 15 10 29 11 16 12 20 13 1 27 0 15 18 16 19 17 19 18 20 19 29 20 21 21 21 22 22 23 22 23 23 24 23 24 27 24 26 8 24 25 27 25 25 4 25 26 26 26 26 29 26 25 27 27 27 28 27 28 28 29 28 28 29 29 29      72000      16000 
0	2578000	0 0 3 1 9 2 4 2 5 3 6 6 10 6 11 7 12 7 12 7 13 7 13 10 14 11 14 13 15 14 17 15 18 15 19 16 20 16 21 16 22 18 23 19 23 19 23 20 8 20 24 21 24 22 25 23 26 24 26 25 26 25 27 25 27 25 28 25 28 26 28 26 28 27 28 27 28 27 29 28 29 29 29 29      81000      54000 
99	2550000	1 0 1 2 2 4 3 4 6 5 7 7 8 10 10 10 9 12 14 11 12 11 14 13 15 13 19 15 19 15 17 18 18 17 20 19 20 17 21 18 23 18 22 19 23 20 25 21 24 21 5 22 26 24 26 24 26 23 26 24 27 25 26 25 16 25 27 27 29 27 29 28 29 28 29 28 29 28 29 28 29 28 29 28      81000      54000 
297	1635000	0 1 18 10 2 3 22 7 5 4 27 5 0 5 29 6 2 9 8 8 10 11 13 12 22 13 15 13 19 15 16 12 20 17 22 14 17 16 23 16 18 14 21 19 22 22 25 20 23 19 25 23 26 25 26 24 28 21 26 25 28 24 26 24 27 25 28 26 28 24 28 25 29 27 29 27 29 28 29 28 29 28 29 28      40500      72000 
2565	 920000	0 1 1 10 2 11 3 12 4 25 5 13 6 14 7 14 8 11 9 15 10 16 11 2 12 17 13 17 14 18 15 18 16 19 17 19 18 20 19 20 20 14 21 21 22 22 23 22 23 23 24 23 24 24 24 24 25 24 25 25 25 25 26 24 26 26 26 26 27 26 27 27 29 27 29 27 28 28 28 28 28 29 29 29      72000      21000 
2664	 906000	0 1 1 10 2 11 3 12 4 25 5 13 6 7 7 14 8 3 9 15 10 3 11 16 12 17 13 17 14 18 15 18 16 19 17 19 18 20 19 20 20 21 21 21 22 22 23 22 23 23 24 23 24 24 24 24 25 24 25 25 25 25 26 24 26 26 26 26 27 26 27 27 29 27 29 27 28 28 28 28 28 29 29 29      72000      21000 
3357	 757000	0 28 1 29 2 11 3 23 4 13 5 12 6 26 7 14 8 16 9 15 10 16 11 0 12 17 13 27 14 1 15 18 16 7 17 19 18 20 19 20 20 21 21 21 22 22 23 22 23 23 24 23 24 24 24 24 25 21 25 25 25 25 26 24 26 26 26 26 27 26 27 27 29 27 28 27 28 28 29 28 28 29 29 28      76500      13500 
4644	 735000	0 28 1 29 2 6 3 20 4 13 5 27 6 7 7 14 8 22 9 15 10 3 11 16 12 17 13 17 14 1 15 18 16 19 17 19 18 20 19 20 20 21 21 21 22 22 23 22 23 23 24 23 24 24 24 24 25 24 25 25 25 25 26 24 26 26 26 26 27 26 27 27 29 27 28 27 28 28 29 28 28 29 29 29      72000      15750 
4941	 720000	0 28 1 29 2 11 3 8 4 13 5 27 6 20 7 28 8 22 9 15 10 27 11 16 12 17 13 27 14 1 15 18 16 19 17 19 18 20 19 20 20 6 21 21 22 22 23 22 23 23 24 23 24 24 24 24 25 24 25 25 25 25 26 24 26 26 26 26 27 26 27 27 29 27 28 27 28 28 29 28 28 29 29 29      81000       9000 
6129	 705000	0 28 1 29 2 11 3 8 4 13 5 27 6 14 7 28 8 22 9 15 10 27 11 16 12 17 13 27 14 1 15 18 16 7 17 19 18 20 19 20 20 6 21 21 22 22 23 22 23 23 24 23 24 24 24 24 25 24 25 25 25 25 26 24 26 26 26 26 27 26 27 27 29 27 28 27 28 28 29 28 28 29 29 29      77500      12500 
6624	 606000	6 29 1 29 2 11 3 16 4 13 5 13 0 27 7 28 8 28 9 15 10 16 11 21 12 17 13 7 14 1 15 18 16 19 17 19 18 20 19 20 20 6 21 21 22 22 23 22 23 27 24 23 24 24 24 24 25 24 25 25 25 25 26 14 26 26 26 26 27 26 27 27 29 27 28 27 28 28 29 28 28 29 29 29      72000      14000 
7812	 570000	0 29 1 29 2 22 3 16 4 11 5 13 6 27 7 13 8 28 9 15 10 27 11 19 12 29 13 7 14 21 15 18 16 9 17 19 18 20 19 20 20 6 21 21 22 22 23 22 23 14 24 23 24 27 24 24 25 24 25 25 25 25 26 24 26 26 26 17 27 26 27 27 29 27 28 27 28 28 29 28 28 29 29 28      72000      14000 
8604	 562000	0 29 1 29 2 15 3 16 4 11 5 13 6 27 7 13 8 28 9 15 10 27 11 19 12 29 13 3 14 21 15 18 16 9 17 19 18 20 19 20 20 6 21 21 22 22 23 22 23 14 24 23 24 27 24 24 25 24 25 25 25 25 26 24 26 26 26 17 27 26 27 27 29 27 28 27 28 28 29 28 28 29 29 28      72000      14000 
9000	 517200	0 28 1 29 2 13 3 14 4 22 5 28 6 27 7 28 8 29 9 15 10 16 11 27 12 29 13 17 14 21 15 18 16 19 17 19 18 20 19 20 20 6 21 21 22 17 23 22 23 27 24 23 24 24 24 11 25 27 25 25 25 10 26 24 26 26 26 26 27 26 27 27 29 27 28 27 28 28 29 28 28 29 29 29      72000      12800 
9693	 498800	0 9 1 29 2 8 3 29 4 21 5 29 6 20 7 28 8 29 9 15 10 11 11 27 12 16 13 25 14 17 15 18 16 19 17 19 18 20 19 20 20 27 21 21 22 22 23 22 23 27 24 23 24 27 24 13 25 24 25 12 25 25 26 14 26 28 26 17 27 26 27 27 29 27 28 27 28 28 29 28 28 29 29 28      72000      12800 
10386	 139200	0 12 1 29 2 13 3 27 4 16 5 13 6 15 7 28 8 29 9 15 10 11 11 10 12 29 13 25 14 21 15 18 16 19 17 19 18 20 19 20 20 27 21 21 22 22 23 22 23 14 24 23 24 27 24 24 25 27 25 25 25 9 26 24 26 26 26 17 27 29 27 17 29 27 28 27 28 28 29 28 28 29 29 28      66000      16400 
11772	 121600	0 12 1 29 2 13 3 16 4 16 5 26 6 15 7 29 8 29 9 28 10 11 11 9 12 29 13 10 14 21 15 18 16 19 17 19 18 20 19 20 20 27 21 21 22 22 23 22 23 14 24 23 24 27 24 13 25 27 25 25 25 25 26 24 26 28 26 17 27 26 27 27 29 27 28 27 28 28 29 28 28 29 29 28      66000      16400 
14841	 105600	0 12 1 29 2 24 3 15 4 16 5 26 6 28 7 29 8 15 9 29 10 11 11 9 12 29 13 10 14 21 15 18 16 19 17 19 18 20 19 20 20 27 21 21 22 22 23 22 23 14 24 23 24 27 24 13 25 27 25 25 25 25 26 24 26 28 26 17 27 26 27 27 29 27 28 27 28 28 29 28 28 29 29 28      66000      16400 
0	2915500	0 7 2 7 2 8 3 8 3 10 3 12 4 12 5 13 5 16 6 16 7 17 9 17 10 18 11 19 13 19 14 23 15 23 18 23 18 24 19 24 20 24 21 24 21 25 21 25 1 25 22 25 22 26 22 26 26 26 26 26 27 27 27 27 28 27 28 27 28 27 28 28 29 28 29 28 29 28 29 28 29 29 29 29      90000      51750 
198	2216000	1 1 2 0 4 1 4 2 6 9 6 26 11 24 8 7 8 7 8 5 15 10 19 11 16 3 16 10 22 12 22 14 20 13 23 15 23 16 20 17 24 21 21 19 24 18 24 22 25 18 25 24 25 25 26 23 26 25 27 24 27 25 28 26 28 27 28 27 28 26 29 27 28 28 29 28 29 28 29 29 29 29 29 29      45000      81000 
297	2198000	11 22 0 4 12 21 1 7 5 7 12 3 6 6 18 10 10 8 13 6 1 8 13 14 16 8 15 9 16 11 9 17 20 19 21 19 22 20 24 23 25 20 14 15 24 22 25 16 2 22 24 22 27 25 27 18 26 24 27 23 17 26 26 26 28 24 28 27 29 23 29 25 29 28 29 28 29 28 29 28 29 29 29 29      63000      63000 
1386	1600000	11 8 9 3 4 7 26 21 19 5 1 3 6 5 7 13 10 23 2 5 21 17 12 6 18 13 14 18 17 0 11 13 28 12 16 15 20 15 2 20 3 20 26 20 25 22 8 22 24 22 24 23 25 23 26 23 26 23 19 24 0 24 27 25 28 25 11 26 27 25 28 27 15 27 29 28 29 28 29 29 29 29 29 29      81000      30000 
3951	 832000	0 9 1 10 2 11 3 28 4 13 5 13 6 14 7 14 8 15 9 29 10 12 11 16 12 17 13 17 14 18 15 18 16 19 17 19 18 29 19 20 20 21 21 21 22 22 23 22 23 23 24 23 24 24 24 24 25 29 25 25 29 25 26 25 26 26 26 26 27 26 27 27 27 27 28 27 28 28 28 28 28 29 29 29      63000      27000 
4149	 812000	0 9 1 10 2 11 3 28 4 20 5 13 6 14 7 14 8 15 9 29 10 12 11 16 12 17 13 17 14 18 15 18 16 19 17 19 18 29 19 20 20 21 21 21 22 22 23 22 23 23 24 23 24 24 24 24 25 29 25 25 29 25 26 25 26 26 26 26 27 26 27 27 27 27 28 27 28 28 28 28 28 29 29 29      63000      27000 
4644	 766600	23 11 1 10 2 0 3 12 4 7 5 13 6 0 7 14 8 15 9 15 10 26 11 16 29 27 29 17 24 0 13 18 16 19 17 19 18 20 19 20 20 21 21 21 22 22 8 22 23 23 24 23 24 24 15 24 26 24 25 25 25 25 9 25 12 26 26 26 27 26 14 27 27 27 28 27 28 28 28 29 28 29 29 29      63300      26800 
12249	 758000	0 11 1 27 2 13 3 12 4 13 5 13 6 3 7 14 8 9 26 15 10 29 11 16 29 19 13 17 24 14 25 18 16 29 17 19 18 20 19 20 20 21 21 21 22 22 23 10 23 23 24 23 24 24 15 24 26 24 25 25 25 25 9 25 12 26 26 26 27 26 14 27 27 27 28 27 28 28 28 29 28 29 29 29      66000      24000 
12744	 701500	0 24 1 1 2 11 3 16 4 13 5 13 6 29 7 14 8 27 9 3 10 9 11 18 29 1 18 15 14 27 13 18 16 19 17 19 25 20 19 20 20 21 21 21 22 22 29 22 23 26 24 17 24 24 15 24 25 24 23 25 25 25 26 25 12 26 26 26 27 26 14 27 27 27 28 27 28 28 28 29 28 29 29 29      72000      15750 
13536	 697000	0 24 1 1 2 11 3 16 4 13 5 13 6 29 7 15 8 27 9 3 10 9 11 18 29 1 18 15 14 27 13 18 16 19 17 19 25 20 19 20 20 21 21 21 22 22 29 22 23 26 24 17 24 24 15 24 25 24 23 25 25 25 26 25 12 26 26 26 27 26 14 27 27 27 28 27 28 28 28 29 28 29 29 29      72000      15750 
16308	 695000	0 24 1 29 2 11 3 16 4 13 5 13 6 29 7 15 8 27 9 3 10 9 11 18 29 1 18 15 14 27 13 18 16 19 17 19 25 20 19 20 20 21 21 21 22 22 29 22 23 26 24 17 24 24 15 24 25 24 23 25 25 25 26 25 12 26 26 26 27 26 14 27 27 27 28 27 28 28 28 29 28 29 29 29      72000      15750 
17001	 604500	0 3 1 14 2 12 3 24 4 11 5 13 6 29 7 26 8 27 9 7 10 9 11 10 23 26 25 15 16 1 13 18 16 19 17 19 18 20 19 29 20 21 21 21 22 22 29 22 26 26 24 17 24 24 15 24 25 24 23 25 25 25 26 20 12 26 29 26 27 26 14 27 27 27 28 27 28 27 28 29 28 29 29 29      70000      16750 
17100	 598000	0 24 1 29 2 11 3 16 4 26 5 13 6 26 7 10 8 28 9 26 10 9 11 27 29 19 18 15 14 15 13 18 16 19 17 12 25 20 19 20 20 21 21 21 22 22 29 22 23 23 24 17 24 24 15 24 25 24 23 25 25 25 26 29 12 26 26 26 27 26 14 27 27 27 28 27 28 28 28 29 28 29 29 29      65500      19000 
17694	 571000	0 24 1 29 2 11 3 16 4 26 5 13 6 26 7 10 8 28 9 26 10 9 11 27 29 19 18 27 14 15 13 18 16 19 17 12 25 20 19 20 20 21 21 21 22 22 29 22 23 23 24 17 24 24 15 24 25 24 23 25 25 25 26 29 12 26 26 26 27 26 14 27 27 27 28 27 28 28 28 29 28 29 29 29      65500      19000 
0	2998000	1 0 1 0 2 0 3 0 7 4 9 5 11 6 12 6 12 6 13 7 14 8 14 10 14 11 14 11 15 13 16 13 16 15 19 15 20 17 20 17 21 18 22 18 23 19 24 20 24 21 24 22 25 22 25 22 25 23 26 25 27 25 27 26 28 26 28 26 28 26 28 26 29 26 29 27 29 29 29 29 29 29 29 29      72000      72000 
99	2408000	6 0 2 1 2 11 3 2 4 12 4 8 5 13 10 16 11 16 7 17 7 10 8 18 17 13 9 19 12 15 13 21 19 22 20 22 15 18 20 22 16 19 22 23 23 23 24 21 14 23 25 14 26 24 24 5 25 25 26 25 26 26 26 27 27 28 27 28 27 28 27 28 28 28 29 28 29 28 29 29 29 29 29 29      76500      54000 
198	1680000	1 0 2 19 25 11 3 5 4 3 12 7 11 13 10 16 10 6 0 14 7 10 8 18 17 18 9 10 14 18 13 11 15 19 20 22 16 20 21 6 16 23 22 23 22 23 24 21 24 23 24 14 25 21 26 5 25 23 26 25 26 19 26 27 27 28 29 27 27 28 28 28 29 28 29 28 29 28 29 29 29 29 29 29      81000      31500 
2070	1627000	0 9 1 10 2 11 3 24 4 13 5 13 6 14 7 14 8 15 9 15 10 16 11 16 12 17 29 17 29 18 15 18 16 19 17 19 18 20 19 20 20 21 21 21 22 22 23 22 23 23 24 23 24 24 24 24 25 24 25 25 25 25 26 25 26 26 26 26 27 26 27 27 27 27 28 27 28 28 28 28 28 29 29 29      72000      40500 
2169	1486000	0 0 1 10 2 11 3 12 4 18 5 13 6 14 7 14 8 15 9 15 10 16 11 16 12 17 13 17 14 7 15 18 16 19 17 22 18 20 19 20 20 21 21 23 22 22 23 22 23 23 24 23 24 24 24 24 25 24 25 25 25 25 26 25 27 28 26 26 27 26 27 27 27 28 29 27 28 28 29 29 28 29 29 29      72000      36000 
2268	1408400	0 9 1 10 2 11 3 12 4 8 5 13 6 14 7 14 8 15 9 15 10 16 11 12 12 17 13 17 14 29 15 18 16 19 17 19 18 20 19 20 20 21 21 21 22 22 23 22 23 23 24 23 24 24 24 24 25 24 25 25 25 25 26 25 26 26 26 26 27 26 27 27 27 27 28 27 29 28 28 28 28 29 29 29      67200      39200 
2367	1351000	0 9 1 10 2 11 3 12 4 13 5 13 6 14 7 14 8 15 9 11 10 16 11 16 12 17 13 8 15 7 15 18 16 19 17 19 18 20 19 20 20 21 21 23 22 22 23 22 23 23 24 23 24 24 24 24 25 24 25 25 25 25 26 25 27 28 26 26 27 26 27 27 27 28 29 27 28 28 29 28 28 29 29 29      63000      40500 
2565	 866000	0 9 1 10 26 11 3 27 4 13 5 13 6 14 7 14 8 15 9 27 10 16 11 16 12 29 13 17 14 29 15 18 16 19 17 19 18 20 19 6 20 21 21 21 22 29 23 22 23 23 24 23 24 24 24 24 29 29 25 25 25 25 2 25 26 26 26 26 27 26 27 27 27 27 28 27 28 28 28 28 28 29 29 29      72000      21000 
2763	 742000	0 9 1 0 23 11 3 27 4 13 5 29 6 14 7 14 8 15 9 17 10 16 11 16 12 17 13 17 14 29 15 18 16 19 17 19 18 20 19 6 20 21 21 21 22 29 2 22 23 23 24 23 24 29 24 24 25 29 25 25 25 25 26 23 26 26 26 26 27 26 27 28 27 27 29 27 28 28 28 28 28 29 29 29      72000      18000 
3159	 658000	0 17 2 10 1 11 3 24 4 13 5 29 6 14 7 14 8 22 9 15 10 16 11 20 12 19 13 24 14 29 15 18 16 19 17 19 18 20 19 20 20 21 21 23 22 22 23 22 23 23 24 23 24 24 28 5 25 24 25 25 25 25 26 25 26 26 26 26 27 24 27 24 27 21 29 27 29 28 28 28 28 29 29 29      75144      13284 
3357	 654000	0 17 2 10 1 11 3 24 4 13 5 29 6 14 7 14 8 22 9 15 10 16 11 16 12 19 13 24 14 29 15 18 16 19 17 19 18 20 19 20 20 21 21 23 22 22 23 22 23 23 24 23 24 24 28 5 25 24 25 25 25 25 26 25 26 26 26 26 27 24 27 24 27 21 29 27 29 28 28 28 28 29 29 29      76000      12000 
5040	 648288	0 17 2 10 1 11 3 24 4 13 5 29 6 14 7 20 8 22 9 15 10 16 11 16 12 19 13 12 14 29 15 18 16 19 17 19 18 20 19 20 20 21 21 23 22 22 23 22 23 23 24 23 24 24 28 24 25 24 25 25 25 19 26 23 26 26 26 26 27 24 27 24 27 21 29 27 29 28 28 28 28 29 29 29      75144      13284 
5535	 642000	0 17 2 10 1 11 3 24 4 13 5 29 6 24 7 20 8 22 28 22 10 16 11 16 12 19 13 25 14 11 15 18 16 19 17 19 18 25 19 20 20 21 21 23 22 22 23 22 23 23 24 23 24 24 28 14 9 24 25 25 25 25 26 25 26 26 26 26 27 24 27 24 27 21 29 15 29 28 28 28 28 29 29 29      72000      14000 
6030	 614000	0 17 2 10 1 11 3 24 4 13 5 29 6 24 7 20 8 22 28 22 10 16 11 16 12 19 13 25 14 27 15 18 16 19 17 19 18 25 19 20 20 21 21 23 22 22 23 22 23 23 24 23 24 24 28 14 9 24 25 25 25 25 26 25 26 26 26 26 27 24 27 24 27 21 29 15 29 28 28 28 28 29 29 29      72000      14000 
6624	 560288	0 17 2 5 1 17 3 14 4 29 5 15 6 29 7 20 8 24 9 28 10 16 11 24 12 19 13 12 14 28 15 18 16 19 17 19 18 20 19 20 20 21 21 23 22 22 23 22 23 24 24 28 24 24 28 24 25 24 25 13 25 25 26 25 26 26 26 26 27 26 27 24 27 21 29 14 29 28 28 28 28 29 29 29      72000      12286 
7812	 554000	0 17 2 13 1 11 3 24 4 14 5 25 6 29 7 24 8 18 9 24 10 5 11 27 12 19 13 28 14 29 15 18 16 19 17 19 18 20 19 20 20 21 21 24 22 22 23 22 23 28 24 23 24 24 28 24 25 16 25 25 25 25 26 25 26 26 26 26 27 24 27 28 27 21 29 15 29 28 28 28 28 29 29 29      72000      12800 
7911	 184000	0 17 2 29 1 17 3 9 4 12 5 24 6 11 7 14 8 27 9 28 10 16 11 24 12 28 13 15 14 29 15 18 16 19 17 19 18 20 19 20 20 21 21 23 22 22 23 22 23 24 24 28 24 24 28 24 25 24 25 13 25 25 26 10 26 26 26 26 27 24 27 28 27 21 29 14 29 28 28 28 28 29 29 29      66000      16000 
10584	 170400	0 17 2 29 1 17 3 9 4 12 5 24 6 11 7 14 8 27 9 13 10 16 11 24 12 28 13 15 14 29 15 18 16 19 17 19 18 20 19 20 20 21 21 23 22 22 23 22 23 24 24 28 24 24 28 24 25 24 25 13 25 25 26 10 26 26 26 26 27 24 27 28 27 21 29 14 29 28 28 28 28 29 29 29      66000      16400 
11376	 154400	0 17 2 29 1 17 3 9 4 12 5 24 6 11 7 14 8 27 9 25 10 16 11 24 12 28 13 15 14 29 15 18 16 19 17 19 18 20 19 20 20 21 21 23 22 22 23 22 23 24 24 28 24 24 28 24 25 24 25 13 25 25 26 10 26 26 26 26 27 24 27 28 27 21 29 14 29 28 28 28 28 29 29 29      66000      16400 
12267	 121600	0 17 2 9 1 17 3 29 4 12 5 24 6 28 7 14 8 27 9 15 10 16 11 27 12 28 13 20 14 29 15 18 16 19 17 19 18 20 19 29 20 21 21 23 22 22 23 22 23 24 24 28 24 24 28 24 25 24 25 13 25 25 26 10 26 26 26 26 27 24 27 28 27 21 29 14 29 28 28 11 28 29 29 29      66000      16400 
14247	 105600	0 26 2 9 1 17 3 29 4 29 5 24 6 11 7 14 8 27 9 16 10 25 11 24 12 28 13 15 14 22 15 18 16 19 17 19 18 20 19 20 20 21 21 23 22 27 23 22 23 24 24 28 24 24 28 12 25 24 25 13 25 25 26 10 26 29 26 26 27 24 27 28 27 21 29 14 29 28 28 28 28 29 29 29      66000      16400 
0	2930000	0 2 1 2 1 3 5 4 9 4 9 5 9 6 11 6 13 7 13 7 14 7 16 7 16 8 17 10 18 10 19 11 19 12 21 14 22 15 22 15 23 16 23 17 24 17 24 17 25 18 25 18 26 19 26 20 26 21 27 21 27 22 27 23 28 24 28 24 29 24 29 25 29 25 29 26 29 27 29 27 29 28 29 28      54000      90000 
198	1679000	1 0 2 4 7 6 2 9 5 7 5 6 7 22 15 11 20 8 17 7 18 3 27 12 14 13 16 19 17 19 15 19 21 18 19 22 24 13 19 21 25 14 25 23 23 23 10 23 27 24 1 16 23 24 26 24 28 20 26 24 10 25 20 25 28 25 28 26 28 25 29 27 28 27 29 28 29 26 29 28 29 29 29 29      40500      72000 
3060	1383000	0 9 2 10 21 11 3 9 11 24 5 13 6 10 7 14 8 15 27 15 10 16 12 16 3 17 1 17 17 29 15 4 13 18 19 22 18 20 19 20 20 21 21 23 22 4 10 23 23 18 14 23 23 24 12 24 9 24 25 24 25 24 6 25 26 25 26 26 15 26 27 27 28 27 29 27 28 28 29 28 28 29 29 29      63000      40500 
3258	 994000	0 9 1 10 2 11 6 12 4 13 5 13 7 14 12 14 8 15 9 15 10 21 11 16 3 17 13 17 14 18 15 3 16 19 17 19 18 20 19 20 25 29 21 21 22 23 23 22 23 18 24 16 24 20 24 24 29 24 29 25 25 25 26 25 26 26 26 26 6 26 27 27 27 27 28 27 28 28 28 28 28 29 29 28      64000      30000 
3951	 976574	0 24 1 10 2 9 3 1 4 13 20 13 27 14 5 14 8 26 7 15 10 14 11 16 12 17 13 17 14 18 15 18 16 17 19 19 18 20 19 20 25 9 21 21 22 22 23 22 23 23 24 23 24 24 17 24 29 24 29 25 25 25 26 25 26 26 26 26 6 28 27 27 27 27 28 27 28 28 28 28 9 29 29 28      78429      16714 
6723	 958000	0 24 1 10 2 3 3 1 4 13 20 13 0 3 11 14 8 26 7 15 10 5 5 16 12 17 13 17 14 18 15 18 16 18 17 19 18 20 19 20 25 9 21 21 22 22 23 22 23 23 24 23 24 24 17 24 29 24 29 25 25 25 26 25 26 26 26 26 6 28 27 27 27 27 28 27 28 28 28 28 9 29 29 29      72000      21000 
8109	 916000	0 24 1 10 2 27 3 1 4 13 20 13 0 3 11 14 8 3 7 15 10 5 5 16 12 17 13 17 14 18 15 18 16 18 17 19 18 20 19 20 25 9 21 21 22 22 23 22 23 23 24 23 24 24 17 24 29 24 29 25 25 25 26 25 26 26 26 26 6 28 27 27 27 27 28 27 28 28 28 28 9 29 29 29      72000      21000 
8307	 886000	0 24 1 29 2 27 3 27 4 13 20 13 0 3 11 14 8 3 7 15 10 5 5 16 12 17 13 17 14 18 15 18 16 18 17 19 18 20 19 20 25 9 21 21 22 22 23 22 23 23 24 23 24 24 17 24 29 24 29 25 25 25 26 25 26 26 26 26 6 28 27 27 27 27 28 27 28 28 28 28 9 29 29 29      72000      21000 
8505	 778000	27 24 1 29 2 21 3 21 4 13 20 27 25 3 5 14 8 20 7 15 10 5 11 16 12 11 13 27 14 18 15 18 16 0 17 19 18 20 19 20 25 27 21 21 22 22 23 22 23 0 24 23 24 24 17 24 29 24 29 25 25 25 26 28 26 27 26 26 6 0 22 27 27 27 28 27 28 28 28 28 9 29 29 29      72000      18000 
15120	 774000	27 24 1 29 2 21 3 21 4 13 20 27 25 3 5 14 8 20 7 15 10 5 11 16 12 19 13 27 14 18 15 18 16 0 17 19 18 20 19 20 25 27 21 21 22 22 23 22 23 0 24 23 24 24 17 24 29 24 29 25 25 25 26 28 26 27 26 26 6 0 22 27 27 27 28 27 28 28 28 28 9 29 29 29      72000      18000 
0	3320000	1 0 2 4 3 7 7 10 9 13 11 13 14 13 15 14 16 15 16 18 16 19 12 19 17 19 18 19 8 20 20 21 21 21 22 21 5 22 23 23 23 24 26 24 26 24 26 24 26 24 26 24 27 24 28 24 28 25 28 25 28 25 6 25 29 25 29 26 29 27 29 27 29 28 29 28 29 28 29 28 29 28 29 28      81000      72000 
99	3030000	0 0 1 3 9 4 5 7 7 8 9 5 0 6 13 11 11 12 20 12 14 8 14 1 14 12 18 12 15 13 16 15 16 16 21 16 18 18 19 19 22 20 17 20 24 20 21 22 25 22 22 22 26 23 23 24 24 24 10 25 24 25 27 2 27 26 28 26 29 26 29 27 27 27 27 28 28 28 29 28 29 28 29 29      81000      63000 
198	2592000	1 15 2 1 10 9 4 3 17 6 14 7 9 15 11 5 10 11 13 9 13 8 11 9 12 6 0 16 26 20 20 20 18 16 21 19 23 19 22 24 24 19 17 25 25 20 25 20 21 21 24 23 25 26 22 26 27 24 23 25 28 14 27 25 28 28 28 28 28 28 18 27 29 27 28 29 29 28 29 26 29 29 29 29      72000      63000 
297	1862000	0 1 7 15 3 1 25 2 6 2 7 5 16 6 9 6 14 7 11 8 12 8 18 13 11 12 15 14 8 13 5 18 16 16 17 16 10 17 4 18 25 20 23 22 19 20 21 21 24 22 4 22 26 24 27 24 28 23 27 24 19 25 24 25 27 27 3 26 29 26 23 26 27 27 29 28 28 28 29 28 29 27 29 28      72000      45000 
1584	1842000	0 1 7 15 3 1 25 2 6 2 2 5 27 6 9 6 14 7 11 8 12 8 20 13 11 12 15 14 8 13 5 18 16 16 17 16 10 17 4 18 25 20 23 22 19 20 21 21 24 22 4 22 26 24 27 24 28 23 27 24 19 25 24 25 27 27 3 26 29 26 23 26 27 27 29 28 28 28 29 28 29 27 29 28      72000      45000 
2079	1650000	12 1 7 17 5 1 25 14 6 1 10 10 15 6 9 6 2 29 11 11 3 8 20 13 27 12 8 16 21 14 19 18 16 16 9 20 10 17 4 18 25 20 23 20 19 20 26 21 24 22 4 21 0 24 27 24 27 23 27 24 15 25 22 26 27 27 28 27 29 26 23 26 26 25 29 13 28 28 29 28 29 27 29 28      63000      48000 
2178	1636000	12 1 7 17 5 1 25 14 6 1 0 10 15 6 9 6 2 29 11 11 3 8 20 13 5 12 8 16 21 14 19 18 16 16 9 20 10 17 4 18 25 20 23 20 19 20 26 21 24 22 4 21 0 24 27 24 27 23 27 24 15 25 22 26 27 27 28 27 29 26 23 26 26 25 29 13 28 28 29 28 29 27 29 28      63000      48000 
2970	1500000	2 1 9 29 3 10 15 14 8 11 2 17 16 6 27 9 25 25 10 11 4 27 20 7 11 12 15 0 10 14 19 18 8 16 17 13 7 17 3 18 24 11 23 20 19 20 21 21 21 22 4 22 26 24 27 5 28 23 27 24 28 25 24 25 28 27 3 26 28 26 23 26 27 27 29 13 28 27 29 28 12 27 29 29      45000      63000 
5535	1452000	0 1 1 10 12 11 3 14 4 13 2 19 16 6 6 9 7 25 3 15 10 27 14 16 20 5 8 0 3 18 15 12 8 9 17 19 18 17 3 20 24 21 23 21 19 20 13 22 23 22 23 24 24 24 27 24 1 24 25 25 5 25 26 25 11 26 26 26 28 26 21 26 27 27 29 27 28 28 29 28 28 29 29 29      63000      45000 
6327	1150000	27 9 1 4 2 11 3 9 12 6 13 10 18 8 7 24 5 15 9 15 8 11 11 16 4 0 6 17 14 27 15 18 16 0 17 19 25 21 19 20 20 21 7 21 22 22 3 22 23 23 24 23 6 24 24 24 25 23 25 25 28 25 26 25 26 26 26 26 28 26 21 0 27 27 10 27 28 28 29 28 29 29 29 29      81000      18000 
7317	 974000	0 8 7 4 3 11 1 14 2 13 13 10 4 14 7 28 18 14 9 15 8 16 6 16 12 9 5 17 14 26 15 18 16 2 17 19 18 21 19 20 20 21 11 21 22 22 23 22 23 23 24 23 24 24 24 27 25 23 25 12 25 25 26 25 28 26 26 26 29 26 27 27 27 27 10 13 28 28 29 28 28 29 29 29      64000      30000 
11070	 770000	0 9 1 10 2 19 3 12 4 19 5 13 6 14 7 14 8 15 9 15 10 16 11 16 12 17 13 17 14 24 15 18 16 19 17 19 18 19 29 20 20 21 21 21 22 22 23 22 23 23 24 23 29 24 24 24 25 24 25 25 25 25 26 25 26 26 26 26 27 26 27 27 27 27 28 27 28 28 28 28 28 29 29 29      72000      18000 
12654	 758000	19 6 1 18 2 19 3 17 4 19 28 13 6 14 7 25 8 12 9 15 10 16 11 16 12 9 13 27 14 29 15 18 16 19 17 19 18 19 29 20 20 21 21 21 22 22 23 22 23 23 24 23 24 24 24 24 25 24 25 25 5 25 26 25 26 26 26 26 27 26 0 27 27 27 28 27 28 28 29 28 28 29 29 29      72000      18000 
0	2848000	7 2 3 5 5 5 6 0 6 10 8 10 9 12 11 13 13 13 1 15 14 15 19 15 20 16 20 16 22 16 22 17 22 17 4 18 23 19 12 19 21 21 25 24 26 24 26 24 9 25 27 25 27 25 27 25 27 26 27 26 23 26 14 27 29 27 29 27 29 28 29 28 18 28 29 28 29 28 29 28 29 28 29 28      72000      69000 
99	1304000	3 4 5 2 8 2 3 3 7 6 1 4 9 4 10 9 10 6 15 12 0 13 16 13 18 11 18 13 21 24 20 12 11 14 22 14 22 16 22 17 23 14 22 19 23 19 23 20 24 17 24 19 25 25 25 24 26 26 25 15 26 26 26 21 27 26 27 26 27 27 28 27 28 28 28 28 28 29 29 29 29 29 29 29      63000      40500 
1377	 916000	0 9 1 10 2 11 3 12 4 13 5 13 6 14 7 14 8 15 9 15 10 21 11 16 12 29 13 17 14 18 15 18 16 19 17 19 18 20 19 20 20 21 27 21 29 22 23 22 23 23 24 23 24 24 24 24 25 24 25 25 25 25 26 25 26 26 26 26 27 26 27 29 29 22 28 27 28 28 28 28 28 29 29 29      63000      30000 
2763	 766000	0 16 1 10 2 11 3 21 4 13 5 8 6 16 7 14 8 15 9 15 29 29 11 16 12 29 13 17 14 18 15 29 16 19 17 19 18 20 19 20 20 21 27 21 22 22 23 22 23 21 24 23 24 25 24 24 10 24 25 25 25 25 26 25 26 26 26 26 27 26 27 29 27 27 28 27 28 21 28 28 28 29 29 29      72000      18000 
4743	 756000	0 16 1 18 2 11 3 21 4 13 5 25 6 16 7 1 21 15 9 15 29 17 11 16 12 29 13 23 14 9 15 29 16 19 17 19 18 29 19 20 20 21 27 21 22 22 23 22 23 21 24 29 24 25 24 24 10 24 25 25 25 25 26 25 26 26 26 26 27 26 27 29 8 27 29 27 28 28 28 28 28 29 29 29      81000       9000 
5238	 614000	0 16 1 10 2 2 3 24 4 25 5 13 6 24 7 15 8 15 9 23 20 29 11 28 12 22 13 17 14 9 15 29 16 19 17 19 18 20 19 20 26 24 27 21 22 22 23 22 23 23 24 23 24 25 29 24 10 24 25 25 25 25 26 25 26 26 21 26 28 26 27 29 27 18 28 27 29 21 28 28 28 29 29 14      72000      14000 
7020	 609430	0 21 1 28 2 16 3 21 4 13 5 21 6 24 7 15 29 25 9 20 8 28 11 28 12 29 13 17 14 14 15 29 16 19 17 19 18 0 19 20 20 21 27 21 22 22 23 22 23 21 24 23 24 25 24 24 10 24 25 25 25 25 26 25 26 26 26 26 27 26 27 29 11 18 28 27 29 21 28 28 28 29 29 29      72000      14285 
9693	 606000	0 21 1 10 2 16 3 21 4 13 5 21 25 24 7 15 29 29 9 20 8 28 6 28 12 29 13 17 14 14 15 29 16 19 17 19 18 0 19 20 20 21 27 21 22 22 23 22 23 21 24 23 24 25 24 24 10 24 25 25 25 25 26 25 26 26 26 26 27 26 27 29 11 18 28 27 29 21 28 28 28 29 29 29      72000      14000 
10683	 578000	0 21 1 21 2 16 3 28 4 13 5 21 6 10 7 15 29 11 9 20 25 0 11 28 12 20 13 17 14 19 15 29 16 19 17 28 18 25 19 20 20 21 27 21 22 22 23 22 23 21 24 23 24 25 24 24 10 24 25 25 25 25 26 25 26 26 26 26 27 14 27 29 8 18 28 27 29 21 28 28 28 29 29 29      72000      14285 
10980	 520000	0 7 1 25 2 17 3 25 4 13 5 21 6 16 7 15 29 25 9 17 21 16 11 28 12 14 13 9 14 20 15 29 16 19 17 19 18 29 19 20 20 28 27 21 22 22 23 22 23 28 24 23 24 25 24 24 10 28 25 25 25 25 26 25 26 26 26 26 27 26 27 29 8 18 28 27 29 21 28 28 28 29 29 29      72500      12500 
12168	 512400	0 14 1 13 2 20 3 9 4 28 5 13 6 26 7 15 29 10 9 25 21 16 11 28 12 28 13 17 14 28 15 29 16 19 17 19 18 20 19 20 20 29 27 25 22 22 23 22 23 21 24 23 24 25 24 24 10 24 25 25 25 25 26 25 26 26 26 25 27 26 27 29 8 18 28 27 29 21 28 28 28 29 29 29      72000      12800 
12960	 486000	0 12 1 13 2 17 3 0 4 13 5 14 6 28 7 15 29 10 9 29 21 16 11 28 12 18 13 17 14 28 15 29 16 19 17 19 18 20 19 20 20 21 27 25 22 22 23 16 23 28 24 22 24 25 24 9 10 24 25 25 25 25 26 25 26 26 26 25 27 11 27 29 8 18 28 27 29 21 28 28 28 29 29 29      70000      14000 
13257	 184000	0 14 1 25 2 17 3 22 4 13 5 28 6 16 7 19 29 28 9 15 21 16 11 28 12 18 13 17 14 20 15 29 16 19 17 11 18 29 19 20 20 28 27 21 22 22 23 12 23 28 24 23 24 25 24 24 10 9 25 25 25 25 26 25 26 26 26 25 27 25 27 29 8 10 28 27 29 21 28 28 28 29 29 29      66000      16400 
0	2550000	22 15 1 0 2 3 2 4 3 8 4 9 5 9 12 10 17 10 6 15 7 13 18 14 11 14 12 16 13 19 13 19 17 20 18 20 19 21 20 21 16 22 21 23 21 23 23 24 24 24 26 24 26 24 26 24 26 25 26 25 27 25 28 25 28 25 28 27 29 27 29 27 29 27 29 27 29 28 29 28 29 28 29 29      72000      63000 
198	2025000	16 10 4 0 7 0 3 8 9 14 7 5 7 19 8 10 17 21 25 15 13 11 5 11 26 20 20 20 2 13 22 9 6 15 23 12 18 12 24 12 23 12 21 19 14 25 24 25 10 19 27 22 25 26 27 24 27 26 1 24 26 25 27 25 27 28 27 25 28 27 28 28 29 28 29 26 29 29 29 29 29 29 29 29      81000      40500 
693	1611500	5 10 21 0 2 19 11 18 9 28 4 6 3 23 20 7 12 9 6 15 9 15 18 10 26 12 19 18 13 13 1 16 22 18 6 13 7 20 24 16 17 22 19 23 17 24 21 23 11 23 3 24 14 24 25 26 0 27 26 24 8 22 27 25 27 28 26 25 28 26 27 26 29 27 29 14 29 28 29 28 29 29 25 29      63000      47250 
1287	1526000	8 14 1 0 2 0 10 4 24 18 8 6 5 11 3 18 9 12 15 4 9 16 13 1 26 8 19 11 15 12 19 17 21 20 6 20 2 18 17 14 7 19 19 16 14 24 24 21 24 22 27 23 25 22 13 23 25 24 26 25 26 23 28 25 10 28 27 26 27 26 28 26 28 27 28 27 29 26 29 28 29 29 29 29      63000      45000 
1386	1371000	29 10 15 0 19 12 7 2 3 12 10 22 6 9 28 10 14 11 15 1 9 16 13 2 3 12 7 18 20 13 21 4 16 18 6 13 2 20 18 16 17 22 11 19 17 21 24 23 24 23 26 5 14 24 25 24 0 27 26 24 8 24 0 25 23 25 27 8 29 26 27 28 29 27 29 27 29 26 29 28 29 28 25 28      40500      63000 
1584	1325000	3 14 1 7 21 17 17 7 5 19 10 5 3 11 10 2 21 9 28 16 6 11 27 15 4 12 20 0 28 12 8 9 15 14 13 16 2 12 18 2 22 19 18 20 14 13 24 24 24 24 26 22 25 19 23 23 0 23 27 25 26 25 27 25 2 26 11 25 28 26 28 26 29 27 29 27 29 26 29 28 29 29 29 28      63000      40500 
2871	1321000	17 14 28 0 6 10 17 9 25 22 5 10 2 9 0 29 23 13 1 16 13 7 15 11 11 9 18 9 15 13 21 16 28 18 13 20 7 12 3 20 22 24 19 20 14 21 12 21 24 23 13 22 8 19 26 23 25 24 26 24 4 25 27 25 27 25 27 26 27 24 27 26 28 27 29 27 29 26 29 28 29 28 29 28      63000      40500 
3069	1307000	17 14 28 0 6 10 17 9 25 22 5 10 2 9 0 3 23 13 1 16 13 7 15 11 11 9 18 9 15 13 21 16 28 18 13 20 7 12 3 20 22 24 19 20 14 21 12 21 24 23 13 22 8 19 26 23 25 24 26 24 4 25 27 25 27 25 27 26 27 24 27 26 28 27 29 27 29 26 29 28 29 28 29 28      63000      40500 
5040	1281000	0 9 1 10 2 11 3 12 4 13 5 4 6 27 7 14 8 15 9 7 10 29 28 16 21 17 13 17 14 4 15 18 16 19 17 29 18 20 19 20 20 21 12 21 22 22 23 22 24 23 24 23 25 19 11 24 25 24 25 25 25 25 26 25 26 26 26 26 27 26 27 27 27 27 28 27 28 28 28 28 29 29 29 29      70000      33500 
5436	1275000	0 14 1 10 2 11 3 0 8 13 5 4 6 14 7 14 11 15 9 15 10 16 11 29 21 17 13 17 29 4 15 18 16 19 17 19 18 20 19 20 20 21 21 21 22 21 12 22 23 23 24 23 24 24 11 24 25 24 25 25 25 25 26 25 26 26 27 26 27 26 27 27 27 27 28 27 29 28 28 28 28 29 29 29      72000      31500 
5535	1110000	27 9 1 14 2 10 3 12 4 13 5 13 6 14 7 14 8 9 9 15 10 16 11 16 21 17 13 15 29 18 15 18 28 8 17 19 18 20 19 20 20 21 21 20 22 22 12 22 23 23 24 23 0 24 24 24 25 29 25 24 25 25 4 25 26 26 26 26 27 26 27 16 29 27 11 27 28 28 28 28 28 29 29 29      63000      36000 
5832	1096000	27 9 1 14 2 10 3 12 4 13 5 13 6 14 7 14 8 9 9 15 10 16 11 16 21 17 13 15 29 5 15 18 28 8 17 19 18 20 19 20 20 21 21 20 22 22 12 22 23 23 24 23 0 24 24 24 25 29 25 24 25 25 4 25 26 26 26 26 27 26 27 16 29 27 11 27 28 28 28 28 28 29 29 29      63000      36000 
6327	1092000	24 24 1 8 2 11 3 12 27 2 5 13 29 14 7 14 8 15 9 15 10 16 11 16 23 17 13 15 14 6 15 18 28 8 17 19 18 20 19 20 20 21 21 20 22 22 12 22 6 23 23 23 0 24 24 24 25 29 11 25 25 25 4 25 26 26 26 26 27 26 27 16 29 27 11 27 28 28 28 28 28 29 29 29      72000      27000 
6822	 914000	8 2 1 5 2 24 3 12 13 8 5 16 6 14 11 14 4 9 9 15 10 16 11 10 25 17 13 15 28 6 15 18 16 14 17 19 18 8 19 20 20 5 21 21 22 22 12 22 23 23 24 23 23 24 24 24 0 24 7 25 25 25 26 25 26 26 27 26 27 26 27 15 29 27 29 14 28 28 28 28 28 29 29 29      69000      23000 
7218	 820000	5 2 1 14 2 24 3 12 13 14 8 16 6 14 27 14 4 9 9 15 10 21 29 10 25 17 13 15 29 6 15 4 16 23 17 19 18 20 19 18 20 5 21 20 22 22 12 22 23 23 24 23 0 24 24 24 25 24 7 25 25 25 26 25 26 26 26 26 27 26 27 15 29 27 11 27 28 28 28 28 28 29 29 11      69000      22500 
9198	 755000	5 17 1 14 2 0 3 0 13 14 8 29 6 14 27 14 4 9 29 15 10 28 29 13 9 1 21 15 7 10 15 18 16 23 17 19 18 26 19 20 20 5 21 20 22 22 12 22 23 23 24 23 0 24 24 24 25 24 25 24 25 25 4 25 26 26 26 26 27 26 27 16 29 12 11 27 28 28 28 28 28 29 29 11      67500      22500 
9495	 726800	24 0 1 25 2 24 3 0 27 14 8 16 6 14 27 26 4 28 9 26 10 25 29 13 21 23 13 15 29 10 15 18 16 23 17 19 18 20 19 19 20 5 21 20 22 22 12 22 23 23 5 23 0 24 24 24 25 24 7 25 25 25 26 25 14 26 26 26 27 26 17 16 29 27 11 27 28 28 28 28 28 29 29 29      72000      17200 
12267	 721200	5 23 1 28 2 24 3 0 24 19 8 25 6 14 21 26 27 28 9 21 10 22 29 13 14 23 13 15 29 18 15 18 16 23 17 19 18 25 19 20 20 5 21 20 22 22 12 22 23 17 5 23 0 24 24 24 25 24 7 25 25 25 4 25 26 26 26 26 27 26 27 16 29 27 11 27 28 28 28 28 28 29 29 24      72000      17200 
13653	 703600	16 17 1 25 2 24 3 3 24 28 8 24 6 14 21 26 19 28 9 12 10 23 29 13 14 23 13 15 29 16 15 18 27 23 17 19 18 25 19 20 20 5 21 20 22 22 12 22 23 17 5 23 0 24 24 24 25 24 7 25 25 25 4 25 26 26 26 26 27 26 27 16 29 27 11 27 28 28 28 28 28 29 29 29      72000      17200 
15039	 623336	27 23 1 26 2 24 3 21 24 19 8 25 6 14 15 10 11 17 9 24 10 27 29 13 14 23 13 24 29 18 15 18 16 23 17 19 18 25 19 20 20 5 21 20 22 22 12 22 23 23 5 23 0 24 24 24 25 24 7 25 25 25 4 25 26 26 26 26 27 26 27 16 29 27 28 27 28 26 28 28 28 21 29 29      72000      14334 
0	2214000	3 0 4 1 5 1 5 2 6 2 6 4 7 10 8 13 8 13 10 15 11 15 12 15 12 15 14 16 14 16 17 17 18 18 19 19 20 20 20 21 21 21 23 21 23 22 24 22 24 22 26 23 26 24 26 24 26 24 9 24 27 25 27 25 28 25 28 25 28 26 29 27 29 27 29 27 29 28 29 28 29 28 29 29      72000      54000 
891	2198000	0 4 2 0 3 1 10 3 6 5 6 18 12 22 19 17 24 13 16 5 11 8 12 5 13 15 15 13 12 10 20 21 9 16 24 15 19 20 14 14 20 5 16 23 18 20 21 23 22 22 25 23 26 17 27 24 26 23 27 24 12 25 9 25 27 25 19 27 28 23 7 26 28 26 28 28 11 28 29 28 29 29 29 29      63000      63000 
1485	2184000	6 3 20 0 26 23 5 23 6 17 23 15 14 8 1 13 18 8 10 4 2 8 12 5 1 8 19 16 21 27 17 11 19 5 20 10 14 13 18 13 11 15 16 22 23 2 12 23 7 23 21 23 26 22 9 24 26 25 25 9 28 24 27 25 28 25 27 23 28 28 24 26 29 27 28 27 24 28 29 28 29 28 29 29      63000      63000 
1881	1677500	13 4 20 22 3 14 6 3 21 2 6 17 0 13 9 17 8 9 12 5 11 2 1 9 29 15 8 13 10 2 14 17 22 13 24 17 19 20 18 14 20 2 7 20 23 20 16 23 24 23 25 23 26 17 26 23 26 23 27 24 15 25 5 25 25 25 28 25 27 26 27 27 16 27 28 28 29 28 29 28 29 28 4 29      94750      17500 
3663	 936000	8 4 20 22 3 2 6 10 26 22 27 15 0 13 25 13 21 13 12 5 9 2 1 5 29 16 15 13 10 15 14 17 11 22 24 17 19 19 18 14 20 2 7 22 23 20 16 23 24 22 21 23 18 17 26 23 26 23 0 24 27 25 5 25 17 25 28 25 27 26 28 27 25 27 28 28 24 28 29 29 29 3 4 29      72000      21000 
5931	 928000	0 9 1 10 2 11 3 29 4 13 5 10 6 14 7 14 10 15 9 21 5 11 29 16 21 14 13 17 8 11 15 18 16 12 17 19 19 20 18 20 20 21 21 21 22 22 23 22 23 23 24 23 24 24 24 24 25 24 12 25 25 25 26 25 26 26 26 26 27 26 27 27 27 27 29 27 28 28 28 28 28 29 29 29      66000      27000 
6129	 910800	0 20 1 10 2 28 3 24 4 13 5 17 6 14 7 28 8 29 9 15 2 16 11 16 12 24 13 4 14 18 15 18 16 19 17 19 18 20 19 20 20 10 21 21 22 22 23 23 23 23 24 23 10 24 24 24 25 24 25 25 25 25 26 25 26 26 26 26 27 26 27 27 27 27 28 28 28 28 29 28 29 29 29 29      72000      21600 
6921	 850000	0 20 1 10 2 11 3 1 4 13 11 13 6 14 7 28 8 28 9 15 10 25 13 16 26 11 12 17 14 18 15 18 16 12 17 19 18 29 19 20 20 23 21 21 22 22 5 22 23 23 4 23 24 24 24 24 25 24 19 25 25 25 26 25 9 26 26 26 27 26 27 27 27 27 28 28 28 28 29 28 29 29 29 29      63000      27000 
12249	 814000	0 2 29 10 2 28 3 14 4 13 5 11 26 27 7 1 8 13 9 15 29 16 11 16 12 17 24 26 14 18 15 18 17 19 6 19 18 6 19 20 20 21 21 21 22 22 23 22 23 23 24 23 10 24 24 24 25 24 4 25 25 25 1 25 26 26 26 25 27 26 27 27 16 27 13 27 28 28 28 28 28 29 29 29      72000      18000 
14229	 798000	0 9 29 10 2 28 3 14 22 13 5 11 26 27 7 1 8 13 9 15 29 16 11 16 12 17 24 26 14 11 15 18 17 19 6 19 18 6 19 20 20 21 21 21 22 22 23 22 23 23 24 23 10 24 24 24 25 24 4 25 25 25 1 25 26 26 26 25 27 26 27 27 16 27 13 27 28 28 28 28 28 29 29 29      72000      18000 
14823	 770000	0 9 29 10 2 28 3 14 27 13 5 5 26 27 7 1 8 13 9 15 29 16 11 16 12 17 24 26 14 11 15 18 17 19 6 19 18 6 19 20 20 21 21 21 22 22 23 22 23 23 24 23 10 24 24 24 25 24 4 25 25 25 1 25 26 26 26 25 27 26 27 27 16 27 13 27 28 28 28 28 28 29 29 29      76500      13500 
0	2610000	2 1 2 1 3 1 4 6 4 8 5 8 6 8 7 10 11 10 9 10 12 13 13 14 14 14 15 16 15 16 17 18 18 20 19 20 23 21 24 21 24 22 25 22 25 23 25 23 25 23 0 24 26 24 26 24 27 24 27 25 27 26 27 27 27 28 28 28 28 28 28 28 29 28 29 28 29 28 29 28 29 29 29 29      90000      45000 
99	2566000	0 1 2 3 3 3 4 3 6 6 10 7 8 9 12 9 21 11 13 11 17 13 17 13 18 8 19 14 19 16 20 16 14 16 22 19 20 19 23 23 22 21 24 24 24 23 5 23 25 25 25 25 27 26 27 24 27 26 27 26 25 26 27 26 26 26 27 15 28 27 29 28 29 29 18 28 29 28 29 15 29 28 29 29      72000      63000 
297	1818000	24 2 2 0 20 4 7 9 4 3 5 5 8 9 6 14 1 13 10 11 3 12 17 15 13 14 17 15 10 16 20 17 19 18 19 18 23 21 21 21 23 22 21 23 25 19 25 24 24 21 27 11 26 23 16 25 28 23 26 26 26 24 22 26 29 26 28 26 12 25 27 27 28 27 29 29 29 28 29 28 29 28 29 29      63000      54000 
1485	1262000	9 2 25 0 2 3 22 15 7 7 5 25 8 17 6 14 3 13 10 3 1 12 12 15 13 15 14 15 16 16 25 17 11 20 19 0 23 21 23 19 23 21 15 18 24 23 23 1 24 21 24 0 20 23 26 17 27 23 18 25 26 26 22 25 27 26 4 27 28 26 0 27 28 27 29 29 29 28 29 28 29 28 29 28      72000      30000 
3159	1223600	0 9 1 10 2 11 3 12 4 13 5 13 6 29 7 14 8 15 9 29 10 16 22 16 12 17 5 17 14 29 15 18 16 19 17 19 18 20 19 20 20 21 21 21 11 22 23 22 23 23 13 23 24 24 24 24 25 24 25 25 25 25 26 25 26 26 26 26 27 26 27 27 27 27 28 27 28 28 28 28 28 29 29 29      63000      37800 
3951	1029000	0 9 1 10 14 11 8 12 12 13 5 13 6 14 7 14 2 28 9 3 15 16 10 16 12 12 13 17 29 4 15 18 16 19 17 19 18 20 23 19 20 21 21 21 22 22 23 22 23 23 24 23 11 24 24 24 8 24 25 25 25 25 4 25 26 26 26 26 27 26 27 27 3 27 28 27 28 28 28 28 29 29 29 29      63000      31500 
4050	 934000	0 9 1 5 2 11 3 12 4 23 9 13 6 12 7 14 8 15 5 29 10 1 11 16 12 17 13 4 14 5 15 18 16 19 17 0 18 20 19 20 20 6 21 21 24 22 23 22 23 21 24 22 24 24 26 24 25 24 25 25 25 25 28 25 26 10 26 26 27 26 27 27 27 27 29 29 28 28 28 28 29 29 29 29      64000      30000 
4149	 882000	0 3 1 10 28 11 3 12 10 7 5 13 6 4 7 14 8 15 9 3 23 28 11 16 12 29 13 17 14 18 15 18 16 19 17 19 18 9 19 20 20 21 26 21 22 22 4 22 23 21 24 23 24 24 24 24 25 24 25 25 25 29 26 25 24 26 26 27 27 26 27 27 28 27 2 29 29 28 28 28 28 29 29 29      63000      30000 
5139	 784000	0 23 2 10 13 22 3 12 10 23 5 13 6 26 7 14 1 15 9 29 11 9 11 16 12 17 13 4 14 8 15 18 16 8 29 19 18 20 19 20 20 8 21 21 22 22 17 22 23 21 24 23 24 2 24 24 25 24 25 25 25 25 4 25 26 26 26 26 27 26 27 27 28 27 28 27 28 28 28 28 29 29 29 29      63000      27000 
7713	 764000	0 23 2 10 13 22 3 12 10 23 5 13 6 26 7 14 1 15 9 29 11 9 11 16 12 17 29 4 14 8 15 18 16 8 29 19 18 20 19 20 20 8 21 21 22 22 17 22 23 21 24 23 24 2 24 24 25 24 25 25 25 25 4 25 26 26 26 26 27 26 27 27 28 27 28 27 28 28 28 28 29 29 29 29      63000      27000 
11367	 696000	0 9 1 10 2 11 3 12 4 24 5 13 16 2 7 14 8 26 9 15 10 16 11 7 12 27 13 17 14 18 15 29 29 19 17 19 18 20 19 20 20 21 21 21 22 22 23 22 23 23 6 23 24 24 24 24 25 24 25 25 25 25 26 25 26 26 29 26 27 26 27 27 28 27 28 27 28 28 28 28 28 29 29 29      63000      26000 
0	2594000	0 3 1 4 6 5 7 11 9 11 10 11 12 12 8 14 13 15 13 16 14 16 15 16 17 16 18 17 18 19 19 19 20 20 22 20 24 21 25 21 25 22 2 22 26 22 26 23 26 23 26 23 27 24 27 24 27 24 28 25 28 25 29 26 29 27 29 27 29 27 29 27 29 27 29 28 29 28 29 28 29 28 29 28      72000      63000 
198	2394000	12 1 19 2 0 2 5 3 23 4 8 7 7 8 11 10 11 6 13 10 14 9 15 10 18 11 14 12 9 24 15 15 15 19 6 14 16 16 24 17 24 18 19 17 20 22 25 20 21 21 22 24 22 25 27 25 23 25 13 26 28 25 27 26 27 26 25 26 29 26 28 27 29 27 29 27 29 28 29 28 29 29 29 28      67500      63000 
495	2369000	6 18 1 2 4 2 2 1 25 18 14 3 12 11 7 12 22 6 10 8 17 10 0 10 9 10 13 8 19 13 14 17 20 16 16 20 14 19 23 23 23 22 19 23 21 17 24 24 5 25 24 23 22 11 27 25 25 25 27 26 4 24 26 26 15 26 28 27 29 26 28 27 27 27 29 28 3 28 29 28 29 28 29 29      90000      40500 
891	2186000	5 1 21 5 17 14 2 3 3 8 27 8 4 14 11 18 13 15 13 2 11 3 20 16 12 10 13 20 9 23 13 18 20 10 7 13 23 19 7 22 24 22 19 16 21 24 25 23 26 23 24 23 26 25 23 25 6 24 24 25 15 24 17 26 26 27 28 27 20 27 0 26 29 26 29 28 29 28 29 28 29 29 29 28      72000      54000 
2079	2104000	5 6 8 5 1 2 15 16 3 6 27 8 2 21 11 18 22 15 21 21 11 3 20 0 12 10 13 20 4 23 9 18 17 10 7 13 23 19 7 22 28 22 19 16 14 24 25 20 26 23 24 23 26 24 27 25 27 24 24 25 15 25 17 26 26 26 28 27 20 26 0 27 29 26 29 28 29 28 29 28 29 29 29 28      81000      42000 
2376	1822000	7 9 25 4 3 11 10 6 17 8 0 3 15 6 28 18 10 23 13 8 16 5 12 14 7 18 13 22 12 14 15 11 1 22 12 20 18 19 23 19 21 15 19 16 10 21 23 20 24 23 2 24 25 24 27 24 25 24 17 24 25 25 26 26 28 26 5 27 20 26 9 26 2 27 29 27 29 28 29 28 29 28 29 28      54000      63000 
2475	1631000	1 9 18 5 28 16 10 2 3 8 27 8 2 14 6 18 16 15 21 21 11 5 12 0 25 10 13 12 4 6 19 15 20 20 7 0 23 19 20 22 24 22 19 16 14 17 23 20 22 23 24 23 26 27 27 24 25 24 20 24 25 24 17 26 26 26 28 27 20 26 9 26 3 26 15 28 29 28 29 28 29 29 29 28      81000      31500 
3069	1482000	28 9 7 13 2 14 10 16 0 1 28 8 9 14 24 18 5 9 3 8 12 3 12 21 1 10 14 11 15 19 19 18 20 22 7 13 4 21 20 22 24 15 28 16 14 17 25 23 26 23 24 23 24 25 27 25 6 25 8 25 15 25 17 26 26 26 23 27 20 27 0 27 11 26 29 27 29 28 29 28 29 29 29 28      63000      45000 
3960	1287000	14 19 17 12 17 18 10 7 1 7 0 9 28 8 6 12 27 2 15 21 15 5 16 25 21 6 14 11 4 23 11 15 1 10 7 13 23 21 20 22 24 15 19 16 21 3 18 20 22 23 24 24 7 25 27 25 0 24 13 25 15 24 17 4 26 26 27 27 20 27 9 26 2 26 29 28 29 28 29 28 29 29 29 28      40500      63000 
4851	1086000	9 28 18 10 2 16 28 17 6 12 5 3 13 13 29 3 24 6 24 21 26 3 4 2 1 9 14 11 15 23 15 18 20 12 7 13 16 19 18 22 14 15 19 16 21 21 23 28 22 23 10 24 24 27 27 25 25 25 13 24 25 25 17 26 26 26 23 27 20 27 0 26 27 26 8 28 29 28 11 28 29 29 29 28      63000      36000 
6723	 798000	0 9 1 10 2 11 3 12 4 2 5 13 6 14 7 14 8 15 9 29 29 16 11 29 12 17 13 17 14 18 15 18 16 19 17 19 18 20 19 20 20 21 21 21 22 22 23 22 23 23 24 23 24 24 24 24 25 24 25 25 25 25 10 25 26 26 26 26 27 26 27 27 27 29 28 27 28 28 28 28 28 29 29 29      63000      27000 
9099	 794000	0 29 1 10 2 14 3 2 4 10 5 13 6 14 23 9 8 0 9 29 7 16 11 19 12 17 13 26 10 9 15 18 16 1 17 19 18 29 19 20 20 21 21 21 22 22 23 22 14 23 24 23 24 26 24 24 25 24 25 25 25 25 10 15 26 26 26 26 27 26 27 27 27 29 28 27 28 28 29 28 28 29 29 29      72000      18000 
9297	 728250	0 24 1 2 2 11 3 26 4 13 5 13 6 14 7 14 8 15 9 13 29 16 11 29 12 17 13 0 14 3 15 18 16 19 17 19 18 20 19 20 20 21 21 21 22 22 23 22 23 23 24 23 24 24 24 24 25 24 25 25 25 25 10 25 26 26 26 26 27 26 27 27 27 29 28 27 28 28 29 28 28 29 29 29      74250      14625 
9594	 598000	0 9 1 10 2 26 3 2 4 29 5 13 6 20 7 14 8 25 9 29 29 16 11 16 12 17 28 26 14 15 15 18 16 19 17 19 18 12 19 20 20 21 21 21 22 22 23 22 23 23 24 23 24 24 24 25 25 24 13 25 25 25 10 25 26 26 26 26 27 26 27 27 27 27 28 27 28 28 29 28 28 29 29 29      72000      14000 
10188	 566000	0 10 1 13 2 22 3 26 4 28 5 29 6 14 7 11 8 15 9 26 29 9 11 26 12 17 13 25 14 29 15 18 16 19 17 19 18 20 19 20 20 21 21 21 22 22 23 22 23 23 24 13 24 24 24 24 25 24 25 25 25 25 10 25 26 26 26 26 27 26 27 16 27 29 28 27 28 28 29 28 28 29 29 29      72000      14000 
10782	 562000	0 1 1 28 2 15 3 26 4 13 5 12 6 11 7 14 8 15 9 14 29 16 11 7 12 17 13 26 14 29 15 18 16 19 17 19 18 20 19 20 20 21 21 21 22 22 23 22 23 23 24 23 24 26 24 28 25 24 25 25 25 25 10 25 26 26 26 26 27 26 27 27 27 29 28 27 28 28 29 28 28 29 29 29      72000      14000 
10881	 546000	0 16 1 28 2 11 3 26 4 13 5 12 6 11 7 14 8 15 9 14 29 29 11 25 12 17 13 26 14 9 15 18 16 19 17 19 18 20 19 20 20 21 21 21 22 22 23 22 23 23 24 13 24 26 24 28 25 24 25 25 25 25 10 25 26 26 26 26 27 26 27 27 27 29 28 27 28 28 29 28 28 29 29 29      72000      14000 
11376	 525200	0 1 1 26 2 29 3 26 4 13 5 29 6 14 7 11 8 15 9 12 29 13 11 26 12 20 13 28 14 17 15 18 16 19 17 19 18 12 19 20 20 21 21 21 22 22 23 22 23 16 24 23 24 18 24 28 25 24 25 25 25 25 10 28 26 26 26 26 27 26 27 27 27 29 28 27 28 28 29 28 28 29 29 29      72000      12800 
13356	 519716	0 13 1 26 2 29 3 28 4 13 5 16 6 14 7 11 8 15 9 26 29 29 11 26 12 17 13 28 14 29 15 18 16 19 17 19 18 20 19 20 20 21 21 21 22 22 23 22 23 16 24 23 24 26 24 28 25 24 25 25 25 25 10 25 26 26 26 26 27 26 27 27 27 29 28 27 28 28 29 28 28 29 29 29      72000      12286 
13653	 501200	0 10 1 26 2 29 3 28 4 13 5 17 6 14 7 11 8 15 9 26 29 13 11 26 12 15 13 28 14 29 15 18 16 19 17 19 18 20 19 20 20 21 21 21 22 22 23 22 23 16 24 23 24 18 24 28 25 24 25 25 25 25 10 25 26 26 26 26 27 26 27 27 27 29 28 12 28 28 29 28 28 29 29 29      72000      12800 
13950	 491144	0 10 1 26 2 29 3 27 4 13 5 17 6 14 7 11 8 15 9 26 29 13 11 26 12 15 13 28 14 29 15 18 16 19 17 19 18 20 19 20 20 21 21 21 22 22 23 22 23 16 24 23 24 26 24 28 25 24 25 25 25 28 10 28 26 26 26 26 27 26 27 27 27 29 28 12 28 28 29 28 28 29 29 29      72000      12286 
14346	 155200	0 19 1 26 2 28 3 13 4 14 5 10 6 14 7 11 8 12 9 29 29 13 11 26 12 24 13 16 14 17 15 18 16 15 17 19 18 20 19 20 20 21 21 21 22 22 23 22 23 16 24 23 24 26 24 28 25 24 25 15 25 28 10 25 26 26 26 26 27 26 27 27 27 29 28 9 28 28 29 28 28 29 29 29      66000      16400 
15534	 133600	0 28 1 9 2 23 3 29 4 25 5 17 6 26 7 10 8 28 9 29 29 13 11 26 12 14 13 16 14 22 15 18 16 19 17 19 18 20 19 20 20 21 21 21 22 22 23 24 23 16 24 23 24 26 24 28 25 24 25 15 25 28 10 25 26 26 26 26 27 26 27 27 27 29 28 12 28 11 29 28 28 29 29 29      66000      16400 
0	2092000	1 2 2 3 3 5 4 5 5 6 6 7 9 7 9 8 10 8 10 11 12 11 13 13 14 15 17 15 0 16 18 16 20 16 20 17 21 18 22 19 22 19 22 19 23 19 23 21 24 23 25 24 25 24 25 24 25 26 25 26 25 26 26 26 26 27 26 27 27 28 27 28 28 28 28 28 28 29 29 29 29 29 29 29      81000      42000 
1089	1818000	1 3 0 1 3 2 7 0 2 4 15 6 8 8 14 14 10 4 12 8 11 19 13 13 5 18 21 22 16 16 15 17 23 19 21 17 22 18 23 23 22 15 24 23 23 19 24 20 25 20 18 24 25 21 25 24 24 25 25 25 9 6 27 26 26 26 26 27 10 26 28 28 28 27 27 28 9 29 29 27 29 28 29 29      72000      45000 
2376	1645000	3 4 0 1 23 8 29 9 2 4 14 6 1 22 14 28 10 10 12 17 11 19 13 13 5 18 0 15 16 8 18 17 20 16 21 17 22 18 23 23 22 15 22 23 23 19 24 20 23 19 25 24 28 21 25 24 24 25 25 25 9 26 27 26 26 27 26 27 10 6 7 28 28 27 29 28 29 29 29 27 29 28 29 29      72000      40500 
2772	1269000	10 8 16 5 11 2 27 10 2 4 9 0 20 3 7 14 7 4 5 8 11 19 16 21 5 18 12 22 12 16 19 17 13 25 15 17 21 13 14 23 5 15 22 23 23 19 24 18 25 20 24 24 18 22 29 24 24 25 25 24 9 6 27 26 26 26 27 27 1 26 1 28 28 28 28 26 28 29 29 27 29 28 29 29      40000      63500 
4446	 718250	0 9 1 10 2 11 3 12 4 13 5 29 6 22 7 14 8 15 9 15 10 27 11 16 12 17 13 17 14 18 15 18 16 19 17 19 18 20 29 20 20 21 21 21 22 22 23 22 23 23 24 23 24 24 24 24 25 24 25 25 25 25 26 25 26 26 26 26 27 26 19 27 27 27 28 27 28 28 28 28 29 29 29 29      74250      14625 
9180	 598000	0 9 1 10 2 11 3 12 4 13 5 29 6 14 7 14 8 28 9 15 10 16 11 16 12 17 13 17 14 18 15 18 16 19 17 19 18 20 19 20 20 21 21 21 22 22 23 22 23 23 29 24 24 24 24 24 25 24 25 25 25 25 26 25 26 26 26 26 27 26 27 27 27 29 29 27 28 28 28 28 28 29 29 29      70000      16750 
9972	 590000	0 9 1 25 2 11 3 10 4 13 5 14 6 19 7 14 8 12 9 17 10 29 11 16 12 17 13 1 14 18 15 25 16 28 17 19 18 20 19 20 20 21 21 21 22 22 23 22 23 23 24 23 24 24 24 15 29 24 25 25 25 25 26 25 26 26 26 26 27 26 27 27 27 27 29 27 28 28 28 28 28 29 29 29      70000      15000 
11160	 578000	0 22 1 25 2 28 3 10 4 13 5 18 6 14 7 5 8 15 9 15 10 29 11 25 12 17 13 16 14 18 15 25 16 28 17 19 18 20 19 20 20 21 21 21 22 22 23 29 23 23 24 23 24 24 24 19 29 24 25 25 25 25 26 25 26 26 26 26 27 26 27 27 27 27 29 27 28 28 28 28 28 29 29 29      72000      14000 
13437	 570000	0 22 1 25 2 28 3 12 4 13 5 18 6 14 7 5 8 25 9 15 10 29 11 26 12 17 13 16 14 18 15 25 16 28 17 19 18 20 19 20 20 21 21 21 22 22 23 29 23 23 24 23 24 24 24 19 29 24 25 25 25 25 26 25 26 26 26 26 27 26 27 27 27 29 29 27 28 28 28 28 28 29 29 29      72000      14000 
13635	 530000	0 22 1 25 2 28 3 11 4 13 5 14 6 25 7 9 8 16 9 15 10 25 11 12 12 17 13 28 14 24 15 25 16 28 17 19 18 20 19 20 20 21 21 21 22 22 23 22 23 18 24 23 24 24 24 19 29 29 25 25 25 25 26 25 26 26 26 26 27 26 27 27 27 29 29 27 28 28 28 28 28 29 29 29      72000      12800 
13734	 501200	0 22 1 25 2 25 3 12 4 13 5 25 6 14 7 17 8 25 9 15 10 28 11 25 12 17 13 16 14 18 15 28 16 19 17 11 18 20 19 20 20 21 21 21 22 22 23 29 23 29 24 23 24 24 24 19 29 9 25 25 25 25 26 28 26 26 26 26 27 26 27 27 27 29 29 27 28 28 28 28 28 29 29 29      72000      12800 
13833	 186000	0 22 1 10 2 25 3 12 4 13 5 25 6 14 7 17 8 15 9 15 10 29 11 25 12 17 13 16 14 18 15 28 16 19 17 11 18 20 19 20 20 21 21 21 22 22 23 29 23 29 24 23 24 24 24 19 29 9 25 25 25 25 26 28 26 26 26 26 27 26 27 27 27 29 29 27 28 28 28 28 28 29 29 29      66000      16500 
0	1834000	1 0 5 5 6 8 7 17 9 8 10 9 11 9 11 10 4 12 13 12 14 13 15 13 16 15 16 17 16 18 4 18 26 18 21 18 22 19 22 19 23 19 23 20 2 21 24 28 24 23 3 23 26 23 26 24 27 24 27 24 27 24 20 25 28 25 29 25 29 25 29 25 29 26 29 27 29 27 29 28 29 28 14 28      63000      54000 
99	1478000	1 1 7 3 8 3 8 4 9 4 9 13 10 5 25 5 12 5 13 8 2 10 0 11 16 11 17 12 17 12 18 13 18 13 19 13 19 14 21 15 22 16 22 18 23 19 23 19 23 20 23 20 6 21 24 21 24 25 24 26 24 26 25 26 25 27 26 27 27 28 27 26 28 28 28 14 28 29 29 29 29 29 15 29      63000      45000 
1476	1356000	0 9 1 10 2 11 2 16 3 13 5 13 6 14 7 14 8 15 9 12 10 16 11 16 12 17 5 12 14 16 15 18 16 19 17 19 17 20 19 20 20 18 21 21 22 22 4 23 23 23 24 21 24 25 24 24 0 25 25 25 27 25 26 25 26 26 26 26 27 26 28 27 27 27 28 27 29 28 29 28 28 29 29 29      63000      40500 
1872	 920000	23 9 1 10 2 1 10 16 3 13 5 13 6 14 7 18 11 15 9 12 26 16 8 16 12 17 29 17 14 18 15 18 16 19 17 19 17 20 19 20 20 18 21 21 22 22 4 22 23 23 24 21 24 24 24 24 0 24 25 25 25 25 26 25 29 26 26 26 27 26 27 27 13 27 28 27 28 28 29 28 28 29 29 29      72000      21000 
6219	 806000	23 11 15 25 2 17 1 12 3 24 5 13 6 8 7 5 9 14 10 10 29 16 11 16 12 9 13 29 28 18 15 18 16 19 17 19 18 0 19 20 20 8 21 21 22 22 4 22 23 23 24 23 24 24 14 24 0 24 25 25 25 25 26 25 8 26 26 26 27 26 27 28 27 27 28 27 28 28 29 28 28 29 29 29      63000      27000 
7506	 750000	23 11 15 25 2 17 1 12 3 24 5 13 6 8 7 26 9 14 10 10 29 16 11 16 12 9 13 29 28 18 15 18 16 19 17 19 18 0 19 20 20 8 21 21 22 22 4 22 23 23 24 23 24 24 14 24 0 24 25 25 25 25 26 25 8 26 26 26 27 26 27 28 27 27 28 27 28 28 29 28 28 29 29 29      65000      25000 
9783	 730000	23 11 15 25 2 17 1 12 3 24 5 13 6 13 7 26 9 14 10 10 29 16 11 16 12 9 13 29 28 29 15 18 16 19 17 19 18 0 19 20 20 8 21 21 22 22 4 22 23 23 24 23 24 24 14 24 0 24 25 25 25 25 26 25 8 26 26 26 27 26 27 28 27 27 28 27 28 28 29 28 28 29 29 29      65000      25000 
11070	 720000	23 11 15 25 2 17 1 12 3 6 5 13 6 13 7 26 9 14 10 10 29 24 11 16 12 9 13 29 28 29 15 18 16 19 17 19 18 0 19 20 20 8 21 21 22 22 4 22 23 23 24 23 24 24 14 24 0 24 25 25 25 25 26 25 8 26 26 26 27 26 27 27 27 27 28 27 28 28 29 28 28 29 29 29      65000      25000 
11862	 694000	23 16 15 28 2 17 1 21 3 24 5 13 6 19 7 26 9 25 10 0 29 16 11 26 12 9 13 29 25 14 15 18 16 19 17 19 18 20 19 20 20 8 21 21 22 22 4 22 23 23 24 23 24 24 14 24 0 24 25 25 25 24 26 25 8 26 26 26 27 26 27 27 27 27 28 27 28 28 29 28 28 29 29 29      72000      14000 
11961	 666000	23 16 15 28 2 17 1 21 3 24 5 13 6 19 7 26 9 25 10 28 29 16 11 26 12 9 13 29 25 14 15 18 16 19 17 19 18 20 19 20 20 8 21 21 22 22 4 22 23 23 24 23 24 24 14 24 0 24 25 25 25 24 26 25 8 26 26 26 27 26 27 27 27 27 28 27 28 28 29 28 28 29 29 29      72000      16000 
12159	 654000	23 16 15 28 2 17 1 21 3 24 5 13 6 19 7 26 9 25 10 28 29 12 11 26 12 9 13 29 25 14 15 18 16 19 17 19 18 20 19 20 20 8 21 21 22 22 4 22 23 23 24 23 24 24 14 24 0 24 25 25 25 24 26 25 8 26 26 26 27 26 27 27 27 27 28 27 28 28 29 28 28 29 29 29      72000      16000 
12456	 637334	23 16 15 29 2 24 1 21 3 6 5 13 6 11 7 26 9 25 10 28 29 24 11 26 12 18 13 29 25 14 15 18 16 19 17 19 18 20 19 20 20 26 21 21 22 22 4 17 23 23 24 23 24 24 14 24 0 24 25 25 25 24 26 25 8 26 26 26 27 26 27 27 27 27 28 27 28 28 29 28 28 22 29 29      72000      14333 
12654	 602000	23 17 15 21 2 25 1 16 3 13 5 28 6 17 7 26 9 4 10 12 29 29 11 11 12 28 13 29 24 14 15 18 16 19 17 19 18 20 19 20 20 23 21 21 22 22 4 22 23 23 24 10 24 24 14 24 0 24 25 25 25 25 26 25 8 26 26 26 27 26 27 25 27 26 28 27 28 28 29 28 28 29 29 29      72000      16000 
12951	 574000	23 11 11 29 2 17 1 12 3 10 5 13 6 28 7 21 9 25 10 28 29 28 26 16 12 25 13 25 24 14 15 18 16 19 17 19 18 20 19 20 20 8 21 21 22 22 4 22 23 23 24 15 24 24 14 24 0 24 25 25 25 25 26 25 8 26 26 26 27 26 27 27 27 27 28 27 28 28 29 28 28 29 29 29      72000      14000 
14733	 562000	23 13 11 12 2 17 1 21 3 28 5 28 6 11 7 26 9 25 10 29 29 28 26 16 12 25 13 25 24 14 15 18 16 19 17 19 18 20 19 20 20 29 21 21 22 22 4 22 23 23 24 15 24 24 14 24 0 24 25 25 25 25 26 25 8 26 26 26 27 26 27 27 27 27 28 27 28 28 29 28 28 29 29 29      72000      14000 
15525	 546000	23 9 11 21 2 26 1 12 3 17 5 28 6 11 7 28 9 25 10 25 29 28 26 18 12 25 13 16 24 14 15 19 16 29 17 19 18 20 19 20 20 29 21 21 22 22 4 22 23 23 24 15 24 13 14 24 0 24 25 25 25 25 26 25 8 26 26 26 27 26 27 27 27 27 28 27 28 28 29 28 28 29 29 29      72000      14000 
16218	 515600	23 14 11 29 2 17 1 15 3 28 5 11 6 13 7 28 9 25 10 28 29 28 26 16 12 25 13 25 24 22 15 18 16 19 17 19 18 20 19 20 20 29 21 21 22 22 4 22 23 23 24 15 24 24 14 24 0 14 25 25 25 25 26 25 8 16 26 26 27 17 27 29 27 27 28 27 28 28 29 21 28 29 29 29      72000      12800 
0	2578000	1 0 8 0 8 2 9 2 9 3 12 4 12 5 13 6 15 10 16 11 17 11 17 13 19 14 19 15 20 16 20 7 22 18 22 18 23 18 23 19 23 19 23 20 23 21 23 21 24 21 25 21 27 24 27 24 28 25 28 25 28 25 28 26 29 26 29 26 29 26 29 27 29 27 29 27 29 27 29 27 29 28 29 28      54000      81000 
495	2125000	0 1 6 1 0 2 15 22 6 5 11 2 14 10 8 4 14 9 23 0 21 13 9 19 17 11 18 10 10 21 13 15 19 16 18 20 20 22 24 22 28 22 22 16 7 4 12 23 25 22 26 23 26 23 24 28 3 24 25 26 0 8 27 25 26 26 27 12 29 25 27 27 29 28 29 27 5 28 29 28 29 29 29 28      83250      40500 
594	1630000	3 4 17 23 0 14 21 6 5 18 4 5 11 5 7 1 9 6 11 10 8 20 2 14 1 14 21 15 22 15 25 15 19 15 20 16 18 17 23 22 12 22 24 23 19 12 25 13 23 24 24 24 27 26 27 25 26 25 28 25 27 25 25 27 28 26 29 26 9 27 16 25 29 27 29 28 29 28 13 28 29 28 10 28      63000      48000 
2961	 879200	0 21 1 22 2 11 3 12 4 29 5 13 6 23 7 14 8 9 9 10 10 16 11 16 12 14 14 17 29 18 15 29 19 15 17 19 18 20 19 20 20 21 21 21 22 22 23 22 23 29 24 23 24 24 24 24 25 25 25 25 5 25 26 25 26 26 26 26 27 27 16 25 27 27 28 27 28 28 13 28 28 29 29 29      68400      23400 
3060	 824000	0 9 1 10 2 11 3 17 4 13 5 13 6 14 7 14 8 19 9 27 10 29 11 16 12 15 29 17 14 13 15 18 16 19 17 19 18 20 19 20 20 21 21 21 22 22 23 22 23 23 24 23 24 24 29 24 25 24 13 25 25 25 26 25 26 26 26 26 27 26 27 27 24 27 28 27 28 28 28 28 28 29 29 29      72000      21000 
4644	 804000	0 9 1 10 2 11 3 13 7 5 5 13 6 27 7 17 8 27 14 15 10 29 11 12 12 23 29 14 23 2 15 18 16 19 17 19 18 4 19 20 20 21 21 21 22 22 9 22 23 23 24 23 24 24 29 24 4 24 25 25 25 25 26 25 28 26 26 26 27 26 16 27 27 27 28 25 28 28 13 28 28 29 29 29      63000      27000 
6327	 700000	0 9 1 23 5 24 19 13 7 20 28 22 6 17 23 14 8 1 2 15 10 29 11 16 12 3 29 14 14 2 15 18 16 19 17 19 18 20 3 20 20 21 21 21 22 22 9 22 23 23 24 23 24 24 29 24 4 25 25 25 25 25 26 25 26 26 26 26 27 26 27 24 27 27 28 25 28 28 13 28 28 29 29 29      72000      15750 
16884	 651000	0 29 1 10 2 11 3 12 4 29 5 13 6 14 7 14 8 15 9 26 10 12 11 16 12 17 13 17 14 27 15 18 16 19 17 19 18 20 19 20 20 21 21 21 22 22 23 22 23 28 24 23 24 24 24 24 25 24 25 25 25 25 26 25 26 26 29 26 27 26 27 27 27 27 29 27 28 28 28 28 28 29 29 29      72000      15750 
19260	 600000	0 29 1 10 2 10 3 12 4 24 5 13 11 14 7 14 8 26 9 29 10 9 11 16 12 15 13 17 14 23 15 18 16 19 17 19 18 20 19 20 20 21 21 21 22 22 23 22 23 23 6 23 24 24 29 24 25 24 25 28 25 25 26 25 26 26 29 26 27 26 27 24 27 27 29 28 28 28 28 28 28 29 24 29      70000      17500 
0	2970000	2 0 2 3 4 3 5 6 6 7 7 7 8 10 9 10 9 11 10 11 14 12 15 12 17 13 18 13 19 13 20 14 20 15 21 16 22 17 1 18 23 19 24 19 24 20 25 21 25 22 26 22 26 23 27 24 27 24 27 25 27 25 27 25 27 25 27 26 28 26 28 26 28 28 29 28 29 28 29 28 29 29 29 29      63000      81000 
198	1846000	4 1 4 2 19 4 5 7 10 5 11 6 16 5 0 27 15 8 13 15 17 10 15 11 14 11 9 12 17 11 20 15 23 18 23 13 24 3 21 16 24 18 25 21 24 20 9 19 24 21 12 22 27 22 28 22 28 24 25 25 29 22 28 25 27 23 29 14 29 26 29 26 29 27 29 28 29 26 29 26 29 28 29 28      54000      63000 
792	1652000	5 1 2 25 10 3 17 7 6 4 25 23 3 13 7 7 12 11 9 11 16 13 9 11 17 2 18 16 0 19 14 11 24 20 15 17 4 18 19 16 23 18 25 23 22 20 18 21 25 24 27 1 24 25 26 21 27 25 28 25 8 26 13 23 7 24 26 25 29 22 28 27 21 27 20 28 29 28 29 26 29 28 29 29      81000      30000 
2763	1568000	5 1 2 25 10 3 17 7 6 4 25 28 3 19 7 5 12 11 9 11 16 13 9 11 17 2 18 16 0 19 14 11 24 20 15 17 4 18 19 16 23 18 25 23 22 20 18 21 25 24 27 1 24 25 26 21 27 25 28 25 8 26 13 23 7 24 26 25 29 22 28 27 21 27 20 28 29 28 29 26 29 28 29 29      81000      27000 
3357	1550000	5 9 1 10 2 11 3 12 13 2 5 17 6 14 7 29 8 8 12 21 10 15 11 1 12 17 13 19 1 18 15 14 16 19 15 19 18 20 19 16 20 9 25 21 0 22 23 22 23 23 4 23 24 25 24 24 27 24 25 25 8 25 13 25 26 26 26 26 27 26 27 27 27 27 28 27 29 28 28 28 28 29 29 29      63000      45000 
3555	1186000	0 5 1 10 2 11 3 19 12 13 5 29 4 14 7 14 8 10 9 13 29 13 11 16 18 17 8 29 24 18 6 14 16 19 15 19 10 18 15 16 20 21 21 21 22 22 23 22 23 23 1 8 24 29 24 21 25 24 28 25 25 25 26 25 17 26 26 26 27 26 27 27 27 27 20 28 28 28 28 29 28 29 29 29      72000      30000 
7407	1102000	0 9 1 10 2 11 3 12 8 13 5 9 6 14 7 29 8 15 21 15 10 20 11 16 12 17 4 17 14 18 15 18 16 29 17 19 18 20 19 20 20 21 2 21 22 22 23 22 23 23 24 23 24 24 29 24 25 24 25 25 25 25 13 25 26 26 26 26 4 26 27 27 27 27 28 27 28 28 28 28 28 29 29 29      63000      36000 
8694	 826000	0 9 1 18 2 11 3 12 4 13 6 29 6 14 7 25 8 15 26 15 10 20 11 16 12 29 19 17 14 0 15 18 16 29 17 19 29 18 10 20 20 21 21 21 22 22 23 22 23 23 24 23 24 29 24 24 5 26 25 25 25 25 13 25 17 26 26 26 27 26 27 27 9 27 28 27 28 28 28 28 28 29 29 29      63000      27000 
12159	 812000	0 9 1 18 2 11 3 12 4 13 6 29 6 14 7 25 8 15 26 15 10 20 11 16 12 29 19 5 14 0 15 18 16 29 17 19 29 18 10 20 20 21 21 21 22 22 23 22 23 23 24 23 24 29 24 24 5 26 25 25 25 25 13 25 17 26 26 26 27 26 27 27 9 27 28 27 28 28 28 28 28 29 29 29      63000      27000 
15129	 800000	0 9 1 18 2 22 3 12 4 13 6 29 27 29 7 25 8 15 8 26 10 14 11 16 12 29 19 6 14 0 15 18 16 29 17 19 18 18 10 20 20 26 21 21 22 22 23 22 23 23 24 11 24 29 24 24 5 26 25 25 25 25 13 25 17 26 26 26 27 26 27 29 9 27 28 27 28 28 28 28 28 29 29 29      63000      27000 
0	2958000	2 1 6 3 8 3 10 3 10 5 11 5 12 7 13 8 13 8 15 9 17 11 18 12 19 12 19 12 20 12 22 13 22 14 23 14 23 14 24 15 24 15 24 16 24 17 24 18 26 20 26 20 27 20 27 21 27 21 27 22 27 23 27 23 27 24 0 25 28 25 4 25 29 25 29 26 29 26 29 28 29 28 29 28      63000      81000 
99	2797000	0 1 11 4 3 4 10 5 6 4 12 27 8 2 22 7 22 7 15 7 9 15 25 7 20 17 19 17 24 8 24 18 16 10 16 10 26 19 13 13 26 14 26 21 25 16 25 16 27 17 27 17 27 24 27 24 27 24 28 21 14 25 28 23 18 23 29 24 29 24 29 28 29 26 29 28 29 28 29 28 29 28 20 28      72000      67500 
198	2580000	2 1 6 3 8 3 10 3 10 5 11 16 12 7 13 8 13 8 15 9 17 11 18 12 19 12 19 12 20 12 22 13 22 14 23 14 23 14 24 15 24 15 24 16 24 17 24 18 26 20 26 20 27 20 27 21 27 21 27 22 27 23 27 23 27 24 0 25 28 25 4 25 29 25 29 26 29 26 29 28 29 28 29 28      63000      72000 
297	1462000	0 1 11 3 6 2 25 3 8 5 21 3 11 4 9 4 10 6 15 7 21 13 18 7 24 12 20 8 24 9 15 13 22 17 17 10 19 19 22 13 23 14 23 14 24 16 25 16 24 17 26 22 26 20 25 23 28 23 28 24 29 25 28 26 18 25 0 27 29 27 29 27 29 26 29 27 12 28 29 28 29 28 29 28      45000      63000 
792	1317000	0 1 11 21 6 2 25 3 8 5 21 3 11 4 9 4 10 6 15 7 21 13 18 7 24 12 20 8 24 9 15 13 22 17 17 10 19 19 22 13 23 14 23 14 24 16 25 16 24 17 26 22 26 20 25 23 28 23 28 24 29 25 28 26 18 25 0 27 29 27 29 27 29 26 29 27 12 28 29 28 29 28 29 28      40500      63000 
2466	1313000	0 1 11 21 6 2 25 3 8 18 21 5 11 4 9 4 10 6 15 7 21 13 18 7 24 12 20 8 24 9 15 13 22 17 17 10 19 19 22 13 23 14 23 14 24 16 25 16 24 17 26 22 26 20 25 23 28 23 28 24 29 25 28 26 18 25 0 27 29 27 29 27 29 26 29 27 12 28 29 28 29 28 29 28      40500      63000 
3159	1016000	0 29 1 10 2 11 3 0 4 26 5 13 6 14 7 21 9 2 8 12 10 16 11 16 12 1 13 17 14 18 15 18 16 19 17 19 18 20 19 20 20 21 21 21 22 22 23 23 23 23 24 23 24 24 24 24 25 24 25 25 29 25 23 25 26 26 26 27 27 26 29 27 27 27 28 27 28 28 28 29 28 29 29 29      81000      15000 
3654	 990000	0 0 11 1 24 14 3 22 4 21 5 5 6 24 7 7 12 3 9 27 10 8 2 25 12 14 13 17 14 18 15 18 16 19 17 19 18 19 19 20 20 14 21 21 1 22 23 22 23 23 24 23 26 24 25 24 25 24 27 25 29 25 26 25 22 26 26 26 27 26 18 27 29 27 8 27 28 28 28 28 28 29 29 29      81000      11250 
3852	 986000	0 29 1 10 2 11 3 0 4 26 5 13 6 25 7 21 9 2 8 14 10 8 11 16 12 1 13 17 14 18 15 18 16 19 17 19 18 20 19 20 20 21 21 21 22 22 23 23 23 23 24 23 24 24 24 24 25 24 25 25 29 25 23 25 26 26 26 27 27 26 29 27 27 27 28 27 28 28 28 29 28 29 29 29      81000      15000 
7218	 766000	0 29 1 10 2 11 3 14 4 26 5 13 6 25 7 21 9 2 8 14 10 8 11 16 12 1 13 17 7 18 15 22 16 19 17 15 18 20 19 20 20 21 21 21 22 22 23 26 23 23 24 23 24 24 24 24 25 24 25 25 29 25 28 25 26 26 26 27 27 26 29 27 27 27 14 27 28 28 28 29 28 29 29 29      72000      18000 
7416	 714000	0 27 5 10 2 23 3 0 4 26 15 14 6 25 7 21 9 9 8 26 10 1 11 16 12 21 13 17 14 21 15 18 16 19 17 27 18 19 19 20 20 25 21 13 22 22 29 23 1 23 24 23 24 24 24 24 25 24 25 25 29 25 23 25 26 26 26 26 27 26 29 27 27 27 28 27 28 28 28 29 28 29 29 29      72000      18000 
13437	 651000	0 11 1 27 2 16 3 29 4 13 5 26 6 14 7 14 8 9 9 15 10 9 11 10 12 17 13 12 14 18 15 18 16 19 17 19 18 20 19 20 20 21 21 21 22 22 23 22 24 23 29 23 24 24 24 24 25 24 25 25 25 24 23 25 26 26 26 26 27 26 29 27 27 27 28 27 28 28 28 28 28 29 29 29      70000      16750 
14823	 630000	0 28 1 27 2 6 3 29 4 16 5 11 6 25 7 14 8 25 9 15 10 1 11 17 12 17 13 22 14 20 15 18 16 19 17 27 18 19 19 20 20 21 21 21 22 13 23 22 23 23 24 23 24 24 24 24 25 24 25 25 29 25 26 25 26 26 26 26 27 26 29 27 27 27 28 27 28 27 28 28 28 29 29 29      72000      14000 
16803	 533200	0 25 1 27 2 24 3 29 4 16 5 25 6 25 7 14 8 25 9 15 10 22 11 17 12 11 13 10 14 20 15 18 16 19 17 27 18 19 19 20 20 21 21 21 22 13 23 22 23 29 24 23 24 18 24 24 25 24 25 25 29 25 26 25 26 26 26 29 27 26 29 27 27 27 28 27 28 27 28 28 28 29 29 29      72000      12800 
0	2198000	0 2 26 2 26 3 4 3 4 26 15 6 5 8 7 8 10 8 11 11 12 12 12 12 13 13 9 13 16 14 18 14 17 15 19 17 1 19 22 21 22 21 22 22 24 22 24 23 20 23 25 23 27 23 27 24 27 24 27 24 6 25 27 25 28 25 28 25 29 20 29 26 29 28 29 28 29 28 29 28 29 28 29 28      81000      45000 
594	1816000	0 8 22 2 1 5 4 5 2 13 7 14 6 11 10 13 10 8 1 10 3 13 16 10 26 19 14 15 17 23 21 16 20 18 23 4 9 19 17 21 22 11 23 20 25 20 23 23 24 16 26 23 24 24 18 25 12 24 27 26 10 26 28 25 28 25 28 25 28 27 28 24 10 27 15 27 29 27 29 27 29 28 29 28      72000      45000 
1485	1462000	11 7 4 2 13 2 29 12 7 28 16 6 5 11 9 14 9 20 1 2 17 14 12 12 10 5 6 13 15 10 18 17 22 16 0 19 1 19 22 21 10 11 23 19 21 11 8 23 3 24 24 23 24 23 25 24 15 24 27 26 26 25 26 25 28 25 17 25 18 20 27 27 8 27 29 28 29 28 29 28 29 28 26 28      63000      45000 
3456	1308000	0 29 1 10 2 2 3 22 4 13 5 17 6 11 9 14 8 15 1 15 10 16 12 16 12 17 6 15 7 18 15 18 16 18 9 19 13 20 19 20 20 21 5 21 21 11 23 22 28 23 24 23 24 14 24 24 25 24 25 25 22 25 26 25 26 26 26 25 27 20 27 27 8 27 28 27 29 28 28 28 29 29 29 28      63000      40500 
4050	1263000	0 4 1 5 2 6 3 11 4 13 5 13 20 3 7 27 10 11 9 15 13 16 28 6 12 17 14 17 14 18 15 18 16 19 17 19 18 20 19 20 20 11 21 21 22 22 23 22 8 23 24 23 24 23 24 24 25 24 25 25 25 25 5 25 26 26 26 26 27 26 27 27 27 27 29 27 28 28 29 28 28 29 29 29      72000      31500 
4248	1090000	8 0 1 29 2 20 3 12 4 13 5 13 6 14 7 14 8 3 9 15 10 16 11 16 12 5 13 5 14 10 15 18 16 19 17 19 18 20 19 20 20 29 21 21 22 22 23 22 3 23 24 23 0 24 24 24 23 24 25 25 25 25 26 25 26 26 26 26 29 26 27 27 27 27 29 27 28 28 28 29 28 29 29 29      81000      15000 
4347	 850000	0 9 1 10 2 29 3 12 4 28 24 13 13 14 7 14 2 3 9 15 10 16 11 16 12 17 14 28 4 23 15 18 16 19 17 19 18 0 19 20 20 21 21 21 22 11 6 22 8 23 24 23 23 24 24 24 25 24 25 25 25 25 5 25 26 26 26 26 27 26 28 27 27 27 29 27 28 28 29 28 28 29 29 29      63000      27000 
5733	 796000	0 9 1 6 2 0 24 12 4 13 25 13 13 26 7 14 8 23 9 15 10 0 11 0 12 7 14 8 29 14 15 18 16 19 17 19 18 20 19 20 20 21 21 21 22 22 23 22 3 23 6 26 24 24 24 24 23 24 25 25 25 25 5 25 26 26 26 26 27 26 27 27 27 27 29 27 28 28 28 28 28 29 29 29      81000       9000 
7218	 760000	0 16 1 25 2 0 24 17 4 29 26 9 13 13 7 14 8 23 9 20 10 13 11 0 12 7 14 26 29 14 15 18 16 19 17 19 18 25 19 20 20 21 21 21 22 22 23 22 3 23 6 26 24 24 24 24 23 24 25 25 25 25 5 25 26 26 26 26 27 26 27 27 27 27 29 27 28 28 28 28 28 29 29 29      81000       9000 
8406	 644668	0 28 1 23 2 26 24 17 4 13 25 26 13 29 7 15 8 29 9 24 10 0 11 8 12 17 14 8 10 14 15 18 16 19 17 19 18 20 19 20 20 21 21 21 22 22 23 22 3 16 6 26 24 24 28 24 23 24 25 24 25 25 5 25 26 26 26 26 27 26 27 27 27 27 29 27 28 28 29 28 28 29 29 29      72000      14333 
10287	 635716	0 13 1 1 2 26 27 28 4 23 25 26 13 16 7 20 8 29 9 15 10 26 11 0 12 17 14 15 24 14 15 18 16 19 17 19 18 0 19 20 20 21 21 21 22 22 23 22 3 16 6 26 24 24 24 24 23 24 25 24 25 25 5 25 26 26 26 26 27 26 28 27 27 27 29 27 28 28 29 28 28 29 29 29      72000      12286 
10485	 622000	0 28 1 29 2 11 24 6 4 23 25 26 13 29 7 28 8 21 9 10 10 25 11 0 12 17 14 15 17 14 15 18 16 19 17 19 18 20 19 20 20 21 21 21 22 22 23 22 3 16 6 26 24 24 24 13 23 24 25 27 25 25 5 27 26 26 26 26 27 26 28 27 27 27 29 27 28 28 29 28 28 29 29 29      72000      16000 
11079	 542000	0 29 1 29 2 27 24 26 4 13 25 26 13 17 7 15 8 21 9 22 10 9 11 14 12 15 14 27 28 11 15 18 16 19 17 19 18 20 19 20 20 21 21 16 22 22 23 22 3 23 6 26 24 24 24 24 23 24 25 10 25 25 5 25 26 26 26 26 27 26 28 27 27 27 29 27 28 28 29 27 28 29 29 29      72000      14333 
12960	 506576	0 29 1 26 2 26 24 26 4 13 25 26 13 17 7 16 8 21 9 18 10 20 11 14 12 19 14 27 28 29 15 18 16 19 17 19 18 20 19 20 20 22 21 21 22 22 23 13 3 16 6 27 24 11 24 24 23 15 25 27 25 25 5 25 26 26 26 26 27 26 28 27 27 27 29 27 28 29 29 27 28 29 29 29      72000      12286 
13653	 154400	0 28 1 26 2 14 24 28 4 16 25 26 13 17 7 16 8 21 9 9 10 12 11 14 12 15 14 29 27 11 15 18 16 19 17 19 18 20 19 20 20 10 21 21 22 22 23 22 3 23 6 26 24 24 24 24 23 13 25 29 25 29 5 25 26 26 26 26 27 26 28 27 27 27 29 27 28 28 29 28 28 29 29 29      66000      16400 
16821	 137600	0 23 1 14 2 16 24 26 4 28 25 27 13 17 7 29 8 28 9 15 10 9 11 14 12 29 14 11 27 12 15 18 16 19 17 19 18 20 19 20 20 21 21 21 22 22 23 22 3 16 6 26 24 24 24 10 23 15 25 26 25 29 5 25 26 26 26 26 27 26 28 13 27 27 29 28 28 28 29 28 28 29 29 29      66000      16400 