
0	 660898	1 0 1 0 1 1 0 3 0 0 0 2 1 0 1 1 1 1 1 0 1 2 1 0 0 0 2 0 0 2 0 0 2 0 1 2 0 0 2 0 1 2 2 0 1 0 3 1 3 0 0 1 1 1 1 1 1 3 1 0 1 1 2 0 5 0 0 5 0 1 2 2 1 5 2 1 5 3 0 3 7 6 1 1 6 1 2 10 0 0      28793      21241      36001 
99	 549780	0 2 0 1 1 0 2 0 0 0 0 3 1 0 2 0 1 2 2 0 0 0 2 1 2 1 0 0 1 2 1 0 2 1 0 3 2 0 1 2 1 0 1 1 1 0 0 4 2 0 2 3 0 0 1 0 3 0 1 3 1 2 0 1 1 2 0 3 0 1 3 1 6 1 0 3 3 2 3 2 3 1 6 1 5 1 4 0 9 0      31778      31111      22500 
198	 150600	0 1 1 0 1 1 0 1 1 0 1 1 0 0 2 0 1 1 1 2 0 0 1 1 0 0 2 1 1 1 4 0 0 1 2 0 1 1 1 1 1 1 1 0 2 1 1 1 0 2 1 1 1 1 3 0 1 1 3 0 2 1 1 2 1 1 2 2 0 2 3 1 0 2 5 3 2 3 0 0 7 4 2 3 7 2 2 4 7 0      20000      28500      34600 
0	 624224	0 1 1 1 1 1 0 0 3 1 0 1 1 0 1 2 0 0 0 2 1 1 0 1 1 0 1 1 3 0 1 1 1 1 0 2 0 0 3 2 0 1 1 1 1 1 1 1 0 3 1 0 5 0 0 1 2 0 2 2 1 4 0 2 0 1 0 3 2 0 3 3 4 5 0 1 3 4 7 0 0 2 0 5 3 3 3 8 0 0      34444      18444      35556 
99	 566000	0 0 2 1 2 0 2 0 1 2 0 1 0 3 0 2 1 0 0 1 1 0 1 1 2 1 0 0 0 2 1 2 0 0 1 2 0 0 2 2 2 0 0 1 2 0 2 1 3 0 1 0 2 1 1 1 1 0 1 2 1 2 1 1 2 1 0 1 2 2 1 2 2 0 5 1 6 1 3 3 2 2 3 3 0 3 5 14 0 0      20000      26000      38000 
198	 558118	0 2 0 1 1 0 0 1 2 2 0 0 1 0 2 0 0 3 0 0 3 2 1 0 1 1 0 0 3 0 2 1 0 0 1 2 3 0 0 1 1 2 1 2 0 1 1 1 2 0 1 1 1 1 1 2 0 2 0 2 1 0 3 3 0 0 2 1 0 1 2 2 2 2 5 3 3 2 2 3 3 0 4 5 4 4 1 3 5 2      33295      29705      22236 
297	 503800	2 0 1 0 1 1 0 0 3 0 1 1 0 1 1 0 1 1 0 1 1 0 2 0 0 0 3 3 0 1 0 2 0 1 1 1 1 1 1 5 0 0 2 0 2 0 0 4 0 1 2 2 0 2 0 2 0 2 1 1 0 0 4 1 2 0 3 0 2 0 4 0 2 5 0 3 2 3 2 5 0 3 4 0 5 1 6 5 4 1      18200      40500      24750 
0	 637000	1 0 1 0 3 0 0 3 0 1 1 1 0 2 1 0 1 2 0 1 2 0 1 2 2 0 0 1 1 1 0 0 3 1 1 1 2 0 0 0 1 2 1 2 0 1 0 2 3 0 0 2 1 0 0 0 3 2 1 0 1 3 0 2 0 1 0 2 2 0 7 0 1 3 4 5 2 0 1 1 7 5 3 0 7 1 1 3 1 6      36000      22500      29250 
99	 538000	1 0 1 0 0 3 2 0 0 1 1 0 0 3 0 0 2 1 1 0 1 0 0 3 1 1 0 2 0 0 2 0 0 1 2 0 2 0 0 0 2 2 0 1 3 2 0 1 1 2 0 3 0 0 1 2 0 0 1 4 2 1 0 3 0 0 1 2 1 1 2 3 3 3 2 3 1 4 0 4 6 1 5 3 3 4 3 5 3 1      40000      23000      23000 
387	  53340	0 0 1 0 0 1 0 1 1 0 1 1 0 1 1 0 0 1 0 1 1 0 1 1 0 1 1 1 0 1 1 0 1 1 1 1 1 0 1 2 0 1 2 0 1 2 0 1 2 0 1 2 0 1 2 0 1 2 1 1 3 0 1 3 0 1 3 0 1 2 0 2 2 2 3 2 1 3 2 2 3 1 4 3 3 8 3 3 17 2      13333       6666      63334 
0	 595458	1 1 0 1 1 1 2 0 1 1 1 0 1 1 0 0 2 0 1 1 0 2 0 0 1 0 2 1 0 4 0 1 2 1 1 1 0 3 0 0 2 1 0 0 5 0 2 1 0 0 5 3 0 0 1 1 1 1 2 0 3 0 0 0 2 1 3 0 0 1 4 0 1 6 0 2 4 2 2 3 3 1 2 6 5 2 3 7 0 3      31817      35454      19092 
99	 537500	2 0 0 1 1 0 0 2 1 2 0 0 1 0 2 0 2 0 1 1 0 0 2 0 0 2 0 2 1 0 1 1 1 0 2 1 3 0 0 3 0 0 1 2 0 1 2 0 2 1 0 2 1 0 0 3 0 1 2 0 1 2 0 0 2 2 0 3 1 1 1 4 3 1 5 2 3 3 2 2 5 1 0 9 4 2 4 5 1 4      31500      31500      21750 
198	 217250	1 0 1 1 1 0 1 2 0 2 0 0 0 1 2 1 2 0 0 1 2 0 1 2 2 0 0 1 0 2 1 2 0 1 0 2 0 3 1 0 1 3 0 1 3 2 1 0 1 1 1 0 4 0 1 0 2 2 1 0 1 2 1 1 2 1 0 1 3 2 2 1 2 3 3 5 0 1 1 3 6 2 5 2 5 1 2 6 1 1      36500      20250      24875 
0	 618000	1 1 0 0 1 1 1 1 1 0 0 4 2 0 0 0 1 3 0 2 0 0 0 4 0 0 3 1 0 2 0 0 4 1 2 0 2 0 1 0 2 1 0 2 1 2 0 1 2 1 0 2 1 0 1 1 2 0 2 2 0 3 0 3 0 0 1 3 0 3 0 3 4 2 1 4 3 0 0 7 0 1 3 4 5 3 1 6 1 3      32000      33000      21000 
99	 600716	0 1 1 0 1 1 0 1 2 1 0 3 2 0 0 2 0 1 1 0 2 1 1 0 0 1 2 1 1 1 0 2 1 1 1 1 0 2 0 2 1 0 1 1 1 1 1 2 1 0 4 1 1 1 0 4 0 1 2 0 1 1 2 0 3 0 2 1 0 3 1 1 0 2 9 1 3 4 3 4 0 5 2 0 2 4 3 9 0 0      31500      36571      17429 
198	 596672	1 0 1 0 3 0 1 1 0 1 0 1 1 0 1 2 0 0 1 1 0 1 2 0 1 2 0 1 1 1 2 0 0 1 2 0 2 0 1 2 1 0 1 2 0 1 0 2 1 0 2 1 0 2 2 1 0 3 0 0 0 3 1 1 2 1 0 4 0 3 2 0 1 4 4 3 0 5 3 2 3 3 2 3 2 3 6 0 4 8      39666      23334      23334 
0	 555000	0 1 2 0 1 2 1 1 0 2 0 0 1 1 0 1 0 2 0 0 4 1 1 0 0 2 2 2 0 0 1 0 2 1 1 1 2 0 0 2 0 0 2 0 0 1 1 1 2 1 0 2 1 0 2 0 0 0 3 1 2 1 1 0 3 2 1 0 3 0 2 5 3 3 1 5 0 1 1 6 2 1 5 4 4 3 2 2 5 4      42500      25000      17500 
288	  64520	1 0 0 1 0 0 1 0 1 1 0 1 1 0 1 1 0 1 1 0 1 1 1 0 1 0 1 1 1 0 1 1 0 1 1 0 1 1 1 1 2 0 1 2 0 1 2 0 1 2 0 1 2 0 1 2 0 1 3 0 1 3 0 1 3 0 1 2 0 2 2 0 3 3 1 3 2 2 3 1 3 2 2 11 4 1 2 2 3 16      62904      13548       7096 
0	 593000	2 0 0 0 0 3 1 0 2 1 1 0 1 0 2 0 2 0 0 1 2 0 2 0 1 0 3 1 2 0 1 1 1 3 0 0 0 1 3 0 2 2 2 0 1 2 1 0 0 2 1 1 0 4 3 0 0 2 1 1 0 3 0 2 1 0 3 0 1 1 3 0 3 3 1 2 4 1 2 3 3 3 2 3 2 2 7 3 5 1      30500      35000      20000 
288	  78572	0 0 1 0 0 1 1 0 1 0 1 1 1 0 1 0 1 1 0 1 1 1 0 1 1 0 1 1 0 1 1 0 1 1 0 1 1 0 1 2 0 1 2 0 1 2 0 1 2 0 1 2 0 1 2 0 1 2 2 1 3 0 1 3 0 1 3 0 1 2 0 2 2 3 3 1 4 3 0 5 3 0 5 3 0 4 4 6 16 1      13570       8572      61428 
0	 643000	0 0 2 0 0 2 0 0 2 2 0 0 0 2 1 2 0 0 0 3 1 1 0 1 2 0 0 2 0 0 0 0 5 0 3 1 1 0 2 1 1 1 1 1 1 0 1 2 0 1 2 0 1 2 0 2 2 1 0 2 2 2 0 0 0 3 2 1 0 0 7 1 4 0 2 3 8 0 5 2 0 1 4 4 4 3 3 8 0 0      36577      16846      32077 
288	  60002	1 0 0 1 0 0 1 0 1 1 0 1 1 0 1 1 0 0 1 0 1 1 0 1 1 1 0 1 1 0 1 1 0 1 1 0 1 1 0 1 2 0 1 2 0 1 2 0 1 2 0 1 2 0 1 2 0 1 2 2 1 3 0 1 3 0 1 2 0 2 2 0 3 2 2 3 2 2 3 2 2 2 3 10 4 0 4 2 4 15      63334      13333       6666 
0	 645336	0 3 1 0 2 0 0 1 3 0 1 3 1 1 0 0 3 0 2 0 0 1 1 0 1 1 0 2 0 0 0 3 1 1 1 1 1 1 0 2 0 0 0 2 4 1 1 2 2 0 0 1 1 1 1 1 1 0 2 3 1 1 2 3 0 0 2 0 0 2 2 3 3 1 4 1 5 3 3 2 3 4 0 2 3 3 4 4 3 1      45000      27000      14333 
99	 518858	1 0 1 1 1 0 2 0 0 0 1 2 2 0 0 0 3 0 1 2 0 0 1 2 1 0 2 0 2 1 1 2 0 0 2 1 0 1 2 2 0 1 1 0 2 1 1 1 1 1 1 1 1 2 0 1 3 3 0 0 2 0 1 0 2 2 0 2 2 1 4 0 3 1 4 3 3 2 3 3 2 3 3 2 4 3 3 5 2 3      34429      26713      23287 
387	  64340	1 0 0 1 0 0 1 1 0 1 1 0 1 0 1 1 0 1 1 0 0 1 0 1 1 0 1 1 1 0 1 1 0 1 1 0 1 1 0 1 2 0 1 2 0 1 2 0 1 2 0 1 2 0 1 2 0 1 3 0 1 2 1 1 2 1 1 3 0 2 2 0 2 4 7 3 2 2 3 0 6 3 2 2 4 2 1 2 2 18      63000      13500       7055 
0	 634668	0 0 2 0 0 2 1 0 1 1 0 1 0 3 1 1 0 1 1 1 1 1 1 1 1 0 1 2 0 0 1 1 1 1 2 0 1 2 0 1 2 0 1 1 1 0 1 3 0 0 4 0 2 2 0 0 7 2 1 0 0 1 3 0 5 0 1 2 1 0 6 1 5 1 0 2 4 3 3 1 3 4 2 1 5 3 1 7 0 0      40666      20167      27000 
99	 534000	1 0 1 2 0 0 1 0 2 0 1 2 1 1 0 1 1 0 1 1 1 0 1 2 1 1 0 2 1 0 1 0 2 0 1 3 2 0 1 0 3 0 0 2 2 3 0 0 1 1 1 1 0 3 3 0 0 0 3 0 0 2 2 0 0 5 0 1 3 1 3 1 4 3 0 5 0 3 0 5 4 0 7 1 4 3 3 7 1 0      34000      30000      20000 
198	 508500	0 0 3 0 0 3 1 0 1 1 0 1 0 3 1 1 0 1 1 0 1 1 0 1 1 0 1 2 0 0 1 1 1 1 2 0 1 2 0 1 3 0 1 0 2 0 1 3 0 0 4 0 2 2 0 0 4 2 1 0 0 1 3 0 6 0 1 2 1 0 6 2 5 1 0 2 5 2 3 1 3 4 2 1 5 3 1 7 0 0      42625      16875      24375 
0	 588576	0 0 3 0 3 0 2 0 0 1 1 0 0 3 0 2 0 0 0 0 3 0 2 1 2 0 0 0 3 0 1 1 1 1 1 1 0 3 0 1 1 1 2 1 0 2 0 2 3 0 0 1 0 3 1 1 2 1 1 2 2 0 1 1 2 0 1 0 3 1 2 2 0 3 7 4 2 1 4 2 1 3 2 3 2 6 2 4 2 3      38808      26668      21428 
288	  50004	1 0 0 1 0 0 1 0 1 1 0 0 1 0 1 1 0 1 1 0 1 1 0 1 1 0 1 1 1 0 1 1 0 1 1 0 1 1 0 1 2 0 1 2 0 1 2 0 1 2 0 1 2 0 1 2 0 1 3 0 1 2 1 1 3 0 1 3 0 2 2 0 3 1 4 3 3 0 3 1 4 3 1 4 4 1 1 1 6 22      63968      13016       6270 
0	 573000	0 1 2 2 0 0 1 0 2 1 1 0 0 0 3 0 1 2 1 0 2 2 0 0 2 0 0 0 1 2 1 0 2 1 2 0 0 3 0 1 2 0 0 3 0 0 3 0 2 0 1 1 1 1 1 0 3 0 0 4 0 3 0 3 0 0 2 2 0 2 3 0 2 3 4 4 3 0 4 2 2 2 3 3 2 2 7 5 3 2      33000      30000      22500 
288	  58576	1 0 0 1 0 0 1 0 0 1 0 0 1 0 1 1 0 0 1 0 1 1 0 1 1 0 1 1 1 0 1 1 0 1 1 0 1 1 0 1 2 0 1 2 0 1 2 0 1 2 0 1 2 0 1 2 0 1 3 0 1 3 0 1 3 0 1 2 2 2 1 1 3 1 3 3 1 4 3 1 4 3 3 0 3 3 8 2 5 16      65240      12380       5476 
387	  51250	1 0 0 1 0 0 1 0 1 1 0 1 1 0 1 1 0 0 1 0 1 1 0 1 1 0 0 1 1 0 1 1 0 1 1 0 1 1 0 1 2 0 1 2 0 1 2 0 1 2 0 1 2 0 1 2 0 1 3 0 1 3 0 1 2 1 1 3 0 2 2 0 3 1 4 3 1 4 3 2 2 3 3 0 4 0 4 1 6 22      63750      13125       6250 
0	 698000	0 2 1 1 0 1 1 1 0 1 1 0 1 0 2 0 2 2 1 0 1 1 0 1 0 3 0 2 0 0 1 2 0 2 0 0 1 1 1 2 0 0 2 0 2 0 2 2 0 3 0 1 0 3 1 2 0 2 1 1 1 1 2 2 0 2 2 0 1 3 1 0 5 1 0 2 5 0 1 8 0 2 1 6 0 4 10 4 1 4      45000      27000      18000 
99	 690000	2 0 0 0 0 2 0 2 1 0 1 2 0 0 2 0 2 1 3 0 0 0 2 1 0 0 2 2 0 1 2 1 0 0 2 1 0 3 0 0 2 1 1 1 1 2 1 0 0 3 2 3 0 0 1 0 2 1 0 2 2 1 1 1 3 0 1 0 2 2 1 2 4 1 2 0 4 5 2 4 2 0 3 4 2 5 3 11 0 0      28500      24000      34500 
198	 640914	3 1 0 3 0 1 0 0 2 2 1 0 2 1 0 0 1 1 0 1 1 0 1 1 1 0 2 0 0 3 2 2 0 0 1 1 0 2 0 0 4 0 1 1 1 5 1 0 1 1 1 1 1 1 0 0 3 3 0 2 2 1 1 1 2 0 3 0 2 1 3 0 1 4 1 4 2 3 3 5 0 1 3 3 1 3 4 1 0 8      10909      41364      33636 
297	 582634	2 2 0 0 1 1 0 2 1 0 1 1 1 0 1 0 1 1 2 4 0 2 2 0 0 1 1 0 2 1 1 0 1 0 0 2 3 1 0 2 1 1 3 2 0 1 1 1 1 1 1 0 1 2 0 1 2 2 0 1 0 0 2 2 0 1 4 0 0 1 2 2 5 1 2 1 0 4 1 5 3 0 0 5 3 5 3 5 5 2      23053      11263      51737 
0	 568500	2 0 0 0 2 0 1 2 0 0 2 1 2 0 0 0 0 3 1 0 2 0 2 1 2 0 0 1 0 2 0 0 3 0 1 2 0 3 0 1 1 1 0 3 0 3 0 0 1 0 2 1 2 0 0 3 0 2 0 2 0 2 2 0 1 4 2 1 1 2 1 2 2 3 3 2 3 4 0 8 0 4 0 4 6 2 1 7 0 2      33142      28750      24000 
99	 218000	1 1 0 1 1 0 0 2 0 4 0 0 1 0 2 0 2 0 0 2 0 0 1 1 0 1 1 1 0 2 0 2 0 4 0 0 1 1 1 1 1 1 2 0 2 0 2 1 3 0 1 1 1 1 3 0 1 1 0 3 1 2 0 2 0 2 2 2 0 1 1 3 4 3 2 1 4 2 0 3 4 3 2 4 2 5 2 2 3 6      19000      36000      27000 
387	  50864	1 0 0 1 0 0 1 0 0 1 0 0 1 1 0 1 1 0 1 1 0 1 1 0 1 1 0 1 0 1 1 0 1 1 0 1 1 0 1 1 0 2 1 0 2 1 0 2 1 0 2 1 0 2 1 0 2 1 1 2 1 0 3 1 0 3 1 0 3 2 2 1 2 6 5 3 2 2 3 0 3 3 4 1 4 4 0 2 18 3      63714       6286      13143 
0	 572334	0 1 1 1 1 0 1 0 2 1 1 0 0 1 2 2 0 0 1 1 0 1 0 2 1 1 0 1 1 1 3 0 0 1 0 3 0 2 0 1 1 1 1 1 1 1 2 0 1 0 5 0 2 1 2 1 0 0 1 5 1 2 0 3 0 0 2 1 0 5 0 0 0 7 0 2 4 1 2 4 0 2 2 6 2 4 4 4 1 7      31500      37667      16333 
288	  56600	0 0 1 0 0 1 1 0 1 1 0 1 1 0 1 1 0 1 1 0 1 1 0 1 1 0 1 0 1 1 0 1 1 0 1 1 1 1 1 0 2 1 0 2 1 0 2 1 0 2 1 0 2 1 0 2 1 1 2 1 2 2 1 0 3 1 1 2 1 0 2 2 1 3 3 8 3 2 3 2 3 1 3 3 1 2 4 16 2 2       8085      14680      60640 
0	 611000	1 1 0 0 1 2 0 2 0 1 0 2 0 0 3 0 2 0 0 2 0 0 1 3 2 0 0 2 0 1 0 1 2 0 1 2 0 3 0 2 0 1 0 2 1 1 2 0 2 0 2 0 2 1 0 0 4 0 3 0 0 1 3 0 3 0 3 1 0 3 2 0 2 4 2 7 0 1 0 3 7 2 4 2 5 1 3 9 0 0      31500      31500      21000 
288	  66670	1 0 0 1 0 0 1 0 0 1 1 0 1 1 0 1 1 0 1 1 0 1 1 0 1 1 0 1 0 1 1 0 1 1 0 1 1 0 1 1 0 2 1 0 2 1 0 2 1 0 2 1 0 2 1 0 2 1 1 2 1 0 3 1 1 2 1 0 3 2 0 2 3 5 0 3 4 1 2 6 5 3 1 2 4 1 1 2 17 5      65668       5167      12166 
0	 626310	1 0 1 1 1 0 0 2 1 1 2 0 0 2 1 1 1 0 2 0 1 0 1 2 0 0 3 0 2 1 1 0 2 0 5 0 0 0 4 0 3 2 2 0 1 1 2 0 1 0 2 1 2 0 1 0 2 2 0 1 2 1 0 3 0 0 1 2 0 2 1 2 1 5 4 4 1 2 3 1 4 1 5 2 3 3 4 7 0 0      39539      25231      21538 
99	 525334	0 1 1 1 0 1 2 1 0 2 0 1 2 1 0 1 0 1 0 0 2 1 2 0 0 4 0 2 2 0 0 2 1 3 0 0 0 4 0 2 2 0 0 1 2 2 0 1 1 1 1 2 0 1 0 2 1 0 1 2 1 0 2 0 0 3 3 0 1 1 2 2 4 4 1 2 1 4 1 4 3 5 3 1 3 4 3 1 0 7      25334      22333      37667 
0	 531550	0 1 2 0 1 2 1 1 0 1 0 2 0 2 2 2 0 0 0 3 0 0 0 4 1 1 0 0 2 2 1 1 1 0 3 1 0 1 3 2 0 0 2 0 0 1 1 1 2 0 0 1 2 0 2 0 1 2 1 0 0 3 2 0 1 4 2 0 1 3 1 0 1 5 4 4 3 0 4 2 1 1 3 5 4 1 4 5 3 0      43129      21452      19903 
288	  53346	0 1 0 0 1 0 1 1 0 0 1 1 1 1 0 1 1 0 1 1 0 1 1 0 1 1 0 0 1 1 0 1 1 1 1 1 0 1 1 0 1 2 0 1 2 0 1 2 0 1 2 0 1 2 0 1 2 0 1 3 1 1 2 0 1 3 0 1 2 0 2 2 2 3 2 6 3 0 2 3 2 5 2 5 0 4 2 19 2 2       6667      63333      13334 
0	 713000	1 0 1 0 1 2 2 0 0 0 3 0 2 0 0 0 3 0 0 2 1 1 1 0 0 2 2 0 2 1 0 2 3 1 0 2 1 1 0 1 0 3 1 2 0 1 1 2 0 2 2 1 1 2 0 2 2 0 0 7 2 0 0 0 6 0 1 2 0 3 1 0 4 1 2 5 0 0 3 1 3 2 3 3 3 3 4 7 0 0      45000      28500      15000 
99	 561600	0 3 0 1 0 1 0 0 3 0 2 1 2 0 0 0 3 0 1 0 1 1 0 2 2 0 0 2 0 0 1 0 2 2 0 1 0 3 1 2 0 1 1 1 1 2 1 0 2 0 0 1 2 0 1 1 1 0 2 2 2 1 0 0 1 3 2 0 1 2 1 2 4 0 3 2 5 2 2 2 5 1 7 2 3 6 1 3 1 6      40500      22300      22700 
387	  65720	0 0 1 0 0 1 1 0 1 0 0 1 1 0 1 0 1 1 0 0 1 1 0 1 0 0 1 1 1 1 0 1 1 0 1 1 0 1 1 0 2 1 0 2 1 0 2 1 0 2 1 0 2 1 0 2 1 0 3 1 1 2 1 0 3 1 1 2 1 0 2 2 8 4 2 4 1 3 4 1 3 0 3 3 2 1 4 18 3 2       6286      13143      63714 
0	 548400	0 2 1 0 5 0 0 3 1 1 1 1 1 1 1 1 3 0 0 0 2 1 3 0 1 2 0 2 0 0 1 1 1 2 0 0 2 0 0 3 0 0 0 1 2 0 3 2 0 2 2 2 1 0 0 1 2 1 2 1 2 1 0 2 0 1 2 2 0 0 1 4 1 2 5 2 4 3 2 0 5 5 0 1 1 1 7 7 0 0      39100      12000      34500 
288	  54484	1 0 0 1 0 0 1 0 1 1 0 1 1 0 1 1 0 1 1 0 1 1 0 1 1 0 1 1 1 0 1 1 0 1 1 0 1 1 0 1 2 0 1 2 0 1 2 0 1 2 0 1 2 0 1 2 0 1 3 0 1 3 0 1 2 2 1 2 2 2 2 0 3 2 1 2 3 9 3 1 4 3 2 2 4 1 1 2 5 14      63794      13103       6207 