
0	1023000	0 1 0 1 0 1 0 1 3 0 0 1 0 1 0 1 0 1 1 1 0 1 0 1 0 1 1 1 0 2 1 1 1 1 1 1 0 3 2 1 0 2 2 1 3 1 3 1 3 2 1 3 6 3 3 2 3 4 8 1      22500      72000 
99	 780000	1 1 0 2 0 2 2 0 2 0 1 1 2 0 2 0 1 1 2 0 0 2 0 2 2 0 0 2 1 1 1 1 0 2 0 2 2 0 0 2 1 2 0 2 1 1 1 2 5 0 3 2 1 4 5 0 3 3 3 5      45000      45000 
198	 670000	1 0 0 3 1 0 1 1 2 0 1 0 1 1 1 0 1 1 1 1 1 1 1 1 0 4 1 1 2 0 0 5 1 1 1 1 1 1 1 2 1 1 1 1 0 5 1 4 3 2 3 1 3 1 3 1 4 1 4 1      70000      20000 
297	 530000	1 0 1 0 1 2 1 0 1 1 1 0 1 0 1 0 1 0 1 1 1 1 1 1 1 1 1 1 1 1 1 1 1 1 1 1 1 1 1 2 1 2 1 2 1 2 2 2 2 6 3 2 3 2 2 5 3 4 4 0      70000      15000 
0	1008500	1 0 1 0 1 0 0 2 1 2 2 0 1 0 1 0 0 2 2 0 1 1 0 3 1 2 1 1 1 1 1 1 1 1 2 0 2 0 1 2 1 1 1 1 2 0 0 4 3 3 3 2 0 7 1 5 4 1 6 0      63000      33750 
99	 750000	0 1 0 1 1 1 0 2 2 0 2 0 2 0 1 1 0 2 2 0 1 1 1 1 3 0 1 1 1 1 1 1 1 1 0 2 1 1 1 1 0 2 1 1 3 0 1 2 5 1 6 0 0 5 1 4 0 6 4 3      36000      54000 
198	 742000	1 0 1 0 1 0 1 1 1 0 1 0 1 0 1 1 1 0 2 0 1 1 0 3 1 1 1 1 2 0 1 1 1 1 1 1 1 1 2 0 1 1 1 2 1 2 1 3 4 0 3 2 1 6 4 0 3 4 1 10      63000      27000 
297	 730000	0 1 0 1 3 0 2 0 1 1 1 1 0 2 1 1 1 1 1 1 1 1 1 1 1 1 1 1 1 1 3 0 0 2 3 0 3 0 0 2 3 0 0 2 0 2 1 2 1 3 2 3 4 2 0 4 4 3 3 3      31500      58500 
0	1062000	1 0 0 2 1 1 2 0 2 0 1 1 0 2 0 3 2 0 1 1 0 2 2 0 2 0 1 1 2 0 0 2 0 2 0 2 0 2 0 2 0 2 1 1 0 3 2 1 4 1 2 3 2 3 3 2 3 3 8 0      54000      45000 
99	 710000	1 1 2 0 1 1 1 1 0 2 1 1 2 0 1 1 1 1 2 0 0 2 1 1 2 0 1 1 1 1 1 1 0 2 1 1 1 1 1 1 1 1 1 1 1 2 1 2 5 1 6 0 1 4 2 3 2 4 1 5      40000      50000 
387	 105884	1 0 1 0 1 0 1 0 1 0 1 0 1 0 1 0 1 0 1 1 1 1 1 1 1 1 1 1 1 2 0 5 1 1 1 1 1 1 1 2 1 2 1 2 1 2 2 1 2 6 3 2 3 2 3 2 4 1 3 5      65882      16471 
0	1082000	1 0 0 2 0 2 1 0 1 0 1 1 2 0 1 0 0 2 2 0 1 1 0 2 2 0 1 2 0 4 0 3 0 3 1 1 3 0 1 1 1 1 1 2 1 1 1 3 2 3 2 5 3 1 4 0 4 2 5 0      63000      36000 
99	 927000	1 0 1 0 2 0 1 1 1 0 1 1 0 2 0 2 1 0 1 1 2 0 1 1 2 0 1 1 2 0 1 1 1 1 2 0 1 1 1 1 0 3 1 2 1 1 1 3 0 7 2 4 5 0 4 0 1 8 4 1      63000      31500 
198	 690000	0 1 0 1 0 1 0 1 0 1 1 1 0 1 2 1 0 1 3 1 0 1 0 1 0 1 1 1 0 2 1 1 1 1 1 1 1 1 1 1 2 1 2 1 2 1 2 2 0 3 0 3 1 3 5 2 5 3 11 2      13333      76667 
297	 680000	1 1 0 1 0 1 2 1 0 1 0 1 1 1 1 1 1 1 1 1 1 1 0 1 0 1 1 1 1 1 1 1 2 1 1 1 1 1 1 1 3 1 2 1 1 1 2 2 0 3 2 3 1 3 6 2 4 3 5 3      12500      77500 
0	 949000	2 0 0 1 0 2 2 0 1 1 0 1 2 0 2 0 0 1 0 2 1 1 1 1 0 2 2 1 0 2 0 2 0 2 1 1 0 2 1 1 2 1 1 1 2 1 1 2 2 3 3 3 3 2 1 3 3 3 9 0      31500      63000 
99	 848000	1 1 1 1 1 1 1 1 0 2 1 1 1 1 1 1 1 1 1 1 1 1 2 0 2 0 1 1 2 0 1 1 1 1 0 2 1 1 1 1 0 2 1 1 2 1 1 2 3 2 0 4 4 2 4 2 3 4 3 3      40500      51750 
198	 750000	1 0 1 0 1 0 1 0 1 0 1 0 1 0 1 1 1 1 1 1 2 0 0 3 1 1 2 0 1 1 1 1 1 1 2 0 1 1 0 4 1 2 1 1 1 1 2 1 3 3 3 2 2 4 3 3 3 3 2 7      65000      25000 
297	 695000	1 0 1 0 1 1 1 0 1 0 1 0 1 1 0 3 1 0 1 1 1 1 1 1 1 1 1 1 1 1 1 1 0 4 0 4 1 1 2 0 1 2 1 1 1 2 2 1 3 1 3 2 2 5 2 4 5 0 4 3      67500      22500 
0	 924000	0 1 2 0 1 1 2 0 0 2 2 0 1 1 1 1 2 0 1 1 0 2 2 0 2 1 1 1 0 2 0 2 1 1 3 0 0 2 1 1 1 1 0 2 1 1 1 3 1 3 2 3 1 4 3 3 7 0 3 3      36000      57000 
99	 864000	1 1 2 0 1 1 2 0 0 2 2 0 1 1 1 1 2 0 1 1 0 2 2 0 2 0 1 1 0 2 0 2 1 1 3 0 0 2 1 1 0 2 0 2 1 1 1 2 1 3 2 3 1 4 3 3 7 1 3 3      36000      57000 
198	 722000	1 1 2 0 1 1 2 0 0 2 2 0 1 1 1 1 2 0 1 1 1 1 2 0 1 1 1 1 0 2 0 2 3 0 3 0 0 2 0 2 2 1 0 2 1 1 0 3 2 3 2 3 0 4 2 3 6 1 3 3      38000      52000 
0	 991000	2 0 1 0 1 1 1 0 0 2 2 0 1 1 1 0 1 0 0 3 1 1 1 1 0 3 2 0 0 3 1 1 1 1 3 0 1 1 1 2 0 3 2 0 0 3 2 2 4 0 2 3 3 2 2 3 3 4 3 2      63000      31500 
99	 717000	2 0 1 1 1 1 1 1 0 2 1 1 1 1 1 1 1 1 0 2 1 1 0 2 1 1 0 3 1 1 2 0 2 0 0 2 1 1 1 1 2 0 2 0 1 2 3 0 3 2 0 6 2 3 4 1 3 3 4 2      49500      40500 
387	 137500	1 0 1 0 1 0 1 0 1 0 1 0 1 0 1 0 1 0 1 1 1 1 1 1 1 1 1 2 1 1 1 1 1 1 1 1 1 1 1 2 1 2 1 2 1 2 2 1 2 6 3 2 3 2 3 2 4 2 2 8      65500      16750 
0	 874000	0 2 1 1 1 1 0 2 1 1 1 1 1 1 2 0 2 0 1 1 0 2 0 3 2 0 0 3 0 3 1 1 0 3 2 0 1 1 0 3 1 2 0 3 2 0 2 1 2 3 4 0 3 1 4 0 4 1 4 2      57000      36000 
99	 766000	0 2 1 1 1 1 2 0 2 0 1 1 1 1 1 1 0 2 2 0 2 0 2 0 1 1 1 1 0 2 1 1 1 1 1 1 0 3 2 0 1 1 1 2 1 1 0 4 5 0 1 4 4 1 3 2 1 5 3 3      46000      44000 
198	 718000	1 0 1 0 0 3 0 3 1 1 1 1 2 0 1 1 1 0 2 0 1 1 0 3 1 1 1 1 2 0 1 1 1 1 1 1 0 3 1 1 2 0 1 1 1 2 1 3 2 4 4 0 2 4 2 4 4 1 4 1      63000      27000 
297	 693000	0 2 1 1 0 2 1 1 1 1 1 1 0 2 0 2 1 1 1 1 1 1 1 1 0 2 1 1 0 2 1 1 1 1 2 0 1 1 1 1 2 0 1 1 2 0 1 3 3 2 1 5 4 1 4 1 4 3 5 1      49500      40500 
0	1084000	1 1 1 0 2 0 0 2 1 1 0 2 1 1 0 2 1 1 0 2 1 1 1 1 1 1 0 6 1 1 2 0 1 1 1 1 1 1 1 1 0 2 3 0 1 1 1 2 4 1 2 3 4 0 2 3 3 3 5 1      54000      45000 
99	 897000	1 0 1 1 2 0 0 2 1 1 1 1 1 1 1 1 1 1 1 1 1 1 0 2 0 2 1 1 1 1 1 1 2 1 1 1 1 1 2 0 1 1 1 1 1 1 1 2 5 1 2 3 2 3 2 3 3 4 4 3      54000      40500 
198	 710000	0 3 1 1 1 0 1 0 1 0 1 0 1 0 1 1 1 0 1 0 1 1 1 0 1 0 1 1 1 1 1 1 1 1 1 1 1 1 2 1 1 2 1 1 1 4 0 9 3 1 3 1 1 9 4 0 4 2 4 0      72000      18000 
486	 135144	1 0 1 0 1 0 1 0 1 0 1 0 1 0 1 0 1 0 1 1 1 1 1 1 1 1 1 1 1 1 1 1 1 2 1 1 1 1 1 2 1 2 1 2 1 2 2 2 3 2 2 6 3 2 3 2 4 1 2 8      65857      16571 
0	1007000	0 2 0 2 0 2 2 0 1 1 0 2 1 1 1 1 2 0 1 1 2 0 2 0 0 2 1 1 2 1 2 0 1 1 0 3 2 0 0 2 0 2 4 0 1 1 1 2 3 2 1 4 1 3 3 2 1 4 7 0      40500      55500 
99	 904000	0 2 1 0 1 2 0 3 1 0 2 0 1 0 1 0 1 0 1 1 0 3 2 0 2 0 0 3 1 1 2 0 1 1 2 0 0 3 2 0 1 1 0 3 1 1 1 3 3 1 3 2 3 1 1 6 4 2 4 3      63000      30000 
198	 750000	1 1 2 0 2 0 1 1 1 1 2 0 1 1 1 1 1 1 1 1 0 2 0 2 2 0 1 1 0 2 1 1 1 1 3 0 0 2 2 1 1 1 0 2 1 1 1 2 2 3 4 1 3 2 2 3 5 2 0 6      40000      50000 
297	 672000	0 2 1 0 1 1 1 1 0 2 1 1 0 2 1 1 0 2 1 1 1 1 1 1 1 1 1 1 1 1 1 1 1 1 2 0 1 2 2 0 2 0 1 2 2 0 0 5 4 1 3 2 2 4 2 3 5 0 3 3      54000      33000 
0	1053000	2 0 0 2 2 0 2 0 2 0 1 1 1 1 1 1 1 1 1 1 1 2 1 1 0 2 1 1 2 0 1 1 0 2 2 0 1 1 0 2 1 1 0 2 0 2 4 1 2 3 1 3 5 1 1 3 1 4 5 3      40500      55500 
99	 738000	2 0 0 1 2 0 2 0 2 0 1 1 1 1 1 1 1 1 1 1 0 2 1 1 0 2 1 1 3 0 1 1 0 2 2 1 1 1 1 1 2 1 0 2 0 2 3 1 2 3 1 4 5 1 2 3 0 5 4 2      36000      54000 
198	 700000	1 0 1 0 1 0 1 1 1 0 1 1 1 0 1 1 2 0 1 1 1 1 0 4 1 1 1 1 1 1 1 1 1 1 1 1 1 1 2 0 1 1 1 2 1 2 0 6 3 2 3 1 1 7 2 4 5 0 4 1      65000      25000 
297	 570000	1 0 1 1 1 0 1 0 1 0 1 0 1 0 1 0 1 0 1 1 1 1 1 1 1 1 1 1 1 1 1 1 1 1 1 2 1 1 1 2 1 2 2 0 1 2 2 0 3 3 3 1 2 5 3 2 3 5 2 8      70000      15000 
0	 964288	2 0 2 0 1 1 1 1 2 0 0 2 2 0 0 2 0 2 1 1 1 1 1 1 2 0 2 0 2 0 2 0 0 2 0 2 0 2 1 1 1 2 1 2 2 0 1 2 1 4 3 2 4 2 2 3 1 6 4 1      52714      41144 
99	 941000	2 0 1 1 0 1 0 2 0 1 0 1 2 0 0 1 0 2 1 1 1 1 1 1 1 1 2 1 1 1 1 1 3 0 1 1 1 1 1 1 0 2 1 1 1 1 1 2 5 1 4 2 4 2 2 3 5 2 0 7      31500      63000 
198	 760000	0 2 1 1 2 0 1 1 1 1 2 0 2 0 1 1 0 2 0 2 0 2 1 1 0 2 1 1 0 2 1 1 2 0 1 1 0 2 2 0 1 1 0 2 0 2 3 1 4 1 1 4 5 1 3 2 2 4 5 2      45000      45000 
297	 544500	1 0 1 0 1 0 0 4 1 0 0 4 1 0 1 0 1 1 1 1 1 1 1 1 1 1 1 1 2 0 1 1 1 2 1 1 1 1 1 2 1 2 1 2 1 2 2 1 3 1 2 6 3 1 3 2 3 4 4 0      70000      15750 
0	1156000	2 0 0 2 0 1 2 0 0 1 0 1 0 1 0 1 1 1 2 1 1 1 3 0 1 1 1 1 0 2 1 1 0 2 1 1 1 1 0 2 1 1 0 2 1 2 3 1 1 3 1 7 3 2 1 3 8 0 7 0      36000      63000 
99	 934800	0 1 1 1 0 2 0 1 0 1 0 1 3 0 1 1 0 1 3 0 0 2 0 2 0 2 0 2 3 0 1 2 3 0 1 1 0 2 0 2 1 1 3 0 1 1 1 2 2 3 3 2 0 4 5 1 5 2 5 2      30800      63000 
198	 736668	2 0 0 2 2 0 1 1 1 1 1 1 0 2 2 0 2 0 0 2 1 1 0 2 1 1 1 1 1 1 0 2 2 0 1 1 0 2 0 3 2 0 0 3 1 1 2 1 1 4 4 1 4 1 4 1 4 2 2 5      46667      43333 
297	 677500	1 0 1 0 0 3 1 0 1 1 1 1 1 0 1 0 1 1 1 1 2 0 1 1 1 2 1 1 1 1 1 1 1 1 1 1 1 1 2 0 1 2 1 2 1 1 2 1 3 2 3 2 3 2 2 4 4 1 1 9      66250      23750 
0	1090000	1 1 0 1 0 2 0 1 0 1 0 2 0 1 1 1 1 2 2 0 2 0 1 1 0 3 1 1 1 1 1 1 1 1 2 1 1 2 1 1 1 1 1 1 2 1 1 2 4 2 0 4 5 1 3 2 3 3 6 1      36000      63000 
99	 828800	1 1 1 1 0 1 1 1 1 1 1 1 1 1 1 1 0 1 1 1 2 1 1 1 1 2 1 1 1 1 1 1 1 1 1 1 1 1 2 1 1 1 1 1 1 1 1 2 4 2 0 4 5 1 2 3 1 4 6 2      28800      63000 
198	 696668	0 1 0 1 1 1 1 1 0 1 1 1 1 1 1 1 0 1 0 1 1 1 1 1 0 1 1 1 1 1 1 1 0 2 1 1 1 1 2 1 0 2 1 1 2 1 5 1 1 3 1 3 2 3 5 2 3 3 8 2      16667      73333 
297	 559778	1 0 1 0 1 0 1 0 1 0 1 0 1 0 1 0 1 0 1 1 1 0 1 1 1 1 1 1 1 2 1 1 2 0 1 1 1 1 1 2 2 0 1 2 1 2 1 5 3 1 3 1 3 1 2 6 3 4 2 9      72000      15111 
0	 959000	0 2 1 0 0 2 2 0 1 1 0 2 1 1 2 0 2 0 2 1 1 1 0 2 1 1 2 0 1 2 2 0 2 0 1 1 0 2 1 1 2 0 1 1 1 1 1 2 3 2 0 6 2 4 5 0 1 6 4 1      54000      40500 
99	 784000	0 1 2 0 0 1 3 0 0 2 1 1 0 1 0 2 0 1 1 1 1 1 1 1 1 1 0 2 1 1 1 1 1 1 1 1 0 2 1 1 2 1 1 1 0 2 3 1 4 2 4 2 1 3 7 1 3 3 2 4      27000      63000 
198	 670000	0 1 0 1 0 1 1 1 0 1 0 1 1 1 0 1 1 1 1 1 3 1 1 1 1 1 1 1 1 1 1 1 1 1 2 1 0 2 2 1 2 1 1 1 1 1 1 2 8 1 5 2 1 3 1 3 1 4 4 3      20000      70000 
297	 588668	0 1 0 1 1 1 0 1 0 1 0 1 0 1 1 1 1 1 1 1 1 1 1 1 1 1 1 1 1 1 1 1 1 1 2 1 0 2 2 1 2 1 2 1 2 1 1 2 8 1 4 2 2 3 1 3 1 4 4 3      20666      64667 
0	 879200	2 0 0 1 0 2 1 1 1 1 1 1 1 1 3 0 0 1 3 0 2 1 1 1 3 0 1 1 0 2 1 1 0 2 1 1 3 0 1 1 0 3 1 1 0 2 1 2 1 3 3 2 5 1 2 3 1 4 3 3      28800      63000 
99	 796000	0 2 1 0 1 1 1 1 1 1 1 1 1 1 0 2 2 0 0 3 1 1 1 1 1 2 1 1 2 0 1 1 2 0 1 1 0 3 1 1 2 0 1 1 1 1 2 1 3 2 2 3 2 5 3 2 4 1 3 3      58500      31500 
198	 700000	2 0 1 0 1 1 1 1 1 0 1 0 1 0 1 0 1 0 1 0 1 0 1 0 1 0 1 1 1 2 1 1 1 1 1 1 1 1 1 2 2 0 1 2 0 6 2 1 2 4 3 1 2 5 3 3 2 8 4 1      72000      17000 
297	 576668	0 1 0 1 0 1 1 1 0 1 0 1 0 1 0 1 0 1 0 2 1 1 1 1 1 1 1 1 1 1 1 1 1 1 1 1 1 1 2 1 0 2 2 1 6 0 0 2 6 2 1 3 6 2 1 3 8 2 0 4      16666      70000 
0	1154000	0 1 0 1 0 1 0 1 0 3 2 0 0 1 0 1 0 1 0 2 0 2 3 0 0 2 3 0 0 2 0 2 1 1 3 0 1 1 0 2 0 3 1 1 0 3 1 2 6 0 5 1 4 1 2 3 3 3 7 1      36000      63000 
99	 738000	1 0 1 0 1 2 1 0 1 0 1 0 1 0 1 0 1 0 1 1 1 0 1 1 1 0 2 0 1 1 1 1 2 0 1 4 1 1 1 2 1 2 1 2 1 1 2 1 2 4 3 2 2 4 3 1 3 4 2 8      72000      18000 
387	 490000	1 0 1 0 1 0 1 0 1 0 1 0 1 0 1 0 1 0 1 1 1 1 1 1 1 1 1 1 1 1 1 2 1 2 1 1 1 1 1 2 1 2 1 2 1 2 2 0 3 2 2 6 3 1 2 6 4 2 3 5      70000      15000 
0	 932000	1 0 0 2 0 3 1 1 0 2 2 0 1 0 1 1 1 0 1 1 1 1 2 0 1 1 1 1 0 3 1 1 2 0 0 3 0 3 1 1 2 0 1 1 0 3 2 1 3 2 2 3 2 3 3 2 3 3 7 0      63000      31500 
99	 750000	1 2 1 0 1 0 1 0 1 0 1 0 1 0 1 0 1 1 1 1 1 3 1 1 1 1 1 1 1 1 1 2 1 1 1 1 0 4 1 1 0 4 1 3 2 0 2 0 4 0 3 1 2 4 2 5 3 4 4 1      67500      22500 
198	 652000	0 1 0 1 0 1 0 1 0 1 1 1 0 1 0 1 1 1 1 1 1 1 1 1 3 0 0 2 1 1 1 1 2 1 1 1 1 1 2 1 2 1 0 2 0 2 3 1 2 3 5 2 7 1 2 3 4 3 1 4      24000      63000 
297	 580000	0 1 1 1 0 1 0 1 0 1 0 1 0 1 1 1 0 1 1 1 1 1 1 1 1 1 1 1 1 1 1 1 1 1 1 1 5 0 2 1 5 0 2 1 0 2 1 2 0 4 2 3 4 2 5 2 4 3 1 4      20000      65000 
0	1068670	1 0 0 2 0 2 0 2 1 0 0 2 1 1 1 0 1 0 1 1 1 1 0 3 1 1 3 0 1 1 2 0 1 2 1 1 1 1 4 0 1 1 2 0 2 1 0 4 2 3 3 1 2 3 2 3 2 4 5 2      63000      34667 
99	 880000	1 0 0 2 0 3 1 0 1 0 1 0 1 0 1 0 2 0 1 1 1 1 1 2 1 1 1 1 1 2 1 2 1 2 1 1 1 1 2 0 0 3 0 3 1 1 2 2 3 2 2 4 4 0 3 2 3 4 4 2      63000      30000 
198	 750000	0 1 0 1 1 1 2 1 1 1 0 2 1 1 1 1 1 1 1 1 1 1 0 2 1 1 1 1 1 1 1 1 1 1 3 0 1 1 1 1 2 1 1 1 1 1 3 1 0 4 2 3 4 2 3 2 4 3 3 3      30000      60000 
297	 718000	0 2 1 0 1 1 0 3 1 1 1 1 1 1 1 0 1 0 1 1 0 3 1 1 1 1 2 0 1 1 2 0 1 1 1 1 1 1 0 4 2 0 2 0 0 4 2 1 3 1 3 2 2 4 2 4 3 3 5 0      63000      27000 
0	1072000	0 2 0 2 1 0 1 0 1 1 1 2 1 0 0 2 2 0 0 3 0 2 0 3 1 1 2 0 1 1 1 2 1 1 1 1 0 3 1 1 1 1 2 0 1 1 3 0 4 1 4 0 4 0 2 6 2 5 4 1      63000      36000 
99	 730002	1 1 1 1 0 2 0 2 1 1 1 1 0 2 1 1 0 2 1 1 1 1 1 1 1 1 0 2 2 0 2 0 1 1 2 0 1 1 2 0 1 1 1 2 2 0 1 3 4 1 2 3 4 1 4 1 3 4 1 5      46667      43333 
198	 716668	1 0 1 0 1 0 1 0 1 1 1 1 1 0 1 1 1 0 0 3 1 1 2 0 1 1 0 4 1 1 1 1 1 1 1 1 2 0 0 4 2 0 2 0 1 1 2 1 4 0 1 7 3 2 1 6 4 1 3 4      63333      26667 
297	 644000	1 0 1 0 1 1 1 0 1 0 1 0 1 0 1 0 1 0 0 3 1 1 2 0 1 1 0 4 1 1 1 1 1 1 1 1 2 0 0 4 2 0 2 0 1 2 2 1 4 0 1 7 3 2 1 7 4 1 3 4      63000      24000 