
0     40333.00      550000.00
1     52332.00      567000.00
2     43902.00      582000.00
3     57585.00      486000.00
4     51645.00      515000.00
5     44122.00      537000.00
6     60098.00      512108.00
7     39760.00      592000.00
8     47651.00      526000.00
9     57236.00      518800.00
10     29409.00      576000.00
11     30898.00      596000.00
12     35664.00      564000.00
13     21720.00      632000.00
14     11778.00      582000.00
15     37275.00      482000.00
16     55902.00      510000.00
17     50465.00      122000.00
18     36407.00      480000.00
19     43517.00      598576.00