
0     23836.00      510000.00
1     41679.00      570000.00
2      9262.00      568000.00
3     17580.00      524400.00
4     49799.00      500000.00
5     29475.00      538000.00
6     16474.00      598000.00
7     23387.00      525000.00
8     25857.00      607500.00
9     33822.00      560528.00
10     20870.00      532000.00
11     44304.00      510000.00
12     57544.00      578268.00
13     50591.00      204000.00
14     46197.00      480000.00
15     58992.00      534800.00
16     51811.00      520000.00
17     35724.00      540000.00
18     31597.00      565200.00
19     47213.00      528000.00