
0      35254.00      101600.00
1      55241.00       93574.00
2      21224.00      106036.00
3      53056.00       98668.00
4      23008.00       91668.00
5      78725.00      105476.00
6      72481.00       73336.00
7      70715.00       95716.00
8      43247.00      120000.00
9      84030.00       86250.00
10      67002.00       94668.00
11      59521.00       90000.00
12      70458.00       98636.00
13      58595.00      102000.00
14      43262.00       86000.00
15      83823.00       89910.00
16      53725.00      107600.00
17      54444.00       79242.00
18      69749.00       91474.00
19      63206.00      101962.00