0	28994800.000000
99	14377800.000000
198	12143500.000000
297	12003366.000000
396	11495800.000000
495	10295800.000000
594	8999300.000000
693	7199800.000000
792	6311800.000000
891	6285800.000000
990	6117800.000000
1188	5395800.000000
1287	5227800.000000
1683	5227768.000000
2079	5177800.000000
2376	5152800.000000
2871	5152768.000000
2970	5152734.000000
3960	4506300.000000
4356	4490800.000000
4554	4266550.000000
4752	4256800.000000
4851	3582800.000000
5247	3532800.000000
5742	3199800.000000
6138	3199774.000000
6435	3027800.000000
7128	3018800.000000
7227	3005800.000000
7623	2937800.000000
8118	2755300.000000
8316	2755280.000000
9207	2730800.000000
9306	2725300.000000
9801	2722748.000000
10098	2701778.000000
10296	2647756.000000
10692	2538800.000000
11880	2338800.000000
12870	2282784.000000
13860	2241800.000000
14058	2198452.000000
14652	2164776.000000
14751	2159278.000000
15147	2129774.000000
15345	2119128.000000
15840	2111288.000000
17919	2100120.000000
18117	2091800.000000
18414	2036800.000000
18711	2012780.000000
19008	2004280.000000
19107	1995018.000000
19206	1906802.000000
19305	1865550.000000
21483	1845364.000000
24948	1803936.000000
26334	1789300.000000
26829	1755120.000000
26928	1746788.000000
28116	1694792.000000
28512	1685800.000000
29205	1685060.000000
29304	1650990.000000
32967	1600400.000000
33165	1600380.000000
33264	1588886.000000
36135	1588878.000000
36333	1509130.000000
36927	1483796.000000
39996	1452464.000000
43362	1441464.000000
44748	1434794.000000
51480	1416470.000000
53064	1400802.000000
55440	1379538.000000
61182	1379134.000000
65934	1377138.000000
67518	1371800.000000
67617	1369800.000000
76131	1337806.000000
77121	1322800.000000
81081	1317800.000000
102465	1313472.000000
104247	1311804.000000
106029	1277962.000000
0	34934800.000000
99	25671800.000000
198	20996300.000000
297	19355800.000000
396	18917800.000000
495	14409800.000000
594	14326800.000000
693	13445764.000000
792	12119800.000000
891	10208800.000000
990	9777772.000000
1089	9709800.000000
1188	7971270.000000
1386	7811800.000000
1485	7590800.000000
1584	7129800.000000
1683	6956894.000000
1881	6423800.000000
1980	6342800.000000
2178	6259800.000000
2475	6259764.000000
2871	5642800.000000
2970	5227800.000000
3366	5152800.000000
3762	5152732.000000
3960	4595800.000000
4158	3901800.000000
4356	3858786.000000
4752	3830800.000000
5346	3545800.000000
5841	3537800.000000
5940	3385800.000000
6138	3362800.000000
6237	3312800.000000
7029	3307800.000000
7425	3304284.000000
7524	3281800.000000
7821	3241800.000000
8019	3231800.000000
8118	3231768.000000
8217	3085800.000000
8712	3011800.000000
9207	2959800.000000
9306	2904800.000000
9504	2861800.000000
9900	2840980.000000
10593	2833200.000000
10791	2833180.000000
10890	2805582.000000
11088	2741576.000000
11484	2727782.000000
11880	2715800.000000
12672	2715780.000000
13266	2714800.000000
13464	2664800.000000
14157	2620382.000000
15642	2588584.000000
16236	2575780.000000
16929	2551800.000000
17424	2523800.000000
17721	2517800.000000
18018	2489782.000000
18810	2489780.000000
18909	2479800.000000
19305	2479776.000000
20394	2431800.000000
20691	2387798.000000
21186	2387782.000000
21978	2377798.000000
22275	2337782.000000
23562	2322782.000000
23859	2322776.000000
24057	2317780.000000
24255	2131800.000000
25443	2105800.000000
25938	2105784.000000
26334	2105780.000000
27027	2096800.000000
27126	2044188.000000
27621	1993800.000000
29106	1983774.000000
29304	1974800.000000
30690	1926296.000000
31284	1911598.000000
31482	1874200.000000
33759	1867800.000000
34155	1850472.000000
34947	1820170.000000
36234	1780170.000000
38214	1776662.000000
38511	1762802.000000
38907	1757800.000000
39897	1748800.000000
42768	1732800.000000
43263	1702400.000000
44154	1676900.000000
44451	1649700.000000
44649	1646300.000000
45540	1629186.000000
46035	1568214.000000
49599	1542624.000000
50193	1531154.000000
52470	1481800.000000
55044	1480634.000000
55341	1453920.000000
62172	1441806.000000
64647	1441800.000000
64944	1411800.000000
87219	1400476.000000
87516	1393808.000000
92565	1383800.000000
98505	1373810.000000
99198	1373800.000000
99693	1363800.000000
100584	1360478.000000
104346	1352804.000000
106326	1337144.000000
156717	1330476.000000
166122	1327804.000000
168993	1327800.000000
178497	1307810.000000
182457	1307800.000000
0	30708800.000000
99	25225800.000000
198	23412800.000000
297	17712800.000000
495	16188800.000000
594	15241800.000000
693	11968600.000000
891	10697800.000000
990	10493770.000000
1188	9760800.000000
1287	8513800.000000
1584	6942800.000000
1881	6693782.000000
2574	6499800.000000
2673	6453800.000000
2772	6401800.000000
2871	6152800.000000
3168	6125800.000000
3267	5999800.000000
3564	5951800.000000
3762	5951776.000000
3861	5899800.000000
3960	5891800.000000
4059	5754800.000000
4257	5754776.000000
4356	5750774.000000
4455	5456780.000000
4851	5450800.000000
5049	5450780.000000
5148	5397800.000000
5445	5396800.000000
5742	5369442.000000
5940	5260300.000000
6336	5260270.000000
6435	5185300.000000
6633	4537800.000000
7029	4517800.000000
7128	4477800.000000
7722	4457800.000000
7821	4377800.000000
8019	4223800.000000
8217	4149800.000000
8712	4105800.000000
9108	4042278.000000
9207	3993800.000000
9405	3990800.000000
9504	3941800.000000
9603	3826800.000000
9702	3789800.000000
9999	3709800.000000
10197	3675800.000000
10395	3621800.000000
10494	3562800.000000
10593	3546778.000000
10692	3529800.000000
10791	3513800.000000
10890	3457778.000000
11484	3121800.000000
13167	3121788.000000
14652	3093800.000000
15246	3043800.000000
15345	2935784.000000
18018	2900300.000000
18513	2884282.000000
18810	2874800.000000
18909	2865282.000000
19107	2825300.000000
19206	2825264.000000
19305	2784800.000000
19899	2774024.000000
19998	2741286.000000
20592	2719800.000000
21780	2694200.000000
21879	2672274.000000
22176	2655778.000000
22374	2641800.000000
23760	2541400.000000
24156	2525550.000000
24255	2471754.000000
24651	2454800.000000
24849	2453780.000000
24948	2415652.000000
25146	2401050.000000
25245	2381772.000000
25938	2249800.000000
26433	2215786.000000
26730	2209790.000000
27423	2189800.000000
28512	2189786.000000
28908	2178200.000000
29502	2148200.000000
30195	2097800.000000
31284	2085000.000000
31383	2084998.000000
32175	2084000.000000
32769	2034800.000000
33363	2022792.000000
33462	1990446.000000
34749	1979800.000000
34947	1967800.000000
35145	1951800.000000
37422	1932800.000000
38016	1921464.000000
39105	1905800.000000
39402	1887800.000000
39897	1827200.000000
40293	1827190.000000
41481	1738800.000000
42966	1738600.000000
43362	1731050.000000
45639	1730900.000000
46035	1716604.000000
46728	1716602.000000
47817	1713404.000000
48510	1713402.000000
50193	1697802.000000
50292	1670000.000000
51084	1660006.000000
51183	1631300.000000
52767	1623200.000000
53955	1563800.000000
54945	1528300.000000
55836	1519200.000000
57123	1519200.000000
62073	1515804.000000
63063	1501600.000000
63855	1496200.000000
65439	1487000.000000
69795	1452400.000000
71181	1437002.000000
72270	1430868.000000
73260	1416866.000000
82566	1403000.000000
85041	1392000.000000
90783	1377800.000000
95040	1373506.000000
156024	1372800.000000
0	33488800.000000
99	28934800.000000
198	24207800.000000
297	17625800.000000
396	15139800.000000
594	12337600.000000
693	11961800.000000
891	10762770.000000
990	10713800.000000
1386	10021800.000000
1485	9865750.000000
1584	9861800.000000
1683	9549800.000000
1782	9230300.000000
2277	8199770.000000
2475	7859800.000000
2871	7859780.000000
3960	7841758.000000
4158	7793800.000000
4257	7721800.000000
4356	7649800.000000
4653	7635800.000000
4752	7631800.000000
4950	7621758.000000
5148	7613800.000000
5247	7609800.000000
5346	6999800.000000
5643	6999780.000000
5742	6929800.000000
6039	6719780.000000
6138	6497800.000000
6237	6377800.000000
6336	6327800.000000
6831	6283800.000000
7128	6279774.000000
7227	6241776.000000
7722	5915800.000000
8118	5867800.000000
8217	5799800.000000
9009	5373800.000000
9207	5284800.000000
9702	5259770.000000
9801	5228800.000000
9900	5098800.000000
10098	4855778.000000
10296	4845800.000000
10494	4747742.000000
11088	4587800.000000
11484	4487776.000000
11781	4432774.000000
12078	4407800.000000
12375	4382772.000000
12771	4377800.000000
12870	4377770.000000
13068	4377744.000000
13365	4363800.000000
13662	4350300.000000
13761	4344800.000000
13860	4330300.000000
14058	4309276.000000
14157	4225800.000000
14454	3819300.000000
15345	3761800.000000
15741	3743800.000000
16533	3689800.000000
16731	3689778.000000
16929	3638800.000000
17028	3615800.000000
17424	3609800.000000
17523	3591800.000000
17622	3581800.000000
17721	3514784.000000
18018	3504300.000000
18315	3494300.000000
18612	3464300.000000
18711	3327378.000000
19107	3302000.000000
19800	3301980.000000
19998	3286482.000000
20097	3272400.000000
20394	3242376.000000
20691	3221974.000000
20988	3212800.000000
21285	3203554.000000
21879	3182776.000000
22374	3167800.000000
22869	3167800.000000
22968	3117800.000000
23463	3117776.000000
23562	2979790.000000
24354	2955764.000000
24948	2952800.000000
25047	2925768.000000
25443	2919764.000000
26136	2902800.000000
26730	2898762.000000
29304	2880540.000000
30294	2875000.000000
30591	2865576.000000
31383	2831800.000000
33264	2831396.000000
33363	2807800.000000
34353	2787800.000000
34848	2757800.000000
35541	2757782.000000
36630	2707800.000000
37323	2609800.000000
37620	2597800.000000
38907	2557800.000000
39303	2487800.000000
39402	2474120.000000
40491	2461800.000000
40788	2431800.000000
40887	2395300.000000
41481	2377800.000000
41580	2365300.000000
42273	2355300.000000
42471	2325300.000000
43065	2312800.000000
43758	2290300.000000
45045	2260300.000000
45144	2242800.000000
45837	2238800.000000
46134	2232800.000000
46431	2220174.000000
46629	2187800.000000
47520	2127800.000000
48213	2124600.000000
48609	2112600.000000
50490	2112588.000000
50787	2080656.000000
51084	2060790.000000
51381	2059282.000000
51480	2025200.000000
52668	2023294.000000
56331	2023000.000000
56925	2008298.000000
57123	2004800.000000
58905	1981000.000000
60291	1980386.000000
61677	1974622.000000
61974	1966800.000000
64548	1966788.000000
64746	1942988.000000
65637	1927286.000000
66132	1919800.000000
70884	1888360.000000
71478	1885630.000000
76428	1876892.000000
77517	1862760.000000
78606	1807790.000000
86130	1791786.000000
91278	1782460.000000
95733	1750200.000000
96822	1731900.000000
102069	1723000.000000
102366	1693630.000000
103455	1687626.000000
103653	1648048.000000
104544	1621800.000000
108504	1615806.000000
109395	1597802.000000
110088	1560300.000000
115137	1559886.000000
115830	1533140.000000
119988	1526692.000000
120681	1522250.000000
121572	1509800.000000
130581	1504468.000000
130977	1502440.000000
131868	1498356.000000
135333	1497800.000000
138996	1475626.000000
141174	1464600.000000
149193	1455358.000000
178299	1437800.000000
194535	1433736.000000
195822	1420536.000000
0	25219800.000000
198	20243800.000000
297	14677800.000000
495	13427800.000000
594	12844800.000000
693	12701800.000000
792	11659800.000000
891	11415800.000000
990	10495766.000000
1188	8363800.000000
1386	7191800.000000
1683	7017800.000000
1782	6399800.000000
1980	6259778.000000
2277	6023800.000000
2475	5879800.000000
2772	5227800.000000
2970	5227704.000000
3564	5167800.000000
3861	5167736.000000
4356	4280800.000000
4554	4280778.000000
7623	4243800.000000
8019	4213770.000000
8217	4213768.000000
9207	3910600.000000
10494	3414800.000000
11484	3248272.000000
12177	3198300.000000
13068	3173282.000000
13266	3146800.000000
15048	3107800.000000
16236	3107776.000000
16533	3051800.000000
16929	2893800.000000
18117	2631800.000000
18513	2619800.000000
18612	2527786.000000
19701	2517788.000000
20988	2499800.000000
21087	2445800.000000
21186	2445774.000000
23760	2405784.000000
23958	2371800.000000
24156	2359800.000000
24255	2358800.000000
24354	2294800.000000
24453	2251800.000000
25740	2169164.000000
26334	2081800.000000
26829	1959050.000000
28710	1927800.000000
30789	1897302.000000
31383	1891400.000000
32175	1836300.000000
32472	1826300.000000
33462	1816800.000000
33660	1816788.000000
34155	1787300.000000
36531	1787288.000000
37323	1784800.000000
37422	1769400.000000
39105	1717800.000000
40095	1710300.000000
41085	1709806.000000
41283	1684800.000000
41877	1670800.000000
42471	1669794.000000
43263	1642800.000000
44451	1613800.000000
44847	1606800.000000
45540	1606800.000000
45738	1573800.000000
47520	1494800.000000
53163	1459804.000000
55341	1444800.000000
101178	1433936.000000
101574	1420470.000000
106623	1420300.000000
123750	1403968.000000
127611	1400918.000000
145035	1394642.000000
153648	1384922.000000
185130	1384478.000000
0	32372800.000000
99	25104800.000000
198	20068800.000000
297	16989800.000000
396	13773800.000000
594	12552800.000000
693	10419800.000000
792	9838800.000000
891	9151800.000000
990	9017800.000000
1089	8559800.000000
1287	8508300.000000
1386	7500800.000000
1584	7000766.000000
1782	6312772.000000
2178	6301800.000000
2277	6291800.000000
2574	5383800.000000
2772	5232800.000000
3465	5232704.000000
4059	5207800.000000
4257	5157768.000000
4356	4790800.000000
4554	4187800.000000
4653	4023758.000000
4752	4021090.000000
4950	3965772.000000
5148	3965744.000000
5247	3804734.000000
5445	3614800.000000
5544	3585300.000000
5643	2935300.000000
5940	2614800.000000
7029	2614790.000000
8514	2613800.000000
9009	2560800.000000
9405	2559800.000000
9603	2536550.000000
9702	2536540.000000
9801	2529300.000000
10395	2475770.000000
10692	2414800.000000
10791	2400800.000000
10890	2389800.000000
11385	2331300.000000
12375	2267300.000000
12969	2266300.000000
13068	2212800.000000
13167	2206200.000000
13266	1959776.000000
15246	1957286.000000
15741	1939782.000000
16137	1927300.000000
17325	1882300.000000
17820	1881800.000000
19503	1881796.000000
19701	1871800.000000
20295	1856800.000000
22671	1836800.000000
23067	1765400.000000
23859	1765390.000000
24156	1758588.000000
25641	1724802.000000
26235	1724800.000000
26730	1709468.000000
27324	1696800.000000
30195	1680800.000000
30987	1667000.000000
32571	1651800.000000
32868	1637300.000000
33066	1607886.000000
35046	1597786.000000
38709	1596700.000000
39303	1542800.000000
41481	1535802.000000
42075	1529200.000000
43659	1500494.000000
60291	1460734.000000
70488	1436000.000000
78903	1418606.000000
105039	1416000.000000
128898	1413134.000000
143649	1392052.000000
0	32918800.000000
99	25416800.000000
198	23312800.000000
297	17127800.000000
396	15965800.000000
495	14412800.000000
693	11487800.000000
792	10591800.000000
990	9207800.000000
1188	8416300.000000
1386	8314070.000000
1485	7628300.000000
1584	6846776.000000
1881	6701300.000000
2079	6322800.000000
2178	5432800.000000
2376	5423800.000000
2475	5397800.000000
2574	5356800.000000
2772	5337800.000000
3366	5337770.000000
3465	5257800.000000
3663	5227800.000000
4554	5227774.000000
4653	5167800.000000
4752	5167776.000000
4851	5152800.000000
4950	5152738.000000
5049	4952800.000000
5346	4751300.000000
6138	4298730.000000
6534	4015800.000000
6732	3709800.000000
7227	3659800.000000
7524	3417800.000000
8019	3401800.000000
8118	3401776.000000
9504	3395800.000000
9702	3389754.000000
9999	3345800.000000
10494	3278780.000000
10791	3175800.000000
11187	3169800.000000
11286	2997772.000000
12177	2951800.000000
12375	2947800.000000
12474	2896800.000000
12672	2889800.000000
12771	2875800.000000
12870	2823800.000000
13068	2815780.000000
13167	2783800.000000
13266	2741784.000000
14256	2721800.000000
14454	2691800.000000
15345	2673774.000000
15642	2640788.000000
16434	2609300.000000
16929	2501786.000000
17226	2469800.000000
17523	2419790.000000
17721	2419786.000000
17820	2307800.000000
19305	2305800.000000
19404	2293800.000000
19503	2279800.000000
19701	2093790.000000
20097	2091800.000000
20691	2063800.000000
20790	2005800.000000
21879	1994800.000000
23859	1937494.000000
25641	1922120.000000
28116	1909800.000000
28809	1861542.000000
29304	1844800.000000
30096	1747780.000000
34155	1721800.000000
34947	1721788.000000
35145	1667800.000000
37224	1665800.000000
37422	1623300.000000
37521	1621334.000000
38511	1593800.000000
39006	1566884.000000
43758	1545788.000000
44550	1539774.000000
46134	1530800.000000
47124	1501800.000000
49599	1453800.000000
51084	1427788.000000
59004	1421800.000000
76824	1416456.000000
85338	1411790.000000
106722	1391800.000000
108207	1387800.000000
116127	1333808.000000
198000	1333800.000000
0	35010800.000000
99	28934800.000000
198	20460800.000000
297	19451800.000000
396	17000800.000000
495	16299800.000000
594	14421800.000000
693	10712800.000000
891	10531800.000000
990	9171772.000000
1188	9171768.000000
1386	9016800.000000
1584	8767800.000000
1782	8206800.000000
1980	6438776.000000
2871	6378770.000000
3267	6107800.000000
3663	5929300.000000
3762	5899800.000000
3861	5614800.000000
4059	5564800.000000
4158	5408772.000000
4356	4977780.000000
4851	4927778.000000
5049	4847752.000000
5346	4756600.000000
5445	4696046.000000
5643	4593800.000000
5742	4487776.000000
5841	4333800.000000
5940	4261800.000000
6039	4177800.000000
6138	4053750.000000
6237	4041800.000000
6534	3991766.000000
6633	3987782.000000
6732	3957784.000000
7128	3937800.000000
7326	3782800.000000
7623	3762782.000000
8019	3726102.000000
8118	3603800.000000
8712	3534800.000000
9009	3477770.000000
9306	3158800.000000
9603	3148800.000000
9999	3108800.000000
10296	3078800.000000
10395	3069800.000000
10494	3057800.000000
10692	3037800.000000
10791	3035800.000000
10989	3018800.000000
11385	2967800.000000
11583	2917800.000000
12177	2897800.000000
12474	2877788.000000
12870	2797800.000000
12969	2777786.000000
13959	2757800.000000
14256	2747800.000000
14553	2713800.000000
15246	2647800.000000
15741	2627800.000000
16335	2567800.000000
17127	2507784.000000
17226	2285798.000000
17721	2265796.000000
19008	2253792.000000
19701	2252550.000000
19800	2217794.000000
20097	2207792.000000
20592	2192792.000000
21087	2158368.000000
21582	2126654.000000
23760	2118366.000000
24156	2115800.000000
24849	2111800.000000
24948	2068332.000000
25542	2002800.000000
25740	1977530.000000
28413	1962530.000000
28710	1956800.000000
29700	1955392.000000
31482	1930800.000000
31878	1927392.000000
31977	1926400.000000
32769	1910600.000000
33858	1907036.000000
34155	1856000.000000
34254	1827200.000000
36729	1819984.000000
37422	1769400.000000
37719	1759800.000000
41184	1742800.000000
41679	1730550.000000
42273	1721550.000000
42372	1704336.000000
42669	1684920.000000
44253	1681800.000000
44649	1656968.000000
48708	1636270.000000
49698	1609800.000000
52866	1591628.000000
55935	1580174.000000
58212	1569246.000000
58410	1566158.000000
62172	1548928.000000
65637	1533800.000000
73854	1525648.000000
81675	1522348.000000
85239	1520440.000000
98307	1514064.000000
102168	1511800.000000
110682	1510686.000000
120285	1497800.000000
122463	1492200.000000
124542	1486376.000000
124740	1485632.000000
133353	1484300.000000
146718	1477520.000000
147807	1474666.000000
149886	1465148.000000
164043	1448280.000000
169785	1436514.000000
198792	1435222.000000
0	28904800.000000
99	26309800.000000
198	20800800.000000
297	17857800.000000
396	15469800.000000
495	15319300.000000
594	14982768.000000
693	13499800.000000
792	11357800.000000
891	10438830.000000
1089	9022298.000000
1188	8147768.000000
1287	7877766.000000
1386	7117800.000000
1782	6428800.000000
2178	6327800.000000
2277	6219800.000000
2376	6141756.000000
2574	6120800.000000
2673	5806800.000000
2772	5267800.000000
2871	5267774.000000
2970	5262770.000000
3168	3932784.000000
3960	3919800.000000
4653	3751210.000000
4752	3587800.000000
4950	3587770.000000
5445	3568768.000000
6237	3554800.000000
6633	3238774.000000
6831	3107800.000000
7326	3093786.000000
7722	3063778.000000
8019	2793800.000000
8613	2779778.000000
9108	2769800.000000
9702	2719550.000000
9801	2713790.000000
9900	2641664.000000
10098	2635422.000000
10593	2599406.000000
11484	2597290.000000
12177	2520800.000000
12375	2505116.000000
12771	2478286.000000
14553	2455448.000000
14949	2455442.000000
15147	2444792.000000
15444	2356200.000000
16830	2341900.000000
17424	2333200.000000
17523	2133800.000000
18810	2133796.000000
19008	2083794.000000
19503	2043076.000000
19899	2037300.000000
20394	2017300.000000
21384	2012800.000000
22275	2012800.000000
23265	1995800.000000
25443	1951788.000000
25641	1940084.000000
25938	1910800.000000
28413	1900800.000000
31383	1900800.000000
31878	1885802.000000
32175	1885800.000000
32868	1867800.000000
32967	1867300.000000
33066	1860990.000000
33264	1860982.000000
33363	1856470.000000
33561	1853800.000000
34353	1853792.000000
36036	1819894.000000
39897	1801900.000000
40392	1794692.000000
40590	1790304.000000
40689	1787700.000000
41481	1763796.000000
41877	1753800.000000
41976	1744068.000000
42273	1743800.000000
42867	1703800.000000
43362	1703786.000000
46728	1686644.000000
49005	1621790.000000
49302	1544472.000000
54450	1522802.000000
55044	1498470.000000
58311	1474800.000000
59202	1445800.000000
61677	1445232.000000
62271	1441136.000000
65043	1420668.000000
75933	1414804.000000
81180	1411800.000000
82071	1401806.000000
89199	1390472.000000
113949	1378480.000000
123948	1377644.000000
124047	1376800.000000
142461	1365156.000000
148797	1363342.000000
0	30726800.000000
99	27877762.000000
198	23183800.000000
297	19368800.000000
396	14045764.000000
693	11269800.000000
891	10537800.000000
990	8842800.000000
1188	8013800.000000
1287	8003800.000000
1584	6865800.000000
1683	6783800.000000
1881	6435776.000000
1980	6327752.000000
2079	6242800.000000
2178	5901800.000000
2574	5412800.000000
2871	5412760.000000
2970	5307800.000000
3762	5094800.000000
4554	5058800.000000
4851	4897800.000000
5148	4845800.000000
5346	4805800.000000
5643	4805776.000000
5940	4799776.000000
6138	4595780.000000
6237	4427800.000000
6336	4347748.000000
7128	4104800.000000
7524	3655780.000000
8910	3622800.000000
9108	3620800.000000
9306	3596786.000000
9405	3509780.000000
9504	3410272.000000
10098	3406778.000000
10494	3406776.000000
10791	3323800.000000
10890	3111780.000000
11682	3103784.000000
11979	3093782.000000
12078	3093770.000000
12771	3068284.000000
13068	3030784.000000
13365	2917786.000000
14355	2903800.000000
15246	2903786.000000
15345	2811300.000000
16038	2748800.000000
16533	2748788.000000
16929	2738800.000000
17325	2719800.000000
17424	2699800.000000
18117	2568800.000000
18315	2539800.000000
19404	2485764.000000
19899	2440786.000000
20592	2405200.000000
21681	2403800.000000
22077	2383600.000000
23859	2370800.000000
24057	2342200.000000
24156	2330800.000000
24255	2316400.000000
24948	2271000.000000
26235	2270988.000000
27027	2265800.000000
27522	2263794.000000
27720	2235796.000000
27918	2168176.000000
29205	2168172.000000
29304	2113792.000000
33363	2084134.000000
34056	2063302.000000
34254	2053800.000000
38115	2023800.000000
40788	1983800.000000
40986	1968364.000000
45144	1958364.000000
50688	1860788.000000
53658	1812300.000000
54846	1761800.000000
57717	1756796.000000
58410	1743790.000000
60489	1702300.000000
68904	1683800.000000
71676	1661204.000000
76131	1661200.000000
83259	1656000.000000
89001	1638104.000000
92169	1621872.000000
97515	1602800.000000
109593	1602190.000000
112662	1599996.000000
112959	1579800.000000
117810	1551804.000000
123255	1546648.000000
136917	1533300.000000
145728	1533286.000000
146322	1519300.000000
153450	1503134.000000
199782	1502470.000000
0	34019800.000000
99	24438800.000000
198	16052800.000000
297	14419800.000000
396	13801800.000000
495	11232300.000000
891	9823800.000000
1089	9395800.000000
1188	8313800.000000
1386	7344800.000000
1881	6927736.000000
1980	6187800.000000
2376	5307800.000000
3069	5217800.000000
3564	5167770.000000
3663	5157770.000000
3861	4651000.000000
4257	4552800.000000
4455	4155800.000000
4950	3821784.000000
5742	3621800.000000
7524	3591800.000000
8118	3497782.000000
8613	3443780.000000
8811	3443764.000000
8910	3317784.000000
9306	3306050.000000
10989	3306032.000000
12276	3267800.000000
12573	3260300.000000
13068	3099800.000000
13662	3085788.000000
14652	3039800.000000
15246	2931800.000000
15345	2911800.000000
16335	2905800.000000
17325	2875800.000000
17622	2865800.000000
18711	2820800.000000
18909	2770800.000000
19008	2770784.000000
19701	2770772.000000
20592	2761800.000000
22572	2747800.000000
23265	2747774.000000
23562	2735800.000000
23661	2491800.000000
27621	2491778.000000
27720	2373800.000000
33858	2333800.000000
34353	2295800.000000
39699	2287784.000000
39798	2273800.000000
40689	2244800.000000
41085	2244794.000000
41184	2223800.000000
41382	2187774.000000
41580	2186050.000000
41679	2157800.000000
42471	2147792.000000
42570	2097800.000000
43956	2097792.000000
44055	2094786.000000
44253	2053300.000000
44649	2029784.000000
44748	2017186.000000
44946	2013400.000000
45144	1967384.000000
45441	1949782.000000
45837	1943782.000000
45936	1905786.000000
46728	1794200.000000
47421	1774200.000000
48213	1744200.000000
49995	1720334.000000
50193	1689202.000000
50589	1689200.000000
52767	1688600.000000
55539	1684600.000000
55935	1674002.000000
56034	1672994.000000
56826	1653798.000000
58014	1646592.000000
58410	1645800.000000
58509	1636796.000000
58707	1636790.000000
59202	1557032.000000
60588	1522400.000000
61281	1517800.000000
66825	1516800.000000
71181	1490088.000000
72567	1479086.000000
81279	1467810.000000
82071	1467408.000000
84843	1466800.000000
86625	1447800.000000
88407	1427818.000000
89595	1422800.000000
93258	1417818.000000
93357	1397820.000000
94941	1397812.000000
99495	1377820.000000
99693	1377812.000000
100287	1377800.000000
108306	1367800.000000
110583	1347812.000000
111672	1347800.000000
111969	1340042.000000
112464	1327800.000000
140283	1307816.000000
142065	1307812.000000
143154	1297800.000000
155430	1287824.000000
173448	1287800.000000
0	33388800.000000
99	28736800.000000
198	23951800.000000
297	17199800.000000
495	15880300.000000
594	11547800.000000
792	10407800.000000
990	7167800.000000
1485	6835274.000000
1782	6807280.000000
1881	6510370.000000
1980	6290766.000000
2178	6175800.000000
2970	5617800.000000
3069	5537800.000000
3168	5297800.000000
3465	5227772.000000
3762	5220800.000000
3960	5182768.000000
4158	5175300.000000
4257	5157764.000000
4356	5152740.000000
4653	4830300.000000
4851	4196752.000000
5445	4160800.000000
5742	4160768.000000
5841	3646600.000000
5940	3602600.000000
6039	3485800.000000
6237	3485762.000000
6435	3481760.000000
6534	3459800.000000
6831	3459782.000000
7029	3449782.000000
7722	3449768.000000
8217	3409300.000000
8316	3379800.000000
8514	3285800.000000
9009	3281800.000000
10098	3168600.000000
10296	3091200.000000
10494	3041800.000000
10989	2954748.000000
11385	2937772.000000
11880	2884032.000000
12177	2870800.000000
12474	2860786.000000
12672	2747800.000000
12969	2739050.000000
13266	2575800.000000
13662	2568792.000000
13761	2531800.000000
14157	2485800.000000
14256	2485792.000000
14553	2472284.000000
14850	2332300.000000
15345	2329300.000000
15444	2267786.000000
16038	2242286.000000
16137	2215800.000000
16236	2207798.000000
16434	2155550.000000
16533	2016300.000000
17622	2005800.000000
17919	1984120.000000
19008	1923300.000000
19602	1911388.000000
20790	1877390.000000
21483	1872006.000000
21780	1855400.000000
22671	1841800.000000
23364	1798420.000000
23958	1795292.000000
25740	1793792.000000
26433	1779794.000000
26730	1777788.000000
28908	1763112.000000
29898	1731776.000000
30195	1725554.000000
30294	1668600.000000
31383	1655200.000000
32274	1655198.000000
33561	1654802.000000
37026	1652796.000000
37620	1630802.000000
37917	1627288.000000
38313	1596792.000000
38511	1589800.000000
39105	1589794.000000
39303	1554600.000000
40194	1535690.000000
41085	1523016.000000
41283	1497508.000000
42075	1495244.000000
42174	1481734.000000
44352	1463816.000000
44847	1461728.000000
47124	1455920.000000
47520	1454936.000000
47718	1452210.000000
48015	1433800.000000
48213	1422800.000000
48510	1403550.000000
49005	1397236.000000
49401	1365400.000000
52470	1347000.000000
55341	1335800.000000
56925	1333800.000000
58509	1323808.000000
59697	1323800.000000
59796	1313800.000000
60786	1303800.000000
64746	1293800.000000
65241	1285516.000000
67617	1271134.000000
71676	1259800.000000
92466	1251134.000000
95238	1249800.000000
111870	1237800.000000
121572	1233814.000000
132165	1233800.000000
168597	1216960.000000
0	34196800.000000
99	24199800.000000
198	16538800.000000
396	16184772.000000
495	14739800.000000
594	11844300.000000
693	10712800.000000
792	10012800.000000
891	9900800.000000
990	9807800.000000
1089	8323800.000000
1188	7946800.000000
1386	6999742.000000
1584	6475754.000000
1683	6281740.000000
1881	6280800.000000
2079	5341700.000000
2178	5295300.000000
2673	5265300.000000
3069	5242800.000000
3267	5242768.000000
3564	5242738.000000
4059	5227800.000000
4356	4789744.000000
4752	4775774.000000
5445	4347800.000000
5742	4224800.000000
6039	4193800.000000
6138	4119780.000000
6237	4009776.000000
6336	4002800.000000
6633	3992800.000000
6732	3986800.000000
6831	3862770.000000
7029	3735800.000000
7425	3687800.000000
7623	3602780.000000
7920	3427782.000000
8019	3427774.000000
8316	3402300.000000
8514	3398800.000000
8712	3355776.000000
8811	3333300.000000
9009	3172778.000000
9306	3136274.000000
9801	3122530.000000
9999	3063300.000000
10296	3044800.000000
11187	2937980.000000
11880	2933512.000000
11979	2879800.000000
12078	2785786.000000
12177	2780800.000000
13464	2671800.000000
14652	2630800.000000
19998	2629800.000000
20097	2603300.000000
20790	2537778.000000
21285	2515800.000000
21483	2479790.000000
21879	2465800.000000
22176	2413800.000000
22374	2381800.000000
22671	2241800.000000
23265	2231800.000000
23364	2131786.000000
23859	2102800.000000
24651	2069800.000000
25443	2051790.000000
25641	2050646.000000
25740	2047782.000000
26037	1994932.000000
26334	1994928.000000
26532	1989212.000000
26829	1959800.000000
27126	1950470.000000
27522	1905584.000000
28017	1887136.000000
29502	1815800.000000
31581	1786800.000000
31878	1783142.000000
31977	1764300.000000
33165	1763620.000000
33363	1741812.000000
34452	1711800.000000
35838	1689300.000000
40392	1681550.000000
41679	1663800.000000
43263	1645300.000000
43857	1639300.000000
44154	1629298.000000
45441	1625300.000000
46926	1616800.000000
51777	1613800.000000
53559	1611800.000000
57321	1571804.000000
58806	1561814.000000
59103	1561800.000000
59400	1531798.000000
66825	1511812.000000
66924	1507806.000000
69597	1507800.000000
70488	1500512.000000
74844	1495924.000000
75240	1479456.000000
77220	1471034.000000
77616	1467364.000000
92070	1459800.000000
98703	1451692.000000
99000	1431692.000000
102366	1414158.000000
103653	1403240.000000
122067	1391802.000000
123750	1384102.000000
139887	1367808.000000
156420	1367800.000000
194931	1362808.000000
0	33472800.000000
99	24961800.000000
198	19408800.000000
297	16942800.000000
396	14670550.000000
495	14319800.000000
594	11853800.000000
693	10712800.000000
792	9085800.000000
891	8961800.000000
1089	7459800.000000
1287	7375800.000000
1386	6456800.000000
1485	6425800.000000
1584	6394758.000000
1782	6364782.000000
1881	6354780.000000
1980	6322778.000000
2178	6322772.000000
2475	5933800.000000
2574	5841778.000000
2772	5475774.000000
2970	5300800.000000
3069	5300772.000000
4752	4900800.000000
5544	4644780.000000
5940	4453800.000000
6237	4453780.000000
6831	4445774.000000
7227	4316526.000000
7524	4297800.000000
8811	4043782.000000
9207	4020800.000000
9405	4010780.000000
9504	3967800.000000
9702	3641800.000000
10098	3627800.000000
10593	3576800.000000
10890	3564300.000000
11088	3444800.000000
11187	3397800.000000
11583	3377800.000000
11979	3373780.000000
12276	3334280.000000
12375	3300800.000000
12474	3300786.000000
12573	3220286.000000
12771	3199276.000000
13068	3102800.000000
13662	3096780.000000
13860	3093278.000000
14157	3084266.000000
14355	3002778.000000
15048	2952778.000000
15741	2923300.000000
15840	2906774.000000
16236	2837786.000000
16533	2793780.000000
16632	2759800.000000
16830	2743784.000000
16929	2643800.000000
17226	2621092.000000
17523	2619760.000000
17622	2587800.000000
17919	2583778.000000
18315	2583776.000000
18513	2577778.000000
19404	2572800.000000
19701	2521800.000000
20097	2509800.000000
20196	2357776.000000
20889	2348774.000000
21186	2209800.000000
21879	2031790.000000
22374	1976800.000000
22572	1940200.000000
22671	1908200.000000
22968	1908186.000000
25047	1889200.000000
25443	1844200.000000
25542	1842900.000000
25839	1839400.000000
26136	1820800.000000
26631	1813800.000000
27522	1796800.000000
29601	1772796.000000
30690	1769600.000000
31383	1766800.000000
32274	1755800.000000
33066	1730598.000000
33561	1729472.000000
36630	1714802.000000
37224	1687800.000000
41778	1656800.000000
42273	1635800.000000
45639	1621544.000000
47322	1616792.000000
47817	1609300.000000
48708	1594958.000000
58905	1561124.000000
64152	1555800.000000
66132	1521794.000000
69102	1507540.000000
73260	1491502.000000
73458	1481798.000000
106425	1473800.000000
113652	1458800.000000
120681	1420682.000000
121968	1398800.000000
132957	1398800.000000
138105	1371016.000000
139095	1365238.000000
147609	1363800.000000
163746	1362800.000000
164538	1356300.000000
182853	1353794.000000
0	34322800.000000
99	25380800.000000
198	20195800.000000
297	18869762.000000
396	17853800.000000
495	16039800.000000
594	15937800.000000
693	12359800.000000
891	10493800.000000
990	9269800.000000
1188	8590800.000000
1287	7665300.000000
1386	7338300.000000
1584	6842738.000000
1782	6526778.000000
1881	6380768.000000
2079	6274800.000000
2772	6184764.000000
2970	6178732.000000
3069	5874800.000000
3663	5855744.000000
3762	5750800.000000
3960	5525756.000000
4059	5407800.000000
4257	5365718.000000
4554	5295800.000000
4752	5131800.000000
5148	4314800.000000
5940	4314790.000000
6930	4274192.000000
7425	4209800.000000
7623	4165800.000000
7722	4151764.000000
8118	4145800.000000
8316	4038258.000000
8415	3956800.000000
8613	3905800.000000
8910	3892800.000000
9108	3862800.000000
9207	3810800.000000
9603	3772800.000000
9702	3763768.000000
9999	3763300.000000
10098	3763264.000000
10197	3713264.000000
11088	3672782.000000
11187	3633800.000000
11682	3621300.000000
11979	3363760.000000
12177	3244800.000000
12573	3244760.000000
12771	3244758.000000
13266	3135782.000000
13563	3123780.000000
13761	3105782.000000
14058	3069800.000000
14157	3057780.000000
14751	3048800.000000
15048	3035782.000000
15345	3035762.000000
15642	3025782.000000
16137	3021800.000000
16335	3011800.000000
16632	2983776.000000
16830	2957776.000000
17127	2951800.000000
17325	2935800.000000
17622	2824984.000000
17919	2809382.000000
19206	2738700.000000
19701	2684000.000000
21879	2659200.000000
21978	2656800.000000
22176	2583600.000000
24057	2583582.000000
24453	2499514.000000
25641	2477178.000000
26433	2439180.000000
26829	2428800.000000
27324	2371826.000000
28809	2338054.000000
29304	2326786.000000
29601	2237700.000000
29799	2207400.000000
30492	2199774.000000
31878	2079790.000000
31977	2071800.000000
32571	2035800.000000
33462	2031790.000000
33759	2003784.000000
34650	1887800.000000
36036	1865800.000000
37125	1853300.000000
38214	1814800.000000
38313	1793200.000000
40986	1779800.000000
41679	1688600.000000
47322	1686600.000000
48906	1650200.000000
52470	1640600.000000
56034	1625800.000000
56628	1597800.000000
59994	1576300.000000
60192	1563124.000000
66726	1562458.000000
74844	1534798.000000
87120	1530200.000000
87417	1521800.000000
92664	1477798.000000
93654	1471798.000000
94149	1467400.000000
99297	1464998.000000
119196	1454600.000000
122958	1427800.000000
128502	1399684.000000
133947	1387520.000000
143451	1372530.000000
197604	1370032.000000
0	31342800.000000
99	25272800.000000
198	22699800.000000
297	17719800.000000
396	16121800.000000
495	15929800.000000
594	13007800.000000
693	11033300.000000
1188	10526436.000000
1287	9577800.000000
1386	9381772.000000
1485	9220800.000000
1584	9025800.000000
1683	8922800.000000
1980	8585800.000000
2079	8176800.000000
2277	6961800.000000
2475	6961786.000000
2574	6390600.000000
2673	6147106.000000
2772	5440752.000000
2970	5278772.000000
3564	5272800.000000
3762	5252800.000000
3960	5202800.000000
4158	5177800.000000
4455	5172770.000000
4851	5167800.000000
5346	5157800.000000
5742	5157764.000000
5940	5152800.000000
6039	4387800.000000
6237	4053800.000000
6336	4027800.000000
6435	3869780.000000
6732	3847800.000000
6930	3640776.000000
7722	3629300.000000
7821	3365754.000000
8019	3331800.000000
8316	2974770.000000
9603	2946300.000000
10098	2943800.000000
10296	2939786.000000
10791	2909800.000000
11088	2909778.000000
11187	2894800.000000
11286	2879800.000000
11583	2879782.000000
11682	2860800.000000
11979	2830766.000000
12276	2703750.000000
12771	2699774.000000
13068	2677800.000000
13266	2643800.000000
14652	2581800.000000
18612	2581776.000000
19107	2564800.000000
19602	2558800.000000
19701	2443800.000000
19899	2443786.000000
19998	2435800.000000
20097	2415800.000000
20988	2307800.000000
21285	2267300.000000
23166	2266288.000000
23661	2234458.000000
24354	2234300.000000
24750	2205800.000000
24849	2185594.000000
25146	2157200.000000
25938	2135600.000000
26136	2122600.000000
26235	2047800.000000
26928	2014454.000000
27621	2012794.000000
28116	2004800.000000
28611	2003128.000000
28908	2001780.000000
29205	1967800.000000
29898	1939800.000000
30096	1931800.000000
30195	1811800.000000
30987	1806800.000000
31086	1801788.000000
31284	1776800.000000
31482	1776792.000000
31581	1766800.000000
32769	1751800.000000
34056	1746800.000000
34848	1721794.000000
35838	1681800.000000
36828	1676800.000000
38115	1676790.000000
41085	1625818.000000
42867	1609804.000000
49401	1598800.000000
50391	1591800.000000
51975	1571800.000000
62271	1553800.000000
63360	1545800.000000
65835	1543800.000000
66429	1516800.000000
67320	1508800.000000
68310	1507800.000000
69795	1504800.000000
71478	1501818.000000
71775	1496800.000000
73755	1478468.000000
75933	1470134.000000
77418	1468480.000000
79299	1456800.000000
83259	1445550.000000
85833	1415550.000000
87021	1405560.000000
89496	1403050.000000
90288	1389472.000000
91377	1389468.000000
91476	1363358.000000
95436	1360914.000000
101772	1340914.000000
105039	1336112.000000
118404	1324300.000000
120186	1321830.000000
137907	1321812.000000
195921	1321460.000000
0	32969800.000000
99	28584800.000000
198	18075800.000000
396	17579800.000000
495	16372800.000000
594	15177800.000000
693	13059800.000000
792	12425800.000000
891	12107770.000000
990	9827800.000000
1089	8807764.000000
1287	7447800.000000
1386	6496300.000000
1485	6436440.000000
1584	6418330.000000
1683	6352800.000000
2079	6115740.000000
2376	5379800.000000
2475	5302748.000000
2772	5227800.000000
2970	5227740.000000
3069	5152770.000000
3762	5152766.000000
3861	4144800.000000
3960	3851800.000000
6039	3821776.000000
6336	3791800.000000
6930	3673800.000000
7029	3645800.000000
7128	3629780.000000
7227	3598000.000000
7326	3532300.000000
8019	3404800.000000
8118	3367800.000000
8316	3360286.000000
9306	3310760.000000
9603	3260800.000000
10890	3260758.000000
11781	3237300.000000
12375	3210282.000000
12771	3191300.000000
12870	3178800.000000
13365	3178780.000000
13563	3076780.000000
14058	3076778.000000
15444	3053778.000000
16335	3011800.000000
17523	2837800.000000
22374	2807800.000000
23265	2807780.000000
31086	2807772.000000
31185	2700800.000000
31482	2700796.000000
31779	2623800.000000
31977	2583800.000000
32571	2566792.000000
33066	2548800.000000
33561	2546800.000000
33957	2525800.000000
35145	2522800.000000
35244	2519800.000000
35343	2510788.000000
35442	2460800.000000
35640	2429800.000000
35937	2410800.000000
36234	2400800.000000
36333	2343500.000000
37521	2303992.000000
38016	2274778.000000
38808	2229534.000000
39402	2227128.000000
39501	2192968.000000
39798	2187384.000000
40491	2087796.000000
40590	2067798.000000
41382	2022138.000000
42570	2003776.000000
43362	1973800.000000
43560	1953790.000000
44847	1953172.000000
45540	1945096.000000
46728	1922800.000000
47817	1920800.000000
48312	1893804.000000
48708	1853812.000000
52569	1845136.000000
52767	1836468.000000
53262	1815468.000000
56925	1770978.000000
57915	1743462.000000
60984	1734794.000000
61479	1695132.000000
62766	1691462.000000
63360	1658268.000000
63657	1651808.000000
64152	1645126.000000
66330	1639126.000000
67716	1617136.000000
68805	1604802.000000
69003	1594808.000000
73458	1562326.000000
77319	1557906.000000
77715	1526694.000000
79497	1511820.000000
79893	1511160.000000
80784	1511000.000000
82170	1504980.000000
97911	1504392.000000
112959	1492300.000000
117513	1490654.000000
125037	1490476.000000
135729	1488802.000000
138600	1459140.000000
148896	1453362.000000
149688	1452482.000000
163548	1452258.000000
166419	1445812.000000
167508	1444952.000000
176319	1440664.000000
183942	1422258.000000
192654	1420042.000000
0	31966800.000000
99	25192800.000000
198	21343800.000000
297	19401800.000000
396	18560800.000000
495	15401800.000000
594	12593800.000000
693	12331800.000000
792	11403800.000000
891	8435180.000000
990	7877948.000000
1188	7853492.000000
1485	7800800.000000
1584	7069106.000000
1782	6831774.000000
2079	6386300.000000
2277	6361800.000000
2475	5682800.000000
3069	5616748.000000
3366	5549774.000000
3465	5549750.000000
3564	5439768.000000
3663	5327800.000000
3762	5324748.000000
4059	5313600.000000
4158	5232770.000000
4455	4982168.000000
4653	4649774.000000
5643	4581470.000000
5940	4497300.000000
6633	4323776.000000
6732	4276800.000000
7524	3744800.000000
8613	3656578.000000
9009	3573550.000000
9108	3441800.000000
9900	3400776.000000
9999	3173034.000000
10098	3162800.000000
10692	3045272.000000
11088	2869800.000000
11385	2787800.000000
11781	2777782.000000
11880	2687800.000000
12078	2677784.000000
12474	2677780.000000
13464	2657782.000000
13860	2609800.000000
14751	2565768.000000
15345	2490774.000000
15543	2456800.000000
16236	2384800.000000
16533	2377800.000000
16731	2299800.000000
18612	2281800.000000
21186	2165800.000000
22572	2139800.000000
22770	2131774.000000
24552	1919790.000000
24948	1905786.000000
25938	1877774.000000
27324	1875784.000000
28314	1856472.000000
28413	1822376.000000
28908	1809800.000000
32274	1784268.000000
32868	1779800.000000
32967	1777800.000000
33561	1761808.000000
34056	1753806.000000
34452	1745052.000000
35046	1722200.000000
35244	1711550.000000
37818	1688048.000000
39006	1675132.000000
39897	1643804.000000
40392	1643800.000000
41877	1633800.000000
42075	1628050.000000
47619	1620300.000000
48114	1613800.000000
48213	1607804.000000
48807	1607800.000000
50787	1593136.000000
51777	1567800.000000
52272	1555802.000000
55539	1555800.000000
57717	1547800.000000
61974	1546300.000000
63756	1524928.000000
69894	1517784.000000
69993	1497800.000000
75537	1492800.000000
76527	1487802.000000
84645	1486800.000000
89100	1482636.000000
90684	1463800.000000
95436	1459050.000000
99297	1444800.000000
121968	1428800.000000
122958	1427800.000000
151074	1423132.000000
164142	1392800.000000
178596	1381134.000000
181368	1371136.000000
0	29716800.000000
99	22598800.000000
198	18616800.000000
297	16011800.000000
396	11808800.000000
495	10220800.000000
594	8903246.000000
792	8540768.000000
891	6894800.000000
990	6737800.000000
1386	6181800.000000
1485	5569800.000000
1683	5347800.000000
1782	5343464.000000
1881	5262800.000000
2079	5257800.000000
2376	5257300.000000
2475	5247800.000000
2574	5205300.000000
2772	5182800.000000
2970	5182776.000000
3663	5085550.000000
3762	4991244.000000
3861	4536900.000000
4257	4225956.000000
4554	4192790.000000
4851	4112800.000000
5148	4095552.000000
5742	4085550.000000
5841	4057776.000000
6138	4051778.000000
6237	4027750.000000
6336	4024050.000000
6534	3974756.000000
6633	3911748.000000
6831	3848800.000000
7227	3698780.000000
7623	3627800.000000
7722	3528600.000000
8118	3464592.000000
8613	3456446.000000
8712	3397400.000000
9405	3180300.000000
9504	3166936.000000
9603	3165284.000000
9702	3115300.000000
9900	3042286.000000
10197	3042284.000000
10494	2977456.000000
10791	2852790.000000
11880	2767800.000000
12474	2761800.000000
12573	2717800.000000
12672	2705300.000000
13761	2705292.000000
14058	2703792.000000
14256	2697800.000000
14355	2687800.000000
14553	2637790.000000
14751	2620550.000000
14850	2617800.000000
15048	2582162.000000
15147	2543800.000000
15741	2514300.000000
15840	2501300.000000
16533	2321800.000000
16929	2315800.000000
17820	2265800.000000
18315	2255794.000000
18612	2240200.000000
18810	2203800.000000
18909	2183800.000000
20295	2147800.000000
21879	2135800.000000
22275	2111800.000000
23067	2091800.000000
23166	2085800.000000
25047	2006786.000000
26235	1994646.000000
27027	1972988.000000
28017	1941800.000000
28512	1907800.000000
28908	1886840.000000
29205	1882282.000000
29601	1878920.000000
29898	1875300.000000
30393	1854800.000000
31086	1848800.000000
33264	1848790.000000
33363	1802474.000000
34254	1764800.000000
35343	1753798.000000
35442	1743800.000000
35739	1739600.000000
36135	1737800.000000
37521	1727800.000000
38214	1714940.000000
40095	1712804.000000
40491	1712080.000000
40590	1707798.000000
40788	1707794.000000
41382	1705432.000000
43164	1655236.000000
43362	1647378.000000
44649	1631174.000000
45144	1628812.000000
45936	1627550.000000
49302	1613430.000000
50688	1597800.000000
52470	1591134.000000
53361	1584720.000000
55341	1575866.000000
56133	1568132.000000
57024	1547134.000000
62073	1529800.000000
69201	1503134.000000
70587	1497800.000000
75636	1489800.000000
78309	1479800.000000
79398	1475800.000000
79596	1471800.000000
90486	1459134.000000
101970	1453134.000000
103554	1452468.000000
104346	1433144.000000
173844	1426476.000000
189288	1419808.000000
0	34762800.000000
99	26923800.000000
198	23190800.000000
297	18917800.000000
396	18835800.000000
495	16040800.000000
594	13896800.000000
693	10640800.000000
990	8659800.000000
1386	8286800.000000
1485	7867800.000000
1782	6473800.000000
1881	6448800.000000
1980	6292210.000000
2277	6163800.000000
2673	5840800.000000
2772	5614800.000000
2970	5507800.000000
3069	5304800.000000
3168	5302740.000000
3267	5254800.000000
3465	5192800.000000
3564	5182800.000000
3762	4211800.000000
8019	4211770.000000
8811	4167300.000000
11187	3939800.000000
11286	3812800.000000
12969	3701300.000000
13167	3671800.000000
13266	3560800.000000
13860	3493800.000000
14157	3351386.000000
14355	3155300.000000
14949	3135300.000000
15147	3135254.000000
15543	3060300.000000
15741	2831300.000000
15840	2811776.000000
16137	2722776.000000
16632	2715800.000000
17127	2662600.000000
17721	2587800.000000
18513	2411800.000000
18711	2395780.000000
19206	2347800.000000
20493	2311800.000000
20592	2267800.000000
21285	2244600.000000
21681	2232600.000000
22077	2217800.000000
22473	2160800.000000
22572	2160784.000000
22671	2160778.000000
23364	1951800.000000
25443	1909792.000000
26037	1905792.000000
26334	1883800.000000
28116	1881800.000000
28215	1875800.000000
28611	1809222.000000
30294	1805800.000000
31977	1805300.000000
32373	1777800.000000
32472	1754802.000000
33363	1740800.000000
33957	1715000.000000
34353	1690782.000000
37620	1663800.000000
40788	1649800.000000
43857	1641800.000000
44550	1605800.000000
46827	1601800.000000
47520	1596092.000000
48411	1578710.000000
49797	1577800.000000
51678	1565800.000000
52074	1565790.000000
52569	1557800.000000
52965	1544804.000000
57123	1507454.000000
57915	1488292.000000
58707	1475284.000000
68310	1467800.000000
74052	1444790.000000
79893	1423796.000000
82071	1400798.000000
83061	1365300.000000
83853	1354052.000000
86229	1346302.000000
92070	1346300.000000
104445	1340300.000000
104643	1328300.000000
108207	1324056.000000
134838	1316680.000000
141174	1307134.000000
173646	1305800.000000
