
0	 615960	1 0 0 1 0 0 1 0 0 1 0 0 1 0 0 1 0 0 1 0 0 1 0 0 1 0 0 1 1 0 1 1 0 1 1 0 1 1 0 1 2 0 1 2 0 1 2 0 1 2 0 1 2 0 1 2 0 1 2 0 1 2 0 1 2 0 1 2 0 2 2 0 3 3 4 3 3 3 3 3 1 3 3 7 4 2 4 1 2 23      63000      13500       8260 
3267	 523000	0 1 1 0 1 1 0 1 1 0 1 1 0 1 1 0 1 1 0 1 1 0 1 1 0 1 1 1 1 0 1 1 0 1 1 0 1 1 0 2 1 0 2 1 0 2 1 0 2 1 0 2 1 0 2 1 0 2 1 0 2 1 0 2 1 0 2 1 0 2 2 0 3 3 4 3 3 1 3 3 1 3 3 5 2 4 2 2 1 20      16500      57000       9500 
9891	 514296	0 1 1 0 1 1 0 1 1 0 1 1 0 1 1 0 1 1 0 1 1 0 1 1 0 1 1 1 0 1 1 0 1 1 0 1 1 0 1 2 0 1 2 0 1 2 0 1 2 0 1 2 0 1 2 0 1 2 0 1 2 0 1 2 0 1 2 0 1 2 0 2 3 4 3 3 1 3 3 1 3 3 5 3 2 1 4 2 21 1      14841       9047      60318 
10287	 513342	0 1 1 0 1 0 0 1 1 0 1 1 0 1 1 0 1 1 0 1 1 0 1 1 0 1 1 1 1 0 1 1 0 1 1 0 1 1 0 2 1 0 2 1 0 2 1 0 2 1 0 2 1 0 2 1 0 2 1 0 2 1 0 2 1 0 2 1 0 2 2 0 3 3 4 3 3 1 3 3 1 3 3 5 2 4 2 2 1 21      15000      60000       9047 
26901	 510644	1 1 0 1 1 0 1 1 0 1 1 0 1 1 0 1 1 0 1 1 0 1 1 0 1 1 0 0 1 1 0 1 1 0 1 1 0 1 1 0 1 2 0 1 2 0 1 2 0 1 2 0 1 2 0 1 2 0 1 2 0 1 2 0 1 2 0 1 2 0 2 2 3 3 3 1 3 3 1 3 3 5 3 3 2 4 2 21 1 2       9047      57302      16349 
0	 649000	1 0 0 1 0 0 1 0 0 1 0 0 1 0 0 1 0 0 1 0 0 1 0 0 1 0 0 1 1 0 1 1 0 1 1 0 1 1 0 1 2 0 1 2 0 1 2 0 1 2 0 1 2 0 1 2 0 1 2 0 1 2 0 1 2 0 1 2 0 2 2 0 3 3 3 3 3 4 3 3 8 3 3 3 4 2 3 1 2 21      63000      13500       9047 
594	 640000	0 1 0 0 1 0 0 1 1 0 1 0 0 1 0 0 1 0 0 1 1 0 1 1 0 1 1 1 1 0 1 1 0 1 1 1 1 1 0 2 1 1 2 1 0 2 1 0 2 1 0 2 1 0 2 1 0 2 1 0 2 1 0 2 1 0 2 1 0 2 2 0 3 3 6 3 3 4 3 3 3 3 3 1 2 4 4 2 1 18      13500      63000       9000 
990	 629000	0 1 0 0 1 0 1 1 0 0 1 0 0 1 0 0 1 0 1 1 0 1 1 0 1 1 0 0 1 1 0 1 1 1 1 1 0 1 1 1 1 1 0 1 2 0 1 2 0 1 2 0 1 2 0 1 2 0 1 2 0 1 2 0 1 2 0 1 3 0 2 2 6 3 3 4 3 3 3 3 3 1 3 3 4 4 2 18 1 2       9000      63000      13500 
2772	 530748	1 0 1 1 0 1 1 0 1 1 0 1 1 0 1 1 0 1 1 0 1 1 0 1 1 0 1 1 1 0 1 1 0 1 1 1 1 1 0 1 1 1 1 2 0 1 2 0 1 2 0 1 2 0 1 2 0 1 2 0 1 2 0 1 2 0 1 3 0 2 2 0 3 3 6 3 3 1 3 3 2 3 3 1 4 2 3 1 2 18      56298      16851      10555 
36072	 529252	0 1 1 0 1 1 0 1 1 0 1 1 0 1 1 0 1 1 0 1 1 0 1 1 1 1 1 1 0 1 1 0 1 1 1 1 1 0 1 1 1 1 2 0 1 2 0 1 2 0 1 2 0 1 2 0 1 2 0 1 2 1 1 2 0 1 3 1 1 2 0 2 3 5 3 3 1 3 3 2 3 3 1 3 2 2 4 1 18 1      17169      11509      55662 
0	 615960	1 0 0 1 0 0 1 0 0 1 0 0 1 0 0 1 0 0 1 0 0 1 0 0 1 0 0 1 1 0 1 1 0 1 1 0 1 1 0 1 2 0 1 2 0 1 2 0 1 2 0 1 2 0 1 2 0 1 2 0 1 2 0 1 2 0 1 2 0 2 2 0 3 3 5 3 3 2 3 3 5 3 3 4 4 2 3 1 2 23      63000      13500       8260 
990	 589728	0 1 0 0 1 1 0 1 0 0 1 0 1 1 1 0 1 1 0 1 0 0 1 1 0 1 0 1 1 0 1 1 0 1 1 0 1 1 0 2 1 0 2 1 0 2 1 0 2 1 0 2 1 0 2 1 0 2 1 0 2 1 0 2 1 0 2 1 0 2 2 0 3 3 4 2 3 2 3 3 4 3 3 4 2 4 2 2 1 22      13500      63000       8636 
1188	 586456	0 0 1 1 0 1 0 0 1 1 0 1 1 1 1 1 0 1 0 0 1 1 0 1 0 0 1 0 1 1 0 1 1 0 1 1 0 1 1 0 2 1 0 2 1 0 2 1 0 2 1 0 2 1 0 2 1 0 2 1 0 2 1 0 2 1 0 2 1 0 2 2 4 3 3 1 2 3 4 3 3 4 3 3 2 2 4 22 2 1       8636      13500      63000 
3069	 574906	0 1 1 0 1 1 0 1 1 0 1 1 1 1 1 0 1 1 0 1 0 0 1 1 0 1 1 1 1 0 1 1 0 1 1 0 1 1 0 2 1 0 2 1 0 2 1 0 2 1 0 2 1 0 2 1 0 2 1 0 2 1 0 2 1 0 2 1 0 2 2 0 3 3 2 2 3 1 3 3 4 3 3 4 2 4 2 2 1 21      13500      63000       9047 
3267	 533342	1 1 0 1 1 0 1 1 0 1 1 0 1 1 1 1 1 0 1 1 0 1 1 0 1 1 0 1 0 1 1 0 1 1 0 1 1 0 1 1 0 2 1 0 2 1 0 2 1 0 2 1 0 2 1 0 2 1 0 2 1 0 2 1 0 2 1 0 2 2 0 2 3 3 3 3 1 2 3 3 3 3 3 3 4 2 2 1 21 2      60000       9047      15000 
8109	 163436	0 1 1 0 1 1 0 1 1 0 1 1 0 1 1 0 1 1 0 1 1 0 1 1 0 1 1 1 0 1 1 0 1 1 0 1 1 0 1 2 0 1 2 0 1 2 0 1 2 0 1 2 0 1 2 0 1 2 0 1 2 0 1 2 0 1 2 0 1 2 0 2 3 3 3 3 1 3 3 3 3 3 3 3 2 2 4 2 21 1      16524       9047      56953 
17604	 150390	1 1 0 1 1 0 1 1 0 1 1 0 1 1 0 1 1 0 1 1 0 1 1 0 1 1 0 1 0 1 1 0 1 1 0 1 1 1 1 1 0 2 1 0 2 1 0 2 1 0 2 1 0 2 1 0 2 1 0 2 1 0 2 1 0 2 1 0 2 2 0 2 3 2 3 3 1 3 3 3 3 3 3 3 4 2 2 1 21 2      56953       9047      16524 
0	 649000	1 0 0 1 0 0 1 0 0 1 0 0 1 0 0 1 0 0 1 0 0 1 0 0 1 0 0 1 1 0 1 1 0 1 1 0 1 1 0 1 2 0 1 2 0 1 2 0 1 2 0 1 2 0 1 2 0 1 2 0 1 2 0 1 2 0 1 2 0 2 2 0 3 3 6 3 3 6 3 3 2 3 3 6 4 2 1 1 2 21      63000      13500       7715 
1089	 614624	0 1 1 0 0 1 0 1 1 0 1 1 0 1 1 0 1 1 0 1 1 0 1 1 0 1 1 1 1 1 1 0 1 1 0 1 1 1 1 1 1 1 2 1 1 2 1 1 2 1 1 2 1 1 2 1 1 2 2 1 2 1 1 2 2 1 2 1 1 2 0 2 3 4 3 3 2 3 3 0 3 3 0 3 2 3 4 3 11 1      15539      13539      56461 
1287	 611546	1 0 1 0 0 1 1 0 1 1 0 1 1 0 1 1 0 1 1 0 1 1 0 1 1 0 1 1 1 1 0 1 1 0 1 1 1 1 1 1 1 1 1 1 1 1 2 1 1 2 1 1 2 1 1 2 1 2 2 1 1 2 1 2 2 1 1 2 1 0 3 2 4 3 3 2 3 3 0 3 3 0 3 3 3 2 4 11 3 1      13539      15539      56461 
1683	 601390	1 1 0 1 1 0 1 1 0 1 1 0 1 1 0 1 1 1 1 1 0 1 1 0 1 1 1 1 1 1 1 1 1 1 1 1 0 1 1 1 1 1 0 1 2 1 1 2 1 1 2 2 1 2 1 1 2 2 1 2 1 1 2 2 1 2 1 1 2 0 2 2 3 3 2 2 3 2 0 3 3 0 3 3 2 4 2 11 1 3      13539      56461      15539 
1881	 546312	1 0 1 1 0 1 1 0 1 1 0 1 1 0 1 1 0 1 1 0 1 1 0 1 1 0 1 1 1 1 1 1 1 1 1 1 0 1 1 1 1 1 0 2 1 1 1 1 1 1 1 1 2 1 1 2 1 2 2 1 1 2 1 2 2 1 1 2 1 1 2 2 3 3 3 2 3 3 0 4 3 0 4 3 2 2 4 11 3 1      13539      15539      56461 
1980	 522000	1 0 1 1 0 1 1 0 1 1 0 1 1 0 1 1 0 1 1 0 1 1 0 1 1 0 1 1 1 1 1 1 1 1 1 1 0 1 1 1 1 1 0 2 1 1 1 1 1 1 1 1 1 1 1 2 1 2 2 1 1 2 1 2 2 1 1 2 1 1 2 2 3 3 3 2 3 3 0 4 3 0 4 3 2 2 4 11 4 1      13000      15000      57000 
5346	 512000	1 0 1 1 0 1 1 0 1 1 0 1 1 0 1 1 0 1 1 0 1 1 0 1 1 0 1 1 1 1 1 1 1 1 1 1 1 1 0 1 1 1 1 2 0 1 1 1 1 1 1 1 1 2 1 2 1 1 2 1 1 2 1 1 2 2 1 2 1 2 2 1 3 3 3 3 3 2 3 4 0 3 4 0 4 2 2 1 4 11      57000      15000      13000 
5544	 496000	1 1 0 1 1 0 1 1 0 1 1 0 1 1 0 1 1 0 1 1 0 1 1 0 1 1 0 1 1 1 1 1 1 1 1 1 0 1 1 1 1 1 0 1 2 1 1 1 1 1 1 1 1 1 1 1 2 1 1 2 1 1 2 2 1 2 1 1 2 1 2 2 3 3 3 2 3 3 0 3 4 0 3 4 2 4 2 12 1 4      13000      57000      15000 
15921	 173600	1 0 1 1 0 1 1 0 1 1 0 1 1 0 1 1 0 1 1 0 1 1 0 1 1 0 1 1 1 1 1 1 1 1 1 1 1 1 1 1 1 1 1 2 0 1 1 1 1 1 1 1 2 1 1 1 1 1 2 1 1 2 1 1 2 2 1 2 1 2 2 1 3 3 3 3 3 2 3 4 0 3 4 0 4 2 1 1 4 12      54800      16400      11200 
0	 615960	1 0 0 1 0 0 1 0 0 1 0 0 1 0 0 1 0 0 1 0 0 1 0 0 1 0 0 1 1 0 1 1 0 1 1 0 1 1 0 1 2 0 1 2 0 1 2 0 1 2 0 1 2 0 1 2 0 1 2 0 1 2 0 1 2 0 1 2 0 2 2 0 3 3 2 3 3 7 3 3 1 3 3 4 4 2 5 1 2 23      63000      13500       8260 
693	 613440	1 0 0 1 0 0 1 0 0 1 0 0 1 0 0 1 0 1 1 0 0 1 0 0 1 0 0 1 0 1 1 0 1 1 0 1 1 0 1 1 0 2 1 0 2 1 0 2 1 0 2 1 0 2 1 0 2 1 0 2 1 0 2 1 0 2 1 0 2 2 0 2 3 2 3 3 7 3 3 1 2 3 4 3 4 5 2 1 23 2      63000       8261      13500 
792	 603728	0 1 0 0 1 0 1 1 0 0 1 0 0 1 0 0 1 1 0 1 0 0 1 0 0 1 0 0 1 1 0 1 1 0 1 1 0 1 1 0 1 2 0 1 2 0 1 2 0 1 2 0 1 2 0 1 2 0 1 2 0 1 2 0 1 2 0 1 2 0 2 2 5 3 3 7 3 3 4 3 2 2 3 3 1 4 2 22 1 2       8636      63000      13500 
2970	 599440	1 0 0 1 0 0 1 0 0 1 0 0 1 0 0 1 1 0 1 0 1 1 0 0 1 0 0 1 1 0 1 1 0 1 1 0 1 1 0 1 2 0 1 2 0 1 2 0 1 2 0 1 2 0 1 2 0 1 2 0 1 2 0 1 2 0 1 2 0 2 2 0 3 3 2 3 3 7 3 2 1 3 3 4 4 2 4 1 2 23      63000      13500       8260 
6336	 557440	1 0 0 1 0 0 1 1 0 1 0 0 1 1 0 1 0 1 1 1 0 1 1 0 1 0 0 1 0 1 1 0 1 1 0 1 1 0 1 1 0 2 1 0 2 1 0 2 1 0 2 1 0 2 1 0 2 1 0 2 1 0 2 1 0 2 1 0 2 2 0 2 3 1 3 3 6 3 3 1 2 3 3 3 4 4 2 1 23 2      63000       8260      13500 
13059	 543440	0 1 1 0 0 1 0 1 1 0 1 1 0 1 1 1 0 1 0 1 1 0 1 1 0 0 1 1 0 1 1 0 1 1 0 1 1 0 1 2 0 1 2 0 1 2 0 1 2 0 1 2 0 1 2 0 1 2 0 1 2 0 1 2 0 1 2 0 1 2 0 2 3 1 3 3 6 3 2 1 3 3 2 3 2 3 4 2 23 1      13500       8261      63000 
13158	 521824	1 0 1 0 0 1 1 0 1 1 0 1 1 0 1 1 1 1 1 0 1 1 0 1 1 0 1 0 1 1 0 1 1 0 1 1 0 1 1 0 2 1 0 2 1 0 2 1 0 2 1 0 2 1 0 2 1 0 2 1 0 2 1 0 2 1 0 2 1 0 2 2 1 3 3 4 3 3 1 2 3 2 3 3 4 2 4 22 2 1       8636      15000      60000 
22554	 167820	0 1 1 0 1 0 0 1 1 0 1 1 0 1 1 0 1 1 0 1 1 0 1 1 0 1 1 1 1 0 1 1 0 1 1 0 1 1 0 2 1 0 2 1 0 2 1 0 2 1 0 2 1 0 2 1 0 2 1 0 2 1 0 2 1 0 2 1 0 2 2 0 3 3 1 3 3 4 3 3 1 3 3 2 2 4 4 2 1 22      17180      55640       8635 
39672	 164910	1 0 1 1 0 1 1 0 1 1 0 1 1 0 1 1 0 1 1 0 1 1 0 1 1 0 1 1 1 0 1 1 0 1 1 0 1 1 0 1 2 0 1 2 0 1 2 0 1 2 0 1 2 0 1 2 0 1 2 0 1 2 0 1 2 0 1 2 0 2 2 0 3 3 1 3 3 4 3 3 1 3 3 1 4 2 4 1 2 22      55640      17180       8635 
0	 631728	1 0 0 1 0 0 1 0 0 1 0 0 1 0 0 1 0 0 1 0 0 1 0 0 1 0 0 1 1 0 1 1 0 1 1 0 1 1 0 1 2 0 1 2 0 1 2 0 1 2 0 1 2 0 1 2 0 1 2 0 1 2 0 1 2 0 1 2 0 2 2 0 3 3 4 3 3 3 3 3 7 3 3 2 4 2 4 1 2 22      63000      13500       8636 
1980	 565000	1 0 1 1 0 1 1 0 1 1 0 1 1 0 1 1 0 0 1 0 1 1 0 1 1 0 1 1 1 0 1 1 0 1 1 0 1 1 0 1 2 0 1 2 0 1 2 0 1 2 0 1 2 0 1 2 0 1 2 0 1 2 0 1 2 0 1 2 0 2 2 0 3 3 1 3 3 1 3 3 7 3 3 2 4 2 2 1 2 21      63000      13500       7715 
3366	 510644	1 0 1 1 0 1 1 0 1 1 0 1 1 0 1 1 0 1 1 0 1 1 0 1 1 0 1 1 1 0 1 1 0 1 1 0 1 1 0 1 2 0 1 2 0 1 2 0 1 2 0 1 2 0 1 2 0 1 2 0 1 2 0 1 2 0 1 2 0 2 2 0 3 3 1 3 3 1 3 3 5 3 3 2 4 2 3 1 2 21      57302      16349       9047 
15822	 469552	1 1 0 1 1 0 1 1 0 1 1 0 1 1 1 1 1 0 1 1 0 1 1 0 1 1 0 1 1 1 1 1 1 1 1 1 1 1 1 1 1 1 2 1 1 1 1 1 1 1 1 1 1 1 1 1 1 1 1 2 1 1 2 1 1 2 1 1 2 1 2 1 1 3 3 1 3 3 1 3 3 2 3 3 1 4 3 11 1 7      11136      58863      14092 
18099	 467276	0 1 1 0 1 1 0 1 1 0 1 1 1 1 1 0 1 1 0 1 1 0 1 1 0 1 1 1 1 1 1 1 1 1 1 1 1 1 1 1 1 1 1 1 1 1 1 1 1 1 1 1 1 1 1 1 1 2 1 1 2 1 1 2 1 1 2 1 1 1 2 2 3 1 3 3 1 3 3 1 3 3 2 3 3 1 4 7 11 1      14104      11129      58853 
0	 649000	1 0 0 1 0 0 1 0 0 1 0 0 1 0 0 1 0 0 1 0 0 1 0 0 1 0 0 1 1 0 1 1 0 1 1 0 1 1 0 1 2 0 1 2 0 1 2 0 1 2 0 1 2 0 1 2 0 1 2 0 1 2 0 1 2 0 1 2 0 2 2 0 3 3 6 3 3 7 3 3 2 3 3 3 4 2 3 1 2 21      63000      13500       7715 
2277	 646910	1 1 0 1 1 0 0 1 1 1 1 0 0 1 1 0 1 1 0 1 1 1 1 0 1 1 0 1 1 1 1 1 0 1 1 0 1 1 0 2 1 0 1 1 0 1 1 0 2 1 0 2 1 0 2 1 0 2 1 0 2 1 0 2 1 0 2 1 0 2 2 0 3 3 4 3 3 7 2 3 1 2 3 1 1 4 3 2 1 21      19545      61455       8545 
7119	 586000	1 0 0 1 0 0 1 1 0 1 0 0 1 1 0 1 1 1 1 1 0 1 0 0 1 0 0 1 1 1 1 0 1 1 0 1 1 0 1 1 0 2 1 0 2 1 0 2 1 0 2 1 0 2 1 0 2 1 0 2 1 0 2 1 0 2 1 0 2 2 0 2 3 4 2 3 7 3 3 1 3 3 1 3 4 3 2 1 21 2      63000       7715      13500 
18396	 558000	0 1 0 0 1 1 0 1 1 0 1 0 0 1 1 1 1 1 0 1 1 0 1 1 0 1 1 1 1 1 1 1 0 1 1 0 1 1 0 2 1 0 2 1 0 2 1 0 2 1 0 2 1 0 2 1 0 2 1 0 2 1 0 2 1 0 2 1 0 2 2 0 2 3 3 3 3 6 3 3 1 3 3 1 2 4 2 2 1 21      13500      63000       7715 
21366	 503342	0 1 0 0 1 1 0 1 1 0 1 1 0 1 1 1 1 1 0 1 1 0 1 1 0 1 1 1 1 1 1 1 0 1 1 0 1 1 0 2 1 0 2 1 0 2 1 0 2 1 0 2 1 0 2 1 0 2 1 0 2 1 0 2 1 0 2 1 0 2 2 0 2 3 3 3 3 6 3 3 1 3 3 1 2 4 1 2 1 21      14842      60316       9047 
0	 631728	1 0 0 1 0 0 1 0 0 1 0 0 1 0 0 1 0 0 1 0 0 1 0 0 1 0 0 1 1 0 1 1 0 1 1 0 1 1 0 1 2 0 1 2 0 1 2 0 1 2 0 1 2 0 1 2 0 1 2 0 1 2 0 1 2 0 1 2 0 2 2 0 3 3 2 3 3 2 3 3 6 3 3 3 4 2 7 1 2 22      63000      13500       8636 
1683	 607108	1 1 0 0 1 0 1 1 0 1 1 0 1 1 0 0 1 0 1 1 0 1 1 0 0 1 0 0 1 1 0 1 1 1 1 1 0 1 1 0 1 2 0 1 2 0 1 2 0 1 2 0 1 2 0 1 2 0 1 2 0 1 2 0 1 2 0 1 2 0 2 2 3 3 3 6 3 3 1 3 3 0 3 3 6 4 2 19 1 2       8527      63000      13500 
2970	 556116	1 0 1 1 0 1 1 0 1 1 0 1 1 0 1 1 0 1 1 0 1 1 0 1 1 0 1 0 1 1 0 1 1 1 1 1 0 1 1 0 2 1 0 2 1 0 2 1 0 2 1 0 2 1 0 2 1 0 2 1 0 2 1 0 2 1 0 2 1 0 2 2 2 3 3 6 3 3 1 3 3 0 3 3 5 2 4 18 2 1      10555      15278      59444 
7713	 542812	0 0 1 0 1 1 0 0 1 0 1 1 0 1 1 0 0 1 0 1 1 0 0 1 0 1 1 1 1 1 1 0 1 1 0 1 1 1 1 2 1 1 2 0 1 2 0 1 2 1 1 2 1 1 2 0 1 2 0 1 2 0 1 2 1 1 2 1 1 2 0 2 3 1 3 3 1 3 3 2 3 3 1 3 2 4 4 2 21 1      13500       9047      63000 
8307	 521812	1 1 0 1 0 1 1 0 1 1 0 1 1 0 1 1 0 1 1 0 1 1 0 0 1 0 1 1 1 1 1 1 0 1 1 0 1 1 1 1 1 1 1 2 0 1 2 0 1 2 1 1 2 1 1 2 0 1 2 0 1 2 0 1 2 1 1 3 1 2 2 0 3 3 1 3 3 1 3 3 1 3 3 1 4 1 3 1 2 21      63000      13500       9047 
9792	 478104	0 1 1 1 0 1 1 0 1 1 0 1 1 0 1 1 0 1 1 0 1 1 0 1 1 0 1 1 1 1 0 1 1 0 1 1 1 1 1 1 1 1 0 2 1 0 2 1 1 2 1 1 2 1 0 2 1 0 2 1 0 2 1 1 2 1 1 3 1 0 2 2 1 3 3 1 3 3 1 3 3 1 3 3 2 1 4 21 2 1       9048      14524      60952 
18990	 461756	0 0 1 0 1 1 0 1 1 0 1 1 0 1 1 1 1 1 0 1 1 0 1 1 0 1 1 1 1 1 1 0 1 1 0 1 1 1 1 1 1 1 2 0 1 2 0 1 2 1 1 2 1 1 2 0 1 2 0 1 2 0 1 2 1 1 2 1 1 2 0 2 3 1 3 3 1 3 3 1 3 3 1 3 2 2 4 2 21 1      16349       9048      57302 
19089	 456358	0 0 1 1 0 1 1 0 1 1 0 1 1 0 1 1 0 1 1 0 1 1 0 1 1 0 1 1 1 1 0 1 1 0 2 1 1 1 1 1 1 1 0 2 1 0 2 1 1 2 1 1 2 1 0 2 1 0 2 1 0 2 1 1 2 1 1 2 1 0 2 2 1 3 3 1 3 3 1 3 3 1 3 3 2 2 4 21 2 1       9048      16349      57302 
19881	 103098	0 0 1 0 1 1 0 1 1 0 1 1 0 1 1 0 1 1 0 1 1 0 1 1 0 1 1 1 1 1 1 0 1 1 0 1 1 1 1 1 1 1 2 0 1 2 0 1 2 1 1 2 1 1 2 0 1 2 0 1 2 0 1 2 1 1 2 1 1 2 0 2 3 1 3 3 1 3 3 1 3 3 1 3 2 2 4 3 21 1      16182       8273      57727 
0	 649000	1 0 0 1 0 0 1 0 0 1 0 0 1 0 0 1 0 0 1 0 0 1 0 0 1 0 0 1 1 0 1 1 0 1 1 0 1 1 0 1 2 0 1 2 0 1 2 0 1 2 0 1 2 0 1 2 0 1 2 0 1 2 0 1 2 0 1 2 0 2 2 0 3 3 5 3 3 3 3 3 4 3 3 5 4 2 4 1 2 21      63000      13500       9047 
1386	 636548	1 1 1 1 1 0 0 1 1 0 1 1 1 1 0 1 1 1 1 1 0 1 1 0 1 1 0 1 1 1 0 1 1 1 1 1 1 1 1 1 1 1 1 1 1 1 1 1 1 1 2 1 1 2 0 1 2 3 1 1 2 1 2 2 1 2 1 1 2 1 2 2 2 3 2 3 3 3 1 3 3 1 3 3 1 4 3 10 1 2      16182      53818      18182 
2277	 549638	1 1 0 1 1 0 1 1 0 1 1 0 1 1 0 1 1 0 1 1 0 1 1 0 1 1 0 1 1 1 1 1 1 1 1 1 1 1 1 1 1 1 1 1 2 1 1 2 1 1 2 1 1 2 1 0 2 1 2 2 1 2 2 1 1 2 1 1 3 2 1 2 3 1 3 3 2 3 3 1 3 3 1 3 4 1 2 1 11 2      54454      15546      13273 
2475	 536546	1 1 0 1 1 0 1 1 0 1 1 0 1 1 0 1 1 0 1 1 0 1 1 0 1 1 0 1 1 1 1 1 1 1 1 1 1 1 1 1 1 1 1 1 1 1 1 2 1 1 2 1 1 2 1 0 2 1 2 2 1 2 2 1 1 2 1 1 3 2 1 2 3 1 3 3 2 3 3 1 3 3 1 3 4 1 3 1 11 2      54454      15546      13273 
2772	 524910	1 0 1 1 0 1 1 0 1 1 0 1 1 0 1 1 0 1 1 0 1 1 0 1 1 0 1 1 1 1 1 1 1 1 1 1 1 1 1 1 1 1 1 1 1 1 1 1 1 2 1 1 2 1 0 2 1 2 2 1 2 2 1 1 2 1 1 3 1 1 2 2 1 3 3 2 3 3 1 3 3 1 4 3 1 3 4 11 2 1      18090      14545      51910 
2871	 510730	0 1 1 0 1 1 0 1 1 0 1 1 0 1 1 0 1 1 0 1 1 0 1 1 0 1 1 1 1 1 1 1 1 1 1 1 1 1 1 1 1 1 1 1 1 1 1 1 1 1 1 2 1 1 2 0 1 2 2 1 2 2 1 2 1 1 3 1 1 2 1 2 3 1 3 3 2 3 4 1 3 4 1 3 3 1 4 2 11 1      14545      18090      51910 
3069	 496550	1 0 1 1 0 1 1 0 1 1 0 1 1 0 1 1 0 1 1 0 1 1 0 1 1 0 1 1 1 1 1 1 1 1 1 1 1 1 1 1 1 1 1 1 1 1 1 1 1 1 1 1 1 1 1 2 0 1 2 2 1 2 2 1 2 1 1 3 1 2 2 1 3 4 1 3 3 2 3 4 1 3 4 1 4 3 1 1 2 11      51908      14546      18091 
3366	 496548	1 0 1 1 0 1 1 0 1 1 0 1 1 0 1 1 0 1 1 0 1 1 0 1 1 1 1 1 1 1 1 1 1 1 1 1 1 1 1 1 1 1 1 1 1 1 1 1 1 1 1 1 1 1 1 2 0 1 1 2 1 2 2 1 2 1 1 3 1 2 2 1 3 4 1 3 3 2 3 4 1 3 4 1 4 3 1 1 2 11      51908      14546      18091 
8505	 495044	1 0 1 1 0 1 1 0 1 1 0 1 1 0 1 1 0 1 1 0 1 1 0 1 1 0 1 1 1 1 1 1 1 1 1 1 1 1 1 1 1 1 1 1 1 1 1 1 1 1 1 1 2 1 0 2 1 2 2 1 2 2 1 1 2 1 1 2 1 1 2 2 1 4 3 2 3 3 1 4 3 1 4 3 1 2 4 11 3 1      16826      13913      53174 
8604	 492550	0 1 1 0 1 1 0 1 1 0 1 1 0 1 1 0 1 1 0 1 1 0 1 1 0 1 1 1 1 1 1 1 1 1 1 1 1 1 1 1 1 1 1 1 1 2 1 1 2 1 1 2 1 1 2 0 1 2 1 1 2 2 1 2 1 1 2 1 1 2 1 2 3 1 3 3 2 3 4 1 3 3 2 3 3 1 4 2 11 1      14546      18091      51908 
8802	 487458	1 0 1 1 0 1 1 0 1 1 0 1 1 0 1 1 0 1 1 0 1 1 0 1 1 0 1 1 1 1 1 1 1 1 1 1 1 1 1 1 1 1 1 1 1 1 1 1 1 1 1 1 2 1 0 2 1 2 2 1 2 2 1 1 2 1 1 2 1 1 2 2 1 4 3 2 3 3 1 4 3 1 4 3 1 3 4 11 2 1      18091      14546      51908 
8901	 487456	0 1 1 0 1 1 0 1 1 0 1 1 0 1 1 0 1 1 0 1 1 0 1 1 1 1 1 1 1 1 1 1 1 1 1 1 1 1 1 1 1 1 2 1 1 1 1 1 1 1 1 1 1 1 2 0 1 1 2 1 2 2 1 2 1 1 2 1 1 2 1 2 4 1 3 3 2 3 4 1 3 4 1 3 3 1 4 2 11 1      14546      18091      51908 
9099	 478366	1 0 1 1 0 1 1 0 1 1 0 1 1 0 1 1 0 1 1 0 1 1 0 1 1 0 1 1 1 1 1 1 1 1 1 1 1 1 1 1 1 1 1 1 2 1 1 1 1 1 1 1 2 1 1 2 0 1 2 1 1 2 2 1 2 1 1 2 1 2 2 1 3 4 1 3 3 2 3 4 1 3 4 1 4 3 1 1 2 11      51908      14546      18091 
9594	 477366	1 0 1 1 0 1 1 0 1 1 0 1 1 0 1 1 0 1 1 0 1 1 0 1 1 1 1 1 1 1 1 1 1 1 1 1 1 1 1 1 1 1 1 1 1 1 2 1 1 1 2 1 1 1 1 2 0 1 2 1 1 1 2 1 2 1 1 2 1 2 2 1 3 4 1 3 3 2 3 4 1 3 4 1 4 3 1 1 2 11      50910      15045      18091 
10782	 460000	1 1 0 1 1 0 1 1 0 1 1 0 1 1 0 1 1 0 1 1 0 1 1 0 1 1 1 1 1 1 1 1 1 1 1 1 1 1 1 1 1 1 1 1 1 1 1 2 1 1 1 1 1 1 1 0 2 1 1 2 1 2 1 1 1 2 1 1 2 2 1 2 3 1 4 3 2 3 3 1 4 3 1 4 4 2 3 1 11 2      48567      18027      16568 
0	 615960	1 0 0 1 0 0 1 0 0 1 0 0 1 0 0 1 0 0 1 0 0 1 0 0 1 0 0 1 1 0 1 1 0 1 1 0 1 1 0 1 2 0 1 2 0 1 2 0 1 2 0 1 2 0 1 2 0 1 2 0 1 2 0 1 2 0 1 2 0 2 2 0 3 3 5 3 3 6 3 3 2 3 3 5 4 2 1 1 2 23      63000      13500       8260 
693	 587960	0 1 0 0 1 1 0 1 0 1 1 0 0 1 0 0 1 0 0 1 0 0 1 0 1 1 0 0 1 1 0 1 1 0 1 1 0 1 1 0 1 2 0 1 2 0 1 2 0 1 2 0 1 2 0 1 2 0 1 2 0 1 2 0 1 2 0 1 2 0 2 2 5 3 3 5 3 2 2 3 3 4 3 3 1 4 2 23 1 2       8260      63000      13500 
1188	 573960	1 0 0 1 1 1 1 0 1 1 0 0 1 0 0 1 0 1 1 0 1 1 0 0 1 0 0 1 1 0 1 1 0 1 1 0 1 1 0 1 2 0 1 2 0 1 2 0 1 2 0 1 2 0 1 2 0 1 2 0 1 2 0 1 2 0 1 2 0 2 2 0 3 3 4 3 2 3 3 3 2 3 3 5 4 2 1 1 2 23      63000      13500       8260 
1485	 543440	0 1 0 1 1 1 1 1 0 0 1 0 1 1 0 1 1 0 1 1 0 1 1 0 1 1 0 0 1 1 0 1 1 0 1 1 0 1 1 0 1 2 0 1 2 0 1 2 0 1 2 0 1 2 0 1 2 0 1 2 0 1 2 0 1 2 0 1 2 0 2 2 3 3 3 1 3 2 2 3 3 5 3 3 1 4 2 23 1 2       8261      63000      13500 
2475	 523188	1 1 0 1 1 1 1 1 0 1 1 0 1 1 0 1 1 0 1 1 0 1 1 0 1 1 0 0 1 1 0 1 1 0 1 1 0 1 1 0 1 2 0 1 2 0 1 2 0 1 2 0 1 2 0 1 2 0 1 2 0 1 2 0 1 2 0 1 2 0 2 2 3 3 3 1 3 2 1 3 3 5 3 3 1 4 2 22 1 2       8636      61364      14318 
3168	 513048	0 1 1 1 1 1 0 1 1 0 1 1 0 1 1 0 1 1 0 1 1 0 1 1 0 1 1 1 0 1 1 0 1 1 0 1 1 0 1 2 0 1 2 0 1 2 0 1 2 0 1 2 0 1 2 0 1 2 0 1 2 0 1 2 0 1 2 0 1 2 0 2 3 1 3 2 1 3 3 2 3 3 5 3 2 1 4 2 23 1      14131       8261      61738 
8505	 508982	0 1 1 0 1 1 0 1 1 0 1 1 0 1 1 0 1 1 0 1 1 1 1 1 0 1 1 1 1 0 1 1 0 1 1 0 1 1 0 2 1 0 2 1 0 2 1 0 2 1 0 2 1 0 2 1 0 2 1 0 2 1 0 2 1 0 2 1 0 2 2 0 3 3 1 3 3 1 3 3 2 3 3 5 2 4 1 1 1 23      14818      60364       8905 
8604	 493048	1 0 1 1 0 1 1 0 1 1 0 1 1 0 1 1 0 1 1 0 1 1 0 1 1 0 1 1 1 0 1 1 0 1 1 0 1 1 0 1 2 0 1 2 0 1 2 0 1 2 0 1 2 0 1 2 0 1 2 0 1 2 0 1 2 0 1 2 0 2 2 0 3 3 1 3 3 1 3 3 2 3 3 5 4 2 1 1 2 23      60580      14710       8261 
0	 649000	1 0 0 1 0 0 1 0 0 1 0 0 1 0 0 1 0 0 1 0 0 1 0 0 1 0 0 1 1 0 1 1 0 1 1 0 1 1 0 1 2 0 1 2 0 1 2 0 1 2 0 1 2 0 1 2 0 1 2 0 1 2 0 1 2 0 1 2 0 2 2 0 3 3 6 3 3 5 3 3 5 3 3 4 4 2 1 1 2 21      63000      13500       7715 
1782	 646910	1 0 0 1 0 1 1 1 0 1 0 1 1 1 1 1 1 0 1 0 1 1 0 1 1 1 0 1 0 1 1 0 1 1 0 1 1 0 1 1 0 1 1 0 2 1 0 2 1 0 1 1 0 2 1 0 2 1 0 2 1 0 2 1 0 2 1 0 2 2 0 2 3 5 2 3 5 3 3 2 2 3 4 2 4 1 2 1 21 2      61455       8545      19545 
15615	 593000	0 0 1 0 0 1 1 0 1 0 0 1 1 0 1 1 0 1 0 0 1 0 0 1 1 0 1 0 1 1 0 1 1 0 1 1 0 1 1 0 2 1 0 2 1 0 2 1 0 2 1 0 2 1 0 2 1 0 2 1 0 2 1 0 2 1 0 2 1 0 2 2 5 3 3 5 3 3 2 3 3 4 3 3 1 2 4 21 2 1       7715      13500      63000 
34317	 194298	0 0 1 0 0 1 0 1 1 0 2 1 0 1 1 0 2 1 0 2 1 0 1 1 0 1 1 1 0 1 1 0 1 1 0 1 1 0 1 2 0 1 2 0 1 2 0 1 2 0 1 2 0 1 2 0 1 2 0 1 2 0 1 2 0 1 2 0 1 2 0 2 3 0 3 3 4 3 3 2 3 3 4 3 2 1 4 2 21 1      15954       7715      58092 
36099	 188596	0 1 0 0 1 0 1 1 0 1 1 0 1 1 0 1 1 0 1 1 0 1 1 0 1 1 0 0 1 1 0 1 1 0 1 1 0 1 1 0 1 2 0 1 2 0 1 2 1 1 2 0 1 2 0 1 2 1 1 2 1 1 2 0 1 2 0 1 2 0 2 2 0 3 3 4 3 3 2 3 3 4 3 3 1 4 2 21 1 2       7715      58092      15954 
36198	 184000	1 0 1 1 0 0 1 0 1 1 0 1 1 0 1 1 0 1 1 0 1 1 0 1 1 0 1 1 1 0 1 1 0 1 1 0 1 1 0 1 2 0 1 2 0 1 2 0 1 2 1 1 2 0 1 2 0 1 2 0 1 2 0 1 2 0 1 2 1 2 2 0 3 3 0 3 3 4 3 3 2 3 3 3 4 2 1 1 2 22      58400      15800       7600 
36792	 180956	0 1 1 0 1 1 0 1 1 0 1 1 0 1 1 0 1 1 0 1 1 0 1 1 0 1 1 1 0 1 1 0 1 1 0 1 1 0 1 2 0 1 2 0 1 2 0 1 2 0 1 2 0 1 2 0 1 2 1 1 2 0 1 2 0 1 2 0 1 2 0 2 3 0 3 3 4 3 3 2 3 3 3 3 2 2 4 2 21 1      15956       7717      58088 
37881	 180800	1 0 1 1 0 1 1 0 1 1 0 1 1 0 1 1 0 1 1 0 1 1 0 1 1 0 1 0 1 1 0 1 1 0 1 1 0 1 1 0 2 1 0 2 1 0 2 1 1 2 1 0 2 1 0 2 1 0 2 1 0 2 1 0 2 1 1 2 1 0 2 2 0 3 3 4 3 3 1 3 3 3 3 3 1 2 4 22 2 1       7600      15800      58400 
37980	 147000	0 1 1 0 1 1 0 1 1 0 1 1 0 1 1 0 1 1 0 1 1 0 1 1 0 1 1 1 0 1 1 1 1 1 0 1 1 0 1 2 1 1 2 1 1 2 0 1 2 0 1 2 0 1 2 1 1 2 1 1 2 0 1 2 1 1 2 0 1 2 1 2 3 1 3 3 1 3 3 2 3 3 1 3 2 1 4 2 20 1      16500       9000      57000 
0	 615960	1 0 0 1 0 0 1 0 0 1 0 0 1 0 0 1 0 0 1 0 0 1 0 0 1 0 0 1 1 0 1 1 0 1 1 0 1 1 0 1 2 0 1 2 0 1 2 0 1 2 0 1 2 0 1 2 0 1 2 0 1 2 0 1 2 0 1 2 0 2 2 0 3 3 3 3 3 3 3 3 5 3 3 3 4 2 5 1 2 23      63000      13500       8260 
792	 601960	0 1 0 0 1 0 0 1 0 0 1 0 0 1 0 0 1 0 0 1 0 1 1 0 0 1 0 0 1 1 0 1 1 0 1 1 0 1 1 0 1 2 0 1 2 0 1 2 0 1 2 0 1 2 0 1 2 0 1 2 0 1 2 0 1 2 0 1 2 0 2 2 2 3 3 3 3 3 5 3 3 3 3 3 5 4 2 23 1 2       8260      63000      13500 
2772	 570000	0 1 1 1 0 1 1 0 1 1 0 1 1 0 1 1 0 1 1 0 1 1 0 1 0 1 1 1 1 1 0 1 1 1 1 1 0 1 1 1 1 1 0 2 1 0 2 1 0 2 1 1 1 1 0 2 1 2 1 1 1 2 1 1 3 1 2 2 1 1 2 2 1 3 3 1 3 3 5 2 3 2 3 3 4 2 4 11 3 1      14000      16000      56000 
3960	 562910	1 1 0 1 1 0 1 1 0 1 0 1 1 1 0 1 1 0 1 1 0 1 1 0 1 1 0 1 1 1 1 1 1 1 1 1 1 1 1 1 1 1 1 1 1 1 1 2 1 1 1 1 0 2 1 1 2 1 2 2 1 1 2 1 1 3 1 1 2 2 2 2 3 1 4 3 1 3 3 3 3 3 1 3 4 1 2 1 11 2      51910      18090      14545 
9099	 556546	1 0 1 1 0 1 1 0 1 1 0 1 1 0 1 1 0 1 1 0 1 1 0 1 1 0 1 1 1 1 1 1 1 1 1 1 1 1 1 1 1 1 1 2 1 1 2 1 1 2 1 0 2 1 1 2 1 2 2 1 1 2 1 1 2 1 1 3 1 1 2 2 1 3 3 1 3 3 3 3 3 1 3 3 1 2 4 11 2 1      15546      13273      54454 
9198	 544910	1 1 0 1 1 0 1 1 0 1 1 0 1 1 0 1 1 0 1 1 0 1 1 0 1 1 0 1 1 1 1 1 1 1 1 1 1 1 1 1 1 1 1 1 1 1 1 2 1 1 2 1 0 2 1 1 2 1 2 2 1 1 2 1 1 2 1 1 3 2 1 2 3 1 3 3 1 3 3 3 3 3 1 4 4 1 2 1 11 2      51910      18090      14545 
9297	 530730	1 0 1 1 0 1 1 0 1 1 0 1 1 0 1 1 0 1 1 0 1 1 0 1 1 0 1 1 1 1 1 1 1 1 1 1 1 1 1 1 1 1 1 1 1 1 1 1 1 2 1 0 2 1 1 2 1 2 2 1 1 2 1 1 2 1 1 3 1 2 2 2 1 3 3 1 4 3 2 3 3 1 4 3 1 2 4 11 2 1      18090      14545      51910 
9396	 516550	0 1 1 0 1 1 0 1 1 0 1 1 0 1 1 0 1 1 0 1 1 0 1 1 0 1 1 1 1 1 1 1 1 1 1 1 1 1 1 1 1 1 1 1 1 1 1 1 1 1 1 2 0 1 2 1 1 2 2 1 2 1 1 2 1 1 3 1 1 2 2 2 4 1 3 4 1 3 3 2 3 4 1 3 2 1 4 2 11 1      14546      18091      51908 
9792	 514000	1 1 0 1 1 0 1 1 0 1 1 0 1 1 0 1 1 0 1 1 0 1 1 0 1 1 0 1 1 1 1 1 1 1 1 1 1 1 1 1 1 1 1 1 1 1 1 1 1 1 2 1 1 2 1 1 2 1 2 2 1 1 2 1 1 2 1 1 2 2 2 2 3 1 4 3 1 4 3 2 3 3 1 4 4 1 2 1 10 2      51000      19000      14500 
9990	 507458	0 1 1 0 1 1 0 1 1 0 1 1 0 1 1 0 1 1 0 1 1 0 1 1 0 1 1 1 1 1 1 1 1 1 1 1 1 1 1 1 1 1 1 1 1 1 1 1 2 1 1 2 0 1 2 1 1 2 1 1 2 1 1 2 1 1 3 1 1 2 2 2 4 1 3 4 1 3 3 2 3 3 2 3 2 1 4 2 11 1      14546      18091      51908 
10584	 496550	0 1 1 0 1 1 0 1 1 0 1 1 0 1 1 0 1 1 0 1 1 0 1 1 0 1 1 1 1 1 1 1 1 1 1 1 1 1 1 1 1 1 1 1 1 1 1 1 1 1 1 2 0 1 1 1 1 1 2 1 2 1 1 3 1 1 3 1 1 2 2 2 4 1 3 4 1 3 3 2 3 4 1 3 3 1 4 2 11 1      14546      18091      51908 
25713	 163000	1 0 1 1 0 1 1 0 1 1 0 1 1 0 1 1 0 1 1 0 1 1 0 1 1 0 1 1 1 1 1 1 1 1 1 1 1 1 1 1 1 1 1 1 1 1 2 1 1 2 1 1 2 0 1 2 1 1 2 1 1 2 1 1 2 1 1 2 1 2 2 2 3 3 1 3 4 1 3 3 2 3 4 1 4 2 2 1 2 11      48500      16500      17500 
0	 631728	1 0 0 1 0 0 1 0 0 1 0 0 1 0 0 1 0 0 1 0 0 1 0 0 1 0 0 1 1 0 1 1 0 1 1 0 1 1 0 1 2 0 1 2 0 1 2 0 1 2 0 1 2 0 1 2 0 1 2 0 1 2 0 1 2 0 1 2 0 2 2 0 3 3 5 3 3 1 3 3 5 3 3 3 4 2 6 1 2 22      63000      13500       8636 
990	 624400	1 1 0 0 1 1 0 1 1 0 1 1 0 1 1 0 1 1 0 1 1 0 1 1 0 1 1 1 1 1 1 1 2 1 1 1 1 1 2 2 1 0 2 1 0 2 1 1 2 1 1 2 1 2 2 1 0 2 1 1 2 1 1 2 1 1 2 1 2 2 2 0 3 3 2 2 3 2 3 3 1 3 3 2 2 4 3 2 1 9      16200      51300      18700 
1287	 574000	1 1 0 0 1 1 0 1 1 0 1 1 0 1 1 0 1 1 0 1 1 0 1 1 0 1 1 1 1 1 1 1 1 1 1 1 1 1 1 2 1 0 2 1 0 2 1 1 2 1 1 2 1 2 2 1 0 2 1 1 2 1 1 2 1 2 2 1 2 2 2 1 3 3 2 2 3 2 3 3 1 3 3 2 2 4 3 2 1 9      15000      51000      19000 
1386	 546000	1 1 0 0 1 1 0 1 1 0 1 1 0 1 1 0 1 1 0 1 1 0 1 1 1 1 1 1 1 1 1 1 1 1 1 1 1 1 1 2 1 0 3 1 0 1 1 1 1 1 1 1 1 2 2 1 0 2 1 1 2 1 1 2 1 2 2 1 2 2 2 1 3 3 2 2 3 2 4 3 1 3 3 2 2 4 3 2 1 9      16000      49000      19000 
2376	 536484	1 0 1 1 1 0 1 1 0 1 1 0 1 1 0 1 1 1 1 1 0 1 1 0 1 1 1 1 1 1 1 1 1 1 1 1 1 1 1 1 0 2 1 0 2 1 1 1 1 1 1 1 1 1 1 0 2 1 1 2 1 1 2 1 2 2 1 2 2 2 1 2 3 2 3 3 2 2 3 1 4 3 2 3 4 4 1 1 9 3      45484      20138      17758 
2970	 518200	0 1 1 1 1 0 1 1 0 1 1 0 1 1 0 1 1 0 1 1 0 1 1 0 1 1 1 1 1 1 1 1 1 1 1 1 1 1 1 0 1 2 0 1 3 1 1 1 1 1 1 1 1 1 0 1 2 1 1 2 1 1 2 2 1 2 2 1 2 1 2 2 2 3 2 2 3 3 1 3 4 2 3 3 3 4 2 10 1 2      19900      49100      15950 
3663	 501716	1 1 0 1 0 1 1 0 1 1 0 1 1 0 1 1 1 1 1 0 1 1 0 1 1 1 1 1 1 1 1 1 1 1 1 1 1 1 1 1 2 0 1 2 0 1 1 1 1 1 1 1 1 1 1 2 0 1 2 1 1 2 1 1 1 2 1 2 2 2 2 1 3 3 2 3 3 2 3 4 1 3 3 2 4 1 3 1 3 10      50620      15190      18381 
10683	 500000	1 0 1 1 0 1 1 0 1 1 0 1 1 0 1 1 0 1 1 0 1 1 0 1 1 0 1 1 1 1 1 1 1 1 1 1 1 1 1 0 2 1 0 2 1 1 1 1 1 2 1 1 2 1 1 2 1 1 2 1 1 2 1 1 2 1 2 2 1 1 2 2 2 3 3 2 3 3 1 4 3 2 3 3 2 2 4 10 2 1      19000      15000      51000 
10881	 484680	1 1 0 1 1 0 1 1 0 1 1 0 1 1 0 1 1 0 1 1 0 1 1 0 1 1 1 1 1 1 1 1 1 1 1 1 1 1 1 0 1 2 0 1 3 1 1 1 1 1 1 1 1 1 1 1 1 1 1 2 1 1 2 1 1 2 2 1 2 1 2 2 2 3 3 2 3 3 1 3 4 2 3 3 2 4 3 10 1 2      19900      47480      16760 
11871	 476156	1 0 1 1 0 1 1 0 1 1 0 1 1 0 1 1 0 1 1 0 1 1 0 1 1 1 1 1 1 1 1 1 1 1 1 1 1 1 1 1 1 1 0 2 1 1 1 1 1 1 1 1 1 1 0 2 1 1 2 1 1 2 1 1 2 1 1 2 1 1 2 2 2 3 3 2 3 3 1 4 3 2 3 3 3 3 4 10 3 1      18077      17307      47309 
21465	 164000	0 1 1 0 1 1 0 1 1 0 1 1 0 1 1 0 1 1 0 1 1 0 1 1 0 1 1 1 1 1 1 1 1 1 1 1 1 1 1 2 1 1 2 1 0 1 1 1 2 1 1 2 1 1 2 1 0 2 1 1 2 1 1 2 1 1 2 1 1 2 2 1 3 3 2 3 3 2 3 3 1 3 3 2 3 4 3 2 1 10      16500      48000      18000 
35316	 151000	1 0 1 1 0 1 1 0 1 1 0 1 1 0 1 1 0 1 1 0 1 1 0 1 1 0 1 1 1 1 1 1 1 1 1 1 1 1 1 1 2 1 1 2 0 1 2 1 1 2 1 1 2 1 1 2 0 1 2 1 1 2 1 1 2 1 1 2 1 2 2 1 3 3 2 3 3 2 3 3 1 3 3 2 4 2 3 1 2 10      48000      16500      18000 
0	 631728	1 0 0 1 0 0 1 0 0 1 0 0 1 0 0 1 0 0 1 0 0 1 0 0 1 0 0 1 1 0 1 1 0 1 1 0 1 1 0 1 2 0 1 2 0 1 2 0 1 2 0 1 2 0 1 2 0 1 2 0 1 2 0 1 2 0 1 2 0 2 2 0 3 3 5 3 3 2 3 3 2 3 3 6 4 2 5 1 2 22      63000      13500       8636 
2079	 603728	0 0 1 0 0 1 0 0 1 1 0 1 0 0 1 0 0 1 0 0 1 1 0 1 0 0 1 0 1 1 0 1 1 0 1 1 0 1 1 0 2 1 0 2 1 0 2 1 0 2 1 0 2 1 0 2 1 0 2 1 0 2 1 0 2 1 0 2 1 0 2 2 5 3 3 1 3 3 1 3 3 6 3 3 5 2 4 22 2 1       8636      13500      63000 
3366	 530000	1 0 1 1 0 1 1 0 1 1 0 1 1 0 1 1 0 1 1 0 1 1 0 1 1 0 1 1 1 1 1 1 1 1 1 1 1 1 1 1 1 1 1 1 1 1 2 1 0 2 1 1 2 1 1 2 1 1 2 1 1 2 1 1 2 1 1 2 1 1 2 2 1 4 3 2 3 3 4 3 3 1 4 3 1 2 4 10 2 1      19000      15000      51000 
26982	 523432	0 1 1 0 1 1 0 1 1 0 1 1 0 1 1 0 1 1 0 1 1 0 1 1 0 1 1 1 1 1 1 1 1 1 1 1 1 1 1 1 1 1 1 1 1 1 1 1 2 1 0 1 1 1 2 1 1 2 1 1 2 1 1 3 1 1 2 1 1 2 2 1 4 3 1 3 3 2 3 3 4 4 3 1 2 4 1 3 1 10      14714      51572      18428 
0	 665200	1 0 0 1 0 0 1 0 0 1 0 0 1 0 0 1 0 0 1 0 0 1 0 0 1 0 0 1 1 0 1 1 0 1 1 0 1 1 0 1 2 0 1 2 0 1 2 0 1 2 0 1 2 0 1 2 0 1 2 0 1 2 0 1 2 0 1 2 0 2 2 0 3 3 4 3 3 5 3 3 4 3 3 3 4 2 6 1 2 20      63000      13500       8100 
1584	 644200	1 0 0 1 0 0 1 1 0 1 0 0 1 1 0 1 1 0 1 0 0 1 0 0 1 0 0 1 1 0 1 1 0 1 1 0 1 1 0 1 2 0 1 2 0 1 2 0 1 2 0 1 2 0 1 2 0 1 2 0 1 2 0 1 2 0 1 2 0 2 1 0 3 3 4 3 3 5 3 2 4 3 3 3 4 1 6 1 2 20      63000      13500       8100 
3564	 616200	1 0 1 0 0 1 0 1 1 0 0 1 0 1 1 0 1 1 1 0 1 1 0 1 0 0 1 0 1 1 0 1 1 0 1 1 0 1 1 0 2 1 0 2 1 0 2 1 0 2 1 0 2 1 0 2 1 0 2 1 0 2 1 0 2 1 0 2 1 0 1 2 3 3 3 4 3 3 4 2 3 2 3 3 6 1 4 20 2 1       8100      13500      63000 
4059	 608000	1 0 0 1 0 1 1 1 0 1 0 0 1 1 0 1 1 0 1 1 0 1 0 1 1 0 0 1 1 0 1 1 1 1 1 0 1 1 0 1 2 0 1 2 0 1 2 1 1 2 1 1 2 1 1 2 0 1 2 1 1 2 0 1 2 0 1 2 1 2 1 0 3 3 3 3 3 3 3 2 1 3 3 1 4 1 6 1 1 20      63000      13500      10000 
4752	 578000	0 0 1 0 1 1 1 0 1 0 1 1 1 1 1 1 1 1 1 0 1 0 1 1 0 1 1 1 0 1 1 1 1 1 0 1 1 0 1 2 0 1 2 0 1 2 1 1 2 1 1 2 1 1 2 0 1 2 1 1 2 0 1 2 0 1 2 1 1 1 0 2 3 3 3 3 1 3 1 1 3 3 1 3 1 5 4 2 19 1      14600      10000      60800 
6633	 562000	1 0 0 1 0 1 1 1 0 1 1 1 1 1 1 1 1 0 1 1 0 1 0 1 1 0 1 1 1 0 1 1 1 1 1 0 1 1 0 1 2 0 1 2 0 1 2 1 1 2 1 1 2 1 1 2 0 1 2 1 1 2 0 1 2 0 1 2 1 2 1 0 3 2 2 3 3 2 3 1 1 3 3 1 4 1 5 1 2 20      61000      14500       9500 
11475	 558000	1 0 1 1 0 1 1 0 1 1 0 1 1 0 1 1 0 1 1 0 0 1 0 1 1 0 1 1 1 0 1 1 1 1 1 0 1 1 0 1 2 0 1 2 0 1 2 1 1 2 1 1 2 1 1 2 0 1 2 1 1 2 0 1 2 0 1 2 1 2 2 0 3 3 1 3 3 2 3 3 1 3 3 1 4 2 4 1 2 19      63000      13500      10000 
22455	 152000	1 0 1 1 0 1 1 0 1 1 0 1 1 0 1 1 0 1 1 0 1 1 0 1 1 0 1 0 1 1 1 1 1 0 1 1 0 1 1 0 2 1 0 2 1 1 2 1 1 2 1 1 2 1 0 2 1 1 2 1 0 2 1 0 2 1 1 2 1 0 2 2 1 3 3 1 3 3 1 3 3 1 3 3 4 2 4 19 2 1       9000      16500      57000 
0	 575930	1 0 0 1 0 0 1 0 0 1 0 0 1 0 0 1 0 0 1 0 0 1 0 0 1 0 0 1 1 0 1 1 0 1 1 0 1 1 0 1 2 0 1 2 0 1 2 0 1 2 0 1 2 0 1 2 0 1 2 0 1 2 0 1 2 0 1 2 0 2 2 0 3 3 4 3 3 1 3 3 3 3 3 3 4 2 5 1 2 26      63000      13500       7307 
1287	 572000	1 0 1 0 0 1 1 1 1 1 0 1 1 0 1 1 0 1 0 1 1 1 0 1 1 0 1 1 1 1 0 1 1 0 1 1 0 1 1 1 1 1 0 2 1 1 1 1 1 2 1 1 2 1 2 2 1 1 2 1 1 2 1 1 2 1 2 1 1 1 2 2 1 4 3 1 3 3 3 3 3 3 3 3 1 2 4 13 2 1      13000      15000      57000 
1584	 564000	0 1 1 1 1 0 0 1 1 0 1 1 0 1 1 0 1 1 0 1 1 0 1 1 0 1 1 1 1 1 1 1 0 1 1 0 1 1 0 1 1 1 2 1 0 2 1 1 2 1 1 1 1 1 2 1 1 2 1 1 2 1 1 2 1 1 3 1 2 2 2 1 3 3 1 3 3 1 3 3 3 3 3 3 2 4 1 2 1 13      15000      57000      13000 
1782	 554000	1 1 0 0 1 1 1 1 0 1 1 0 1 1 0 1 1 0 1 1 0 1 1 0 1 1 0 1 1 1 0 1 1 0 1 1 0 1 1 1 1 2 0 1 2 1 1 1 1 1 2 1 1 2 1 1 2 1 1 2 1 1 2 1 1 2 2 1 3 1 2 2 1 3 3 1 3 3 3 3 2 3 3 3 1 4 2 13 1 2      13000      57000      15000 
1881	 546000	1 0 1 0 0 1 1 0 1 1 0 1 1 0 1 1 0 1 0 1 1 1 0 1 1 0 1 1 1 1 0 1 1 0 1 1 0 1 1 1 1 1 0 2 1 1 2 1 1 2 1 1 2 1 1 2 1 1 2 1 2 1 1 1 2 1 2 2 1 1 2 2 1 3 3 1 3 3 3 3 3 3 3 3 1 3 4 13 2 1      13000      15000      57000 
2871	 544000	1 0 1 1 0 1 1 0 1 1 0 1 1 0 1 1 0 1 1 1 0 1 0 1 1 0 1 1 1 1 1 1 0 1 1 0 1 1 0 1 1 1 1 2 0 1 2 1 1 1 1 1 2 1 1 2 1 1 2 1 1 2 1 1 2 1 1 2 2 2 2 1 3 3 1 3 3 2 3 3 3 3 3 2 4 3 1 1 2 13      57000      15000      13000 
3564	 540000	1 1 0 1 1 0 1 1 0 1 1 0 1 1 0 1 1 0 1 0 1 1 1 0 1 1 0 1 1 1 1 0 1 1 0 1 1 0 1 1 1 1 1 0 3 1 1 1 1 2 1 1 1 2 1 1 2 1 1 2 1 1 2 1 1 2 1 2 2 2 1 2 3 1 3 3 1 3 3 2 3 3 3 3 4 1 3 1 13 2      57000      13000      15000 
3861	 536000	1 0 1 1 0 1 1 0 1 1 0 1 1 0 1 1 0 1 1 1 0 1 0 1 1 0 1 1 1 1 1 1 0 1 1 0 1 1 0 1 1 1 1 2 0 1 2 1 1 1 2 1 2 1 1 2 1 1 2 1 1 2 1 1 2 1 1 2 2 2 2 1 3 3 1 3 3 1 3 3 2 3 3 3 4 3 1 1 2 13      57000      15000      13000 
9099	 516000	1 0 1 1 0 1 1 0 1 1 0 1 1 0 1 1 0 1 0 1 1 1 0 1 1 0 1 1 1 1 0 1 1 0 1 1 0 1 1 1 1 1 0 2 1 1 1 1 2 1 1 1 2 1 1 2 1 1 2 1 1 2 1 1 2 1 2 2 1 1 2 2 1 3 3 1 3 3 2 3 3 3 3 3 1 3 4 13 3 1      13000      15000      57000 
10089	 514000	1 1 0 1 1 0 1 1 0 1 1 0 1 1 0 1 1 0 1 0 1 1 1 0 1 1 0 1 1 1 1 0 1 1 0 1 1 0 2 1 1 1 1 1 1 1 1 1 1 1 1 1 1 2 1 1 2 1 1 2 1 1 2 1 1 2 1 2 2 2 1 2 3 1 3 3 1 3 3 2 3 3 3 3 4 1 3 1 13 3      57000      13000      15000 
24129	 510000	0 1 1 0 1 1 0 1 1 0 1 1 0 1 1 0 1 1 1 1 0 0 1 1 0 1 1 1 1 1 1 1 0 1 1 0 2 1 0 1 1 1 1 1 1 1 1 1 1 1 1 1 1 1 1 1 1 2 1 1 2 1 1 2 1 1 3 1 2 2 2 1 3 3 1 3 3 1 3 3 2 3 3 3 3 4 1 4 1 13      15000      57500      12500 
42930	 508698	1 1 0 1 1 0 1 1 0 1 1 0 1 1 0 1 1 0 0 1 1 1 1 0 1 1 0 1 1 1 0 1 1 0 1 1 0 1 1 1 1 1 1 1 1 1 1 1 1 1 1 1 1 1 1 1 1 1 1 2 1 1 3 1 1 2 2 1 2 1 2 2 1 3 3 1 3 3 2 3 3 3 3 3 1 4 3 13 1 5      11522      58478      14347 
43326	 498000	1 1 0 1 1 0 1 1 0 1 1 0 1 1 0 1 1 0 1 0 1 1 1 1 1 1 0 1 1 1 1 1 1 1 0 1 1 0 1 1 1 1 1 1 1 1 1 1 1 1 1 1 1 1 1 1 1 1 1 2 1 1 2 1 1 2 1 1 2 2 1 2 3 1 3 3 1 3 3 2 3 3 3 3 4 1 3 1 13 5      57000      11000      16000 
43425	 167000	1 1 0 1 1 0 1 1 0 1 1 0 1 1 0 1 1 0 0 1 1 1 1 0 1 1 0 1 1 1 0 1 1 0 1 1 0 1 1 1 1 1 1 1 2 1 1 1 1 1 1 1 1 1 1 1 1 1 1 2 1 1 2 1 1 2 2 1 2 1 2 2 1 3 3 1 3 3 2 3 3 3 3 3 1 4 3 13 1 5      10500      55500      16500 
43623	 154000	1 1 0 1 1 0 1 1 0 1 1 0 1 1 0 1 1 0 1 0 1 1 1 0 1 1 0 1 1 1 1 0 1 1 0 1 1 0 1 1 1 1 1 1 2 1 2 1 1 1 1 1 1 1 1 1 1 1 1 2 1 1 2 1 1 2 1 1 2 2 1 2 3 1 3 3 1 3 3 2 3 3 3 3 4 1 3 1 13 5      55500      10500      16500 
43722	 153000	1 1 0 1 1 0 1 1 0 1 1 0 1 1 0 1 1 0 0 1 1 1 1 0 1 1 0 1 1 1 1 1 1 0 1 1 0 1 1 1 1 1 1 1 2 1 1 1 1 1 1 1 1 1 1 1 1 1 1 2 1 1 2 1 1 2 1 1 2 1 2 2 1 3 3 1 3 3 2 3 3 3 3 3 1 4 3 13 1 5      10500      55500      16500 
44415	 151000	1 0 1 1 0 1 1 0 1 1 0 1 1 0 1 1 0 1 1 1 0 1 0 1 1 0 1 1 1 1 1 1 0 1 1 0 1 1 1 1 1 1 1 2 1 1 1 1 1 1 1 1 1 1 1 1 1 1 2 1 1 2 1 1 2 1 1 2 2 2 2 1 3 3 1 3 3 1 3 3 2 3 3 2 4 3 1 1 5 13      55500      16500      10500 
44613	 135592	0 1 1 0 1 1 0 1 1 0 1 1 0 1 1 0 1 1 1 0 1 0 1 1 0 1 1 1 1 1 1 1 1 1 1 1 2 0 1 1 1 1 1 1 1 1 1 1 1 1 1 1 1 1 1 1 1 2 1 1 2 1 1 2 1 1 2 2 1 2 1 2 3 1 3 3 1 3 3 1 3 3 2 3 3 1 4 5 13 1      16483      10966      55034 
0	 649000	1 0 0 1 0 0 1 0 0 1 0 0 1 0 0 1 0 0 1 0 0 1 0 0 1 0 0 1 1 0 1 1 0 1 1 0 1 1 0 1 2 0 1 2 0 1 2 0 1 2 0 1 2 0 1 2 0 1 2 0 1 2 0 1 2 0 1 2 0 2 2 0 3 3 4 3 3 1 3 3 5 3 3 7 4 2 4 1 2 21      63000      13500       7715 
1386	 637200	0 0 1 0 0 1 0 0 1 0 0 1 0 0 1 0 1 1 0 0 1 0 1 1 0 0 1 1 0 1 1 0 1 1 0 1 1 0 1 2 0 1 2 0 1 2 0 1 2 0 1 2 0 1 2 0 1 2 0 1 2 0 1 2 0 1 2 0 1 2 0 2 3 4 3 3 1 3 3 4 3 3 7 3 2 4 4 2 20 1      13500       8100      63000 
1485	 635000	1 0 0 1 0 0 1 0 0 1 0 0 1 0 0 1 0 0 1 1 0 1 0 0 1 0 0 1 0 1 1 0 1 1 0 1 1 0 1 1 0 2 1 0 2 1 0 2 1 0 2 1 0 2 1 0 2 1 0 2 1 0 2 1 0 2 1 0 2 2 0 2 3 4 3 3 1 3 3 5 3 3 6 3 4 4 2 1 21 2      63000       7715      13500 
1980	 595200	1 0 0 1 0 0 1 0 1 1 0 0 1 0 1 1 0 0 1 0 1 1 0 1 1 0 1 1 1 0 1 1 0 1 1 0 1 1 0 1 2 0 1 2 0 1 2 0 1 2 0 1 2 0 1 2 0 1 2 0 1 2 0 1 2 0 1 2 0 2 2 0 3 3 3 3 3 1 3 3 5 3 3 5 4 2 3 1 2 20      63000      13500       8100 
2277	 581200	0 0 1 0 0 1 0 1 1 0 0 1 0 1 1 0 1 1 0 1 1 0 1 1 0 1 1 1 0 1 1 0 1 1 0 1 1 0 1 2 0 1 2 0 1 2 0 1 2 0 1 2 0 1 2 0 1 2 0 1 2 0 1 2 0 1 2 0 1 2 0 2 3 3 3 3 1 3 3 4 3 3 5 3 2 3 4 2 20 1      13500       8100      63000 
3663	 197670	0 1 1 0 1 1 0 1 1 0 1 1 0 1 1 0 1 1 0 1 1 0 1 1 0 1 1 1 0 1 1 0 1 1 0 1 1 0 1 2 0 1 2 0 1 2 0 1 2 0 1 2 0 1 2 0 1 2 0 1 2 0 1 2 0 1 2 0 1 2 0 2 3 3 3 3 1 3 3 3 3 3 4 3 2 2 4 2 20 1      16468       8101      57064 
38547	 122000	1 1 0 1 1 0 1 1 0 1 0 1 1 0 1 1 1 0 1 1 0 1 1 0 1 1 0 1 1 1 1 1 1 1 0 1 1 1 1 1 1 1 1 0 2 1 0 2 1 0 2 1 1 1 1 0 2 1 1 2 1 1 2 1 1 2 1 2 2 2 1 2 3 1 3 3 1 3 3 3 2 3 2 3 4 3 1 1 14 4      56000      10000      17000 
0	 631728	1 0 0 1 0 0 1 0 0 1 0 0 1 0 0 1 0 0 1 0 0 1 0 0 1 0 0 1 1 0 1 1 0 1 1 0 1 1 0 1 2 0 1 2 0 1 2 0 1 2 0 1 2 0 1 2 0 1 2 0 1 2 0 1 2 0 1 2 0 2 2 0 3 3 8 3 3 3 3 3 3 3 3 2 4 2 4 1 2 22      63000      13500       8636 
1386	 618000	0 1 1 0 0 1 0 1 1 1 0 1 1 0 1 0 1 1 0 1 1 0 1 1 0 1 1 1 1 1 1 0 1 1 1 1 1 0 1 1 1 1 2 1 1 2 1 1 2 1 1 2 2 1 2 0 1 1 2 1 2 2 1 2 2 1 3 1 1 2 2 2 3 1 3 3 2 3 3 1 3 3 2 3 1 2 4 2 11 1      12800      15200      59200 
1584	 604672	1 1 0 1 0 1 1 1 0 1 0 1 1 0 1 1 1 0 1 1 0 1 1 0 1 1 0 1 1 1 1 0 1 1 1 1 1 0 1 1 1 1 1 1 2 1 1 1 1 1 2 1 2 2 1 0 2 1 2 2 1 2 2 1 2 2 1 1 3 2 2 2 3 1 3 3 2 2 3 1 3 3 2 2 4 2 2 1 11 2      55166      14834      16834 
1782	 577078	1 1 0 1 0 1 1 1 0 1 0 1 1 0 1 1 1 0 1 1 0 1 1 0 1 1 0 1 1 1 1 0 1 1 1 1 1 0 1 1 1 1 1 1 1 1 1 1 1 1 1 1 1 1 1 1 2 1 2 2 1 2 2 1 2 2 1 1 3 2 2 2 3 1 3 3 2 3 3 1 3 3 2 3 4 2 2 1 11 3      56461      13539      15539 
2277	 546000	1 1 0 1 1 1 1 1 0 1 0 1 1 1 1 1 1 0 1 1 0 1 1 0 1 1 0 1 1 1 1 0 1 1 1 1 1 0 1 1 1 1 1 1 1 1 1 1 1 1 1 1 2 1 1 0 2 1 1 2 1 1 2 1 2 2 1 1 3 2 2 2 3 1 3 3 1 3 3 1 3 3 2 3 4 2 2 1 12 3      56000      14000      16000 
3861	 542000	0 1 1 0 0 1 0 1 1 1 0 1 1 0 1 0 1 1 0 1 1 0 1 1 0 1 1 1 1 1 1 0 1 1 1 1 1 0 1 1 1 1 1 1 1 1 1 1 2 1 1 1 2 1 2 0 1 2 2 1 1 2 1 2 2 1 3 1 1 2 2 2 3 1 3 3 2 3 3 1 3 3 2 3 2 2 4 4 11 1      14429      12429      57571 
4257	 520136	1 1 0 1 1 0 1 1 0 1 0 1 1 1 1 1 1 0 1 1 0 1 1 0 1 1 0 1 1 1 1 0 1 1 1 1 1 0 1 1 1 1 1 1 1 1 1 1 1 1 1 1 1 2 1 1 1 1 1 2 1 1 2 1 2 2 1 1 3 2 2 2 3 1 3 3 1 3 3 1 3 3 2 3 4 2 2 1 12 4      56534      13466      15466 
9297	 507216	0 1 1 0 1 1 0 1 1 1 0 1 1 1 1 0 1 1 0 1 1 0 1 1 0 1 1 1 1 1 1 0 1 1 1 1 1 0 1 1 1 1 1 1 1 1 1 1 1 1 1 1 1 1 1 1 1 2 1 1 2 1 1 2 2 1 3 1 1 2 2 2 3 1 3 3 1 3 3 1 3 3 2 3 2 2 4 5 12 1      14884      12326      57674 
9396	 502564	1 0 1 1 0 1 1 0 1 1 1 0 1 1 1 1 0 1 1 0 1 1 0 1 1 0 1 1 1 1 1 1 0 1 1 1 1 1 0 1 1 1 1 1 1 1 1 1 1 1 1 1 2 1 1 1 1 1 2 1 1 2 1 1 1 2 1 3 1 2 2 2 3 3 1 3 3 1 3 3 1 3 3 2 4 2 2 1 5 12      57674      14884      12326 
9594	 497408	0 1 1 0 1 1 0 1 1 1 0 1 1 1 1 0 1 1 0 1 1 0 1 1 0 1 1 1 1 1 1 0 1 1 1 1 1 0 1 1 1 1 1 1 1 1 1 1 1 1 1 2 1 1 1 1 1 2 1 1 2 1 1 2 2 1 2 1 1 2 2 2 3 1 3 3 1 3 3 1 3 3 2 3 2 2 4 5 12 1      15180      12224      57412 
9891	 492796	1 1 0 1 1 0 1 1 0 1 0 1 1 1 1 1 1 0 1 1 0 1 1 0 1 1 0 1 1 1 1 0 1 1 1 1 1 0 2 1 1 1 1 1 1 1 1 1 1 1 1 1 1 1 1 1 1 1 1 2 1 1 2 1 2 2 1 1 2 2 2 2 3 1 3 3 1 3 3 1 3 3 2 3 4 2 2 1 12 5      57672      12325      14886 
10683	 482600	1 1 0 1 1 0 1 1 0 1 1 1 1 1 1 1 1 0 1 1 0 1 1 0 1 1 0 1 1 1 1 0 1 1 1 1 1 1 1 1 1 2 1 1 1 1 1 1 1 1 1 1 1 1 1 1 1 1 1 2 1 1 2 1 1 2 1 1 2 2 2 2 3 1 3 3 1 3 3 1 3 3 1 3 4 2 2 1 12 5      57408      12222      15185 
29862	 199000	0 1 1 0 1 1 0 1 1 0 1 1 0 1 1 0 1 1 0 1 1 0 1 1 0 1 1 1 1 1 1 1 1 1 1 1 1 1 1 1 1 1 2 1 1 2 1 1 2 1 1 2 1 1 2 1 1 2 1 1 2 1 1 2 1 1 2 1 1 2 2 2 3 1 3 3 1 3 3 1 3 3 1 3 2 1 4 3 12 1      16500      12410      53590 
0	 665200	1 0 0 1 0 0 1 0 0 1 0 0 1 0 0 1 0 0 1 0 0 1 0 0 1 0 0 1 1 0 1 1 0 1 1 0 1 1 0 1 2 0 1 2 0 1 2 0 1 2 0 1 2 0 1 2 0 1 2 0 1 2 0 1 2 0 1 2 0 2 2 0 3 3 5 3 3 2 3 3 5 3 3 4 4 2 6 1 2 20      63000      13500       8100 
1188	 658200	1 0 0 1 0 0 1 0 0 1 0 0 1 0 0 1 0 0 1 0 0 1 0 0 1 0 0 1 1 0 1 1 0 1 1 1 1 1 0 1 2 0 1 2 0 1 2 0 1 2 0 1 2 0 1 2 0 1 2 0 1 2 0 1 2 0 1 2 0 2 2 0 3 3 4 3 3 4 3 3 3 3 3 6 4 2 4 1 2 20      63000      13500       8100 
1584	 635456	1 0 1 1 1 0 1 1 0 1 0 1 1 1 0 1 1 0 1 1 0 1 1 0 1 1 0 1 1 1 1 0 1 1 0 1 1 1 1 1 1 1 1 1 2 1 1 1 1 1 1 1 1 2 1 1 2 1 1 2 1 0 2 1 1 2 1 1 3 2 3 2 3 2 3 3 4 3 3 1 3 3 1 3 4 2 2 1 11 2      54000      14728      18000 
1782	 630000	0 1 1 1 0 1 1 0 1 0 1 1 1 0 1 1 0 1 1 0 1 1 0 1 1 1 1 1 1 1 0 2 1 0 1 1 1 1 1 1 1 1 1 1 1 1 1 1 1 1 1 1 1 1 1 2 1 1 2 1 0 2 1 1 2 1 1 3 1 3 2 2 2 3 3 4 3 3 1 3 3 1 3 3 2 2 4 11 2 1      14728      18000      54000 
1881	 628912	0 0 1 0 1 1 0 1 1 1 0 1 1 1 1 0 1 1 0 1 1 0 1 1 0 1 1 1 1 1 2 0 1 1 0 1 1 1 1 1 1 1 1 1 1 2 1 1 2 1 1 1 1 1 2 1 1 2 1 1 2 0 1 2 1 1 3 1 1 1 3 2 3 2 3 3 4 3 3 1 3 3 1 3 2 2 4 2 11 1      18000      14728      54000 
2772	 623456	1 0 1 1 0 1 1 0 1 0 1 1 1 1 1 1 0 1 1 0 1 1 0 1 1 0 1 1 1 1 0 1 1 0 2 1 1 1 1 1 1 1 1 1 1 1 1 1 1 2 1 1 1 1 1 2 1 1 2 1 0 2 1 1 3 1 1 3 1 3 1 2 2 3 3 3 3 3 1 3 3 1 3 3 2 2 4 11 2 1      14728      18000      54000 
2871	 616672	1 1 0 0 1 1 0 1 1 1 1 0 0 1 1 0 1 1 0 1 1 0 1 1 1 1 1 1 1 1 1 1 0 1 1 0 1 1 1 1 1 1 1 1 1 1 1 1 1 1 1 1 1 1 2 1 1 2 1 1 3 1 0 2 1 1 3 1 1 2 2 3 3 3 2 3 3 4 3 3 1 3 3 1 2 4 2 2 1 11      16834      55166      14834 
17694	 589078	1 0 0 1 1 1 1 1 1 1 0 1 1 1 0 1 1 0 1 1 0 1 1 0 1 1 0 1 1 1 1 0 1 1 0 1 1 1 1 1 1 2 1 1 1 1 1 1 1 1 1 1 1 1 1 1 1 1 1 2 1 0 3 1 1 2 1 1 3 2 3 2 3 2 2 3 4 3 3 1 3 3 1 3 4 2 2 1 11 3      56461      13539      15539 
18090	 582000	1 1 0 1 1 1 1 1 1 1 0 1 1 1 0 1 1 0 1 1 0 1 1 0 1 1 0 1 1 1 1 0 1 1 0 1 1 1 1 1 1 1 1 1 1 1 1 1 1 1 1 1 1 1 1 1 2 1 1 2 1 0 3 1 1 2 1 1 3 2 3 2 3 2 2 3 3 3 3 1 3 3 1 3 4 2 2 1 11 3      56461      13539      15539 
19674	 574000	1 0 1 1 1 1 1 1 1 1 1 0 1 0 1 1 0 1 1 0 1 1 0 1 1 0 1 1 1 1 1 1 1 1 1 0 1 1 1 1 1 1 1 1 1 1 1 1 1 1 1 1 1 1 1 1 1 1 2 1 1 3 0 1 2 1 1 3 1 2 2 2 3 2 2 3 3 3 3 4 1 3 3 1 4 2 2 1 3 11      56461      15539      13539 
19773	 566000	0 1 1 1 1 1 1 1 1 1 1 0 0 1 1 0 1 1 0 1 1 0 1 1 0 1 1 1 1 1 1 1 1 1 1 0 1 1 1 1 1 1 1 1 1 1 1 1 1 1 1 1 1 1 2 1 1 2 1 1 3 1 0 2 1 1 3 1 1 2 2 2 2 3 2 3 3 3 3 3 1 3 3 1 2 4 2 3 1 11      15539      56461      13539 
42822	 558126	1 1 1 0 1 1 0 1 1 1 0 1 0 1 1 0 1 1 0 1 1 0 1 1 1 1 1 1 1 1 1 1 1 1 1 1 1 1 1 1 1 1 1 1 1 1 1 1 1 1 1 1 1 1 2 1 1 2 1 1 3 0 1 2 1 1 3 1 1 2 2 2 3 1 3 3 3 3 3 1 3 3 1 3 2 2 4 2 11 1      15937      17812      52188 
43416	 548000	1 1 1 1 0 1 1 0 1 1 1 0 1 0 1 1 0 1 1 0 1 1 0 1 1 1 1 1 1 1 1 1 1 1 1 1 1 1 1 1 1 1 1 1 1 1 1 1 1 1 1 1 1 1 1 1 1 1 2 1 1 3 0 1 2 1 1 3 1 2 2 2 3 4 1 3 3 3 3 3 1 3 3 1 4 2 2 1 2 11      52000      15000      18000 
0	 649000	1 0 0 1 0 0 1 0 0 1 0 0 1 0 0 1 0 0 1 0 0 1 0 0 1 0 0 1 1 0 1 1 0 1 1 0 1 1 0 1 2 0 1 2 0 1 2 0 1 2 0 1 2 0 1 2 0 1 2 0 1 2 0 1 2 0 1 2 0 2 2 0 3 3 7 3 3 8 3 3 2 3 3 1 4 2 3 1 2 21      63000      13500       7715 
990	 635000	0 1 0 0 1 0 0 1 0 0 1 0 0 1 0 0 1 1 0 1 0 0 1 0 0 1 0 1 1 0 1 1 0 1 1 0 1 1 0 2 1 0 2 1 0 2 1 0 2 1 0 2 1 0 2 1 0 2 1 0 2 1 0 2 1 0 2 1 0 2 2 0 3 3 7 3 3 8 3 3 1 3 3 1 2 4 3 2 1 21      13500      63000       7715 
2673	 621000	0 1 0 0 1 0 0 1 1 0 1 0 0 1 0 0 1 1 0 1 0 0 1 0 0 1 0 1 1 0 1 1 0 1 1 0 1 1 0 2 1 0 2 1 0 2 1 0 2 1 0 2 1 0 2 1 0 2 1 0 2 1 0 2 1 0 2 1 0 2 2 0 3 3 6 3 3 8 3 3 1 3 3 1 2 4 3 2 1 21      13500      63000       7715 
2871	 596860	0 1 1 0 1 1 0 1 1 0 1 1 0 1 1 0 1 1 0 1 1 0 1 1 0 1 1 1 1 1 1 1 1 1 1 1 1 1 1 1 1 1 2 2 1 2 1 1 2 1 1 2 1 1 2 1 1 2 1 1 2 1 1 2 1 1 2 3 1 2 1 2 3 2 3 4 1 3 3 1 3 3 1 3 2 2 4 2 8 1      15000      21715      48285 
2970	 566000	1 0 1 1 0 1 1 0 1 1 0 1 1 0 1 1 0 1 1 0 1 1 0 1 1 0 1 1 1 1 1 1 1 1 1 1 1 1 1 1 1 1 1 1 1 1 1 1 1 1 1 1 2 1 1 2 1 1 2 1 1 2 1 1 2 1 3 2 1 1 3 2 2 4 3 1 5 3 2 3 3 1 3 3 2 2 4 8 2 1      24000      15000      46000 
3069	 558000	1 0 1 1 0 1 1 0 1 1 0 1 1 0 1 1 0 1 1 0 1 1 0 1 1 0 1 1 1 1 1 1 1 1 1 1 1 1 1 1 1 1 1 2 1 1 2 1 1 2 1 1 2 1 1 2 1 1 2 1 1 2 1 1 2 1 3 2 1 1 2 2 2 3 3 1 4 3 2 3 3 1 3 3 2 2 4 8 2 1      22000      14000      48000 
3168	 552668	1 0 1 1 0 1 1 0 1 1 0 1 1 0 1 1 0 1 1 0 1 1 0 1 1 0 1 1 1 1 1 1 1 1 1 1 1 1 1 1 1 1 1 1 1 1 2 1 1 2 1 1 2 1 1 2 1 1 2 1 1 2 1 1 2 1 1 2 3 2 2 1 3 3 2 3 5 1 3 3 2 3 3 1 4 2 2 1 2 8      47001      14333      22999 
9792	 538000	1 0 1 1 0 1 1 0 1 1 0 1 1 0 1 1 0 1 1 0 1 1 0 1 1 0 1 1 1 1 1 1 1 1 1 1 1 1 1 1 1 1 1 1 1 1 1 1 1 1 1 1 1 1 1 1 1 1 2 1 1 2 1 1 2 1 1 2 3 2 3 1 3 4 2 3 5 1 3 3 2 3 3 1 4 2 2 1 4 8      48000      14000      22000 
9891	 533932	0 1 1 0 1 1 0 1 1 0 1 1 0 1 1 0 1 1 0 1 1 0 1 1 0 1 1 1 1 1 1 1 1 1 1 1 1 1 1 1 1 1 1 1 1 1 1 1 1 1 1 1 1 1 1 1 1 2 1 1 3 1 1 2 1 1 1 1 3 3 2 1 4 3 2 5 3 1 3 3 2 3 3 1 2 4 2 4 1 8      13762      47864      22136 
10188	 528968	1 1 0 1 1 0 1 1 0 1 1 0 1 1 0 1 1 0 1 1 0 1 1 0 1 1 0 1 1 1 1 1 1 1 1 1 1 1 1 1 1 1 1 1 1 1 1 1 1 1 1 1 1 1 1 1 1 2 1 2 1 1 3 1 1 2 2 1 1 1 2 3 2 3 4 1 3 5 2 3 3 1 3 3 2 4 2 8 1 4      22137      47863      13758 
10980	 524000	0 1 1 0 1 1 0 1 1 0 1 1 0 1 1 0 1 1 0 1 1 0 1 1 0 1 1 1 1 1 1 1 1 1 1 1 1 1 1 1 1 1 1 1 1 1 1 1 1 1 1 1 1 1 1 1 1 3 1 1 1 2 1 3 1 1 1 2 1 3 1 2 4 2 3 5 1 3 3 2 3 3 1 3 2 2 4 4 8 1      13758      22137      47863 
24822	 520260	0 1 1 0 1 1 1 1 1 0 1 1 0 1 1 0 1 1 0 1 1 0 1 1 1 1 1 1 1 1 1 1 1 1 1 1 1 1 1 1 1 1 1 1 1 1 1 1 1 1 1 1 1 1 1 1 1 2 1 1 2 1 1 2 1 1 1 2 1 3 1 2 4 2 3 4 2 3 3 2 3 5 1 3 2 2 4 2 8 1      14359      25897      44103 
24921	 519566	0 1 1 0 1 1 1 1 1 0 1 1 0 1 1 0 1 1 0 1 1 0 1 1 1 1 1 1 1 1 1 1 1 1 1 1 1 1 1 1 1 1 1 1 1 1 1 1 1 1 1 1 1 1 2 1 1 2 1 1 2 1 1 2 1 1 2 2 1 2 1 2 3 2 3 3 2 3 4 2 3 4 1 3 3 2 4 2 8 1      15217      25651      44349 
25020	 498572	1 1 0 1 1 0 1 1 1 1 1 0 1 1 0 1 1 0 1 1 0 1 1 0 1 1 1 1 1 1 1 1 1 1 1 1 1 1 1 1 1 1 1 1 1 1 1 1 1 1 1 1 1 1 1 1 2 1 1 2 1 1 2 1 2 2 1 1 2 2 1 2 3 2 3 3 2 3 3 2 3 3 1 5 4 2 3 1 8 2      44760      25714      14764 