
0      14214.00       42500.00
1      13168.00       45000.00
2      18212.00       55000.00
3      11196.00       95000.00
4      11496.00       21250.00
5      14927.00       41000.00
6      19765.00       33750.00
7      11131.00       55000.00
8      10457.00       35000.00
9      14793.00       41000.00
10       9255.00       33750.00
11      21036.00       83125.00
12       4133.00       55625.00
13       8771.00       44000.00
14       1119.00       58750.00
15       6278.00       41000.00
16       3124.00       42500.00
17      15774.00       67500.00
18       6636.00       55625.00
19      16335.00       55000.00