
0      10405.00      606500.00
1       7213.00       65000.00
2      13281.00      153750.00
3       9565.00       65000.00
4        774.00      165000.00
5      13438.00      157500.00
6       2518.00      165000.00
7       7839.00      571500.00
8       1591.00      165000.00
9       6474.00      317000.00
10       1393.00      616500.00
11       7911.00      165000.00
12      13104.00      165000.00
13       4772.00      250000.00
14       1265.00       65000.00
15       8121.00      165000.00
16      12893.00      606500.00
17       7500.00      601500.00
18       3029.00      606500.00
19      12921.00      645500.00