
0     32934.00     1478000.00
1     46490.00     1476850.00
2     43285.00     1331968.00
3     56625.00     1445300.00
4     24244.00     1439676.00
5    124579.00     1433800.00
6    102966.00     1363800.00
7     20855.00     1365800.00
8     82407.00     1441800.00
9    124593.00     1407550.00
10    156788.00      414000.00
11     50903.00     1434800.00
12     35266.00     1412528.00
13    100868.00     1344052.00
14     42443.00     1496800.00
15     25043.00     1429994.00
16     71656.00     1396300.00
17     36436.00     1387800.00
18     21566.00     1417802.00
19    143637.00     1408800.00