
0	3328000	1 0 2 0 6 0 7 0 8 0 11 1 12 2 12 5 9 10 15 10 16 11 16 13 4 14 18 15 19 15 3 15 20 17 21 17 24 18 24 18 24 19 24 19 24 20 25 21 25 22 25 22 26 23 26 23 27 23 28 24 28 25 28 25 28 25 29 26 29 26 29 27 29 27 29 27 29 27 29 28 29 28 29 28      72000      81000 
99	2578000	0 2 4 2 5 7 9 2 12 11 12 12 9 13 11 14 8 20 11 4 10 6 14 13 18 16 16 17 19 15 19 18 16 3 20 15 17 19 22 1 21 24 23 21 8 22 23 21 24 22 26 23 24 23 25 25 24 25 27 25 27 25 28 26 28 27 29 26 29 27 29 28 29 26 29 28 29 27 29 28 29 29 29 29      72000      63000 
198	2212000	1 0 1 3 15 2 5 12 10 3 21 0 22 4 11 7 4 11 13 12 0 9 15 12 16 14 14 16 23 8 20 13 17 14 24 18 22 19 17 18 19 10 6 24 22 21 23 20 23 21 26 25 27 25 27 24 24 9 9 26 25 25 28 25 27 26 29 27 27 28 28 26 29 25 28 28 29 27 29 29 29 29 29 28      63000      63000 
1782	2200000	22 0 1 0 3 1 26 10 15 3 22 7 4 6 11 9 0 18 17 12 21 11 17 22 26 14 5 16 19 8 12 13 16 20 20 18 14 18 21 18 19 6 23 25 22 15 22 2 24 22 23 24 24 25 25 24 4 23 5 25 26 25 28 25 26 22 29 26 29 27 28 28 29 28 29 27 29 28 29 27 29 29 29 29      45000      81000 
5742	2007000	3 0 4 0 15 1 22 10 15 3 7 7 21 13 11 9 5 20 17 12 21 11 17 11 26 14 5 9 5 8 12 16 26 20 20 18 27 18 21 16 19 6 23 25 22 15 23 2 24 24 23 23 24 25 25 24 4 19 5 25 26 25 28 25 27 22 29 26 27 26 28 28 29 28 28 27 29 28 29 27 29 29 29 29      40500      81000 
0	2972000	0 1 3 1 4 1 5 4 7 4 2 6 9 6 10 6 11 8 11 9 13 10 13 12 15 12 16 14 16 14 18 14 19 15 19 16 20 17 21 18 21 20 22 20 22 20 24 23 24 23 24 23 24 23 25 23 25 23 25 23 25 24 26 26 26 26 27 27 27 27 28 27 28 27 29 28 29 28 29 28 29 28 29 29      63000      81000 
99	2290000	2 0 4 2 4 3 10 6 10 6 11 7 12 9 11 9 11 8 11 17 17 13 12 9 13 25 19 16 21 12 22 1 19 14 23 20 23 16 23 21 24 17 24 23 24 20 7 18 25 22 26 24 28 21 26 24 28 22 26 25 29 26 29 5 29 15 29 27 29 27 28 27 29 27 29 28 29 27 29 28 29 27 29 29      45000      81000 
1188	2272000	9 0 4 2 4 3 10 6 10 6 11 7 12 9 11 9 15 8 11 17 17 13 12 9 13 25 19 16 21 12 22 1 19 14 23 20 23 16 23 21 24 17 24 23 24 20 7 18 25 22 26 24 28 21 26 24 28 22 26 25 29 26 29 5 29 15 29 27 29 27 28 27 29 27 29 28 29 27 29 28 29 27 29 29      45000      81000 
1386	2198000	1 0 10 2 2 3 2 4 14 8 22 24 10 6 12 9 11 8 12 8 15 13 11 7 15 25 19 14 13 15 17 16 19 5 20 29 21 2 10 29 23 17 9 7 24 20 24 18 25 21 25 23 28 23 1 22 28 25 26 26 29 25 28 5 26 24 28 27 29 25 28 26 29 27 29 28 29 26 29 28 29 27 29 29      45000      81000 
3366	2138000	12 24 15 11 15 9 16 22 5 0 5 2 10 6 18 25 8 26 13 6 25 2 11 9 28 1 22 16 13 17 19 16 9 17 12 20 9 20 7 8 1 6 21 19 24 20 7 18 14 21 23 23 25 23 0 27 18 24 27 25 3 25 29 5 26 24 28 27 28 27 28 26 4 27 29 26 29 27 29 28 29 28 29 29      81000      42000 
3663	1893000	16 0 3 11 5 2 20 5 14 23 3 1 10 7 11 18 18 11 4 21 17 12 25 7 15 13 19 11 13 14 2 16 19 17 15 0 21 20 8 12 1 12 9 7 25 20 24 18 24 22 23 23 28 23 26 22 5 22 27 25 28 14 23 26 26 24 28 26 27 25 28 26 6 27 0 28 29 26 29 28 29 27 29 28      88500      30000 
5049	1812000	1 11 4 2 2 13 5 13 11 22 19 5 16 17 8 18 27 11 0 14 19 7 26 12 15 13 22 14 16 10 3 16 21 15 3 0 17 2 7 21 20 10 9 21 24 20 24 18 24 22 25 23 25 23 1 23 5 21 14 26 29 26 12 25 26 24 28 27 27 25 28 26 16 27 6 28 29 27 29 28 29 27 29 28      72000      45000 
0	2843000	6 3 1 4 2 5 5 5 8 7 10 7 10 8 10 9 11 12 11 13 13 14 13 17 14 17 14 18 15 19 15 19 16 21 16 21 17 22 18 22 18 22 19 22 19 23 20 23 20 23 21 24 22 0 23 25 24 26 24 27 25 27 25 27 26 27 26 27 26 28 28 28 29 28 29 28 29 28 29 28 29 28 29 29      67500      72000 
99	2128000	14 0 1 0 5 0 2 6 4 1 6 2 8 11 8 7 10 7 13 13 9 9 15 10 19 11 12 11 16 20 21 12 18 10 16 21 16 22 19 17 19 22 23 23 20 17 23 19 22 22 26 24 23 24 3 24 24 24 25 25 26 25 26 25 26 27 28 27 28 26 28 27 28 27 29 27 29 27 29 28 29 28 29 29      81000      42000 
4455	2025000	14 0 1 0 5 0 2 25 4 1 6 2 8 11 8 7 9 7 13 13 9 9 15 10 19 11 12 11 16 20 21 12 18 10 16 21 28 22 19 17 19 22 23 23 20 17 23 19 22 22 26 24 23 24 3 24 24 24 25 25 26 25 26 25 26 27 28 27 28 26 28 27 28 27 29 27 29 27 29 28 29 28 29 29      81000      40500 
0	2930000	0 0 3 1 4 1 5 2 7 2 8 3 9 3 12 6 13 10 15 10 16 11 17 11 17 11 18 11 18 11 20 11 20 12 21 13 21 14 23 14 23 14 23 14 24 14 25 15 25 19 26 19 26 19 26 22 26 22 27 22 27 22 27 24 28 24 28 24 28 24 28 24 28 24 29 24 29 25 29 25 29 26 29 29      81000      63000 
495	2442000	2 1 5 2 2 4 5 3 3 27 11 3 3 8 12 6 13 5 11 7 16 11 17 10 19 15 0 11 16 13 10 12 18 17 20 14 18 15 20 19 18 11 25 20 22 14 25 9 26 23 21 20 25 23 26 22 26 25 24 25 26 25 26 12 19 24 21 26 28 28 29 24 17 28 27 27 29 28 29 28 29 29 29 28      54000      76500 
1980	2182000	2 1 5 2 2 4 5 3 3 27 11 3 3 8 12 6 13 5 11 7 16 11 17 10 24 15 0 11 16 13 10 12 18 17 20 14 18 15 20 19 18 11 25 20 22 14 25 9 26 23 21 20 25 23 26 22 26 25 24 25 26 25 26 12 19 24 21 26 28 28 29 24 17 28 27 27 29 28 27 28 29 29 29 28      54000      72000 
2178	2077200	1 17 7 7 22 4 5 9 12 0 9 26 18 4 8 6 16 6 7 7 9 18 3 0 11 4 21 11 10 28 10 11 18 17 2 14 0 17 23 5 14 11 26 20 15 22 25 23 20 23 21 20 25 24 26 24 13 22 24 26 26 28 27 25 19 24 27 29 28 28 14 24 9 26 27 24 8 27 29 25 29 28 29 28      90000      32400 
0	2580000	1 0 5 0 5 0 6 1 7 2 9 2 11 7 12 9 12 9 13 10 16 10 14 11 17 11 18 12 18 15 19 15 19 16 20 17 20 19 22 22 4 22 21 23 24 23 25 23 25 24 8 24 26 24 26 24 3 25 27 25 27 25 27 25 28 25 28 26 28 27 29 27 29 27 29 28 29 28 29 28 29 28 29 29      90000      45000 
792	2254000	22 0 1 1 28 2 6 6 7 2 13 12 9 15 14 2 5 7 29 8 13 16 4 7 3 11 14 18 9 3 16 17 0 15 13 19 16 5 24 10 24 21 25 22 24 3 25 23 23 20 11 21 25 23 24 24 4 24 18 27 26 25 27 24 14 25 28 26 28 27 29 28 29 26 29 28 29 28 29 28 29 28 29 28      36000      90000 
2970	2152000	12 21 1 22 7 2 5 24 20 2 26 17 11 22 13 7 5 1 0 5 0 10 6 26 3 11 17 19 9 19 11 25 14 21 15 19 25 24 18 19 4 5 3 22 24 11 8 23 23 23 21 19 25 23 24 23 10 24 27 27 20 25 27 25 27 25 28 26 5 27 17 27 16 26 29 28 29 28 29 28 29 28 28 29      81000      42000 
3366	2025000	20 22 8 1 28 1 8 20 0 2 6 19 11 10 17 7 6 4 29 26 13 3 11 10 3 15 17 12 14 9 16 19 0 26 13 7 10 12 16 10 22 21 21 22 17 23 25 18 25 24 4 24 26 24 24 23 26 24 27 7 27 25 10 25 14 26 15 26 5 27 26 27 5 27 29 28 29 27 29 28 29 28 29 29      40500      81000 
0	2876000	0 0 1 1 2 6 3 6 4 8 4 8 6 9 7 9 10 10 10 11 11 12 13 14 13 16 14 16 14 17 15 17 15 18 16 19 18 20 19 20 21 20 22 21 24 21 24 21 24 22 24 22 25 22 25 23 25 23 5 23 26 23 27 24 27 24 27 26 27 26 27 27 28 28 28 28 29 29 29 29 29 29 29 29      69000      72000 
99	2822800	1 1 4 3 8 3 9 4 11 2 11 6 8 6 16 7 16 5 11 0 21 9 10 2 3 6 22 7 23 10 23 12 24 14 24 12 24 16 21 13 22 17 23 15 25 18 25 13 25 19 26 19 26 20 26 25 27 22 26 23 28 26 28 24 28 26 29 25 28 25 28 25 29 27 29 27 29 29 29 26 29 29 29 29      50400      90000 
1386	2580000	11 0 8 0 5 2 1 16 10 5 5 10 27 10 9 10 2 12 1 0 13 1 9 12 3 6 22 19 18 14 15 14 12 17 24 7 19 20 20 3 21 17 24 19 16 23 24 13 23 24 7 24 12 25 4 26 12 22 26 25 27 26 25 24 28 26 6 25 27 25 28 27 29 28 29 28 29 27 29 28 29 29 29 28      90000      45000 
1881	2570000	11 20 2 3 8 21 17 16 4 19 18 10 10 6 27 10 16 5 1 20 0 9 10 12 3 9 22 21 18 10 15 14 13 17 12 12 19 14 3 13 18 23 24 15 16 23 13 13 23 24 7 23 26 25 26 26 25 22 14 23 26 26 27 24 28 24 6 25 27 25 28 27 29 26 29 28 29 27 29 28 29 29 29 29      72000      63000 
1980	2037000	14 25 8 3 1 3 2 7 11 14 20 6 8 5 16 10 2 8 1 0 13 9 13 12 3 6 15 11 9 21 18 16 20 17 3 22 4 4 21 13 18 18 24 15 1 23 12 19 23 24 26 23 26 24 20 23 25 22 14 23 1 26 27 24 21 25 28 27 28 25 28 27 29 28 29 28 29 28 29 26 29 28 29 29      31500      90000 
4851	1518000	14 0 15 15 23 3 25 7 23 14 20 28 2 0 16 17 14 8 29 13 1 12 10 2 18 6 10 11 12 21 12 16 20 17 3 22 4 4 13 18 18 23 3 19 1 9 12 19 23 24 26 23 26 24 20 5 25 22 14 26 1 26 27 24 21 25 28 25 28 25 28 27 13 28 15 27 29 27 29 26 29 28 29 29      36000      72000 
0	2268000	0 2 2 3 8 4 9 5 11 6 11 6 12 7 12 9 13 10 17 10 17 10 18 13 19 14 21 14 21 14 21 15 22 15 23 15 24 15 24 16 24 16 24 18 25 18 25 19 25 19 25 19 25 20 26 20 26 22 26 23 27 23 27 24 28 24 28 25 1 26 29 26 29 27 29 27 29 27 29 27 29 28 29 28      63000      63000 
693	2138500	0 0 0 3 4 1 5 7 11 9 19 6 10 4 11 9 7 2 13 15 14 12 11 11 18 5 10 14 17 18 19 16 11 13 23 24 24 22 22 8 24 21 10 21 25 19 22 23 25 24 20 18 23 22 17 20 23 23 26 26 27 24 27 23 28 25 28 25 28 26 29 28 29 27 28 27 29 27 29 29 29 29 29 28      40500      83250 
3465	2109500	13 8 15 3 3 14 9 4 18 26 23 2 10 4 22 9 12 20 20 20 1 16 7 11 16 5 8 11 12 18 19 3 11 5 21 13 2 15 5 8 11 21 22 21 25 15 24 23 24 24 25 19 23 22 14 18 25 23 6 25 27 24 27 23 28 17 17 26 17 26 0 26 29 27 28 27 28 27 29 28 29 29 29 28      72000      51750 
0	2966000	1 0 1 4 2 8 5 8 6 9 7 10 7 13 7 13 8 16 9 16 10 16 11 16 3 19 12 19 14 20 17 21 17 21 17 22 15 22 18 24 20 25 20 25 20 25 20 26 23 26 23 26 24 26 24 26 24 27 24 27 24 28 25 28 25 28 25 28 25 28 26 29 27 29 27 29 29 29 29 29 29 29 29 29      81000      63000 
99	2930000	1 0 1 2 1 19 1 9 3 5 4 7 6 9 11 15 9 9 11 10 13 11 14 15 8 14 11 20 13 16 12 16 20 21 19 18 17 17 21 21 20 24 18 20 24 22 24 23 21 25 23 23 25 26 22 26 26 24 25 26 27 26 26 26 27 25 29 26 28 27 28 27 28 27 29 27 29 28 29 28 29 28 29 29      72000      72000 
792	2566000	13 0 3 17 1 2 16 8 3 1 8 12 15 9 5 12 9 11 13 4 13 7 14 18 16 6 14 15 14 17 19 21 18 20 16 18 22 10 21 21 26 24 23 15 22 20 23 19 24 25 24 21 25 26 22 25 27 25 25 23 26 24 26 27 27 25 29 26 12 26 28 26 28 28 0 27 29 28 29 29 29 28 29 29      63000      72000 
990	2564000	13 0 23 17 1 2 10 8 3 1 8 12 15 9 5 12 9 11 13 4 13 7 14 18 16 6 14 15 14 17 19 21 18 20 16 18 22 10 21 21 26 24 23 15 22 20 23 19 24 25 24 21 25 26 22 25 27 25 25 23 26 24 26 27 27 25 29 26 12 26 28 26 28 28 0 27 29 28 29 29 29 28 29 29      63000      72000 
1782	2560000	0 16 2 8 3 0 5 8 12 1 9 7 13 9 8 3 9 10 11 10 4 2 14 18 16 16 11 4 4 15 20 16 20 18 16 17 17 21 16 13 23 15 23 15 23 19 24 13 21 19 24 3 24 1 22 25 27 25 25 24 27 26 26 26 27 25 6 25 28 27 28 26 18 26 29 28 29 28 29 28 7 27 29 29      90000      45000 
2178	2550000	21 9 7 14 4 19 9 13 1 22 8 29 2 5 10 20 9 14 13 10 11 7 0 15 16 16 11 19 3 16 18 25 18 17 16 20 13 10 27 19 12 3 8 22 23 6 17 23 21 25 6 24 23 8 24 25 27 24 19 24 15 24 26 26 15 26 7 26 28 26 29 27 28 27 0 28 28 25 29 28 29 28 29 28      72000      63000 
2277	2387000	10 20 1 28 15 14 5 4 17 22 8 3 22 21 20 21 9 14 2 0 18 22 10 2 6 4 8 3 13 16 0 16 18 20 7 17 3 10 21 21 21 22 11 20 25 6 23 23 21 20 24 21 23 23 24 25 19 25 25 24 26 24 26 27 27 24 28 26 12 20 28 27 28 26 28 27 29 25 29 28 29 28 29 27      90000      40500 
3366	2369000	10 20 1 28 15 14 5 4 17 22 14 3 22 21 20 21 9 14 2 0 18 22 10 2 6 4 8 3 13 16 0 16 18 20 7 17 3 10 21 21 21 22 11 20 25 6 23 23 21 20 24 21 23 23 24 25 19 25 25 24 26 24 26 27 27 24 28 26 12 20 28 27 28 26 28 27 29 25 29 28 29 28 29 27      90000      40500 
3960	2007000	19 20 1 28 15 14 5 4 17 22 14 3 22 21 20 21 9 14 2 0 18 22 10 2 6 4 8 3 13 16 0 16 18 20 7 17 3 10 21 21 21 22 11 20 25 6 23 23 21 20 24 21 23 23 24 25 19 25 25 24 26 24 26 27 27 24 28 26 12 20 28 27 28 26 28 27 29 25 29 28 29 28 29 27      81000      40500 
6039	1908000	15 1 2 15 9 13 5 4 8 12 18 1 4 18 20 12 9 14 10 16 18 22 14 5 6 9 14 2 13 7 28 16 18 8 21 17 3 7 0 21 17 12 11 20 25 22 6 23 21 19 5 23 23 23 8 25 19 25 25 24 5 24 26 26 27 26 27 26 12 20 28 27 24 24 28 28 29 28 29 28 29 28 29 27      72000      45000 
0	2212000	1 1 2 2 5 2 0 2 10 3 12 3 15 6 15 7 16 9 16 9 17 9 18 10 18 10 18 11 19 11 19 12 19 8 20 13 21 13 21 14 22 14 23 16 24 17 24 20 24 21 24 22 26 23 26 23 27 24 27 24 27 25 28 25 4 25 29 25 29 26 29 26 29 27 29 27 29 28 29 28 29 28 29 28      63000      63000 
990	2042000	16 1 6 8 5 15 0 4 2 17 10 5 7 6 8 13 5 8 9 0 12 14 9 19 7 1 2 18 22 16 21 12 28 11 19 12 3 13 22 18 23 20 24 20 23 20 23 22 24 21 2 23 2 24 25 23 27 24 26 3 9 25 27 25 10 26 27 26 16 26 11 27 29 27 29 28 29 28 29 28 29 29 29 29      36000      85500 
2970	1932000	16 1 6 8 10 15 0 4 2 17 10 5 7 6 8 13 5 8 9 0 12 14 9 19 7 1 2 18 22 16 21 12 28 11 19 12 3 13 22 18 23 20 24 20 23 20 23 22 24 21 2 23 2 24 25 23 27 24 26 3 9 25 27 25 10 26 27 26 16 26 11 27 29 27 29 28 29 28 29 28 29 29 29 29      31500      87750 
3069	1674000	16 1 6 8 10 15 0 4 2 17 10 5 7 6 8 13 5 8 9 0 12 14 9 19 7 0 2 18 25 16 21 12 28 11 19 12 3 13 22 18 23 20 24 20 23 20 23 22 24 21 2 23 2 24 25 23 27 24 26 3 9 25 27 25 10 26 27 26 16 26 11 27 29 27 29 28 29 28 29 28 29 29 29 29      31500      81000 
0	2930000	2 0 3 0 5 2 5 4 8 6 7 6 9 8 10 11 12 11 13 11 13 14 1 14 16 14 18 14 19 14 19 14 20 15 21 15 21 15 22 17 22 17 23 18 23 18 23 18 24 18 25 19 25 20 25 24 25 24 25 24 26 25 26 26 26 27 26 27 27 27 27 27 28 28 28 28 28 28 29 29 29 29 29 29      81000      63000 
99	2930000	1 0 4 1 22 6 3 2 5 4 9 7 12 6 10 14 8 8 14 5 12 14 13 14 11 15 16 17 16 17 17 17 15 20 20 21 19 18 19 18 22 23 23 20 23 21 24 24 24 26 2 23 24 25 26 24 25 25 26 26 26 27 27 27 28 27 28 25 28 28 28 28 28 27 29 28 29 27 29 28 29 28 29 29      81000      63000 
792	2818000	5 21 0 1 27 0 3 2 6 16 11 7 2 8 13 10 10 13 12 15 11 14 27 5 14 5 19 28 15 14 17 17 23 16 20 18 1 20 24 21 18 20 24 19 23 20 4 22 25 22 2 23 24 24 9 24 24 25 26 24 26 24 28 26 12 25 26 26 29 28 28 28 28 28 29 28 28 28 29 27 29 28 29 29      72000      67500 
891	2550000	1 0 4 1 22 6 3 2 5 4 9 7 12 6 10 14 8 8 14 5 12 14 13 14 11 15 16 7 16 17 17 17 15 20 20 21 19 18 19 18 22 23 23 20 23 21 24 24 24 26 2 23 24 25 26 24 25 25 26 26 26 27 27 27 28 27 28 25 28 28 28 28 28 27 29 28 29 27 29 28 29 28 29 29      81000      54000 
1782	2201600	1 1 3 25 7 12 13 24 19 4 0 7 8 7 6 27 5 8 4 1 1 14 12 10 16 14 23 14 18 12 17 12 17 19 10 3 24 2 19 21 12 11 24 20 15 20 24 22 25 23 2 23 24 25 9 15 22 25 25 24 26 4 26 27 21 20 29 26 28 28 28 24 11 27 29 27 29 27 29 28 29 28 29 29      82800      41400 
2475	2108800	1 1 3 25 7 12 13 24 19 4 0 7 8 7 6 27 5 8 4 1 1 14 12 10 16 14 23 14 18 12 17 12 26 19 10 3 24 2 19 21 12 11 24 20 15 20 24 22 25 23 2 23 24 25 9 15 22 25 25 24 26 4 26 27 21 20 29 26 28 28 28 24 11 27 29 27 29 27 29 28 29 28 29 29      81000      41400 
2772	1848000	1 1 3 25 7 12 13 24 19 4 0 7 8 7 6 27 5 8 4 14 1 14 12 10 16 27 23 14 18 12 17 12 26 19 10 3 24 2 19 21 12 11 24 20 15 20 24 22 25 23 2 23 24 25 9 15 22 25 25 24 26 4 26 27 21 20 29 26 28 28 28 24 11 27 29 27 29 27 29 28 29 28 29 29      81000      34500 
2871	1694000	1 1 3 25 7 12 13 24 19 4 0 7 8 7 6 27 5 8 4 27 1 14 12 10 16 14 23 14 18 12 17 12 26 19 10 3 24 2 19 21 12 11 24 20 15 20 24 22 25 23 2 23 24 27 9 15 22 25 25 24 26 4 26 27 21 20 29 26 28 28 28 27 11 27 29 27 29 27 29 28 29 28 29 29      81000      30000 
0	3026000	7 0 4 1 4 2 4 2 6 3 9 17 10 5 11 8 11 8 12 8 12 9 12 10 13 11 16 13 18 14 19 15 19 16 19 18 20 19 20 19 20 21 20 21 22 22 23 23 24 23 24 23 25 23 25 24 26 24 27 25 27 26 27 26 28 26 28 27 28 27 28 28 29 28 29 28 29 28 29 28 29 29 29 29      63000      81000 
99	2980000	1 0 5 1 5 2 6 4 8 6 10 4 9 6 11 5 11 9 14 6 16 12 19 7 19 12 17 10 20 11 18 20 23 13 12 19 3 12 15 20 21 13 23 14 25 24 25 24 9 22 27 17 26 24 27 25 28 21 26 22 28 25 27 23 27 24 27 25 28 28 28 26 29 27 12 28 29 26 29 27 29 29 29 28      81000      63000 
198	2254000	3 0 2 0 1 4 7 4 3 3 8 7 10 3 6 8 12 9 16 9 6 15 17 12 12 14 18 14 16 15 13 12 18 22 22 19 18 18 21 18 20 23 24 20 5 16 21 23 23 14 11 23 25 23 25 24 27 24 26 24 24 19 25 28 27 26 27 26 29 26 28 27 29 26 29 28 28 26 29 29 29 29 29 29      81000      45000 
2574	2198000	5 0 2 0 1 4 7 4 1 3 8 7 10 3 28 8 12 9 16 9 6 15 17 20 12 14 18 14 16 15 13 12 18 22 22 19 18 18 21 18 20 23 24 20 5 16 21 23 23 14 11 23 25 23 25 24 27 24 26 24 24 19 25 28 27 26 27 26 29 26 28 27 29 26 29 28 28 26 29 29 29 29 29 29      81000      45000 
2871	2172800	3 24 19 0 7 20 13 5 18 17 10 5 10 23 19 8 12 16 11 6 6 15 17 14 13 12 7 4 26 0 25 1 6 28 11 19 21 19 22 18 20 11 17 21 14 24 23 22 15 19 25 23 24 9 25 24 11 24 26 24 25 2 25 28 16 26 27 27 29 26 3 27 29 26 28 28 28 26 29 29 29 28 29 28      41400      82800 
4554	1864000	2 7 22 0 15 20 7 5 18 17 11 5 1 3 7 8 12 20 18 9 6 2 5 0 4 12 7 13 3 16 15 24 10 3 23 19 21 22 22 5 20 9 17 21 7 3 23 22 24 14 25 23 17 9 13 24 25 24 14 24 25 19 25 26 26 26 27 27 29 27 16 27 8 26 28 28 28 26 29 29 29 28 29 28      72000      45000 
4653	1828000	0 3 9 13 26 2 13 5 10 18 6 17 18 27 7 14 12 25 16 19 6 15 7 14 6 10 7 17 22 14 5 1 10 4 12 19 21 0 4 18 20 11 17 21 22 8 23 23 23 20 25 23 15 9 0 24 25 24 26 24 25 26 25 28 26 26 27 25 2 26 16 27 29 26 28 29 28 27 29 29 29 28 29 28      45000      72000 
5841	1446000	0 3 9 13 26 2 13 5 10 16 6 22 18 27 7 14 12 25 16 19 6 15 7 20 6 10 7 17 22 14 5 1 10 4 12 19 21 0 4 18 20 11 17 21 22 8 23 23 23 20 25 23 15 9 0 24 25 24 26 24 25 26 25 28 26 26 27 25 2 26 16 27 29 26 28 29 28 27 29 29 29 28 29 28      36000      72000 
0	2550000	1 0 6 2 9 8 11 3 11 3 13 4 13 5 13 5 14 6 14 7 16 7 16 9 16 10 18 10 18 12 18 14 21 15 21 15 22 17 22 19 23 19 24 20 26 20 26 22 27 22 27 22 27 22 27 23 27 23 27 24 27 24 28 24 28 24 28 25 28 25 29 25 29 26 29 26 29 26 29 27 29 28 29 28      54000      81000 
1287	2268000	22 13 3 2 5 8 11 2 11 4 12 20 11 9 20 1 24 13 10 7 16 8 14 9 16 6 15 10 14 11 13 19 0 25 21 15 23 16 23 19 23 21 18 19 24 20 17 24 27 24 27 23 27 22 25 26 25 27 27 26 12 24 8 22 28 26 18 26 28 27 27 25 16 28 17 28 29 26 29 27 29 28 29 28      63000      63000 
1683	2198000	11 3 3 5 6 13 4 4 18 12 24 13 13 27 7 5 1 11 14 8 16 9 3 9 7 8 16 10 15 12 13 18 0 9 21 15 2 17 23 1 10 17 21 20 24 5 23 23 24 24 20 23 22 25 26 23 27 24 25 25 27 26 25 26 27 26 17 25 27 27 28 21 3 28 19 28 28 26 29 28 29 28 29 29      90000      36000 
2376	1844000	11 1 15 1 5 24 22 3 3 5 13 7 27 17 11 12 0 7 8 8 25 10 14 9 20 8 2 10 19 21 3 14 14 9 4 0 17 16 23 2 12 19 18 20 21 20 23 13 20 22 24 22 26 25 0 23 27 23 6 24 12 26 25 24 26 27 27 24 28 27 28 25 16 4 19 28 28 26 29 27 29 28 29 29      81000      36000 
6039	1828000	11 1 15 1 5 24 22 3 3 5 13 7 27 17 11 10 0 7 8 8 25 10 14 9 20 8 2 10 19 21 3 14 14 9 4 0 17 16 23 2 12 19 18 20 21 20 23 13 20 22 24 22 26 25 0 23 27 23 6 24 12 26 25 24 26 27 27 24 28 27 28 25 16 4 19 28 28 26 29 27 29 28 29 29      81000      36000 
0	2930000	2 0 3 0 3 0 4 1 6 4 8 5 8 7 9 7 9 11 10 11 12 11 13 12 14 14 15 15 16 17 16 17 18 17 18 19 20 19 21 20 22 20 22 20 23 21 24 22 24 22 24 23 26 23 26 24 27 24 27 24 28 25 28 25 29 25 29 25 29 26 29 26 29 26 29 27 29 27 29 28 29 28 29 28      81000      63000 
1287	2822800	1 1 1 2 3 23 9 6 7 3 4 5 15 8 13 10 1 0 13 13 14 13 11 13 5 12 11 12 9 10 15 16 4 14 7 17 20 20 9 19 20 22 23 18 18 21 24 11 6 24 1 25 22 23 26 25 0 24 26 26 25 26 27 25 27 25 26 24 27 14 19 24 27 27 29 28 29 28 29 28 29 28 29 28      50400      90000 
1386	2580000	6 1 13 2 0 2 4 3 7 3 5 13 12 16 6 10 19 12 3 13 9 11 14 9 25 18 18 0 20 14 3 20 10 17 16 19 0 9 22 22 25 20 15 20 8 21 23 11 21 26 24 24 26 23 26 24 14 24 27 26 26 26 27 25 27 25 2 26 17 27 29 27 28 27 5 28 29 28 29 28 29 28 29 28      81000      54000 
1584	2445000	16 1 2 1 12 22 6 3 7 6 1 5 10 28 6 6 9 15 13 12 13 11 14 4 13 8 0 20 7 3 16 22 8 16 20 17 24 16 0 19 24 22 10 16 23 18 23 23 25 26 24 23 9 22 26 21 27 24 26 25 14 26 4 24 28 25 26 25 25 26 2 27 27 27 3 28 29 28 29 29 29 28 29 28      40500      90000 
2772	1700000	15 14 11 13 27 8 12 12 5 3 22 7 1 28 18 17 2 17 13 6 19 13 28 4 0 15 14 20 1 14 8 22 15 16 1 10 21 11 21 9 20 7 21 20 23 22 23 23 6 19 0 24 24 22 26 26 24 24 26 18 26 25 27 27 27 25 26 25 27 28 2 29 11 27 5 28 29 28 29 28 29 28 29 29      31500      81000 
3366	1640000	15 14 11 13 27 8 12 12 5 3 22 7 1 28 18 17 2 17 13 6 19 13 28 4 0 15 14 20 1 14 8 22 15 16 1 10 21 11 21 9 20 5 21 20 23 22 23 23 6 19 0 24 24 22 26 26 24 24 26 18 26 25 27 27 27 25 26 25 27 28 2 29 11 27 5 26 29 28 29 28 29 28 29 29      31500      81000 
0	2962000	7 0 5 1 6 1 11 2 11 2 11 3 12 3 12 5 14 6 14 9 15 10 15 10 15 13 8 13 18 16 18 17 19 19 19 19 20 20 20 20 21 22 21 23 21 23 21 23 22 23 22 24 24 24 24 24 24 4 25 25 26 25 28 25 28 25 28 26 28 26 29 26 29 27 29 27 29 27 29 28 29 28 29 28      63000      81000 
99	2180000	2 0 2 1 2 11 3 2 3 5 4 7 6 8 6 23 8 4 14 10 15 9 12 9 12 13 14 13 13 17 21 15 16 16 22 19 18 20 23 10 21 19 24 23 24 20 18 19 25 22 22 24 24 26 24 23 25 26 25 27 27 25 27 25 26 26 27 28 28 27 28 27 28 28 29 27 29 28 29 28 29 28 29 29      45000      81000 
2376	2007000	2 0 2 1 2 11 3 2 3 5 4 7 6 8 6 23 8 4 14 10 15 9 12 9 12 13 14 13 13 17 21 15 16 16 22 19 18 20 23 10 21 19 24 23 24 20 18 19 25 22 22 24 24 26 24 23 25 26 25 27 27 25 27 25 26 26 27 28 28 21 28 27 28 28 29 27 29 9 29 28 29 28 29 29      40500      81000 
2871	1852000	24 0 4 9 21 1 16 7 20 5 1 3 6 10 6 17 3 8 14 17 15 0 12 14 12 23 15 13 13 17 15 15 12 1 22 11 18 3 23 1 21 19 24 23 24 20 18 19 25 20 22 24 24 2 16 23 25 26 25 27 26 25 27 25 26 23 27 26 8 27 28 27 4 28 29 27 29 28 29 28 29 29 29 28      45000      72000 
0	2984000	3 0 4 0 5 1 5 1 6 1 7 1 8 1 8 2 9 4 9 10 10 12 10 12 11 13 14 13 14 19 14 19 16 19 17 20 18 21 19 21 20 21 22 22 23 22 23 22 23 24 23 24 24 24 24 25 25 25 25 26 26 26 27 26 27 27 15 27 28 27 28 27 28 28 29 28 29 29 29 29 29 29 29 29      81000      63000 
198	2582000	3 2 0 2 6 4 7 3 19 6 15 6 8 6 19 9 10 13 21 13 12 9 15 17 20 14 19 0 16 21 17 18 23 14 20 21 23 16 23 24 22 20 24 25 24 22 1 21 24 20 25 24 0 26 26 25 18 25 11 25 28 26 25 26 28 27 27 26 6 27 5 27 29 28 29 28 29 28 29 28 16 28 29 29      72000      63000 
297	2580000	11 18 1 0 0 9 2 2 5 2 7 6 9 6 9 13 10 4 12 13 15 15 26 16 17 12 16 19 16 10 15 21 4 19 22 14 20 18 17 21 25 21 25 23 23 22 25 23 26 21 3 24 26 24 22 24 28 24 28 25 27 26 8 24 27 26 28 26 14 28 28 26 29 27 29 28 29 26 29 29 29 29 29 29      90000      45000 
495	2208000	1 0 0 2 6 3 3 12 6 2 10 6 13 8 7 9 10 13 21 13 9 13 4 2 16 13 11 16 16 18 13 19 20 14 20 15 17 14 18 6 5 22 8 19 24 25 23 24 26 23 12 20 25 23 22 25 26 15 27 24 21 25 27 24 28 25 28 26 27 26 27 27 28 26 29 28 29 29 29 29 29 29 29 29      81000      45000 
1782	2178000	19 14 13 11 0 18 3 5 22 11 1 8 12 5 11 13 16 11 6 10 9 13 4 7 17 14 18 8 16 18 20 14 13 7 18 21 8 21 22 21 25 22 9 19 25 10 8 23 24 23 2 24 23 25 6 23 9 24 15 26 26 24 28 26 27 25 28 26 27 26 27 26 28 26 29 28 29 24 29 29 29 28 29 29      90000      36000 
2475	2138500	1 18 0 5 0 5 4 3 6 9 15 6 11 15 22 19 21 5 22 10 26 15 17 7 13 17 3 8 16 18 20 14 14 7 19 15 8 21 22 6 5 22 8 21 21 10 24 23 24 23 12 20 23 23 22 23 9 15 24 26 25 24 2 25 26 25 28 26 27 25 27 25 28 27 29 28 5 28 29 28 29 28 29 29      83250      40500 
3861	2087200	19 20 8 4 0 9 16 3 20 16 11 13 5 15 10 25 21 16 2 24 9 22 17 1 28 9 13 20 7 3 4 19 18 9 18 15 0 11 2 24 14 22 9 19 21 22 24 23 24 23 27 20 23 25 22 24 23 25 19 26 25 25 2 26 12 25 28 26 27 26 27 27 27 28 6 28 1 26 29 28 29 28 29 29      81000      41400 
5940	2013500	19 20 14 4 0 9 8 22 20 16 14 13 5 15 10 19 12 16 10 24 9 19 17 11 13 4 13 20 8 22 12 19 18 9 18 15 8 26 10 6 14 11 7 19 21 22 24 17 24 23 27 20 23 25 22 24 23 25 19 26 21 24 2 25 26 25 3 27 27 26 27 27 27 28 6 28 1 28 29 28 29 28 29 29      66750      51750 
0	2214000	1 0 2 3 2 7 3 7 5 8 5 8 6 10 6 11 8 11 12 14 12 15 13 15 13 15 14 15 14 9 16 18 16 4 17 19 17 19 18 20 19 20 21 22 21 22 23 22 23 24 23 24 24 24 26 24 26 24 26 25 27 25 27 25 27 26 28 26 29 27 29 27 29 27 29 28 29 28 29 28 29 28 29 28      54000      72000 
3663	1816000	1 0 17 3 0 29 9 22 25 18 0 0 2 10 8 11 3 11 0 14 12 6 4 15 13 15 14 15 11 18 28 10 16 18 20 19 17 19 7 20 19 6 21 22 21 20 23 22 5 24 23 24 24 24 26 24 25 24 26 25 1 25 27 25 27 26 28 26 29 27 29 26 29 27 29 28 29 28 29 28 29 28 29 28      81000      36000 
0	2594000	0 2 1 3 2 4 2 5 3 8 6 9 6 9 6 9 7 9 8 11 10 11 12 14 12 15 12 16 13 16 13 17 14 17 15 18 17 19 18 20 19 20 21 22 21 22 21 23 23 24 24 24 24 25 24 25 24 26 25 26 25 26 26 27 27 27 27 28 27 28 28 28 28 28 28 29 29 29 29 29 29 29 29 29      72000      63000 
198	2262000	1 1 2 14 15 4 0 4 18 7 9 3 5 10 11 9 8 13 7 10 9 13 10 14 21 14 3 17 22 13 22 6 12 19 13 17 20 20 16 19 23 22 23 22 21 20 24 22 26 23 25 23 24 23 25 25 25 25 6 24 28 26 26 25 27 26 28 27 28 26 29 27 29 26 29 27 29 27 29 28 29 29 29 29      81000      45000 
2772	2244000	1 1 2 14 15 4 0 4 18 7 9 3 5 10 11 9 8 13 7 10 16 13 10 14 21 14 3 17 22 13 22 13 12 19 13 17 20 20 16 19 23 22 23 22 21 20 24 22 26 23 25 23 24 23 25 25 25 25 6 24 28 26 26 25 27 26 28 27 28 26 29 27 29 26 29 27 29 27 29 28 29 29 29 29      81000      45000 
3267	2226000	12 6 2 18 16 9 17 0 18 12 1 26 26 1 11 17 11 18 7 11 9 10 11 13 14 12 3 15 21 13 8 14 12 21 10 16 20 20 5 19 19 22 23 22 24 20 4 22 15 23 11 23 24 25 10 25 25 5 25 26 28 24 26 14 27 24 28 24 28 28 10 27 29 25 28 27 21 27 29 28 29 29 29 29      63000      63000 
4059	2198000	12 8 7 13 3 28 0 18 22 0 15 10 5 1 11 17 11 12 20 11 16 2 16 14 3 15 14 17 3 12 3 14 18 25 10 14 9 12 3 19 19 22 23 22 21 20 4 20 13 23 11 23 24 24 25 25 25 5 6 24 5 26 26 14 27 26 28 24 28 28 9 27 29 26 2 27 21 27 29 28 29 29 29 29      63000      63000 
4851	2111500	4 8 20 0 6 9 6 16 10 12 14 23 5 1 12 17 10 3 7 11 27 2 11 13 17 15 19 10 15 18 18 22 12 16 14 21 0 20 12 19 8 13 22 22 21 20 4 20 13 23 0 23 24 7 5 24 25 5 25 24 28 25 26 25 8 26 11 24 28 28 7 27 12 26 28 27 21 27 29 28 29 29 29 29      40500      83250 
5247	1912000	7 8 2 13 9 28 0 2 5 7 15 23 2 26 1 17 23 15 4 8 14 2 17 14 1 20 14 15 10 12 18 24 4 19 11 16 6 12 3 19 8 22 0 22 21 20 21 20 13 23 0 23 24 24 18 0 25 5 25 24 28 25 26 25 27 26 11 24 28 28 9 27 16 26 28 27 21 27 29 28 29 29 29 29      72000      45000 
0	3320000	0 1 2 1 3 2 3 3 4 5 6 7 6 7 6 7 9 8 10 10 13 12 13 13 11 14 14 15 14 17 15 17 16 18 17 18 20 19 20 19 21 19 22 20 22 21 23 22 23 23 24 24 24 24 25 24 25 25 25 25 26 25 26 26 27 26 28 26 28 26 28 27 29 27 29 28 29 28 29 28 29 29 29 29      81000      72000 
99	2930000	1 0 12 2 4 2 8 3 6 5 11 5 9 3 11 8 15 5 13 9 16 11 10 11 17 6 18 13 2 14 19 10 20 14 22 16 26 13 24 21 25 21 25 22 23 20 24 21 24 23 27 22 25 23 26 24 28 25 28 23 26 24 7 26 27 26 28 26 28 26 28 27 29 26 29 27 29 27 29 29 29 28 29 29      90000      54000 
594	2622000	14 1 16 3 2 8 2 2 4 4 6 0 10 6 9 4 13 5 15 9 13 14 6 10 0 7 11 15 16 10 9 12 18 18 17 17 26 20 17 21 23 19 24 22 25 20 24 21 24 19 24 22 26 22 24 21 25 26 27 25 27 25 13 23 28 25 28 26 12 26 28 28 28 27 29 27 29 28 29 28 29 29 29 28      72000      63000 
891	2454800	1 0 2 3 2 20 4 2 6 3 15 0 2 7 9 7 16 8 20 11 13 9 10 10 4 11 18 13 9 10 19 17 1 8 17 12 22 20 23 1 11 8 23 23 26 24 5 24 12 23 10 22 24 24 24 25 10 22 27 26 26 25 1 25 27 25 28 25 27 26 28 27 14 28 21 28 29 28 29 29 29 29 29 29      90000      41400 
990	2065000	1 0 2 3 2 20 4 2 6 3 15 0 2 7 9 7 16 8 20 11 13 9 10 10 4 11 18 13 9 10 19 17 1 8 17 12 22 20 23 1 11 5 23 23 26 25 5 24 12 23 10 22 24 24 24 25 10 22 27 26 26 25 1 25 27 25 28 25 27 26 28 25 14 28 21 28 29 28 29 29 29 29 29 29      90000      31500 
3564	2051000	1 0 2 3 2 20 4 2 6 3 15 0 17 7 3 7 16 8 20 11 13 9 29 10 23 13 18 13 9 10 19 17 1 8 17 12 22 20 23 1 11 5 23 23 26 25 5 24 12 23 10 22 24 24 24 25 10 22 27 26 26 25 1 25 27 25 28 25 27 26 28 25 14 28 21 28 29 28 29 29 29 29 29 29      90000      31500 
3960	1818000	4 9 2 17 2 1 4 20 17 0 15 0 15 7 21 11 22 6 0 21 11 8 3 4 13 5 20 16 28 3 19 24 1 18 17 12 15 20 23 19 9 14 8 16 26 25 21 24 12 23 10 13 24 24 3 23 10 22 27 26 26 1 1 25 27 25 26 26 8 27 28 26 14 28 21 27 19 28 29 29 29 29 29 28      36000      81000 
4752	1678000	4 9 2 17 2 1 4 20 17 0 15 0 15 7 21 11 22 6 0 21 11 10 3 4 13 5 20 16 28 3 19 24 1 18 17 12 15 11 23 19 9 14 8 16 26 25 21 24 12 23 10 13 24 24 3 23 10 22 27 26 26 1 1 25 27 25 26 26 8 27 28 26 14 28 21 27 19 28 29 29 29 29 29 28      31500      81000 
0	2930000	1 0 2 4 2 5 3 5 5 6 10 7 10 7 11 8 12 9 12 12 13 14 13 15 13 15 14 15 16 17 16 17 19 17 19 18 20 18 20 20 21 22 21 22 22 23 23 23 23 24 24 24 24 24 25 24 25 24 25 24 25 25 26 25 27 25 27 25 27 26 28 26 28 26 28 26 29 27 29 28 29 28 29 28      72000      72000 
1089	2586000	1 11 1 21 5 18 14 8 13 17 6 21 8 6 3 8 22 21 15 7 2 11 13 20 4 13 19 24 8 0 5 13 28 20 10 19 9 19 12 13 12 22 23 18 24 23 22 24 5 24 16 17 24 7 25 25 27 23 26 19 27 26 26 25 27 25 1 26 28 25 28 26 28 25 29 26 29 28 29 28 29 28 29 29      81000      54000 
1584	2566000	3 15 2 3 15 16 2 3 21 14 7 17 8 6 14 20 5 9 22 8 3 9 11 19 0 13 14 19 12 16 16 18 19 19 4 17 20 21 19 20 9 19 1 11 21 23 22 23 24 22 25 22 27 20 25 23 25 26 3 24 27 27 18 26 28 25 27 26 10 27 29 28 13 27 29 24 17 28 29 28 29 28 24 26      72000      63000 
1881	2466000	12 17 15 10 18 3 14 5 19 6 16 17 10 18 14 8 7 2 16 7 4 17 0 15 4 13 6 11 10 13 19 13 20 14 10 17 20 19 12 15 9 22 23 18 24 21 22 23 25 24 23 24 27 7 27 25 25 23 9 24 21 26 26 26 27 26 1 24 26 27 28 28 28 25 14 26 17 28 29 28 29 28 29 29      60000      72000 
2178	2180000	1 15 2 13 18 16 19 11 14 3 8 4 9 9 15 19 7 17 17 8 2 13 0 24 4 14 6 24 29 20 5 13 19 20 8 19 10 21 3 12 22 3 23 22 21 23 22 24 24 21 16 23 24 22 12 23 25 26 27 24 11 25 26 25 27 25 26 27 26 27 28 27 27 25 27 28 28 28 29 28 29 28 29 29      81000      45000 
4356	1838000	1 1 7 0 7 3 12 4 16 12 6 1 6 18 18 8 7 17 4 7 16 10 0 24 14 13 11 2 29 1 9 13 19 20 9 19 20 21 3 15 8 22 1 22 21 18 22 24 24 22 16 23 24 20 20 23 14 25 26 5 0 25 27 25 27 11 26 27 26 27 17 26 28 26 14 25 29 28 29 28 29 28 29 29      36000      81000 
5544	1792500	12 17 10 23 7 0 14 11 12 7 6 14 2 12 15 5 24 4 17 3 16 13 0 25 5 2 16 8 9 16 20 13 19 4 1 19 13 21 17 15 19 4 18 22 21 23 22 24 15 21 16 23 24 20 20 23 25 26 8 24 11 25 27 25 27 25 26 27 26 27 10 27 28 26 27 3 28 28 29 28 29 28 29 29      81000      33750 
0	2608000	0 1 1 8 2 4 2 3 5 5 9 5 10 6 11 6 12 6 13 7 13 11 14 12 14 15 15 15 16 16 19 17 19 17 22 17 23 17 23 18 24 18 24 18 25 20 25 20 26 20 26 21 26 21 27 22 27 23 27 23 28 24 28 24 28 25 28 25 29 26 29 27 29 27 29 28 29 28 29 28 29 28 29 28      72000      63000 
99	2234000	1 2 2 3 4 6 5 6 9 7 9 7 11 10 11 10 12 11 13 12 14 15 16 15 0 17 18 17 20 17 21 19 23 19 23 20 3 21 23 21 24 21 24 21 25 21 25 22 25 22 25 22 25 24 25 24 26 24 27 24 27 25 27 26 8 26 28 26 29 26 29 27 29 28 29 28 29 28 29 28 29 28 29 28      81000      45000 
198	2125000	2 1 1 8 2 2 3 2 6 5 7 5 8 7 9 10 12 6 13 8 10 10 13 13 14 15 14 1 0 18 17 18 19 15 23 17 11 24 21 18 4 19 24 20 24 22 25 20 23 23 26 21 26 23 16 25 22 21 27 25 28 26 25 26 28 27 28 25 27 27 29 27 29 27 29 28 29 27 29 20 29 28 29 28      83250      40500 
1287	2007000	2 1 1 8 2 2 3 2 6 5 7 5 8 7 9 10 12 6 13 8 10 10 13 13 14 15 14 1 0 2 17 18 19 15 23 17 11 17 21 18 4 19 24 20 24 22 25 20 23 23 26 21 26 23 16 25 22 21 27 25 28 26 25 26 28 24 28 25 27 27 29 27 29 27 29 28 29 24 29 20 29 28 29 28      81000      40500 
2376	1989000	2 1 1 8 2 2 3 2 6 5 7 5 8 7 9 10 12 6 13 18 10 10 13 13 14 15 14 1 0 2 17 18 19 15 23 17 11 17 21 18 4 19 24 20 24 22 25 20 23 23 26 21 26 23 16 25 22 21 27 25 28 26 25 26 28 24 28 25 27 27 29 27 29 27 29 28 29 24 29 20 29 28 29 28      81000      40500 
4059	1656000	2 1 1 8 2 2 3 2 6 5 7 5 8 11 9 10 12 6 13 18 10 10 13 13 14 15 15 1 0 2 17 18 19 15 23 17 11 17 21 18 4 19 24 20 24 22 25 20 23 23 26 21 26 23 16 25 22 21 27 25 28 26 25 26 28 24 28 25 27 27 29 27 29 27 29 28 29 24 29 20 29 28 29 28      81000      31500 