
0	2638000	0 2 0 4 6 5 9 5 1 6 8 9 12 10 14 10 15 11 16 11 16 13 16 13 17 14 17 15 17 18 18 19 18 20 19 21 19 23 20 23 20 23 21 24 21 24 22 24 22 3 22 25 24 7 24 26 25 26 25 26 26 26 26 26 26 26 27 27 27 27 29 27 29 28 29 28 29 28 29 28 29 28 29 29      72000      63000 
891	2564000	23 20 1 14 10 0 9 5 3 3 8 9 6 19 14 7 15 21 16 11 16 12 9 13 11 16 18 18 12 17 17 13 4 20 19 21 15 17 20 29 24 16 22 23 21 24 22 24 24 3 25 2 24 23 7 25 28 25 22 24 26 26 12 26 28 26 27 28 27 27 29 27 29 28 29 27 29 27 29 29 25 28 29 29      72000      63000 
990	2426000	5 2 3 2 17 3 2 4 4 24 7 16 8 10 11 5 8 9 22 10 15 15 5 13 25 13 18 16 6 8 14 7 28 6 19 18 16 23 19 23 23 23 21 16 6 24 21 24 21 23 25 21 12 23 24 26 25 24 25 23 26 26 27 27 27 26 0 27 28 27 20 28 1 27 9 28 29 27 29 28 29 29 29 28      90000      40500 
1584	2369000	23 0 13 18 1 21 2 4 3 5 14 0 12 29 14 5 15 24 12 7 16 18 9 0 11 14 5 7 4 11 10 22 16 20 20 18 15 17 4 23 23 17 22 16 21 24 24 24 25 24 19 2 6 25 24 24 8 25 25 23 26 26 27 26 18 26 27 27 27 26 28 28 28 28 29 28 29 27 29 28 29 28 29 29      90000      40500 
1782	1806000	23 0 13 18 1 21 2 4 3 5 14 0 12 29 14 5 15 26 12 7 16 18 9 5 11 14 13 7 4 11 10 22 16 20 20 18 15 7 4 13 23 17 22 16 21 24 24 24 25 24 19 2 6 25 24 24 8 25 25 23 26 26 27 26 18 26 27 27 27 26 28 28 28 28 29 28 29 27 29 28 17 28 29 29      90000      27000 
4158	1652000	2 3 18 20 18 9 2 4 4 4 7 8 12 17 11 29 12 5 12 10 18 15 18 16 6 14 13 7 4 1 19 22 9 20 19 0 18 13 19 17 23 17 22 25 21 22 21 24 21 23 25 2 18 23 24 25 24 24 25 23 26 26 8 26 11 26 27 27 27 27 1 6 28 28 29 28 29 27 29 11 29 28 29 29      30000      81000 
4554	1616000	2 3 18 20 18 9 25 4 4 5 7 8 12 17 11 29 12 5 12 10 18 15 18 16 6 14 13 7 4 1 19 22 21 20 19 0 18 13 19 17 23 17 22 25 21 22 21 24 21 23 25 2 18 23 24 25 24 24 25 23 26 26 8 26 11 26 27 27 27 27 1 6 28 28 29 28 29 27 29 11 29 28 29 29      30000      81000 
8019	1186000	21 3 18 20 18 9 25 4 26 5 24 8 12 22 11 29 12 12 12 10 17 15 18 16 6 14 28 7 4 1 19 19 21 20 19 0 18 13 19 17 23 17 22 25 21 22 21 24 21 24 25 2 18 23 24 25 24 24 25 23 26 26 8 26 11 26 27 27 27 27 1 6 28 28 29 28 29 27 29 11 29 28 29 29      18000      81000 
8910	1079600	21 3 18 20 0 9 25 4 26 5 18 8 29 22 11 29 12 12 12 10 17 15 18 16 6 14 28 7 4 1 19 19 21 20 19 0 18 13 19 17 23 21 22 25 21 22 21 24 21 24 25 2 18 23 24 25 24 24 25 23 26 26 8 26 11 26 29 27 27 27 1 6 28 28 29 28 29 27 29 11 29 28 29 29      16200      81000 
0	2980000	0 0 1 1 5 1 5 2 6 4 6 10 6 3 7 11 8 11 9 13 9 14 12 15 12 16 15 18 16 19 17 20 17 20 17 20 19 21 19 22 20 24 21 24 22 24 22 24 23 25 23 25 23 25 24 26 25 26 25 26 25 27 26 27 26 27 26 27 26 27 26 28 28 28 28 28 29 28 29 28 29 29 29 29      63000      81000 
99	2944000	0 0 2 2 0 4 3 4 5 7 25 7 7 5 11 10 10 1 9 6 17 12 17 15 13 9 13 11 14 10 18 21 15 13 15 18 23 18 19 14 20 17 21 17 21 19 23 16 23 21 26 22 26 22 26 20 25 20 26 24 27 25 8 25 27 24 29 24 29 26 29 27 29 27 29 28 29 28 29 28 29 28 29 29      63000      81000 
594	2930000	2 1 9 2 7 1 5 3 0 20 5 2 3 27 7 11 9 10 4 6 14 11 3 15 13 8 18 14 12 16 14 15 3 9 21 14 21 17 24 22 23 17 20 19 24 24 12 23 24 22 25 25 13 19 24 25 26 23 18 26 27 27 29 26 26 27 28 27 28 27 28 25 29 25 29 27 29 28 28 29 29 29 29 28      63000      81000 
891	2842800	2 0 0 0 24 18 2 4 3 9 5 4 1 14 7 10 8 6 9 9 5 15 1 15 11 15 15 12 18 14 6 21 15 16 17 18 12 17 16 4 13 18 20 25 3 22 23 22 23 21 24 22 25 24 10 23 26 24 26 23 25 24 19 26 27 1 26 27 16 26 26 28 29 27 29 27 29 28 29 28 29 28 29 28      90000      50400 
1287	2568000	4 2 21 3 7 1 2 1 5 26 11 2 12 6 3 20 22 18 18 9 17 27 14 20 4 22 13 14 1 11 15 29 17 18 12 9 19 19 6 18 20 24 8 24 21 0 27 22 23 20 24 21 1 24 10 25 12 25 28 25 26 25 19 23 26 26 27 23 16 25 28 28 13 27 28 28 29 28 29 28 29 28 29 28      81000      54000 
2079	2556000	4 20 2 12 21 13 5 13 3 9 12 11 6 2 14 15 23 6 9 12 14 15 8 20 11 15 16 25 13 17 1 18 20 10 0 14 22 21 19 18 9 14 23 24 21 16 22 23 23 21 19 1 1 24 10 25 26 24 26 26 9 25 7 26 28 27 17 27 28 27 26 27 29 27 29 27 29 28 29 29 29 28 29 28      63000      69000 
2574	2525500	1 11 10 10 14 8 5 17 26 1 22 0 2 4 3 17 8 6 9 7 23 15 28 11 4 15 11 12 16 19 20 0 22 22 7 18 1 21 6 18 0 17 23 21 7 19 24 10 23 21 23 21 25 24 26 25 12 25 8 24 26 25 20 26 23 25 17 27 1 27 28 27 13 27 29 24 29 28 29 28 29 28 29 28      81000      51750 
2871	2302000	4 11 2 12 4 6 17 20 20 9 0 2 6 3 10 0 0 6 6 18 14 15 8 9 19 21 1 7 13 16 15 21 17 8 3 6 10 18 6 18 12 5 23 21 3 19 22 22 23 21 19 14 25 24 24 18 25 24 26 26 25 25 13 26 23 25 14 1 6 27 5 27 29 27 29 27 29 28 29 28 29 28 29 28      45000      81000 
2970	2072800	9 20 14 10 26 21 7 11 12 3 17 22 23 8 5 15 1 11 6 7 6 12 0 20 4 24 15 25 15 25 10 18 20 10 7 26 22 18 19 18 2 14 8 3 3 24 23 23 24 21 19 14 13 25 24 25 12 24 28 26 25 24 20 26 26 21 17 27 16 27 26 27 22 27 28 27 29 28 29 28 29 28 29 28      81000      41400 
3465	1872000	28 20 16 10 5 21 7 11 12 27 9 22 23 5 5 15 1 11 6 7 6 12 0 20 4 24 15 29 15 25 23 18 20 10 14 25 22 18 19 18 2 14 8 3 3 19 22 23 24 21 19 14 13 24 24 25 26 25 28 24 25 10 20 26 26 21 17 27 1 26 5 27 22 27 28 27 29 28 29 28 29 27 29 28      81000      36000 
3960	1844000	28 20 16 10 5 21 7 11 12 2 9 22 23 5 5 15 1 11 6 7 6 12 0 20 4 24 15 29 15 25 23 18 27 10 14 25 22 18 19 18 2 14 8 3 3 19 22 23 24 21 19 14 13 24 24 25 26 25 28 24 25 10 20 26 26 21 17 27 1 26 5 27 22 27 28 27 29 28 29 28 29 27 29 28      81000      36000 
4455	1826000	28 20 16 10 5 21 7 11 12 2 9 13 23 5 5 15 1 11 6 7 6 12 0 20 4 24 15 29 15 25 23 18 27 10 14 25 22 18 19 18 2 14 8 3 3 19 22 23 24 21 19 14 13 24 24 25 26 25 28 24 25 10 20 26 26 21 17 27 1 26 5 27 22 27 28 27 29 28 29 28 29 27 29 28      81000      36000 
5643	1687000	18 20 23 22 11 16 20 15 25 28 8 22 12 5 24 3 16 26 2 15 6 12 7 17 9 22 16 10 11 18 23 25 4 11 8 9 22 9 19 18 5 14 8 3 21 19 22 23 23 21 19 14 13 24 24 22 26 25 28 24 25 10 20 16 26 27 17 27 1 26 5 27 13 27 28 27 0 28 29 28 29 27 29 29      70500      40500 
6138	1652000	18 20 23 28 11 16 20 15 25 28 8 22 12 5 24 3 16 26 2 15 6 12 7 17 9 22 16 10 11 18 23 25 4 11 8 9 22 9 19 18 5 14 8 3 21 19 22 23 23 21 19 14 13 24 24 22 26 25 28 24 25 10 20 16 26 27 17 27 1 26 5 27 13 27 28 27 0 28 29 28 29 27 29 29      70500      40500 
10395	1636000	18 20 23 28 11 16 20 15 25 28 8 22 12 5 24 3 25 26 2 15 6 12 7 17 9 22 16 10 11 18 23 25 4 11 8 9 22 9 19 18 5 14 8 3 21 19 22 23 23 21 19 14 13 24 24 22 26 25 28 24 25 10 20 16 26 27 17 27 1 26 5 27 13 27 28 27 0 28 29 28 29 27 29 29      70500      40500 
0	2072800	1 0 1 2 4 2 4 2 9 3 9 5 11 6 11 7 11 8 12 10 12 13 13 13 16 14 19 15 20 16 21 17 21 17 21 17 22 18 23 18 24 19 24 19 25 20 25 22 25 23 25 23 27 24 27 24 27 25 27 25 27 25 28 25 28 26 28 26 28 26 29 26 29 26 29 26 29 28 29 28 29 29 29 29      41400      81000 
4158	1480000	16 9 1 8 25 11 25 2 7 2 9 26 0 4 2 1 4 12 15 10 8 13 9 7 10 24 28 15 14 16 19 17 14 3 5 21 22 18 21 18 14 27 24 19 21 20 24 0 20 23 25 23 27 24 22 24 24 6 27 25 27 25 15 22 15 26 28 27 28 26 4 26 5 26 28 5 29 28 29 28 29 29 29 29      27000      81000 
6930	1044000	16 9 1 8 25 11 25 2 7 2 9 26 0 4 3 1 4 12 15 10 8 13 9 7 10 24 28 15 14 16 19 17 14 3 5 21 22 18 21 27 14 27 24 19 21 20 24 0 20 23 25 23 27 29 22 24 24 6 27 25 27 25 15 22 15 26 28 27 28 28 4 14 5 26 28 5 29 28 29 28 29 29 29 29      15000      81000 
8118	1036000	16 9 1 8 25 11 25 2 7 19 9 26 0 4 3 1 4 12 15 10 8 13 9 7 10 24 28 15 14 16 19 17 14 3 5 21 22 18 21 27 14 27 24 19 21 20 24 0 20 23 25 23 27 29 22 24 24 6 27 25 27 25 15 22 15 26 28 27 28 28 4 14 5 26 28 5 29 28 29 28 29 29 29 29      15000      81000 
9306	 922800	16 9 1 8 25 11 25 2 7 25 9 26 0 4 3 1 4 12 15 10 8 13 9 7 10 24 28 15 14 16 19 17 14 3 19 21 22 18 21 27 14 27 24 19 21 20 24 0 24 23 25 23 27 29 22 24 24 6 27 25 27 25 15 22 15 26 24 27 28 28 4 14 5 26 28 5 29 28 29 28 29 29 29 29       5400      90000 
9999	 889000	16 9 1 8 25 11 9 2 7 25 9 26 0 4 3 1 4 12 15 10 8 13 9 7 19 24 28 15 14 16 19 17 14 3 19 21 22 18 21 27 14 27 24 19 21 20 24 0 24 23 25 23 27 29 22 24 24 6 27 25 27 25 24 22 15 26 24 27 28 28 4 14 5 26 28 5 29 28 29 28 29 29 29 29       4500      90000 
0	2948000	0 1 1 2 3 2 6 3 8 3 8 4 10 4 11 4 12 5 15 6 16 7 17 7 17 9 18 9 20 11 21 12 21 12 23 13 24 13 24 13 24 15 24 15 24 16 24 19 25 19 25 19 26 20 26 20 14 22 27 22 27 23 27 23 28 25 28 25 28 26 28 26 28 26 29 27 29 28 29 28 29 29 29 29      81000      63000 
99	2944000	0 4 2 5 17 3 9 7 5 6 11 10 9 11 6 1 13 12 10 13 15 12 12 14 16 18 14 15 17 13 16 20 19 19 19 22 21 19 20 22 23 21 21 23 21 23 25 24 23 24 25 23 25 24 24 22 25 25 25 26 26 24 27 25 27 26 27 26 28 26 28 28 29 26 29 28 8 27 29 28 29 28 29 28      63000      81000 
198	2664000	1 0 1 0 5 2 3 3 10 9 6 10 10 9 8 11 13 15 14 12 13 16 16 14 17 17 18 13 15 13 17 20 19 17 19 19 22 16 21 22 21 18 23 21 20 17 24 7 25 23 24 23 25 24 24 25 4 26 25 26 27 23 27 25 26 25 28 26 28 27 28 26 28 26 29 28 28 28 29 27 29 28 29 28      63000      72000 
792	2389000	0 1 8 2 8 2 12 11 3 18 9 5 6 17 6 10 10 14 8 11 12 13 11 7 21 15 14 19 11 18 15 20 14 16 20 17 22 19 6 22 19 13 25 23 21 16 26 7 8 5 13 24 25 22 26 24 25 24 9 26 26 24 4 23 2 27 29 27 25 27 29 27 28 28 29 28 29 28 29 28 29 27 29 29      63000      67500 
2475	2212000	28 1 28 0 20 16 5 22 21 18 2 10 6 8 16 9 10 0 20 20 12 13 11 7 17 14 15 6 12 18 23 15 16 17 14 17 18 11 19 4 20 17 21 19 21 20 23 22 3 23 25 24 25 22 26 24 25 24 9 26 26 24 4 23 27 27 28 27 25 27 13 27 28 26 29 27 29 28 29 28 29 28 29 28      63000      63000 
2673	2025000	25 17 8 0 29 2 8 8 15 1 9 16 0 17 19 20 10 15 20 5 12 7 4 18 9 11 14 3 9 20 15 6 14 23 1 17 23 15 10 25 24 13 23 23 21 19 2 22 8 11 25 21 25 22 24 24 25 24 26 26 26 26 4 23 27 27 12 27 29 27 29 26 1 26 29 28 29 28 29 28 29 28 29 28      40500      81000 
5445	1910000	6 17 8 14 4 2 0 11 14 1 1 16 20 17 18 20 2 15 9 5 3 13 18 2 5 8 13 2 9 20 10 12 22 16 13 19 11 15 20 19 21 15 7 23 21 16 23 22 3 11 25 21 25 22 24 24 25 24 26 12 26 24 26 23 27 27 9 27 29 27 19 26 28 21 29 28 29 28 29 28 29 27 29 28      72000      45000 
7029	1327000	15 17 4 12 5 5 10 11 14 24 1 9 20 17 8 7 10 11 6 20 19 18 23 18 14 8 14 15 27 13 12 12 9 16 13 17 16 15 20 19 17 13 7 23 21 16 22 22 3 23 25 21 25 22 24 24 25 24 2 26 26 24 26 23 27 25 28 27 25 27 0 26 28 21 29 28 29 28 29 28 29 27 29 28      63000      40500 
0	3002000	1 1 27 2 2 3 3 5 6 5 8 28 9 6 10 6 10 7 10 7 10 8 12 8 13 11 14 11 15 27 16 17 18 17 19 19 20 20 21 21 21 22 21 23 21 23 22 23 22 24 23 24 23 24 24 24 24 25 24 25 25 25 0 26 28 26 29 26 29 26 29 4 29 27 29 27 29 28 29 28 29 28 29 29      81000      63000 
99	2586000	2 1 3 2 4 3 3 5 7 8 10 8 8 6 10 11 12 7 12 14 10 9 13 15 13 11 14 18 17 27 21 17 21 16 22 19 0 20 23 21 23 21 23 19 24 22 25 20 26 24 25 24 26 24 26 24 26 25 24 25 27 25 6 26 29 25 29 26 29 27 29 4 29 27 29 28 29 27 29 28 29 28 29 28      54000      81000 
396	2568000	2 1 3 2 4 3 3 5 7 8 10 8 8 6 10 11 12 7 12 14 10 9 13 15 13 11 14 18 17 27 21 17 15 16 22 19 0 20 23 21 23 21 23 19 24 22 25 20 26 24 25 24 26 24 26 24 26 25 24 25 27 25 6 26 29 25 29 26 29 27 29 4 29 27 29 28 29 27 29 28 29 28 29 28      54000      81000 
990	2482000	11 1 2 0 2 22 1 6 0 4 16 5 10 8 29 11 9 7 0 13 14 25 12 7 7 13 14 10 16 18 4 9 22 15 2 19 16 20 18 3 23 15 12 17 21 22 1 23 19 21 19 24 27 22 24 23 24 24 15 24 27 25 27 26 0 26 28 25 27 27 21 26 28 26 29 27 29 28 29 28 29 28 29 28      42000      90000 
1782	2098000	22 0 24 18 1 3 16 2 10 14 16 14 3 8 16 12 6 7 7 17 14 11 12 3 29 13 20 24 16 9 12 5 17 25 10 19 6 9 14 21 23 15 1 17 23 22 25 23 19 20 25 25 27 23 27 23 7 25 27 26 7 25 6 24 28 26 28 26 29 25 21 4 28 27 29 27 29 27 29 28 29 28 29 28      36000      85500 
2871	1667000	11 5 21 0 22 4 16 12 0 3 8 24 16 8 18 18 11 7 25 18 13 27 12 15 15 10 14 22 17 18 13 16 21 1 2 21 5 19 14 24 23 15 12 17 2 20 5 20 19 23 19 6 10 24 16 23 26 18 26 24 26 25 4 26 28 25 28 9 28 25 21 27 22 26 29 27 29 28 29 28 29 27 29 29      40500      72000 
7920	1372000	11 5 4 29 22 4 11 12 9 3 8 24 23 16 14 0 11 7 25 4 13 27 24 15 15 10 14 5 17 18 13 1 8 1 2 21 11 19 14 24 23 2 12 17 23 20 6 20 19 23 19 6 10 24 16 23 26 18 26 24 7 25 4 26 28 25 28 25 28 25 21 27 22 26 9 27 3 28 29 28 29 27 29 29      46000      57500 
9405	1269000	11 5 4 29 22 4 11 12 9 3 8 23 23 16 14 0 11 7 25 4 13 27 29 15 15 10 14 5 17 18 13 1 8 22 2 21 11 24 14 24 23 2 12 17 23 20 6 20 19 23 19 6 10 24 16 28 26 18 26 24 7 25 4 26 28 25 28 25 28 25 21 27 22 26 9 27 3 28 29 28 29 27 29 29      46000      57500 
9900	1259000	11 8 0 14 25 11 4 12 0 9 7 24 4 1 6 18 14 13 24 27 13 27 17 15 3 10 28 5 17 18 27 26 14 22 18 21 29 19 27 24 15 2 12 17 23 20 6 20 19 23 19 6 10 24 16 23 3 29 26 24 7 27 29 26 16 25 28 25 28 25 21 27 22 26 9 27 29 28 29 28 29 27 28 29      40500      63000 
0	2791000	6 1 7 1 9 2 10 3 11 4 11 4 12 5 13 8 13 9 15 9 15 10 15 11 16 14 17 14 17 16 19 18 19 18 21 19 21 0 24 20 25 20 25 21 25 21 25 22 25 22 26 23 26 23 26 23 27 24 27 24 27 25 28 26 28 26 28 26 28 27 29 27 29 28 29 28 29 28 29 29 29 29 29 29      72000      67500 
1287	2003000	11 7 17 1 1 10 5 16 5 5 16 4 3 2 0 27 8 0 13 9 12 11 26 14 14 25 14 12 3 7 22 18 8 6 20 15 14 13 17 21 20 20 0 19 22 23 25 21 18 21 26 23 24 24 27 22 26 24 27 24 12 25 27 6 18 25 7 26 28 17 2 26 29 28 29 28 29 27 29 28 29 28 29 29      31500      90000 
1386	1943500	11 7 17 1 1 10 1 16 5 5 16 4 3 2 0 27 8 0 13 9 12 11 26 14 14 19 14 12 3 7 22 18 8 6 20 15 14 13 17 21 20 20 0 19 22 23 25 21 18 21 26 23 24 24 27 22 26 24 27 24 12 25 27 6 18 25 7 26 28 17 2 26 29 28 29 28 29 27 29 28 29 28 29 29      31500      87750 
2079	1545000	6 22 17 16 18 3 3 3 4 22 3 3 11 24 0 27 16 25 15 22 12 11 5 11 19 14 14 12 21 7 16 27 8 16 20 15 13 13 24 21 10 2 9 21 25 22 25 23 26 21 0 24 23 22 24 25 26 24 24 24 27 26 26 27 28 25 7 25 28 27 2 27 23 28 1 28 29 27 29 28 29 28 29 28      90000      19500 
9702	1525000	6 22 17 16 18 3 3 3 4 22 3 24 11 24 12 27 16 25 15 22 12 11 5 11 19 14 14 12 21 7 20 27 8 16 20 15 13 13 24 21 10 2 9 21 25 22 25 23 26 21 0 24 23 22 24 25 26 24 24 24 27 26 26 27 28 25 7 25 28 27 2 27 23 28 1 28 29 27 29 28 29 28 29 28      90000      19500 
0	2840000	1 1 2 2 3 2 4 5 6 7 7 8 8 0 11 9 11 9 12 12 13 13 14 15 14 19 15 19 16 19 16 19 17 10 17 22 18 23 18 23 19 23 20 24 20 24 21 24 21 24 22 24 22 26 23 27 23 27 24 27 24 27 25 27 25 27 25 28 26 28 26 28 26 28 26 28 28 28 29 28 29 29 29 29      69000      72000 
297	2608000	0 11 1 26 2 9 16 4 5 9 6 5 6 9 3 10 9 12 10 13 9 14 13 14 17 15 17 15 18 16 20 16 8 19 17 19 20 22 23 21 24 20 23 22 25 21 25 24 25 20 18 24 26 24 26 24 26 25 23 24 26 25 26 26 7 27 27 25 28 27 29 28 29 28 29 28 29 28 29 27 29 29 29 29      63000      72000 
396	2001000	4 0 4 4 10 3 0 3 6 14 21 5 19 11 12 7 24 7 15 13 9 14 11 6 18 13 18 17 16 14 1 20 20 13 17 17 18 22 18 21 23 22 21 24 2 18 23 16 22 20 27 24 25 24 25 24 28 25 25 27 24 26 5 27 11 27 28 26 8 27 28 27 26 27 26 27 29 27 28 27 29 29 29 29      90000      31500 
3564	1987000	4 22 4 4 10 3 0 3 6 14 21 5 19 3 12 7 24 7 15 13 9 14 11 6 18 13 18 17 16 14 1 20 20 13 17 17 18 22 18 21 23 22 21 24 2 18 23 16 22 20 27 24 25 24 25 24 28 25 25 27 24 26 5 27 11 27 28 26 8 27 28 27 26 27 26 27 29 27 28 27 29 29 29 29      90000      31500 
4851	1852000	10 16 14 4 10 0 5 3 11 14 22 5 19 2 1 4 0 7 5 9 8 14 2 5 18 13 21 19 16 17 1 15 20 12 8 1 18 22 27 21 14 23 21 22 23 18 23 20 23 6 15 19 25 24 23 24 28 25 25 24 19 26 26 6 11 25 28 26 8 25 28 27 26 28 26 27 29 28 28 27 29 29 29 29      36000      81000 
6732	1721000	14 27 2 10 15 19 12 6 1 5 22 10 19 2 1 4 16 1 5 20 8 17 9 22 18 13 13 4 16 10 7 17 6 12 8 17 8 22 27 21 16 21 21 24 14 18 0 20 23 20 27 19 3 24 23 24 14 25 25 24 24 26 26 6 11 25 28 26 8 25 28 27 26 25 26 27 29 28 28 27 29 28 29 29      81000      31500 
9900	1639000	14 4 2 13 25 14 12 6 18 5 28 10 19 14 1 6 6 21 5 12 16 26 9 13 7 11 22 19 27 13 4 10 16 9 8 17 20 22 27 21 16 10 21 22 14 18 0 22 23 20 15 5 3 24 23 24 14 25 25 24 24 24 26 22 11 25 17 26 8 25 28 27 26 28 26 27 29 29 28 27 29 28 29 29      81000      31500 
0	2966000	1 0 1 4 2 8 5 8 6 9 7 10 7 13 7 13 8 16 9 16 10 16 11 16 3 19 12 19 14 20 17 21 17 21 17 22 15 22 18 24 20 25 20 25 20 25 20 26 23 26 23 26 24 26 24 26 24 27 24 27 24 28 25 28 25 28 25 28 25 28 26 29 27 29 27 29 29 29 29 29 29 29 29 29      81000      63000 
99	2930000	1 1 7 2 2 2 9 6 10 1 7 3 13 5 9 4 13 8 15 17 10 6 16 10 16 11 16 14 18 15 21 14 22 16 22 16 19 18 10 12 23 19 24 20 24 18 22 18 26 23 23 21 27 24 24 25 27 25 24 25 0 25 28 25 28 26 29 26 29 28 29 27 29 28 29 27 29 29 29 28 29 28 29 29      54000      90000 
891	2596000	5 4 10 23 11 20 8 26 9 11 7 6 4 5 9 9 12 19 16 17 14 6 15 13 13 18 13 13 20 1 13 14 2 18 10 20 20 21 22 19 23 21 22 20 19 25 17 19 22 23 26 24 25 24 27 24 27 25 24 24 26 25 3 25 28 27 27 27 29 28 0 27 29 28 28 27 29 27 29 27 29 28 29 29      81000      54000 
1188	2580000	12 0 23 2 26 3 3 1 9 2 11 6 8 21 9 9 23 8 16 12 10 1 15 13 17 14 26 17 18 17 17 14 22 16 20 0 19 18 18 4 7 12 24 20 19 20 22 19 26 21 25 24 25 23 13 25 26 25 1 24 7 25 28 15 27 27 5 26 27 28 28 28 28 27 29 29 29 24 29 28 29 28 29 28      72000      63000 
1287	2550000	16 10 17 6 4 0 4 2 8 7 8 3 7 21 13 18 12 26 16 12 14 6 15 13 11 5 24 16 14 9 13 15 22 19 10 24 20 21 21 11 24 19 1 20 19 25 17 27 25 23 13 22 24 24 25 23 26 25 24 26 25 25 28 23 28 27 27 26 28 28 0 28 27 27 28 27 29 29 29 27 29 28 29 29      54000      81000 
2772	2426000	19 10 3 6 8 7 4 7 21 16 8 4 15 21 3 12 12 26 17 17 14 10 13 13 1 2 24 10 14 9 1 14 5 21 10 15 4 21 1 11 6 18 1 20 9 20 16 19 25 23 9 22 9 24 25 24 21 25 24 26 28 24 3 23 28 25 0 25 27 26 0 28 5 26 28 9 29 27 29 27 29 29 29 28      40500      90000 
2871	2125000	9 11 2 0 13 14 4 20 5 12 15 4 11 21 3 13 26 7 16 17 14 8 13 9 16 19 17 17 26 3 16 14 5 1 15 20 20 21 21 24 13 6 21 20 19 18 26 8 23 23 22 10 26 22 27 23 21 25 24 24 25 25 5 26 28 25 28 26 28 26 2 26 27 28 29 29 29 27 29 27 29 28 29 28      40500      83250 
5643	2015000	7 16 8 10 2 14 25 2 1 2 9 6 11 3 13 13 14 12 16 26 14 4 12 3 16 19 17 17 6 9 4 26 22 8 18 5 20 10 0 10 24 6 21 20 19 20 8 19 23 23 27 24 23 22 16 23 26 16 24 26 25 25 5 27 28 25 15 26 28 26 12 26 11 27 28 29 29 27 29 27 29 24 29 28      90000      31500 
6039	1816000	0 3 2 10 5 22 21 4 9 12 9 11 14 21 26 6 15 13 15 17 29 25 8 20 0 19 17 17 15 7 4 14 22 1 13 10 20 21 21 24 2 29 21 20 19 18 6 8 23 23 22 16 26 24 27 23 21 25 24 24 25 25 5 26 8 25 13 26 28 26 28 26 27 28 28 27 29 29 29 27 29 28 29 28      36000      81000 
6138	1814000	10 6 11 0 22 5 12 9 4 29 15 4 10 11 15 29 9 10 21 17 11 4 8 9 24 19 15 3 7 7 14 14 17 1 18 2 26 21 12 4 6 6 21 20 19 18 26 8 23 3 23 16 26 22 27 25 21 13 24 24 25 25 5 23 28 25 28 26 28 24 12 26 11 28 28 27 29 27 29 27 29 28 29 28      27000      90000 
9108	1692000	0 6 11 2 4 0 27 7 17 18 22 28 0 13 15 13 18 25 1 17 16 4 9 23 24 22 17 3 7 29 14 14 22 1 10 2 24 21 12 1 19 6 26 20 19 20 1 20 23 3 23 24 26 22 8 23 21 13 24 24 25 25 5 27 28 25 25 26 10 26 12 26 16 28 28 27 29 27 29 27 29 28 29 28      81000      31500 
9900	1618000	27 6 11 2 4 2 27 7 17 18 22 28 0 13 15 13 18 25 1 17 16 4 9 23 24 22 6 3 7 29 14 14 22 1 10 2 24 21 12 1 19 6 26 20 19 20 1 20 23 3 23 24 26 22 8 23 21 13 24 24 25 25 5 27 28 25 25 26 10 26 12 26 16 28 28 27 29 27 29 27 29 28 29 28      81000      31500 
10593	1442000	27 6 11 2 4 20 27 7 17 18 22 28 0 13 15 13 18 25 1 17 16 4 9 3 24 22 6 3 7 29 14 14 22 2 29 2 24 21 12 1 19 6 26 20 19 20 1 20 23 3 23 24 26 22 8 23 21 13 24 24 25 25 5 27 28 25 25 26 10 26 12 26 16 28 28 27 29 27 29 27 29 28 29 28      81000      27000 
0	2212000	1 1 2 2 5 2 0 2 10 3 12 3 15 6 15 7 16 9 16 9 17 9 18 10 18 10 18 11 19 11 19 12 19 8 20 13 21 13 21 14 22 14 23 16 24 17 24 20 24 21 24 22 26 23 26 23 27 24 27 24 27 25 28 25 4 25 29 25 29 25 29 26 29 27 29 27 29 28 29 28 29 28 26 28      63000      63000 
891	1802000	0 1 1 23 1 10 18 3 0 2 12 16 12 4 28 7 14 9 16 29 16 8 18 5 1 11 1 13 17 11 26 19 17 5 17 18 20 6 22 14 22 18 21 15 8 18 24 20 24 21 26 22 23 22 14 23 26 24 26 25 26 24 28 26 0 25 12 26 27 25 27 27 29 27 29 27 29 28 29 28 29 28 26 29      27000      90000 
5346	1570000	5 0 13 8 3 10 6 19 17 1 12 27 12 4 7 14 22 9 16 29 16 13 27 5 13 18 1 17 17 11 19 6 23 9 9 16 20 6 2 14 18 24 21 15 10 23 24 20 24 21 21 20 15 22 14 23 13 25 7 2 24 25 3 26 28 24 12 26 1 25 27 27 27 14 29 27 26 28 29 28 29 28 26 29      35000      73500 
6237	1514000	5 0 13 8 3 10 6 19 17 1 12 27 12 4 7 14 22 9 28 29 16 13 27 5 13 18 1 17 17 11 19 6 23 15 9 16 20 6 2 14 18 24 21 15 10 23 24 20 24 21 21 20 15 22 14 23 13 25 7 2 24 25 3 26 28 24 12 26 1 25 27 27 27 14 29 27 26 28 29 28 29 28 26 29      36000      72000 
9702	1398000	4 4 0 10 7 19 15 27 17 8 10 15 18 12 4 23 27 9 5 9 16 13 6 5 27 20 25 29 24 11 19 15 5 25 3 16 20 8 2 17 18 24 21 15 8 23 11 20 24 21 21 22 23 22 14 23 13 22 3 25 24 24 28 26 0 25 12 26 29 25 28 27 1 14 29 27 26 28 6 28 29 28 26 29      63000      42000 
0	2792000	0 1 0 2 1 4 3 5 11 5 13 6 15 6 15 7 16 8 16 9 17 9 17 9 18 10 18 11 19 11 19 12 22 13 22 14 22 14 23 20 23 20 24 20 24 21 25 21 25 21 26 21 26 23 26 23 26 24 26 25 26 25 27 26 28 26 28 27 28 27 29 27 29 28 29 28 29 28 29 28 29 28 29 29      67500      72000 
99	2592000	0 2 1 1 1 1 3 5 4 4 13 6 8 10 14 7 16 10 15 11 17 9 15 9 18 14 16 11 3 17 19 13 18 13 19 21 22 14 19 21 25 20 12 20 25 22 23 22 24 23 25 21 26 23 26 24 28 24 26 24 26 25 27 25 29 25 28 27 29 25 29 27 28 27 29 27 29 27 29 28 29 29 29 28      72000      63000 
1386	2534000	0 2 2 2 4 1 3 5 10 4 14 19 1 10 14 11 14 12 13 0 17 6 28 7 19 17 0 9 15 15 19 19 3 8 19 16 20 14 4 13 20 20 24 20 10 22 10 24 24 23 25 21 26 18 24 23 26 24 19 24 26 27 27 23 1 25 28 26 29 25 28 27 29 27 28 27 29 28 29 28 29 28 29 28      42000      90000 
1584	2026000	0 2 3 0 1 2 6 5 10 6 9 6 20 7 8 7 14 13 17 11 23 13 15 14 18 13 12 16 20 14 11 3 9 6 19 25 9 11 22 10 25 7 5 23 24 22 25 26 24 23 16 21 4 24 21 24 26 24 26 24 26 26 27 25 29 26 29 27 20 25 28 27 28 27 29 27 29 28 29 29 29 28 29 28      90000      31500 
3564	1998000	18 13 17 1 13 8 4 7 21 6 18 6 14 2 25 10 8 5 0 2 14 13 15 5 7 24 12 2 20 6 11 14 18 1 19 27 19 24 3 15 16 3 10 20 22 12 23 14 24 23 25 21 4 25 14 24 26 24 19 24 26 26 27 23 8 26 28 27 9 25 28 26 29 27 15 27 29 27 29 28 29 28 29 28      90000      31500 
4356	1987000	18 13 17 1 13 8 4 7 21 6 18 6 14 2 25 10 8 5 0 2 14 28 15 5 7 24 12 2 20 6 11 14 18 1 19 27 19 24 3 15 16 3 10 20 22 12 23 14 24 23 25 21 4 25 14 24 26 24 19 24 26 26 27 23 8 26 28 27 9 25 28 26 29 27 15 27 29 27 29 28 29 28 29 28      90000      31500 
5742	1928000	6 9 15 1 13 1 3 26 5 15 9 0 14 13 2 9 8 5 0 2 14 28 0 19 7 17 12 2 11 17 25 14 26 20 19 7 18 24 22 18 16 28 10 20 22 22 4 21 24 23 25 21 25 23 14 23 16 24 19 24 26 26 27 25 27 26 28 27 9 25 28 3 29 27 15 27 29 27 29 28 29 28 29 28      72000      45000 
8613	1882000	8 9 17 10 19 1 3 7 6 7 9 20 13 13 15 16 8 5 0 24 6 5 7 19 0 28 20 7 11 23 11 14 18 2 4 19 18 2 12 21 16 28 10 20 22 22 12 21 24 24 11 21 25 23 14 23 19 24 19 24 26 26 27 25 27 26 17 11 9 25 28 26 16 27 15 27 29 27 29 28 29 28 29 25      63000      54000 
9999	1826000	8 9 17 10 19 1 3 7 6 7 9 29 13 13 15 16 8 5 0 16 6 5 7 19 0 28 20 7 11 23 11 14 18 2 4 19 18 2 12 21 24 28 10 20 22 22 12 21 24 24 11 21 25 23 14 23 19 24 19 24 26 26 27 25 27 26 17 11 9 25 28 26 16 27 15 27 29 27 29 28 29 28 29 25      63000      54000 
0	2145000	0 1 0 1 2 4 2 6 3 6 3 6 4 8 5 8 7 10 7 10 8 10 9 10 12 11 13 11 14 11 14 12 14 26 15 15 18 15 16 15 17 16 19 16 20 20 21 21 21 21 22 21 22 23 23 26 24 23 24 24 24 24 25 25 25 25 27 25 27 26 27 26 28 26 28 26 28 27 29 29 29 28 29 28      90000      34500 
99	1536000	1 2 3 0 5 6 8 4 3 7 8 8 0 5 23 9 13 8 5 8 13 10 15 11 23 12 15 13 1 14 19 20 21 18 28 16 23 24 19 19 22 17 24 20 23 21 24 25 25 22 25 25 25 22 26 26 27 25 27 24 27 27 15 25 28 3 28 26 28 26 29 23 29 27 29 27 29 28 29 28 29 29 29 29      27000      81000 
396	1516000	1 2 3 0 5 6 8 4 3 7 28 8 0 5 23 9 13 8 5 8 13 10 15 11 23 12 15 13 1 14 19 20 21 18 28 16 23 24 19 19 22 17 24 20 23 21 24 25 25 22 25 25 25 22 26 26 27 25 27 24 27 27 15 25 28 3 28 26 28 26 29 23 29 27 29 27 29 28 29 28 29 29 29 29      27000      81000 
1782	1498000	1 2 3 0 5 6 8 4 3 7 28 8 0 5 23 9 13 8 5 15 13 10 15 11 23 12 15 13 1 14 19 20 21 18 28 16 23 24 19 19 22 17 24 20 23 21 24 25 25 22 25 25 25 22 26 26 27 25 27 24 27 27 15 25 28 3 28 26 28 26 29 23 29 27 29 27 29 28 29 28 29 29 29 29      27000      81000 
2079	1480000	1 2 3 0 5 6 8 4 3 7 28 8 0 5 23 9 13 8 18 15 13 10 15 11 23 12 15 13 1 14 19 20 21 18 28 16 23 24 19 19 22 17 24 20 23 21 24 25 25 22 25 25 25 22 26 26 27 25 27 24 27 27 15 25 28 3 28 26 28 26 29 23 29 27 29 27 29 28 29 28 29 29 29 29      27000      81000 
2772	1094000	1 2 3 0 5 6 8 4 3 7 28 8 0 5 23 9 13 24 18 15 13 10 15 11 23 12 15 13 1 14 19 20 21 18 28 16 23 24 19 19 22 17 24 20 23 21 24 21 25 22 25 25 25 22 26 26 1 25 27 24 27 27 28 25 28 3 28 26 28 26 29 23 29 27 29 27 29 28 29 28 28 29 29 29      18000      81000 
0	2840000	2 2 2 2 3 4 5 6 8 8 9 10 9 7 9 12 9 13 10 13 10 14 11 15 12 17 14 18 14 20 15 21 15 21 15 22 16 22 16 0 16 24 17 24 18 24 19 24 19 24 20 25 20 25 21 25 22 26 23 26 23 26 23 27 25 27 25 27 27 1 27 28 28 28 28 28 29 28 29 29 29 29 29 29      72000      69000 
396	2474000	2 2 2 11 3 4 5 6 8 8 9 10 9 7 9 12 9 13 10 13 10 14 11 15 12 17 14 18 14 20 15 21 15 14 15 22 16 22 16 0 16 24 17 24 18 24 19 24 19 24 20 25 20 25 21 25 22 26 23 26 23 26 23 27 25 27 25 27 27 1 27 28 28 28 28 28 29 28 29 29 29 29 29 29      63000      69000 
2376	2156000	2 1 13 0 1 15 7 3 0 8 10 8 4 17 5 21 5 18 10 8 6 23 11 11 12 16 3 28 14 16 22 6 19 21 10 28 16 24 22 0 15 15 17 22 1 21 19 24 24 23 20 18 25 24 26 25 22 20 23 26 23 26 23 27 25 26 25 24 9 1 27 28 9 27 28 28 9 28 29 27 29 29 29 29      81000      42000 
2475	2116000	0 10 7 12 9 8 28 11 1 8 4 11 0 1 5 13 13 12 2 13 18 14 11 11 19 10 14 12 14 20 15 26 19 8 17 22 26 22 25 12 16 27 24 24 1 23 19 24 19 24 20 18 25 25 21 21 22 26 23 26 27 26 23 27 25 27 25 28 27 27 27 28 6 28 28 28 3 28 29 28 29 29 29 29      81000      42000 
2673	2102000	6 10 19 11 3 12 2 24 17 8 9 11 9 4 8 3 13 29 20 12 0 14 11 7 10 7 18 16 14 20 12 0 28 14 15 17 20 22 16 0 16 4 17 10 1 24 26 24 11 24 20 7 20 25 21 25 22 26 23 26 23 26 23 26 25 25 3 27 27 27 27 28 28 25 28 28 5 28 29 27 24 29 29 29      90000      31500 
2871	2091000	0 10 7 20 3 5 5 11 2 8 4 11 9 7 27 9 26 15 28 13 12 11 11 6 16 17 0 12 9 16 2 12 19 18 17 22 16 26 3 0 22 14 17 22 18 19 19 24 24 24 25 18 25 25 21 21 22 26 23 23 23 23 23 26 25 27 25 28 9 1 27 28 22 28 28 28 4 28 29 27 29 29 29 29      31500      90000 
4158	1856000	0 5 19 2 13 5 4 8 21 16 4 14 12 14 27 10 1 15 16 13 6 14 4 26 12 21 7 7 9 9 25 12 15 3 17 22 18 20 10 0 22 6 17 11 18 24 19 24 19 24 20 18 20 25 21 21 2 26 8 23 23 26 23 26 25 27 25 12 27 1 27 28 17 28 28 28 0 28 29 27 29 29 29 29      45000      72000 
5049	1828000	4 5 19 2 13 5 4 8 21 16 4 14 12 14 27 10 1 15 16 13 6 14 4 26 12 21 7 7 9 9 25 12 15 3 17 22 24 20 10 0 22 6 17 11 18 24 19 24 19 24 20 18 20 25 21 21 2 26 8 23 23 26 23 26 25 27 25 12 27 1 27 28 17 28 28 28 0 28 29 27 29 29 29 29      45000      72000 
5445	1600000	4 5 19 2 13 5 4 8 21 16 4 14 12 14 27 10 1 15 16 13 6 14 4 26 12 21 7 7 9 9 25 12 15 3 17 22 24 11 10 0 22 6 17 11 18 24 19 24 19 24 20 18 20 25 21 21 2 26 8 23 23 26 23 26 25 27 25 12 27 1 27 28 17 28 28 28 0 28 29 27 29 29 29 29      48000      63000 
6633	1242000	4 5 19 2 13 5 4 8 21 16 4 14 12 14 27 10 1 15 16 13 6 14 4 26 12 29 7 7 9 9 25 12 15 3 20 22 24 11 10 0 22 6 17 11 18 24 19 24 19 24 20 18 20 25 21 21 2 26 8 23 23 26 23 26 25 27 25 25 27 1 27 28 17 28 28 28 0 28 29 27 29 29 29 29      40500      63000 
0	2610000	1 0 3 2 4 2 7 5 8 5 8 6 8 7 8 9 9 10 11 11 12 13 12 14 13 15 14 16 15 17 15 18 16 18 16 19 17 19 18 20 20 21 22 21 23 22 23 22 23 23 24 24 25 24 25 25 25 25 25 25 25 26 26 26 26 26 26 27 27 27 27 27 28 28 28 28 28 28 29 29 29 29 29 29      63000      72000 
198	2562000	8 0 3 1 3 3 3 4 4 3 5 2 9 7 20 7 6 6 11 8 14 12 13 12 15 18 13 14 17 17 14 18 16 19 13 2 5 19 18 21 25 20 23 16 23 23 22 23 23 22 24 24 2 21 10 24 25 24 28 25 28 25 26 25 26 26 28 27 27 27 8 27 27 26 29 29 29 28 29 29 29 28 29 29      81000      54000 
1089	2560000	21 17 21 2 2 8 3 4 16 9 5 8 6 9 8 3 12 11 11 20 1 12 10 12 14 16 19 14 20 15 15 16 7 11 22 15 21 17 18 21 13 15 22 19 23 20 7 23 24 22 4 24 26 24 10 25 25 24 24 25 28 26 26 25 26 26 28 27 27 28 29 27 29 27 0 28 29 27 29 28 29 29 29 29      90000      45000 
1782	2250000	8 0 2 13 21 2 26 25 16 4 3 10 0 5 8 6 0 2 21 1 11 5 9 12 3 1 13 1 7 17 21 14 19 16 22 18 6 19 26 15 25 20 23 19 23 22 7 23 1 21 24 24 24 24 10 25 25 25 25 25 28 26 26 25 28 26 19 27 28 26 27 27 9 27 27 28 11 27 27 28 29 29 29 29      36000      90000 
3465	2012000	8 0 2 13 21 9 1 25 16 4 3 10 0 29 8 6 0 2 21 1 11 5 9 12 3 1 13 1 7 17 21 14 19 16 22 18 7 19 26 15 25 20 23 19 23 22 7 23 1 21 24 24 24 24 10 25 25 25 25 25 28 26 26 25 28 11 19 27 28 26 27 27 9 27 27 28 11 27 27 28 29 29 29 29      31500      90000 
3663	1576000	8 0 2 13 21 9 1 25 16 4 3 10 0 29 8 6 0 2 21 1 11 5 9 12 3 1 24 1 7 17 0 14 9 16 22 18 7 19 26 15 25 20 23 19 23 22 7 23 1 21 24 24 24 24 10 25 25 25 25 25 28 26 26 8 28 11 23 27 28 26 27 27 9 27 27 28 3 28 27 28 29 29 29 29      21000      90000 
0	2962000	7 0 5 1 6 1 11 2 11 2 11 3 12 3 12 5 14 6 14 9 15 10 15 10 15 13 8 13 18 16 18 17 19 19 19 19 20 20 20 20 21 22 21 23 21 23 21 23 22 23 22 24 24 24 24 24 24 4 25 25 26 25 28 25 28 25 28 26 28 26 29 26 29 27 29 27 29 27 29 28 29 28 29 28      63000      81000 
198	2634000	0 1 4 1 15 3 2 0 12 4 12 6 17 8 11 8 15 10 16 14 14 11 14 11 10 13 10 19 13 19 11 21 13 11 16 16 23 23 17 23 21 16 18 18 20 24 19 24 22 24 20 25 24 24 22 25 25 24 26 26 25 26 27 27 26 27 26 27 1 26 5 26 9 27 29 7 29 28 29 28 29 28 29 28      72000      63000 
297	2206000	14 0 0 2 2 2 3 19 3 20 6 4 5 4 8 6 8 3 11 24 9 10 14 8 16 9 13 12 1 10 14 18 17 14 20 14 18 17 21 24 15 12 24 19 23 21 25 24 25 19 7 23 22 23 26 24 26 24 24 25 24 26 27 26 26 27 28 26 27 26 28 27 29 26 29 28 29 28 12 28 29 28 29 29      90000      36000 
1980	1746000	14 0 0 2 2 2 3 19 3 20 6 4 5 4 8 6 8 3 11 24 9 10 14 8 16 9 13 12 1 10 14 18 17 14 20 23 18 10 21 24 15 12 24 19 23 21 25 19 25 19 7 23 22 23 26 24 26 24 24 25 24 26 27 26 26 27 28 26 27 26 28 27 29 26 29 28 29 28 12 28 29 25 29 4      90000      24000 
3663	1704000	16 0 15 2 3 2 16 19 17 27 8 12 14 17 8 1 13 6 7 1 26 2 14 9 24 13 18 25 21 8 24 11 22 5 13 23 18 10 21 2 15 20 24 4 23 16 25 19 25 24 7 19 3 23 26 25 23 23 24 22 25 26 22 26 26 27 28 27 28 26 3 27 29 28 20 28 29 28 29 21 29 25 29 29      40500      72000 
4158	1686000	16 0 15 2 3 2 16 19 17 27 8 12 14 17 8 1 13 6 7 1 26 2 14 9 24 13 18 25 21 15 24 11 22 5 13 23 18 10 21 2 15 20 24 4 23 16 25 19 25 24 7 19 3 23 26 25 23 23 24 22 25 26 22 26 26 27 28 27 28 26 3 27 29 28 20 28 29 28 29 21 29 25 29 29      40500      72000 
5445	1675000	16 0 15 2 3 2 16 19 17 27 8 12 14 17 8 1 13 6 7 6 26 2 14 9 24 13 18 25 21 15 24 11 22 5 29 23 18 10 21 2 15 20 24 4 23 16 25 19 25 24 7 19 3 23 26 25 23 23 24 22 25 26 22 26 26 27 28 27 28 26 3 27 29 28 20 28 29 28 29 21 29 25 29 29      40500      72000 
9405	1659000	16 0 10 2 3 2 15 19 17 27 8 12 14 17 8 1 13 19 7 6 26 2 14 9 24 13 18 25 10 15 24 11 22 5 29 23 18 10 21 2 15 20 24 4 23 16 25 19 25 24 7 19 3 23 26 25 23 23 24 22 25 26 22 26 26 27 28 27 28 26 3 27 29 28 20 28 29 28 29 21 29 25 29 29      40500      72000 
0	3014000	1 0 2 7 2 9 3 10 4 11 5 11 6 13 8 13 12 14 12 15 12 17 14 18 15 19 16 19 16 19 19 20 21 20 21 21 22 22 23 24 23 24 23 24 24 24 24 25 24 25 26 25 26 25 26 25 26 25 26 25 27 25 28 25 28 25 28 26 28 26 28 27 28 27 29 28 29 28 29 29 29 29 29 29      63000      81000 
99	2942000	3 12 3 4 3 5 9 20 7 7 11 7 7 6 16 9 12 9 18 8 24 11 19 15 19 10 21 13 14 16 15 16 22 14 22 14 18 17 21 18 24 23 24 24 24 21 24 25 25 25 1 25 27 24 26 23 27 25 26 25 26 25 0 25 29 2 28 26 29 28 29 27 29 27 29 27 29 27 29 28 29 29 29 28      54000      90000 
297	2720000	0 1 14 1 3 1 2 4 8 5 6 6 10 13 8 13 5 7 12 10 11 15 9 0 16 15 16 17 18 4 19 18 20 18 17 19 22 7 21 23 24 20 23 23 24 24 24 21 25 22 26 23 23 23 25 25 24 27 25 24 27 26 27 26 29 25 27 24 28 28 29 26 29 27 3 28 29 27 29 29 29 28 29 29      81000      57000 
792	2424000	6 1 1 17 3 1 4 2 12 2 7 19 5 6 13 13 10 7 8 10 11 15 9 5 0 15 13 17 19 4 19 18 20 18 20 18 23 16 21 17 22 20 23 16 24 24 24 18 20 22 24 23 25 24 10 22 26 24 25 23 14 25 27 25 27 26 28 26 29 25 28 27 29 27 29 26 29 28 29 29 29 28 29 28      90000      40500 
1089	2172800	1 7 0 1 10 3 4 11 13 5 7 7 7 19 8 21 10 14 14 9 11 8 6 5 15 15 16 19 13 19 18 18 2 13 17 28 22 17 21 20 22 20 21 23 23 20 24 23 20 13 24 23 23 25 12 25 25 4 27 25 27 26 14 26 27 25 26 24 28 26 28 27 9 27 3 27 29 27 29 28 29 29 29 28      82800      41400 
2277	2008000	1 7 0 1 10 3 4 11 13 5 7 7 7 19 8 21 10 14 14 9 11 8 6 5 15 15 16 19 13 19 18 18 2 26 17 28 22 17 21 20 22 20 21 23 23 20 24 23 20 13 24 23 23 25 12 25 25 4 27 25 27 26 14 26 27 25 26 24 28 26 28 27 9 27 3 27 29 27 29 28 29 29 29 28      86000      35000 
2970	1759200	0 6 1 18 16 3 20 1 12 4 10 14 15 17 10 13 10 24 15 17 3 8 13 19 15 15 13 19 13 19 18 6 11 14 21 25 9 16 21 20 7 6 22 24 23 24 24 23 20 22 5 23 23 25 25 25 2 26 16 25 27 26 4 26 27 26 4 24 28 26 8 27 28 27 29 27 29 27 29 28 29 28 29 28      72000      41400 
7524	1392500	0 6 1 18 16 26 20 1 12 26 10 14 15 17 10 14 10 24 15 17 3 24 13 19 15 15 13 19 13 19 18 6 11 14 21 25 9 28 21 20 7 17 22 24 23 24 24 23 20 22 5 23 23 25 25 25 2 26 16 25 27 26 4 26 27 26 4 24 28 26 8 27 28 27 29 27 29 27 29 28 29 28 29 28      72000      33750 
10890	1262000	0 6 1 18 16 5 26 1 12 26 10 14 15 17 10 14 10 24 15 17 3 24 13 19 15 15 13 19 13 19 18 6 11 14 21 25 9 28 21 20 7 17 22 24 23 24 24 23 20 22 5 23 23 25 25 25 2 26 16 25 27 26 28 26 27 26 4 24 28 19 8 27 28 27 29 27 29 25 29 28 29 28 29 28      72000      31500 
0	2998000	1 0 2 1 4 3 5 3 6 5 7 6 8 6 9 9 11 10 12 10 12 11 13 11 14 11 17 13 18 16 19 16 19 16 21 16 21 17 22 19 23 20 23 20 24 20 24 21 24 21 25 22 26 23 27 23 15 23 28 25 28 25 28 25 29 25 29 25 29 25 29 26 29 26 29 26 29 26 29 27 29 27 29 28      81000      63000 
99	2958000	0 9 18 2 1 5 6 2 9 19 4 7 11 21 13 10 13 11 12 11 16 12 18 8 20 12 20 12 18 13 19 14 3 21 23 13 23 15 24 14 25 17 24 22 26 23 24 15 25 23 25 16 26 19 28 20 26 20 27 22 27 25 29 22 27 24 28 24 29 25 29 27 29 26 29 26 29 28 29 28 29 28 29 28      63000      81000 
297	2930000	1 0 2 12 2 3 2 1 6 4 6 7 13 26 8 18 8 6 9 9 5 11 15 16 13 10 14 18 18 15 11 20 19 22 22 7 24 17 20 20 23 19 21 16 23 16 24 20 25 15 24 21 26 26 14 14 25 12 27 23 28 25 27 26 28 24 27 24 29 28 27 25 29 28 29 29 29 29 29 29 29 28 29 28      63000      81000 
792	2218000	1 19 1 5 7 7 2 13 21 4 6 9 6 0 10 8 8 6 11 14 11 10 12 8 3 5 3 14 15 2 23 12 14 4 23 21 17 17 12 23 18 20 20 18 25 16 24 23 24 15 26 25 26 26 25 24 26 25 7 24 27 25 27 22 28 24 28 26 28 27 28 25 27 26 29 29 29 28 29 27 29 28 29 28      36000      90000 
4158	1842000	1 19 9 17 0 7 5 13 3 3 19 2 6 21 5 20 6 11 10 11 11 10 28 8 24 6 3 15 18 2 22 12 9 4 1 0 11 17 9 23 3 17 21 18 24 16 24 13 24 23 26 22 26 9 25 14 26 25 7 24 27 25 27 22 27 24 27 26 7 27 28 28 27 26 5 29 29 27 29 28 29 28 29 29      27000      90000 
5247	1732000	1 19 1 17 11 4 1 9 3 3 19 11 7 10 10 20 20 6 9 11 15 19 5 8 22 3 0 14 10 2 1 12 14 21 6 0 8 5 20 29 7 15 2 18 8 16 24 13 18 23 26 25 26 29 5 23 26 25 7 23 26 25 13 22 14 24 27 26 16 27 28 24 27 26 4 27 29 27 29 28 29 28 29 28      21000      93000 
5940	1594000	24 19 1 17 11 4 1 9 3 3 19 11 7 10 10 20 20 6 9 11 15 19 5 8 22 3 0 14 10 2 1 12 14 21 6 0 8 5 20 29 7 15 2 18 8 16 24 13 18 23 26 25 26 29 5 23 26 25 7 23 26 25 13 22 14 24 27 26 16 27 28 24 27 26 4 27 29 27 29 28 29 28 29 28      21000      90000 
6039	1229000	24 7 1 17 11 4 1 9 3 3 19 11 7 10 10 20 20 6 9 11 15 19 5 8 22 29 0 14 10 2 1 12 14 21 6 0 8 5 20 29 7 15 2 18 8 16 24 13 18 23 26 25 26 29 5 24 26 25 7 23 26 25 13 22 14 24 27 26 16 27 28 24 27 26 4 27 29 27 1 28 29 28 29 28      13500      90000 
0	2580000	1 4 1 4 2 5 3 8 3 9 4 10 7 11 7 12 9 12 13 13 15 14 16 14 16 15 18 16 18 16 0 17 19 17 19 17 20 17 21 17 21 20 22 21 22 22 24 23 24 23 6 23 25 24 25 24 25 24 26 25 26 25 26 26 27 27 27 27 29 27 29 27 29 28 29 28 29 28 29 28 29 28 29 28      63000      72000 
297	2564000	1 10 1 4 2 5 3 8 3 9 4 10 7 11 7 12 9 12 13 13 15 14 16 14 16 15 18 16 18 16 0 17 19 17 19 17 20 17 21 17 21 20 22 21 22 22 24 23 24 23 6 23 25 24 25 24 25 24 26 25 26 25 26 26 27 27 27 27 29 27 29 27 29 28 29 28 29 28 29 28 29 28 29 28      63000      72000 
792	2156000	1 13 1 9 17 5 3 8 3 25 0 17 7 11 2 12 11 19 12 13 15 14 10 14 5 9 24 15 18 13 0 17 16 19 17 21 20 19 20 17 21 21 22 21 22 9 24 20 23 24 6 23 25 25 25 23 21 24 26 4 28 25 4 26 27 26 28 26 29 27 8 27 29 28 28 28 29 27 29 28 29 28 29 28      81000      42000 
1485	2110000	1 11 13 2 17 5 19 3 14 5 11 7 5 3 7 15 21 1 12 10 1 2 10 16 16 17 18 16 16 15 4 23 20 13 23 17 22 19 20 17 6 21 0 22 22 19 24 23 9 24 23 24 25 25 25 23 21 24 26 4 28 25 28 26 27 26 28 24 28 27 8 26 27 27 28 28 29 27 29 28 29 28 29 28      81000      42000 
2970	1768000	1 6 0 13 17 15 19 3 7 20 5 7 6 3 7 15 26 20 12 27 2 16 10 18 16 11 18 16 11 20 4 15 18 13 12 25 14 19 9 19 22 18 17 21 2 19 24 23 6 23 23 24 8 25 25 24 21 24 26 4 28 25 26 26 27 25 28 22 28 27 8 24 13 27 28 28 29 27 29 28 29 28 29 28      81000      31500 
5346	1618000	1 18 6 13 2 6 12 3 12 20 11 14 13 21 7 15 9 13 5 10 28 2 10 14 16 11 0 16 11 10 4 15 12 22 5 17 3 12 9 19 6 18 17 21 2 19 24 23 6 23 23 24 25 25 25 24 21 24 26 17 26 25 9 26 27 26 28 22 27 27 8 24 20 27 6 5 29 27 29 28 29 28 29 28      63000      45000 
9702	1538000	10 18 11 13 14 2 18 10 15 20 7 14 13 27 7 9 9 13 5 10 2 0 10 9 21 23 0 16 11 28 1 26 15 12 0 24 3 12 9 19 16 15 17 21 22 19 12 10 6 23 23 24 25 25 25 24 21 24 14 17 4 25 26 26 27 26 28 22 3 27 8 24 20 27 28 26 29 27 29 28 29 28 29 29      63000      45000 
9900	1438400	10 18 4 20 14 1 18 18 15 25 3 14 13 27 7 9 9 13 28 10 5 11 14 9 21 12 0 16 11 24 1 26 15 23 20 17 16 12 9 19 16 18 22 21 22 19 12 23 6 23 23 24 25 19 25 24 21 24 14 17 2 25 26 26 26 26 28 22 27 27 8 24 20 27 28 28 29 27 29 28 29 28 29 29      63000      41400 
0	2974000	0 0 1 1 2 3 2 3 2 4 6 8 5 11 5 11 7 11 9 12 10 13 13 14 14 15 14 15 17 16 17 16 17 19 18 19 18 19 18 20 20 21 21 21 22 22 23 23 23 23 23 25 24 25 24 25 24 25 24 25 25 26 25 26 25 27 26 27 26 28 27 28 28 28 28 28 29 29 29 29 29 29 29 29      72000      72000 
99	2562000	0 2 2 1 2 3 4 3 2 5 5 7 5 8 12 15 16 7 14 13 10 9 6 16 9 11 10 15 20 10 21 14 17 15 11 22 20 17 13 22 22 15 23 24 18 19 20 18 24 21 23 19 25 24 25 26 24 25 25 25 25 26 25 27 27 26 28 26 28 27 28 26 29 28 27 29 29 29 29 29 29 28 29 29      72000      63000 
1980	2178000	3 8 6 10 11 17 4 4 21 5 9 7 27 24 8 18 11 2 9 1 5 13 12 19 13 12 16 15 6 14 21 0 8 21 11 22 10 14 7 16 20 22 23 14 21 20 24 18 24 23 23 14 23 24 25 25 24 25 26 23 27 26 25 25 26 26 28 27 28 27 27 27 3 28 27 27 29 29 29 28 29 28 29 29      36000      90000 
5247	2116000	25 8 6 11 9 25 3 1 4 8 14 2 12 19 8 3 5 2 9 0 1 17 10 22 13 11 17 1 26 18 21 9 8 14 7 22 10 7 18 22 20 28 23 24 21 19 21 21 24 20 23 14 23 24 6 23 24 25 15 25 0 26 25 21 26 26 16 27 2 19 28 27 20 28 27 27 6 28 29 28 29 28 29 29      81000      42000 
6039	1929000	25 4 6 10 17 27 3 1 7 0 3 10 18 15 8 19 4 11 9 4 1 17 19 19 13 15 26 15 12 26 5 28 7 14 7 7 10 5 7 27 20 28 16 14 21 20 11 21 24 20 23 24 23 24 6 25 24 25 22 25 0 20 25 21 26 26 14 27 2 27 28 28 3 0 27 28 5 28 29 28 29 28 29 29      90000      29250 
6930	1616000	10 18 7 9 1 25 11 11 7 28 12 25 0 24 4 17 23 13 9 1 5 17 17 19 3 27 17 15 26 26 18 28 8 15 7 12 15 17 13 2 20 5 15 14 21 19 24 21 22 20 16 19 23 24 6 25 24 25 22 25 27 20 25 21 26 26 14 27 2 28 27 28 20 28 27 28 18 28 29 28 29 28 29 29      81000      30000 
9603	1600000	10 18 26 9 1 25 11 11 7 28 12 25 0 24 4 17 23 13 9 1 5 17 17 19 3 27 17 15 26 26 18 28 8 15 7 12 15 7 13 2 20 5 15 14 21 19 24 21 22 20 16 19 23 24 6 25 24 25 22 25 27 20 25 21 26 26 14 27 2 28 27 28 20 28 27 28 18 28 29 28 29 28 29 29      81000      30000 
0	2930000	0 1 0 8 1 10 2 10 2 11 2 12 4 12 6 27 7 13 7 13 8 14 9 14 14 15 15 16 16 18 17 18 17 18 17 19 19 20 20 20 20 5 21 21 22 21 22 26 24 21 24 22 24 23 24 23 24 23 24 23 24 24 25 24 25 26 3 25 27 25 28 26 28 26 28 27 28 27 29 28 29 28 29 29      72000      72000 
1089	2598000	10 1 7 0 7 5 1 3 20 13 2 8 8 18 6 27 11 13 9 15 17 11 18 14 9 27 16 14 1 25 16 20 11 27 12 4 19 19 21 16 23 1 22 23 24 24 24 26 25 21 24 23 10 25 26 23 24 26 17 25 22 20 26 27 25 26 15 25 13 0 28 25 28 26 29 26 29 27 29 28 29 28 29 29      72000      63000 
1188	2480000	6 0 16 8 2 9 8 2 3 11 13 8 27 7 12 3 11 7 14 6 13 14 15 10 14 12 22 17 0 18 15 18 0 17 25 5 7 1 4 19 20 17 6 21 4 20 22 24 25 21 24 22 16 25 6 23 25 23 26 25 26 24 27 25 26 26 27 26 27 26 28 27 28 26 28 25 29 27 29 29 29 28 29 28      40500      90000 
1782	1998000	6 29 16 8 2 9 8 2 3 11 13 8 16 7 12 3 11 7 14 6 13 14 15 10 14 12 22 17 0 24 15 18 0 17 25 5 7 1 4 19 20 13 6 21 4 20 15 24 25 21 24 22 16 25 6 23 25 23 26 25 26 24 27 25 26 26 27 26 27 26 28 27 28 26 28 25 29 27 29 29 29 28 29 28      31500      90000 
5346	1812000	7 29 16 5 2 9 13 13 4 8 13 8 18 0 3 3 11 12 14 5 15 6 19 26 14 12 20 10 7 1 14 17 11 15 18 17 12 19 18 7 20 5 6 21 23 20 22 24 25 21 24 22 16 2 24 23 24 23 5 22 24 26 27 25 26 26 27 26 27 25 28 27 10 26 28 25 9 29 29 28 29 28 29 28      63000      54000 
5643	1802000	7 29 16 5 2 9 13 13 4 8 13 8 18 0 3 3 11 12 14 9 15 6 19 26 14 12 20 10 7 1 14 17 11 15 18 17 12 19 18 7 20 5 6 21 23 20 22 24 25 21 24 22 16 2 24 23 24 23 5 22 24 26 27 25 26 25 27 26 27 25 28 27 10 26 28 25 9 29 29 28 29 28 29 28      63000      54000 
6831	1786800	7 3 7 10 2 5 28 9 4 8 14 8 26 6 3 11 11 12 16 13 15 29 19 26 14 12 20 12 7 1 7 18 0 15 29 22 12 28 0 19 3 13 21 14 4 20 13 24 3 21 24 24 16 16 24 23 25 23 26 22 24 17 27 25 11 26 27 26 27 25 9 27 2 26 28 25 29 27 29 28 29 28 29 28      34200      81000 
7524	1765600	8 5 16 17 12 10 13 0 10 8 14 8 4 23 28 11 7 7 16 9 15 29 15 3 14 12 3 18 0 14 7 1 26 6 18 5 18 19 29 19 20 13 15 21 4 20 22 24 3 21 24 22 16 2 24 23 25 23 26 25 22 24 11 25 26 25 27 26 27 25 9 27 19 26 28 25 29 27 29 28 29 28 29 28      34200      81000 
0	3310000	4 1 6 1 6 2 8 2 10 5 10 5 10 5 11 5 12 7 13 9 13 11 14 11 14 15 16 15 17 16 20 17 21 18 22 19 23 19 24 20 24 20 24 21 24 21 24 22 0 23 25 24 25 25 26 25 26 25 27 25 27 26 27 26 28 27 28 27 3 27 29 28 29 28 29 28 29 28 29 28 29 29 29 29      72000      81000 
99	2976000	1 2 2 1 2 3 3 4 5 4 8 3 0 8 11 10 6 11 13 13 13 9 7 14 18 12 20 15 22 17 16 16 17 24 18 19 23 19 21 25 21 19 23 22 20 22 20 22 13 24 23 24 25 25 25 25 24 25 28 25 25 25 28 25 28 26 27 28 27 26 27 26 29 28 29 27 28 29 29 27 29 27 29 29      63000      81000 
198	2178000	0 1 3 1 4 4 7 10 8 5 8 6 10 11 10 6 12 7 13 9 15 9 12 4 16 9 17 13 18 11 19 5 21 17 22 17 18 18 18 20 20 22 14 21 24 20 24 23 4 24 23 24 25 23 25 24 2 23 27 26 26 25 26 26 27 25 28 26 28 26 3 26 29 27 29 27 29 28 29 28 29 28 29 29      90000      36000 
1584	1987000	0 1 3 1 4 4 7 10 8 5 8 6 10 11 29 6 12 7 13 9 15 9 12 4 16 9 17 13 28 11 19 5 21 17 22 6 18 18 21 20 20 22 14 21 24 20 24 23 4 24 23 24 25 23 25 24 2 23 27 26 26 25 26 25 27 25 28 26 28 11 3 26 29 27 29 27 29 28 29 28 29 28 29 29      90000      31500 
5148	1828000	5 1 18 8 8 4 7 6 17 15 11 8 20 10 0 17 14 7 20 14 15 9 12 6 16 10 13 13 10 16 19 5 9 1 22 19 18 14 21 20 20 22 19 21 16 20 24 15 4 24 23 24 25 23 1 24 2 23 27 25 26 25 26 25 27 25 28 26 28 11 3 26 29 27 5 27 29 28 29 28 29 28 29 29      72000      45000 
6039	1524000	0 27 18 1 4 9 7 13 8 14 11 8 2 10 12 6 0 14 6 19 8 9 12 10 16 13 17 24 5 15 19 2 9 24 6 16 18 23 21 18 20 22 19 21 8 20 14 15 9 24 23 24 25 22 25 24 2 23 27 1 26 25 26 25 27 25 28 26 28 11 3 26 3 27 29 27 17 28 29 28 29 28 29 29      63000      45000 
9702	1462000	8 1 21 3 5 11 16 27 15 12 7 15 4 12 8 26 18 14 6 19 0 28 18 10 16 13 13 24 0 28 7 10 9 28 21 24 18 16 21 18 20 22 19 21 26 20 24 15 9 23 23 24 17 22 25 24 2 23 27 1 26 25 26 25 27 25 28 26 14 11 18 26 25 3 29 27 17 28 29 27 29 28 29 29      63000      45000 
9801	1448000	8 1 21 3 5 11 16 27 2 12 7 15 4 12 8 26 18 14 6 19 0 28 18 10 16 13 13 24 0 28 7 10 9 28 12 24 18 16 21 18 20 22 19 21 26 20 24 15 9 23 23 24 17 22 25 24 2 23 27 1 26 25 26 25 27 25 28 26 14 11 18 26 25 3 29 27 17 28 29 27 29 28 29 29      63000      45000 