
0     24524.00      490000.00
1     52980.00      682000.00
2     18560.00      500000.00
3     33640.00      566250.00
4     50333.00      566400.00
5     18744.00      520000.00
6     19254.00      630000.00
7     50426.00      590000.00
8     27769.00      630000.00
9     10660.00     3850084.00
10     49535.00      668000.00
11     28263.00      613000.00
12      2963.00     3850084.00
13     45117.00      578000.00
14     41103.00      670000.00
15     26890.00      540000.00
16     40261.00      480000.00
17     37996.00      712000.00
18     38135.00      477500.00
19     46408.00      670000.00