
0      4216.00     10210880.00
1     76349.00      603750.00
2       656.00     10281000.00
3     57441.00      530000.00
4     77284.00      538000.00
5     75507.00      624000.00
6     90085.00     9413750.00
7     75525.00      650000.00
8     90125.00     9340000.00
9     16937.00     3850126.00
10     14263.00     3850126.00
11     81521.00      502500.00
12     13081.00     3850126.00
13     90330.00      488750.00
14     90063.00      540000.00
15     65912.00     3850126.00
16      4428.00     3850126.00
17     66716.00      562000.00
18     85968.00      593000.00
19     90390.00      828000.00