
0      89755.00     3850126.00
1       2028.00     3850126.00
2      83301.00     3850126.00
3      79784.00      705000.00
4      76333.00      746000.00
5       6597.00     3850126.00
6      89053.00      703200.00
7      86124.00      500000.00
8      84733.00      770000.00
9      83247.00      549000.00
10      86170.00      530000.00
11      75441.00      719750.00
12      13063.00     3850126.00
13       8772.00     3850126.00
14       4474.00     3850126.00
15      89626.00      670000.00
16       1997.00     3850126.00
17      67975.00      464200.00
18      82836.00      590000.00
19      74331.00      750000.00