
0      21878.00      160000.00
1      40891.00      486000.00
2      62309.00      167378.00
3      73123.00       90000.00
4      17657.00      464402.00
5      13591.00      476876.00
6      61586.00      120000.00
7      32364.00      139000.00
8      74277.00      490000.00
9      90077.00      456000.00
10      14765.00      113000.00
11      79665.00      103752.00
12      51462.00      158750.00
13      34667.00      116676.00
14      39571.00       97170.00
15      14075.00      128070.00
16       5058.00      118000.00
17      47312.00      144000.00
18      42407.00      126000.00
19      69463.00      146500.00