
0      21056.00      740000.00
1      11029.00      764000.00
2       3364.00      738000.00
3       5493.00      670000.00
4      56995.00      615336.00
5      22061.00      714750.00
6      38396.00      760000.00
7      43599.00      734000.00
8      14594.00      736000.00
9       7127.00      650000.00
10      36405.00      704000.00
11      45223.00      707500.00
12       8992.00      710000.00
13      48281.00      690000.00
14      33727.00      694000.00
15      28023.00      682890.00
16      21615.00      722000.00
17      49316.00      658448.00
18       3974.00      710000.00
19      37191.00      740000.00