
0	2580000	2 0 0 1 1 0 0 1 1 0 0 1 0 1 0 1 0 1 2 0 0 2 0 1 0 1 0 2 3 0 0 2 0 3 1 1 0 2 2 1 1 1 0 3 3 1 4 0 1 4 3 2 3 3 3 3 3 3 9 1      63000      72000 
99	1420000	1 0 1 2 1 2 1 1 1 1 1 0 1 0 1 0 1 0 1 2 1 0 1 0 1 1 1 0 1 2 1 1 1 1 1 3 1 0 1 0 1 1 1 1 1 0 1 3 2 4 3 2 3 4 2 2 2 5 6 4      90000      15000 
297	1200000	1 1 1 0 1 1 1 1 1 1 1 0 1 0 1 0 1 0 1 2 1 0 1 0 1 0 1 0 1 1 1 0 1 0 1 2 1 0 1 3 2 1 1 1 1 3 1 4 3 1 2 3 3 2 5 3 3 3 1 9      81000      19000 
495	 947600	1 1 1 1 1 1 1 1 1 1 1 2 1 1 1 1 1 1 1 1 1 1 1 3 1 1 1 1 1 1 1 1 1 1 1 1 1 1 1 1 1 1 1 1 1 1 2 1 2 3 3 1 3 1 1 5 2 4 6 1      57600      34200 
594	 821000	1 1 1 1 1 1 1 1 1 1 1 1 1 1 1 1 1 1 1 1 1 1 1 1 1 1 1 1 1 1 1 1 1 1 1 1 1 1 1 1 2 1 1 1 1 1 2 2 2 3 2 3 3 3 3 1 4 2 2 5      58500      31500 
693	 750000	1 1 1 1 1 1 1 1 1 2 1 1 1 1 1 1 1 1 1 1 1 1 1 1 1 1 1 1 1 1 1 1 1 1 1 1 1 1 1 1 1 2 1 1 1 1 1 2 2 3 3 2 3 2 2 3 2 4 6 1      40000      50000 
1485	 730000	1 1 1 1 1 1 1 1 1 1 1 1 1 1 1 1 1 1 1 1 1 1 1 1 1 1 1 1 1 1 1 1 1 1 1 1 1 1 1 1 2 1 2 1 1 1 2 1 3 2 2 3 2 3 3 2 4 2 1 6      50000      40000 
2079	 690000	1 1 1 1 1 1 1 1 1 1 1 1 1 1 1 1 1 1 1 1 1 1 1 1 1 1 1 1 1 1 1 1 1 1 1 1 1 1 1 1 2 0 1 1 1 1 2 1 2 4 2 4 3 2 3 2 4 1 2 6      63334      26666 
4455	 670000	1 0 1 1 1 1 1 1 1 1 1 1 1 1 1 1 1 1 1 1 1 1 1 1 1 1 1 1 1 1 1 1 1 1 1 1 1 1 1 2 2 0 1 1 1 1 2 1 2 4 2 4 3 2 3 2 4 1 2 6      63334      26666 
13932	 650000	1 0 1 0 1 0 1 0 1 0 1 0 1 1 1 0 1 1 1 1 1 1 1 1 1 2 1 1 1 1 1 1 1 1 1 1 1 1 1 1 1 2 2 1 1 2 2 1 2 5 2 5 3 2 3 2 4 1 2 7      70000      20000 
14625	 580000	1 0 1 0 1 0 1 0 1 0 1 0 1 1 1 0 1 1 1 1 1 1 1 1 1 1 1 1 1 1 1 1 1 1 1 1 1 1 1 2 1 2 2 2 1 2 2 1 2 5 2 5 3 1 3 2 4 1 2 7      65000      20000 
14922	 577000	0 1 0 1 0 1 0 1 0 1 0 1 1 1 1 1 1 1 1 1 1 1 1 1 1 1 1 1 1 1 1 1 1 1 1 1 1 1 2 1 2 1 2 1 2 1 1 2 5 2 5 2 0 3 2 3 1 4 7 3      15500      69000 
15120	 568000	1 0 1 0 1 0 1 0 1 0 1 0 1 1 1 0 1 1 1 1 1 1 1 1 1 1 1 1 1 1 1 1 1 1 1 2 1 1 1 2 1 2 1 2 1 2 2 1 2 5 2 5 3 0 3 2 4 1 3 7      69000      15500 
15219	 543334	0 1 0 1 0 1 0 1 0 1 0 1 1 1 0 1 1 1 1 1 1 1 1 1 1 1 1 1 1 1 1 1 1 1 1 1 1 1 2 1 2 1 2 1 2 1 1 2 5 2 5 2 1 3 2 3 1 4 7 3      16667      66666 
16011	 520000	1 0 1 0 1 0 1 0 1 0 1 0 1 0 1 0 1 1 1 1 1 1 1 1 1 1 1 1 1 1 1 1 1 1 1 1 1 1 1 2 1 2 1 2 1 2 2 1 2 5 2 6 3 1 3 2 4 1 3 7      70000      15000 
16506	 161720	1 0 1 0 1 0 1 0 1 0 1 0 1 0 1 0 1 0 1 1 1 1 1 1 1 1 1 1 1 1 1 1 1 1 1 1 1 1 1 2 1 2 1 2 1 2 2 1 2 5 2 6 3 2 3 2 4 1 3 7      66000      15714 
19179	 149092	1 0 1 0 1 0 1 0 1 0 1 0 1 0 1 0 1 0 1 1 1 1 1 1 1 1 1 1 1 1 1 1 1 1 1 1 1 1 1 2 1 2 1 2 1 2 2 2 2 5 2 6 3 2 3 2 4 1 3 6      65909      16364 
21060	 134120	1 0 1 0 1 0 1 0 1 0 1 0 1 0 1 0 1 0 1 1 1 1 1 1 1 1 1 1 1 1 1 1 1 1 1 1 1 2 1 2 1 2 1 2 1 2 2 2 2 5 2 6 3 2 3 2 4 1 3 5      65883      16470 
25119	 122354	1 0 1 0 1 0 1 0 1 0 1 0 1 0 1 0 1 0 1 1 1 1 1 1 1 1 1 1 1 1 1 1 1 1 1 2 1 2 1 2 1 2 1 2 1 2 2 1 2 5 2 6 3 2 3 2 4 1 3 5      65885      16469 
0	2226000	2 0 0 1 1 0 1 0 1 0 1 0 0 1 0 2 1 0 1 1 1 1 2 1 2 2 1 1 1 2 0 2 2 0 0 3 0 2 2 0 1 2 0 2 1 1 2 2 6 0 3 2 2 3 4 3 1 5 3 3      63000      63000 
99	1966000	1 2 1 0 1 1 1 2 1 0 1 1 1 0 1 2 1 0 1 1 1 0 2 0 1 2 1 1 1 2 1 1 2 0 1 0 1 1 2 3 1 1 1 0 1 1 2 1 1 6 1 6 2 1 1 4 3 3 6 0      90000      29250 
198	1636000	0 1 1 2 0 1 1 1 1 1 1 1 0 1 1 1 1 1 1 1 1 1 1 1 1 1 1 1 1 1 1 1 1 1 3 1 1 1 1 1 1 1 1 1 1 1 4 2 4 1 1 7 3 1 3 2 1 4 4 1      48000      63000 
297	1564500	1 1 1 1 1 1 1 1 1 0 2 1 1 0 1 1 1 1 1 1 1 1 1 2 1 2 1 1 1 1 2 1 1 2 1 1 1 1 1 2 2 1 1 1 1 1 1 2 3 1 3 1 4 2 3 1 1 4 1 6      63000      47250 
594	1118000	1 1 1 0 1 1 1 1 1 0 1 1 1 0 1 1 1 0 1 1 1 1 1 2 1 2 1 1 1 1 1 1 1 2 1 1 1 1 1 3 1 1 1 1 1 1 1 2 3 2 3 1 4 2 5 1 2 4 1 6      63000      36000 
693	1104000	1 1 0 1 1 1 1 1 0 1 1 1 1 1 1 1 0 1 1 1 1 1 2 1 2 1 1 1 1 1 1 1 2 1 1 1 1 1 2 1 1 1 1 1 1 1 2 1 2 3 1 3 2 4 1 5 4 2 6 1      36000      63000 
792	1026400	1 1 1 1 1 1 1 1 1 1 1 1 1 1 1 1 1 1 1 1 1 1 1 1 2 1 1 1 1 1 1 1 2 1 1 1 1 1 2 1 1 1 1 1 1 1 2 1 1 3 1 3 1 4 1 5 4 2 6 1      39600      55800 
891	 998000	1 1 0 1 1 1 1 1 1 2 1 1 1 1 1 1 1 1 1 1 1 1 1 1 2 1 1 1 1 1 1 1 2 1 1 1 1 1 1 1 1 1 1 1 1 1 2 1 2 3 1 3 2 4 1 4 4 2 6 1      39600      55800 
1188	 905000	1 1 1 0 1 1 1 1 1 1 1 1 1 1 1 1 1 1 1 1 1 1 1 1 1 2 1 1 1 1 1 1 1 2 1 1 1 1 1 1 1 1 1 1 1 1 1 2 3 2 4 1 3 2 4 1 3 4 1 6      54000      40500 
1287	 790000	1 1 1 1 1 1 1 1 1 1 1 1 1 1 1 1 1 1 1 1 1 1 1 1 2 1 1 1 1 1 1 1 1 1 1 1 1 1 1 1 1 1 1 1 1 1 2 1 2 3 1 4 2 3 1 5 4 2 6 1      45000      45000 
1386	 772860	1 1 1 1 1 1 1 1 1 1 1 1 1 1 1 1 1 1 1 1 1 1 1 1 2 1 1 1 1 1 1 1 1 1 1 1 1 1 1 1 1 1 1 1 1 1 2 1 2 3 1 4 2 3 1 4 4 3 6 1      44286      46428 
1584	 756668	1 1 1 1 1 1 1 1 1 1 1 1 1 1 1 1 2 1 1 1 1 1 1 1 1 1 1 1 1 1 1 1 1 1 1 1 1 1 1 1 1 1 1 1 1 1 3 1 2 3 1 4 2 3 1 4 4 3 5 1      43333      46667 
1881	 736668	1 1 1 1 1 1 1 1 1 1 1 1 1 1 1 1 2 0 1 1 1 1 1 1 1 1 1 1 1 1 1 1 1 1 1 1 1 1 1 1 1 1 1 2 1 1 3 1 2 3 1 4 2 3 1 4 4 3 5 1      43333      46667 
3861	 710000	1 1 1 1 1 1 1 1 1 1 1 1 1 1 1 1 1 1 1 1 1 1 1 1 1 1 1 1 1 1 1 1 1 1 1 1 1 1 1 1 1 1 1 1 1 1 1 3 3 2 4 1 3 2 3 2 3 4 2 5      56666      33334 
4554	 696668	1 0 1 1 1 1 1 1 1 1 1 1 1 1 1 1 1 1 1 1 1 1 1 1 1 1 1 1 1 1 1 1 1 1 1 1 1 1 1 1 1 1 1 2 1 1 1 3 3 2 4 1 3 2 3 2 3 4 2 5      56667      33333 
4653	 690000	0 1 1 1 1 1 1 1 1 1 1 1 1 1 1 1 1 1 1 1 1 1 1 1 1 1 1 1 1 1 1 1 1 1 1 1 1 1 1 1 1 1 1 1 2 1 3 1 2 3 2 3 2 3 2 3 4 3 4 3      30000      60000 
5346	 680000	1 1 1 1 1 1 1 1 1 1 1 1 1 0 1 0 1 1 1 1 1 1 1 1 1 0 1 1 1 1 1 1 1 1 1 1 1 1 1 2 1 1 1 1 1 2 1 5 3 2 3 2 3 2 3 1 3 4 3 4      75000      15000 
5742	 670000	0 1 1 1 1 1 1 1 1 1 1 1 1 1 0 1 0 1 1 1 1 1 1 1 1 1 1 1 1 1 2 1 1 1 1 1 1 1 2 1 2 1 1 1 1 1 5 1 2 3 2 3 1 3 1 3 4 3 4 3      20000      70000 
7029	 650000	1 0 1 1 1 1 1 1 1 1 1 1 1 1 1 0 1 0 1 1 1 1 1 1 1 1 1 1 1 1 1 1 1 1 1 1 1 1 1 2 1 2 1 1 1 2 1 5 3 2 3 1 3 1 3 1 3 4 3 5      75000      15000 
7326	 540000	0 1 1 1 1 1 1 1 1 1 0 1 1 1 0 1 0 1 1 1 1 1 1 1 1 1 1 1 1 1 1 1 1 1 1 1 1 1 2 1 2 1 2 1 2 1 5 1 2 3 1 3 1 3 1 3 4 3 5 3      15000      70000 
8613	 530000	1 0 1 1 1 0 1 1 1 1 1 0 1 1 1 0 1 0 1 1 1 1 1 1 1 1 1 1 1 2 1 1 1 1 1 1 1 1 1 2 1 2 1 2 1 2 1 5 3 2 3 1 3 1 3 1 3 4 3 5      70000      15000 
9801	 510000	1 0 1 1 1 0 1 1 1 1 1 0 1 0 1 0 1 0 1 1 1 1 1 1 1 1 1 1 1 2 1 1 1 1 1 1 1 1 1 2 1 2 1 2 1 2 1 5 3 2 3 1 3 1 3 1 3 5 3 5      70000      15000 
12276	 498000	0 1 1 1 0 1 0 1 1 1 0 1 0 1 0 1 0 1 1 1 1 1 1 1 1 1 1 1 2 1 2 1 1 1 1 1 1 1 2 1 2 1 2 1 2 1 5 1 2 3 1 3 1 3 1 3 5 3 5 3      14000      70000 
12969	 486000	1 0 1 1 1 0 1 0 1 0 1 0 1 0 1 0 1 0 1 1 1 1 1 1 1 1 1 1 1 2 1 2 1 1 1 1 1 2 1 2 1 2 1 2 1 2 1 5 3 2 3 1 3 1 3 1 3 5 3 5      70000      14000 
14058	 169600	1 0 1 0 1 0 1 0 1 0 1 0 1 0 1 0 1 0 1 1 1 1 1 1 1 1 1 1 1 2 1 2 1 1 1 1 1 2 1 2 1 2 1 2 1 2 1 5 3 3 3 1 3 1 3 1 3 5 3 5      66000      16400 
18405	 153600	1 0 1 0 1 0 1 0 1 0 1 0 1 0 1 0 1 0 1 1 1 1 1 1 1 1 1 1 1 2 1 2 1 1 1 1 1 1 1 2 1 2 1 2 1 2 1 5 3 3 3 1 3 2 3 1 3 5 3 5      66000      16400 
26613	 122224	1 0 1 0 1 0 1 0 1 0 1 0 1 0 1 0 1 0 1 1 1 1 1 1 1 1 1 1 1 2 1 2 1 1 1 1 1 1 1 2 1 2 1 2 1 2 1 5 3 2 3 2 3 2 3 1 3 5 3 5      65560      16664 
0	2564000	0 2 0 2 0 1 0 1 3 0 1 2 1 1 1 0 1 1 2 1 2 0 1 0 1 1 2 0 1 3 2 1 0 2 2 0 1 1 0 2 1 1 1 1 2 0 0 3 2 3 4 1 1 4 2 3 3 4 5 1      72000      63000 
99	1924500	1 1 1 2 1 2 1 0 1 0 1 0 1 0 1 1 1 0 1 0 1 1 1 2 1 0 1 0 1 0 1 0 1 3 1 2 1 1 1 1 1 2 1 2 1 0 1 3 2 6 2 2 1 4 3 3 3 2 7 2      90000      29250 
198	1771500	1 1 2 1 1 1 1 1 1 1 1 1 1 1 1 1 1 1 1 1 1 1 1 2 1 1 1 1 2 1 1 1 1 1 1 1 1 1 2 1 1 1 1 1 0 3 3 1 3 1 1 3 3 1 3 4 3 1 1 5      68625      46125 
297	1490000	0 1 2 1 1 1 0 1 1 1 1 1 0 1 1 1 1 1 0 1 1 1 1 1 1 1 1 1 1 1 1 1 0 1 2 1 1 1 1 1 1 1 1 1 1 1 2 1 4 2 2 2 5 1 1 3 3 3 5 7      27000      81000 
396	1104600	1 2 1 1 1 1 1 1 1 1 1 1 1 1 1 2 1 1 1 2 1 1 1 1 1 1 1 1 1 1 1 1 1 2 1 1 1 1 1 1 1 1 2 0 1 1 3 1 4 1 1 4 1 5 3 1 3 2 3 2      59400      36900 
495	1018928	1 1 1 1 1 1 1 1 1 1 1 1 1 1 0 2 1 1 1 1 1 1 0 2 2 1 1 1 1 1 1 1 1 1 1 1 1 1 1 4 1 1 1 1 1 3 2 1 3 1 3 1 3 1 1 4 5 1 3 3      56456      37636 
891	1004158	2 1 1 1 1 1 1 1 1 1 1 1 1 1 1 1 1 1 1 1 1 1 1 1 1 1 1 1 1 1 1 1 1 1 1 1 1 1 1 1 1 2 2 1 1 1 3 1 2 3 2 3 1 5 3 2 3 2 3 2      61538      33693 
990	 941116	1 1 1 1 1 1 1 1 1 1 1 1 1 1 1 1 1 1 1 1 1 1 1 1 1 1 1 1 1 1 1 1 1 1 1 1 1 1 1 1 1 1 1 1 1 1 1 2 2 3 2 3 1 3 4 1 3 4 6 3      37638      56454 
1089	 730000	1 1 1 1 1 1 1 1 1 1 1 1 1 1 1 1 1 1 1 1 1 1 1 1 1 1 1 1 1 1 1 1 1 1 1 1 1 1 1 1 1 1 2 1 1 1 2 1 3 2 3 2 3 1 2 4 3 3 2 6      65000      25000 
1584	 720000	2 1 0 1 0 1 1 1 1 1 1 1 1 1 1 1 1 1 1 1 1 1 1 1 1 1 1 1 1 1 1 1 1 1 1 1 1 1 2 1 1 1 1 2 1 1 1 2 2 3 2 3 1 3 4 2 3 3 6 2      25000      65000 
1683	 690000	0 1 1 1 1 1 1 1 1 1 1 1 1 1 1 1 1 1 1 1 1 1 1 1 1 1 1 1 1 1 1 1 1 1 1 1 1 1 2 1 1 1 0 2 2 1 1 2 2 3 2 3 1 3 4 2 3 3 6 2      25000      65000 
2178	 680000	0 1 1 1 0 1 1 1 1 1 1 1 1 1 1 1 1 1 1 1 1 1 1 1 1 1 1 1 1 1 1 1 1 1 1 1 1 1 2 1 1 1 0 2 2 1 1 2 2 3 2 3 2 3 4 2 3 3 6 2      25000      65000 
3168	 670000	1 1 1 1 1 1 1 1 1 1 1 1 0 1 0 1 0 1 1 1 1 1 1 1 1 1 1 1 1 1 1 1 1 1 1 1 1 1 1 1 2 1 1 2 1 1 1 2 1 3 2 3 1 3 5 2 4 3 7 2      20000      70000 
3861	 650000	1 0 1 0 1 1 1 1 1 1 1 1 1 1 1 0 1 0 1 2 1 1 1 1 1 1 1 1 1 1 1 1 1 1 1 1 1 1 1 2 1 2 2 1 1 1 2 1 3 1 3 1 3 1 2 5 3 4 2 7      70000      20000 
4158	 648400	0 1 0 1 1 1 1 1 1 1 1 1 1 1 0 1 1 1 1 1 1 1 1 1 1 1 1 1 1 1 1 1 1 1 1 1 1 1 2 1 2 1 1 2 2 1 1 2 1 3 1 3 1 3 5 2 4 3 6 2      19600      67200 
4455	 620000	1 0 1 0 1 1 1 1 1 1 1 1 1 1 1 0 1 1 1 1 1 1 1 1 1 1 1 1 1 1 1 1 1 1 1 1 1 1 1 2 1 2 2 0 1 2 2 1 3 1 3 2 3 1 2 5 3 4 2 6      63000      21000 
5346	 597500	1 1 1 1 1 1 1 1 1 0 1 1 1 1 1 0 1 0 1 1 1 1 1 1 1 1 1 1 1 1 1 1 1 1 1 1 1 1 1 2 1 2 1 2 1 2 2 1 3 1 3 1 3 2 2 4 3 4 3 5      70000      16750 
6435	 558000	1 1 1 1 0 1 1 1 0 1 1 1 1 1 0 1 0 1 1 1 1 1 1 1 0 1 1 1 1 1 1 1 1 1 1 1 1 1 2 1 2 1 2 1 2 1 1 2 1 3 1 3 2 3 5 2 5 3 5 3      14000      72000 
7029	 547600	1 1 1 1 1 0 1 1 1 0 1 0 1 1 1 0 1 0 1 1 1 1 1 1 1 0 1 2 1 1 1 1 1 1 1 1 1 1 1 2 1 2 1 2 1 2 2 1 3 1 3 1 3 2 2 5 3 5 3 5      72000      12800 
7623	 542800	1 1 1 0 1 0 1 0 1 0 1 2 1 0 1 0 1 0 1 1 1 1 1 1 1 0 1 1 1 1 1 1 1 1 1 1 1 2 1 2 1 3 1 2 1 2 2 1 3 1 3 1 3 2 2 5 3 5 3 5      72000      12800 
8019	 522000	1 1 1 0 1 0 1 0 1 0 1 2 1 0 1 0 1 0 1 1 1 1 1 1 1 0 1 1 1 1 1 1 1 1 1 1 1 2 1 2 1 2 1 2 1 2 2 1 3 1 3 1 3 2 2 6 3 5 3 5      72000      14000 
8316	 511600	1 1 0 1 0 1 0 1 0 1 1 1 0 1 0 1 0 1 1 1 1 1 1 1 0 1 1 1 1 1 1 1 1 1 2 1 2 1 2 1 2 1 2 1 2 1 1 2 1 3 1 3 2 3 6 2 5 3 5 3      12800      72000 
9405	 501200	1 0 1 0 1 0 1 0 1 0 1 1 1 0 1 0 1 0 1 1 1 1 1 1 1 0 1 1 1 2 1 1 1 1 1 2 1 2 1 2 1 2 1 2 1 2 2 1 3 1 3 1 3 2 2 6 3 5 3 5      72000      12800 
11781	 493200	1 0 1 0 1 0 1 0 1 0 1 0 1 0 1 0 1 1 1 1 1 1 1 1 1 0 1 1 1 1 1 1 1 1 1 2 1 2 1 2 1 2 1 2 1 2 2 1 3 1 3 1 3 2 2 7 3 5 3 5      72000      12800 
13761	 486000	1 0 1 0 1 0 1 0 1 0 1 0 1 0 1 0 1 1 1 1 1 1 1 1 1 1 1 1 1 1 1 1 1 1 1 1 1 2 1 2 1 2 1 2 1 2 2 0 3 2 3 1 3 2 2 7 3 5 3 5      70000      14000 
18207	 478000	0 1 0 1 0 1 0 1 0 1 0 1 0 1 0 1 1 1 1 1 1 1 1 1 1 1 1 1 1 1 1 1 1 1 1 1 1 1 2 1 2 1 2 1 2 1 1 2 2 3 1 3 2 3 7 2 5 3 5 3      14000      70000 
18900	 475716	1 0 1 0 1 0 1 0 1 0 1 0 1 0 1 0 1 1 1 1 1 1 1 1 1 1 1 1 1 1 1 1 1 1 1 2 1 1 1 2 1 2 1 2 1 2 2 1 3 2 3 1 3 2 2 6 3 5 3 5      67145      15713 
21276	 136668	1 0 1 0 1 0 1 0 1 0 1 0 1 0 1 0 1 0 1 1 1 1 1 1 1 1 1 1 1 1 1 1 1 1 1 2 1 1 1 2 1 2 1 2 1 2 2 1 3 2 3 1 3 2 2 6 3 6 3 5      66000      16334 
29781	 121600	0 1 0 1 0 1 0 1 0 1 0 1 0 1 0 1 0 1 1 1 1 1 1 1 1 1 1 1 2 1 1 1 1 1 2 1 1 1 2 1 2 1 2 1 2 1 1 2 2 3 1 3 2 3 6 2 5 3 5 3      16400      66000 
0	2202000	0 1 1 2 1 0 1 1 0 3 1 0 1 0 1 1 1 1 0 2 1 0 1 0 1 0 1 1 1 3 3 0 2 0 1 1 0 4 1 1 3 0 1 1 1 1 5 0 1 3 3 4 5 2 1 3 2 3 1 4      72000      54000 
99	1571000	1 1 1 0 1 1 1 1 1 2 1 1 1 0 1 0 1 3 1 0 1 1 2 0 1 1 1 2 1 0 1 1 1 1 1 3 1 0 1 0 1 2 1 1 1 6 1 5 2 1 4 4 2 0 3 2 3 2 3 1     103500       6300 
198	1298000	1 1 1 1 1 1 1 1 1 1 1 1 1 1 1 1 1 1 2 1 1 1 2 1 1 1 1 1 1 1 1 1 1 1 1 1 1 1 1 3 1 1 2 1 1 1 2 1 3 3 1 4 2 2 0 4 5 1 3 2      46000      57500 
396	1212000	1 1 1 1 0 2 1 1 1 1 1 1 0 1 1 1 1 1 2 1 1 1 2 2 1 1 1 1 1 1 1 1 1 1 2 1 1 1 1 1 1 1 2 1 1 1 2 1 3 2 1 4 3 2 0 3 5 2 3 3      33000      69000 
495	1015600	1 1 1 1 1 1 1 1 1 1 1 1 1 1 1 1 1 1 2 1 1 1 2 2 1 1 1 1 1 1 1 1 1 1 1 1 1 2 1 1 1 1 1 1 1 1 2 1 3 2 1 3 2 3 1 3 5 2 3 3      39600      55800 
693	 969600	1 1 1 1 1 1 1 1 1 1 1 1 1 1 1 1 1 1 1 1 1 1 2 2 1 1 1 1 1 1 1 1 1 1 1 1 1 2 1 1 1 1 1 1 1 1 2 1 3 2 2 3 2 3 1 3 5 2 3 3      39600      55800 
792	 924000	1 1 1 1 1 1 1 1 1 1 1 1 2 0 1 1 1 1 1 2 1 1 1 2 1 1 1 1 1 1 1 1 1 1 1 2 1 1 1 1 1 1 1 1 1 1 2 2 2 3 3 1 2 3 3 0 3 5 3 3      69000      23000 
891	 878000	1 1 1 1 1 1 1 1 1 1 1 1 2 0 1 1 1 1 1 1 1 1 1 2 1 1 1 1 1 1 1 1 1 1 1 2 1 1 1 1 1 1 1 1 1 1 2 2 2 3 3 1 2 3 3 1 3 5 3 3      69000      23000 
990	 778572	1 1 1 1 1 1 1 1 1 1 1 1 1 1 1 1 1 1 1 1 1 1 2 1 1 1 1 1 1 1 1 1 1 1 1 1 1 1 1 2 1 1 1 1 1 1 2 1 3 2 2 3 2 3 1 4 5 2 3 3      44286      46428 
1584	 760000	1 1 1 1 1 1 1 1 1 1 1 1 1 1 1 1 1 1 1 1 1 1 1 1 1 1 1 1 1 1 1 1 1 1 1 1 1 1 1 2 1 1 1 1 2 1 2 1 3 2 2 3 2 3 1 4 5 2 3 3      44286      46428 
1881	 750000	1 1 0 1 1 1 1 1 1 1 1 1 1 1 1 1 1 1 1 1 1 1 1 1 1 1 1 1 1 1 1 1 1 1 1 1 1 1 1 2 1 1 1 1 2 1 2 2 4 2 2 3 2 3 1 3 5 2 3 3      31500      58500 
2277	 710000	1 1 1 1 1 1 1 1 1 1 1 1 1 1 1 1 1 1 1 1 1 1 1 1 1 1 1 1 1 1 1 1 1 1 1 1 1 1 2 0 1 1 1 1 1 2 1 3 2 3 3 2 3 2 4 1 2 5 3 3      50000      40000 
3861	 703334	1 1 1 0 1 1 1 1 1 1 1 1 1 1 1 1 1 1 1 1 1 1 1 1 1 1 1 1 1 1 1 1 1 1 1 1 1 1 2 1 1 1 1 1 1 2 2 1 2 4 3 2 3 2 3 2 2 5 3 3      56667      33333 
4554	 664000	1 1 0 1 1 1 2 1 0 1 0 1 0 1 1 1 0 1 2 1 1 1 1 1 1 1 1 1 1 1 1 1 1 1 1 1 2 1 2 1 2 1 2 1 2 1 1 2 4 3 0 3 4 2 1 3 3 3 4 3      16100      71300 
5049	 646600	1 1 0 1 1 1 1 1 0 1 1 1 0 1 1 1 0 1 2 1 1 1 1 1 1 1 1 1 1 1 1 1 1 1 1 1 2 1 2 1 2 1 3 1 2 1 0 2 3 3 1 3 4 2 0 3 4 3 4 3      16100      71300 
6039	 641400	1 1 1 1 1 1 1 1 1 0 1 1 1 0 1 0 1 0 1 2 1 1 1 1 1 1 1 1 1 1 1 1 1 2 1 1 1 2 1 2 1 2 1 2 1 2 2 0 3 3 3 1 2 4 3 0 3 4 3 4      71300      16100 
6732	 626000	1 1 1 1 1 1 1 1 0 1 1 1 0 1 0 1 0 1 2 1 1 1 1 1 1 1 1 1 1 1 1 1 2 1 1 1 2 1 2 1 2 1 2 1 2 1 0 2 3 3 1 3 5 2 0 3 3 3 4 3      14000      72000 
8118	 594000	1 0 1 0 1 0 1 1 1 0 1 0 1 0 1 1 1 0 1 1 1 0 1 1 1 1 1 1 2 0 1 1 1 2 1 1 1 2 1 2 1 2 1 2 1 2 2 0 2 6 3 0 2 5 3 1 3 4 3 6      72000      14000 
8217	 590000	1 0 1 0 1 0 1 1 1 0 1 0 1 0 1 1 1 0 1 1 1 0 1 1 1 1 1 1 2 0 1 1 1 2 1 1 1 1 1 2 1 2 1 2 1 2 2 1 2 6 3 0 2 5 3 1 3 4 3 6      72000      14000 
8811	 570000	1 0 1 0 1 0 1 0 1 0 1 0 1 0 1 1 1 0 1 1 1 1 1 1 1 1 1 1 1 1 1 1 1 1 1 1 1 2 1 2 1 2 1 3 1 2 2 0 3 5 3 1 2 5 3 2 3 4 3 4      70000      15000 
9108	 565000	1 0 1 0 1 0 1 0 1 0 1 0 1 0 1 1 1 0 1 1 1 1 1 1 1 1 1 1 2 1 1 1 1 1 1 1 1 2 1 2 1 2 1 3 1 2 2 1 2 5 3 1 2 5 3 1 3 4 3 4      70000      17500 
9306	 540000	1 0 1 0 1 0 1 0 1 0 1 0 1 0 1 1 1 0 1 1 1 1 1 1 1 1 1 1 1 1 1 1 1 1 1 1 1 2 1 2 1 2 1 3 1 2 2 1 3 4 3 1 2 5 3 1 3 5 3 4      70000      15000 
11286	 538000	1 0 1 0 1 0 1 1 1 0 1 0 1 0 1 0 1 0 1 1 1 1 1 1 1 1 1 1 1 2 1 1 1 1 1 2 1 2 1 2 1 3 1 2 1 2 2 0 3 3 3 1 2 5 3 1 3 5 3 4      70000      14000 
11682	 530000	0 1 0 1 0 1 0 1 0 1 0 1 0 1 1 1 0 1 1 1 1 1 1 1 1 1 1 1 1 1 1 1 1 1 1 1 2 1 2 1 2 1 3 1 2 1 1 2 3 3 2 3 5 2 1 3 5 3 4 3      15000      70000 
11781	 510000	0 1 0 1 0 1 0 1 0 1 0 1 0 1 0 1 0 1 1 1 1 1 1 1 1 1 1 1 1 1 1 1 1 1 1 1 2 1 2 1 2 1 3 1 2 1 1 2 4 3 1 3 6 2 1 3 5 3 4 3      15000      70000 
13266	 171782	1 0 1 0 1 0 1 0 1 0 1 0 1 0 1 0 1 0 1 1 1 1 1 1 1 1 1 1 1 1 1 1 1 1 1 1 1 1 1 2 1 2 1 2 1 2 2 1 2 6 3 2 2 6 3 2 4 3 3 4      64333      16889 
19197	 169460	1 0 1 0 1 0 1 0 1 0 1 0 1 0 1 0 1 0 1 1 1 1 1 1 1 1 1 1 1 1 1 1 1 1 1 1 1 1 1 2 1 2 1 2 1 2 2 1 2 5 3 2 2 6 3 2 4 3 3 5      63635      17820 
21969	 165600	1 0 1 0 1 0 1 0 1 0 1 0 1 0 1 0 1 0 1 1 1 1 1 1 1 1 1 1 1 1 1 1 1 2 1 1 1 1 1 2 1 2 1 2 1 2 2 2 2 5 3 2 2 6 3 1 4 2 3 5      66000      16400 
22068	 136668	1 0 1 0 1 0 1 0 1 0 1 0 1 0 1 0 1 0 1 1 1 1 1 1 1 1 1 1 1 1 1 1 1 2 1 1 1 1 1 2 1 2 1 2 1 2 2 1 2 6 3 2 2 6 3 1 4 2 3 5      66000      16334 
23850	 121336	1 0 1 0 1 0 1 0 1 0 1 0 1 0 1 0 1 0 1 1 1 1 1 1 1 1 1 1 1 2 1 1 1 2 1 1 1 1 1 2 1 2 1 2 1 2 2 1 2 6 3 2 2 6 3 1 4 1 3 5      66000      16334 
26325	 105336	0 1 0 1 0 1 0 1 0 1 0 1 0 1 0 1 0 1 1 1 1 1 1 1 1 1 1 1 2 1 1 1 1 1 1 1 1 1 2 1 2 1 2 1 2 1 1 2 6 2 2 3 6 2 2 3 1 4 5 3      16334      65998 
0	2580000	0 4 0 4 0 2 0 2 0 2 1 1 0 1 2 0 0 1 1 1 2 0 0 1 0 1 1 1 2 0 2 0 0 2 3 0 3 0 0 2 0 1 2 0 2 0 0 5 6 0 1 4 2 2 1 3 4 2 7 0      45000      90000 
99	1705200	1 1 1 0 1 0 1 1 1 0 1 2 1 2 1 0 1 0 1 0 1 1 1 0 1 1 1 2 1 0 1 4 1 1 1 1 1 0 1 1 1 0 1 0 1 3 1 3 1 5 2 4 2 4 2 2 3 4 8 0      90000      23400 
297	1319000	1 1 0 2 0 1 1 1 0 1 0 1 1 1 3 1 2 0 0 1 0 1 1 1 0 4 1 1 1 1 1 1 1 1 1 1 1 1 1 1 1 1 1 1 1 1 2 1 3 2 3 2 3 3 2 2 2 5 8 1      31500      72000 
495	1051500	1 1 1 1 1 1 1 2 1 1 1 1 1 1 1 2 1 1 1 1 1 1 1 1 1 1 1 1 1 1 1 1 1 1 1 2 1 1 1 1 1 2 1 1 1 1 1 2 3 1 3 3 2 3 4 1 3 3 3 2      58500      38250 
693	1018000	1 1 0 1 0 1 0 1 0 1 2 1 1 1 0 1 0 1 0 1 1 1 1 1 1 1 3 1 0 1 4 1 0 1 1 1 1 1 1 1 0 1 0 1 3 1 3 2 5 2 3 3 5 2 2 4 4 3 0 3       5400      90000 
792	1004000	0 1 2 1 0 1 0 1 1 1 1 1 0 1 0 1 0 1 0 1 1 1 0 1 0 1 1 1 1 1 1 1 0 1 1 1 0 1 1 1 1 1 1 1 3 2 1 2 4 2 3 3 3 2 4 3 6 3 6 3      15000      81000 
891	1000000	1 0 1 0 1 0 1 2 1 0 1 0 1 1 1 2 1 2 1 0 1 0 1 0 1 0 1 0 1 1 1 2 1 2 1 1 1 1 1 1 1 1 1 1 2 1 2 2 2 4 3 3 2 3 3 2 3 2 3 8      81000      15000 
990	 935000	1 0 1 1 1 0 1 0 1 1 1 0 1 0 1 0 1 0 1 1 1 0 1 0 1 1 1 0 1 3 1 0 1 0 1 1 1 0 1 1 1 1 1 1 1 3 2 1 2 4 3 3 2 4 4 4 3 6 3 6      81000      11250 
1089	 917000	1 0 1 1 1 0 1 0 1 1 1 0 1 0 1 0 1 0 1 0 1 0 1 0 1 1 1 0 1 3 1 1 1 0 1 1 1 0 1 1 1 1 1 1 1 3 2 1 2 4 3 3 2 4 4 4 3 6 3 6      81000      11250 
1188	 877000	0 1 0 1 0 1 2 1 0 1 0 1 1 1 1 1 2 1 0 1 0 1 0 1 0 1 0 2 1 1 2 1 2 1 1 1 1 1 1 1 1 1 1 1 1 1 2 2 4 2 3 3 4 2 2 3 2 3 8 3      13500      76500 
1386	 818000	1 0 1 2 1 0 1 0 1 1 1 1 1 0 1 0 1 0 1 0 1 0 1 0 1 0 1 1 1 0 1 1 1 0 1 1 1 0 1 1 1 1 1 1 1 3 2 1 2 5 4 1 2 6 3 4 3 5 3 7      81000       9000 
1485	 750000	0 1 1 1 0 1 1 1 1 2 1 1 1 1 1 1 2 1 1 1 1 1 1 1 1 1 1 1 2 1 1 1 1 1 1 1 1 1 1 1 1 1 1 1 1 1 1 2 4 2 1 3 4 2 1 3 4 3 4 3      20000      70000 
1584	 730000	1 0 1 1 1 0 1 1 1 1 1 1 1 1 1 0 1 2 1 1 1 1 1 1 1 1 1 1 1 2 1 1 1 1 1 1 1 2 1 1 1 1 1 1 2 1 2 1 2 4 3 1 2 4 3 1 3 4 3 4      70000      20000 
1782	 723334	1 1 2 1 1 1 1 1 0 1 1 1 0 1 1 1 1 1 1 1 1 1 1 1 0 1 1 1 1 1 1 1 1 1 1 1 1 1 1 1 1 1 1 1 1 2 1 2 5 2 1 3 5 2 2 3 3 3 4 3      16667      73333 
1980	 710000	1 1 1 1 1 1 1 1 1 0 1 1 1 1 1 1 1 0 1 1 1 1 1 1 1 1 1 1 1 1 1 1 1 1 1 1 1 1 1 1 1 1 1 2 1 1 2 1 3 4 3 1 2 4 3 1 3 5 3 4      70000      20000 
2277	 700000	1 1 1 1 1 1 1 1 0 1 1 1 2 1 1 1 1 1 1 1 0 1 1 1 1 1 1 1 1 1 1 1 1 1 1 1 1 1 2 1 1 1 2 1 2 1 0 2 2 3 1 3 4 2 1 3 5 3 4 3      15000      75000 
2475	 683334	1 0 1 1 1 1 1 1 1 0 1 1 1 1 1 1 1 0 1 1 1 1 1 0 1 1 1 1 1 1 1 1 1 1 1 1 1 1 1 1 1 1 1 2 2 1 2 1 2 5 3 1 2 5 3 1 3 5 3 4      73333      16667 
2673	 670000	1 0 1 1 1 0 1 0 1 0 1 0 1 1 1 1 1 2 1 1 1 1 1 1 1 2 1 1 1 1 1 1 1 1 1 1 1 1 1 2 1 1 1 1 1 2 2 1 2 5 3 1 3 4 3 1 3 4 3 4      70000      20000 
3465	 656668	1 0 1 1 1 0 1 0 1 1 1 0 1 2 1 0 1 0 1 1 1 1 1 1 1 1 1 1 1 2 1 2 1 1 1 1 1 1 1 2 1 1 1 2 1 2 2 0 2 5 3 1 3 4 3 1 3 4 3 4      73334      16666 
3960	 630500	1 0 1 0 1 0 1 1 1 0 1 0 1 0 1 1 1 1 1 1 1 1 1 1 1 1 1 1 1 1 1 1 1 1 1 1 1 1 1 2 1 2 1 2 1 3 2 1 2 4 3 1 2 6 4 1 3 4 3 3      70000      16750 
4059	 570000	1 0 1 0 1 0 1 1 1 0 1 0 1 0 1 1 1 1 1 1 1 1 1 1 1 1 1 1 1 1 1 1 1 1 1 1 1 1 1 2 1 2 1 2 1 3 2 1 3 4 3 1 2 6 3 1 3 4 3 3      70000      15000 
4257	 560000	1 0 1 0 1 0 1 1 1 0 1 0 1 0 1 1 1 1 1 1 1 1 1 1 1 1 1 1 1 1 1 1 1 2 1 1 1 1 1 2 1 2 1 2 1 2 2 1 3 4 3 1 2 6 3 1 3 4 3 3      70000      15000 
4554	 550000	1 0 1 0 1 0 1 1 1 0 1 0 1 0 1 1 1 0 1 1 1 1 1 1 1 1 1 1 1 1 1 1 1 2 1 1 1 1 1 2 1 2 1 2 1 2 2 1 3 4 3 2 2 6 3 1 3 4 3 3      70000      15000 
4950	 540000	0 1 0 1 0 1 0 1 0 1 0 1 0 1 0 1 0 1 1 1 1 1 2 1 1 1 1 1 1 1 1 1 2 1 2 1 1 1 2 1 2 1 2 1 2 1 1 2 4 3 2 3 6 2 1 3 4 3 3 3      15000      70000 
5346	 500000	0 1 0 1 0 1 0 1 0 1 0 1 0 1 0 1 0 1 1 1 1 1 1 1 1 1 1 1 1 1 1 1 2 1 1 1 1 1 2 1 2 1 2 1 2 1 1 2 4 3 2 3 6 2 1 3 5 3 4 3      15000      70000 
8604	 166400	1 0 1 0 1 0 1 0 1 0 1 0 1 0 1 0 1 0 1 1 1 1 1 1 1 1 1 1 1 1 1 1 1 2 1 1 1 1 1 2 1 2 1 2 1 2 2 2 3 3 3 2 2 6 3 1 3 5 3 4      66000      16400 
9495	 151200	0 1 0 1 0 1 0 1 0 1 0 1 0 1 0 1 0 1 1 1 1 1 1 1 1 1 1 1 1 1 1 1 2 1 1 1 2 1 2 1 2 1 2 1 2 1 2 2 2 3 2 3 6 2 1 3 5 3 4 3      16400      66000 
19278	 150400	1 0 1 0 1 0 1 0 1 0 1 0 1 0 1 0 1 0 1 1 1 1 1 1 1 1 1 1 1 1 1 1 1 2 1 1 1 2 1 2 1 2 1 2 1 2 2 2 3 2 3 2 2 5 3 1 3 5 3 5      66000      16400 
19476	 121600	1 0 1 0 1 0 1 0 1 0 1 0 1 0 1 0 1 0 1 1 1 1 1 1 1 1 1 1 1 1 1 1 1 2 1 1 1 2 1 2 1 2 1 2 1 2 2 1 3 2 3 2 2 6 3 1 3 5 3 5      66000      16400 
19872	 105600	0 1 0 1 0 1 0 1 0 1 0 1 0 1 0 1 0 1 1 1 1 1 1 1 1 1 1 1 1 1 1 1 1 1 1 1 2 1 2 1 2 1 2 1 2 1 1 2 2 3 2 3 6 2 2 3 5 3 5 3      16400      66000 
0	2988000	1 0 2 0 2 0 1 0 2 0 0 2 0 1 1 2 0 1 0 1 1 3 1 2 0 3 1 2 0 3 1 3 0 1 0 1 0 1 3 0 3 0 2 2 1 2 1 1 6 0 2 5 0 3 1 2 4 1 6 0      63000      81000 
99	1705200	2 0 1 1 1 0 1 0 1 0 1 0 1 1 1 0 1 3 1 0 1 2 1 1 2 0 2 0 1 1 1 0 1 2 1 0 1 0 1 0 1 1 2 0 2 2 1 2 2 3 1 5 2 6 3 4 3 1 2 7      90000      23400 
198	1616000	1 1 1 0 1 0 1 1 1 0 0 3 1 2 1 0 0 3 1 0 1 2 1 0 1 1 1 1 1 0 1 0 1 0 1 1 1 0 1 0 1 1 1 0 1 0 1 3 2 3 3 6 4 5 2 2 3 5 6 2      90000      21000 
297	1289000	1 2 1 1 1 1 1 1 1 1 1 1 1 1 1 1 1 1 1 2 1 1 1 1 1 2 1 1 1 2 1 1 1 1 1 0 1 2 1 1 1 1 1 1 1 1 2 1 1 6 5 1 2 2 3 0 3 3 3 2      81000      22500 
495	 796668	1 1 1 1 1 1 1 1 1 2 1 1 1 1 1 1 1 1 1 1 1 1 1 1 1 1 1 1 1 2 1 1 1 1 1 1 1 1 2 1 1 1 1 1 1 1 2 1 1 4 2 3 4 1 1 4 5 1 3 3      46666      43334 
792	 790000	1 1 1 1 1 1 1 1 2 0 1 1 1 1 1 1 1 1 1 1 1 1 1 1 2 1 1 1 2 1 1 1 1 1 1 1 1 1 1 2 1 1 1 1 1 1 0 3 4 1 3 2 1 4 4 1 1 5 3 3      42500      47500 
891	 770000	1 1 1 1 1 1 1 1 2 0 1 1 1 1 1 1 1 1 1 1 1 1 1 1 1 1 1 1 2 1 1 1 1 1 1 1 1 1 1 2 1 1 1 1 1 1 1 3 4 1 3 2 1 4 4 1 1 5 3 3      43334      46666 
1188	 760000	1 1 1 1 1 1 1 1 2 0 1 1 1 1 1 1 1 1 1 1 1 1 1 1 1 1 1 1 2 1 1 1 1 1 1 1 1 1 0 2 1 1 1 1 1 1 1 3 5 1 3 2 1 4 4 1 1 5 3 3      42500      47500 
1485	 736668	1 1 1 1 1 1 1 1 2 0 1 1 1 1 1 1 1 1 1 1 1 1 1 1 1 1 1 1 2 0 1 1 1 1 1 1 1 1 1 2 1 1 1 1 1 1 1 3 4 1 3 2 1 4 4 1 1 6 3 3      46667      43333 
4158	 730002	1 1 1 1 1 1 1 1 1 1 1 1 1 1 1 1 1 1 1 1 1 1 1 1 1 1 1 1 1 1 1 1 1 1 1 1 1 1 1 1 1 1 1 1 2 1 1 3 4 1 4 1 1 4 4 1 1 6 3 3      46667      43333 
5148	 723334	1 1 1 1 1 1 1 1 1 1 1 1 1 1 1 1 1 1 1 1 1 1 1 1 1 1 1 1 1 1 1 1 1 1 1 1 1 1 1 1 1 2 1 1 2 0 1 3 4 1 4 1 1 4 4 1 1 6 3 3      46667      43333 
7623	 703336	0 1 0 1 1 1 1 1 1 1 1 1 1 1 1 1 1 1 1 1 1 1 1 1 1 1 1 1 1 1 2 1 1 1 1 1 1 1 1 1 2 1 1 1 2 1 1 2 7 1 0 4 5 2 1 3 3 3 1 4      23334      66666 
8019	 698000	0 1 0 1 1 1 1 1 1 1 1 1 1 1 1 1 1 1 1 1 1 1 1 1 1 1 1 1 1 1 2 1 1 1 1 1 1 1 1 1 2 1 1 1 2 1 1 2 6 1 0 4 5 2 2 3 3 3 1 4      28000      62000 
8217	 696668	0 1 1 1 1 1 1 1 1 1 1 1 0 1 1 1 1 1 1 1 1 1 1 1 1 1 1 1 1 1 2 1 1 1 1 1 1 1 1 1 2 1 2 1 2 1 1 2 7 1 0 4 4 2 1 3 3 3 1 4      23334      66666 
8415	 690000	1 1 0 1 1 1 1 1 1 1 0 1 0 1 1 1 0 1 1 1 1 1 1 1 1 1 1 1 1 1 1 1 1 1 1 1 1 1 1 1 2 1 1 1 2 1 1 2 8 1 1 4 6 2 1 3 3 3 1 4      20000      70000 
8712	 670000	1 1 1 0 1 1 1 1 1 0 1 0 1 0 1 1 1 0 1 1 1 1 1 1 1 1 1 1 1 1 1 1 1 1 1 1 1 1 1 1 1 2 1 1 1 2 2 1 1 8 4 1 2 6 3 1 3 4 4 1      70000      20000 
9504	 650000	1 1 1 0 1 1 1 1 1 0 1 0 1 0 1 1 1 0 1 1 1 1 1 1 1 1 1 1 1 1 1 1 1 1 1 1 1 1 1 2 1 2 1 1 1 2 2 1 1 8 4 0 2 6 3 1 3 4 4 1      70000      20000 
10197	 550000	1 1 1 0 1 1 1 0 1 0 1 0 1 0 1 1 1 0 1 1 1 1 1 1 1 1 1 1 1 1 1 1 1 1 1 1 1 1 1 2 1 2 1 2 1 2 2 1 2 8 3 1 2 6 3 1 3 3 4 1      70000      15000 
10791	 540000	1 1 1 0 1 1 1 0 1 0 1 0 1 0 1 1 1 0 1 1 1 1 1 1 1 1 1 1 1 1 1 2 1 1 1 1 1 1 1 2 1 2 1 2 1 2 2 1 2 8 3 1 2 6 3 1 3 3 4 0      70000      15000 
11781	 530000	1 0 1 0 1 0 1 0 1 0 1 0 1 0 1 0 1 0 1 1 1 1 1 1 1 1 1 1 1 1 1 1 1 1 1 1 1 2 1 3 1 2 1 2 1 2 2 1 2 8 3 2 2 6 3 1 3 3 4 1      70000      15000 
12375	 212000	1 0 1 0 1 0 1 0 1 0 1 0 1 0 1 0 1 0 1 1 1 1 1 1 1 1 1 1 1 1 1 1 1 1 1 1 1 2 1 2 1 2 1 2 1 2 2 1 1 8 3 2 2 6 3 1 4 3 4 2      63000      18000 
12969	 194000	1 0 1 0 1 0 1 0 1 0 1 0 1 0 1 0 1 0 1 1 1 1 1 1 1 1 1 1 1 2 1 1 1 1 1 1 1 2 1 2 1 2 1 2 1 2 2 1 1 8 3 2 2 6 3 1 4 2 4 2      63000      18000 
13266	 188000	1 0 1 0 1 0 1 0 1 0 1 0 1 0 1 0 1 0 1 1 1 1 1 1 1 1 1 1 1 1 1 1 1 1 1 1 1 2 1 2 1 2 1 2 1 2 2 1 1 9 3 2 2 6 3 1 4 3 4 1      63800      17600 
15246	 187200	1 0 1 0 1 0 1 0 1 0 1 0 1 0 1 0 1 0 1 1 1 1 1 1 1 1 1 1 1 1 1 1 1 1 1 1 1 1 1 2 1 2 1 2 1 2 2 1 1 9 3 2 2 6 3 1 4 3 4 2      63200      18400 
16038	 168500	1 0 1 0 1 0 1 0 1 0 1 0 1 0 1 0 1 0 1 1 1 1 1 1 1 1 1 1 1 1 1 1 1 1 1 2 1 1 1 2 1 2 1 2 1 2 2 1 1 9 3 2 2 6 3 1 4 2 4 2      65500      16750 
18909	 153716	1 0 1 0 1 0 1 0 1 0 1 0 1 0 1 0 1 0 1 1 1 1 1 1 1 1 1 1 1 1 1 1 1 1 1 2 1 2 1 2 1 2 1 2 1 2 2 1 1 9 3 2 2 6 3 1 4 2 4 1      65858      16571 
19404	 122004	1 0 1 0 1 0 1 0 1 0 1 0 1 0 1 0 1 0 1 1 1 1 1 1 1 1 1 1 1 1 1 1 1 1 1 2 1 2 1 2 1 2 1 2 1 2 2 1 1 9 3 2 2 6 3 2 4 1 4 1      65857      16571 
0	2930000	0 3 0 2 0 1 1 0 1 0 1 0 1 0 1 2 2 0 1 0 0 2 1 2 2 0 2 0 0 2 1 1 2 0 1 0 1 2 0 2 0 4 1 2 2 0 2 0 3 3 2 3 1 3 3 0 3 7 7 1      81000      63000 
99	1400000	1 0 1 0 1 1 1 2 1 1 1 0 1 2 1 0 1 1 1 0 1 2 1 2 1 0 1 3 1 1 1 1 1 1 1 0 1 0 2 0 1 0 1 0 1 1 1 3 5 0 3 0 2 3 2 2 4 4 1 12      90000      15000 
198	1373000	1 1 1 1 1 1 1 1 1 1 1 1 1 1 1 1 1 1 1 1 1 1 1 1 0 1 1 1 1 1 1 1 1 1 1 1 1 1 2 2 1 1 1 1 2 1 2 1 2 5 3 3 2 2 2 2 1 4 6 1      31500      72000 
297	1281668	1 1 1 1 1 3 1 1 1 1 1 2 1 1 1 1 1 1 1 1 1 1 1 1 1 1 1 1 2 2 1 2 1 1 1 1 1 1 1 1 1 1 1 1 1 1 1 3 3 1 2 3 3 0 2 2 2 4 5 1      76666      26834 
396	 966000	1 1 1 1 1 1 1 1 1 1 0 1 0 1 1 1 1 1 1 1 1 1 2 1 1 1 1 2 1 1 1 1 1 1 1 1 1 1 1 1 1 1 5 1 1 1 0 3 2 3 5 1 3 2 5 1 1 4 0 4      28800      63000 
594	 898800	0 1 1 1 1 1 1 1 1 1 1 1 1 1 1 1 1 1 1 1 1 1 1 1 1 1 1 1 1 1 1 1 1 1 1 1 1 1 1 2 1 1 1 1 1 1 1 2 3 4 2 3 4 2 3 2 2 4 5 1      39600      54000 
693	 790000	1 1 1 1 1 1 1 1 1 1 1 1 1 1 1 1 1 1 1 1 1 1 1 1 1 1 1 1 1 1 1 1 1 1 1 1 1 1 1 2 1 1 1 1 1 1 1 2 3 4 2 3 3 2 3 2 2 4 5 1      47222      43889 
891	 780000	1 1 1 1 1 1 1 1 1 1 1 1 1 1 1 1 1 1 1 1 1 1 1 1 1 1 1 1 1 1 1 1 1 1 1 1 1 1 1 2 1 1 1 1 1 1 1 2 2 4 2 3 3 2 4 2 2 4 5 1      45000      45000 
990	 770000	1 1 1 1 1 1 1 1 1 1 1 1 1 1 1 1 1 1 1 1 1 1 1 1 1 1 1 1 1 1 1 1 1 1 1 1 1 1 1 2 1 1 1 1 1 1 1 2 3 3 2 3 3 2 3 2 2 5 5 1      47222      43889 
1386	 730000	1 1 1 1 1 1 1 1 1 1 1 1 1 1 1 1 1 1 1 1 1 1 1 1 1 1 1 1 1 1 1 1 1 1 1 1 1 1 2 1 1 1 1 1 1 1 2 2 3 2 3 2 2 3 2 3 5 2 1 5      42500      47500 
2970	 718000	1 1 1 1 1 1 1 1 1 1 1 1 1 1 1 1 1 1 1 1 1 1 1 1 1 1 1 1 1 1 1 1 1 1 1 1 1 1 2 1 1 1 1 1 2 1 1 2 3 2 2 3 2 3 2 3 6 2 1 4      27000      63000 
3564	 690000	1 0 1 0 1 1 1 1 1 0 1 1 1 0 1 1 1 0 1 3 1 1 1 1 1 1 1 1 1 1 1 1 1 1 1 1 1 1 1 2 1 1 1 1 1 2 2 1 2 4 3 3 3 2 3 2 2 7 4 1      70000      20000 
4059	 670000	1 0 1 0 1 1 1 1 1 0 1 0 1 0 1 1 1 0 1 3 1 1 1 1 1 1 1 1 1 1 1 1 1 1 1 1 1 1 1 2 1 1 1 2 1 2 2 1 2 4 3 3 3 2 3 2 2 7 4 1      70000      20000 
5643	 660000	1 0 1 0 1 1 1 1 1 0 1 1 1 1 1 1 1 1 1 2 1 1 1 1 1 1 1 1 1 1 1 1 1 1 1 1 1 1 1 2 1 1 1 2 1 2 2 1 2 4 3 2 3 2 3 2 2 6 4 1      65000      25000 
6138	 607430	1 0 1 0 1 1 1 1 1 0 1 0 1 0 1 1 1 0 1 3 1 1 1 1 1 1 1 1 1 1 1 1 1 1 1 1 1 1 1 2 1 2 1 2 1 2 2 1 2 4 3 3 3 2 3 1 2 7 4 1      65214      19143 
6435	 575848	0 1 0 1 1 1 1 1 0 1 0 1 0 1 0 1 0 1 3 1 1 1 1 1 1 1 1 1 1 1 1 1 1 1 1 1 1 1 2 1 2 1 2 1 2 1 1 2 5 2 3 3 2 3 1 3 7 2 1 4      17231      65693 
6930	 567232	0 1 0 1 1 1 1 1 0 1 1 1 0 1 0 1 0 1 2 1 1 1 1 1 1 1 1 1 1 1 1 1 1 1 1 1 1 1 2 1 2 1 2 1 2 1 1 2 5 2 3 3 2 3 1 3 7 2 1 4      17232      65692 
7029	 553078	1 0 1 0 1 0 1 1 1 0 1 0 1 0 1 0 1 0 1 3 1 1 1 1 1 1 1 1 1 1 1 1 1 1 1 1 1 1 1 2 1 2 1 2 1 2 2 1 2 5 3 3 3 2 3 2 2 7 4 1      65692      17231 
7524	 518572	0 1 0 1 0 1 1 1 0 1 0 1 0 1 0 1 0 1 3 1 1 1 1 1 1 1 1 1 1 1 1 1 1 1 1 1 1 1 2 1 2 1 2 1 2 1 1 2 5 2 2 3 2 3 2 3 8 2 1 4      17143      65714 
7821	 515000	1 0 1 0 1 0 1 1 1 0 1 0 1 0 1 0 1 0 1 2 1 1 1 1 1 1 1 1 1 1 1 1 1 1 1 1 1 1 1 2 1 2 1 2 1 2 2 2 2 5 3 2 3 2 3 2 2 8 4 1      65000      17500 
8118	 512858	1 0 1 0 1 0 1 0 1 0 1 0 1 0 1 0 1 0 1 3 1 1 1 1 1 1 1 1 1 1 1 1 1 1 1 2 1 1 1 2 1 2 1 2 1 2 2 1 2 5 3 2 3 2 3 2 2 8 4 1      65714      17143 
8811	 504286	0 1 0 1 0 1 0 1 0 1 1 1 0 1 0 1 0 1 2 1 1 1 1 1 1 1 1 1 1 1 1 1 1 1 2 1 1 1 2 1 2 1 2 1 2 1 1 2 5 2 2 3 2 3 2 3 8 2 1 4      17143      65714 
12267	 495000	1 0 1 0 1 1 1 0 1 0 1 1 1 0 1 0 1 0 1 1 1 1 1 1 1 1 1 1 1 1 1 1 1 1 1 2 1 1 1 2 1 2 1 2 1 2 2 1 2 5 3 2 3 2 3 2 2 8 4 1      65000      17500 
12465	 490000	0 1 0 1 0 1 0 1 0 1 1 1 0 1 0 1 0 1 1 1 1 1 1 1 1 1 1 1 1 1 1 1 2 1 2 1 1 1 2 1 2 1 2 1 2 1 1 2 5 2 2 3 2 3 2 3 8 2 1 4      17143      65714 
13752	 137650	1 0 1 0 1 0 1 0 1 0 1 0 1 0 1 0 1 0 1 1 1 1 1 1 1 1 1 1 1 1 1 1 1 1 1 1 1 2 1 2 1 2 1 2 1 2 2 1 2 5 3 2 3 2 3 3 2 9 4 1      65882      16471 
14643	 122356	1 0 1 0 1 0 1 0 1 0 1 0 1 0 1 0 1 0 1 1 1 1 1 1 1 1 1 1 1 1 1 2 1 1 1 1 1 2 1 2 1 2 1 2 1 2 2 1 2 5 3 2 3 2 3 2 2 9 4 1      65882      16471 
18405	 122224	1 0 1 0 1 0 1 0 1 0 1 0 1 0 1 0 1 0 1 1 1 1 1 1 1 1 1 1 1 1 1 2 1 1 1 1 1 2 1 2 1 2 1 2 1 2 2 1 2 6 3 1 3 2 3 2 2 9 4 1      66000      16444 
22761	 105886	1 0 1 0 1 0 1 0 1 0 1 0 1 0 1 0 1 0 1 1 1 1 1 1 1 1 1 1 1 1 1 1 1 1 1 1 1 2 1 2 1 2 1 2 1 2 2 1 2 6 3 2 3 2 3 2 2 9 4 1      65883      16470 
0	2580000	1 0 1 0 1 0 1 0 1 0 0 2 1 1 2 0 1 0 1 0 1 1 0 3 0 2 1 0 0 4 1 4 2 0 2 0 1 1 1 0 0 2 0 3 3 0 1 2 1 3 1 5 1 3 0 6 6 0 10 0      90000      45000 
99	1692860	1 2 1 0 1 3 1 1 1 0 1 0 1 1 2 2 1 1 1 4 1 0 1 2 1 0 1 1 1 1 1 1 2 0 1 0 1 0 1 0 1 1 1 2 1 1 2 2 3 3 2 2 3 3 2 2 4 0 1 7      90000      23143 
198	1258500	1 1 1 1 1 1 1 1 1 1 1 1 1 1 1 2 1 1 1 1 1 1 1 1 1 1 1 1 2 1 1 1 1 2 1 1 1 1 1 1 1 1 1 1 1 1 2 2 1 3 3 2 4 3 2 2 1 4 5 1      44125      59375 
297	1243000	1 1 0 1 1 1 1 1 1 1 1 1 1 1 1 1 1 1 1 1 2 1 1 1 1 1 1 1 1 1 1 1 1 1 1 1 1 1 1 1 1 2 1 1 1 1 2 2 2 3 2 2 1 3 2 3 8 1 2 4      40250      63250 
396	1146000	1 0 1 2 2 1 1 1 1 0 1 0 1 0 1 1 1 1 1 0 1 0 1 2 1 0 1 2 1 1 1 1 1 0 1 1 1 2 1 1 2 1 1 1 1 1 2 3 2 4 2 3 3 1 3 3 1 9 4 0      81000      19000 
495	 998000	1 1 1 1 1 1 1 1 1 1 2 1 0 1 1 2 1 1 1 1 1 1 1 1 1 1 1 1 1 1 1 1 1 2 1 1 1 1 1 1 3 1 1 1 1 1 1 2 1 3 1 3 3 2 3 2 2 4 6 1      31500      63000 
792	 902000	0 1 1 1 1 2 1 1 1 1 0 1 1 1 1 1 1 1 1 1 1 1 1 1 0 1 2 1 1 1 1 1 1 1 1 1 1 1 1 1 1 2 1 1 1 1 2 2 4 2 3 2 1 3 2 3 9 1 0 4      21000      72000 
891	 836000	1 1 1 1 1 1 1 1 0 1 1 1 1 1 1 1 1 1 1 1 1 1 1 1 1 1 1 1 1 1 1 1 1 1 1 1 2 1 1 1 1 2 1 1 1 1 1 2 3 3 3 2 1 3 3 3 7 1 1 4      27000      63000 
1089	 807000	1 1 1 1 1 1 1 1 1 1 1 1 1 1 1 1 1 1 1 1 1 1 1 1 1 1 1 1 1 1 1 1 1 1 1 1 2 1 1 1 1 2 1 1 1 1 1 2 2 3 3 2 1 3 3 3 7 1 1 4      31500      58500 
1188	 787144	1 1 1 1 0 2 1 1 1 1 1 1 1 1 1 1 2 1 1 1 1 1 1 1 1 1 1 1 1 1 1 1 1 1 1 1 1 1 1 1 1 1 1 1 1 1 2 2 3 2 2 3 1 3 2 3 8 1 1 4      27143      62857 
1980	 783336	0 1 2 1 0 2 1 1 1 1 1 1 1 1 1 1 1 1 1 1 1 1 1 1 1 1 1 1 1 1 1 1 1 1 1 1 2 1 1 1 1 1 1 1 1 1 1 2 3 2 3 3 2 3 2 3 7 1 1 4      31666      58334 
2079	 741430	1 1 1 1 1 1 1 1 1 1 1 1 1 1 1 1 2 1 1 1 1 1 1 1 1 1 1 1 1 1 1 1 1 1 1 1 1 1 1 1 1 1 1 1 1 1 1 2 3 3 2 3 1 3 2 3 8 1 1 4      27143      62857 
2178	 730000	1 2 1 1 1 0 1 1 1 1 1 1 1 0 1 1 1 1 1 1 1 1 1 1 1 1 1 1 1 1 1 1 1 1 1 1 1 1 1 1 1 1 1 1 1 1 2 1 2 4 2 4 4 1 3 2 2 7 4 1      65000      25000 
2277	 710000	1 1 2 1 1 1 1 1 1 1 0 1 1 1 1 1 0 1 1 1 1 1 1 1 1 1 1 1 1 1 1 1 1 1 1 1 1 1 1 1 2 1 1 1 1 1 1 2 4 2 4 2 0 4 2 3 7 2 1 4      25000      65000 
2475	 700000	1 1 1 1 1 1 1 1 1 1 1 1 1 1 1 1 0 1 1 1 1 1 1 1 1 1 1 1 1 1 1 1 1 1 1 1 1 1 1 1 2 1 1 1 1 1 1 2 4 2 4 2 0 4 2 3 7 2 1 4      25000      65000 
2673	 690000	1 1 1 1 1 1 1 1 1 1 1 0 1 0 1 1 1 0 1 1 1 1 1 1 1 1 1 1 1 1 1 1 1 1 1 1 1 1 1 1 1 2 1 1 1 1 2 1 2 5 2 5 4 0 3 2 2 7 4 1      70000      20000 
2970	 670000	1 1 1 0 1 1 1 1 1 1 1 0 1 0 1 1 1 0 1 1 1 1 1 1 1 1 1 1 1 1 1 1 1 1 1 1 1 1 1 2 1 2 1 1 1 1 2 1 2 5 2 5 4 0 3 2 2 7 4 1      70000      20000 
4851	 650000	0 1 0 1 1 1 1 1 1 1 0 1 0 1 1 1 0 1 1 1 1 1 1 1 1 1 1 1 1 1 1 1 1 1 1 1 1 1 3 1 2 1 1 1 2 1 1 2 5 2 5 2 0 4 1 3 7 2 1 4      20000      70000 
4950	 630400	1 0 1 0 1 1 1 1 1 1 1 0 1 0 1 1 1 0 1 1 1 1 1 1 1 1 1 1 1 1 1 1 1 1 1 1 1 1 1 2 1 2 2 1 1 2 2 1 2 5 2 5 3 0 3 2 2 7 4 1      69000      18400 
5445	 627200	1 0 1 0 1 1 1 1 1 1 1 0 1 0 1 0 1 0 1 1 1 1 1 1 1 1 1 1 1 1 1 1 1 2 1 1 1 1 1 2 1 2 2 1 1 2 2 1 2 5 2 5 3 0 3 2 2 7 4 1      69000      18400 
5643	 619716	1 0 1 0 1 0 1 1 1 1 1 0 1 0 1 1 1 0 1 1 1 1 1 1 1 1 1 1 1 1 1 1 1 1 1 1 1 1 1 2 1 2 1 2 1 2 2 1 2 5 3 5 3 0 3 2 2 7 4 1      69000      16286 
5742	 599500	1 0 1 0 1 1 1 0 1 1 1 0 1 0 1 1 1 0 1 1 1 1 1 1 1 1 1 1 1 1 1 1 1 1 1 1 1 1 1 2 1 2 2 1 1 2 2 1 2 5 2 5 3 0 3 2 2 8 4 1      69000      17750 
5940	 566800	1 0 1 0 1 1 1 1 1 1 1 0 1 0 1 0 1 0 1 1 1 1 1 1 1 1 1 1 1 1 1 1 1 2 1 1 1 1 1 2 1 2 1 2 1 2 2 1 2 5 2 4 4 0 3 2 2 7 4 1      63000      20800 
6534	 553078	1 0 1 0 1 1 1 1 1 1 1 0 1 0 1 0 1 0 1 1 1 1 1 1 1 1 1 1 1 1 1 1 1 2 1 1 1 1 1 2 1 2 1 2 1 2 2 1 2 5 3 3 3 1 3 2 2 7 4 1      65692      17231 
7128	 538924	1 0 1 0 1 1 1 1 1 1 1 0 1 0 1 0 1 0 1 1 1 1 1 1 1 1 1 1 1 1 1 2 1 2 1 1 1 1 1 2 1 2 1 2 1 2 2 1 2 5 3 2 3 1 3 2 2 7 4 1      65692      17231 
9108	 533386	1 0 1 0 1 0 1 1 1 1 1 0 1 0 1 0 1 0 1 1 1 1 1 1 1 1 1 1 1 1 1 2 1 2 1 1 1 2 1 2 1 2 1 2 1 2 2 1 2 5 3 2 3 1 3 2 2 7 4 1      65692      17231 
9999	 517080	1 0 1 0 1 0 1 1 1 0 1 0 1 0 1 0 1 0 1 1 1 1 1 1 1 1 1 1 1 1 1 2 1 2 1 1 1 2 1 2 1 2 1 2 1 2 2 1 2 6 3 2 3 1 3 2 2 7 4 1      65692      17231 
14247	 180000	1 0 1 0 1 0 1 0 1 0 1 0 1 0 1 0 1 0 1 1 1 1 1 1 1 1 1 1 1 1 1 2 1 2 1 1 1 2 1 2 1 2 1 2 1 2 2 1 2 6 3 2 3 2 3 2 2 7 4 1      63000      18000 
19791	 178000	0 1 0 1 0 1 0 1 0 1 0 1 0 1 0 1 0 1 1 1 1 1 1 1 1 1 1 1 1 1 1 1 2 1 1 1 2 1 2 1 2 1 2 1 2 1 1 2 6 2 2 3 2 3 2 3 7 2 2 4      18000      63000 
27207	 176576	1 0 1 0 1 0 1 0 1 0 1 0 1 0 1 0 1 0 1 1 1 1 1 1 1 1 1 1 1 1 1 1 1 2 1 1 1 1 1 2 1 2 1 2 1 2 2 1 2 6 3 2 3 1 3 2 3 7 3 4      66000      15714 
27702	 169336	1 0 1 0 1 0 1 0 1 0 1 0 1 0 1 0 1 0 1 1 1 1 1 1 1 1 1 1 1 1 1 1 1 2 1 1 1 1 1 2 1 2 1 2 1 2 2 1 2 6 3 2 3 1 3 3 3 6 3 4      66000      16333 
0	2972000	0 3 2 0 1 0 0 1 2 0 0 2 1 0 1 0 1 0 0 1 0 1 1 1 1 1 1 2 0 2 3 0 0 1 2 0 2 0 3 0 1 1 1 4 1 1 1 4 1 7 2 2 4 1 3 2 3 2 4 3      63000      81000 
99	1914000	1 1 2 0 1 0 1 1 2 0 1 0 1 1 1 0 1 4 1 0 1 0 1 1 1 0 0 2 1 1 2 0 1 3 1 4 1 1 1 3 1 1 1 1 2 2 2 1 1 3 1 4 4 2 2 2 1 4 5 0      72000      45000 
198	1071000	1 1 1 1 1 0 1 0 1 3 1 1 1 0 1 0 1 1 1 1 1 1 1 0 1 1 2 0 1 0 1 1 1 2 1 0 1 1 1 1 1 2 1 0 1 1 2 4 2 4 2 5 2 4 3 2 4 1 3 4      90000       6750 
396	1064000	1 0 1 3 1 1 1 0 1 0 1 0 1 1 1 0 1 1 1 1 1 1 1 0 1 0 2 1 1 1 1 1 1 3 1 1 1 1 1 1 1 1 1 2 1 1 2 1 2 4 2 3 2 7 3 2 4 4 3 0      84000      13000 
495	1062000	1 1 1 1 1 1 1 1 1 1 1 1 1 1 0 1 1 1 1 1 1 1 1 1 1 1 1 2 0 1 1 1 2 1 1 1 2 1 1 1 1 1 1 1 3 1 2 2 3 2 3 2 3 2 0 3 2 4 4 3      15000      81000 
594	1002290	0 1 1 1 1 1 0 1 0 1 1 1 1 1 0 1 1 1 1 1 2 1 1 1 1 1 0 2 1 1 3 1 3 1 1 2 1 1 1 1 1 1 2 1 1 1 1 2 4 2 3 2 4 2 1 3 4 3 1 3      16714      78429 
693	 958000	1 1 1 1 1 1 0 1 1 1 1 1 1 1 0 1 1 1 1 1 1 1 1 1 1 1 0 2 1 1 2 1 2 1 0 2 2 1 1 1 1 1 1 1 2 1 3 2 4 2 3 2 3 2 0 3 2 3 4 3      22334      69999 
792	 793000	1 1 1 1 1 1 1 1 1 1 0 1 0 1 1 1 1 1 1 1 1 1 1 1 1 1 1 2 1 1 1 1 2 1 1 1 1 1 1 1 1 1 2 1 1 1 1 2 4 2 3 2 5 2 1 3 4 3 1 4      26800      63300 
891	 786000	0 1 1 1 1 1 1 1 1 1 1 1 1 1 1 1 1 1 1 1 1 1 1 1 1 1 1 2 1 1 3 1 1 1 1 1 1 1 1 1 1 1 1 1 1 1 1 2 4 2 3 2 4 2 1 3 4 3 1 4      26800      63300 
1287	 766000	1 1 1 1 1 1 1 1 1 1 1 1 1 1 1 1 1 1 1 1 1 1 1 1 1 1 1 1 1 1 1 1 1 1 1 1 1 1 1 1 1 1 2 1 1 1 1 2 4 2 3 2 5 2 1 3 3 4 1 4      27000      63000 
1584	 720000	1 1 1 1 1 1 1 1 1 1 1 1 1 1 0 1 1 1 1 1 1 1 1 1 1 1 1 1 1 1 1 1 1 1 1 1 1 1 1 1 1 1 2 1 1 1 1 2 4 2 4 2 5 2 1 3 3 4 1 4      25000      65000 
1881	 690000	1 1 0 1 1 1 1 1 1 1 1 1 1 1 1 1 1 1 1 1 1 1 1 1 1 1 1 1 1 1 1 1 1 1 1 1 1 1 1 1 1 1 2 1 1 1 1 2 4 2 4 2 4 2 2 3 3 4 1 4      26666      63334 
3069	 683334	1 2 1 1 1 2 1 1 1 1 1 0 1 1 1 1 1 0 1 1 1 1 1 0 1 1 1 1 1 1 1 1 1 1 1 1 1 1 1 2 1 1 1 2 1 1 2 1 3 2 2 5 2 5 3 1 3 4 4 0      73333      16667 
3366	 680000	1 1 1 1 1 1 1 1 1 1 1 1 1 0 1 1 1 1 1 1 1 1 1 1 1 1 1 1 1 1 1 1 1 1 1 1 1 1 1 1 1 2 1 2 1 1 2 1 2 4 2 4 2 4 3 2 4 2 4 1      65000      25000 
3663	 670000	1 2 1 0 1 1 1 2 1 1 1 0 1 1 1 1 1 0 1 1 1 1 1 1 1 1 1 1 1 1 1 1 1 1 1 1 1 1 1 2 1 1 1 2 1 1 2 1 3 2 2 5 2 5 3 1 3 4 4 0      70000      20000 
7713	 650000	1 1 1 1 1 1 1 1 1 1 1 1 1 1 0 1 0 1 1 1 1 1 1 1 1 1 1 1 1 1 1 1 1 1 1 1 1 1 2 1 1 1 2 1 2 1 1 2 2 3 5 2 5 2 1 3 4 3 0 4      20000      70000 
9000	 637000	1 1 1 1 1 1 1 1 1 0 1 1 1 1 1 0 1 1 1 2 1 1 1 1 1 1 1 1 1 1 1 1 1 2 1 1 1 1 1 2 1 2 1 2 1 2 2 1 3 1 2 4 2 5 3 1 3 3 4 0      70000      16750 
9990	 618574	1 2 1 1 1 0 1 0 1 0 1 0 1 0 1 0 1 0 1 1 1 0 1 0 1 1 1 1 1 1 1 1 1 1 1 2 1 1 1 3 1 2 1 2 1 2 2 0 3 0 3 5 2 7 3 2 3 4 3 3      75000      11429 
10287	 602000	2 1 1 1 1 1 0 1 1 1 1 1 0 1 0 1 0 1 1 1 1 1 0 1 1 1 1 1 1 1 1 1 1 1 1 1 1 1 2 1 2 1 2 1 2 1 0 2 1 3 3 3 6 2 2 3 4 3 3 3      14000      72000 
10386	 596668	1 2 1 0 1 0 1 0 1 0 1 0 1 0 1 0 1 0 1 1 1 0 1 0 1 1 1 1 1 2 1 1 1 2 1 2 1 1 1 2 1 2 1 2 2 1 2 0 3 0 2 6 2 6 3 2 3 4 3 4      72000      14333 
10584	 594000	1 2 1 1 1 1 1 0 1 1 1 1 1 0 1 0 1 0 1 1 1 1 1 0 1 1 1 1 1 2 1 1 1 1 1 1 1 1 1 2 1 2 1 2 1 2 2 0 3 1 3 3 2 6 3 1 3 4 3 3      72000      14000 
10782	 586000	2 1 1 1 1 1 0 1 0 1 1 1 0 1 0 1 0 1 1 1 1 1 0 1 1 1 2 1 2 1 1 1 1 1 1 1 1 1 2 1 2 1 2 1 2 1 0 2 1 3 3 3 6 2 1 3 4 3 3 3      14000      72000 
10980	 570000	1 0 1 1 1 0 1 0 1 1 1 1 1 1 1 1 1 1 1 1 1 1 1 1 1 1 1 1 1 1 1 1 1 1 1 2 1 1 1 2 1 2 1 2 1 2 2 1 3 1 2 6 2 5 3 1 3 3 4 0      70000      15000 
11673	 540000	1 0 1 0 1 0 1 0 1 1 1 0 1 1 1 1 1 1 1 1 1 1 1 1 1 2 1 1 1 1 1 1 1 1 1 2 1 1 1 2 1 2 1 2 1 2 2 1 3 1 2 6 2 6 3 1 3 3 4 0      70000      15000 
13851	 530000	1 0 1 0 1 0 1 0 1 1 1 0 1 1 1 1 1 0 1 1 1 1 1 1 1 2 1 1 1 2 1 1 1 1 1 2 1 1 1 2 1 2 1 2 1 2 2 1 3 1 2 6 2 6 3 1 3 3 4 0      70000      15000 
17514	 520000	0 1 0 1 0 1 0 1 0 1 0 1 0 1 0 1 0 1 1 1 1 1 1 1 2 1 1 1 1 1 1 1 1 1 1 1 1 1 2 1 2 1 2 1 3 1 1 2 1 3 6 2 6 2 1 3 4 3 3 4      15000      70000 
17910	 204226	0 1 0 1 0 1 0 1 0 1 0 1 0 1 0 1 0 1 1 1 1 1 1 1 1 1 1 1 2 1 1 1 1 1 1 1 2 1 2 1 2 1 2 1 2 1 1 2 1 3 5 2 6 2 2 3 4 3 3 4      16889      64333 
19395	 188000	0 1 0 1 0 1 0 1 0 1 0 1 0 1 0 1 0 1 1 1 1 1 1 1 1 1 1 1 2 1 1 1 1 1 1 1 1 1 2 1 2 1 2 1 2 1 1 2 2 3 5 2 6 2 2 3 4 3 3 4      17600      63800 
19593	 171000	1 0 1 0 1 0 1 0 1 0 1 0 1 0 1 0 1 0 1 1 1 1 1 1 1 1 1 1 1 2 1 2 1 1 1 1 1 2 1 2 1 2 1 2 1 2 2 1 3 1 2 5 2 6 3 2 3 4 4 2      66000      16500 
19989	 155000	1 0 1 0 1 0 1 0 1 0 1 0 1 0 1 0 1 0 1 1 1 1 1 1 1 1 1 1 1 2 1 1 1 1 1 1 1 2 1 2 1 2 1 2 1 2 2 1 3 2 2 5 2 6 3 2 3 4 4 2      66000      16500 
25632	 151716	1 0 1 0 1 0 1 0 1 0 1 0 1 0 1 0 1 0 1 1 1 1 1 1 1 1 1 1 1 2 1 1 1 1 1 1 1 2 1 2 1 2 1 2 1 2 2 2 3 2 2 5 2 6 3 2 3 4 4 1      65858      16571 
0	2905144	1 2 0 1 1 1 0 1 2 0 0 1 0 3 0 1 2 0 0 4 0 1 0 1 0 2 2 1 0 1 0 1 3 0 1 3 1 1 0 4 1 3 2 1 0 1 2 1 1 2 5 1 4 1 7 0 1 2 6 1      32856     109572 
99	1890000	1 1 1 1 1 1 2 1 1 1 1 0 1 0 2 0 2 0 1 1 1 1 1 0 1 0 1 1 1 1 3 0 1 2 1 2 1 1 1 1 1 1 1 2 1 4 2 2 1 3 2 2 1 3 5 2 1 5 2 3      72000      45000 
198	1238156	1 1 1 0 1 1 1 1 1 1 1 1 1 0 1 0 1 0 1 2 1 1 1 0 1 0 1 1 1 1 1 1 1 4 1 1 1 1 1 2 1 1 1 1 3 1 2 1 2 4 2 4 2 3 1 5 5 2 3 1      75214      26358 
396	1099000	1 1 1 1 1 1 1 1 0 1 1 1 0 1 1 1 0 1 2 1 1 1 0 1 0 1 1 1 1 1 1 1 4 0 1 1 2 1 2 1 1 1 1 1 1 3 1 2 4 2 4 2 3 2 3 2 2 5 1 3      20250      77250 
495	1069000	1 1 1 1 1 1 1 1 1 1 1 1 1 1 0 1 1 1 1 1 1 1 1 1 0 1 1 1 1 1 1 1 4 0 1 1 1 1 1 1 1 1 1 1 1 3 1 2 4 2 4 2 3 2 4 2 1 5 1 3      20250      77250 
792	 991200	0 1 1 1 1 1 1 1 1 1 1 1 1 1 1 1 1 1 1 1 1 1 1 1 0 2 1 1 1 1 1 1 1 1 1 1 1 1 1 2 1 1 1 2 1 1 2 1 4 1 1 3 5 1 1 4 1 5 7 1      39600      55800 
891	 810000	1 1 1 1 1 1 1 1 1 1 1 1 1 1 1 1 1 1 1 1 1 1 1 1 1 1 1 1 1 1 1 1 1 2 1 1 1 1 1 1 1 1 1 1 2 1 2 1 2 4 2 3 2 3 1 5 5 1 4 1      55000      35000 
1881	 795000	1 1 1 1 1 1 1 1 1 1 1 1 2 1 1 1 1 1 1 1 1 1 1 1 1 1 1 1 1 1 1 1 2 1 1 1 1 1 1 1 1 1 1 1 1 2 1 2 3 2 3 2 3 2 4 1 1 5 2 4      42500      47500 
1980	 784000	1 1 1 0 1 0 1 0 1 1 1 1 1 2 1 1 1 1 1 1 1 1 1 1 1 1 1 1 1 1 1 1 1 3 1 1 1 1 1 1 1 1 1 1 1 1 2 1 2 3 2 4 2 4 2 4 5 1 4 2      63000      27000 
2277	 770000	1 1 1 1 1 1 1 1 1 1 1 1 1 1 1 1 1 1 1 1 1 1 1 1 1 1 1 1 1 1 1 1 2 1 1 1 1 1 1 1 1 1 1 1 1 1 1 2 3 2 4 2 4 2 3 2 1 5 2 4      40000      50000 
2475	 758000	1 1 1 1 1 1 1 1 1 1 1 1 1 1 1 1 1 1 1 1 1 1 1 1 1 1 1 1 1 1 1 1 2 1 1 1 1 1 1 1 1 1 1 1 1 1 1 2 3 2 4 2 4 2 4 2 1 5 1 4      27000      63000 
2574	 750000	0 1 1 1 1 1 1 1 1 1 1 1 1 1 1 1 1 1 1 1 1 1 1 1 1 1 1 1 1 1 1 1 2 1 1 1 1 1 1 1 1 1 1 1 1 1 1 2 4 2 4 2 4 2 3 2 1 5 2 4      30000      60000 
2772	 710000	1 0 1 1 1 1 1 1 1 1 1 1 1 1 1 1 1 1 1 1 1 1 1 1 1 1 1 1 1 1 1 1 1 2 1 1 1 1 1 1 1 1 1 1 1 1 2 1 2 4 2 4 2 4 3 3 4 1 4 2      63334      26666 
3069	 700000	1 1 1 1 1 1 1 1 1 1 0 1 1 1 1 1 1 1 1 1 1 1 1 1 1 1 1 1 1 1 1 1 2 1 1 1 1 1 1 1 1 1 1 1 1 2 1 2 4 2 4 2 4 2 4 2 1 4 1 4      25000      65000 
3861	 680000	1 1 1 0 1 1 1 1 1 1 1 0 1 1 1 1 1 1 1 1 1 1 1 1 1 1 1 1 1 1 1 1 1 2 1 1 1 1 1 2 1 1 1 1 2 1 2 1 2 4 2 4 2 4 2 4 4 1 4 1      65000      25000 
4059	 660000	0 1 0 1 1 1 1 1 1 1 0 1 1 1 1 1 1 1 1 1 1 1 1 1 1 1 1 1 1 1 1 1 2 1 1 1 1 1 2 1 2 1 1 1 1 2 1 2 4 2 4 2 4 2 4 2 1 4 1 4      25000      65000 
5049	 632860	1 0 1 0 1 0 1 1 1 1 1 0 1 1 1 1 1 1 1 1 1 1 1 1 1 1 1 1 1 1 1 1 1 2 1 1 1 1 1 2 1 2 1 2 2 1 2 1 2 4 2 4 2 4 2 4 4 1 4 1      63571      25714 
5544	 620000	1 0 1 0 1 0 1 1 1 1 1 0 1 1 1 1 1 1 1 1 1 1 1 1 1 1 1 1 1 1 1 1 1 1 1 1 1 1 1 2 1 2 1 2 2 1 2 1 2 4 2 5 2 4 2 4 4 1 4 1      65000      20000 
6138	 590000	1 0 1 0 1 0 1 1 1 1 1 0 1 1 1 0 1 1 1 1 1 1 1 1 1 1 1 1 1 1 1 1 1 1 1 1 1 1 1 2 1 2 1 2 1 2 2 1 3 4 2 5 2 4 2 4 4 1 4 1      65000      20000 
6534	 588288	1 0 1 0 1 0 1 1 1 0 1 0 1 1 1 0 1 1 1 1 1 1 1 1 1 1 1 1 1 1 1 2 1 1 1 1 1 1 1 2 1 2 1 2 1 2 2 1 2 4 2 5 2 4 3 4 4 1 4 1      65214      19144 
6633	 580000	0 1 0 1 0 1 1 1 1 1 1 1 1 1 0 1 1 1 1 1 1 1 1 1 1 1 1 1 1 1 1 1 1 1 1 1 1 1 2 1 2 1 2 1 2 1 1 2 4 2 5 2 4 2 3 3 1 4 1 4      20000      65000 
6732	 550000	0 1 0 1 1 1 0 1 0 1 1 1 1 1 0 1 1 1 1 1 1 1 1 1 1 1 1 1 1 1 1 1 1 1 1 1 1 1 2 1 2 1 2 1 2 1 1 2 5 2 5 2 4 2 3 3 1 4 1 4      20000      65000 
8118	 530000	1 0 1 0 1 0 1 0 1 0 1 0 1 0 1 0 1 1 1 1 1 1 1 1 1 1 1 1 1 1 1 1 1 1 1 1 1 2 1 2 1 2 1 2 1 2 2 1 2 5 2 5 2 5 3 4 4 1 4 1      65000      20000 
8811	 507146	0 1 0 1 0 1 0 1 0 1 0 1 0 1 0 1 1 1 1 1 1 1 1 1 1 1 1 1 1 1 1 1 1 1 1 1 2 1 2 1 2 1 2 1 2 1 1 2 6 2 5 2 5 2 3 3 1 4 1 4      17143      65714 
10197	 498574	0 1 0 1 0 1 0 1 1 1 0 1 0 1 0 1 1 1 1 1 1 1 1 1 1 1 1 1 1 1 1 1 1 1 1 1 2 1 2 1 2 1 2 1 2 1 1 2 5 2 5 2 6 2 2 3 1 4 1 4      17143      65714 
16128	 486364	1 0 1 0 1 0 1 0 1 1 1 0 1 0 1 0 1 1 1 1 1 1 1 1 1 1 1 1 1 1 1 1 1 1 1 1 1 1 1 2 1 2 1 2 1 2 2 1 2 5 2 6 2 6 3 2 4 1 4 1      65909      16364 
17910	 484000	0 1 0 1 0 1 0 1 1 1 0 1 0 1 0 1 1 1 1 1 1 1 1 1 1 1 1 1 1 1 1 1 1 1 1 1 1 1 2 1 2 1 2 1 2 1 1 2 6 2 6 2 6 2 1 3 1 4 1 4      16000      67000 
20682	 480000	1 0 1 0 1 0 1 0 1 1 1 0 1 0 1 0 1 1 1 1 1 1 1 1 1 1 1 2 1 1 1 1 1 1 1 1 1 1 1 2 1 2 1 2 1 2 2 1 2 6 2 6 2 6 3 1 4 1 4 0      70000      15000 
25632	 470000	1 0 1 0 1 0 1 0 1 1 1 0 1 0 1 0 1 1 1 1 1 1 1 1 1 1 1 2 1 2 1 1 1 1 1 1 1 1 1 2 1 2 1 2 1 2 2 1 2 6 2 6 2 6 3 1 4 0 4 0      70000      15000 
29790	 460000	1 0 1 0 1 0 1 0 1 1 1 0 1 0 1 0 1 0 1 1 1 1 1 1 1 1 1 2 1 2 1 1 1 1 1 1 1 2 1 2 1 2 1 2 1 2 2 1 2 6 2 6 2 6 3 1 4 0 4 0      70000      15000 
29988	 169336	1 0 1 0 1 0 1 0 1 0 1 0 1 0 1 0 1 0 1 1 1 1 1 1 1 1 1 2 1 2 1 1 1 1 1 1 1 2 1 2 1 2 1 2 1 2 2 1 2 7 2 6 2 6 3 1 4 0 4 0      66000      16333 
0	1834000	1 0 0 4 2 0 0 1 0 1 1 1 1 2 2 0 0 2 2 0 0 2 0 2 1 1 2 0 1 2 0 2 1 1 1 1 0 4 2 0 0 3 1 1 1 2 2 1 1 3 4 0 5 2 1 3 4 1 6 0      54000      63000 
99	1434000	1 0 1 0 1 1 1 0 1 0 1 2 1 0 1 0 1 1 1 2 1 0 1 1 1 1 1 0 1 1 1 0 1 1 1 1 1 0 2 1 1 3 1 1 1 1 5 1 3 4 3 1 1 5 2 5 3 1 1 8      81000      25200 
297	1433648	1 1 0 1 1 1 1 1 0 1 1 1 1 1 1 1 1 1 1 1 0 1 1 1 1 1 1 1 1 1 1 1 1 1 1 1 1 1 1 2 1 1 1 1 1 1 1 5 4 3 1 3 4 1 4 2 1 3 7 1      33546      72818 
495	1141000	1 1 1 1 1 1 1 1 1 1 1 1 1 1 1 1 1 1 1 1 1 1 1 1 1 1 1 1 1 1 1 1 2 4 1 1 1 1 1 1 1 1 2 1 1 1 1 2 1 4 3 1 4 2 1 4 3 2 4 1      58500      38250 
693	1104800	2 0 1 1 2 1 1 1 1 1 1 1 1 1 1 1 1 1 1 1 1 1 1 1 1 1 1 1 1 1 2 0 1 4 1 1 1 1 1 1 1 1 1 1 1 2 1 2 1 4 3 2 3 2 1 4 3 2 4 1      54800      43800 
792	1058000	1 1 1 1 2 0 1 1 1 1 1 1 1 1 1 1 1 1 1 1 1 1 1 1 1 1 1 1 1 1 2 1 1 4 1 1 1 1 1 2 1 1 1 1 1 1 1 2 1 4 3 1 3 2 1 4 4 2 4 1      55800      39600 
891	 997000	0 1 1 1 1 2 1 1 1 1 1 1 1 1 1 1 1 1 1 1 1 1 1 1 1 1 1 1 1 1 0 2 4 1 1 1 1 1 1 1 1 1 1 1 2 1 2 1 4 1 2 3 2 3 4 1 2 4 1 4      40500      54000 
1188	 969000	0 1 1 1 1 2 1 1 1 1 1 1 1 1 1 1 1 1 1 1 1 1 1 1 1 1 1 1 1 1 0 2 3 1 1 1 1 1 1 1 1 1 1 1 2 1 2 1 4 1 2 3 2 3 5 1 2 4 1 4      40500      54000 
1485	 958000	1 0 1 1 1 1 1 1 1 1 1 1 1 1 1 1 1 1 1 1 1 1 1 1 1 1 1 1 1 1 2 0 1 3 1 1 1 1 1 1 1 1 2 1 1 2 1 2 1 4 3 2 3 2 1 5 4 2 4 1      54000      40500 
1683	 954868	1 1 1 1 1 1 1 1 1 1 1 1 1 1 1 1 1 1 1 1 1 1 1 1 1 1 1 1 1 1 2 0 1 4 1 2 1 1 1 1 1 1 1 1 1 1 1 2 1 4 3 2 3 2 2 3 4 2 4 1      52714      41144 
1881	 912800	1 1 1 1 1 1 1 1 1 1 1 1 1 1 1 1 1 1 1 1 1 1 1 1 1 1 1 1 1 1 1 2 3 0 1 1 1 1 1 1 1 1 1 2 1 1 2 2 4 1 2 3 2 3 5 1 1 4 1 4      38400      53400 
2079	 818000	1 0 1 1 1 1 1 1 1 1 1 1 1 1 1 1 0 2 1 1 1 1 1 1 1 1 1 1 1 1 2 0 1 3 1 1 1 1 1 1 1 1 2 0 1 2 2 2 1 5 3 2 3 1 1 5 4 2 4 1      58500      31500 
2178	 804000	1 0 1 1 1 1 1 1 1 1 1 1 1 1 1 1 1 2 1 1 1 1 1 1 1 1 1 1 1 1 2 0 0 3 1 1 1 1 1 1 1 1 2 0 1 2 2 2 1 5 3 2 3 1 1 5 4 2 4 1      58500      31500 
2475	 783334	1 1 1 1 1 1 1 1 1 1 1 1 1 1 1 1 1 1 1 1 1 1 1 1 1 1 1 1 1 1 2 0 1 2 1 1 1 1 1 1 1 1 1 1 1 2 1 2 1 4 3 2 3 2 1 5 4 2 5 1      47222      43889 
2772	 780000	1 1 1 1 1 1 1 1 1 1 1 1 1 1 1 1 1 1 1 1 1 1 1 1 1 1 1 1 1 1 2 0 1 2 1 1 1 1 1 1 1 1 2 1 1 2 1 2 1 4 3 2 3 2 0 5 4 2 5 1      45000      45000 
3168	 740000	1 0 1 0 1 1 1 1 1 1 1 1 1 1 1 1 1 2 1 1 1 1 1 1 1 1 1 1 1 1 2 0 0 3 1 1 1 1 1 1 1 1 2 0 1 2 2 2 1 5 3 2 3 2 1 5 4 2 4 1      55000      35000 
3465	 710000	0 1 0 1 1 1 1 1 1 1 1 1 1 1 1 1 2 1 1 1 1 1 1 1 1 1 1 1 1 1 1 1 2 1 1 1 1 1 1 1 1 1 0 2 1 1 2 2 5 1 2 3 2 3 5 1 2 4 2 4      35000      55000 
4554	 700000	0 1 1 1 1 1 1 1 1 1 1 1 1 1 1 1 1 1 1 1 1 1 1 1 1 1 1 1 1 1 1 1 2 1 1 1 1 1 1 1 1 1 0 2 1 1 2 2 5 1 2 3 2 3 5 1 2 4 2 4      35000      55000 
4950	 690000	1 0 1 0 1 1 1 1 1 1 1 1 1 1 1 1 1 2 1 1 1 1 1 1 1 1 1 1 1 1 1 1 1 1 1 1 1 1 1 1 1 1 2 0 1 2 2 2 1 5 3 2 3 2 1 5 4 2 4 2      55000      35000 
5049	 688000	1 0 1 0 1 1 1 0 1 1 1 1 1 1 1 1 1 2 1 1 1 1 1 1 1 1 1 1 1 1 1 1 1 1 1 1 1 1 2 1 1 2 1 1 1 2 2 1 1 6 3 2 3 2 1 6 4 1 4 1      63000      27000 
5643	 683334	1 1 0 1 1 1 1 1 1 1 1 1 1 1 1 1 2 1 1 1 1 1 1 1 1 1 1 1 1 1 1 1 1 1 1 1 1 1 1 1 2 1 1 1 2 1 1 2 4 2 2 3 2 3 6 1 1 4 1 4      26667      63333 
6039	 676000	1 0 1 1 1 1 1 0 1 1 1 1 1 1 1 1 1 0 1 1 1 1 1 1 1 1 1 1 1 1 1 1 1 1 1 1 1 1 2 1 1 2 1 2 1 2 2 1 1 6 3 2 3 2 1 6 4 1 4 1      63000      24000 
6237	 662000	1 0 1 1 1 1 1 0 1 1 1 1 1 1 1 1 1 1 1 1 1 1 1 1 1 1 1 1 1 1 1 1 1 1 1 1 1 1 1 2 1 2 2 0 1 2 2 1 1 6 3 2 3 2 1 6 4 1 4 1      63000      24000 
7326	 650000	1 0 1 0 1 0 1 1 1 1 1 1 1 0 1 1 1 1 1 1 1 2 1 1 1 1 1 1 1 1 1 1 1 1 1 1 1 1 1 2 1 2 1 1 1 2 2 1 2 5 3 2 3 1 1 8 4 1 4 1      70000      20000 
7821	 604250	1 1 1 1 0 1 0 1 0 1 0 1 0 1 2 1 1 1 1 1 2 1 1 1 1 1 1 1 1 1 1 1 1 1 2 1 1 1 2 1 2 1 2 1 2 1 1 2 5 2 1 3 1 3 8 1 1 4 0 4      17125      70000 
8910	 598500	1 1 1 1 1 0 1 0 1 0 1 0 1 0 1 2 1 0 1 1 1 2 1 1 1 1 1 2 1 1 1 1 1 1 1 2 1 1 1 2 1 2 1 2 1 2 2 1 2 5 3 1 3 1 1 8 4 1 4 0      70000      17125 
9801	 560446	1 0 1 1 1 0 1 0 1 0 1 0 1 0 1 2 1 0 1 1 1 2 1 1 1 1 1 2 1 1 1 1 1 1 1 2 1 1 1 2 1 2 1 2 1 2 2 1 2 5 3 1 3 1 1 9 4 1 4 0      70000      15223 
10692	 543334	1 0 1 0 1 0 1 0 1 0 1 1 1 0 1 1 1 0 1 1 1 2 1 1 1 1 1 2 1 1 1 1 1 1 1 2 1 1 1 2 1 2 1 2 1 2 2 1 2 5 3 1 3 2 1 9 4 1 4 0      66666      16667 
11781	 540572	0 1 0 1 0 1 0 1 0 1 1 1 0 1 1 1 0 1 1 1 2 1 1 1 1 1 2 1 1 1 1 1 1 1 2 1 1 1 2 1 2 1 2 1 2 1 1 2 5 2 2 3 2 3 9 1 0 4 0 4      15286      69428 
11880	 525000	1 0 1 0 1 0 1 0 1 0 1 1 1 0 1 0 1 1 1 1 1 2 1 1 1 1 1 2 1 1 1 1 1 1 1 1 1 1 1 2 1 2 1 2 1 2 2 1 2 5 3 1 3 2 1 10 4 1 4 0      67500      16250 
13563	 512500	0 1 0 1 0 1 0 1 0 1 1 1 0 1 0 1 1 1 1 1 1 1 1 1 1 1 2 1 2 1 1 1 1 1 1 1 1 1 2 1 2 1 2 1 2 1 1 2 5 2 1 3 2 3 10 1 1 4 0 4      16250      67500 
14553	 500000	1 0 1 0 1 0 1 0 1 0 1 1 1 0 1 0 1 1 1 1 1 1 1 1 1 1 1 2 1 2 1 1 1 1 1 1 1 1 1 2 1 2 1 2 1 2 2 1 2 6 3 1 3 1 1 10 4 1 4 0      70000      15000 
14652	 497276	1 0 1 0 1 0 1 0 1 0 1 1 1 0 1 0 1 0 1 1 1 1 1 1 1 1 1 2 1 2 1 1 1 1 1 1 1 1 1 2 1 2 1 2 1 2 2 1 2 5 3 1 3 2 1 11 4 1 4 0      70000      14546 
14850	 490000	1 0 1 0 1 0 1 0 1 0 1 0 1 0 1 0 1 1 1 1 1 1 1 1 1 1 1 2 1 2 1 1 1 1 1 2 1 1 1 2 1 2 1 2 1 2 2 1 2 6 3 1 3 1 1 10 4 1 4 0      70000      15000 
18504	 154400	1 0 1 0 1 0 1 0 1 0 1 0 1 0 1 0 1 0 1 1 1 1 1 1 1 1 1 2 1 2 1 2 1 1 1 2 1 1 1 2 1 2 1 2 1 2 2 1 2 6 3 1 3 1 1 10 4 1 4 0      66000      16400 
21870	 138400	1 0 1 0 1 0 1 0 1 0 1 0 1 0 1 0 1 0 1 1 1 1 1 1 1 1 1 2 1 1 1 2 1 1 1 2 1 1 1 2 1 2 1 2 1 2 2 1 2 6 3 2 3 1 1 10 4 1 4 0      66000      16400 
27711	 121540	1 0 1 0 1 0 1 0 1 0 1 0 1 0 1 0 1 0 1 1 1 1 1 1 1 1 1 2 1 1 1 2 1 1 1 1 1 1 1 2 1 2 1 2 1 2 2 1 2 6 3 2 3 1 1 10 4 1 4 1      65898      16410 
0	2585000	2 0 1 1 0 1 2 0 1 1 2 0 1 1 1 1 0 1 3 0 1 1 1 2 2 0 0 3 2 1 3 1 2 1 0 2 0 2 1 1 1 1 1 2 1 2 1 1 1 2 2 3 4 0 2 2 1 7 3 2      57500      77500 
99	1794936	1 1 1 0 2 2 1 0 1 1 1 1 2 1 1 0 1 0 1 1 1 0 1 1 1 0 1 0 1 1 1 0 1 2 1 3 1 1 1 1 2 1 1 0 1 2 1 3 2 4 2 1 4 4 2 2 4 2 1 7      92076      22848 
198	1462000	1 2 1 1 2 0 1 0 1 1 1 1 2 0 1 0 1 0 1 1 1 0 1 0 1 0 1 0 1 2 1 1 1 2 1 1 1 1 1 1 2 0 1 1 1 1 1 2 2 2 2 3 4 4 2 3 4 4 1 8      81000      27000 
297	1306446	1 0 1 0 2 0 1 1 1 0 1 0 2 1 1 1 1 0 1 1 1 0 1 1 1 0 1 1 1 0 1 0 1 0 1 0 1 1 1 3 2 1 1 2 1 2 1 3 2 2 2 5 4 0 2 4 4 3 1 10      83889      19611 
396	1289000	1 0 1 0 1 0 1 1 1 0 1 0 1 1 1 1 1 0 1 1 1 0 1 1 1 0 1 1 1 0 1 0 1 0 1 0 1 1 1 3 1 1 1 2 1 2 2 3 2 2 3 5 2 0 3 4 4 3 3 10     103500          0 
495	 864000	1 1 1 1 1 1 1 1 1 1 1 0 1 1 1 0 1 0 1 1 1 1 1 1 1 1 1 1 1 1 1 1 1 1 1 1 1 1 1 1 1 1 1 1 1 1 2 1 2 3 3 5 2 3 3 4 4 3 3 3      63000      27000 
594	 794000	1 1 1 1 2 1 1 1 1 1 1 1 1 1 1 1 1 1 1 1 0 1 1 1 1 1 1 1 1 1 1 1 1 1 2 1 1 1 1 1 1 1 1 1 1 1 0 2 4 2 1 3 4 2 1 3 2 4 6 3      18000      72000 
891	 770000	1 1 1 1 2 1 1 1 1 1 1 1 1 1 1 1 1 1 1 1 1 1 1 1 1 1 1 1 1 1 1 1 1 1 1 1 1 1 1 1 1 1 1 1 1 1 0 2 4 2 1 3 4 2 1 3 2 4 6 3      20000      70000 
1089	 750000	1 1 1 1 2 1 1 1 1 1 1 1 1 1 1 1 1 1 1 1 1 1 1 1 1 1 1 1 1 1 1 1 1 1 1 1 1 1 1 1 1 1 1 1 1 1 1 2 4 2 1 3 4 2 1 3 2 4 5 3      20000      70000 
1188	 730000	0 1 1 1 2 1 1 1 1 1 1 1 1 1 1 1 1 1 1 1 2 1 1 1 1 1 1 1 1 1 1 1 1 1 1 1 1 1 1 1 1 1 1 1 1 1 1 2 5 2 1 3 4 2 1 3 2 4 4 3      20000      70000 
2178	 710000	0 1 1 1 2 1 1 1 1 1 1 1 1 1 1 1 1 1 1 1 2 1 1 1 1 1 1 1 1 1 1 1 1 1 1 1 1 1 1 1 1 1 2 1 1 1 1 2 5 2 1 3 4 2 1 3 1 4 4 3      20000      70000 
3168	 700000	0 1 1 1 1 1 1 1 0 1 1 1 2 1 1 1 1 1 1 1 1 1 1 1 1 1 1 1 1 1 1 1 1 1 1 1 1 1 1 1 1 1 2 1 1 1 2 2 4 2 2 3 4 2 2 3 1 4 4 3      25000      65000 
3366	 653000	1 0 1 1 1 0 1 0 1 0 1 1 1 1 1 1 1 0 1 1 1 1 1 2 1 1 1 1 1 1 1 1 1 1 1 1 1 1 1 2 1 2 1 2 1 2 2 1 2 4 3 2 3 4 3 2 3 3 3 3      65500      19000 
3465	 645000	1 0 1 1 1 0 1 0 1 0 1 1 1 1 1 1 1 0 1 1 1 1 1 2 1 1 1 1 1 1 1 1 1 1 1 1 1 1 1 2 1 2 1 2 1 2 2 1 2 4 3 2 2 4 3 2 4 3 3 3      64500      19500 
4059	 633000	1 0 1 0 1 0 1 0 1 0 1 1 1 1 1 1 1 0 1 1 1 1 1 2 1 1 1 1 1 1 1 1 1 2 1 1 1 1 1 2 1 2 1 2 1 2 2 1 2 4 3 2 2 4 3 2 4 3 3 3      64500      19500 
4356	 630500	1 1 1 1 0 1 0 1 1 1 1 1 1 1 1 1 0 1 1 1 1 1 2 1 1 1 1 1 1 1 1 1 1 1 1 1 1 1 2 1 2 1 2 1 2 1 1 2 2 3 1 3 4 2 2 3 3 3 4 3      16750      70000 
4653	 620000	1 1 0 1 0 1 1 1 0 1 1 1 1 1 1 1 1 1 1 1 1 1 1 1 1 1 1 1 1 1 1 1 1 1 1 1 1 1 2 1 2 1 2 1 2 1 1 2 4 2 2 3 4 2 2 3 2 4 3 3      21000      63000 
4752	 610000	1 1 1 1 1 1 1 0 1 1 1 1 1 1 1 0 1 0 1 1 1 1 1 2 1 1 1 1 1 1 1 1 1 1 1 1 1 1 1 2 1 2 1 2 1 2 2 0 3 2 3 1 2 5 3 2 3 3 3 4      70000      15000 
5643	 590000	1 1 1 1 1 0 1 0 1 1 1 1 1 1 1 0 1 0 1 1 1 1 1 2 1 1 1 1 1 1 1 1 1 1 1 1 1 1 1 2 1 2 1 2 1 2 2 1 3 2 3 1 2 5 3 2 3 3 3 4      70000      15000 
6633	 580000	1 1 1 1 1 0 1 0 1 1 1 1 1 0 1 0 1 0 1 1 1 1 1 1 1 1 1 1 1 1 1 1 1 1 1 2 1 1 1 2 1 2 1 2 1 2 2 1 3 2 3 1 2 5 3 3 3 3 3 4      70000      15000 
6732	 570000	1 1 1 1 1 0 1 0 1 1 1 0 1 0 1 0 1 0 1 1 1 1 1 2 1 1 1 1 1 1 1 1 1 1 1 1 1 1 1 2 1 2 1 2 1 2 2 1 3 2 3 1 2 5 3 3 3 3 3 5      70000      15000 
6831	 560000	1 1 1 1 1 0 1 0 1 1 1 1 1 0 1 0 1 0 1 1 1 1 1 1 1 1 1 1 1 1 1 1 1 1 1 1 1 1 1 2 1 2 1 2 1 2 2 1 3 2 3 1 2 5 3 3 3 4 3 4      70000      15000 
8118	 550000	1 1 1 1 0 1 0 1 1 1 0 1 0 1 0 1 0 1 1 1 1 1 1 1 1 1 1 1 2 1 1 1 1 1 1 1 1 1 2 1 2 1 2 1 2 1 1 2 2 3 1 3 5 2 3 3 4 3 4 3      15000      70000 
11970	 536668	0 1 1 1 0 1 0 1 1 1 0 1 0 1 0 1 0 1 1 1 1 1 1 1 1 1 1 1 2 1 1 1 1 1 1 1 1 1 2 1 2 1 2 1 2 1 1 2 2 3 2 3 5 2 3 3 4 3 4 3      16666      66668 
12861	 510000	0 1 1 1 0 1 0 1 0 1 0 1 0 1 0 1 0 1 1 1 1 1 1 1 1 1 1 1 2 1 1 1 1 1 1 1 1 1 2 1 2 1 2 1 2 1 1 2 2 3 2 3 6 2 3 3 4 3 4 3      15000      70000 
17514	 486000	1 0 1 1 1 0 1 0 1 0 1 0 1 0 1 0 1 0 1 1 1 1 1 1 1 1 1 1 1 2 1 1 1 1 1 1 1 1 1 2 1 2 1 2 1 2 2 1 3 2 3 2 2 6 3 2 3 4 3 5      67000      16000 
20484	 480000	0 1 0 1 0 1 0 1 0 1 1 1 0 1 0 1 0 1 1 1 1 1 1 1 1 1 1 1 2 1 1 1 1 1 1 1 1 1 2 1 2 1 2 1 2 1 1 2 2 3 2 3 6 2 2 3 4 3 5 3      16000      67000 
24048	 138002	1 0 1 0 1 0 1 0 1 0 1 0 1 0 1 0 1 0 1 1 1 1 1 1 1 1 1 1 1 2 1 1 1 1 1 1 1 1 1 2 1 2 1 2 1 2 2 1 3 2 3 2 2 6 3 2 3 4 3 6      66000      16333 
27018	 135200	1 0 1 0 1 0 1 0 1 0 1 0 1 0 1 0 1 0 1 1 1 1 1 1 1 1 1 1 1 2 1 1 1 1 1 1 1 1 1 2 1 2 1 2 1 2 2 2 3 2 3 2 2 6 3 2 3 4 3 5      66000      16400 
0	2578000	0 2 1 0 1 0 0 1 1 0 0 1 0 1 1 2 0 4 1 0 2 0 2 0 0 2 0 4 3 0 1 4 1 1 0 2 1 1 2 0 1 2 1 1 3 0 1 3 1 4 3 1 0 5 4 0 4 1 7 0      72000      63000 
99	1657000	2 0 1 1 1 1 1 0 3 1 1 0 1 0 1 1 1 0 1 1 1 2 1 2 2 0 1 0 1 3 1 1 1 1 1 0 1 1 1 2 1 1 1 1 1 3 2 1 3 1 3 3 3 0 1 4 2 4 1 7      81000      31500 
198	1275000	1 1 1 1 1 1 1 1 1 0 1 1 1 0 1 1 1 1 1 1 1 1 1 1 1 1 2 1 1 1 1 1 1 1 3 1 1 1 1 1 1 1 1 1 1 1 1 3 3 1 3 1 2 2 3 1 3 1 1 12      87454      16046 
594	1041460	1 1 1 1 1 1 1 1 1 2 1 1 1 1 1 1 1 1 1 1 1 1 1 1 1 2 1 1 1 1 1 1 1 1 1 1 1 2 1 1 1 1 2 1 1 1 2 2 2 3 1 3 1 3 4 1 4 2 4 2      37638      56454 
891	 946012	1 1 1 1 1 1 1 1 1 1 1 1 1 1 1 1 1 1 1 1 1 1 1 1 1 2 1 1 1 1 1 1 1 2 1 1 1 2 1 1 1 1 2 0 1 1 2 2 2 3 2 3 1 4 3 1 4 2 4 2      56454      37638 
990	 914800	1 1 1 1 1 1 1 1 4 0 1 1 1 1 1 1 1 1 1 1 1 1 1 1 2 1 1 1 1 2 1 1 1 1 1 1 1 1 1 1 1 1 1 1 1 1 1 2 3 2 3 2 4 1 1 4 2 4 1 4      38400      53400 
1089	 908000	1 1 0 1 1 1 1 1 1 1 0 1 1 1 0 1 0 1 0 1 0 1 0 1 0 1 0 2 1 1 1 1 1 1 1 2 1 1 1 1 1 2 1 1 1 1 4 1 2 3 2 3 3 2 1 3 4 3 12 1      21000      72000 
1386	 790000	1 1 1 1 1 1 1 1 1 1 1 1 1 1 1 1 1 1 1 1 1 1 1 1 1 1 1 1 1 1 1 1 2 1 1 1 2 1 1 1 1 1 2 1 1 1 1 2 3 2 3 2 4 1 1 4 2 4 2 4      40000      50000 
1683	 776668	1 1 1 1 1 1 1 1 1 1 1 1 1 1 1 1 1 1 1 1 1 1 1 1 1 1 1 1 1 1 1 1 0 2 1 1 1 2 2 1 1 1 1 2 1 1 2 1 2 3 2 3 1 4 4 1 4 2 4 2      46666      43334 
2178	 770000	1 1 1 1 1 1 1 1 1 1 1 1 1 1 1 1 1 1 1 1 1 1 1 1 1 1 1 1 1 1 1 1 3 0 1 1 1 1 1 1 1 2 2 1 1 1 1 2 3 2 3 2 4 1 1 4 2 4 2 4      40000      50000 
2574	 760000	1 1 1 1 1 1 1 1 1 1 1 1 1 1 1 1 1 1 1 1 1 1 1 1 1 1 1 1 1 1 1 1 2 0 1 1 1 1 1 1 1 2 2 1 1 1 1 2 3 2 3 2 4 1 1 4 3 4 2 4      45000      45000 
2970	 750000	1 1 1 1 1 1 1 1 1 1 1 1 1 1 1 1 1 1 1 1 1 1 1 1 1 1 1 1 1 1 1 1 0 2 1 1 1 1 2 1 1 1 1 2 1 1 2 2 2 3 2 3 1 4 4 1 4 2 4 2      45000      45000 
3069	 732000	1 1 1 1 1 1 1 1 1 1 1 1 1 1 1 1 1 1 1 1 1 1 1 1 1 1 1 1 1 1 1 1 2 0 1 1 1 1 1 1 0 2 2 1 1 1 2 2 3 2 3 2 5 1 1 4 2 4 2 4      40500      49500 
4455	 710002	0 1 1 1 1 1 1 1 1 1 1 1 0 1 0 1 0 1 1 1 1 1 1 1 1 1 1 1 1 1 1 1 3 1 1 1 1 1 1 1 2 1 2 1 1 1 1 2 5 2 3 3 5 2 0 3 3 3 2 4      16667      73333 
4653	 710000	1 0 1 1 1 1 1 1 1 1 1 0 1 0 1 0 1 0 1 1 1 1 1 1 1 1 1 1 1 1 1 1 1 3 1 1 1 1 1 1 1 2 1 2 1 1 2 1 2 6 3 3 2 5 3 0 3 3 4 2      73334      16666 
5049	 690000	0 1 1 1 1 1 1 1 1 1 1 1 1 1 1 1 1 1 1 1 1 1 1 1 1 1 1 1 1 1 1 1 1 1 1 1 1 1 1 1 2 1 2 1 1 1 1 2 5 2 3 3 5 2 1 3 3 3 0 4      20000      70000 
5742	 683334	1 1 0 1 1 1 1 1 1 1 0 1 0 1 1 1 1 1 1 1 1 1 1 1 0 1 1 1 1 1 1 1 3 1 1 1 1 1 1 1 1 1 3 1 2 1 1 2 5 2 5 2 1 3 1 3 4 3 1 4      16667      73333 
5841	 663334	1 0 1 0 1 1 1 1 1 1 1 0 1 0 1 1 1 1 1 1 1 1 1 1 1 0 1 1 1 1 1 1 1 2 1 1 1 1 1 1 1 2 1 3 1 2 2 1 2 5 2 5 3 2 3 1 3 4 4 1      73333      16667 
6138	 650000	0 1 0 1 0 1 1 1 1 1 0 1 0 1 1 1 1 1 1 1 1 1 1 1 1 1 1 1 1 1 1 1 1 1 1 1 1 1 1 1 2 1 3 1 2 1 1 2 5 2 5 2 2 3 1 3 5 3 1 4      20000      70000 
6435	 636500	1 1 1 0 1 1 1 1 1 1 1 0 1 0 1 1 1 1 1 1 1 1 1 1 1 0 1 1 1 1 1 1 1 2 1 1 1 1 1 2 1 2 1 2 1 2 2 1 2 5 2 4 3 2 3 1 3 4 4 1      72000      15750 
6732	 632000	1 1 1 0 1 1 1 1 1 1 1 0 1 0 1 1 1 1 1 1 1 1 1 1 1 0 1 1 1 1 1 1 1 2 1 1 1 2 1 2 1 2 1 2 1 2 2 1 2 5 2 4 3 1 3 1 3 4 4 1      72000      15750 
7128	 630500	1 1 0 1 1 1 1 1 1 1 0 1 0 1 1 1 0 1 2 1 1 1 1 1 1 1 1 1 1 1 1 1 2 1 1 1 2 1 2 1 2 1 2 1 2 1 1 2 4 2 4 2 1 3 1 3 4 3 1 4      16750      70000 
8316	 624000	1 1 1 0 1 1 1 1 1 0 1 0 1 0 1 1 1 0 1 2 1 1 1 1 1 1 1 2 1 1 1 1 1 2 1 1 1 2 1 2 1 2 1 2 1 2 2 1 2 4 2 4 3 1 3 1 3 4 4 1      70000      16750 
8415	 615000	1 1 0 1 1 1 1 1 0 1 0 1 0 1 1 1 0 1 2 1 1 1 1 1 1 1 1 1 1 1 1 1 2 1 1 1 2 1 2 1 2 1 2 1 2 1 1 2 4 2 4 2 2 3 1 3 4 3 1 4      19000      65500 
8712	 613000	1 1 1 0 1 1 1 0 1 0 1 0 1 0 1 1 1 0 1 2 1 1 1 1 1 1 1 2 1 1 1 1 1 2 1 1 1 2 1 2 1 2 1 2 1 2 2 1 2 4 2 4 3 2 3 1 3 4 4 1      65500      19000 
9702	 584000	1 1 1 0 1 0 1 0 1 0 1 0 1 0 1 1 1 0 1 2 1 1 1 1 1 1 1 2 1 1 1 1 1 2 1 1 1 2 1 2 1 2 1 2 1 2 2 1 2 5 2 4 3 2 3 1 3 4 4 1      70000      16750 
9999	 565716	1 1 1 0 1 0 1 0 1 0 1 0 1 0 1 1 1 0 1 2 1 1 1 1 1 1 1 1 1 1 1 1 1 2 1 1 1 2 1 2 1 2 1 2 1 2 2 1 2 5 2 4 3 2 3 2 3 4 4 1      65216      19142 
10791	 550000	1 1 1 0 1 0 1 0 1 0 1 0 1 0 1 2 1 0 1 2 1 1 1 1 1 1 1 1 1 1 1 1 1 1 1 1 1 2 1 2 1 2 1 2 1 2 2 1 2 5 2 5 3 2 3 2 3 4 4 0      70000      15000 
15039	 530000	1 1 0 1 0 1 0 1 0 1 0 1 0 1 2 1 0 1 1 1 1 1 1 1 1 1 1 1 1 1 1 1 1 1 1 1 2 1 2 1 2 1 2 1 2 1 1 2 5 2 5 2 2 3 2 3 5 3 0 4      15000      70000 
18702	 510000	1 0 1 0 1 0 1 1 1 0 1 1 1 0 1 0 1 0 1 1 1 1 1 1 1 1 1 1 1 1 1 1 1 2 1 1 1 1 1 2 1 2 1 2 1 2 2 1 2 6 2 6 3 1 3 1 4 2 3 4      70000      15000 
19791	 500000	0 1 0 1 0 1 0 1 0 1 1 1 0 1 0 1 0 1 1 1 1 1 1 1 1 1 1 1 1 1 1 1 2 1 2 1 1 1 2 1 2 1 2 1 2 1 1 2 6 2 6 2 1 3 1 3 2 4 4 3      15000      70000 
20187	 490000	1 0 1 0 1 0 1 0 1 0 1 1 1 0 1 0 1 0 1 1 1 1 1 1 1 1 1 1 1 1 1 1 1 2 1 2 1 1 1 2 1 2 1 2 1 2 2 1 2 6 2 6 3 1 3 2 4 1 3 4      70000      15000 
24444	 188004	1 0 1 0 1 0 1 0 1 0 1 0 1 0 1 0 1 0 1 1 1 1 1 1 1 1 1 1 1 1 1 1 1 1 1 1 1 2 1 2 1 2 1 2 1 2 2 1 2 6 2 6 3 1 3 1 3 5 4 3      64333      16889 
25533	 171782	1 0 1 0 1 0 1 0 1 0 1 0 1 0 1 0 1 0 1 1 1 1 1 1 1 1 1 1 1 1 1 1 1 1 1 1 1 1 1 2 1 2 1 2 1 2 2 1 2 6 2 6 3 2 3 1 3 5 4 3      64333      16889 
0	3310000	0 2 0 1 1 1 1 0 1 0 1 0 1 0 0 1 1 0 1 1 2 0 1 0 1 1 0 3 2 0 2 0 0 2 2 0 0 2 1 0 1 3 1 3 2 1 0 3 3 1 3 2 2 3 4 2 1 7 7 3      90000      63000 
99	1752000	1 0 1 1 2 0 1 0 1 1 1 1 1 0 0 3 1 0 1 0 1 0 1 2 1 1 2 1 2 0 1 2 1 2 1 1 1 0 1 1 2 2 1 1 3 0 1 3 5 2 1 4 1 4 3 1 1 6 2 3      81000      31500 
198	1370000	1 1 1 1 1 1 1 0 1 1 1 2 1 1 1 1 1 2 1 1 1 1 1 1 1 1 1 1 1 2 2 1 1 1 2 1 1 1 1 1 1 1 1 1 1 1 2 1 3 3 0 5 3 3 3 1 4 1 2 3      63000      42000 
297	1218016	1 1 1 1 1 1 1 1 1 1 1 1 2 1 1 1 1 1 1 1 1 1 1 1 1 1 1 1 1 1 1 1 1 1 1 1 1 1 1 1 1 1 1 2 2 1 3 1 1 3 3 2 1 4 2 4 3 2 4 2      48856      52716 
594	1170000	1 0 1 0 1 0 1 0 1 1 1 0 1 2 1 2 1 0 1 2 1 1 1 1 1 0 1 0 1 0 1 2 1 2 1 0 1 0 1 2 1 1 2 1 1 1 1 3 3 1 2 7 4 2 3 3 3 3 2 5      81000      18000 
693	1152000	0 1 0 1 0 1 0 1 1 1 0 1 1 1 2 1 0 1 2 1 1 1 1 1 0 1 0 1 1 1 2 1 2 1 0 1 0 1 2 1 1 1 1 2 1 1 3 1 1 3 7 2 2 4 3 3 3 3 5 2      18000      81000 
792	 874000	1 1 1 1 1 1 1 1 1 1 1 1 1 2 1 1 1 1 1 1 1 1 1 1 1 1 1 1 1 1 1 1 1 1 1 1 1 1 1 1 1 1 2 1 1 2 1 3 3 1 2 3 4 1 3 2 3 3 2 4      57600      34200 
891	 869600	0 1 1 1 1 1 1 1 1 1 1 1 2 1 1 1 1 1 1 1 1 1 1 1 2 1 1 1 1 1 1 1 1 1 1 1 1 1 1 1 1 1 1 2 2 1 3 1 1 3 3 2 0 4 2 3 4 3 4 2      34200      57600 
990	 844000	1 1 1 1 1 1 1 1 1 1 1 1 0 1 1 1 1 1 1 1 1 1 1 1 1 1 1 1 2 1 1 1 1 1 1 1 2 1 1 1 1 1 1 2 1 1 2 2 1 3 3 2 2 3 1 3 4 3 5 2      27000      63000 
1188	 828000	1 1 1 1 1 1 1 1 1 1 1 1 1 1 1 0 1 1 1 1 1 1 1 1 1 1 1 1 1 1 1 1 1 1 1 1 1 1 1 1 1 1 2 1 1 3 1 3 3 1 2 3 4 1 3 2 3 3 2 5      63000      27000 
1683	 787000	0 1 1 1 2 1 1 1 1 1 1 1 1 1 1 1 1 1 1 1 1 1 1 1 1 1 1 1 1 1 1 1 1 1 1 1 1 1 1 1 1 2 1 1 3 0 3 1 1 3 3 2 1 4 2 3 3 3 4 3      31500      58500 
1782	 778000	0 1 1 1 1 1 1 1 2 1 1 1 1 1 1 1 1 1 1 1 1 1 1 1 1 1 1 1 1 1 1 1 1 1 1 1 1 1 1 1 0 2 1 2 3 0 3 1 1 3 3 2 1 4 2 3 3 3 5 2      31500      58500 
2277	 730000	1 0 1 1 1 1 1 1 1 1 1 0 1 1 1 0 1 1 1 1 1 1 1 1 1 1 1 1 1 1 1 1 1 1 1 1 1 1 1 1 1 1 2 1 1 2 1 3 3 2 2 4 4 1 3 2 3 3 2 6      63000      27000 
2376	 720000	1 0 1 1 1 1 1 1 1 0 1 0 1 1 1 0 1 1 1 1 1 1 1 1 1 1 1 1 1 1 1 1 1 1 1 1 1 1 1 2 1 1 2 1 1 2 1 3 3 2 2 4 4 1 3 2 3 3 2 6      65000      25000 
2673	 700000	0 1 0 1 1 1 1 1 0 1 0 1 1 1 0 1 1 1 1 1 1 1 1 1 1 1 1 1 1 1 1 1 1 1 1 1 1 1 2 1 1 1 1 2 2 1 4 1 2 3 4 2 1 4 2 3 3 3 6 2      25000      65000 
2871	 690000	1 0 1 0 1 1 1 1 1 0 1 0 1 1 1 0 1 1 1 1 1 1 1 1 1 1 1 1 1 1 1 1 1 1 1 1 1 1 1 2 1 1 2 1 1 2 1 4 3 2 2 4 3 1 3 2 3 3 3 6      70000      20000 
2970	 685500	1 0 1 0 1 1 1 1 1 0 1 0 1 1 1 0 1 1 1 1 1 1 1 1 1 1 1 1 1 1 1 1 1 1 1 1 1 1 1 2 2 1 2 1 1 2 1 4 3 2 2 4 3 1 3 2 3 3 2 6      63000      21750 
3168	 664000	1 0 1 0 1 1 1 1 1 0 1 0 1 0 1 0 1 1 1 1 1 1 1 1 1 1 1 1 1 1 1 1 1 1 1 1 1 1 1 2 2 1 2 1 1 2 1 4 3 2 2 5 3 1 3 2 3 3 2 6      63000      21000 
3564	 645000	0 1 0 1 1 1 1 1 0 1 0 1 1 1 0 1 0 1 1 1 1 1 1 1 1 1 1 1 1 1 1 1 1 1 1 1 1 1 2 1 2 1 1 2 2 1 4 1 2 3 4 2 1 3 2 3 3 3 6 3      19500      64500 
3861	 606000	1 0 1 0 1 1 1 1 1 0 1 0 1 0 1 0 1 1 1 1 1 1 1 1 1 1 1 1 1 1 1 1 1 1 1 1 1 1 1 2 1 2 2 0 1 2 1 4 3 2 2 5 3 1 3 2 3 3 3 6      63334      20666 
5049	 590000	1 1 1 0 1 1 1 0 1 0 1 0 1 0 1 0 1 1 1 1 1 1 1 1 1 1 1 1 1 1 1 1 1 1 1 1 1 1 1 2 1 2 2 0 1 2 1 5 3 1 2 5 3 1 3 2 3 3 3 6      70000      16000 
5445	 570000	1 0 1 1 1 0 1 0 1 0 1 0 1 0 1 0 1 0 2 0 1 1 1 1 1 2 1 1 1 1 1 1 1 1 1 1 1 1 1 2 1 2 1 2 1 2 1 5 3 2 2 6 3 1 3 2 3 3 3 4      70000      15000 
5544	 562000	1 0 1 1 1 0 1 0 1 0 1 0 1 0 1 0 1 0 1 0 1 1 1 1 1 2 1 1 1 1 1 1 1 1 1 1 1 1 1 2 1 2 1 2 1 2 1 5 3 2 2 6 3 1 3 2 4 3 3 4      72000      14333 
5940	 554000	1 0 1 1 1 0 1 0 1 0 1 0 1 0 1 0 1 0 1 0 1 1 1 1 1 1 1 1 1 1 1 1 1 1 1 1 1 2 1 2 1 2 1 2 1 2 1 5 3 2 2 6 3 1 3 2 4 3 3 4      72000      14000 
6039	 546000	1 0 1 1 1 0 1 0 1 0 1 0 1 0 1 0 1 0 1 0 1 1 1 1 1 1 1 2 1 1 1 1 1 1 1 1 1 2 1 2 1 2 1 2 1 2 1 5 3 2 2 6 3 1 3 2 4 2 3 4      72000      14000 
6336	 530000	1 0 1 0 1 0 1 0 1 0 1 0 1 0 1 0 1 0 1 1 1 1 1 1 1 2 1 1 1 1 1 1 1 1 1 1 1 1 1 2 1 2 1 2 1 2 1 5 3 3 2 6 3 1 3 1 4 3 3 4      70000      15000 
6435	 215336	1 0 1 0 1 0 1 0 1 0 1 0 1 0 1 0 1 0 1 1 1 1 1 1 1 1 1 1 1 1 1 1 1 1 1 2 1 1 1 2 1 2 1 2 1 2 1 5 3 3 2 6 3 1 3 1 4 3 3 4      64333      16889 
7722	 204226	1 0 1 0 1 0 1 0 1 0 1 0 1 0 1 0 1 0 1 1 1 1 1 1 1 1 1 2 1 1 1 1 1 2 1 1 1 1 1 2 1 2 1 2 1 2 1 5 3 2 2 6 3 1 3 1 4 3 3 4      64333      16889 
9504	 188000	1 0 1 0 1 0 1 0 1 0 1 0 1 0 1 0 1 0 1 1 1 1 1 1 1 1 1 2 1 1 1 1 1 1 1 1 1 1 1 2 1 2 1 2 1 2 1 5 3 2 2 6 3 1 3 2 4 3 3 4      64118      17176 
11187	 169600	1 0 1 0 1 0 1 0 1 0 1 0 1 0 1 0 1 0 1 1 1 1 1 1 1 1 1 2 1 1 1 1 1 2 1 2 1 1 1 2 1 2 1 2 1 2 1 5 3 1 2 6 3 1 3 1 4 2 3 5      66000      16400 
11880	 153600	0 1 0 1 0 1 0 1 0 1 0 1 0 1 0 1 0 1 1 1 1 1 1 1 1 1 2 1 1 1 1 1 2 1 1 1 1 1 2 1 2 1 2 1 2 1 5 1 1 3 6 2 1 3 2 3 2 4 5 3      16400      66000 
14157	 137600	1 0 1 0 1 0 1 0 1 0 1 0 1 0 1 0 1 0 1 1 1 1 1 1 1 1 1 2 1 1 1 1 1 1 1 1 1 1 1 2 1 2 1 2 1 2 1 5 3 2 2 6 3 2 3 1 4 2 3 5      66000      16400 
21762	 122354	1 0 1 0 1 0 1 0 1 0 1 0 1 0 1 0 1 0 1 1 1 1 1 1 1 1 1 2 1 1 1 1 1 2 1 1 1 1 1 2 1 2 1 2 1 2 1 5 3 2 2 6 3 2 3 1 4 1 3 5      65885      16469 
0	2596000	1 0 2 0 0 1 1 0 1 0 1 0 1 1 0 2 0 2 1 1 0 3 1 0 1 1 0 2 1 1 1 1 1 4 1 1 1 1 1 2 0 2 0 4 0 2 2 1 3 3 3 1 2 1 4 0 4 4 8 1      72000      63000 
99	1510000	1 0 1 0 1 0 1 2 1 0 1 0 1 2 1 1 1 0 1 2 1 0 1 2 1 3 1 1 1 0 1 2 3 1 1 1 1 1 1 1 1 1 1 1 1 5 1 2 3 2 2 2 2 2 4 1 4 0 1 7      81000      27000 
297	1273000	1 1 1 1 2 1 1 1 1 1 0 1 1 1 1 1 1 1 2 1 0 1 0 1 1 1 1 1 1 1 1 1 2 1 0 1 0 3 2 1 1 1 1 1 2 2 0 2 3 2 5 2 2 2 1 3 5 2 3 3      22500      81000 
396	1246668	1 1 1 1 1 1 1 1 1 1 1 1 1 1 1 1 1 1 1 1 1 1 1 1 1 1 1 1 1 1 1 1 3 1 1 1 1 1 1 3 1 1 1 2 1 1 1 2 3 2 2 2 2 3 4 1 4 1 1 5      58833      44667 
693	1208400	1 1 1 0 1 1 1 1 1 1 1 0 2 1 1 0 1 1 1 1 1 1 1 1 1 1 1 1 1 1 1 1 1 2 1 2 1 1 1 1 1 1 1 2 2 1 2 1 2 3 3 2 2 3 3 5 2 4 3 1      75600      25200 
792	1117088	1 1 1 0 1 1 1 1 1 1 1 0 2 1 1 0 1 1 1 1 1 1 1 1 1 0 1 1 1 1 1 1 1 2 1 2 1 1 1 1 1 1 1 2 2 1 2 1 2 3 3 2 2 3 3 5 2 5 3 1      77538      19386 
1089	1078632	0 1 0 1 1 1 2 1 1 1 0 1 1 1 0 1 1 1 1 1 1 1 1 1 1 1 1 1 1 1 1 1 2 1 2 1 1 1 1 1 1 1 2 1 1 2 1 2 3 2 2 3 3 3 4 3 5 2 1 3      19386      77538 
1386	1072480	1 0 1 0 1 1 2 2 1 1 1 0 1 1 1 0 1 1 1 1 1 1 1 1 1 1 1 1 1 1 1 1 1 2 1 2 1 1 1 2 1 1 1 2 2 1 2 1 2 3 3 2 3 2 2 4 2 5 3 1      77538      19386 
1485	 891600	1 1 1 1 1 1 1 1 1 1 1 1 1 1 1 1 1 1 2 1 1 1 1 1 1 1 1 1 1 1 1 1 1 1 1 1 1 1 1 1 1 1 1 1 1 2 1 2 3 2 4 3 2 3 1 3 4 2 3 3      34200      57600 
1683	 882400	1 1 1 1 1 1 1 1 1 1 1 1 1 1 1 1 1 1 1 1 1 1 1 1 1 1 1 1 1 1 1 1 1 1 1 1 1 2 1 1 1 1 1 1 2 1 2 1 2 3 3 3 3 2 3 1 2 4 3 4      57600      34200 
1881	 839200	1 1 0 1 1 1 1 1 1 1 0 1 1 1 0 1 0 1 1 1 1 1 1 1 1 1 1 1 1 1 1 1 2 1 2 1 1 1 2 1 1 1 2 1 0 2 1 2 3 2 2 3 2 3 4 3 6 2 2 3      23400      68400 
2079	 830000	1 1 1 1 1 1 1 1 1 1 1 1 1 1 1 1 1 1 1 1 1 1 1 1 1 1 1 1 1 1 1 1 1 1 1 1 1 2 1 1 1 1 1 1 2 1 2 1 2 3 3 3 3 1 3 1 2 5 3 4      60000      30000 
2178	 796000	1 1 0 1 1 1 1 1 1 1 0 1 1 1 0 1 0 1 1 1 1 1 2 1 1 1 1 1 1 1 1 1 3 0 1 1 1 1 2 1 1 1 2 1 0 2 2 2 3 2 2 3 2 3 4 3 5 2 1 4      27000      63000 
2277	 756668	1 1 0 1 1 1 1 1 1 1 1 1 1 1 1 1 1 1 1 1 1 1 1 1 1 1 1 1 1 1 1 1 2 1 1 1 1 1 1 1 1 1 1 1 1 1 1 2 3 2 2 3 3 3 3 3 5 2 2 4      33333      56667 
2475	 750000	1 1 1 1 1 1 1 0 1 1 1 1 1 0 1 1 1 1 1 1 1 1 1 1 1 1 1 1 1 1 1 1 1 2 1 1 1 1 1 1 1 1 1 1 1 1 2 1 2 4 3 1 3 3 3 3 2 6 4 2      65000      25000 
2574	 740000	1 1 1 1 1 1 0 1 1 1 1 1 1 1 1 1 1 1 1 1 1 1 1 1 1 1 1 1 1 1 1 1 1 1 1 1 1 1 1 1 1 1 1 1 1 1 1 2 4 2 1 3 3 3 3 3 6 2 2 4      25000      65000 
2871	 730000	1 1 1 1 1 1 1 1 1 1 1 1 1 1 1 1 1 1 1 1 1 1 1 1 1 1 1 1 1 1 1 1 1 1 1 1 1 1 1 1 1 1 1 1 1 1 1 2 4 2 1 3 2 3 3 3 6 2 2 4      25000      65000 
3168	 720000	1 1 1 1 1 1 1 1 1 0 1 1 1 1 1 1 1 2 1 1 1 1 1 1 1 1 1 1 1 1 1 1 1 2 1 1 1 1 1 1 1 1 1 2 1 1 2 1 2 4 3 1 3 2 3 2 2 6 4 1      65000      25000 
3564	 710000	1 1 1 1 1 1 1 1 1 1 1 1 1 1 1 1 1 1 1 1 1 1 1 1 1 1 1 1 1 1 1 1 1 1 1 1 1 1 2 1 1 1 1 1 1 1 1 2 4 2 1 3 2 3 3 3 6 2 1 4      25000      65000 
4257	 690000	1 1 1 1 1 1 1 1 1 1 1 1 1 1 0 1 2 1 1 1 1 1 1 1 1 1 1 1 1 1 1 1 2 1 1 1 1 1 1 1 1 1 2 1 1 1 1 2 5 2 1 3 1 3 1 3 7 2 1 4      20000      70000 
4851	 670000	1 1 1 1 0 1 1 1 1 1 1 1 1 1 0 1 2 1 1 1 1 1 1 1 1 1 1 1 1 1 1 1 2 1 1 1 1 1 2 1 1 1 2 1 1 1 1 2 5 2 1 3 1 3 1 3 7 2 1 4      20000      70000 
6831	 650000	2 1 1 1 0 1 0 1 0 1 1 1 0 1 1 1 1 1 1 1 2 1 1 1 1 1 1 1 1 1 1 1 1 1 1 1 1 1 2 1 1 1 2 1 2 1 1 2 5 2 1 3 1 3 2 3 7 2 1 4      20000      70000 
7029	 602000	1 1 1 0 1 0 1 0 1 1 1 1 1 1 1 1 1 1 1 1 1 1 1 0 1 1 1 1 1 1 1 1 1 1 1 1 1 1 1 2 1 2 1 2 1 2 2 1 2 5 3 1 3 1 3 1 3 7 3 3      72000      14000 
7227	 574000	1 1 1 0 1 0 1 0 1 1 1 1 1 1 1 1 1 0 1 1 1 1 1 0 1 1 1 1 1 1 1 1 1 1 1 1 1 1 1 2 1 2 1 2 1 2 2 1 2 6 3 1 3 1 3 1 3 7 3 3      72000      14000 
7821	 563688	1 1 1 0 1 0 1 0 1 1 1 1 1 0 1 1 1 0 1 1 1 1 1 0 1 1 1 1 1 1 1 1 1 1 1 1 1 1 1 2 1 2 1 2 1 2 2 1 2 7 3 1 3 1 3 1 3 7 3 3      72631      12106 
8217	 548952	1 1 1 1 0 1 0 1 0 1 1 1 0 1 1 1 0 1 1 1 1 1 0 1 1 1 1 1 1 1 1 1 1 1 1 1 1 1 2 1 2 1 2 1 2 1 0 2 7 2 1 3 1 3 1 3 7 3 4 3      12107      72631 
8712	 543688	1 1 1 1 1 0 1 0 1 0 1 1 1 0 1 0 1 0 1 1 1 1 1 0 1 0 1 1 1 1 1 1 1 1 1 2 1 1 1 2 1 2 1 2 1 2 2 1 2 7 3 1 3 1 3 1 3 7 3 4      72631      12106 
9108	 538000	1 1 1 1 1 1 1 0 1 0 1 0 1 0 1 0 1 1 1 1 1 1 1 1 1 0 1 1 1 1 1 1 1 1 1 2 1 1 1 2 1 2 1 2 1 2 2 1 2 6 3 1 3 1 3 1 3 6 3 4      72000      14000 
9207	 528950	1 1 1 0 1 1 1 0 1 0 1 0 1 0 1 0 1 0 1 1 1 1 1 0 1 1 1 1 1 1 1 1 1 1 1 2 1 1 1 2 1 2 1 2 1 2 2 1 2 7 3 1 3 1 3 1 3 7 3 4      72631      12106 
9603	 522636	1 0 1 0 1 1 1 0 1 0 1 0 1 0 1 0 1 0 1 1 1 1 1 0 1 1 1 1 1 1 1 1 1 1 1 2 1 1 1 2 1 3 1 2 1 2 2 1 2 7 3 1 3 1 3 1 3 7 3 4      72631      12105 
9900	 518424	1 0 1 0 1 1 1 0 1 0 1 0 1 0 1 0 1 0 1 1 1 1 1 0 1 1 1 1 1 1 1 2 1 1 1 2 1 1 1 2 1 2 1 2 1 2 2 1 2 7 3 1 3 1 3 1 3 7 3 4      72630      12106 
10692	 507900	1 0 1 0 1 1 1 0 1 0 1 0 1 0 1 0 1 0 1 1 1 1 1 0 1 1 1 1 1 1 1 1 1 1 1 2 1 1 1 2 1 2 1 3 1 2 2 0 2 7 3 1 3 1 3 1 3 7 3 5      72631      12106 
10989	 507716	0 1 0 1 1 1 0 1 0 1 0 1 0 1 0 1 0 1 1 1 1 1 0 1 1 1 1 1 1 1 1 1 1 1 2 1 1 1 2 1 2 1 3 1 2 1 0 2 7 2 1 3 2 3 1 3 6 3 5 3      12285      72002 
11088	 497374	1 0 1 0 1 0 1 0 1 0 1 0 1 0 1 0 1 0 1 1 1 1 1 0 1 1 1 1 1 1 1 2 1 1 1 2 1 1 1 2 1 2 1 3 1 2 2 0 2 7 3 1 3 1 3 1 3 7 3 5      72631      12106 
13068	 488950	1 1 1 0 1 0 1 0 1 0 1 0 1 0 1 0 1 0 1 1 1 1 1 1 1 1 1 1 1 1 1 2 1 1 1 2 1 1 1 2 1 2 1 2 1 2 2 0 2 7 3 1 3 1 3 1 3 6 3 5      72631      12106 
13959	 482636	1 0 1 0 1 0 1 0 1 0 1 0 1 0 1 0 1 0 1 1 1 1 1 1 1 1 1 1 1 1 1 2 1 1 1 2 1 1 1 3 1 2 1 2 1 2 2 0 2 7 3 1 3 1 3 1 3 6 3 5      72631      12105 
14454	 481430	0 1 0 1 0 1 0 1 0 1 0 1 0 1 0 1 0 1 1 1 1 1 1 1 1 1 1 1 1 1 2 1 1 1 1 1 1 1 3 1 2 1 2 1 2 1 1 2 7 2 1 3 1 3 1 3 6 3 5 3      12857      70000 
18999	 176576	1 0 1 0 1 0 1 0 1 0 1 0 1 0 1 0 1 0 1 1 1 1 1 1 1 1 1 1 1 1 1 1 1 1 1 1 1 2 1 2 1 2 1 2 1 2 2 1 2 6 3 2 3 1 3 1 3 7 3 5      66000      15714 
20781	 152668	1 0 1 0 1 0 1 0 1 0 1 0 1 0 1 0 1 0 1 1 1 1 1 1 1 1 1 1 1 1 1 1 1 1 1 2 1 2 1 2 1 2 1 2 1 2 2 1 2 6 3 2 3 1 3 1 3 6 3 5      66000      16334 
24444	 136668	1 0 1 0 1 0 1 0 1 0 1 0 1 0 1 0 1 0 1 1 1 1 1 1 1 1 1 1 1 1 1 1 1 1 1 2 1 1 1 2 1 2 1 2 1 2 2 1 2 6 3 2 3 1 3 2 3 6 3 5      66000      16334 
26820	 121600	0 1 0 1 0 1 0 1 0 1 0 1 0 1 0 1 0 1 1 1 1 1 1 1 1 1 1 1 1 1 2 1 1 1 2 1 1 1 2 1 2 1 2 1 2 1 1 2 6 2 2 3 1 3 2 3 5 3 5 3      16400      66000 
0	2930000	1 0 1 0 2 0 1 1 0 1 0 1 1 1 0 1 1 0 2 0 1 1 1 1 2 1 1 1 0 1 0 5 2 1 1 1 2 1 1 1 1 2 1 1 2 0 0 4 2 3 1 5 1 4 4 1 2 3 8 0      63000      81000 
99	1665000	1 0 1 0 1 3 1 1 1 0 1 1 1 0 1 0 1 0 1 3 1 0 1 3 1 0 1 1 1 0 1 0 4 0 2 0 2 1 1 1 1 0 1 1 1 2 1 2 2 2 2 2 2 2 2 2 3 2 2 13      90000      22500 
198	1602000	1 1 0 1 1 1 0 1 0 1 1 1 1 1 1 1 1 1 0 1 1 1 0 1 1 1 0 1 1 1 2 1 3 4 2 2 0 2 1 1 1 1 2 1 1 1 3 1 3 2 4 2 2 2 3 2 3 3 3 2      30000      81000 
297	1370000	0 1 1 1 0 1 1 1 0 1 0 1 0 1 2 1 0 1 0 1 1 1 1 1 0 1 2 1 1 1 0 1 0 4 0 2 1 2 1 1 1 1 1 1 0 1 3 1 5 2 5 2 5 2 3 2 3 3 5 2      15000      90000 
495	1290668	1 1 1 1 1 1 1 1 0 1 1 1 1 1 3 1 1 1 1 1 1 1 1 1 0 1 1 1 1 1 1 1 1 4 0 2 1 2 1 1 1 1 1 1 1 1 3 1 2 2 3 2 3 2 2 2 2 3 5 2      24333      79167 
594	1275000	1 1 2 0 0 1 1 1 1 1 0 1 0 1 2 1 0 1 0 1 0 1 1 1 0 1 2 1 1 1 1 1 0 3 1 2 1 2 1 1 1 1 1 1 1 1 2 1 3 2 5 2 5 2 3 2 1 4 5 3      31500      72000 
693	1246334	1 1 2 1 1 1 1 1 1 1 1 0 1 1 1 1 1 1 1 1 1 0 1 1 1 0 1 1 1 1 1 1 4 1 1 1 1 1 1 1 1 1 1 1 1 1 1 3 2 4 2 4 2 3 2 2 4 1 2 5      79167      24333 
792	1022000	1 1 1 2 1 0 1 1 1 1 1 0 1 0 1 2 1 0 1 0 1 0 1 1 1 0 1 2 1 1 1 1 1 0 1 1 1 1 1 1 1 1 1 1 1 1 2 2 4 3 2 5 2 5 2 3 3 1 4 5      81000      15000 
891	1004000	1 0 1 0 1 0 1 0 1 0 1 1 1 0 1 1 1 1 1 0 1 2 1 0 1 0 1 0 1 1 1 1 1 4 1 1 1 0 1 1 1 1 1 3 1 1 2 4 3 2 3 3 2 3 2 4 3 4 4 4      81000      15000 
990	 910000	1 1 0 1 0 1 0 1 0 1 1 1 1 1 1 1 1 1 0 1 2 1 0 1 1 1 1 1 1 1 1 1 4 1 1 1 1 1 2 1 1 1 2 1 1 1 2 2 3 3 3 2 1 3 3 2 3 3 4 4      21000      72000 
1188	 770000	1 1 1 1 1 1 1 2 1 1 1 1 1 1 1 1 1 1 0 3 1 1 1 1 1 1 1 1 1 1 1 1 1 2 1 1 1 1 1 1 1 1 1 1 1 1 2 1 3 2 3 2 2 3 3 2 3 3 4 2      60000      30000 
1386	 750000	1 1 1 1 1 1 1 1 1 1 1 1 1 1 1 1 1 1 1 1 1 1 1 1 1 1 1 1 1 1 1 1 1 1 1 1 1 1 1 1 1 1 1 1 1 1 2 2 3 3 2 3 2 3 3 2 3 3 4 3      40000      50000 
1881	 740000	1 1 1 1 1 1 1 1 1 1 1 1 1 1 1 1 0 1 1 1 1 1 1 1 1 1 1 1 1 1 1 1 1 1 1 1 1 1 1 1 2 1 1 1 1 1 2 2 2 3 2 3 3 3 4 2 3 3 3 3      25000      65000 
1980	 730000	1 1 1 1 1 1 1 1 1 1 1 1 1 1 1 1 1 1 1 1 1 1 1 1 1 1 1 1 1 1 1 1 1 1 1 1 1 1 1 1 1 1 1 1 1 1 1 2 3 3 2 3 4 2 2 3 3 3 4 3      30000      60000 
2673	 720000	1 1 1 1 1 1 1 1 1 1 1 1 1 1 1 0 1 1 1 1 1 1 1 1 1 1 1 1 1 1 1 1 1 1 1 1 1 1 1 1 1 1 1 2 1 1 2 1 3 3 3 2 2 4 3 2 3 3 3 4      65000      25000 
2772	 710000	1 0 1 0 1 1 1 1 1 1 1 1 1 1 1 1 1 1 1 1 1 1 1 1 1 1 1 1 1 1 1 1 1 1 1 1 1 1 1 2 1 1 1 1 1 1 2 2 3 3 3 2 3 2 2 4 3 3 3 4      60000      30000 
2970	 690000	1 1 1 1 1 1 0 1 1 1 0 1 1 1 0 1 1 1 1 1 1 1 1 1 1 1 1 1 1 1 1 1 1 1 1 1 1 1 1 1 1 1 2 1 2 1 1 2 3 3 2 3 5 2 2 3 3 3 4 3      20000      70000 
3762	 680000	0 1 0 1 2 1 1 1 0 1 1 1 1 1 1 1 1 1 1 1 1 1 1 1 1 1 1 1 1 1 1 1 1 1 1 1 1 1 2 1 2 1 1 1 1 1 1 2 2 3 2 3 2 3 4 2 4 3 4 3      25000      65000 
3960	 676668	1 1 1 1 1 1 1 0 1 1 1 1 1 1 1 0 1 1 1 1 1 1 1 1 1 1 1 1 1 1 1 1 1 1 1 1 1 1 1 1 1 2 1 1 1 2 2 0 3 3 3 2 2 5 3 1 3 4 3 4      73334      16666 
4455	 670000	0 1 0 1 2 1 1 1 0 1 1 1 0 1 1 1 1 1 1 1 1 1 1 1 1 1 1 1 1 1 1 1 1 1 1 1 1 1 1 1 2 1 1 1 2 1 2 2 1 3 2 3 2 3 5 2 4 3 4 3      20000      70000 
4653	 663334	0 1 0 1 2 1 1 1 0 1 0 1 0 1 1 1 1 1 1 1 1 1 0 1 1 1 1 1 1 1 2 1 2 1 1 1 1 1 1 1 2 1 2 1 2 1 1 2 1 3 2 3 2 3 5 2 4 3 4 3      16667      73333 
4950	 650000	1 1 1 1 1 2 1 1 1 0 1 0 1 0 1 0 1 1 1 1 1 1 1 1 1 1 1 1 1 1 1 2 1 1 1 1 1 1 1 1 1 2 1 2 1 2 2 1 3 1 3 1 3 2 2 5 3 4 3 4      70000      20000 
5940	 590000	1 2 1 1 1 2 1 1 1 0 1 0 1 1 1 0 1 1 1 1 1 0 1 1 1 1 1 1 1 1 1 1 1 1 1 1 1 1 1 2 1 2 1 2 1 2 2 1 3 1 3 1 3 1 2 5 3 4 3 4      72000      14000 
6138	 574000	1 2 1 1 1 2 1 1 1 0 1 0 1 0 1 0 1 1 1 1 1 0 1 1 1 1 1 1 1 1 1 1 1 1 1 1 1 1 1 2 1 2 1 2 1 2 2 1 3 1 3 1 3 1 2 5 3 4 3 5      72000      14000 
6732	 566000	1 1 1 1 2 1 1 1 0 1 0 1 0 1 0 1 1 1 1 1 0 1 1 1 1 1 1 1 1 1 1 1 1 1 1 1 2 1 2 1 2 1 2 1 2 1 1 2 1 3 1 3 1 3 5 2 4 3 5 3      14000      72000 
7128	 558000	1 1 1 1 2 1 0 1 0 1 0 1 0 1 1 1 1 1 1 1 0 1 1 1 1 1 1 1 1 1 1 1 1 1 1 1 1 1 2 1 2 1 2 1 2 1 1 2 1 3 1 3 1 3 5 2 5 3 5 3      14000      72000 
8514	 538000	1 1 1 1 1 2 1 0 1 0 1 0 1 0 1 1 1 0 1 1 1 0 1 1 1 1 1 1 1 1 1 1 1 1 1 1 1 2 1 2 1 2 1 2 1 2 2 1 3 1 3 1 3 1 2 6 3 4 3 5      72000      14000 
9999	 530000	1 1 1 1 2 1 0 1 0 1 0 1 0 1 0 1 0 1 1 1 0 1 1 1 1 1 2 1 1 1 1 1 1 1 1 1 2 1 2 1 2 1 2 1 2 1 1 2 1 3 1 3 1 3 6 2 4 3 5 3      14000      72000 
10692	 527600	0 1 1 1 2 1 0 1 0 1 0 1 0 1 0 1 0 1 1 1 0 1 1 1 0 1 2 1 1 1 1 1 1 1 1 1 2 1 2 1 2 1 2 1 2 1 1 2 1 3 1 3 2 3 6 2 5 3 5 3      12800      72000 
10890	 510000	1 0 1 1 1 2 1 0 1 0 1 0 1 0 1 0 1 0 1 1 1 0 1 1 1 0 1 2 1 1 1 1 1 1 1 1 1 2 1 2 1 2 1 2 1 2 2 1 3 1 3 1 3 1 2 7 3 5 3 5      72500      12500 
11484	 500000	1 0 1 1 1 1 1 0 1 0 1 0 1 0 1 0 1 0 1 1 1 0 1 1 1 0 1 2 1 1 1 1 1 2 1 1 1 2 1 2 1 2 1 2 1 2 2 1 3 1 3 1 3 1 2 7 3 5 3 5      72500      12500 
12969	 495000	1 0 1 0 1 1 1 0 1 0 1 0 1 0 1 0 1 0 1 1 1 0 1 1 1 0 1 2 1 1 1 1 1 2 1 1 1 2 1 2 1 3 1 2 1 2 2 1 3 1 3 1 3 1 2 7 3 5 3 5      72500      12500 
13068	 490000	1 0 1 0 1 1 1 0 1 0 1 0 1 0 1 0 1 0 1 1 1 0 1 1 1 0 1 2 1 2 1 1 1 2 1 1 1 2 1 2 1 2 1 2 1 2 2 1 3 1 3 1 3 1 2 7 3 5 3 5      72500      12500 
15246	 485000	1 0 1 0 1 1 1 0 1 0 1 0 1 0 1 0 1 0 1 1 1 0 1 1 1 1 1 1 1 2 1 1 1 2 1 1 1 2 1 2 1 2 1 2 1 2 2 1 3 1 3 1 3 1 2 7 3 5 3 5      72500      12500 
15543	 480000	1 0 1 0 1 0 1 0 1 0 1 0 1 0 1 0 1 0 1 1 1 0 1 1 1 1 1 1 1 2 1 1 1 2 1 1 1 2 1 2 1 3 1 2 1 2 2 1 3 1 3 1 3 1 2 7 3 5 3 5      72500      12500 
16038	 478000	0 1 0 1 0 1 0 1 0 1 0 1 1 1 0 1 0 1 1 1 1 1 1 1 1 1 1 1 2 1 1 1 2 1 1 1 2 1 2 1 2 1 2 1 2 1 1 2 1 3 1 3 1 3 6 2 5 3 5 3      14000      70000 
16632	 137600	1 0 1 0 1 0 1 0 1 0 1 0 1 0 1 0 1 0 1 1 1 1 1 1 1 1 1 1 1 2 1 1 1 2 1 1 1 2 1 2 1 2 1 2 1 2 2 1 3 1 3 1 3 2 2 6 3 5 3 5      66000      16400 
21375	 121600	1 0 1 0 1 0 1 0 1 0 1 0 1 0 1 0 1 0 1 1 1 1 1 1 1 1 1 1 1 2 1 1 1 1 1 1 1 2 1 2 1 2 1 2 1 2 2 1 3 2 3 1 3 2 2 6 3 5 3 5      66000      16400 
0	2256000	1 1 0 2 2 0 1 0 0 3 2 0 1 0 1 0 0 2 1 1 0 2 2 1 0 2 2 0 2 0 1 0 2 0 1 3 1 1 3 0 0 2 1 1 0 2 1 4 3 2 5 0 2 1 0 5 2 5 5 2      81000      45000 
99	1705000	1 1 1 1 1 1 1 1 2 1 1 0 1 0 1 1 1 1 1 1 1 1 1 0 1 0 1 0 1 0 4 1 2 1 1 1 1 0 1 2 1 1 1 1 1 2 2 1 1 4 2 4 2 2 3 4 1 6 3 3      81000      31500 
198	1675000	1 0 1 1 1 0 1 0 1 1 1 0 1 2 1 0 1 0 2 0 1 0 1 2 1 2 1 2 2 0 2 0 1 0 1 0 1 0 2 1 1 3 1 1 1 1 1 3 4 1 1 4 3 2 2 3 2 5 2 8      81000      31500 
297	1374000	1 1 1 1 1 1 1 1 1 1 1 1 1 1 2 1 1 1 1 1 1 1 1 1 1 2 1 1 1 1 1 1 1 1 1 1 1 1 1 1 2 1 1 2 2 1 1 2 2 2 3 4 3 2 1 3 2 3 4 1      51750      51750 
396	1035600	1 1 1 1 1 1 1 1 1 1 1 1 1 1 1 1 1 1 1 1 1 1 1 1 1 1 1 2 1 1 1 1 1 1 1 2 1 1 1 1 1 1 1 1 1 1 1 2 3 1 4 1 1 5 3 1 5 3 2 4      55800      39600 
693	 993000	1 0 1 1 1 1 1 1 1 1 1 1 1 1 1 0 1 0 1 1 1 1 1 2 1 1 1 1 1 1 1 1 1 1 1 2 1 1 1 1 1 1 1 2 1 1 1 3 3 1 4 2 1 5 3 1 5 3 2 4      63000      31500 
990	 988000	1 0 1 1 1 1 1 1 1 0 1 1 1 1 1 0 1 0 1 1 1 1 1 2 1 1 1 1 1 1 1 1 1 1 1 2 1 1 1 1 1 1 1 2 1 1 1 3 3 2 4 2 1 5 3 1 5 3 2 4      63000      31500 
1188	 979000	0 1 1 1 1 1 1 1 1 1 1 1 1 1 1 1 0 1 1 1 1 1 1 1 1 1 1 1 1 1 1 1 1 1 2 1 1 1 1 1 1 1 2 1 1 1 3 1 1 3 2 4 5 1 1 3 3 5 4 2      31500      63000 
1287	 910400	0 1 1 1 1 1 1 1 1 1 1 1 1 1 1 1 1 1 1 1 1 1 1 1 1 1 1 1 1 1 1 1 1 1 2 1 1 1 1 1 1 1 2 1 1 1 3 1 1 3 1 4 5 1 1 3 3 5 4 2      34200      57600 
1584	 907600	0 1 1 1 1 1 1 1 1 1 1 1 1 1 1 1 1 1 1 1 1 1 1 1 1 1 1 1 1 1 1 1 1 1 2 1 1 1 1 1 1 1 2 1 1 1 3 1 1 3 1 4 5 2 1 3 3 4 4 2      34200      57600 
1980	 770000	1 1 1 1 1 1 1 1 1 1 1 1 1 1 1 1 1 1 1 1 1 1 1 1 1 1 1 1 1 1 1 1 1 1 1 1 1 1 1 1 1 1 1 2 1 1 1 2 3 2 4 1 2 4 3 2 4 3 2 4      45000      45000 
2673	 750000	1 1 1 1 1 1 1 1 1 1 1 1 1 1 1 1 1 1 1 1 1 1 1 1 1 1 1 1 1 1 1 1 1 1 2 0 1 1 1 1 1 1 2 1 1 1 2 2 2 3 1 4 4 2 2 3 2 4 4 2      43333      46667 
3861	 730000	1 1 1 1 1 1 1 1 1 1 1 1 1 1 1 1 1 1 1 1 1 1 1 1 1 1 1 1 2 1 1 1 1 1 1 1 1 1 1 1 1 1 2 1 1 1 2 2 2 3 1 3 4 2 1 3 3 3 4 3      20000      70000 
4059	 710000	1 1 1 1 1 1 1 1 1 1 1 1 1 1 1 1 1 1 1 1 1 1 1 1 1 1 1 1 1 1 1 1 1 1 1 1 1 1 1 1 1 1 1 2 1 1 2 1 3 2 3 1 2 5 3 2 3 3 3 4      73333      16667 
4257	 703334	1 1 1 1 1 1 1 1 1 1 1 1 1 1 1 1 1 1 1 1 0 1 1 1 1 1 1 1 1 1 1 1 1 1 1 1 1 1 1 1 1 1 2 1 1 1 1 2 2 3 1 3 5 2 2 3 4 3 4 3      16667      73333 
4455	 683334	1 1 1 1 1 0 1 1 1 1 1 0 1 1 1 1 1 1 1 1 1 0 1 1 1 1 1 2 1 1 1 1 1 1 1 1 1 1 1 2 1 1 1 2 1 1 2 1 3 2 3 1 2 5 3 2 3 4 3 4      73333      16667 
4653	 670000	1 1 1 1 0 1 1 1 1 1 0 1 1 1 1 1 0 1 1 1 1 1 1 1 1 1 2 1 1 1 1 1 1 1 1 1 1 1 2 1 1 1 2 1 1 1 1 2 2 3 1 3 5 2 2 3 4 3 4 3      20000      70000 
4851	 663334	1 1 0 1 1 1 1 1 1 1 1 1 1 1 1 1 0 1 1 1 1 1 1 1 0 1 1 1 1 1 1 1 1 1 1 1 2 1 2 1 1 1 2 1 2 1 1 2 2 3 1 3 5 2 1 3 4 3 4 3      16667      73333 
5445	 590000	1 1 0 1 1 1 1 1 1 1 1 1 0 1 1 1 0 1 1 1 1 1 1 1 1 1 1 1 1 1 1 1 1 1 1 1 2 1 2 1 2 1 2 1 2 1 1 2 2 3 1 3 5 2 1 3 3 3 4 3      15000      70000 
5643	 580000	0 1 0 1 1 1 1 1 1 1 1 1 0 1 1 1 0 1 1 1 1 1 1 1 1 1 1 1 2 1 1 1 1 1 1 1 2 1 2 1 2 1 2 1 2 1 1 2 2 3 1 3 5 2 1 3 3 3 4 3      15000      70000 
6237	 560000	0 1 0 1 0 1 1 1 1 1 1 1 0 1 1 1 0 1 1 1 1 1 1 1 1 1 1 1 2 1 1 1 1 1 1 1 2 1 2 1 2 1 2 1 2 1 1 2 2 3 1 3 5 2 1 3 3 3 5 3      15000      70000 
6930	 558000	1 0 1 0 1 0 1 1 1 1 1 0 1 0 1 1 1 0 1 1 1 1 1 1 1 1 1 1 1 2 1 1 1 1 1 1 1 2 1 2 1 3 1 2 1 2 2 1 3 2 3 1 2 5 3 1 3 3 3 5      70000      14000 
7326	 554000	0 1 0 1 0 1 0 1 1 1 0 1 0 1 1 1 0 1 1 1 1 1 1 1 1 1 1 1 2 1 1 1 1 1 1 1 2 1 2 1 3 1 2 1 3 1 1 2 2 3 1 3 5 2 1 3 3 3 5 3      14000      70000 
7524	 530000	1 1 1 0 1 0 1 1 1 0 1 0 1 0 1 1 1 0 1 1 1 1 1 1 1 0 1 1 1 2 1 1 1 1 1 1 1 2 1 2 1 2 1 2 1 2 2 1 3 2 3 1 2 6 3 1 3 4 3 5      72000      14000 
9108	 520000	1 1 0 1 0 1 1 1 0 1 0 1 0 1 1 1 0 1 1 1 1 1 1 1 1 1 1 1 2 1 1 1 1 1 1 1 2 1 2 1 2 1 2 1 2 1 1 2 2 3 1 3 6 2 1 3 4 3 4 3      15000      70000 
12960	 510000	1 1 1 0 1 0 1 0 1 0 1 0 1 0 1 1 1 0 1 1 1 1 1 1 1 1 1 1 1 2 1 2 1 1 1 1 1 2 1 2 1 2 1 2 1 2 2 1 3 2 3 1 2 6 3 1 3 4 3 4      70000      15000 
17316	 490000	1 0 1 0 1 0 1 0 1 0 1 0 1 0 1 1 1 0 1 1 1 1 1 1 1 1 1 1 1 2 1 2 1 1 1 1 1 2 1 2 1 2 1 2 1 2 2 1 3 2 3 1 2 6 3 1 3 5 3 4      70000      15000 
18207	 170002	1 0 1 0 1 0 1 0 1 0 1 0 1 0 1 0 1 0 1 1 1 1 1 1 1 1 1 1 1 2 1 2 1 1 1 1 1 2 1 2 1 2 1 2 1 2 2 1 3 2 3 1 2 6 3 1 3 6 3 4      66000      16333 
27009	 139200	0 1 0 1 0 1 0 1 0 1 0 1 0 1 0 1 0 1 1 1 1 1 1 1 1 1 1 1 2 1 1 1 2 1 1 1 2 1 2 1 2 1 2 1 2 1 1 2 2 3 1 3 6 2 2 3 5 3 4 3      16400      66000 
0	2413000	0 1 0 1 1 0 0 3 0 1 0 1 0 1 0 3 1 0 2 0 2 0 1 1 2 0 1 1 0 3 2 0 0 2 1 2 0 3 2 0 3 0 0 2 3 0 2 0 6 0 3 2 1 3 0 5 4 2 5 5      67500      63000 
99	1700000	1 1 1 1 1 1 1 2 2 0 1 0 1 0 2 1 1 0 1 1 1 2 2 1 1 1 2 0 1 1 1 1 1 1 1 0 1 0 1 1 2 2 1 2 2 0 1 2 2 2 2 2 1 4 3 4 3 1 1 8      81000      31500 
198	1443500	2 1 1 2 1 1 1 1 1 1 0 1 2 1 1 1 1 1 0 1 1 1 0 1 0 1 3 1 1 1 1 1 1 1 1 1 1 1 2 2 1 1 1 1 2 1 2 1 2 2 0 4 4 1 4 2 2 3 3 4      33750      72000 
297	 960000	1 1 1 1 1 1 1 1 1 1 1 1 1 1 1 1 1 1 1 1 1 1 1 1 1 1 2 1 1 1 1 1 1 1 4 0 1 1 1 1 1 1 1 1 1 1 2 1 1 4 0 5 5 1 6 0 0 5 1 4      39500      56000 
990	 949472	1 1 1 1 1 1 1 1 1 1 1 1 1 1 1 1 1 1 1 1 1 1 1 1 1 1 1 1 1 1 1 1 1 1 1 1 1 1 1 1 1 1 1 1 1 1 1 4 2 3 4 2 3 1 1 4 3 4 5 1      56454      37638 
1287	 828000	1 1 1 1 1 1 1 1 1 1 1 1 1 1 1 1 1 1 1 1 1 1 1 1 1 1 1 1 1 1 2 1 2 1 1 1 1 1 1 1 2 1 1 1 1 1 3 1 3 2 1 4 2 3 4 1 3 3 0 5      39000      51000 
1485	 808572	1 1 1 1 1 1 1 1 1 1 1 1 1 1 1 1 1 1 1 1 1 1 1 1 2 1 1 1 1 1 1 1 1 1 1 1 1 1 1 1 1 1 1 1 1 1 2 1 3 2 1 4 4 3 4 1 3 3 1 5      44286      46428 
1782	 750000	1 1 1 1 1 1 1 2 1 1 1 1 1 1 1 1 1 1 1 1 1 1 1 1 1 1 1 1 1 1 1 1 1 1 1 1 1 1 1 1 1 1 1 1 1 1 0 4 2 3 4 1 4 1 1 4 3 4 5 1      47500      42500 
2376	 730000	1 1 1 1 1 1 1 1 1 1 1 1 1 1 1 1 1 1 1 1 1 1 1 1 1 1 1 1 1 1 1 1 1 1 1 1 1 1 2 1 1 1 1 1 1 1 4 0 3 2 1 4 1 4 4 1 4 3 1 5      42500      47500 
4554	 720000	1 1 1 1 1 1 1 1 0 1 1 1 1 1 1 1 1 1 1 1 1 1 1 1 1 1 1 1 1 1 1 1 1 1 1 1 1 1 1 1 1 1 2 1 1 1 4 1 4 2 1 4 1 3 4 2 4 3 1 4      25000      65000 
4851	 710000	1 1 1 1 1 1 1 1 1 1 1 1 1 1 1 1 1 1 1 1 1 1 1 1 1 1 1 1 1 1 1 1 1 1 1 1 1 1 1 2 1 1 1 1 1 1 1 4 3 3 3 1 3 1 2 4 3 4 4 1      70000      20000 
5148	 690000	1 1 1 1 1 1 1 1 1 1 1 1 0 1 1 1 1 1 1 1 1 1 1 1 1 1 1 1 1 1 1 1 1 1 1 1 1 1 2 1 1 1 1 1 1 1 4 1 3 3 1 3 1 3 5 2 4 3 1 4      20000      70000 
5742	 670000	1 1 1 1 1 1 1 0 1 0 1 1 1 0 1 1 1 1 1 1 1 1 1 1 1 1 1 1 1 1 1 1 1 1 1 1 1 1 1 2 1 2 1 1 1 1 1 4 2 5 3 1 3 1 3 4 3 4 4 1      70000      20000 
6831	 650000	1 1 0 1 1 1 0 1 0 1 1 1 0 1 0 1 1 1 1 1 1 1 1 1 1 1 1 1 1 1 0 2 1 1 1 1 1 1 2 1 2 1 2 1 1 1 4 1 5 2 2 3 1 3 5 2 4 3 1 4      20000      70000 
7029	 617000	0 1 1 1 1 1 0 1 0 1 1 1 0 1 0 1 1 1 1 1 1 1 1 1 1 1 1 1 1 1 1 2 1 1 1 1 1 1 2 1 2 1 2 1 2 1 4 1 6 2 1 3 1 3 4 2 4 3 0 4      16750      70000 
7227	 572500	1 0 1 1 1 1 1 0 1 0 1 1 1 0 1 0 1 1 1 1 1 1 1 1 1 1 1 1 1 1 1 1 1 1 1 1 1 1 1 2 1 2 1 2 1 2 1 4 2 6 3 1 3 1 3 4 3 4 4 0      70000      16250 
7722	 565000	1 0 1 0 1 1 1 0 1 0 1 1 1 0 1 0 1 1 1 1 1 1 1 1 1 1 1 1 1 1 1 1 1 1 1 1 1 1 1 2 1 2 1 2 1 2 1 4 2 6 3 2 3 1 3 4 3 4 4 0      70000      16250 
7821	 558000	0 1 1 1 1 1 0 1 0 1 1 1 0 1 0 1 1 1 1 1 1 1 1 1 1 1 1 1 1 1 1 1 1 1 1 1 1 1 2 1 2 1 2 1 2 1 5 1 5 2 1 3 1 3 4 3 4 3 0 4      16000      70000 
7920	 530000	0 1 1 1 0 1 0 1 0 1 1 1 0 1 0 1 1 1 1 1 1 1 1 1 1 1 1 1 1 1 1 1 1 1 1 1 1 1 2 1 2 1 2 1 2 1 5 1 6 2 1 3 1 3 4 3 4 3 0 4      15000      70000 
9207	 520000	1 0 1 1 1 0 1 0 1 0 1 0 1 0 1 0 1 1 1 1 1 1 1 1 1 1 1 1 1 1 1 1 1 1 1 1 1 1 1 2 1 2 1 2 1 2 1 6 2 6 3 1 3 1 3 4 3 4 4 0      70000      15000 
9603	 498000	1 0 1 0 1 0 1 0 1 0 1 0 1 0 1 0 1 1 1 1 1 1 1 1 1 1 1 1 1 1 1 1 1 1 1 1 1 1 1 2 1 2 1 3 1 2 1 6 2 6 3 1 3 1 3 3 3 5 4 0      70000      14000 
10494	 490000	1 0 1 0 1 0 1 0 1 0 1 0 1 0 1 0 1 0 1 1 1 1 1 1 1 1 1 1 1 1 1 2 1 1 1 1 1 1 1 2 1 2 1 2 1 2 1 6 2 6 3 1 3 1 3 4 3 5 4 0      70000      15000 
11385	 164668	0 1 0 1 0 1 0 1 0 1 0 1 0 1 0 1 0 1 1 1 1 1 1 1 1 1 1 1 1 1 2 1 1 1 1 1 1 1 2 1 2 1 2 1 2 1 6 1 6 2 1 3 1 3 3 3 5 3 1 4      16334      66000 
12177	 153600	1 0 1 0 1 0 1 0 1 0 1 0 1 0 1 0 1 0 1 1 1 1 1 1 1 1 1 2 1 1 1 2 1 1 1 1 1 1 1 2 1 2 1 2 1 2 1 5 2 6 3 1 3 1 3 3 3 5 4 1      66000      16400 
14553	 153336	1 0 1 0 1 0 1 0 1 0 1 0 1 0 1 0 1 0 1 1 1 1 1 1 1 1 1 2 1 1 1 2 1 1 1 1 1 1 1 2 1 2 1 2 1 2 1 5 2 6 3 1 3 1 3 2 3 6 4 1      66000      16333 
19494	 137274	0 1 0 1 0 1 0 1 0 1 0 1 0 1 0 1 0 1 1 1 1 1 1 1 1 1 2 1 1 1 1 1 1 1 1 1 1 1 2 1 2 1 2 1 2 1 5 1 6 2 1 3 2 3 2 3 6 3 1 4      16363      65911 
27504	 120910	1 0 1 0 1 0 1 0 1 0 1 0 1 0 1 0 1 0 1 1 1 1 1 1 1 1 1 1 1 1 1 1 1 1 1 1 1 1 1 2 1 2 1 2 1 2 1 5 2 6 3 2 3 2 3 2 3 6 4 1      65909      16364 
27801	 117274	0 1 0 1 0 1 0 1 0 1 0 1 0 1 0 1 0 1 1 1 1 1 1 1 1 1 1 1 1 1 1 1 1 1 1 1 1 1 2 1 2 1 2 1 2 1 6 1 6 2 2 3 2 3 2 3 5 3 1 4      16363      65911 
0	2246000	2 0 1 0 1 1 1 0 1 0 1 0 2 0 4 0 1 0 2 1 1 0 1 1 1 1 1 0 1 0 0 3 1 2 1 0 2 0 2 0 0 3 0 2 2 0 0 3 2 6 2 2 1 4 2 2 2 6 4 5      81000      45000 
99	1678004	1 1 1 0 1 0 1 0 1 1 1 2 1 1 1 0 1 1 1 2 1 1 1 0 1 0 1 0 3 1 1 0 1 0 1 0 1 1 1 1 1 1 1 2 1 0 1 3 3 1 2 4 2 3 4 1 1 7 4 8      90000      23143 
198	1649000	1 0 2 0 2 1 1 1 2 1 1 1 2 0 1 0 1 0 1 1 1 0 1 0 2 0 1 3 1 1 1 1 1 1 1 1 1 0 1 1 2 2 1 3 1 1 2 1 2 4 1 5 2 2 1 4 3 2 2 5      81000      31500 
297	1369600	1 1 1 1 1 1 1 1 1 1 1 1 1 1 1 1 1 1 1 1 1 1 1 1 1 1 1 1 1 1 1 1 1 1 1 1 1 1 1 2 1 1 1 2 1 2 1 2 1 5 3 1 3 3 2 2 3 1 6 2      73800      30600 
495	1269000	1 0 1 1 1 3 1 1 1 0 1 1 1 1 1 1 1 1 1 1 1 1 1 1 1 1 1 1 1 1 1 1 1 1 1 1 1 4 1 1 1 1 1 1 1 1 1 2 4 0 2 3 2 2 2 3 4 4 4 2      63000      40500 
594	1247464	1 1 1 1 1 1 1 1 1 1 1 1 1 1 1 1 1 1 1 1 1 1 1 1 1 1 1 1 1 3 1 1 1 1 1 1 1 1 1 1 1 1 1 1 1 1 1 2 1 3 3 2 3 2 2 3 4 1 5 4      49909      52364 
693	1246668	1 1 1 1 1 1 1 1 1 1 1 1 1 1 1 1 1 1 1 2 1 1 1 1 1 1 1 1 2 2 1 1 1 1 1 1 1 1 1 1 1 1 1 1 1 1 1 2 4 3 2 3 2 2 2 3 4 1 3 3      58833      44667 
792	1243000	1 1 1 1 1 1 1 1 1 1 1 1 1 1 1 1 1 1 1 1 1 1 1 2 1 1 1 1 1 1 1 1 1 1 1 1 1 1 1 1 1 1 1 1 1 1 2 1 4 0 2 3 2 3 2 2 3 3 4 6      57500      46000 
891	 934008	1 1 1 1 1 1 1 1 1 1 1 1 1 1 1 1 1 1 2 1 1 1 1 1 1 1 1 1 2 1 1 1 1 1 1 1 1 1 1 1 1 1 1 1 1 1 2 1 3 2 3 2 2 3 3 2 1 4 3 5      41144      52714 
1485	 915250	1 1 1 1 1 1 1 1 1 1 1 1 1 1 1 1 1 1 2 1 1 1 1 1 1 1 1 1 2 0 1 1 1 1 1 1 1 1 1 1 1 1 1 1 1 1 2 2 3 2 3 2 2 3 3 2 1 4 3 5      40500      52875 
1584	 862000	1 1 1 1 1 1 1 1 1 1 1 0 1 1 1 1 1 1 1 1 1 1 1 1 1 1 1 1 1 1 1 2 1 1 1 1 1 1 1 1 1 1 1 1 1 1 2 1 4 1 2 3 2 3 2 3 3 4 4 4      63000      27000 
1683	 800000	1 1 1 1 1 1 1 1 1 1 1 1 2 1 1 1 1 1 1 2 1 1 1 1 1 1 1 1 0 2 1 1 1 1 1 1 1 1 1 1 1 1 1 1 1 1 1 2 2 3 2 3 3 2 2 3 5 1 4 3      45000      45000 
1980	 776668	1 1 1 1 1 1 1 1 1 1 1 1 1 1 1 1 1 1 1 1 1 1 1 1 1 1 1 1 1 1 2 1 1 1 1 1 1 1 1 1 1 1 1 1 1 1 1 2 1 4 3 2 3 2 3 2 4 3 3 4      43333      46667 
2475	 756668	1 1 1 1 1 1 1 1 1 1 1 1 1 1 1 1 1 1 1 1 1 1 1 1 1 1 1 1 1 1 1 1 1 1 1 1 1 1 1 2 1 1 1 1 1 1 2 1 4 1 2 3 2 3 2 3 3 4 4 3      46667      43333 
2871	 750000	1 1 1 1 1 1 1 1 2 1 1 1 1 1 1 1 1 1 1 1 1 1 1 1 1 1 1 1 1 1 1 1 1 1 1 1 2 1 0 2 1 1 1 1 1 1 3 1 4 1 2 3 2 3 2 3 2 4 3 3      40000      50000 
4851	 724000	0 1 1 1 1 1 1 1 1 1 1 1 1 1 1 1 1 1 1 1 1 1 1 1 1 1 1 1 1 1 1 1 1 1 1 1 1 1 2 1 1 1 2 1 2 1 1 2 1 3 4 2 3 2 2 3 4 3 2 4      27000      63000 
5445	 710000	1 1 1 1 1 1 1 1 1 1 1 1 1 1 1 1 1 1 1 1 1 1 1 1 1 1 1 1 1 1 1 1 1 1 1 1 1 1 1 2 1 1 1 2 1 1 2 1 3 1 2 4 2 4 3 1 3 4 4 2      70000      20000 
5841	 690000	1 1 1 1 1 1 1 1 1 1 0 1 0 1 1 1 2 1 1 1 1 1 1 1 1 1 1 1 1 1 1 1 1 1 1 1 1 1 2 1 1 1 2 1 1 1 1 2 1 3 5 2 4 2 1 3 4 3 2 4      20000      70000 
7128	 670000	1 1 1 1 1 0 1 1 1 1 1 0 1 0 1 1 1 1 1 1 1 1 1 1 1 2 1 1 1 1 1 1 1 1 1 1 1 1 1 2 1 1 1 2 1 2 2 1 3 1 2 5 2 4 3 1 3 4 4 2      70000      20000 
9999	 656668	1 1 0 1 1 1 0 1 0 1 1 1 1 1 1 1 1 1 1 1 1 1 1 1 1 1 1 1 1 1 1 1 1 1 1 1 1 1 2 1 2 1 1 1 2 1 0 2 1 3 5 2 5 2 3 3 4 3 1 4      16667      73333 
10098	 650000	1 1 1 1 1 1 1 1 1 0 1 1 1 0 1 0 1 0 1 0 1 1 1 1 1 2 1 1 1 2 1 1 1 1 1 1 1 1 1 2 1 2 1 2 1 2 2 1 3 0 2 6 2 4 3 1 3 4 4 2      72000      15750 
10197	 606000	1 1 1 0 1 1 1 0 1 0 1 0 1 2 1 0 1 0 1 1 1 1 1 0 1 1 1 1 1 1 1 1 1 1 1 1 1 1 1 2 1 2 1 2 1 2 2 1 3 1 2 5 2 5 3 4 3 4 4 1      72000      14000 
10593	 598000	1 1 0 1 1 1 0 1 0 1 0 1 2 1 1 1 0 1 1 1 1 1 1 1 1 1 1 1 1 1 1 1 1 1 1 1 1 1 2 1 2 1 2 1 2 1 1 2 1 3 5 2 5 2 3 3 3 3 1 4      18000      66000 
10791	 561334	1 1 1 0 1 0 1 0 1 0 1 0 1 2 1 0 1 0 1 1 1 1 1 0 1 1 1 1 1 1 1 1 1 1 1 1 1 1 1 2 1 2 1 2 1 2 2 0 3 1 2 6 2 6 3 4 3 4 4 1      72000      14333 
11781	 560000	1 1 1 0 1 0 1 0 1 0 1 0 1 2 1 0 1 0 1 1 1 1 1 1 1 1 1 1 1 1 1 1 1 1 1 1 1 1 1 2 1 2 1 2 1 2 2 0 3 1 2 6 2 6 3 4 3 3 4 1      70000      15000 
12672	 549334	1 1 0 1 0 1 0 1 0 1 0 1 1 1 0 1 0 1 1 1 1 1 0 1 1 1 1 1 1 1 1 1 1 1 1 1 1 1 2 1 2 1 2 1 2 1 1 2 1 3 6 2 6 2 4 3 4 3 1 4      14333      72000 
13860	 520000	0 1 0 1 0 1 0 1 0 1 0 1 0 1 0 1 0 1 1 1 1 1 1 1 1 1 1 1 3 1 2 1 1 1 1 1 1 1 2 1 2 1 2 1 2 1 1 2 0 3 6 2 6 2 4 3 4 3 0 4      15000      70000 
14949	 510000	1 0 1 0 1 0 1 0 1 1 1 0 1 0 1 0 1 0 1 1 1 2 1 1 1 1 1 1 1 1 1 1 1 1 1 1 1 1 1 2 1 2 1 2 1 2 2 1 3 1 2 6 2 6 3 4 3 4 4 0      70000      15000 
15642	 188004	1 0 1 0 1 0 1 0 1 0 1 0 1 0 1 0 1 0 1 1 1 1 1 1 1 1 1 1 1 1 1 2 1 1 1 1 1 1 1 2 1 2 1 2 1 2 2 1 3 1 2 6 2 6 2 6 4 3 4 0      64333      16889 
15939	 168004	0 1 0 1 0 1 0 1 0 1 0 1 0 1 0 1 0 1 1 1 1 1 1 1 1 1 1 1 1 1 2 1 1 1 1 1 1 1 2 1 2 1 2 1 2 1 1 2 1 3 6 2 7 2 6 2 2 4 0 4      16333      66000 
20484	 164674	1 0 1 0 1 0 1 0 1 0 1 0 1 0 1 0 1 0 1 1 1 1 1 1 1 1 1 1 1 1 1 2 1 1 1 1 1 1 1 2 1 2 1 2 1 2 2 2 3 1 2 6 2 6 2 6 4 2 4 0      66000      16333 
22266	 164670	1 0 1 0 1 0 1 0 1 0 1 0 1 0 1 0 1 0 1 1 1 1 1 1 1 1 1 1 1 1 1 2 1 1 1 1 1 1 1 2 1 2 1 2 1 2 2 2 3 1 2 7 2 6 2 6 4 1 4 0      66000      16333 
26820	 133340	1 0 1 0 1 0 1 0 1 0 1 0 1 0 1 0 1 0 1 1 1 1 1 1 1 1 1 1 1 1 1 2 1 1 1 1 1 1 1 2 1 2 1 2 1 2 2 2 3 2 2 6 2 6 2 6 4 1 4 0      65998      16334 
0	2620000	0 3 1 1 0 2 1 0 1 1 2 0 1 0 2 0 0 3 0 2 1 1 0 4 1 0 1 2 1 0 1 0 0 3 2 0 1 1 0 2 3 0 1 0 2 1 1 1 4 4 2 1 2 2 2 4 1 4 8 0      90000      45000 
99	1456400	1 0 1 0 1 1 1 0 1 0 1 1 1 0 1 2 1 0 1 1 1 1 1 1 1 2 1 1 1 2 1 0 1 0 1 0 1 2 1 1 1 1 1 1 1 1 1 4 4 2 1 5 4 4 1 5 3 3 5 1      81000      25200 
198	1423500	1 1 2 0 1 2 1 1 1 3 1 1 1 1 1 1 1 1 1 1 1 1 1 1 1 1 1 1 1 1 0 2 1 1 1 1 3 1 2 1 2 1 1 1 1 1 2 1 1 3 3 1 1 3 2 2 5 2 1 4      51750      51750 
297	1410400	1 0 1 0 1 1 1 0 1 0 1 1 1 0 1 2 1 0 1 1 1 1 1 1 1 1 1 1 1 1 1 0 1 0 1 0 2 1 1 1 1 1 1 1 1 2 1 4 4 2 1 5 3 4 1 6 3 3 5 2      81000      25200 
396	1114000	1 0 1 1 1 0 1 1 1 1 1 1 1 1 1 1 1 1 1 1 1 1 1 2 1 1 1 1 1 1 1 1 1 1 1 1 1 1 1 1 1 1 1 1 1 1 1 3 4 1 1 4 4 4 1 5 3 2 5 1      63000      36000 
495	 941116	1 1 1 1 1 1 1 1 1 1 1 1 1 1 1 1 1 1 1 1 1 1 1 1 1 1 1 1 1 1 1 1 1 1 1 1 2 1 1 1 1 1 1 1 1 1 1 3 4 1 1 3 3 3 1 4 3 3 5 2      37638      56454 
693	 929300	1 1 1 1 1 1 1 1 1 1 1 1 1 1 1 1 1 1 1 1 1 1 1 1 1 1 1 1 1 1 1 1 1 1 1 1 1 1 1 1 1 1 1 1 2 1 1 3 4 1 1 3 3 3 1 4 3 3 5 2      37638      56454 
891	 800000	1 1 1 1 1 1 1 1 1 1 1 1 1 1 1 1 1 1 1 1 1 1 1 1 1 1 1 1 1 1 1 1 1 1 1 1 1 1 1 1 1 1 1 1 1 2 3 1 2 4 3 1 3 3 3 1 3 3 2 5      65000      25000 
990	 770000	1 1 1 0 1 1 1 1 1 1 1 1 1 1 1 1 1 1 1 1 1 1 1 1 1 1 1 1 1 1 1 1 1 1 1 1 1 1 1 1 1 1 1 1 1 2 3 1 2 4 3 2 3 3 3 1 3 3 2 5      58500      31500 
1188	 743334	1 1 1 1 1 1 1 1 1 1 1 1 1 1 1 1 1 1 1 1 1 1 1 1 1 1 1 1 1 1 1 1 1 1 1 1 1 1 1 1 1 1 1 1 2 1 1 3 4 1 2 3 2 3 1 4 3 3 5 2      43333      46667 
1584	 730000	1 1 1 1 1 1 1 1 1 1 1 1 1 1 1 1 1 1 1 1 1 1 1 1 1 1 1 1 1 1 1 1 1 1 1 1 1 1 1 1 1 1 1 1 2 1 1 3 3 2 2 3 2 3 2 3 3 3 5 2      40000      50000 
2079	 716668	1 0 1 1 1 1 1 1 1 1 1 1 1 1 1 1 1 1 1 1 1 1 1 1 1 1 1 1 1 1 1 1 1 1 1 1 1 1 1 1 1 2 2 1 1 2 2 1 2 3 3 2 3 2 3 2 3 3 2 5      56667      33333 
2376	 703334	1 0 1 1 1 1 1 1 1 1 1 1 1 1 1 1 1 1 1 1 1 1 1 1 1 1 1 1 1 1 1 1 1 1 1 1 1 1 1 1 1 2 1 1 1 2 2 1 3 3 3 2 3 2 3 2 3 3 2 5      56667      33333 
2970	 696668	1 1 1 1 1 1 1 1 1 1 1 1 1 1 1 1 1 1 1 1 1 1 1 1 1 1 1 1 1 1 1 1 1 1 1 1 1 1 1 1 2 1 1 1 2 1 1 2 2 3 2 3 2 3 2 3 3 3 5 2      33333      56667 
4851	 683334	1 0 1 1 1 1 1 1 1 1 1 1 1 1 1 1 1 1 1 1 1 1 1 1 1 1 1 1 1 1 1 1 1 1 1 1 1 1 1 2 1 2 2 0 1 1 2 1 2 4 3 2 3 2 3 2 3 3 2 5      56667      33333 
6336	 683200	0 1 1 1 1 1 1 1 1 1 1 1 1 1 0 1 1 1 1 1 1 1 1 1 1 1 1 1 1 1 1 1 1 1 1 1 1 1 2 1 2 1 0 2 2 1 1 2 4 2 2 3 2 3 2 3 3 3 5 2      25200      63000 
7029	 652400	1 0 1 0 1 1 1 1 1 1 1 1 1 1 1 0 1 1 1 1 1 1 1 1 1 1 1 1 1 1 1 1 1 1 1 1 1 1 1 2 1 2 2 0 1 2 2 1 2 4 3 2 3 2 3 2 3 4 2 5      63000      25200 
9207	 577000	1 0 1 0 1 1 1 1 1 1 1 1 1 1 1 0 1 0 1 1 1 1 1 1 1 1 1 1 1 1 1 1 1 1 1 1 1 1 1 2 1 2 1 2 1 2 2 1 2 4 3 2 3 2 3 2 3 3 3 5      64500      19500 
10593	 550000	1 0 1 0 1 1 1 1 1 1 1 1 1 1 1 0 1 0 1 1 1 1 1 1 1 1 1 1 1 1 1 1 1 1 1 1 1 1 1 2 1 2 1 2 1 2 2 1 2 4 3 2 3 2 3 2 3 4 3 4      63000      20500 
11385	 535000	0 1 0 1 1 1 1 1 0 1 0 1 1 1 0 1 0 1 1 1 1 1 1 1 1 1 1 1 1 1 1 1 1 1 1 1 1 1 2 1 3 1 2 1 2 1 1 2 5 2 2 3 2 3 2 3 4 3 4 3      17500      65000 
11583	 515000	1 0 1 0 1 1 1 1 1 0 1 0 1 0 1 0 1 0 1 1 1 1 1 1 1 1 1 1 1 1 1 1 1 1 1 1 1 1 1 2 1 3 1 2 1 2 2 1 2 5 3 2 3 2 3 2 3 5 3 4      65000      17500 
12078	 505000	0 1 0 1 1 1 1 1 0 1 1 1 0 1 0 1 0 1 1 1 1 1 1 1 1 1 1 1 1 1 1 1 1 1 1 1 1 1 2 1 2 1 2 1 2 1 1 2 5 2 2 3 2 3 2 3 5 3 4 3      17500      65000 
14850	 500000	0 1 0 1 1 1 1 1 0 1 0 1 0 1 0 1 0 1 1 1 1 1 1 1 1 1 1 1 1 1 2 1 1 1 1 1 1 1 2 1 2 1 2 1 2 1 1 2 5 2 2 3 2 3 2 3 5 3 4 3      17500      65000 
17127	 480000	1 0 1 0 1 0 1 1 1 0 1 0 1 0 1 0 1 0 1 1 1 1 1 1 1 1 1 1 1 1 1 2 1 1 1 1 1 1 1 2 1 2 1 2 1 2 2 1 2 6 3 2 3 2 3 2 3 5 3 4      67000      16000 
18513	 467144	1 0 1 0 1 0 1 0 1 0 1 0 1 0 1 0 1 0 1 1 1 1 1 1 1 1 1 1 1 1 1 1 1 1 1 1 1 1 1 2 1 2 1 2 1 3 2 1 2 6 3 2 3 2 3 2 3 5 3 5      67142      15715 
19800	 462500	1 0 1 0 1 1 1 0 1 0 1 0 1 0 1 0 1 0 1 1 1 1 1 1 1 1 1 1 1 1 1 1 1 1 1 1 1 1 1 2 1 2 1 2 1 2 2 1 2 6 3 2 3 2 3 2 3 5 3 5      66250      16250 
20790	 120800	1 0 1 0 1 0 1 0 1 0 1 0 1 0 1 0 1 0 1 1 1 1 1 1 1 1 1 1 1 1 1 1 1 1 1 1 1 1 1 2 1 2 1 2 1 2 2 1 2 6 3 2 3 2 3 3 3 5 3 5      66000      16400 
23661	 105600	1 0 1 0 1 0 1 0 1 0 1 0 1 0 1 0 1 0 1 1 1 1 1 1 1 1 1 1 1 1 1 1 1 1 1 1 1 2 1 2 1 2 1 2 1 2 2 1 2 6 3 2 3 2 3 2 3 5 3 5      66000      16400 