
0     44834.00      658000.00
1     55838.00      587000.00
2     26546.00      642000.00
3     48890.00      550000.00
4     37506.00      630000.00
5     40435.00      522000.00
6     47380.00      602000.00
7     37660.00      638000.00
8     14977.00      578000.00
9     28717.00      694000.00
10     39433.00      738000.00
11     29912.00      650000.00
12     58841.00      542000.00
13     16360.00      570000.00
14     46712.00      674000.00
15     12678.00      710000.00
16     60149.00      686000.00
17     60145.00      658000.00
18     17223.00      530000.00
19     46421.00      579600.00