
0     49985.00      626000.00
1     65764.00      740000.00
2     31487.00      710000.00
3     62500.00      610000.00
4     23621.00      734000.00
5     79994.00      601250.00
6     18736.00      708000.00
7     21954.00     3850126.00
8      4443.00     3850126.00
9     26579.00      628500.00
10     88023.00      602000.00
11     69550.00      730000.00
12     43914.00      746000.00
13     72865.00      554000.00
14     79478.00      663600.00
15     38301.00      666000.00
16     72717.00      670000.00
17     11440.00     1289000.00
18     31024.00      641000.00
19     32095.00      578000.00