
0      63865.00     1428978.00
1     147486.00     1921800.00
2     148600.00     1859800.00
3     146244.00     2205300.00
4     146954.00     1952800.00
5     146926.00     1725000.00
6     148103.00     2058800.00
7     146367.00     2012636.00
8     115000.00     1931800.00
9     147066.00     1998800.00
10     131218.00     1941800.00
11     131083.00     1529052.00
12     146180.00     2075400.00
13     145814.00     2037200.00
14     146302.00     2392550.00
15     147470.00     2082800.00
16     149556.00     2143800.00
17     145949.00     2374050.00
18     133877.00     2284302.00
19     148429.00     2377800.00