
0       6526.00       16616.00
1      13119.00       11250.00
2      19422.00        7072.00
3      16068.00       12061.00
4      20256.00       10003.00
5      11639.00        9287.00
6       7591.00        5003.00
7       2931.00       12060.00
8      16205.00       11250.00
9      15071.00        9287.00
10      13298.00        9287.00
11      10839.00        8750.00
12      10331.00        5001.00
13      15566.00        4448.00
14      10018.00       10836.00
15      14287.00       13489.00
16       7340.00        5001.00
17       1153.00        9287.00
18      17489.00        8750.00
19      14502.00       11430.00