
0	2226000	2 0 1 0 0 2 1 0 1 1 0 2 1 1 0 2 0 2 1 1 0 2 1 0 1 0 1 1 0 3 3 0 1 0 1 1 0 3 1 0 1 1 1 1 1 0 2 0 5 5 2 1 2 6 2 2 3 3 7 2      90000      36000 
99	 969000	1 1 1 0 1 1 1 0 1 0 1 0 1 0 1 0 1 0 1 1 1 0 1 0 1 3 1 1 1 2 1 1 1 1 1 1 1 1 1 1 1 4 1 3 1 1 2 0 3 1 3 5 3 0 3 5 4 1 1 8      72000      22500 
297	 810000	1 1 1 1 0 1 1 1 1 1 1 1 1 1 1 1 1 1 1 1 1 1 1 1 1 1 1 1 1 1 1 1 1 1 1 1 2 1 1 1 1 1 1 1 1 1 2 2 4 3 2 3 2 3 1 3 1 4 7 1      27000      63000 
594	 787000	1 1 1 1 1 1 1 1 1 1 1 1 1 1 1 1 1 1 1 1 1 1 1 1 1 1 1 1 1 1 1 1 1 1 1 1 1 1 1 1 1 1 1 1 1 1 2 2 4 3 2 3 2 3 1 3 1 4 7 1      31500      58500 
13131	 742000	1 1 0 1 1 1 0 1 1 1 1 1 1 1 1 1 1 1 1 1 0 1 0 1 1 1 1 1 1 1 1 1 1 1 1 1 1 1 1 1 1 1 1 1 3 1 1 2 2 3 2 3 2 3 2 3 1 4 11 1      18000      72000 
28467	 690000	1 1 0 1 1 1 1 1 1 1 1 1 1 1 1 1 1 1 1 1 1 1 1 1 1 1 1 1 1 1 1 1 1 1 1 1 1 1 1 1 1 1 1 1 2 1 1 2 2 3 1 3 2 3 1 3 1 4 11 1      19000      71000 
0	2636000	0 1 2 0 0 3 0 1 0 1 1 0 1 1 0 2 2 1 1 0 1 1 2 0 1 0 1 2 2 1 0 3 0 2 1 1 1 2 3 0 1 1 1 1 1 1 3 0 2 5 3 2 2 3 4 2 0 4 6 1      72000      63000 
99	1105800	1 1 1 0 1 0 1 1 1 1 1 0 1 0 1 1 1 1 1 2 1 0 1 1 1 0 1 0 1 0 1 3 1 0 1 1 1 0 1 2 1 2 1 1 1 1 2 2 3 3 3 0 3 2 3 0 4 7 1 10      81000      17100 
198	1059400	1 1 0 1 1 1 0 1 0 1 1 1 1 1 0 1 0 1 2 1 1 1 1 1 2 1 2 1 1 1 2 1 1 1 0 1 1 1 1 1 1 1 1 1 1 1 1 2 2 3 2 3 1 3 2 3 3 4 10 1      17100      81000 
297	 701112	1 1 1 1 1 1 1 1 1 1 1 1 1 1 1 0 1 1 1 1 1 1 1 1 1 1 1 1 1 1 1 1 1 1 1 1 1 1 1 1 1 1 1 2 1 1 2 1 3 2 3 2 3 1 3 1 4 2 1 10      68889      21111 
693	 698890	0 1 1 1 1 1 1 1 1 1 1 1 1 1 1 1 1 1 1 1 1 1 1 1 1 1 1 1 1 1 1 1 1 1 1 1 1 1 1 1 1 1 2 1 1 1 1 2 2 3 2 3 1 3 1 3 2 4 10 1      21111      68889 
0	2792000	1 0 1 0 2 0 2 0 0 2 0 1 0 2 1 1 1 0 1 0 1 2 1 0 1 1 1 2 2 0 1 4 2 0 0 2 1 2 1 1 0 3 0 2 0 3 0 3 2 2 6 0 2 6 1 2 3 1 8 0      72000      67500 
99	1223750	1 1 1 1 0 1 2 1 1 1 0 1 0 1 1 1 0 1 0 1 2 1 2 1 1 1 1 1 1 1 1 1 0 1 1 1 1 1 2 1 2 1 1 1 1 1 3 2 0 3 3 3 3 3 1 3 2 4 8 1      21375      81000 
198	 941000	1 1 0 1 1 1 0 1 1 1 1 1 1 1 1 1 2 1 1 1 0 1 1 1 1 1 1 1 2 1 1 1 2 1 1 1 1 1 3 1 1 1 1 1 2 1 2 2 1 3 0 3 1 3 2 3 2 4 8 1      22500      72000 
297	 865750	1 1 1 1 0 1 1 1 1 1 0 1 0 1 1 1 1 1 1 1 2 1 2 1 1 1 1 1 1 1 1 1 1 1 1 1 1 1 1 1 2 1 1 1 1 1 2 2 0 3 3 3 3 3 1 3 2 4 8 1      22875      69000 
396	 741430	1 1 1 1 1 1 1 1 1 1 1 1 1 1 1 1 1 1 1 1 1 1 1 1 1 1 1 1 1 1 1 1 1 1 1 1 1 1 1 1 1 1 1 1 1 1 1 2 3 3 2 3 1 3 3 3 1 4 8 1      27143      62857 
0	2802000	0 1 2 0 1 1 0 1 0 1 0 1 2 0 1 0 1 1 1 0 1 0 0 2 1 0 1 1 1 2 2 1 0 3 0 4 3 0 1 2 3 0 0 4 2 0 0 2 1 4 5 1 3 4 2 2 3 4 5 0      72000      67500 
99	 897720	1 0 1 0 1 1 1 0 1 1 1 1 1 1 1 1 1 0 1 2 1 0 1 1 1 0 1 1 1 2 1 0 1 1 1 1 1 0 1 1 1 2 1 1 1 1 2 0 3 2 3 1 3 3 3 1 4 3 1 14      81000      12215 
198	 879720	0 1 0 1 1 1 0 1 1 1 1 1 1 1 1 1 0 1 2 1 0 1 1 1 0 1 1 1 1 1 1 1 1 1 1 1 0 1 1 1 2 1 1 1 1 1 0 2 2 3 1 3 3 3 1 3 3 4 14 1      12215      81000 
396	 708464	0 1 0 1 1 1 0 1 1 1 1 1 1 1 1 1 0 1 2 1 0 1 1 1 0 1 1 1 2 1 1 1 1 1 1 1 1 1 1 1 2 1 1 1 1 1 0 2 2 3 1 3 2 3 1 3 2 4 14 1      14616      75384 
495	 688464	1 0 1 0 1 1 1 0 1 1 1 1 1 1 1 1 1 0 1 1 1 0 1 1 1 0 1 1 1 2 1 1 1 1 1 1 1 1 1 1 1 2 1 1 1 2 2 0 3 2 3 1 3 2 3 1 4 2 1 14      75384      14616 
693	 681668	0 1 0 1 1 1 0 1 1 1 1 1 1 1 1 1 0 1 1 1 1 1 1 1 0 1 1 1 2 1 1 1 1 1 1 1 1 1 1 1 2 1 1 1 2 1 1 2 2 3 1 3 2 3 1 3 1 4 13 1      15834      74166 
792	 679232	0 1 0 1 1 1 0 1 1 1 1 1 1 1 1 1 1 1 1 1 1 1 1 1 0 1 1 1 2 1 1 1 1 1 1 1 1 1 1 1 2 1 1 1 2 1 0 2 2 3 1 3 1 3 1 3 1 4 14 1      14616      75384 
990	 670000	0 1 0 1 1 1 1 1 1 1 1 1 1 1 1 1 1 1 1 1 1 1 1 1 1 1 1 1 1 1 1 1 1 1 1 1 1 1 1 1 2 1 1 1 2 1 1 2 1 3 1 3 2 3 1 3 1 4 12 1      17273      72727 
0	2302000	0 1 3 0 2 0 0 1 0 3 1 2 1 2 2 0 1 1 0 1 0 2 0 1 2 0 0 2 2 2 1 2 1 4 0 1 1 1 3 1 3 0 2 0 2 0 0 2 3 2 1 2 1 4 2 2 2 2 6 1      45000      81000 
99	1293000	1 0 1 1 1 0 1 1 1 0 1 2 1 1 1 1 1 2 1 1 1 0 1 1 1 0 1 1 1 0 1 1 1 1 1 2 1 1 1 1 1 0 1 2 1 0 2 1 3 3 3 2 3 2 3 1 4 2 1 12      90000      13500 
198	1241750	1 0 1 1 1 1 1 1 1 1 1 0 1 1 1 4 1 1 1 1 1 1 1 0 1 1 1 0 1 1 1 0 1 1 1 1 1 1 1 1 1 1 1 1 1 1 2 0 3 0 3 3 3 2 3 4 4 4 1 8      81000      21375 
297	 953000	0 1 1 1 0 1 1 1 1 1 1 1 1 1 1 1 1 1 1 1 1 1 1 1 0 1 1 1 0 1 1 1 1 1 2 1 1 1 1 1 1 1 2 1 1 1 1 2 3 3 2 3 1 3 1 3 1 4 12 1      14250      81000 
495	 710000	0 1 1 1 0 1 1 1 1 1 1 1 1 1 1 1 1 1 1 1 1 1 1 1 1 1 1 1 1 1 1 1 1 1 2 1 1 1 1 1 1 1 1 1 1 1 1 2 2 3 2 3 1 3 1 3 1 4 12 1      20000      70000 
792	 690000	1 1 1 1 0 1 1 1 1 1 1 1 1 1 1 1 1 1 1 1 1 1 1 1 1 1 1 1 1 1 1 1 1 1 1 1 1 1 1 1 1 1 2 1 1 1 1 2 2 3 2 3 1 3 1 3 1 4 11 1      20000      70000 
25569	 679092	1 1 0 1 1 1 0 1 1 1 0 1 0 1 0 1 0 1 0 1 1 1 1 1 0 1 1 1 1 1 1 1 1 1 1 1 1 1 2 1 1 1 2 1 2 1 2 2 1 3 1 3 3 3 1 3 4 4 12 1      17273      72727 
26262	 664546	1 1 0 1 1 1 0 1 1 1 0 1 0 1 1 1 1 1 0 1 1 1 1 1 1 1 1 1 1 1 1 1 1 1 1 1 1 1 2 1 1 1 2 1 2 1 1 2 1 3 1 3 1 3 1 3 4 4 12 1      17273      72727 
0	2600000	2 0 1 0 0 2 0 2 1 2 0 2 0 2 1 0 1 1 1 0 0 2 1 2 1 0 1 2 0 2 1 1 1 2 1 2 0 2 1 0 1 0 1 1 0 2 2 2 3 3 4 1 4 2 4 0 1 4 8 1      90000      45000 
99	1324560	1 1 1 1 1 1 1 0 1 0 1 2 1 2 1 1 1 1 1 1 1 1 1 0 1 2 1 1 1 0 1 1 1 1 1 0 1 3 1 0 1 1 1 1 1 1 2 1 3 2 3 3 3 0 3 2 4 1 1 11      90000      14728 
198	1160000	1 1 1 1 1 1 1 1 1 1 1 1 1 1 1 1 1 2 1 0 1 1 1 1 1 2 1 0 1 1 1 0 1 1 1 1 1 0 1 2 1 1 1 1 1 1 2 1 3 4 3 2 3 2 3 0 4 2 1 9      81000      19000 
297	 756000	1 1 1 1 0 1 0 1 1 1 0 1 1 1 1 1 1 1 1 1 1 1 1 1 1 1 1 1 1 1 1 1 1 1 1 1 1 1 1 1 1 1 1 1 1 1 1 2 2 3 3 3 4 3 3 3 1 4 8 1      27000      63000 
594	 723334	1 1 1 1 1 1 1 1 1 1 1 1 1 1 1 1 1 1 1 1 1 1 1 1 1 1 1 1 1 1 1 1 1 1 1 1 3 1 1 1 1 1 1 1 1 1 1 2 1 3 2 3 1 3 1 3 1 4 10 1      21111      68889 
0	2580000	1 0 1 0 2 0 1 1 1 1 1 0 1 0 0 2 1 0 0 2 0 2 0 2 1 3 1 0 2 0 0 5 0 2 1 0 1 1 2 0 2 0 1 0 1 2 1 1 3 3 1 7 1 3 5 1 3 4 7 0      90000      45000 
99	 992736	0 1 1 1 0 1 1 1 1 1 1 1 0 1 1 1 1 1 0 1 1 1 1 1 1 1 1 1 1 1 1 1 0 1 1 1 1 1 2 1 2 1 1 1 1 1 1 2 1 3 1 3 4 3 4 3 0 4 11 1      15546      81000 
297	 690000	0 1 1 1 1 1 1 1 1 1 1 1 0 1 1 1 1 1 1 1 1 1 1 1 1 1 1 1 1 1 1 1 1 1 1 1 1 1 2 1 1 1 1 1 1 1 1 2 1 3 1 3 2 3 4 3 0 4 11 1      19000      71000 
0	2580000	1 0 0 1 2 0 1 0 2 0 1 1 0 3 0 1 1 1 0 1 1 1 1 3 2 1 2 0 0 2 2 1 2 1 2 0 1 1 0 4 0 2 1 1 0 2 1 1 0 6 1 5 4 1 4 1 5 1 5 0      63000      72000 
99	 919848	1 1 1 1 1 0 1 0 1 0 1 0 1 0 1 0 1 0 1 1 1 1 1 0 1 0 1 0 1 1 1 1 1 1 1 0 1 1 1 1 1 1 1 3 1 3 2 1 3 1 3 1 3 3 3 3 4 4 1 13      81000      13154 
198	 901848	1 1 1 1 0 1 0 1 1 1 0 1 0 1 0 1 0 1 1 1 1 1 0 1 0 1 0 1 1 1 1 1 1 1 1 1 1 1 1 1 1 1 3 1 3 1 1 2 1 3 1 3 2 3 2 3 4 4 13 1      13154      81000 
594	 681668	1 1 1 1 0 1 0 1 1 1 1 1 0 1 0 1 0 1 1 1 1 1 0 1 1 1 1 1 1 1 1 1 1 1 1 1 1 1 1 1 1 1 2 1 3 1 1 2 1 3 1 3 2 3 1 3 3 4 13 1      15834      74166 
693	 670000	1 1 1 1 0 1 0 1 1 1 1 1 0 1 0 1 1 1 1 1 1 1 1 1 1 1 1 1 1 1 1 1 1 1 1 1 1 1 1 1 1 1 2 1 2 1 1 2 1 3 1 3 1 3 1 3 4 4 12 1      17273      72727 
0	2930000	0 1 1 0 1 2 0 1 2 0 1 1 3 0 0 1 1 0 0 4 1 1 0 1 0 1 1 1 2 0 0 1 1 2 2 0 2 0 2 1 0 2 2 2 1 1 1 3 2 3 4 3 2 2 2 3 4 2 4 3      63000      81000 
99	1095400	1 1 0 1 1 1 1 1 1 1 1 1 1 1 1 1 1 1 1 1 0 1 0 1 0 1 0 1 1 1 1 1 0 1 1 1 0 1 1 1 1 1 1 1 1 1 3 2 2 3 2 3 4 3 2 3 3 4 10 1      17100      81000 
396	 802000	0 1 1 1 1 1 0 1 0 1 1 1 1 1 1 1 1 1 1 1 1 1 1 1 1 1 1 1 1 1 1 1 1 1 1 1 2 1 1 1 1 1 1 1 2 1 2 2 3 3 2 3 1 3 3 3 2 4 7 1      27000      63000 
693	 798000	1 1 1 1 1 1 1 1 1 1 1 1 1 1 1 1 1 1 1 1 0 1 0 1 1 1 1 1 1 1 1 1 1 1 1 1 1 1 1 1 1 1 1 1 1 1 2 2 2 3 1 3 4 3 1 3 1 4 10 1      18000      72000 
792	 782000	1 1 1 1 1 1 1 1 1 1 1 1 1 1 1 1 1 1 1 1 0 1 1 1 1 1 1 1 1 1 1 1 1 1 1 1 1 1 1 1 1 1 1 1 1 1 2 2 1 3 1 3 4 3 1 3 1 4 10 1      18000      72000 
990	 741000	0 1 1 1 1 1 1 1 1 1 1 1 1 1 1 1 1 1 1 1 1 1 1 1 1 1 1 1 1 1 1 1 1 1 1 1 2 1 1 1 1 1 1 1 2 1 2 2 2 3 2 3 1 3 2 3 2 4 7 1      31500      58500 
1188	 723334	1 1 1 1 1 1 1 1 1 1 1 1 1 1 1 1 1 1 1 1 1 1 1 1 1 1 1 1 1 1 1 1 1 1 1 1 1 1 1 1 1 1 1 1 1 1 2 2 1 3 1 3 3 3 1 3 1 4 10 1      21111      68889 
19944	 670000	1 1 0 1 1 1 1 1 0 1 0 1 1 1 1 1 0 1 2 1 1 1 1 1 1 1 1 1 1 1 1 1 1 1 1 1 1 1 3 1 3 1 1 1 1 1 1 2 1 3 1 3 1 3 1 3 2 4 11 1      19000      71000 
0	2608000	1 1 0 1 1 0 1 1 1 1 1 0 0 1 1 0 1 1 0 1 0 5 1 1 1 1 2 1 0 2 0 2 0 2 1 1 0 2 0 2 1 3 2 0 3 0 1 1 5 1 3 1 2 3 2 2 0 5 11 0      63000      72000 
99	 862000	1 0 1 1 1 1 1 1 1 1 1 0 1 1 1 1 1 1 1 0 1 2 1 1 1 2 1 1 1 1 1 1 1 2 1 1 1 1 1 1 1 1 1 1 1 1 2 0 3 3 3 1 3 1 3 3 4 2 1 9      72000      20000 
297	 726000	0 1 1 1 0 1 0 1 1 1 0 1 1 1 1 1 1 1 1 1 0 1 1 1 1 1 1 1 1 1 1 1 1 1 1 1 1 1 1 1 2 1 1 1 1 1 1 2 3 3 1 3 5 3 1 3 1 4 11 1      18000      72000 
495	 721112	1 0 1 1 1 1 1 1 1 1 1 0 1 1 1 1 1 1 1 1 1 1 1 1 1 1 1 1 1 1 1 1 1 2 1 1 1 1 1 1 1 1 1 1 1 1 2 1 3 3 3 1 3 1 3 2 4 2 1 10      68889      21111 
594	 718890	0 1 1 1 1 1 1 1 1 1 1 1 1 1 1 1 1 1 1 1 1 1 1 1 1 1 1 1 1 1 1 1 1 1 1 1 1 1 1 1 1 1 1 1 1 1 1 2 3 3 1 3 1 3 3 3 1 4 10 1      21111      68889 
693	 690000	1 1 1 1 0 1 0 1 1 1 0 1 1 1 1 1 1 1 1 1 1 1 1 1 1 1 1 1 1 1 1 1 1 1 1 1 1 1 1 1 2 1 1 1 1 1 1 2 2 3 1 3 4 3 1 3 1 4 11 1      20000      70000 
0	2962000	1 0 1 0 1 0 0 3 0 2 1 2 1 0 1 0 1 0 2 0 1 1 2 0 0 2 2 0 1 1 0 2 1 0 1 1 0 2 1 2 1 1 0 2 1 1 2 2 1 2 3 2 3 4 4 2 6 3 3 5      81000      63000 
99	1160000	1 1 1 1 1 1 1 1 2 1 4 1 1 1 1 1 2 1 1 1 1 1 0 1 0 1 0 1 1 1 0 1 1 1 1 1 0 1 1 1 1 1 1 1 1 1 0 2 2 3 1 3 4 3 2 3 1 4 9 1      19000      81000 
198	 790000	1 1 0 1 0 1 1 1 1 1 1 1 1 1 1 1 1 1 1 1 1 1 1 1 1 1 1 1 1 1 1 1 2 1 1 1 4 1 1 1 1 1 1 1 3 1 1 2 1 3 1 3 2 3 1 3 1 4 8 1      26666      63334 
594	 698890	1 1 1 1 1 1 1 1 1 1 1 1 1 1 1 1 1 1 1 1 1 1 1 1 1 1 1 1 1 1 1 1 1 1 1 1 1 1 1 1 1 1 1 1 2 1 1 2 1 3 2 3 2 3 1 3 1 4 10 1      21111      68889 
0	2550000	0 1 2 0 0 1 1 0 0 1 2 0 0 1 0 1 0 3 1 1 0 1 1 1 2 0 0 2 2 1 2 1 1 1 2 0 0 4 1 1 1 1 0 3 0 2 4 0 1 3 2 3 1 4 5 1 3 3 8 1      63000      72000 
99	 985828	1 1 0 1 4 1 0 1 0 1 1 1 1 1 1 1 0 1 1 1 0 1 0 1 1 1 1 1 1 1 0 1 1 1 2 1 1 1 2 1 1 1 3 1 2 1 1 2 2 3 1 3 0 3 1 3 2 4 11 1      15546      81000 
198	 890156	1 1 0 1 2 1 0 1 0 1 1 1 1 1 1 1 0 1 1 1 0 1 0 1 1 1 1 1 1 1 0 1 1 1 2 1 1 1 2 1 1 1 3 1 2 1 1 2 2 3 1 3 0 3 1 3 2 4 13 1      13154      81000 
297	 852580	1 1 0 1 1 1 0 1 0 1 1 1 1 1 1 1 0 1 1 1 0 1 0 1 1 1 1 1 1 1 0 1 1 1 2 1 1 1 2 1 1 1 3 1 2 1 1 2 2 3 1 3 0 3 1 3 2 4 14 1      12215      81000 
396	 730000	1 1 0 1 0 1 1 1 1 1 1 1 0 1 1 1 1 1 2 1 2 1 1 1 3 1 2 1 1 1 1 1 1 1 1 1 1 1 1 1 2 1 1 1 1 1 0 2 2 3 1 3 1 3 1 3 1 4 10 1      20000      70000 
495	 693638	1 1 1 1 1 1 0 1 0 1 1 1 1 1 1 1 1 1 1 1 1 1 1 1 1 1 1 1 1 1 1 1 1 1 1 1 1 1 1 1 2 1 1 1 2 1 1 2 1 3 1 3 0 3 2 3 2 4 12 1      17273      72727 
594	 690000	1 1 0 1 4 1 0 1 0 1 1 1 1 1 1 1 1 1 1 1 1 1 1 1 1 1 1 1 1 1 1 1 1 1 2 1 1 1 2 1 1 1 2 1 1 1 1 2 1 3 1 3 1 3 1 3 1 4 10 1      20000      70000 
693	 670000	1 1 1 1 1 1 1 1 0 1 1 1 1 1 1 1 1 1 1 1 1 1 1 1 1 1 1 1 1 1 1 1 1 1 1 1 1 1 1 1 2 1 1 1 2 1 1 2 1 3 1 3 1 3 1 3 2 4 11 1      19000      71000 
0	2498000	0 1 1 0 1 0 1 1 2 0 1 0 1 0 0 2 1 0 1 1 1 0 1 0 1 0 1 2 1 1 2 2 0 2 1 1 3 0 2 0 2 1 0 4 0 3 3 1 2 5 1 4 2 5 4 3 1 3 5 0      72000      60000 
99	1160000	1 1 1 0 1 1 1 0 1 1 1 1 1 0 1 1 1 3 1 1 1 0 1 0 1 0 1 0 1 0 1 2 1 0 1 1 1 2 1 1 1 1 1 1 1 3 2 0 3 0 3 1 3 4 3 2 4 6 1 9      81000      19000 
198	1142000	1 1 0 1 1 1 0 1 1 1 1 1 0 1 1 1 3 1 1 1 0 1 0 1 0 1 1 1 0 1 2 1 0 1 1 1 1 1 1 1 1 1 1 1 2 1 0 2 1 3 1 3 4 3 2 3 6 4 9 1      19000      81000 
297	1067730	0 1 1 1 1 1 1 1 1 1 0 1 0 1 1 1 1 1 1 1 2 1 2 1 0 1 1 1 2 1 1 1 1 1 1 1 1 1 1 1 1 1 1 1 3 1 1 2 1 3 2 3 0 3 3 3 4 4 7 1      25715      72000 
396	1046736	1 1 0 1 1 1 1 1 0 1 1 1 1 1 1 1 1 1 1 1 1 1 1 1 1 1 2 1 1 1 0 1 0 1 0 1 0 1 2 1 2 1 1 1 1 1 1 2 1 3 2 3 1 3 4 3 2 4 11 1      15546      81000 
594	 844000	1 1 1 1 1 1 0 1 1 1 1 1 1 1 1 1 1 1 1 1 1 1 1 1 1 1 1 1 1 1 1 1 1 1 1 1 1 1 1 1 2 1 1 1 1 1 1 2 1 3 1 3 4 3 1 3 4 4 7 1      27000      63000 
693	 750500	1 1 1 1 1 1 0 1 1 1 1 1 1 1 1 1 1 1 1 1 1 1 1 1 1 1 1 1 1 1 1 1 1 1 1 1 1 1 1 1 2 1 2 1 1 1 0 2 1 3 1 3 2 3 1 3 4 4 9 1      20250      69750 
1188	 750000	1 1 1 1 1 1 1 1 1 1 1 1 1 1 1 1 1 1 1 1 1 1 1 1 1 1 1 1 1 1 1 1 1 1 1 1 1 1 1 1 2 1 2 1 1 1 0 2 1 3 1 3 2 3 1 3 3 4 9 1      22500      67500 
1287	 715000	1 1 1 1 1 1 1 1 1 1 1 1 1 1 1 1 1 1 1 1 1 1 1 1 1 1 1 1 1 1 1 1 1 1 1 1 1 1 1 1 2 1 2 1 1 1 1 2 1 3 1 3 2 3 1 3 2 4 9 1      23750      66250 
0	2592000	1 3 1 0 2 0 0 1 1 0 0 1 1 0 1 1 1 0 1 1 1 2 1 0 1 1 1 1 2 0 1 2 0 2 1 2 1 1 2 0 1 1 0 3 0 2 4 0 5 3 3 4 3 0 1 3 4 2 1 6      72000      63000 
99	1051800	1 1 1 1 1 0 1 0 1 0 1 0 1 0 1 1 1 1 1 1 1 1 1 1 1 0 1 1 1 1 1 1 1 1 1 2 1 0 1 1 1 1 1 2 1 2 2 1 3 4 3 0 3 3 3 0 4 5 1 10      81000      17100 
198	 902000	1 1 1 1 1 1 2 1 0 1 1 1 2 1 0 1 0 1 1 1 1 1 0 1 1 1 1 1 1 1 1 1 2 1 1 1 1 1 3 1 2 1 1 1 2 1 1 2 1 3 1 3 1 3 1 3 3 4 8 1      22500      72000 
297	 818000	1 1 1 1 1 1 1 1 1 1 1 1 2 1 0 1 0 1 1 1 1 1 0 1 1 1 1 1 1 1 1 1 2 1 1 1 1 1 3 1 1 1 1 1 2 1 1 2 1 3 1 3 1 3 1 3 3 4 9 1      20000      72000 
495	 788858	1 1 1 1 1 1 1 1 1 1 1 1 1 1 0 1 0 1 1 1 1 1 1 1 1 1 1 1 2 1 1 1 1 1 1 1 2 1 3 1 2 1 1 1 1 1 1 2 1 3 1 3 1 3 1 3 3 4 8 1      23143      66857 
594	 758000	1 1 1 1 1 0 1 0 1 1 1 0 1 1 1 1 1 1 1 2 1 2 1 0 1 0 1 1 1 1 1 1 1 1 1 1 1 2 1 2 1 1 1 1 1 2 2 1 3 2 3 2 3 3 3 1 4 0 1 10      72000      18000 
693	 670000	0 1 1 1 0 1 0 1 1 1 0 1 1 1 1 1 1 1 1 1 1 1 1 1 1 1 1 1 1 1 1 1 1 1 1 1 2 1 2 1 1 1 2 1 2 1 1 2 2 3 2 3 3 3 1 3 0 4 10 1      21111      68889 
1089	 665556	0 1 1 1 0 1 0 1 1 1 0 1 1 1 1 1 1 1 1 1 1 1 1 1 1 1 1 1 1 1 1 1 1 1 1 1 2 1 2 1 1 1 2 1 2 1 1 2 1 3 2 3 3 3 1 3 1 4 10 1      21111      68889 
1287	 661112	0 1 1 1 0 1 0 1 1 1 0 1 1 1 1 1 1 1 1 1 1 1 1 1 1 1 1 1 1 1 1 1 1 1 1 1 1 1 2 1 1 1 2 1 2 1 1 2 2 3 2 3 3 3 1 3 1 4 10 1      21111      68889 
1584	 658890	0 1 1 1 0 1 0 1 1 1 1 1 1 1 1 1 1 1 1 1 1 1 1 1 1 1 1 1 1 1 1 1 1 1 1 1 1 1 2 1 1 1 2 1 2 1 1 2 2 3 2 3 2 3 1 3 1 4 10 1      21111      68889 
0	2578000	2 0 1 2 0 1 1 0 1 1 1 0 1 0 2 0 0 1 0 1 0 2 0 4 0 2 0 2 0 3 1 1 1 1 1 1 0 2 2 0 0 2 1 1 1 1 3 2 3 2 1 4 3 1 3 3 5 1 8 1      63000      72000 
99	1058590	0 1 0 1 0 1 1 1 0 1 1 1 0 1 1 1 0 1 1 1 0 1 1 1 1 1 1 1 2 1 2 1 3 1 1 1 1 1 1 1 2 1 2 1 2 1 2 2 0 3 3 3 1 3 1 3 5 4 7 1      25715      72000 
594	 965718	0 1 0 1 0 1 1 1 0 1 1 1 0 1 1 1 0 1 1 1 1 1 1 1 1 1 1 1 2 1 2 1 3 1 1 1 1 1 1 1 2 1 2 1 2 1 1 2 0 3 3 3 1 3 1 3 5 4 7 1      26143      69000 
792	 830000	0 1 1 1 1 1 1 1 1 1 1 1 1 1 1 1 1 1 1 1 1 1 1 1 1 1 1 1 1 1 2 1 2 1 1 1 1 1 1 1 1 1 2 1 1 1 2 2 1 3 3 3 1 3 1 3 2 4 7 1      30000      60000 
0	2566000	0 1 0 4 2 0 0 1 0 2 1 0 0 1 0 1 2 0 0 1 0 1 0 3 0 2 1 1 1 1 1 1 1 1 1 1 0 2 1 1 3 0 0 2 3 0 2 1 2 2 3 2 3 2 1 5 6 3 8 0      63000      72000 
99	 770000	1 1 1 0 1 1 1 1 1 1 1 0 1 0 1 1 1 0 1 1 1 1 1 2 1 2 1 1 1 2 1 1 1 1 1 1 1 2 1 2 1 1 1 1 1 2 2 1 3 1 3 2 3 0 3 2 4 2 1 9      69000      21000 
198	 728000	1 1 0 1 1 1 1 1 1 1 0 1 0 1 1 1 0 1 1 1 1 1 1 1 2 1 1 1 2 1 1 1 1 1 1 1 2 1 2 1 1 1 1 1 2 1 1 2 1 3 2 3 0 3 2 3 2 4 10 1      21000      69000 
396	 701112	1 1 0 1 1 1 1 1 1 1 1 1 1 1 1 1 0 1 1 1 1 1 1 1 1 1 1 1 1 1 1 1 1 1 1 1 2 1 1 1 1 1 1 1 2 1 1 2 1 3 2 3 1 3 2 3 2 4 10 1      21111      68889 
495	 690000	1 1 1 1 1 1 1 1 1 1 1 0 1 0 1 1 1 0 1 1 1 1 1 1 1 1 1 1 1 2 1 1 1 1 1 1 1 2 1 2 1 1 1 1 1 2 2 1 3 1 3 1 3 1 3 2 4 2 1 10      68889      21111 
594	 670000	1 1 0 1 1 1 1 1 1 1 1 1 0 1 1 1 0 1 1 1 1 1 1 1 1 1 1 1 1 1 1 1 1 1 1 1 1 1 2 1 1 1 1 1 2 1 1 2 1 3 2 3 1 3 2 3 2 4 11 1      19000      71000 
0	2582000	0 1 0 1 1 0 1 0 0 3 1 0 0 1 3 0 0 2 1 0 0 2 1 0 1 0 0 2 1 2 1 1 1 1 1 1 0 5 1 2 2 0 2 1 2 0 3 1 2 3 1 4 1 3 3 4 4 1 8 1      72000      63000 
99	1066000	1 1 1 1 1 1 1 1 1 1 0 1 1 1 0 1 1 1 3 1 0 1 0 1 0 1 1 1 1 1 0 1 1 1 0 1 1 1 2 1 1 1 3 1 2 1 1 2 4 3 0 3 2 3 1 3 2 4 10 1      17100      81000 
297	 955000	1 1 0 1 2 1 0 1 1 1 1 1 0 1 1 1 3 1 1 1 1 1 1 1 1 1 1 1 1 1 1 1 1 1 1 1 1 1 1 1 2 1 1 1 1 1 1 2 2 3 3 3 1 3 3 3 2 4 6 1      31500      63000 
396	 834000	1 1 1 1 0 1 1 1 1 1 0 1 1 1 0 1 1 1 1 1 1 1 1 1 0 1 1 1 1 1 3 1 1 1 2 1 2 1 1 1 1 1 2 1 1 1 1 2 3 3 1 3 1 3 2 3 1 4 9 1      20000      72000 
693	 770000	1 1 1 1 1 1 1 1 1 1 1 1 1 1 0 1 1 1 2 1 1 1 0 1 1 1 1 1 1 1 1 1 1 1 1 1 1 1 1 1 1 1 2 1 2 1 1 2 3 3 0 3 2 3 1 3 1 4 10 1      18000      72000 
792	 738000	1 1 1 1 1 1 1 1 1 1 1 1 1 1 0 1 1 1 1 1 1 1 0 1 0 1 1 1 1 1 1 1 1 1 1 1 1 1 2 1 1 1 2 1 2 1 1 2 4 3 1 3 1 3 1 3 1 4 10 1      18000      72000 
990	 735000	1 1 1 1 0 1 1 1 1 1 1 1 1 1 0 1 1 1 1 1 1 1 1 1 1 1 1 1 1 1 2 1 1 1 2 1 2 1 1 1 1 1 2 1 1 1 1 2 2 3 1 3 1 3 2 3 1 4 9 1      23750      66250 
1089	 685556	1 1 1 1 1 1 1 1 1 1 1 1 1 1 0 1 1 1 1 1 1 1 1 1 1 1 1 1 1 1 1 1 1 1 1 1 1 1 1 1 1 1 2 1 2 1 1 2 3 3 1 3 1 3 1 3 1 4 10 1      21111      68889 
1386	 683334	1 1 1 1 1 1 1 1 1 1 1 1 1 1 1 1 1 1 1 1 1 1 1 1 1 1 1 1 1 1 1 1 1 1 1 1 1 1 1 1 1 1 2 1 2 1 1 2 2 3 1 3 1 3 1 3 1 4 10 1      21111      68889 
0	3006000	0 1 1 1 1 2 1 0 0 1 0 1 1 0 1 0 2 1 3 0 0 1 2 0 0 1 0 1 3 0 0 1 0 1 1 3 0 2 1 1 3 1 5 0 1 2 1 1 2 2 2 3 0 6 4 2 3 3 4 4      63000      81000 
99	1241750	1 0 1 1 1 0 1 3 1 0 1 0 1 2 1 1 1 1 1 1 1 1 1 0 1 3 1 1 1 1 1 0 1 1 1 2 1 0 1 1 1 1 1 3 1 1 2 3 3 1 3 2 3 2 3 0 4 2 1 8      81000      21375 
198	1028736	1 1 1 0 1 1 1 0 1 0 1 1 1 1 1 0 1 1 1 0 1 2 1 0 1 1 1 1 1 0 1 1 1 0 1 0 1 2 1 1 1 1 1 2 1 2 2 2 3 2 3 3 3 3 3 1 4 2 1 11      81000      15546 
495	 850000	1 1 1 1 1 1 1 1 0 1 1 1 1 1 1 1 1 1 0 1 1 1 0 1 1 1 1 1 1 1 1 1 1 1 1 1 1 1 1 1 1 1 1 1 2 1 2 2 1 3 3 3 3 3 1 3 2 4 9 1      20000      72000 
594	 834000	1 1 1 1 1 1 1 1 0 1 1 1 1 1 1 1 1 1 1 1 1 1 0 1 1 1 1 1 1 1 1 1 1 1 1 1 1 1 1 1 1 1 1 1 2 1 2 2 1 3 2 3 3 3 1 3 2 4 9 1      20000      72000 
693	 706000	1 1 0 1 1 1 1 1 1 1 1 1 1 1 1 1 1 1 1 1 1 1 0 1 1 1 1 1 1 1 1 1 1 1 1 1 1 1 1 1 1 1 2 1 2 1 1 2 1 3 3 3 1 3 1 3 1 4 11 1      18000      72000 
990	 670000	1 1 0 1 1 1 1 1 1 1 1 1 1 1 1 1 1 1 1 1 1 1 1 1 1 1 1 1 1 1 1 1 1 1 1 1 1 1 1 1 1 1 2 1 2 1 1 2 1 3 2 3 1 3 1 3 1 4 11 1      19000      71000 
0	2620000	0 1 0 1 1 2 0 1 0 1 0 1 2 0 1 0 0 1 2 0 1 0 1 1 2 0 1 1 3 1 1 1 1 1 1 3 0 4 0 2 4 0 0 2 0 2 2 1 4 4 2 3 5 1 3 0 3 3 2 4      72000      63000 
99	1087800	1 1 1 1 1 1 1 0 1 1 1 0 1 0 1 1 1 0 1 1 1 1 1 2 1 0 1 0 1 1 1 0 1 1 1 1 1 0 1 1 1 1 1 3 1 2 2 1 3 3 3 3 3 1 3 4 4 1 1 10      81000      17100 
297	1021828	1 1 1 1 1 0 1 1 1 1 1 1 1 0 1 2 1 1 1 0 1 1 1 0 1 1 1 0 1 1 1 0 1 0 1 1 1 1 1 1 1 2 1 2 1 2 2 1 3 3 3 3 3 2 3 1 4 1 1 11      81000      15546 
396	1003828	1 1 1 1 0 1 1 1 1 1 1 1 0 1 2 1 1 1 1 1 1 1 0 1 1 1 0 1 1 1 0 1 1 1 1 1 1 1 1 1 2 1 2 1 2 1 1 2 3 3 2 3 1 3 1 3 1 4 11 1      15546      81000 
495	 702000	1 1 1 1 0 1 1 1 1 1 1 1 0 1 1 1 1 1 1 1 1 1 0 1 1 1 1 1 1 1 1 1 1 1 1 1 1 1 2 1 2 1 2 1 2 1 1 2 2 3 2 3 1 3 1 3 1 4 10 1      18000      72000 
792	 678890	1 1 1 1 0 1 1 1 1 1 1 1 0 1 1 1 1 1 1 1 1 1 1 1 1 1 1 1 1 1 1 1 1 1 1 1 1 1 1 1 2 1 1 1 2 1 1 2 2 3 2 3 2 3 1 3 1 4 10 1      21111      68889 
891	 663334	1 1 1 1 0 1 1 1 1 1 1 1 0 1 1 1 1 1 1 1 1 1 1 1 1 1 1 1 1 1 1 1 1 1 1 1 1 1 2 1 1 1 2 1 2 1 1 2 2 3 2 3 1 3 1 3 1 4 10 1      21111      68889 
0	2186000	1 1 0 1 1 1 0 2 1 0 1 0 0 2 0 3 1 1 0 2 1 0 1 0 1 1 1 1 2 0 1 2 1 1 0 2 2 0 0 2 1 1 0 2 2 0 1 2 2 4 2 4 5 0 2 4 4 3 8 0      72000      54000 
99	 874000	1 1 1 1 1 1 1 1 0 1 0 1 1 1 1 1 2 1 0 1 1 1 1 1 1 1 1 1 1 1 1 1 4 1 1 1 1 1 1 1 1 1 1 1 2 1 0 2 0 3 1 3 1 3 1 3 5 4 9 1      20000      72000 
396	 795716	1 1 1 1 1 1 1 1 1 1 1 1 1 1 1 1 1 1 1 1 1 1 1 1 1 1 1 1 1 1 1 1 1 1 1 1 1 1 1 1 1 1 1 1 1 1 1 2 1 3 1 3 1 3 5 3 2 4 8 1      27142      62858 
495	 792500	1 1 1 1 1 1 1 1 1 0 1 0 1 1 1 1 1 1 1 1 1 1 1 1 1 1 1 1 1 1 1 1 1 4 1 1 1 1 1 1 1 2 1 1 1 2 2 0 3 0 3 1 3 1 3 1 4 4 1 9      69750      20250 
594	 770500	0 1 1 1 1 1 1 1 1 1 0 1 1 1 1 1 2 1 1 1 1 1 1 1 1 1 1 1 1 1 1 1 3 1 1 1 1 1 1 1 1 1 1 1 1 1 1 2 1 3 1 3 1 3 1 3 4 4 9 1      20250      69750 
693	 750500	1 1 1 1 1 1 1 1 0 1 1 1 1 1 1 1 1 1 1 1 1 1 1 1 1 1 1 1 1 1 1 1 4 1 1 1 1 1 1 1 1 1 1 1 2 1 1 2 1 3 1 3 1 3 1 3 2 4 9 1      20250      69750 
990	 730500	1 1 1 1 1 1 1 1 1 1 0 1 1 1 1 1 1 1 1 1 1 1 1 1 1 1 1 1 1 1 1 1 3 1 1 1 1 1 1 1 2 1 1 1 2 1 1 2 1 3 1 3 1 3 1 3 2 4 9 1      20250      69750 
1287	 730000	1 1 1 1 1 1 1 1 1 1 1 1 1 1 1 1 1 1 1 1 1 1 1 1 1 1 1 1 1 1 1 1 3 1 1 1 1 1 1 1 2 1 1 1 2 1 1 2 1 3 1 3 1 3 1 3 1 4 9 1      23750      66250 
4446	 684546	1 1 1 0 1 2 1 1 1 0 1 0 1 1 1 0 1 1 1 0 1 1 1 1 1 1 1 1 1 1 1 1 1 1 1 1 1 1 1 1 1 2 1 1 1 2 2 2 3 2 3 1 3 1 3 2 4 1 1 12      72727      17273 
10674	 670000	1 1 0 1 1 1 1 1 0 1 0 1 1 1 0 1 1 1 1 1 1 1 1 1 1 1 1 1 2 1 1 1 1 1 1 1 1 1 1 1 2 1 1 1 2 1 2 2 2 3 1 3 1 3 1 3 1 4 12 1      17273      72727 