
0	 615960	1 0 0 1 0 0 1 0 0 1 0 0 1 0 0 1 0 0 1 0 0 1 0 0 1 0 0 1 1 0 1 1 0 1 1 0 1 1 0 1 2 0 1 2 0 1 2 0 1 2 0 1 2 0 1 2 0 1 2 0 1 2 0 1 2 0 1 2 0 2 2 0 3 3 6 3 3 1 3 3 2 3 3 6 4 2 4 1 2 23      63000      13500       8260 
297	 193828	1 0 0 1 0 0 1 0 0 1 1 0 1 0 0 1 0 0 1 0 0 1 1 0 1 0 0 1 3 0 1 0 1 1 1 1 1 0 1 1 4 1 1 0 2 1 1 2 1 0 2 1 0 2 1 5 1 1 0 2 1 2 2 1 1 2 1 0 3 2 0 1 2 10 3 3 2 3 3 1 3 3 3 3 3 4 3 3 3 4      66000       4090      12547 
1287	 102736	0 0 1 0 0 1 0 1 1 0 1 1 0 1 1 0 1 1 0 1 1 0 1 1 1 0 1 1 0 1 1 0 1 1 0 1 1 0 1 1 1 1 2 0 1 2 0 1 2 0 1 2 0 1 2 0 1 2 0 1 3 0 1 2 0 1 3 0 1 2 0 2 2 3 3 3 1 3 3 1 3 1 6 3 2 2 4 3 22 1      15000       7954      60000 
2178	 100004	0 1 0 0 1 0 0 1 1 0 1 1 0 1 1 0 1 0 0 1 1 0 1 1 1 1 0 1 1 1 1 1 0 1 1 1 1 1 0 1 1 2 2 1 0 1 1 1 2 1 0 2 1 0 0 1 4 2 1 2 3 1 0 2 1 2 3 1 0 2 2 0 3 2 10 3 3 1 3 3 1 1 3 3 2 3 6 5 3 3      12222      63333       6667 
2772	  71432	0 1 0 0 1 0 1 1 0 1 1 0 0 1 0 1 1 0 1 1 0 1 1 0 0 1 0 2 1 0 0 1 1 0 1 1 0 1 1 1 1 1 0 1 2 1 1 1 0 1 2 0 1 2 0 1 2 4 1 1 1 1 2 2 1 2 0 1 3 1 2 1 11 2 3 1 3 3 0 3 3 2 3 2 7 3 4 4 3 5       5714      64286      12857 
5040	  62000	1 0 0 1 0 0 1 0 1 1 0 1 1 0 1 1 0 1 1 0 1 1 0 1 1 0 1 1 1 1 1 1 0 1 1 1 1 1 0 1 1 1 1 2 0 1 1 2 1 2 0 1 2 0 1 1 1 1 2 2 1 2 2 1 2 1 1 3 0 2 2 0 2 2 11 3 3 1 3 3 0 3 2 2 3 4 5 3 4 5      63000      13500       7000 
5535	  49700	0 0 1 0 0 1 1 0 1 1 0 1 1 0 1 1 0 1 1 0 1 1 0 1 1 0 1 0 1 1 0 1 1 1 1 1 0 1 1 2 1 1 2 1 1 2 1 1 0 2 1 0 2 1 2 1 1 1 2 1 2 2 1 1 2 1 0 3 1 0 2 2 11 2 2 0 3 3 0 3 3 1 3 3 5 4 3 5 4 3       6970      13635      63030 
6822	  47884	1 0 0 1 0 0 1 0 1 1 0 1 1 0 1 1 0 1 1 0 1 1 0 1 1 0 1 1 1 1 1 1 1 1 1 1 1 1 1 1 1 2 1 1 2 1 1 2 1 2 0 1 2 0 1 1 1 1 2 1 1 2 1 1 2 1 1 3 0 2 2 0 2 2 11 3 3 0 3 3 0 3 3 0 3 4 5 3 4 5      63030      13636       6970 
6921	  43050	1 0 0 1 0 0 1 0 1 1 0 1 1 0 1 1 0 1 1 0 1 1 0 1 1 0 1 1 1 1 1 1 0 1 1 1 1 1 0 1 1 2 1 1 2 1 1 2 1 2 0 1 2 0 1 1 2 1 2 2 1 2 1 1 2 1 1 3 0 2 2 0 2 2 11 3 3 0 3 3 0 3 3 0 3 4 5 3 4 5      63030      13636       6969 
7812	  41840	0 0 1 0 0 1 1 0 1 1 0 1 1 0 1 1 0 1 1 0 1 1 0 1 1 0 1 1 1 1 0 1 1 1 1 1 1 1 1 2 1 1 2 1 1 2 1 1 0 2 1 0 2 1 2 1 1 1 2 1 1 2 1 1 2 1 0 3 1 0 2 2 11 2 2 0 3 3 0 3 3 0 3 3 5 4 3 5 4 3       6969      13636      63030 
0	 649000	1 0 0 1 0 0 1 0 0 1 0 0 1 0 0 1 0 0 1 0 0 1 0 0 1 0 0 1 1 0 1 1 0 1 1 0 1 1 0 1 2 0 1 2 0 1 2 0 1 2 0 1 2 0 1 2 0 1 2 0 1 2 0 1 2 0 1 2 0 2 2 0 3 3 4 3 3 6 3 3 6 3 3 4 4 2 1 1 2 21      63000      13500       7715 
198	 188936	0 1 1 0 1 1 0 1 1 0 1 1 1 0 1 1 0 1 1 0 1 1 0 1 0 1 1 1 1 1 1 0 1 1 0 1 1 0 1 2 0 1 2 0 1 2 0 1 2 0 1 2 0 1 2 0 1 3 0 1 2 0 1 2 0 1 2 0 1 2 0 2 3 1 3 2 5 3 1 5 3 1 5 3 2 5 4 2 15 1      19000      10734      53000 
792	 147334	1 0 0 1 0 0 1 0 0 1 1 0 1 0 0 1 1 0 1 0 0 1 1 0 1 1 0 1 0 1 1 0 1 1 0 1 1 1 1 1 1 2 1 0 2 1 0 2 1 0 2 1 0 2 1 0 2 1 1 2 1 1 2 1 1 2 1 0 3 2 0 2 3 3 3 3 5 1 3 3 2 3 0 3 4 3 2 1 19 4      63000       7833      13500 
990	 128478	1 0 0 1 0 0 1 0 0 1 1 0 1 0 1 1 0 1 1 0 1 1 0 1 1 0 0 1 0 1 1 0 1 1 0 1 1 0 1 1 0 2 1 0 2 1 0 2 1 0 2 1 0 2 1 0 2 1 0 3 1 0 2 1 0 3 1 0 3 2 0 2 3 3 2 3 6 0 3 6 1 3 4 1 4 1 1 1 21 4      63000       7761      13500 
1683	 114480	0 1 0 0 1 0 0 1 1 1 1 0 0 1 0 1 1 0 1 1 0 1 1 0 1 1 0 0 1 1 0 1 1 0 1 1 1 1 1 1 1 2 1 1 2 0 1 2 0 1 2 0 1 2 0 1 2 1 1 2 1 1 2 1 1 2 0 1 3 0 2 2 2 3 2 4 3 2 3 3 1 0 3 4 3 3 4 19 2 1       7395      63000      13500 
2079	  85900	0 1 0 0 1 0 0 1 1 1 1 0 0 1 1 1 1 0 0 1 1 1 1 0 1 1 0 0 1 1 0 1 1 0 1 2 1 1 1 1 1 1 0 1 2 0 1 2 0 1 2 0 1 2 0 1 2 0 1 3 1 1 2 0 1 3 0 1 3 0 2 2 3 3 2 5 3 0 3 3 1 2 3 2 3 4 1 19 1 4       8700      61300      13350 
2277	  81336	1 0 0 1 0 0 1 0 0 1 1 0 1 1 0 1 1 0 1 1 0 1 1 0 1 1 0 1 0 1 1 0 1 1 0 1 1 0 1 1 1 1 1 0 2 1 0 2 1 0 2 1 0 2 1 0 2 1 1 2 1 1 2 1 1 2 1 0 2 2 0 1 3 3 2 3 5 1 3 3 2 3 0 2 3 3 5 2 18 6      66000       3556      14000 
2673	  74484	0 0 1 0 0 1 1 0 1 1 0 1 1 0 1 1 0 1 1 0 1 1 0 1 1 0 1 0 1 1 0 1 1 0 1 1 1 1 1 2 1 1 1 1 1 0 2 1 0 2 1 0 2 1 0 2 1 0 3 1 0 3 1 0 3 1 0 3 1 0 2 2 2 3 3 4 1 3 3 2 3 0 3 3 3 1 4 19 4 1       8793      12931      61207 
3168	  61412	0 1 0 0 1 0 0 1 1 0 1 1 0 1 1 0 1 1 0 1 1 0 1 1 0 1 1 1 1 0 1 1 0 1 1 1 1 1 1 1 1 2 2 1 0 2 1 0 2 1 0 2 1 0 2 1 0 2 1 1 2 1 1 3 1 1 3 1 0 2 2 0 3 3 1 1 3 4 2 3 2 3 3 0 2 4 1 4 1 20      13332      61754       8246 
3465	  55560	1 0 0 1 0 0 1 1 0 1 1 0 1 1 0 1 1 0 1 1 0 1 1 0 1 1 0 1 0 1 1 1 1 1 1 1 1 0 1 1 0 2 1 0 2 1 0 2 1 2 1 1 0 2 1 0 2 1 2 2 1 1 2 1 1 2 1 0 3 2 0 2 3 1 3 3 4 1 3 1 3 3 0 3 4 1 2 1 20 4      61111       8056      14443 
5535	  47936	0 1 0 0 1 0 1 1 0 1 1 0 1 1 0 1 1 0 1 1 0 1 1 0 1 1 0 1 1 1 1 1 1 1 1 1 1 1 1 0 1 2 0 1 2 0 1 2 2 1 1 0 1 2 0 1 2 1 1 2 1 1 2 1 1 2 0 1 3 0 2 2 1 3 3 4 3 1 1 3 3 0 3 3 1 4 2 19 1 4       8448      60516      14742 
7020	  45424	0 0 1 0 0 1 0 1 1 0 1 1 0 1 1 0 1 1 0 1 1 0 1 1 0 1 1 1 0 1 1 1 1 1 1 1 1 0 1 2 0 1 2 0 1 2 0 1 1 2 1 2 0 1 2 0 1 2 1 1 2 1 1 2 1 1 3 0 1 2 0 2 3 0 3 1 4 3 3 1 3 3 0 3 2 0 4 4 23 1      13542       7083      62917 
7317	  41744	0 1 0 0 1 0 0 1 1 0 1 1 0 1 1 0 1 1 0 1 1 0 1 1 0 1 1 1 1 1 1 1 1 1 1 1 1 1 1 2 1 0 2 1 0 2 1 0 1 1 2 2 1 0 2 1 0 2 1 1 2 1 1 2 1 1 3 1 0 2 2 0 3 3 0 1 3 4 3 3 0 3 3 0 2 4 0 4 1 22      13696      62609       7391 
8604	  39586	1 0 0 1 0 0 1 0 1 1 0 1 1 0 1 1 0 1 1 0 1 1 0 1 1 0 1 1 1 0 1 1 1 1 1 1 1 1 1 1 2 0 1 2 0 1 2 0 1 1 2 1 2 0 1 2 0 1 2 1 1 2 1 1 2 1 1 3 0 2 2 0 3 3 0 3 1 4 3 3 0 3 3 0 4 2 0 1 4 23      62917      13543       7083 
0	 117484	1 0 0 1 0 0 1 0 0 1 0 0 1 0 0 1 0 0 1 0 0 1 0 0 1 0 1 1 1 0 1 1 0 1 1 0 1 1 0 1 2 0 1 2 0 1 2 0 1 2 0 1 2 0 1 2 0 1 3 0 1 3 0 1 2 0 1 3 0 2 2 0 3 3 3 3 2 3 2 4 7 3 1 5 4 1 2 2 2 21      63706      13147       6014 
1683	  60008	1 0 0 1 0 0 1 1 0 1 1 0 1 1 0 1 1 0 1 1 0 1 1 0 1 1 0 1 0 1 1 0 1 1 0 1 1 0 1 1 1 1 1 0 2 1 0 2 1 0 2 1 0 2 1 0 2 1 0 3 1 0 3 1 0 2 1 0 3 2 0 2 3 1 3 3 2 2 2 8 4 3 4 1 4 2 1 2 17 3      63334       6666      13333 
1782	  40012	0 1 0 0 1 0 0 1 1 0 1 1 0 1 1 0 1 1 0 1 1 0 1 1 0 1 1 1 1 0 1 1 0 1 1 0 1 1 0 2 1 0 2 1 0 2 1 0 2 1 0 2 1 0 2 1 0 3 1 0 3 1 0 2 1 1 3 1 0 2 2 0 3 3 0 2 3 2 4 2 7 1 3 4 1 4 2 2 2 19      13333      63333       6667 
2178	  39362	0 1 0 0 1 0 1 1 0 1 1 0 1 1 0 1 1 0 1 1 0 1 1 0 1 1 0 0 1 1 0 1 1 1 1 1 0 1 1 2 1 1 0 1 2 0 1 2 0 1 2 0 1 2 0 1 2 0 1 3 0 1 3 1 1 2 0 1 3 0 2 2 0 3 3 2 3 2 7 2 4 4 3 1 2 4 1 16 2 3       7097      62903      13548 
0	 665200	1 0 0 1 0 0 1 0 0 1 0 0 1 0 0 1 0 0 1 0 0 1 0 0 1 0 0 1 1 0 1 1 0 1 1 0 1 1 0 1 2 0 1 2 0 1 2 0 1 2 0 1 2 0 1 2 0 1 2 0 1 2 0 1 2 0 1 2 0 2 2 0 3 3 9 3 3 4 3 3 2 3 3 2 4 2 5 1 2 20      63000      13500       8100 
396	 637200	0 0 1 1 0 1 1 0 1 0 0 1 0 0 1 1 0 1 0 0 1 0 0 1 0 0 1 0 1 1 0 1 1 0 1 1 0 1 1 0 2 1 0 2 1 0 2 1 0 2 1 0 2 1 0 2 1 0 2 1 0 2 1 0 2 1 0 2 1 0 2 2 5 3 3 3 3 3 4 3 3 5 3 3 2 2 4 20 2 1       8100      13500      63000 
495	 134000	0 1 0 0 1 1 0 1 1 0 1 1 0 1 1 0 1 1 1 1 0 0 1 1 1 1 0 1 1 0 1 1 0 1 1 0 1 1 0 2 1 0 2 1 0 2 1 0 2 1 0 2 1 0 2 1 0 2 1 0 2 1 0 3 1 0 3 1 0 3 2 0 2 3 4 2 3 3 2 3 3 1 3 5 2 4 2 2 1 19      17000      56000      10000 
1089	  81310	1 0 0 1 0 0 1 0 1 1 0 1 1 0 1 1 0 1 1 1 0 1 0 1 1 1 0 1 1 0 1 1 1 1 1 0 1 1 0 1 2 0 1 2 0 1 2 0 1 2 0 1 2 0 1 2 0 1 2 1 1 2 1 1 3 0 1 3 0 2 3 0 3 2 3 3 2 2 3 2 2 3 1 5 4 2 1 1 2 21      60357      14762       9053 
3060	  71614	1 0 0 1 0 0 1 0 1 1 0 1 1 0 1 1 0 1 1 1 0 1 0 1 1 1 0 1 1 0 1 1 1 1 1 1 1 2 0 1 1 1 1 2 0 1 2 0 1 2 0 1 2 0 1 2 0 1 2 1 1 2 1 1 3 0 1 3 0 2 2 0 3 2 3 3 2 2 3 2 2 3 1 4 4 2 1 1 3 20      61073      13463       8927 
3852	  65628	0 0 1 0 0 1 1 0 1 1 0 1 1 0 1 1 0 1 0 1 1 1 0 1 0 1 1 1 1 1 0 1 1 1 1 1 0 1 1 0 2 1 1 2 1 0 2 1 0 2 1 0 2 1 0 2 1 1 2 1 1 2 1 0 3 1 0 3 1 0 2 2 3 2 3 2 2 3 2 2 3 4 1 3 1 2 4 20 3 1       8760      14793      60414 
4941	  63976	0 1 0 0 1 0 1 1 0 1 1 0 1 1 0 0 1 1 0 1 1 1 1 0 0 1 1 0 1 1 1 1 1 1 1 1 0 1 1 2 1 1 0 1 2 0 1 2 0 1 2 0 1 2 0 1 2 1 1 2 1 1 2 0 1 3 0 1 3 0 2 2 3 3 2 2 3 2 2 3 2 4 3 1 1 4 2 20 1 3       8760      60414      14793 
5337	  57620	0 0 1 0 0 1 0 1 1 0 1 1 0 1 1 0 1 1 1 0 1 1 0 1 1 0 1 1 0 1 1 1 1 1 1 1 1 0 1 1 2 1 2 0 1 2 0 1 2 0 1 2 0 1 2 0 1 2 1 1 2 1 1 2 1 1 3 0 1 2 0 2 2 2 3 2 2 3 2 2 3 1 4 3 2 1 4 4 20 1      14050       8095      61900 
6426	  52912	1 0 0 1 0 0 1 0 1 1 0 1 1 0 1 1 0 1 1 1 0 1 1 0 1 1 0 1 1 1 1 1 1 1 1 1 1 1 1 1 1 2 1 2 0 1 2 0 1 2 0 1 2 0 1 2 0 1 2 1 1 2 1 1 2 1 1 3 0 2 2 0 3 2 2 3 2 2 3 2 2 3 1 4 4 2 1 1 4 18      60364      14818       8909 
0	 588200	1 0 0 1 0 0 1 0 0 1 0 0 1 0 0 1 0 0 1 0 0 1 0 0 1 0 0 1 1 0 1 1 0 1 1 0 1 1 0 1 2 0 1 2 0 1 2 0 1 2 0 1 2 0 1 2 0 1 2 0 1 2 0 1 2 0 1 2 0 2 2 0 3 3 5 3 3 3 3 3 3 3 3 3 4 2 3 1 2 25      63000      13500       7600 
396	 514100	1 0 1 1 0 1 1 0 0 1 0 0 1 0 0 1 0 1 1 0 0 1 0 1 1 0 0 1 1 0 1 1 0 1 1 0 1 1 0 1 2 0 1 2 0 1 2 0 1 2 0 1 2 0 1 2 0 1 3 0 1 2 0 1 2 0 1 2 0 2 2 0 2 4 6 3 3 1 3 3 3 3 2 3 4 1 5 2 2 20      63000      13500       6350 
495	 182330	0 1 0 0 1 0 0 1 0 0 1 0 0 1 1 0 1 0 0 1 0 0 1 0 0 1 0 1 1 0 1 1 0 1 1 0 1 1 0 2 1 0 2 1 0 2 1 0 2 1 0 2 1 0 2 1 0 3 1 0 2 1 0 2 1 0 2 1 0 2 2 0 4 2 4 3 3 3 3 3 3 2 3 3 1 4 3 2 2 25      15315      63000       4935 
693	 143382	1 0 0 1 0 0 1 0 0 1 0 0 1 0 0 1 0 0 1 0 0 1 0 0 1 0 0 1 0 1 1 1 1 1 1 1 1 1 1 1 1 1 1 1 1 1 0 2 1 0 2 1 0 2 1 1 2 1 0 3 1 0 3 1 0 2 1 0 2 2 0 2 2 5 5 3 1 3 3 3 3 3 2 2 4 1 1 2 24 2      65662       5181      12169 
792	  90162	1 0 0 1 0 0 1 0 0 1 0 1 1 0 1 1 0 1 1 0 1 1 0 1 1 0 0 1 1 0 1 1 0 1 1 0 1 1 0 1 1 1 1 2 0 1 2 0 1 2 0 1 2 0 1 2 0 1 3 0 1 3 0 1 3 0 1 2 0 2 2 0 3 1 4 3 3 1 3 2 3 3 2 3 4 2 1 1 4 24      63126      13437       6797 
3357	  86000	1 0 0 1 0 0 1 0 1 1 0 0 1 0 1 1 0 0 1 0 0 1 0 0 1 1 0 1 1 1 1 1 1 1 1 1 1 1 1 1 1 1 1 1 2 1 1 2 1 1 2 1 1 2 1 1 2 1 1 3 1 1 3 1 1 3 1 2 2 2 1 1 2 8 1 3 1 3 3 3 1 3 2 2 4 1 2 2 10 4      63000      12000       8000 
4050	  70002	0 1 0 0 1 0 0 1 1 0 1 1 0 1 1 0 1 1 0 1 0 0 1 0 1 1 0 1 1 0 1 1 1 1 1 0 1 1 0 1 1 2 1 1 2 1 1 2 1 1 2 1 1 2 1 1 2 1 1 3 1 1 3 1 1 3 2 1 2 1 2 1 8 2 1 1 3 3 3 3 0 2 3 2 1 4 2 10 2 5      11667      64997       6668 
4941	  63338	0 0 1 0 0 1 1 0 1 1 0 1 1 0 1 1 0 1 1 0 1 0 0 1 0 1 1 0 1 1 0 1 1 0 1 1 0 1 1 2 1 1 2 1 1 2 1 1 2 1 1 2 1 1 2 1 1 4 1 1 3 1 1 3 1 1 2 2 1 1 1 2 1 8 2 3 1 3 0 3 3 2 2 3 1 1 4 5 10 2       6665      11666      65004 
5634	  53340	0 0 1 0 0 1 0 1 1 0 1 1 0 1 1 0 1 1 0 1 1 0 1 1 1 0 1 1 0 1 1 1 1 1 0 1 1 0 1 1 1 1 2 0 1 1 2 1 1 2 1 1 2 1 1 2 1 1 4 1 1 3 1 1 4 1 2 2 1 1 1 2 7 1 2 1 4 3 3 0 3 2 2 3 1 2 4 10 3 2      13334       6666      63334 
6327	  53336	0 1 0 0 1 0 1 1 0 1 1 0 1 1 0 1 1 0 1 1 0 0 1 0 0 1 1 1 1 1 0 1 1 0 1 1 0 1 1 2 1 1 2 1 1 2 1 1 2 1 1 2 1 1 2 1 1 3 1 1 3 1 1 3 1 1 2 1 2 2 2 1 0 2 8 4 3 1 0 3 3 2 3 2 2 4 1 3 2 10       6667      63333      13333 
7317	  46672	1 0 0 1 0 0 1 0 1 1 0 1 1 0 1 1 0 0 1 0 1 1 0 1 1 0 1 1 1 0 1 1 1 1 1 0 1 1 0 1 1 2 1 1 2 1 1 2 1 2 0 1 1 2 1 1 2 1 1 3 1 1 4 1 1 4 1 2 2 2 1 1 2 8 0 3 1 4 3 3 0 3 2 2 4 1 2 2 10 3      63334      13333       6666 
7812	  40004	0 0 1 0 0 1 1 0 1 1 0 1 1 0 1 1 0 1 1 0 1 1 0 1 1 0 1 0 1 1 1 1 1 0 1 1 0 1 1 2 1 1 2 1 1 2 1 1 0 2 1 2 1 1 2 1 1 3 1 1 3 1 1 3 1 1 2 2 1 2 1 2 0 8 2 4 1 3 0 3 3 2 2 3 2 1 4 3 10 2       6667      13333      63333 
0	 649000	1 0 0 1 0 0 1 0 0 1 0 0 1 0 0 1 0 0 1 0 0 1 0 0 1 0 0 1 1 0 1 1 0 1 1 0 1 1 0 1 2 0 1 2 0 1 2 0 1 2 0 1 2 0 1 2 0 1 2 0 1 2 0 1 2 0 1 2 0 2 2 0 3 3 3 3 3 5 3 3 4 3 3 4 4 2 5 1 2 21      63000      13500       9047 
495	 637200	1 0 1 1 0 1 1 0 1 1 0 0 1 0 0 1 0 0 1 0 0 1 0 1 1 0 0 1 1 0 1 1 0 1 1 0 1 1 0 1 2 0 1 2 0 1 2 0 1 2 0 1 2 0 1 2 0 1 2 0 1 2 0 1 2 0 1 2 0 2 2 0 3 3 3 3 3 3 3 3 3 3 3 7 4 2 2 1 2 20      63000      13500       8100 
594	 627456	1 1 0 0 1 0 0 1 1 0 1 1 0 1 1 0 1 1 0 1 1 0 1 1 0 1 1 1 1 0 1 1 1 1 1 1 1 1 1 1 1 1 2 1 0 2 1 1 2 1 2 1 1 1 2 1 2 2 1 1 2 1 2 2 1 0 3 1 2 2 2 1 3 3 1 3 3 1 3 3 2 3 3 1 2 4 3 2 1 11      18000      54000      14728 
693	 609200	0 1 0 0 1 0 0 1 0 1 1 0 0 1 0 1 1 0 0 1 0 1 1 0 1 1 0 0 1 1 0 1 1 0 1 1 0 1 1 0 1 2 0 1 2 0 1 2 0 1 2 0 1 2 0 1 2 0 1 2 0 1 2 0 1 2 0 1 2 0 2 2 1 3 3 5 3 3 4 3 3 4 3 3 4 4 2 20 1 2       8100      63000      13500 
891	 554400	1 0 1 1 0 1 1 0 1 0 0 1 0 0 1 0 1 1 0 0 1 1 0 1 0 0 1 0 1 1 0 1 1 0 1 1 0 1 1 0 2 1 0 1 1 0 1 1 0 2 1 0 2 1 0 2 1 0 2 1 0 2 1 0 2 1 0 2 1 0 1 2 3 2 3 3 3 3 3 3 3 7 4 2 2 2 4 20 4 2       4100      18000      63000 
990	 548400	1 1 0 1 1 0 1 1 0 1 0 0 1 0 0 1 0 0 1 0 0 1 1 0 1 0 0 1 0 1 1 0 1 1 0 1 1 0 1 1 0 2 1 0 2 1 0 2 1 0 2 1 0 2 1 0 2 1 0 2 1 0 2 1 0 2 1 0 2 2 0 2 3 3 3 3 3 3 3 3 3 2 7 3 4 2 2 2 20 2      63000       6350      13500 
1188	 527168	0 0 1 0 1 1 0 1 1 1 1 1 0 1 1 0 1 1 0 1 1 0 1 1 0 1 1 1 0 1 1 0 1 1 0 1 1 0 1 2 0 1 2 0 1 2 0 1 2 0 1 2 0 1 2 0 1 2 0 1 2 0 1 2 0 1 2 0 1 2 0 2 2 2 3 3 4 3 3 3 3 3 4 3 2 1 4 2 20 1      14916       9500      60168 
1287	 141240	1 0 0 1 0 0 1 0 1 1 0 1 1 0 1 1 0 1 1 0 1 1 0 1 1 0 1 1 1 0 1 1 0 1 1 0 1 1 0 1 1 0 1 2 0 1 2 0 1 2 0 1 2 0 1 2 0 1 2 0 1 2 1 1 2 0 1 2 0 2 1 0 3 2 5 3 3 1 3 1 5 2 5 3 4 2 2 2 5 18      65949      15051       4047 
1782	 132000	0 0 1 0 0 1 0 0 1 0 0 1 0 0 1 1 0 1 0 0 1 0 0 1 0 1 1 1 1 1 1 1 1 1 1 1 1 1 1 1 1 1 1 1 1 1 1 1 1 2 1 1 2 1 1 2 1 2 2 1 3 1 1 2 2 1 3 1 1 2 1 2 2 2 3 3 2 3 3 1 3 5 5 2 1 2 4 5 9 2       8250      12250      63000 
2178	 116844	0 0 1 0 0 1 0 0 1 0 0 1 0 0 1 1 0 1 0 0 1 1 0 1 0 1 1 1 1 1 1 1 1 1 1 1 1 1 1 1 1 1 1 1 1 1 1 1 1 1 1 1 1 1 1 2 1 2 2 1 3 1 1 2 2 1 3 1 1 2 1 2 2 2 3 2 2 3 3 1 3 5 6 2 1 2 4 5 10 2       8421      11050      63686 
2277	 109600	1 0 0 1 0 0 1 1 0 1 1 0 1 1 0 1 1 0 1 1 0 1 1 0 1 1 0 1 0 1 1 0 1 1 0 1 1 0 1 1 1 1 1 0 2 1 0 2 1 0 2 1 0 2 1 0 2 1 0 2 1 0 2 1 0 2 1 0 2 2 1 1 3 2 2 3 3 1 3 3 2 2 5 5 4 0 2 2 20 6      66000       3200      14000 
2574	 100140	1 0 0 1 0 0 1 2 0 1 1 0 1 1 0 1 1 0 1 2 0 1 1 0 1 0 0 1 0 1 1 0 1 1 0 1 1 0 1 1 0 1 1 0 1 1 0 1 1 1 1 1 0 2 1 0 2 1 0 2 1 0 2 1 0 2 1 0 2 2 1 1 3 2 2 3 2 2 3 2 2 2 5 6 4 1 1 2 20 8      65850       1293      15305 
2871	  85808	0 0 1 0 0 1 1 0 1 1 0 1 1 0 1 1 0 1 1 0 1 0 0 1 0 1 1 1 1 1 1 1 1 1 1 1 1 1 1 2 1 1 2 1 1 1 1 1 1 1 1 1 1 1 1 1 1 2 2 1 3 1 1 1 2 1 3 1 1 1 1 2 2 2 3 2 2 3 2 2 3 4 6 2 0 2 4 5 10 2       7096      11616      64192 
4455	  67500	0 0 1 0 0 1 0 1 1 0 1 1 0 1 1 0 1 1 0 1 1 0 0 1 0 0 1 1 1 1 1 1 1 1 0 1 1 1 1 1 2 1 1 2 1 1 2 1 2 1 1 1 2 1 1 1 1 2 1 1 1 4 1 2 1 1 1 3 1 1 1 2 2 2 3 2 2 3 2 2 3 6 4 2 2 0 4 10 4 2      12500       6875      63750 
4554	  66250	0 0 1 0 0 1 1 0 1 1 0 1 1 0 1 1 0 1 1 0 1 0 0 1 0 1 1 0 1 1 1 1 1 1 1 1 1 1 1 2 1 1 2 1 1 2 1 1 1 1 1 2 1 1 1 1 1 2 2 1 3 1 1 1 2 1 3 1 1 1 1 2 2 2 3 2 2 3 2 2 3 4 6 2 0 2 4 4 10 2       6875      12500      63750 
4851	  46704	0 1 0 0 1 0 0 1 1 0 1 1 0 1 1 0 1 1 0 1 1 0 1 1 1 1 0 1 1 0 1 1 0 1 1 0 1 1 1 1 1 2 1 1 2 1 1 2 1 1 2 1 1 2 1 1 2 2 1 1 1 1 4 2 1 1 1 1 4 1 2 1 2 3 2 2 3 2 2 3 2 6 2 3 2 4 0 10 2 3      13333      63333       6666 
5049	  46184	0 0 1 0 0 1 1 0 1 1 0 1 1 0 1 1 0 1 1 0 1 1 0 1 0 1 1 1 1 1 1 1 1 1 1 1 1 1 1 2 1 1 2 1 1 2 1 1 2 1 1 2 1 1 2 1 1 1 2 1 3 1 1 1 2 1 3 1 1 1 1 2 2 2 3 2 2 3 2 2 3 3 6 2 0 2 4 2 10 2       6546      14092      62908 
6138	  44250	0 1 0 0 1 0 1 1 0 1 1 0 1 1 0 1 1 0 1 1 0 1 1 0 0 1 1 0 1 1 1 1 1 0 1 1 1 1 1 2 1 1 2 1 1 2 1 1 2 1 1 2 1 1 2 1 1 1 1 2 3 1 1 1 1 2 4 1 1 2 2 1 2 3 2 2 3 2 2 3 2 3 2 6 0 4 2 2 2 10       6500      62875      14125 
6237	  43250	0 1 0 0 1 0 1 1 0 1 1 0 1 1 0 1 1 0 1 1 0 1 1 0 0 1 1 0 1 1 0 1 1 1 1 1 0 1 1 2 1 1 2 1 1 2 1 1 2 1 1 2 1 1 2 1 1 1 1 2 4 1 1 1 1 2 4 1 1 2 2 1 2 3 2 2 3 2 2 3 2 3 2 6 0 4 2 2 2 10       6500      62875      14125 
0	 649000	1 0 0 1 0 0 1 0 0 1 0 0 1 0 0 1 0 0 1 0 0 1 0 0 1 0 0 1 1 0 1 1 0 1 1 0 1 1 0 1 2 0 1 2 0 1 2 0 1 2 0 1 2 0 1 2 0 1 2 0 1 2 0 1 2 0 1 2 0 2 2 0 3 3 7 3 3 3 3 3 6 3 3 3 4 2 2 1 2 21      63000      13500       7715 
99	 537700	0 0 1 1 0 1 0 0 1 1 0 1 0 0 1 0 0 1 0 1 1 1 0 1 0 1 1 0 1 1 0 1 1 0 1 1 0 1 1 0 2 1 0 2 1 0 2 1 0 2 1 0 2 1 1 1 1 0 3 1 0 3 1 0 2 1 0 2 1 0 2 2 7 2 3 1 2 3 4 3 3 2 2 3 4 0 4 20 4 1       8150      13500      63000 
495	 534384	0 0 1 1 0 1 1 0 1 1 0 1 0 0 1 0 0 1 0 0 1 1 0 1 0 0 1 0 1 1 0 1 1 0 1 1 0 1 1 0 2 1 0 2 1 0 2 1 0 2 1 0 2 1 1 2 1 0 2 1 0 3 1 0 3 1 1 2 1 0 2 2 6 3 3 1 2 3 2 3 3 2 3 3 4 0 4 21 3 1       8404      13500      63000 
594	 493432	0 1 0 0 1 1 0 1 1 0 1 1 0 1 0 0 1 0 1 1 0 0 1 1 1 1 0 1 1 0 1 1 0 1 1 0 1 1 0 2 1 0 2 1 0 2 1 0 2 1 0 2 1 0 1 1 1 3 1 0 3 1 0 2 1 0 2 1 1 2 2 0 2 3 6 2 3 1 3 3 2 2 3 2 0 4 4 4 1 21      13500      63000       7762 
891	 120810	0 1 0 0 1 0 0 1 1 0 1 1 1 1 0 0 1 0 0 1 1 1 1 0 0 1 0 0 1 1 0 1 1 0 1 1 0 1 1 0 1 2 0 1 2 0 1 2 0 1 2 0 1 2 2 1 1 0 1 3 0 1 2 0 1 3 0 1 2 0 2 2 5 3 2 3 3 1 4 3 1 3 3 2 2 4 1 21 1 5       7119      63000      13500 
1089	  70674	0 1 0 0 1 0 0 1 1 0 1 1 1 1 0 0 1 1 1 1 0 0 1 1 1 1 0 1 1 0 1 1 0 1 1 0 1 1 0 1 1 1 2 1 0 2 1 0 2 1 0 2 1 0 1 1 1 3 1 0 3 1 0 3 1 0 2 1 1 2 2 0 0 3 6 3 3 0 2 3 2 2 3 2 0 4 4 5 1 21      13556      62889       7111 
2079	  64094	0 1 0 0 1 0 1 1 0 1 1 0 0 1 1 1 1 0 0 1 0 1 1 0 0 1 1 0 1 1 0 1 1 0 1 1 0 1 1 2 1 1 1 1 1 0 1 2 0 1 2 0 1 2 0 1 2 0 1 3 0 1 3 0 1 3 1 1 2 0 2 2 6 3 0 0 3 3 2 3 2 2 3 2 4 4 0 20 1 6       6818      63182      13409 
2178	  62390	0 1 0 0 1 0 1 1 0 1 1 0 0 1 1 1 1 0 0 1 1 1 1 0 0 1 1 0 1 1 0 1 1 1 1 1 0 1 1 2 1 1 0 1 2 0 1 2 0 1 2 0 1 2 0 1 2 0 1 3 0 1 3 0 1 3 1 1 2 0 2 2 6 3 0 0 3 3 2 3 2 2 3 2 4 4 0 20 1 4       8095      61905      14047 
2574	  60702	1 0 0 1 0 0 1 1 0 1 1 0 1 1 0 1 1 0 1 0 1 1 1 0 1 1 0 1 1 1 1 0 1 1 1 1 1 1 1 1 2 1 1 1 2 1 0 2 1 0 2 1 0 2 1 1 1 1 0 3 1 0 3 1 0 3 1 1 2 2 0 2 3 2 2 3 5 0 3 2 2 3 1 3 4 1 2 1 17 5      61277       9069      12910 
3069	  58576	1 0 0 1 0 0 1 1 0 1 1 0 1 0 1 1 1 0 1 1 0 1 1 0 1 0 1 1 0 1 1 0 1 1 0 1 1 0 1 1 1 1 1 2 1 1 0 2 1 0 2 1 0 2 1 0 2 1 0 3 1 0 3 1 0 3 1 1 2 2 0 2 3 6 0 3 0 3 3 2 2 3 2 2 4 4 0 1 19 6      62857       7143      13571 
3564	  57146	1 0 0 1 0 0 1 1 0 1 1 0 1 0 1 1 1 0 1 1 0 1 1 0 1 0 1 1 0 1 1 0 1 1 0 1 1 0 1 1 2 1 1 2 1 1 0 2 1 0 2 1 0 2 1 0 2 1 0 3 1 0 3 1 0 3 1 1 2 2 0 2 3 5 0 3 0 3 3 2 2 3 2 2 4 4 0 1 19 6      62857       7143      13571 
3960	  51226	0 1 0 0 1 0 1 1 0 1 1 0 1 1 0 1 1 0 1 1 0 1 1 0 0 1 1 0 1 1 0 1 1 0 1 1 0 1 1 2 1 1 2 1 1 0 1 2 0 1 2 0 1 2 0 1 2 0 1 3 0 1 3 0 1 3 1 1 2 0 2 2 6 3 0 0 3 3 1 3 2 2 3 2 4 4 0 18 1 7       6829      63171      13415 
4059	  50740	0 1 0 0 1 0 0 1 1 0 1 1 0 1 1 0 1 1 0 1 1 0 1 1 1 1 0 1 1 0 1 1 0 1 1 0 1 1 0 1 1 1 1 1 2 2 1 0 2 1 0 2 1 0 2 1 0 3 1 0 3 1 0 3 1 0 2 1 1 2 2 0 0 3 6 3 3 0 2 3 2 2 3 2 0 4 4 7 1 18      13415      63171       6829 
7704	  50254	1 0 0 1 0 0 1 0 1 1 0 1 1 0 1 1 0 1 1 0 1 1 0 1 1 1 0 1 1 0 1 1 0 1 1 0 1 1 0 1 1 2 1 1 2 1 2 0 1 2 0 1 2 0 1 2 0 1 3 0 1 3 0 1 3 0 1 2 1 2 2 0 3 0 5 3 3 0 3 2 2 3 2 2 4 0 4 1 7 18      63171      13415       6829 
9981	  49198	1 0 0 1 0 0 1 0 1 1 0 1 1 0 1 1 0 1 1 0 1 1 0 1 1 1 0 1 1 0 1 1 0 1 1 0 1 1 1 1 1 2 1 1 2 1 2 0 1 2 0 1 2 0 1 2 0 1 3 0 1 3 0 1 3 0 1 2 1 2 2 0 3 0 6 3 3 0 3 2 2 3 2 2 4 0 4 1 7 16      62432      13783       7568 
0	 665200	1 0 0 1 0 0 1 0 0 1 0 0 1 0 0 1 0 0 1 0 0 1 0 0 1 0 0 1 1 0 1 1 0 1 1 0 1 1 0 1 2 0 1 2 0 1 2 0 1 2 0 1 2 0 1 2 0 1 2 0 1 2 0 1 2 0 1 2 0 2 2 0 3 3 6 3 3 5 3 3 3 3 3 3 4 2 5 1 2 20      63000      13500       8100 
396	 584708	0 1 0 0 1 0 0 1 0 0 1 0 0 1 0 0 1 0 0 1 0 0 1 0 0 1 0 0 1 1 0 1 1 0 1 1 0 1 1 0 1 1 0 1 2 0 1 2 0 1 2 0 1 2 0 1 2 1 1 2 1 1 2 1 1 2 1 1 3 0 2 2 1 3 3 3 3 3 7 2 3 4 3 3 6 4 2 17 2 2       6941      70000      11000 
891	 158400	1 0 0 1 0 0 1 0 1 1 0 1 1 0 0 1 0 0 1 0 0 1 0 0 1 0 0 1 0 1 1 0 1 1 0 1 1 0 1 1 1 1 1 0 2 1 0 2 1 0 2 1 0 2 1 0 2 1 0 2 1 0 2 1 0 3 1 0 3 2 0 2 2 6 4 3 5 1 3 3 3 3 2 2 4 5 1 2 20 2      63000       6350      13500 
990	 131100	0 1 0 0 1 0 1 1 0 0 1 0 1 1 0 1 1 0 0 1 0 0 1 0 0 1 0 1 1 0 1 1 0 1 1 0 1 1 0 2 1 0 2 1 0 2 1 0 2 1 0 2 1 0 2 1 0 2 1 0 2 1 0 3 1 0 3 1 0 2 2 0 1 3 6 1 3 5 2 3 3 1 3 3 4 3 5 2 2 20      13500      63000       6350 
2079	 105832	0 1 0 0 1 0 0 1 0 0 1 0 0 1 0 1 1 0 0 1 0 1 1 0 1 1 0 0 1 1 0 1 1 0 1 1 0 1 1 0 1 2 0 1 2 0 1 2 0 1 2 0 1 2 0 1 2 1 1 2 1 1 2 1 1 2 0 1 3 0 2 2 1 3 3 3 3 2 7 2 4 2 3 3 6 4 0 17 2 3       6677      63000      13500 
3168	  77120	1 0 0 1 0 0 1 0 1 1 0 0 1 0 1 1 1 0 1 0 1 1 0 1 1 1 0 1 1 0 1 1 0 1 1 0 1 1 0 1 2 1 1 2 0 1 2 0 1 2 0 1 2 0 1 2 0 1 2 1 1 2 1 1 2 1 1 2 1 2 2 0 3 3 1 3 3 0 2 4 7 3 2 2 4 0 5 2 2 18      63000      13500       7056 
3267	  55488	0 1 0 0 1 0 0 1 1 1 1 0 0 1 1 0 1 1 0 1 1 0 1 1 1 1 0 1 1 1 1 1 0 1 1 0 1 1 0 1 1 2 2 1 0 2 1 0 2 1 0 2 1 0 2 1 0 2 1 1 2 1 1 2 1 1 2 1 1 2 2 0 3 3 1 3 3 0 4 2 7 2 3 2 0 4 4 3 2 16      13549      62903       7097 
4059	  50000	0 1 0 0 1 0 0 1 1 0 1 1 0 1 1 0 1 1 0 1 1 0 1 1 1 1 0 1 1 1 1 1 1 1 1 0 1 1 0 1 1 2 2 1 0 2 1 0 2 1 0 2 1 0 2 1 0 2 1 2 3 1 0 2 1 1 2 1 1 2 2 0 3 3 0 3 3 0 4 2 7 3 3 0 0 4 4 2 2 17      13750      62500       7500 
10071	  44448	0 0 1 0 0 1 1 0 1 1 0 1 1 0 1 1 0 1 1 0 1 1 0 1 0 1 1 0 1 1 1 1 1 0 1 1 1 1 1 2 1 1 0 2 1 0 2 1 0 2 1 0 2 1 0 2 1 1 2 1 0 3 1 1 2 1 1 2 1 0 2 2 0 3 3 0 3 3 7 4 2 0 3 3 4 0 4 18 2 2       7037      13703      62963 
12546	  42500	1 0 0 1 0 0 1 0 1 1 0 1 1 0 1 1 0 1 1 0 1 1 0 1 1 0 1 1 1 1 1 1 1 1 1 0 1 1 1 1 1 2 1 2 0 1 2 0 1 2 0 1 2 0 1 2 0 1 2 1 1 3 0 1 2 1 1 3 0 2 2 0 3 3 0 3 3 0 2 4 7 3 3 0 4 0 4 2 2 17      62500      13750       7500 
0	 631728	1 0 0 1 0 0 1 0 0 1 0 0 1 0 0 1 0 0 1 0 0 1 0 0 1 0 0 1 1 0 1 1 0 1 1 0 1 1 0 1 2 0 1 2 0 1 2 0 1 2 0 1 2 0 1 2 0 1 2 0 1 2 0 1 2 0 1 2 0 2 2 0 3 3 6 3 3 4 3 3 2 3 3 5 4 2 3 1 2 22      63000      13500       8636 
198	 541000	0 1 0 0 1 0 0 1 0 0 1 0 0 1 0 0 1 0 0 1 1 0 1 0 0 1 0 0 1 1 0 1 1 0 1 1 0 1 1 1 1 1 0 1 2 0 1 2 0 1 2 0 1 2 0 1 2 0 1 2 0 1 2 0 2 1 0 1 3 0 2 2 2 3 2 2 3 2 9 2 3 3 3 3 5 4 1 20 1 5       7475      63000      13500 
495	 156200	1 0 0 1 0 0 1 0 0 1 0 0 1 0 0 1 0 0 1 0 1 1 0 0 1 0 0 1 0 1 1 0 1 1 0 1 1 0 1 1 0 2 1 0 2 1 0 2 1 0 2 1 0 2 1 0 2 1 1 2 1 1 2 1 1 2 1 1 2 2 0 1 3 1 3 3 1 3 2 10 3 3 1 3 4 5 2 2 20 2      63000       5800      13500 
693	  96848	0 0 1 0 0 1 0 1 1 0 1 1 0 0 1 0 0 1 0 0 1 0 1 1 0 1 1 1 0 1 1 0 1 1 0 1 1 0 1 2 0 1 2 0 1 2 0 1 2 0 1 2 0 1 2 0 1 2 1 1 2 1 1 2 1 1 3 1 1 1 0 2 3 0 3 3 1 3 4 9 2 3 1 3 1 3 4 2 20 2      13158       6316      63684 
792	  72636	1 0 0 1 0 0 1 1 0 1 1 0 1 0 0 1 1 0 1 0 1 1 0 1 1 0 1 1 1 1 1 0 1 1 0 1 1 0 1 1 0 2 1 0 2 1 0 2 1 0 2 1 0 2 1 0 2 1 1 2 1 1 2 1 1 2 1 1 2 2 0 1 3 0 3 3 0 3 2 10 3 3 0 3 4 4 0 2 20 2      63684       6316      13158 
2862	  65120	0 0 1 0 0 1 1 0 1 1 0 1 1 0 1 1 0 1 1 0 1 1 0 1 0 0 1 0 1 1 0 1 1 0 1 1 0 1 1 2 1 1 0 2 1 0 2 1 0 2 1 2 1 1 1 2 1 0 3 1 0 3 1 1 2 1 1 2 1 0 2 2 1 3 3 0 3 3 9 3 2 0 3 3 1 2 4 18 2 2       7055      13500      63000 
4446	  61706	1 0 0 1 0 0 1 0 1 1 0 1 1 0 1 1 0 1 1 0 1 1 0 1 1 0 1 1 1 0 1 1 1 1 1 0 1 1 0 1 1 2 1 2 0 1 2 0 1 2 0 1 1 1 1 1 2 1 3 0 1 3 0 1 2 1 1 3 0 2 2 0 3 3 1 3 3 1 2 3 8 3 3 0 4 2 1 2 2 17      62341      12557       7659 
4743	  54122	0 0 1 0 0 1 0 1 1 0 1 1 0 1 1 0 1 1 0 1 1 0 1 1 0 1 1 1 0 1 1 0 1 1 0 1 1 0 1 1 1 1 2 0 1 2 0 1 2 0 1 1 2 1 1 2 1 3 0 1 3 0 1 2 2 1 3 0 1 2 0 2 3 1 3 3 0 3 3 9 2 3 0 3 2 0 4 2 18 2      13529       7059      62941 
5733	  52572	1 0 0 1 0 0 1 0 1 1 0 1 1 0 1 1 0 1 1 0 1 1 0 1 1 0 1 1 1 1 1 1 0 1 1 0 1 1 0 1 2 0 1 2 0 1 2 0 1 2 0 1 1 2 1 1 2 1 3 0 1 3 0 1 2 1 1 3 0 2 2 0 3 3 1 3 3 0 2 3 9 3 3 0 4 2 0 2 1 19      62572      13714       7428 
5832	  40542	1 0 0 1 0 0 1 0 1 1 0 1 1 0 1 1 0 1 1 0 1 1 0 1 1 0 1 1 1 1 1 1 0 1 1 0 1 1 0 1 2 0 1 2 0 1 2 0 1 2 0 1 1 2 1 1 2 1 3 0 1 3 0 1 2 1 1 3 0 2 2 0 3 3 0 3 3 0 2 3 9 3 3 0 4 2 0 2 1 20      62973      13514       7027 
5931	  40010	0 0 1 0 0 1 0 1 1 0 1 1 0 1 1 0 1 1 0 1 1 0 1 1 0 1 1 1 1 1 1 0 1 1 0 1 1 1 1 1 2 1 2 0 1 2 0 1 2 0 1 2 0 1 1 2 1 3 0 1 3 0 1 2 1 1 2 1 1 2 0 2 3 0 3 3 0 3 3 9 2 3 0 3 2 0 4 2 18 2      13529       7059      62942 
0	 649000	1 0 0 1 0 0 1 0 0 1 0 0 1 0 0 1 0 0 1 0 0 1 0 0 1 0 0 1 1 0 1 1 0 1 1 0 1 1 0 1 2 0 1 2 0 1 2 0 1 2 0 1 2 0 1 2 0 1 2 0 1 2 0 1 2 0 1 2 0 2 2 0 3 3 4 3 3 6 3 3 5 3 3 5 4 2 1 1 2 21      63000      13500       7715 
198	 614000	0 0 1 0 0 1 0 0 1 0 1 1 0 1 1 0 1 1 0 0 1 0 0 1 1 0 1 0 1 1 0 1 1 0 1 1 0 1 1 0 2 1 0 2 1 0 2 1 0 2 1 0 2 1 0 2 1 0 2 1 0 2 1 0 2 1 0 2 1 0 1 2 4 2 3 6 3 3 5 2 3 4 3 3 1 2 4 21 2 1       7715      13500      63000 
495	 606616	0 1 0 0 1 1 0 1 1 1 1 0 1 1 0 1 1 0 0 1 0 0 1 1 0 1 1 1 1 1 1 1 0 1 1 0 1 1 1 2 1 1 2 1 0 2 1 1 2 1 1 2 1 1 2 1 1 2 1 1 2 1 1 2 1 5 2 1 1 1 2 1 2 3 4 3 3 1 2 3 1 3 3 2 2 4 1 2 1 13       9000      63000      13154 
594	 128000	0 0 1 0 0 1 1 0 1 1 0 1 1 0 1 1 0 1 1 0 1 0 0 1 1 0 1 0 1 1 0 1 1 0 1 1 0 1 1 0 2 1 0 2 1 0 2 1 0 2 1 0 2 1 0 2 1 0 3 1 1 2 1 0 3 1 0 3 1 0 2 2 3 3 3 4 1 3 3 2 3 4 2 3 1 2 4 20 3 1       7425      13500      63000 
1386	  59454	0 1 0 0 1 0 1 1 0 1 1 0 1 1 0 1 1 0 1 1 0 0 1 1 1 1 0 1 1 1 0 1 1 0 1 1 0 1 1 0 1 2 0 1 2 0 1 2 0 1 2 0 1 2 0 1 2 1 1 2 1 1 2 0 1 3 0 1 3 0 2 2 2 3 2 4 3 1 3 3 2 3 3 2 1 4 2 20 1 4       8056      61111      14444 
2871	  55816	1 0 0 1 0 0 1 0 1 1 0 1 1 0 1 1 0 1 1 0 1 1 1 0 1 0 1 1 1 1 1 1 1 1 1 0 1 1 0 1 2 0 1 2 0 1 2 0 1 2 0 1 2 0 1 2 0 1 3 0 1 2 1 1 3 0 1 3 0 2 2 0 3 2 2 3 1 4 3 2 2 3 2 3 4 2 1 1 3 21      61628      14186       8372 
4446	  55602	1 0 0 1 0 0 1 0 1 1 0 1 1 0 1 1 0 1 1 0 1 1 1 0 1 0 1 1 1 0 1 1 1 1 1 1 1 1 0 1 2 0 1 2 0 1 2 0 1 2 0 1 2 0 1 2 0 1 2 1 1 2 1 1 3 0 1 3 0 2 2 0 3 3 1 3 1 4 3 2 2 3 2 3 4 2 1 1 3 21      60642      14677       8349 
4941	  53816	0 1 0 0 1 0 0 1 1 0 1 1 0 1 1 0 1 1 0 1 1 0 1 1 0 1 1 1 1 1 1 1 0 1 1 0 1 1 1 2 1 0 2 1 0 2 1 0 2 1 0 2 1 0 2 1 0 2 1 1 2 1 1 3 1 0 3 1 0 2 2 0 2 3 2 1 3 4 3 3 2 2 3 2 2 4 1 4 1 20      14048      61904       8095 
5337	  48106	0 1 0 0 1 0 0 1 1 0 1 1 0 1 1 0 1 1 0 1 1 1 1 0 0 1 1 1 1 1 1 1 1 1 1 1 1 1 1 2 1 0 2 1 0 2 1 0 2 1 0 2 1 0 2 1 0 2 1 1 2 1 1 3 1 0 3 1 0 2 2 0 2 3 2 1 3 4 2 3 2 3 3 1 2 4 1 3 1 20      14788      60416       8761 
0	 164668	1 0 0 1 0 0 1 0 0 1 1 0 1 0 0 1 0 0 1 0 0 1 0 0 1 0 0 1 1 0 1 1 0 1 1 0 1 1 0 1 2 0 1 2 0 1 2 0 1 2 0 1 2 0 1 2 0 1 2 0 1 3 0 1 3 0 1 2 0 2 1 0 3 3 3 3 2 4 3 0 6 2 4 8 4 2 4 2 3 17      64000      13000       6333 
693	 152000	0 1 0 0 1 0 1 1 0 1 1 0 1 1 0 1 1 0 1 1 0 1 1 0 1 1 0 0 1 1 0 1 1 0 1 1 0 1 1 1 1 1 0 1 2 0 1 2 0 1 2 0 1 2 0 1 2 0 1 2 0 1 3 0 1 2 0 1 3 0 2 2 7 3 1 3 3 2 4 3 3 4 2 5 1 4 2 15 2 2       7000      60000      15000 
792	 129200	0 1 0 0 1 0 0 1 0 0 1 0 0 1 0 0 1 0 0 1 0 1 1 0 0 1 0 1 1 0 1 1 0 1 1 0 1 1 0 2 1 0 2 1 0 2 1 0 2 1 0 2 1 0 2 1 0 2 1 0 3 1 0 2 1 0 3 1 0 2 2 0 1 3 3 1 3 5 2 3 3 5 2 6 1 4 5 3 2 20      13500      63000       5675 
1089	  65000	0 1 0 0 1 0 0 1 1 1 1 0 0 1 1 0 1 1 0 1 1 0 1 1 0 1 0 1 1 0 1 1 0 1 1 0 1 1 0 2 1 0 2 1 0 2 1 0 2 1 0 2 1 0 2 1 0 2 1 1 3 1 0 3 1 0 2 1 0 1 2 1 2 3 2 2 3 2 0 3 6 4 2 8 2 4 1 4 2 16      13125      63750       6250 
5715	  52500	0 0 1 0 0 1 0 1 1 1 0 1 0 1 1 0 1 1 0 1 1 0 1 1 0 1 1 1 0 1 1 0 1 1 0 1 1 0 1 2 0 1 2 0 1 2 0 1 2 0 1 2 0 1 2 0 1 2 1 1 3 0 1 3 0 1 2 0 1 1 1 2 2 2 3 2 2 3 0 6 3 4 8 2 2 0 4 4 16 2      13125       6250      63750 
5913	  46462	0 0 1 0 0 1 0 1 1 1 0 1 0 1 1 0 1 1 0 1 1 0 1 1 0 1 1 1 0 1 1 0 1 1 1 1 1 0 1 2 0 1 2 0 1 2 0 1 2 0 1 2 0 1 2 0 1 2 1 1 3 0 1 3 0 1 3 0 1 1 1 2 2 2 3 2 2 3 0 6 3 4 7 2 2 0 4 3 16 2      13548       7097      62903 
7200	  45000	0 0 1 0 0 1 1 0 1 0 0 1 1 0 1 1 0 1 1 0 1 1 0 1 1 0 1 0 1 1 0 1 1 0 1 1 0 1 1 0 2 1 0 2 1 0 2 1 0 2 1 0 2 1 0 2 1 1 2 1 0 3 1 0 3 1 0 3 1 1 1 2 2 2 3 2 2 3 6 0 3 8 4 2 0 2 4 16 4 2       6250      13125      63750 
0	 665200	1 0 0 1 0 0 1 0 0 1 0 0 1 0 0 1 0 0 1 0 0 1 0 0 1 0 0 1 1 0 1 1 0 1 1 0 1 1 0 1 2 0 1 2 0 1 2 0 1 2 0 1 2 0 1 2 0 1 2 0 1 2 0 1 2 0 1 2 0 2 2 0 3 3 6 3 3 6 3 3 3 3 3 5 4 2 2 1 2 20      63000      13500       8100 
297	 100000	1 0 0 1 0 0 1 1 0 1 0 1 1 0 0 1 0 0 1 0 0 1 0 0 1 0 1 1 1 0 1 1 0 1 1 0 1 1 0 1 2 0 1 2 0 1 2 0 1 2 0 1 2 0 1 2 0 1 3 0 1 2 0 1 3 0 1 3 0 2 2 0 2 4 7 3 1 5 3 2 3 3 2 2 4 1 3 2 2 20      63680      13160       6316 
594	  88424	0 0 1 0 0 1 1 0 1 0 1 1 0 0 1 0 0 1 0 0 1 0 1 1 0 1 1 1 0 1 1 0 1 1 0 1 1 0 1 2 0 1 2 0 1 2 0 1 2 0 1 2 0 1 2 0 1 3 0 1 2 0 1 3 0 1 3 0 1 2 0 2 4 7 2 1 4 3 2 3 3 2 2 3 1 3 4 2 20 2      13158       6316      63684 
1188	  82108	0 0 1 0 0 1 1 0 1 0 1 1 0 1 1 1 0 1 0 0 1 0 1 1 0 1 1 1 0 1 1 0 1 1 0 1 1 0 1 2 0 1 2 0 1 2 0 1 2 0 1 2 0 1 2 0 1 3 0 1 2 0 1 3 0 1 3 0 1 1 0 2 4 7 2 1 4 3 2 3 3 2 2 3 1 2 4 2 20 2      13158       6316      63684 
1584	  53256	1 0 0 1 0 0 1 0 1 1 1 0 1 1 0 1 0 0 1 1 0 1 1 0 1 1 0 1 0 1 1 0 1 1 0 1 1 0 1 1 2 1 1 0 2 1 0 2 1 0 2 1 0 2 1 0 2 1 0 3 1 0 3 1 0 3 1 0 3 2 0 2 2 7 4 3 4 1 3 2 2 3 2 2 4 2 1 2 18 2      63000       7062      13438 
3069	  51770	0 1 0 0 1 0 0 1 1 1 1 0 1 1 0 1 1 0 1 1 0 1 1 0 1 1 0 0 1 1 0 1 1 0 1 1 0 1 1 1 1 1 0 1 2 0 1 2 0 1 2 0 1 2 0 1 2 0 1 3 0 1 3 0 1 3 0 1 3 0 2 2 7 2 4 4 3 1 2 3 2 2 3 2 2 4 1 18 2 2       7059      62941      13529 
3366	  50000	1 0 0 1 0 0 1 0 1 1 1 0 1 1 0 1 1 0 1 1 0 1 1 0 1 1 0 1 0 1 1 0 1 1 0 1 1 0 1 1 2 1 1 0 2 1 0 2 1 0 2 1 0 2 1 2 1 1 0 3 1 0 3 1 0 3 1 0 3 2 0 2 2 7 4 3 4 1 3 2 2 3 2 2 4 2 1 2 15 3      62222       7778      12778 
4653	  49656	0 1 0 0 1 0 0 1 1 1 1 0 1 1 0 1 1 0 1 1 0 1 1 0 1 1 0 0 1 1 1 1 1 0 1 1 0 1 1 0 1 2 0 1 2 0 1 2 0 1 2 0 1 2 2 1 1 1 1 2 0 1 3 0 1 3 0 1 3 0 2 2 7 2 4 4 3 1 2 3 2 2 3 2 2 4 1 15 2 3       7586      62414      13793 
5049	  49600	0 1 0 0 1 0 0 1 1 1 1 0 1 1 0 1 1 0 1 1 0 1 1 0 1 1 0 0 1 1 0 1 1 0 1 1 0 1 1 2 1 1 0 1 2 0 1 2 0 1 2 0 1 2 0 1 2 0 1 3 0 1 3 0 1 3 0 1 3 0 2 2 7 2 4 4 3 1 2 3 2 2 3 2 2 4 1 17 2 2       7600      62400      13000 
6822	  44000	1 0 0 1 0 0 1 0 1 1 0 1 1 0 1 1 0 1 1 0 1 1 0 1 1 0 1 1 1 0 1 1 1 1 1 1 1 1 1 1 2 0 1 2 0 1 2 0 1 2 0 1 2 0 1 2 0 1 3 0 1 3 0 1 3 0 1 3 0 2 2 0 2 4 6 3 1 4 3 2 2 3 2 2 4 1 2 2 2 16      62000      14000       8000 
8604	  39360	0 0 1 0 0 1 0 1 1 0 1 1 0 1 1 0 1 1 0 1 1 0 1 1 0 1 1 1 0 1 1 0 1 1 0 1 1 0 1 1 2 1 2 0 1 2 0 1 2 0 1 2 0 1 2 0 1 3 0 1 3 0 1 3 0 1 3 0 1 2 0 2 4 7 2 1 4 3 2 2 3 2 2 3 1 2 4 3 16 2      13548       7097      62903 
9198	  38830	1 0 0 1 0 0 1 1 0 1 1 0 1 1 0 1 1 0 1 1 0 1 1 0 1 1 0 1 0 1 1 0 1 1 0 1 1 0 1 1 2 1 1 0 2 1 0 2 1 0 2 1 0 2 1 0 2 1 0 3 1 0 3 1 0 3 1 0 3 2 0 2 2 7 4 3 2 2 3 2 2 3 2 2 4 2 1 2 18 2      62941       7059      13529 
0	 631728	1 0 0 1 0 0 1 0 0 1 0 0 1 0 0 1 0 0 1 0 0 1 0 0 1 0 0 1 1 0 1 1 0 1 1 0 1 1 0 1 2 0 1 2 0 1 2 0 1 2 0 1 2 0 1 2 0 1 2 0 1 2 0 1 2 0 1 2 0 2 2 0 3 3 3 3 3 3 3 3 8 3 3 3 4 2 3 1 2 22      63000      13500       8636 
297	 623200	0 1 1 0 1 0 0 1 1 0 1 0 0 1 1 0 1 0 0 1 1 0 1 0 0 1 0 1 1 0 1 1 0 1 1 0 1 1 0 2 1 0 2 1 0 2 1 0 2 1 0 2 1 0 2 1 0 2 1 0 2 1 0 2 1 0 2 1 0 2 2 0 3 3 2 3 3 5 3 3 2 3 3 6 2 4 3 2 1 20      13500      63000       8100 
594	 591340	0 1 1 0 1 1 0 1 1 0 0 1 1 0 1 1 0 1 1 1 1 0 0 1 0 1 1 1 0 1 1 0 1 1 0 1 1 0 1 2 0 1 2 0 1 2 0 1 1 0 1 2 0 1 2 0 1 2 0 1 2 0 1 2 0 1 2 0 1 2 0 2 3 1 3 3 7 2 3 1 3 2 6 3 1 4 4 2 18 2      18000       6555      63000 
693	 157644	0 0 1 0 0 1 0 0 1 0 0 1 0 0 1 0 1 1 0 0 1 0 0 1 1 0 1 0 1 1 0 1 1 0 1 1 0 1 1 0 2 1 0 2 1 0 2 1 0 2 1 0 2 1 0 2 1 0 2 1 0 2 1 0 2 1 0 3 1 0 2 2 3 3 3 3 3 3 9 3 2 3 1 3 1 2 4 22 2 2       5727      13000      64000 
792	 120000	0 0 1 0 0 1 1 0 1 1 0 1 0 1 1 1 0 1 1 0 1 1 0 1 0 1 1 0 1 1 1 1 1 0 1 1 0 1 1 0 2 1 0 2 1 0 2 1 0 2 1 0 2 1 0 2 1 1 2 1 1 2 1 0 2 1 0 2 1 0 2 2 1 3 3 5 2 3 2 3 3 4 2 3 2 2 4 20 2 1       9500      16500      57000 
891	 111000	0 1 0 0 1 0 0 1 0 0 1 1 0 1 1 1 1 0 1 1 0 0 1 1 0 1 1 1 1 0 1 1 1 1 1 0 1 1 0 2 1 0 2 1 0 2 1 0 2 1 0 2 1 0 2 1 0 2 1 0 2 1 0 2 1 0 2 1 0 2 2 0 3 3 1 4 2 7 3 3 1 1 3 5 1 4 3 2 2 20      13500      63000       6350 
1188	  71474	0 1 0 0 1 0 0 1 1 0 1 1 0 1 1 1 1 0 0 1 1 0 1 1 0 1 1 1 1 0 1 1 1 1 1 0 1 1 0 2 1 0 2 1 0 2 1 0 2 1 0 2 1 0 2 1 0 2 1 0 2 1 0 2 1 1 3 1 0 2 2 0 3 3 0 4 2 7 3 3 1 1 3 4 1 4 2 2 2 20      13235      63530       6324 
1584	  45408	0 1 0 0 1 0 1 1 0 1 1 0 1 1 0 0 1 1 1 1 0 1 1 0 1 1 0 1 1 1 0 1 1 0 1 1 0 1 1 0 1 2 0 1 2 0 1 2 0 1 2 0 1 2 0 1 2 1 1 2 0 1 3 1 1 2 0 1 3 0 2 2 0 3 3 7 2 4 0 3 3 4 3 1 2 4 1 20 2 1       7027      62973      13514 
0	 649000	1 0 0 1 0 0 1 0 0 1 0 0 1 0 0 1 0 0 1 0 0 1 0 0 1 0 0 1 1 0 1 1 0 1 1 0 1 1 0 1 2 0 1 2 0 1 2 0 1 2 0 1 2 0 1 2 0 1 2 0 1 2 0 1 2 0 1 2 0 2 2 0 3 3 6 3 3 4 3 3 4 3 3 5 4 2 2 1 2 21      63000      13500       7715 
99	 631250	0 0 1 0 0 1 0 1 1 1 0 1 1 0 1 1 0 1 0 1 1 1 0 1 1 0 1 0 1 1 0 1 1 0 1 1 0 1 1 0 2 1 0 2 1 0 2 1 0 2 1 0 2 1 0 2 1 0 2 1 0 2 1 0 2 1 0 2 1 0 1 2 1 3 3 4 3 3 3 3 3 10 3 3 3 1 4 16 2 1      10125      15000      60000 
396	 622000	1 1 0 1 0 1 1 1 0 1 1 1 1 1 1 1 1 0 1 1 0 1 0 1 1 1 0 1 0 1 1 2 0 1 0 3 1 1 1 1 3 0 1 0 2 1 0 3 1 1 1 1 3 0 1 0 3 1 3 0 1 2 1 1 0 2 1 2 1 2 1 2 3 4 2 2 3 3 2 3 4 3 2 3 3 1 5 4 4 1      50667      14000      21333 
495	 171000	1 0 1 1 0 1 1 0 1 1 0 1 1 0 1 1 0 1 1 0 1 1 0 1 1 0 1 1 1 1 1 1 1 1 1 1 1 1 1 1 1 1 1 2 1 1 2 1 1 2 1 1 2 1 1 2 1 1 2 1 1 2 1 1 2 1 1 2 1 2 1 2 3 2 3 3 3 2 3 3 2 2 3 3 4 3 3 2 4 4      25500      16500      40500 
693	 144318	1 0 0 1 0 0 1 0 0 1 1 0 1 0 0 1 1 0 1 1 0 1 0 0 1 0 0 1 0 1 1 0 1 1 0 1 1 0 1 1 1 1 1 1 2 1 0 2 1 0 2 1 0 2 1 1 2 1 1 2 1 0 3 1 1 2 1 0 3 2 0 2 3 3 3 3 2 2 3 1 3 3 6 0 4 3 2 1 19 5      63000       8175      12334 
792	  58108	0 0 1 0 0 1 0 1 1 0 1 1 0 0 1 0 1 1 0 1 1 0 1 1 0 1 1 1 0 1 1 0 1 1 0 1 1 1 1 2 0 1 2 0 1 2 0 1 2 0 1 2 0 1 2 0 1 3 0 1 3 0 1 2 0 1 3 0 1 2 0 2 3 1 3 1 4 3 1 4 3 0 6 3 2 0 4 6 20 1      13448       6810      63104 
3744	  57730	0 0 1 0 0 1 1 0 1 1 0 1 1 0 1 1 0 1 1 0 1 1 0 1 1 0 1 0 1 1 0 1 1 0 1 1 1 1 1 0 2 1 0 2 1 0 2 1 0 2 1 0 2 1 0 2 1 0 3 1 0 3 1 0 2 1 0 3 1 0 2 2 1 3 3 3 1 3 4 1 3 6 0 3 0 2 4 20 6 1       6818      13409      63182 
5922	  38184	0 1 0 0 1 0 0 1 1 0 1 1 0 1 1 0 1 1 0 1 1 0 1 1 0 1 1 1 1 0 1 1 0 1 1 0 1 1 0 2 1 0 2 1 0 2 1 0 2 1 0 2 1 0 2 1 0 3 1 0 3 1 0 2 1 1 3 1 0 2 2 0 3 3 0 1 3 4 1 3 4 0 3 6 2 4 0 6 1 20      13409      63182       6818 
10269	  37730	0 0 1 0 0 1 0 1 1 0 1 1 0 1 1 0 1 1 0 1 1 0 1 1 0 1 1 1 0 1 1 0 1 1 0 1 1 1 1 2 0 1 2 0 1 2 0 1 2 0 1 2 0 1 2 0 1 3 0 1 2 1 1 2 1 1 3 0 1 2 0 2 3 0 3 1 4 3 1 4 3 1 4 3 2 0 4 6 20 1      13409       6818      63182 
0	 615960	1 0 0 1 0 0 1 0 0 1 0 0 1 0 0 1 0 0 1 0 0 1 0 0 1 0 0 1 1 0 1 1 0 1 1 0 1 1 0 1 2 0 1 2 0 1 2 0 1 2 0 1 2 0 1 2 0 1 2 0 1 2 0 1 2 0 1 2 0 2 2 0 3 3 5 3 3 4 3 3 2 3 3 3 4 2 5 1 2 23      63000      13500       8260 
198	 603728	1 1 0 1 0 0 1 0 0 1 0 0 1 0 0 1 0 0 1 1 0 1 1 0 1 0 0 1 0 1 1 0 1 1 0 1 1 0 1 1 0 2 1 0 2 1 0 2 1 0 2 1 0 2 1 0 2 1 0 2 1 0 2 1 0 2 1 0 2 2 0 2 3 4 3 3 1 3 3 5 3 3 2 3 4 5 2 1 22 2      63000       8636      13500 
297	 584612	0 1 1 1 0 1 0 0 1 0 0 1 1 0 1 0 1 1 0 1 1 0 0 1 1 0 1 0 1 1 0 1 1 0 1 1 0 1 1 0 2 1 0 2 1 0 2 1 0 2 1 0 2 1 0 2 1 0 2 1 0 2 1 0 2 1 0 2 1 0 2 2 3 3 3 4 2 3 2 2 3 3 3 3 4 2 4 23 1 1       8847      13500      63000 
396	 568000	0 1 1 0 0 1 1 0 1 0 1 1 1 0 1 0 1 1 0 1 1 0 1 1 0 1 1 1 0 1 1 0 1 1 0 1 1 1 1 1 1 1 1 1 1 1 1 1 2 1 1 2 0 1 2 2 1 2 1 1 2 1 1 2 1 1 3 1 1 2 0 2 2 5 3 3 2 3 3 3 3 2 2 3 2 2 4 4 11 1      15000      13000      57000 
792	 125000	1 0 1 1 0 1 1 0 1 1 0 1 1 1 0 1 0 1 1 0 1 1 0 1 1 0 1 1 1 1 1 1 1 1 1 1 1 1 0 1 1 2 1 1 1 1 2 0 1 2 0 1 1 1 1 1 1 1 2 1 1 2 1 1 2 1 1 2 1 2 0 4 3 3 2 3 3 2 3 3 2 3 3 1 4 3 1 1 6 10      54000      18000      10500 
891	 116000	1 1 0 1 1 0 1 1 0 1 1 0 0 1 1 1 1 0 1 1 0 1 1 0 1 1 0 1 1 1 1 1 1 1 1 1 1 1 1 1 1 1 1 1 1 0 1 2 0 1 2 1 1 1 1 1 1 1 1 2 1 1 2 1 1 2 1 1 2 4 2 0 2 3 3 2 3 3 2 3 3 1 3 3 1 4 3 10 1 6      12000      52000      18000 
1188	 114000	1 1 0 1 0 0 1 0 1 1 1 0 1 0 1 1 1 0 1 1 0 1 1 0 1 1 0 1 0 1 1 0 1 1 0 1 1 1 1 1 1 1 1 1 1 1 1 2 1 2 1 1 0 2 1 1 2 1 1 2 1 1 2 1 1 2 1 1 2 2 0 2 3 5 1 3 1 3 3 3 2 3 3 2 4 2 2 1 11 7      57250       8750      16500 
2574	  98000	1 1 0 1 0 0 1 0 1 1 1 0 1 0 1 1 1 0 1 1 0 1 1 0 1 1 0 1 0 1 1 1 1 1 1 1 1 1 1 1 2 1 1 2 1 1 2 1 1 1 1 1 0 2 1 0 2 1 0 3 1 1 2 1 1 2 1 1 2 2 0 2 3 5 1 3 1 3 3 2 2 3 2 2 4 2 2 1 11 7      56500       9500      17000 
2673	  85000	0 1 1 0 0 1 1 0 1 0 1 1 1 0 1 0 1 1 0 1 1 0 1 1 1 0 1 1 0 1 1 0 1 1 0 1 1 1 1 1 2 1 1 1 1 1 2 1 1 2 1 2 0 1 2 0 1 2 1 1 2 1 1 2 1 1 2 1 1 2 0 2 1 5 3 3 1 3 2 3 3 2 3 3 2 2 4 7 11 1      17500       9250      55750 
3465	  82108	0 0 1 0 0 1 1 0 1 0 1 1 1 0 1 0 1 1 0 2 1 0 1 1 1 0 1 1 0 1 1 1 1 1 0 1 1 1 1 1 2 1 1 2 1 1 1 1 1 2 1 2 0 1 2 0 1 2 1 1 2 1 1 2 1 1 2 1 1 2 0 2 1 4 3 3 1 3 2 3 3 2 3 3 2 2 4 7 11 1      16580       9736      56842 
3960	  75250	0 1 0 0 1 0 1 1 0 0 1 1 1 1 0 0 1 1 0 1 1 0 1 1 1 1 0 1 1 0 1 1 1 1 1 0 1 1 1 1 1 2 1 1 2 1 1 2 1 1 2 2 1 0 2 1 0 2 1 1 2 1 1 2 1 1 2 1 1 2 2 0 1 3 4 3 3 1 2 3 3 2 3 2 2 4 2 7 1 12      15500      59000       9375 
4059	  75124	1 0 0 1 0 0 1 1 0 1 0 1 1 1 0 1 0 1 1 0 1 1 0 1 1 1 0 1 1 0 1 1 1 1 1 0 1 1 0 1 1 2 1 1 2 1 1 2 1 1 2 1 2 0 1 2 0 1 2 1 1 2 1 1 2 1 1 2 1 2 2 0 3 1 4 3 3 1 3 2 3 3 2 3 4 2 2 1 7 12      57317      16342       9024 
5544	  73542	1 0 0 1 0 0 1 1 0 1 0 1 1 1 0 1 0 1 1 0 1 1 0 1 1 1 0 1 1 0 1 1 0 1 1 0 1 1 0 1 1 2 1 1 2 1 1 2 1 1 2 1 2 0 1 2 0 1 2 1 1 2 1 1 2 1 1 2 1 2 2 0 3 1 5 3 3 1 3 2 3 3 2 3 4 2 2 1 7 12      56771      17384       8461 
6732	  72858	0 1 0 0 1 0 1 1 0 0 1 1 1 1 0 0 1 1 0 1 1 0 1 1 1 1 0 1 1 0 1 1 0 1 1 0 1 1 0 1 1 2 1 1 2 1 1 2 1 1 2 2 1 0 2 1 0 2 1 1 2 1 1 2 1 1 2 1 1 2 2 0 1 3 5 3 3 0 2 3 3 2 3 3 2 4 2 7 1 13      17143      57857       7857 
7029	  71308	1 0 0 1 0 0 1 0 1 1 1 0 1 0 1 1 1 0 1 1 0 1 1 0 1 0 1 1 0 1 1 0 1 1 0 1 1 0 1 1 2 1 1 2 1 1 2 1 1 2 1 1 0 2 1 0 2 1 1 2 1 1 2 1 1 2 1 1 2 2 0 2 3 5 1 3 0 3 3 2 2 3 2 2 4 2 2 1 15 7      60000       6956      16522 
8019	  65220	1 0 0 1 0 0 1 1 0 1 0 1 1 1 0 1 0 1 1 0 2 1 0 1 1 1 0 1 1 0 1 1 0 1 1 0 1 1 0 1 1 2 1 1 2 1 1 2 1 1 2 1 2 0 1 2 0 1 2 1 1 2 1 1 2 1 1 2 1 2 2 0 3 1 5 3 3 0 3 2 2 3 2 2 4 2 1 1 7 15      60000      16522       6956 
8712	  64448	1 0 0 1 0 0 1 1 0 1 0 1 1 1 0 1 0 1 1 0 1 1 0 1 1 1 0 1 1 0 1 1 0 1 1 0 1 1 0 1 1 2 1 1 2 1 1 2 1 1 2 1 2 0 1 2 0 1 2 1 1 2 1 1 2 1 1 2 1 2 2 0 3 1 5 3 3 0 3 2 2 3 2 2 4 2 1 1 7 16      60555      16113       6666 
9108	  60670	0 1 0 0 1 0 0 1 1 1 1 0 0 1 1 1 1 0 1 1 0 1 1 0 0 1 1 1 1 1 0 1 1 1 1 1 1 1 1 2 1 1 2 1 1 2 1 1 2 1 1 0 1 2 0 1 2 1 1 2 1 1 2 1 1 2 1 1 2 0 2 2 4 3 1 0 3 3 2 3 2 2 3 2 1 4 2 14 1 7       8333      60667      14667 
0	 139560	1 0 0 1 0 0 1 0 0 1 0 0 1 0 0 1 0 0 1 0 0 1 0 0 1 0 0 1 1 0 1 1 0 1 1 0 1 1 0 1 2 0 1 2 0 1 2 0 1 2 0 1 2 0 1 2 0 1 2 0 1 3 0 1 3 0 1 3 0 2 2 0 3 1 4 3 1 7 3 2 3 3 3 3 3 2 7 2 4 18      66000      12000       5555 
594	 127534	1 0 0 1 0 0 1 1 0 1 0 0 1 0 0 1 0 0 1 1 0 1 1 0 1 0 0 1 0 1 1 0 1 1 0 1 1 0 1 1 0 2 1 0 2 1 0 2 1 0 2 1 0 2 1 0 2 1 0 2 1 0 3 1 0 3 1 0 3 2 0 2 3 4 1 3 7 1 3 1 2 3 3 3 3 7 2 2 17 4      64590       5882      12705 
990	  93002	1 0 0 1 0 0 1 0 0 1 1 0 1 0 1 1 0 0 1 0 1 1 0 1 1 0 0 1 1 0 1 1 0 1 1 0 1 1 0 1 2 0 1 2 0 1 2 0 1 2 0 1 2 0 1 2 0 1 2 2 1 3 0 1 3 0 1 3 0 2 2 0 3 1 4 3 1 3 3 2 2 3 2 3 3 2 7 2 4 18      65136      11863       5682 
1089	  87452	0 0 1 0 0 1 0 1 1 1 0 1 1 0 1 1 0 1 1 0 1 0 0 1 0 0 1 1 1 1 0 1 1 0 2 1 0 1 1 0 2 1 0 2 1 0 2 1 0 2 1 0 2 1 0 2 1 0 3 1 0 3 1 0 3 1 0 3 1 0 2 2 4 1 3 2 2 3 4 1 3 2 2 3 6 2 3 19 2 2       6759      12203      63587 
1188	  74446	0 1 0 0 1 0 0 1 0 0 1 1 0 1 1 0 1 0 0 1 1 0 1 1 0 1 0 1 1 0 1 1 0 1 1 0 1 1 1 2 1 0 2 1 0 2 1 0 2 1 0 2 1 0 2 1 0 2 1 2 3 1 0 3 1 0 3 1 0 2 2 0 1 3 4 2 3 2 2 3 2 2 3 2 2 3 7 4 2 18      12775      64446       5556 
1485	  70668	0 1 0 0 1 0 0 1 1 0 1 1 0 1 0 0 1 1 0 1 0 0 1 1 0 1 1 1 1 0 1 1 0 1 1 0 2 1 0 1 1 2 2 1 1 2 1 0 2 1 0 2 1 0 2 1 0 3 1 0 3 1 0 3 1 0 3 1 0 2 2 0 1 3 3 1 3 4 2 3 2 2 3 2 2 3 9 4 2 14      12334      63000       7371 
1683	  53340	1 0 0 1 0 0 1 0 0 1 0 1 1 0 1 1 0 0 1 0 1 1 0 1 1 0 1 1 1 0 1 1 1 1 1 0 1 1 1 1 2 0 1 2 0 1 2 0 1 2 0 1 2 0 1 2 0 1 1 3 1 3 0 1 3 0 1 3 0 2 2 0 3 1 4 3 2 2 3 2 2 3 2 2 3 3 7 2 4 15      63333      13333       6667 
1782	  52448	0 0 1 0 0 1 1 0 1 1 0 1 1 0 1 0 0 1 1 0 1 1 0 1 1 0 1 0 1 1 0 1 1 0 1 1 1 1 1 0 2 1 0 2 1 0 2 1 0 2 1 0 2 1 0 2 1 1 2 1 0 3 1 0 3 1 0 3 1 0 2 2 4 1 3 2 2 3 2 2 3 1 3 3 7 3 3 18 2 2       7056      13496      63000 
1980	  42862	0 0 1 0 0 1 1 0 1 0 1 1 1 0 1 1 0 1 1 0 1 1 0 1 1 0 1 0 1 1 0 1 1 0 1 1 0 1 1 0 2 1 0 2 1 0 2 1 0 2 1 0 2 1 0 2 1 3 1 1 0 3 1 0 3 1 0 3 1 0 2 2 4 1 3 2 2 3 2 2 3 2 2 3 9 2 3 14 4 2       7143      13571      62857 
3069	  38576	1 0 0 1 0 0 1 0 1 1 0 1 1 0 1 1 0 1 1 0 1 1 0 1 1 0 1 1 1 0 1 1 0 1 1 0 1 1 0 1 2 0 1 2 0 1 2 0 1 2 0 1 2 0 1 2 0 1 2 2 1 3 0 1 3 0 1 3 0 2 2 0 3 1 4 3 2 2 3 2 2 3 2 2 3 2 9 2 4 14      62857      13571       7143 
3663	  37148	1 0 0 1 0 0 1 1 0 1 1 0 1 1 0 1 1 0 1 1 0 1 1 0 1 1 0 1 0 1 1 0 1 1 1 1 1 0 1 1 0 2 1 0 2 1 0 2 1 0 2 1 0 2 1 0 2 1 1 2 1 0 3 1 0 3 1 0 3 2 0 2 3 4 1 3 2 2 3 2 2 3 2 2 3 9 2 2 14 4      62857       7143      13571 
4851	  36800	1 0 0 1 0 0 1 0 1 1 0 1 1 0 1 1 0 1 1 0 1 1 0 1 1 0 1 1 1 0 1 1 1 1 1 0 1 1 0 1 2 0 1 2 0 1 2 0 1 2 0 1 2 0 1 2 0 1 1 3 1 3 0 1 3 0 1 3 0 2 2 0 3 1 4 3 2 2 3 2 2 3 2 2 3 2 9 2 5 12      62800      13600       7200 
0	 158672	1 0 0 1 0 0 1 0 0 1 0 0 1 0 0 1 0 0 1 0 0 1 0 0 1 0 0 1 1 0 1 1 0 1 1 0 1 1 0 1 2 0 1 2 0 1 2 0 1 2 0 1 2 0 1 2 0 1 2 0 1 2 0 1 2 0 1 3 0 2 2 0 3 2 2 3 2 4 2 3 9 3 3 2 3 3 8 3 2 17      66000      12000       4334 
792	 109232	0 0 1 0 0 1 0 2 1 0 1 1 0 2 1 0 1 1 0 0 1 0 1 1 0 1 1 1 0 1 1 0 1 1 0 1 1 0 1 1 0 1 1 0 1 2 0 1 2 0 1 2 0 1 2 0 1 2 0 1 2 0 1 2 0 1 2 0 1 2 0 2 2 2 3 2 2 3 5 7 2 2 1 3 4 7 3 3 15 3      16385       2692      64615 
1386	  84946	0 1 0 0 1 0 1 1 0 2 1 0 2 1 0 1 1 0 1 1 0 1 1 0 1 1 0 0 1 1 0 1 1 0 1 1 0 1 1 0 1 2 0 1 1 1 1 1 0 1 2 0 1 2 0 1 2 0 1 2 1 1 2 1 1 2 1 1 2 0 2 2 1 3 2 1 3 2 7 2 5 1 3 2 7 3 4 12 3 3       3083      65527      15473 
1584	  63274	1 0 0 1 0 0 1 0 1 1 0 1 1 0 1 1 0 0 1 0 1 1 0 1 1 0 1 1 1 0 1 1 0 1 1 0 1 1 0 1 2 0 1 1 1 1 1 3 1 2 0 1 2 0 1 2 0 1 3 0 1 2 1 1 2 1 1 2 1 2 1 0 3 2 1 3 2 1 2 5 8 3 2 1 3 4 7 3 3 11      66000      14000       3637 
1980	  56000	0 0 1 0 0 1 1 0 1 1 0 1 1 0 1 0 0 1 1 0 1 1 0 1 1 0 1 0 1 1 0 1 1 0 1 1 0 1 1 0 2 1 2 1 1 2 1 1 0 2 1 0 2 1 0 2 1 1 2 1 1 2 1 2 2 1 1 2 1 0 2 2 1 2 3 1 2 3 7 5 2 1 2 3 7 4 3 10 3 3       4000      14000      66000 
2376	  52000	0 0 1 0 0 1 1 0 1 1 0 1 1 0 1 1 0 1 2 0 1 1 0 1 1 0 1 0 1 1 0 1 1 0 1 1 0 1 1 0 2 1 0 2 1 2 1 1 0 2 1 0 2 1 0 2 1 1 2 1 1 2 1 1 2 1 2 2 1 0 1 2 1 2 3 1 2 3 7 5 2 1 2 3 7 4 3 10 3 3       4000      14000      66000 
9558	  47430	1 0 0 1 0 0 1 1 0 1 1 0 1 1 0 1 2 0 1 1 0 1 1 0 1 1 0 1 0 1 1 0 1 1 0 1 1 0 1 1 0 2 1 3 1 1 3 1 1 0 2 1 2 1 1 2 1 1 1 2 1 1 2 1 1 2 1 2 2 2 1 1 3 1 2 3 1 2 2 5 6 3 1 2 3 3 5 3 7 4      66000       3714      14001 
10449	  38000	0 0 1 0 0 1 0 1 1 0 1 1 0 1 1 0 1 1 0 1 1 0 1 1 0 1 1 1 0 1 1 0 1 1 0 1 1 0 1 2 0 1 1 3 1 1 3 1 2 0 1 1 3 1 1 3 1 2 1 1 2 1 1 2 2 1 2 2 1 1 1 2 2 1 3 2 1 3 6 3 2 2 1 3 5 3 3 4 7 3      14200       3600      66000 
11835	  37716	0 0 1 0 0 1 0 1 1 0 1 1 0 1 1 0 1 1 0 1 1 0 1 1 0 1 1 1 0 1 1 0 1 1 0 1 1 0 1 2 0 1 1 3 1 1 3 1 2 0 1 1 3 1 1 3 1 2 1 1 2 1 1 2 2 1 2 1 1 1 1 2 2 1 3 2 1 3 6 4 2 2 1 3 5 3 3 4 7 3      14000       3714      66000 
0	 665200	1 0 0 1 0 0 1 0 0 1 0 0 1 0 0 1 0 0 1 0 0 1 0 0 1 0 0 1 1 0 1 1 0 1 1 0 1 1 0 1 2 0 1 2 0 1 2 0 1 2 0 1 2 0 1 2 0 1 2 0 1 2 0 1 2 0 1 2 0 2 2 0 3 3 4 3 3 6 3 3 5 3 3 3 4 2 4 1 2 20      63000      13500       8100 
396	 483342	1 0 1 1 0 1 1 0 1 0 0 1 0 1 1 1 0 1 1 0 1 0 0 1 1 0 1 0 1 1 0 1 1 0 1 1 0 1 1 0 2 1 0 2 1 0 2 1 0 2 1 0 2 1 0 2 1 0 3 1 0 2 1 0 2 1 0 2 1 0 2 2 8 3 2 2 2 3 2 2 3 1 3 3 4 2 4 19 2 2       6667      13334      63332 
792	 185792	1 0 0 1 0 0 1 0 0 1 0 0 1 0 1 1 0 0 1 0 0 1 0 0 1 0 0 1 0 1 1 0 1 1 0 1 1 0 1 1 0 2 1 0 2 1 0 2 1 0 2 1 0 2 1 0 2 1 0 3 1 0 2 1 0 2 1 0 2 2 0 2 2 8 3 3 5 2 3 4 2 3 2 3 4 4 2 2 19 2      63000       6684      13500 
1287	  83536	0 0 1 0 0 1 0 1 1 0 1 1 1 0 1 0 1 1 0 1 1 0 1 1 0 1 1 1 0 1 1 0 1 1 0 1 1 0 1 1 2 1 2 0 1 2 0 1 2 0 1 2 0 1 2 0 1 3 0 1 2 1 1 2 0 1 2 0 1 2 0 2 4 8 2 2 2 3 3 1 3 3 0 3 1 4 4 2 18 2      13530       7059      62940 
1683	  73344	1 0 0 1 0 0 1 1 0 1 1 0 1 0 1 1 1 0 1 1 0 1 1 0 1 1 0 1 0 1 1 0 1 1 0 1 1 0 1 1 1 1 1 0 2 1 0 2 1 0 2 1 0 2 1 0 2 1 0 3 1 1 2 1 0 3 1 0 2 2 0 2 2 7 4 3 2 2 3 2 2 3 0 3 4 4 1 2 19 2      63333       6667      13334 
2277	  67500	1 0 0 1 0 0 1 0 1 1 0 1 1 1 0 1 0 1 1 0 1 1 0 1 1 0 1 1 1 0 1 1 0 1 1 0 1 1 1 1 1 1 1 2 0 1 2 0 1 2 0 1 2 0 1 2 0 1 3 0 1 2 1 1 3 0 1 3 0 2 2 0 2 3 8 3 2 2 3 2 2 3 3 0 4 1 4 2 2 17      62500      13750       7500 
3663	  46676	0 0 1 0 0 1 1 0 1 1 0 1 0 0 1 1 0 1 1 0 1 1 0 1 1 0 1 0 1 1 0 1 1 0 1 1 1 1 1 2 1 1 0 2 1 0 2 1 0 2 1 0 2 1 0 2 1 0 3 1 1 2 1 0 3 1 0 3 1 0 2 2 7 4 2 2 2 3 2 2 3 0 3 3 4 0 4 17 3 2       6667      13333      63333 
4158	  46674	1 0 0 1 0 0 1 1 0 1 1 0 1 0 0 1 1 0 1 1 0 1 1 0 1 1 0 1 0 1 1 0 1 1 0 1 1 0 1 1 2 1 1 0 2 1 0 2 1 0 2 1 0 2 1 0 2 1 0 3 1 1 2 1 0 3 1 0 3 2 0 2 2 8 4 3 2 2 3 2 2 3 0 3 4 4 0 2 17 3      63334       6666      13333 
6030	  38072	1 0 0 1 0 0 1 1 0 1 1 0 1 1 0 1 1 0 1 1 0 1 1 0 1 1 0 1 0 1 1 0 1 1 0 1 1 1 1 1 2 1 1 0 2 1 0 2 1 0 2 1 0 2 1 0 2 1 0 3 1 1 2 1 0 3 1 0 3 2 0 2 2 7 4 3 2 2 3 2 2 3 0 3 4 4 0 2 16 3      62903       7097      13548 
0	 665200	1 0 0 1 0 0 1 0 0 1 0 0 1 0 0 1 0 0 1 0 0 1 0 0 1 0 0 1 1 0 1 1 0 1 1 0 1 1 0 1 2 0 1 2 0 1 2 0 1 2 0 1 2 0 1 2 0 1 2 0 1 2 0 1 2 0 1 2 0 2 2 0 3 3 5 3 3 3 3 3 4 3 3 6 4 2 4 1 2 20      63000      13500       8100 
198	 586000	0 1 1 0 0 1 0 0 1 0 0 1 0 0 1 0 0 1 0 0 1 0 0 1 0 0 1 1 0 1 1 0 1 1 0 1 1 0 1 2 0 1 1 0 1 2 0 1 2 0 1 2 0 1 2 0 1 2 0 1 2 0 1 3 0 1 3 0 1 1 0 2 1 2 3 2 4 3 5 6 2 3 9 3 2 5 4 3 15 2      11000       5833      70000 
297	 576244	0 1 0 0 1 0 0 1 0 0 1 0 0 1 0 0 1 0 0 1 0 0 1 0 0 1 0 1 1 0 1 1 0 1 1 0 1 1 0 2 1 0 1 1 0 2 1 0 2 1 0 2 1 0 2 1 0 2 1 0 2 1 0 3 1 0 3 1 0 1 2 0 1 3 7 2 3 2 5 2 2 3 3 8 2 4 3 3 2 20      11449      69551       5327 
396	 540912	1 1 0 1 1 0 1 1 0 1 1 0 1 1 0 1 1 0 1 1 0 1 1 0 1 1 0 1 1 1 1 1 1 0 1 1 1 1 1 1 1 2 1 1 2 1 1 2 1 1 2 1 1 2 1 1 2 1 1 2 1 1 2 1 1 2 1 1 2 3 2 2 1 3 3 1 3 3 1 3 3 1 3 3 1 4 2 12 1 2      13818      57816      14184 
495	 529690	0 1 1 0 1 0 0 1 0 0 1 0 0 1 0 0 1 0 0 1 0 0 1 0 0 1 0 1 1 0 1 1 0 1 1 1 1 1 0 2 1 0 1 1 0 2 1 0 2 1 0 2 1 0 2 1 0 2 1 0 2 1 1 3 1 0 3 1 0 1 2 0 1 3 7 2 3 4 5 2 6 3 3 1 2 4 2 3 2 19      11000      70000       5631 
594	 186000	1 0 0 1 0 0 1 1 0 1 0 0 1 1 0 1 1 0 1 0 0 1 1 0 1 1 0 1 1 1 1 0 1 1 1 1 1 0 1 1 1 2 1 2 1 1 1 2 1 1 2 1 1 2 1 1 2 1 2 2 1 1 2 1 1 3 1 1 3 2 3 1 3 2 1 3 2 2 2 2 5 3 1 3 4 1 2 2 12 3      63000       8000      13000 
792	 158200	1 1 0 1 1 0 1 1 0 1 1 0 1 1 0 1 1 0 1 1 0 1 1 0 1 1 0 1 1 1 1 1 1 1 0 1 1 1 1 1 1 2 1 1 1 1 1 2 1 1 1 1 1 1 1 1 2 1 1 2 1 1 2 1 0 3 1 1 2 2 3 1 3 2 2 3 1 2 2 1 6 3 1 3 4 1 2 2 12 4      57800       8200      16500 
1386	 116886	0 1 0 0 1 0 0 1 1 0 1 0 0 1 1 0 1 1 0 1 0 0 1 1 0 1 1 1 1 1 1 1 0 1 1 1 1 1 0 1 1 1 1 1 1 2 1 1 1 1 1 1 1 1 1 1 1 2 1 2 2 1 1 3 1 1 2 1 1 1 2 3 2 3 2 2 3 2 7 2 2 3 3 1 2 4 1 5 2 13      12857      63117       6883 
1485	  98436	0 1 0 0 1 0 1 1 0 1 1 0 1 1 0 1 1 0 0 1 1 1 1 0 1 1 0 1 1 1 0 1 1 1 1 1 0 1 1 1 1 1 2 1 1 1 1 1 1 1 2 1 1 2 1 1 1 2 1 2 1 1 2 1 1 3 0 1 3 2 2 1 3 3 1 2 3 2 2 2 7 1 3 3 1 4 2 12 2 3      10060      60662      12651 
1683	  97666	0 1 0 0 1 0 1 1 0 1 1 0 1 1 0 1 1 0 0 1 1 1 1 0 1 1 0 1 1 1 0 1 1 1 1 1 0 1 1 1 1 1 1 1 1 1 1 1 1 1 2 1 1 2 1 1 1 2 1 2 1 1 2 1 1 3 0 1 3 2 2 1 3 3 1 2 3 2 2 2 7 1 3 3 1 4 2 13 2 3       9221      60779      12857 
1980	  77224	0 1 0 0 1 0 0 1 1 0 1 1 0 1 1 0 1 1 1 1 0 0 1 1 0 1 1 1 1 1 1 1 0 1 1 1 1 1 0 2 1 1 1 1 2 1 1 1 2 1 0 1 1 2 2 1 0 2 1 2 2 1 1 2 1 1 3 1 0 1 2 2 1 3 3 2 3 2 7 2 2 3 3 1 2 4 1 3 2 13      13054      60833       9167 
2772	  60002	0 1 0 0 1 0 0 1 1 0 1 0 0 1 1 0 1 1 0 1 1 0 1 1 0 1 1 1 1 0 1 1 0 1 1 1 1 1 0 1 1 1 1 1 2 2 1 1 1 1 2 1 1 2 1 1 2 2 1 2 2 1 1 3 1 0 2 1 1 1 2 2 2 3 2 2 3 2 7 2 2 3 3 0 2 4 0 5 2 13      13332      63334       6667 
4941	  40000	0 1 0 0 1 0 0 1 1 0 1 1 0 1 1 0 1 1 0 1 1 0 1 1 0 1 1 1 1 1 1 1 0 1 1 1 1 1 0 1 1 2 1 1 2 2 1 0 1 1 2 1 1 2 1 1 2 2 1 1 2 1 1 3 1 0 2 1 1 1 2 2 2 3 2 2 3 2 7 2 1 3 3 0 2 4 0 5 2 13      13912      63044       6522 
10368	  39132	0 1 0 0 1 0 0 1 1 0 1 1 0 1 1 0 1 1 0 1 1 0 1 1 0 1 1 1 1 1 1 1 1 1 1 1 1 1 0 1 1 2 1 1 2 2 1 0 1 1 2 1 1 2 1 1 2 2 1 1 2 1 1 2 1 1 2 1 1 1 2 2 3 3 0 2 3 2 7 2 1 3 3 0 2 4 0 5 2 13      13912      63044       6522 
0	 601504	1 0 0 1 0 0 1 0 0 1 0 0 1 0 0 1 0 0 1 0 0 1 0 0 1 0 0 1 1 0 1 1 0 1 1 0 1 1 0 1 2 0 1 2 0 1 2 0 1 2 0 1 2 0 1 2 0 1 2 0 1 2 0 1 2 0 1 2 0 2 2 0 3 3 4 3 3 2 3 3 7 3 3 1 4 2 4 1 2 24      63000      13500       7916 
396	 573504	1 0 0 1 1 1 1 0 0 1 0 0 1 1 0 1 0 0 1 0 0 1 1 0 1 0 0 1 0 1 1 0 1 1 0 1 1 0 1 1 0 2 1 0 2 1 0 2 1 0 2 1 0 2 1 0 2 1 0 2 1 0 2 1 0 2 1 0 2 2 0 2 3 4 3 3 2 2 3 6 3 3 1 3 4 2 2 1 24 2      63000       7916      13500 
594	 523188	0 0 1 0 1 1 1 0 1 1 0 1 1 0 1 1 0 1 1 0 1 1 0 1 1 0 1 0 1 1 0 1 1 0 1 1 0 1 1 0 2 1 0 2 1 0 2 1 0 2 1 0 2 1 0 2 1 0 2 1 0 2 1 0 2 1 0 2 1 0 2 2 3 3 3 1 2 3 7 3 3 1 3 3 1 2 4 22 2 1       8636      14318      61364 
891	 487350	0 1 1 0 0 1 0 0 1 1 0 1 0 0 1 0 1 1 0 0 1 0 1 1 0 1 1 1 0 1 1 0 1 2 0 1 1 0 1 1 1 1 2 0 1 2 0 1 2 0 1 2 0 1 2 0 1 3 0 1 2 0 1 2 0 1 2 0 1 2 0 2 1 4 3 3 1 3 2 5 3 3 0 3 1 3 4 4 24 1      13437       6797      63126 
990	 468450	0 1 0 0 1 0 1 1 0 1 1 0 1 1 0 1 1 0 1 1 1 1 1 1 1 1 0 0 1 1 0 1 1 0 1 1 0 1 1 0 1 2 0 1 2 0 1 2 0 1 2 0 1 2 0 1 2 0 1 3 0 1 2 0 1 3 0 1 3 0 2 2 3 3 0 1 3 3 7 3 0 1 3 3 1 4 2 22 1 3       7978      61022      14489 
1188	 117168	0 1 0 0 1 0 0 1 0 1 1 0 1 1 0 0 1 0 1 1 0 1 1 0 0 1 0 0 1 1 0 1 1 0 1 1 0 1 1 0 1 2 0 1 2 0 1 2 0 1 2 0 1 2 0 1 2 0 1 3 1 1 2 0 1 2 0 1 3 0 2 2 3 3 2 2 3 2 5 3 2 1 3 3 2 4 2 24 1 3       7354      63000      13500 
1287	  70800	0 0 1 0 0 1 0 0 1 1 0 1 1 0 1 0 1 1 0 1 1 0 1 1 0 1 1 1 0 1 1 0 1 1 0 1 1 0 1 1 1 1 2 0 1 2 0 1 2 0 1 2 0 1 2 0 1 3 0 1 2 1 1 2 1 1 3 0 1 2 0 2 1 4 3 3 0 3 1 5 3 3 0 3 1 2 4 4 24 1      13400       6800      63200 
2475	  57200	1 0 0 1 0 0 1 1 0 1 0 1 1 0 1 1 1 0 1 1 0 1 1 0 1 1 0 1 0 1 1 0 1 1 0 1 1 0 1 1 1 1 1 0 2 1 0 2 1 0 2 1 0 2 1 0 2 1 0 3 1 1 2 1 1 2 1 0 3 2 0 2 3 4 1 3 0 3 3 4 1 3 0 3 4 2 1 1 24 4      63200       6800      13400 
2574	  44000	0 1 0 0 1 0 0 1 1 1 1 0 0 1 1 0 1 1 0 1 1 0 1 1 0 1 1 1 1 0 1 1 0 1 1 0 1 1 0 2 1 0 2 1 0 2 1 0 2 1 0 2 1 0 2 1 0 3 1 0 2 1 1 3 1 0 2 1 1 2 2 0 1 3 4 3 3 0 1 3 4 3 3 0 1 4 2 4 1 24      13400      63200       6800 
5427	  43858	1 0 0 1 0 0 1 1 0 1 0 0 1 1 0 1 1 0 1 1 0 1 1 0 1 1 0 1 0 1 1 0 1 1 0 1 1 0 1 1 0 2 1 0 2 1 0 2 1 0 2 1 0 2 1 0 2 1 0 3 1 2 2 1 1 2 1 0 3 2 0 2 3 4 1 3 0 3 3 2 2 3 0 3 4 2 1 1 25 4      63461       6539      13269 
7308	  43840	1 0 0 1 0 0 1 1 0 1 0 1 1 1 0 1 1 0 1 1 0 1 1 0 1 1 0 1 0 1 1 0 1 1 0 1 1 1 1 1 2 1 1 0 2 1 0 2 1 0 2 1 0 2 1 0 2 1 0 3 1 1 2 1 1 2 1 1 2 2 0 2 3 4 1 3 0 3 3 2 2 3 0 3 4 2 1 1 22 5      63192       6808      13406 