
0	2958000	6 1 0 1 2 5 2 8 4 10 5 11 8 11 9 12 9 13 14 15 14 15 17 16 19 16 19 16 19 17 20 18 22 18 22 20 23 7 23 21 23 21 24 21 25 21 3 22 26 23 26 23 26 23 27 24 27 24 27 24 28 25 28 25 28 25 29 26 29 26 29 27 29 27 29 28 29 28 29 28 29 28 29 29      63000      81000 
99	2930000	6 1 3 1 2 2 8 8 4 2 5 11 13 2 9 3 13 13 14 15 14 7 17 9 14 16 15 11 19 17 20 12 16 18 22 17 10 7 18 21 21 19 22 20 23 21 23 21 23 23 24 22 26 22 25 24 25 24 0 24 28 24 26 25 28 25 28 26 28 26 29 27 28 27 29 27 29 27 29 28 29 29 29 29      72000      72000 
198	2578000	23 0 2 19 5 21 9 4 10 3 13 8 6 3 12 10 7 7 9 9 10 9 12 10 15 13 16 14 17 11 19 14 17 13 18 15 22 16 20 18 20 20 23 20 24 21 24 22 24 22 25 25 24 24 23 25 26 25 24 25 24 24 27 25 27 26 27 26 27 26 29 28 1 28 29 28 27 28 29 28 29 29 29 29      63000      72000 
297	2025000	18 14 22 13 5 1 23 4 8 2 1 4 10 0 12 6 12 7 14 11 14 9 21 12 8 12 22 12 17 17 19 17 19 16 19 15 24 19 22 20 23 19 25 20 25 3 24 21 10 20 25 23 24 25 26 24 26 23 26 24 11 24 27 25 27 26 27 26 28 27 18 27 5 27 29 28 29 28 29 29 29 28 29 29      40500      81000 
594	1834000	22 26 22 13 18 5 23 14 8 12 1 4 10 0 12 6 1 7 5 11 14 9 18 12 8 12 4 12 2 17 19 17 19 16 21 15 24 19 22 20 20 19 23 20 25 3 24 21 10 20 25 23 2 25 26 24 26 23 27 24 11 24 27 25 27 26 27 26 28 27 18 27 28 28 29 28 29 28 29 29 29 28 29 29      36000      81000 
1179	1638000	0 9 1 10 2 29 3 12 4 13 5 13 6 14 7 14 8 15 9 15 10 16 11 23 12 17 13 17 14 18 15 18 16 19 29 19 18 20 19 20 20 21 21 21 22 22 23 22 23 23 24 23 24 24 24 24 25 24 25 25 25 25 26 25 26 26 26 26 27 26 27 27 27 27 28 27 28 28 28 28 28 29 29 29      72000      40500 
1278	1609000	0 10 1 10 2 11 3 12 4 21 5 13 6 14 7 14 8 3 9 15 21 16 11 16 12 17 13 17 29 18 15 18 16 19 17 19 18 20 19 20 20 21 29 21 22 22 23 22 23 23 24 23 24 24 24 24 25 24 25 25 25 25 26 25 26 26 26 26 27 26 27 27 27 27 28 27 28 28 28 28 28 29 29 29      72000      40500 
1377	 846000	0 9 1 10 2 11 3 12 4 18 29 13 23 14 7 14 21 15 9 14 10 16 11 16 8 17 13 17 29 5 15 18 16 19 17 19 18 20 19 20 20 19 21 21 22 22 23 22 10 23 24 23 24 25 24 24 6 24 25 25 25 25 26 25 5 26 26 26 28 26 27 27 27 27 28 27 28 28 12 29 28 29 29 29      63000      27000 
1872	 792000	0 9 1 10 2 11 3 12 4 4 26 13 6 14 7 14 23 15 9 14 10 16 11 16 12 17 8 17 29 5 15 18 16 19 17 19 18 20 19 20 20 8 21 21 22 22 23 22 10 23 24 23 24 25 24 24 25 24 25 25 13 25 26 25 5 26 26 26 28 26 27 27 27 27 28 27 28 28 28 29 29 29 29 29      63000      27000 
2754	 760000	0 9 1 10 2 11 3 12 4 27 26 13 6 14 7 14 23 15 9 14 10 16 11 27 12 17 8 17 29 5 15 18 16 19 17 19 18 20 19 20 20 8 21 21 22 22 23 22 10 23 24 23 24 25 24 24 25 24 25 25 13 25 26 25 5 26 26 26 28 26 27 27 27 27 28 27 28 28 28 29 29 29 29 29      63000      27000 
0	2580000	0 2 17 5 19 6 7 7 8 8 16 10 9 12 9 13 11 13 11 15 11 15 14 17 14 18 16 18 17 20 3 21 19 22 19 22 19 22 20 1 21 23 24 23 25 23 25 24 25 24 25 24 26 24 26 24 27 24 27 25 27 25 28 26 4 26 29 26 29 26 29 27 29 27 29 28 29 28 29 28 29 28 29 28      63000      72000 
387	2198000	0 9 1 10 2 11 3 12 4 13 5 13 6 16 7 14 8 15 9 15 10 16 11 16 12 17 29 17 14 18 15 18 16 19 17 19 18 20 19 20 20 21 21 21 22 22 23 22 23 23 24 23 24 24 24 24 25 24 25 25 25 25 26 25 26 26 26 26 27 26 27 27 27 27 28 27 28 28 28 28 28 29 29 29      81000      45000 
486	2104000	0 9 1 10 2 11 3 12 4 13 5 7 11 5 7 14 8 10 9 15 10 16 11 12 15 13 13 16 14 18 15 18 6 19 17 19 21 20 19 20 20 21 21 21 22 22 23 22 24 23 24 23 24 24 24 24 25 24 27 25 27 25 26 25 26 26 28 26 27 26 28 27 28 27 28 27 28 28 28 29 29 29 29 29      81000      42000 
684	1400000	0 9 1 10 2 11 3 12 4 13 5 13 6 29 7 14 8 8 9 15 10 16 11 16 12 17 13 17 14 18 15 18 16 19 17 19 18 20 19 20 20 21 21 21 22 22 23 22 23 23 24 23 24 24 26 24 25 24 25 25 25 25 26 25 26 26 26 26 27 26 27 27 29 27 28 27 28 28 28 28 28 29 29 29      63000      42000 
783	1010000	0 9 1 10 2 11 3 12 29 22 5 17 6 12 7 29 29 4 23 15 10 16 11 16 12 7 13 17 14 18 15 18 16 19 17 19 18 20 19 20 20 21 21 21 22 22 4 22 23 23 9 23 24 24 24 24 25 24 25 25 25 25 26 25 26 26 26 26 8 26 27 27 27 27 28 27 28 28 28 28 28 29 29 29      81000      15000 
1278	 826000	0 9 1 10 2 11 3 12 28 13 5 13 6 25 7 20 29 15 23 7 10 15 11 16 12 17 13 15 29 20 15 18 16 19 17 19 18 20 19 20 20 21 21 21 22 22 4 22 23 23 9 23 24 24 24 24 25 24 25 14 25 25 26 25 26 26 26 26 8 26 27 27 27 27 28 27 28 28 28 29 14 29 29 29      69999      22334 
2835	 820000	0 9 1 10 2 11 3 12 4 15 5 13 6 14 7 12 29 15 29 15 10 15 11 16 12 17 13 17 14 20 29 18 16 19 17 19 18 20 19 20 20 21 21 21 22 22 23 22 23 23 9 23 24 24 24 24 25 24 25 25 25 25 26 25 26 26 26 26 8 26 27 27 27 27 28 27 28 28 28 28 28 29 29 29      69750      22500 
0	2950000	0 1 0 2 2 3 3 4 4 6 6 9 6 9 11 9 7 10 8 13 9 13 10 14 12 14 13 14 13 14 16 18 16 18 16 18 17 20 17 20 5 20 19 23 19 23 19 23 21 23 24 23 24 24 24 24 25 24 25 26 25 26 26 26 26 26 27 27 27 27 22 27 28 28 28 28 15 28 29 29 29 29 29 29      90000      54000 
99	2930000	27 1 3 2 17 2 4 4 7 5 8 5 8 5 11 5 14 6 15 7 15 9 16 9 16 9 19 10 20 12 20 12 22 13 21 13 23 14 23 17 23 18 24 18 24 19 25 19 26 20 26 20 27 21 27 22 27 22 0 24 28 24 28 24 28 24 28 24 29 25 29 25 29 25 29 25 29 25 29 26 29 26 29 28      72000      72000 
198	2482000	21 0 8 3 22 1 17 6 24 3 24 4 2 18 5 4 17 21 10 10 11 9 7 11 12 9 13 11 19 13 14 13 15 14 19 15 12 16 6 20 23 16 23 19 23 20 23 23 23 22 24 23 24 23 16 25 25 25 25 2 25 26 25 26 18 26 26 27 28 27 28 27 29 28 29 28 29 28 29 28 29 28 29 29      63000      69000 
495	2387000	21 0 14 1 13 5 3 6 24 5 9 9 6 4 11 12 13 7 10 8 11 8 16 11 14 19 18 16 19 10 15 17 15 12 17 18 20 21 3 17 24 16 24 24 23 20 25 22 23 25 25 23 25 23 26 25 13 26 0 2 27 26 27 26 18 25 29 24 28 27 29 27 29 27 29 28 29 26 29 28 29 28 29 29      40500      90000 
693	2186000	22 8 3 17 20 1 3 3 5 2 10 5 10 7 21 4 4 6 11 1 15 12 11 18 14 1 0 29 16 14 17 11 16 20 19 13 23 16 17 21 20 9 24 18 24 23 26 19 24 23 24 24 27 24 26 20 27 22 27 25 27 25 15 26 8 25 27 26 28 26 27 25 29 27 29 28 13 28 29 28 29 29 29 28      54000      72000 
1467	1333200	29 9 1 10 2 23 3 12 4 13 5 13 6 14 7 14 8 15 9 15 10 6 11 16 12 17 13 17 14 18 15 18 16 19 17 19 18 20 19 21 20 21 21 21 22 22 0 22 23 23 24 24 27 24 24 24 8 24 25 25 25 25 15 25 26 26 26 26 28 26 27 27 27 27 28 27 28 28 29 28 28 29 29 28      73800      30600 
1566	1200000	29 9 1 10 2 11 3 12 4 13 5 13 6 7 7 14 8 15 9 15 10 16 11 16 12 17 13 17 14 18 15 18 16 19 17 19 18 20 19 21 20 21 21 21 22 22 0 22 23 23 24 23 24 24 24 24 25 24 25 25 25 25 15 25 26 26 26 26 27 26 27 27 27 27 28 27 28 28 29 28 28 29 29 29      65000      35000 
1665	1162000	29 9 1 10 2 11 3 12 4 16 5 13 6 7 7 14 8 15 9 15 10 16 11 16 12 17 13 17 14 18 15 18 28 19 17 19 18 20 19 21 20 21 21 21 22 22 0 22 23 23 24 23 24 24 24 24 25 24 25 25 25 25 15 25 26 26 26 26 27 26 27 27 27 27 28 27 28 28 29 28 28 29 29 29      63000      36000 
1764	 912000	29 9 1 10 2 23 3 12 4 13 5 13 6 14 7 14 16 15 9 15 10 6 11 23 12 0 13 17 14 18 29 18 16 19 17 19 18 20 19 21 20 21 21 21 22 22 0 22 23 23 24 24 27 24 24 24 8 24 25 25 25 25 15 25 26 26 26 26 28 26 27 27 27 27 28 27 28 28 29 28 28 29 29 28      72000      21000 
1863	 872002	0 9 1 10 2 11 3 12 4 13 5 5 6 13 13 14 8 25 9 15 10 29 11 16 12 17 29 17 14 18 15 18 16 19 17 19 18 20 19 20 20 21 21 21 22 23 26 22 23 23 24 23 7 24 24 24 25 24 25 25 25 25 26 25 26 26 26 26 27 26 27 27 27 27 28 27 28 28 29 28 28 29 29 28      69999      22334 
2556	 846500	0 2 1 1 2 11 3 12 4 13 5 13 6 14 29 8 29 15 9 15 10 0 11 16 12 3 13 25 14 4 15 18 16 19 17 19 18 20 19 20 20 21 21 21 22 22 23 22 23 23 24 23 24 24 24 24 8 24 25 25 25 25 26 25 26 26 26 26 27 26 27 27 27 27 28 27 28 28 7 28 28 29 29 29      81000      11250 
0	2568000	0 0 2 1 14 3 5 3 6 4 7 4 7 4 8 15 9 17 9 20 10 21 10 21 11 21 12 22 12 22 13 22 13 23 15 23 16 23 17 23 18 24 18 24 19 25 19 25 20 25 24 25 24 25 25 25 27 25 27 26 27 26 27 26 27 26 28 26 28 26 29 26 29 28 29 28 29 28 29 28 29 28 29 29      81000      54000 
99	2560000	2 1 0 0 2 0 2 6 10 1 11 8 11 3 12 10 9 4 13 4 15 7 16 5 17 13 18 9 19 10 19 16 20 12 20 14 20 15 22 17 23 18 23 21 23 20 23 20 23 22 25 22 26 24 25 24 25 24 25 25 27 24 26 25 27 26 27 26 28 28 28 26 28 27 29 27 29 28 29 29 29 29 29 29      45000      90000 
297	2550000	0 10 0 2 4 2 20 3 5 7 17 7 8 7 15 8 12 11 13 14 13 12 9 15 18 10 19 11 20 18 20 21 19 14 6 22 21 16 24 16 23 17 23 23 24 18 24 23 27 25 24 22 25 25 26 25 27 22 27 26 1 23 27 26 26 26 28 26 28 27 29 26 28 26 29 27 29 27 29 27 29 28 29 28      72000      63000 
783	1874000	0 9 29 10 2 11 3 12 4 13 5 1 6 14 7 14 8 15 9 15 10 16 11 16 12 17 13 17 14 18 29 18 16 19 17 19 18 20 19 20 20 21 21 21 22 22 23 22 23 23 24 23 24 24 24 24 25 24 25 25 25 25 26 25 26 26 26 26 27 26 27 27 27 27 28 27 28 28 28 28 28 29 29 29      63000      54000 
1080	1609000	0 9 1 7 2 10 3 12 4 13 22 5 6 10 7 14 8 15 9 15 23 16 11 20 12 17 13 16 14 18 29 18 16 19 17 19 18 20 19 20 23 21 21 21 24 22 23 22 23 23 24 23 24 24 5 24 25 24 25 25 25 25 26 26 26 26 26 26 27 26 27 27 27 27 28 27 28 28 28 28 29 29 29 29      72000      40500 
1377	1446000	0 9 29 10 2 11 3 8 4 13 5 1 6 14 7 14 8 15 9 14 10 16 11 1 16 20 13 29 14 7 29 18 16 19 17 19 18 20 19 20 20 21 21 21 22 22 23 22 12 23 24 23 24 24 24 24 15 24 25 25 25 25 26 25 26 26 26 26 27 26 27 27 27 27 28 27 28 28 28 28 28 29 29 29      81000      27000 
1476	1243000	27 9 4 26 28 11 3 12 1 13 5 13 6 2 2 14 22 15 7 15 10 16 9 16 15 17 8 13 14 18 29 18 16 17 17 19 18 20 19 20 20 21 21 21 22 22 23 22 12 23 24 23 24 24 24 24 25 24 25 25 25 25 26 25 26 26 11 26 0 26 27 27 27 28 28 27 28 28 29 28 29 29 29 29      72000      31500 
2457	1112000	0 9 1 0 19 11 29 13 4 19 5 13 6 9 7 14 8 7 9 9 10 16 11 16 12 16 13 17 14 18 15 18 16 19 17 19 18 20 19 20 20 21 21 21 22 22 23 22 23 23 24 23 24 24 5 24 3 24 25 25 25 25 2 25 26 26 26 26 27 26 27 27 5 27 28 27 28 28 29 28 28 29 29 29      81000      15000 
2655	 960000	29 9 1 10 26 11 3 12 4 13 5 13 6 22 19 14 29 27 9 15 10 16 9 16 15 13 8 17 14 18 15 18 16 17 17 19 18 20 19 20 20 21 21 21 7 22 23 22 23 23 24 23 24 24 24 24 25 24 12 25 25 25 2 25 26 26 11 26 0 26 27 27 27 28 28 27 28 28 29 28 28 29 29 29      63000      30000 
0	2606000	2 0 3 0 3 1 5 2 5 4 6 4 7 8 8 9 8 13 9 13 10 13 11 14 11 14 12 15 14 16 15 16 16 18 17 20 18 20 19 21 19 21 19 24 22 24 22 25 22 25 23 25 23 25 23 26 23 26 24 26 24 26 24 26 27 26 27 27 28 28 28 28 29 28 29 28 29 28 29 28 29 28 29 29      81000      54000 
99	2594000	24 0 7 3 1 3 2 3 18 4 10 8 6 5 11 10 11 13 10 13 12 14 13 15 14 15 14 15 16 15 17 17 19 17 22 16 22 19 21 20 22 19 9 19 23 21 18 20 25 23 25 23 26 23 26 23 27 24 26 24 27 24 27 25 28 25 29 25 29 27 29 26 29 27 29 28 29 28 29 28 29 28 29 28      72000      63000 
486	2466000	0 9 1 10 2 21 3 12 4 13 5 13 6 14 7 14 8 29 9 15 10 16 11 16 12 17 13 17 14 18 15 18 16 19 17 19 18 20 19 20 20 21 21 21 22 22 23 22 23 23 24 23 24 24 24 24 25 24 25 25 25 25 26 25 26 26 26 26 27 26 27 27 27 27 28 27 28 28 28 28 28 29 29 29      72000      60000 
585	1798000	0 9 1 10 2 22 3 12 4 21 5 13 6 14 7 14 8 11 29 12 14 13 9 16 10 17 13 17 14 18 15 18 16 19 17 19 18 20 19 17 20 21 21 18 22 22 23 22 11 19 25 23 24 24 24 24 21 24 25 24 27 25 26 23 26 25 26 25 27 27 27 27 27 27 29 27 28 28 28 28 28 29 29 29      81000      36000 
684	1245000	0 9 1 1 2 21 3 12 4 13 5 13 6 1 12 14 8 7 9 15 10 16 11 7 13 4 13 17 14 14 15 18 16 19 17 19 18 20 19 20 20 21 21 21 22 19 23 22 23 19 24 23 24 24 24 24 21 24 25 25 25 25 26 25 26 25 26 26 27 27 27 27 29 27 29 28 28 28 28 28 28 29 29 29      72000      31500 
981	1114000	26 1 27 17 2 13 3 27 4 13 5 13 6 1 7 14 8 15 9 15 10 16 11 5 12 19 21 17 14 18 15 18 16 19 17 19 18 20 22 20 20 10 21 21 22 19 23 20 23 23 22 24 24 24 24 24 25 24 25 25 25 25 26 25 27 26 26 26 0 27 29 27 1 27 29 27 28 28 28 28 28 29 29 29      72000      27000 
1080	 989000	0 0 1 1 2 17 3 26 13 13 5 4 6 20 7 14 8 7 9 15 10 16 11 7 12 17 14 27 14 14 15 18 16 19 17 19 18 20 24 20 20 21 21 21 22 19 23 22 23 19 4 23 24 24 24 24 25 24 26 25 25 25 26 25 26 25 26 26 27 23 27 27 29 27 29 28 28 28 28 28 28 29 29 29      72000      22500 
1179	 964000	29 0 19 19 2 17 3 26 13 13 5 4 6 20 7 14 8 15 9 15 10 16 11 1 12 17 21 17 14 15 15 18 16 19 17 19 18 20 22 20 20 21 21 21 22 19 23 20 23 23 4 24 24 24 24 24 25 24 25 25 27 25 26 25 27 26 26 26 0 23 29 27 1 27 29 27 28 28 28 28 28 29 29 28      72000      21000 
2061	 876670	29 9 1 10 27 11 3 12 4 13 5 17 6 8 7 14 26 15 9 25 10 16 11 16 12 17 13 17 14 15 15 18 16 19 17 19 18 20 19 20 20 21 21 21 22 22 23 22 23 23 10 23 24 24 24 24 2 24 25 25 25 25 8 25 26 26 26 26 0 26 27 27 27 27 29 27 28 28 28 28 28 29 29 29      69999      22334 
0	2472000	1 22 1 0 3 2 3 2 5 6 5 6 6 6 8 7 9 7 9 7 10 7 10 8 12 11 14 12 14 13 16 13 17 14 18 15 18 15 19 16 22 17 24 18 25 19 25 4 25 20 26 21 26 23 26 23 26 24 26 24 27 24 28 24 28 24 28 25 28 25 29 27 29 27 29 28 29 28 29 28 29 29 29 29      41400      90000 
99	2198000	1 0 1 4 2 6 2 6 3 7 5 8 9 8 9 10 9 10 10 11 14 11 12 13 13 15 14 16 15 17 16 19 17 20 18 20 18 22 19 22 21 23 21 23 22 23 22 23 24 23 25 24 25 24 25 24 26 24 26 24 26 25 26 26 27 26 28 26 28 27 12 27 28 27 28 28 29 28 29 29 29 29 29 29      63000      63000 
783	1790750	0 9 2 10 15 11 3 12 4 13 5 13 6 14 7 14 8 16 9 15 1 23 11 16 12 17 13 17 17 18 16 10 16 19 17 19 18 20 19 20 20 21 21 21 21 22 22 22 23 23 24 21 25 24 24 24 25 24 25 26 25 25 26 25 11 26 26 26 29 26 29 27 27 27 28 27 28 28 28 28 28 29 29 28      68625      46125 
882	1619000	0 0 1 10 2 11 4 12 14 7 5 13 19 1 7 14 8 15 9 15 10 16 11 16 13 17 13 0 28 22 21 18 16 19 17 19 18 13 19 20 20 21 21 21 22 22 6 22 23 21 24 23 24 23 24 24 25 24 3 25 25 25 12 25 26 26 26 26 28 27 27 27 27 27 28 27 29 28 29 28 29 29 29 29      72000      40500 
981	1434000	16 9 22 7 2 4 25 20 4 7 5 13 0 14 7 14 8 15 19 15 10 10 11 9 12 15 13 17 14 18 1 18 16 19 17 19 18 20 19 20 3 21 21 21 6 22 23 22 23 21 24 23 24 24 24 24 25 24 5 25 25 25 26 27 26 26 26 26 29 26 27 27 27 27 28 27 28 28 28 28 29 29 29 29      72000      36000 
1080	1299000	0 9 26 10 2 11 3 12 4 13 5 13 25 14 7 14 8 6 16 15 1 23 29 9 12 17 13 17 17 18 15 10 16 19 17 19 18 20 19 20 20 21 21 21 22 22 23 22 23 23 24 21 24 24 24 24 25 24 25 26 27 25 26 25 11 26 6 26 29 27 29 27 27 27 28 27 28 28 28 28 28 29 29 29      63000      40500 
1863	1293000	0 9 1 7 2 11 3 7 4 13 5 13 6 14 9 14 8 15 9 2 10 16 29 14 12 17 13 17 14 18 15 18 16 19 17 19 18 20 19 20 20 21 21 18 22 22 23 22 23 21 24 23 24 24 24 24 25 24 25 25 11 25 26 24 26 26 26 26 27 26 27 27 27 27 28 27 29 28 28 28 28 29 29 29      72000      31500 
1962	 866000	0 9 1 10 2 23 3 12 4 29 5 13 29 14 7 14 8 6 9 15 10 16 29 16 12 17 13 17 14 18 15 10 16 19 17 19 18 20 19 20 20 21 21 21 22 22 23 22 23 23 24 23 24 24 24 24 25 24 6 25 25 25 26 25 26 26 26 26 11 26 27 27 27 27 28 27 28 28 28 28 28 29 29 29      72000      21000 
2358	 797000	0 1 1 10 2 11 3 12 4 13 5 13 6 12 7 14 8 15 9 15 10 16 11 16 12 27 13 17 14 8 15 18 16 17 17 19 18 20 19 20 20 21 21 21 22 22 23 22 23 23 24 23 24 24 24 24 25 24 25 26 25 25 26 25 26 26 26 26 29 26 27 27 27 27 28 27 29 28 28 28 28 29 29 29      76500      13500 
0	2550000	0 2 28 3 1 3 2 3 4 5 26 6 25 6 7 13 8 8 9 11 10 11 10 11 12 12 15 13 15 14 16 14 16 16 17 18 17 18 17 19 20 19 21 19 22 19 23 20 24 21 24 22 24 22 24 23 26 23 26 24 27 24 28 24 28 24 28 25 29 25 29 25 29 26 29 27 29 27 29 27 29 28 29 29      72000      63000 
486	2198000	0 9 1 10 2 11 3 12 4 13 5 13 6 14 7 14 8 15 9 15 10 16 11 16 12 17 13 17 29 18 15 18 16 19 17 19 18 20 19 20 20 21 21 21 22 22 23 22 23 23 24 23 24 24 24 24 25 24 25 25 25 25 26 25 26 26 26 26 27 26 27 27 27 27 28 27 28 28 28 28 28 29 29 29      81000      45000 
585	1231000	0 9 1 10 2 11 3 18 4 13 5 6 25 14 7 13 8 15 9 11 10 16 11 6 12 17 13 17 14 18 15 18 16 19 17 19 18 20 17 19 20 21 21 19 22 22 23 20 23 23 24 22 24 22 24 23 25 24 25 25 25 25 26 25 26 26 28 26 27 26 27 25 27 27 29 27 29 28 28 28 28 29 29 29      72000      31500 
684	1202000	0 9 1 18 2 1 3 12 4 13 29 13 6 8 7 14 8 16 9 15 10 16 23 16 12 17 13 17 14 18 15 18 16 19 17 19 24 20 19 20 20 21 21 21 24 22 23 22 5 23 24 23 27 24 24 24 11 22 25 25 25 25 26 25 26 26 27 26 27 26 27 27 27 27 29 27 28 28 28 28 28 29 29 29      72000      30000 
783	 884500	0 9 1 14 2 11 3 12 4 13 5 13 6 14 7 26 8 15 9 0 10 16 11 16 12 10 13 17 14 14 15 14 16 2 17 19 18 20 19 20 20 21 21 19 22 22 23 22 23 23 24 23 24 24 24 24 25 24 25 25 25 25 26 25 26 26 26 26 27 25 27 27 29 27 28 27 28 27 29 28 28 29 29 29      81000      11250 
882	 862000	0 9 1 10 2 11 3 22 4 3 5 13 6 14 7 14 8 27 9 15 10 16 11 4 12 12 13 17 14 21 15 17 16 19 17 19 18 20 19 19 20 21 21 21 22 19 23 20 23 23 24 23 24 24 24 24 25 23 25 25 25 25 26 25 26 26 26 26 29 26 27 27 27 27 29 27 28 28 28 28 28 29 29 29      81000      11250 
981	 812000	0 20 1 14 2 11 3 12 4 13 5 13 6 14 7 26 8 15 9 0 10 16 11 16 12 27 13 17 14 14 15 14 16 2 17 19 18 20 19 20 20 21 21 19 22 22 23 22 23 23 24 23 24 24 24 24 25 24 25 25 25 25 26 25 26 26 26 26 27 25 27 27 29 27 28 27 28 27 29 28 28 29 29 29      81000       9000 
1179	 756750	0 8 1 10 2 24 3 12 4 13 27 13 6 14 7 14 8 15 9 11 10 16 11 8 12 17 13 17 14 18 15 18 16 19 17 19 18 20 19 20 20 21 21 21 22 22 23 22 23 23 5 23 24 24 24 24 25 24 25 25 25 25 26 25 26 26 26 26 27 25 27 27 29 27 29 27 28 28 28 28 28 29 29 29      74250      14625 
2061	 729750	0 8 1 10 2 24 3 12 4 13 27 29 6 14 7 14 8 15 9 11 10 16 11 8 12 17 13 17 14 18 15 18 16 19 17 19 18 20 19 20 20 21 21 21 22 22 23 22 23 23 5 23 24 24 24 24 25 24 25 25 25 25 26 25 26 26 26 26 27 25 27 27 29 27 29 27 28 28 28 28 28 29 29 29      74250      14625 
2556	 711000	0 8 1 27 2 24 3 12 4 13 28 29 6 14 7 8 8 15 9 11 10 16 11 8 12 17 13 17 14 18 15 18 16 19 17 19 18 20 19 20 20 21 21 21 22 22 23 22 23 23 5 23 24 24 24 24 25 24 25 25 25 25 26 25 26 26 26 26 27 25 27 27 29 27 29 27 28 28 28 28 28 29 29 29      72000      15750 
0	2930000	0 0 8 1 2 1 13 1 4 1 4 3 5 5 6 9 6 11 7 12 10 15 11 16 12 16 14 17 14 18 15 19 17 19 17 20 18 20 19 20 19 21 21 22 22 23 23 23 24 23 24 24 24 25 24 25 9 26 25 26 25 26 26 26 27 26 28 27 28 27 29 27 29 28 29 28 29 28 29 28 29 29 29 29      81000      63000 
99	2568000	1 1 2 2 3 0 13 8 5 4 3 4 8 11 9 11 10 11 21 12 16 12 16 16 20 16 14 14 17 15 6 15 20 19 21 21 21 16 24 22 23 18 7 18 24 23 24 19 26 24 24 19 25 19 26 22 27 23 27 25 27 23 28 24 28 26 28 25 29 25 29 26 29 28 29 28 29 28 29 27 29 28 29 29      81000      54000 
396	2550000	8 0 29 6 18 2 10 2 4 4 21 19 7 1 28 11 10 5 11 10 13 14 16 13 14 15 17 12 9 19 15 19 23 19 20 15 6 16 23 17 22 18 24 23 25 18 26 20 25 22 23 23 24 23 24 24 24 25 12 25 28 25 27 26 28 26 27 25 28 27 3 26 21 27 29 27 29 28 29 28 29 29 29 28      72000      63000 
882	1800000	0 9 1 10 2 28 3 12 4 13 5 13 6 14 7 14 8 15 9 15 10 16 11 16 12 17 29 17 14 18 15 18 16 19 17 19 18 20 29 20 20 21 21 21 22 22 23 22 23 23 24 23 24 24 24 24 25 24 25 25 25 25 26 25 26 26 26 26 27 26 27 27 27 27 28 27 28 28 28 28 28 29 29 29      72000      45000 
1278	 960000	0 9 1 10 2 11 23 12 4 29 29 5 6 14 7 14 17 15 9 15 3 14 11 16 12 24 13 17 14 17 15 18 16 19 5 19 18 20 19 20 20 21 21 21 22 22 8 22 23 23 24 23 24 24 24 24 25 24 25 25 25 25 26 25 26 26 26 25 27 26 10 27 27 27 28 27 28 28 28 28 29 29 29 29      81000      15000 
2061	 914000	0 9 1 10 2 11 3 12 4 29 29 13 6 14 7 14 8 15 9 15 2 14 11 16 12 17 13 17 14 17 15 18 16 19 5 19 18 20 19 20 20 21 21 21 22 22 23 22 23 23 24 23 24 24 24 24 25 24 25 25 25 25 26 25 26 26 26 25 27 26 10 27 27 27 28 27 28 28 28 28 29 29 29 29      66000      27000 
2457	 846500	0 9 26 20 2 11 3 12 4 27 29 5 6 14 7 9 19 15 9 17 23 23 11 16 12 17 13 21 14 17 15 18 16 19 17 19 18 20 29 20 20 21 21 21 22 22 1 22 23 23 24 23 24 24 24 24 25 24 25 25 25 25 26 25 5 26 26 26 27 26 10 27 27 27 8 27 28 28 28 28 28 29 29 29      81000      11250 
0	2582000	0 3 1 4 2 5 3 6 5 6 7 6 7 6 7 11 8 14 10 14 12 14 13 15 13 15 14 16 16 19 17 19 17 20 17 21 18 22 18 22 20 22 21 23 22 23 23 24 24 24 24 24 25 24 26 25 26 25 9 25 27 25 27 26 27 26 27 26 28 26 28 26 28 27 29 28 29 28 11 29 29 29 29 29      72000      63000 
198	2578000	2 14 3 2 4 1 7 9 6 4 8 5 9 21 10 14 0 6 12 16 10 10 17 13 19 11 21 18 15 16 17 19 12 16 22 18 22 19 20 23 20 17 20 18 22 23 24 23 23 23 23 2 24 24 25 6 13 24 25 25 26 25 28 25 15 25 27 26 27 26 27 26 28 28 28 27 29 28 29 27 29 29 29 29      63000      72000 
396	2180000	22 1 16 4 2 2 17 0 5 6 16 7 5 6 9 11 20 14 11 8 15 10 15 12 15 10 19 13 20 14 14 19 21 17 15 18 22 18 22 22 23 23 21 23 23 3 21 24 23 24 25 24 25 24 25 24 26 26 9 25 27 25 26 27 26 26 28 27 26 27 8 28 28 28 29 28 29 28 29 29 29 29 29 29      45000      81000 
981	1874000	0 9 29 10 2 11 3 12 4 13 5 13 6 14 7 14 8 15 9 15 10 16 11 16 12 17 13 17 14 1 15 18 29 19 17 19 18 20 19 20 20 21 21 21 22 22 23 22 23 23 24 23 24 24 24 24 25 24 25 25 25 25 26 25 26 26 26 26 27 26 27 27 27 27 28 27 28 28 28 28 28 29 29 29      63000      54000 
1080	1860000	0 9 29 10 2 11 3 12 4 13 5 13 6 14 7 10 8 15 9 8 10 16 11 16 12 17 13 17 14 1 15 18 29 19 17 19 18 20 19 20 20 21 21 21 22 22 23 22 23 23 24 23 24 24 24 24 25 24 25 25 25 25 26 25 26 26 26 26 27 26 27 27 27 27 28 27 28 28 28 28 28 29 29 29      63000      54000 
1179	1178000	0 9 1 10 2 11 3 26 4 13 5 18 6 2 7 14 23 15 9 15 10 16 11 18 8 17 13 17 14 11 15 18 16 19 17 19 18 19 29 20 20 21 21 21 22 22 12 22 23 23 24 23 24 24 24 24 25 24 25 25 25 25 26 25 26 26 29 26 27 26 27 27 27 27 28 27 28 28 28 28 28 29 29 29      72000      30000 
1278	1060000	0 9 29 10 2 11 3 12 4 13 5 13 6 14 7 14 8 15 9 15 10 16 11 24 12 17 13 17 14 23 15 19 16 19 17 19 18 20 19 20 20 21 21 21 22 22 1 22 23 23 24 23 24 24 24 24 25 24 25 25 25 25 26 25 26 26 26 27 27 26 27 27 27 1 28 27 28 28 29 28 28 29 29 29      81000      18000 
1377	 982000	0 19 1 10 29 11 3 12 4 13 5 18 6 2 7 14 23 15 9 15 10 16 11 18 12 28 13 17 14 18 15 18 16 19 17 19 18 19 19 20 20 21 21 21 22 3 23 22 23 23 2 23 24 24 24 24 8 24 25 25 25 25 26 25 26 26 29 26 27 26 27 27 27 27 28 27 28 28 28 28 28 29 29 29      72000      21000 
1476	 907000	0 9 29 10 2 11 3 23 4 13 5 11 6 14 7 14 8 15 9 15 10 16 11 24 12 17 13 17 14 23 15 19 16 19 17 19 18 20 19 20 20 21 21 21 22 22 1 22 23 23 24 23 24 24 24 24 25 24 25 25 25 25 26 25 26 26 26 27 27 26 27 27 27 1 28 27 28 28 29 28 28 29 29 29      81000      13500 
1575	 862000	0 11 1 3 2 11 3 12 4 13 5 13 6 14 7 14 8 15 9 15 10 9 11 16 12 1 13 17 14 21 15 16 16 19 17 19 18 19 19 20 20 21 21 21 22 22 23 22 23 23 24 23 24 24 24 24 25 24 25 24 25 25 26 26 26 26 29 26 27 26 27 27 27 27 28 27 28 28 28 28 29 29 29 29      81000      11250 
1674	 856500	0 12 29 10 2 11 3 12 4 13 5 25 6 2 7 14 8 15 9 0 10 16 11 16 12 17 13 16 14 9 15 19 16 19 17 19 18 2 19 20 20 21 21 21 22 22 1 22 23 23 23 23 24 24 24 24 25 24 25 24 25 25 26 25 26 26 27 26 27 26 27 26 29 28 28 27 28 28 29 28 28 29 29 29      81000      11250 
2457	 759000	0 24 1 10 2 11 3 12 4 13 5 23 6 14 7 14 8 11 9 15 10 7 11 16 12 17 13 16 14 18 15 18 16 19 17 19 18 20 19 20 20 21 21 21 22 22 23 22 23 23 24 23 24 24 24 24 25 24 25 25 25 25 26 25 26 26 29 26 27 26 27 26 27 27 28 27 28 28 28 28 29 29 29 29      74250      14625 
2754	 739000	0 24 1 10 2 11 3 28 4 13 5 13 6 16 7 14 8 15 9 15 10 7 11 16 12 17 13 16 14 18 15 18 16 19 17 19 18 20 19 20 20 21 21 21 22 22 23 22 23 23 24 23 24 24 24 24 25 24 25 25 25 25 26 25 26 26 29 26 27 26 27 26 27 27 28 27 28 28 28 28 29 29 29 29      74250      14625 
2952	 725250	0 9 1 10 2 11 3 28 4 13 5 13 6 14 7 14 8 15 9 15 10 7 11 16 12 17 13 17 14 18 15 18 16 19 17 19 18 20 19 20 20 21 21 21 22 22 23 22 23 23 24 23 24 24 24 24 25 24 25 25 25 25 26 25 26 26 29 26 27 26 27 26 27 27 28 27 28 28 28 28 29 29 29 29      74250      14625 
0	2590000	3 0 17 18 22 1 23 2 11 2 16 4 13 5 14 6 8 6 19 7 20 9 20 9 21 10 21 10 21 12 22 12 23 13 24 14 24 15 24 15 25 16 25 16 25 16 25 16 25 17 26 18 27 19 27 24 27 25 28 26 28 26 28 26 28 26 28 26 28 27 29 27 29 28 29 28 29 28 29 28 29 29 29 29      72000      63000 
198	2025000	1 8 22 9 2 3 4 2 5 4 10 6 7 5 14 6 13 8 16 11 28 3 17 12 19 11 19 12 20 13 21 13 22 15 0 15 24 15 23 18 24 18 24 20 25 20 25 21 24 23 24 23 9 24 26 23 25 26 27 23 26 26 27 24 29 25 29 25 29 27 28 26 29 26 29 27 29 27 29 28 29 28 29 28      81000      40500 
783	1160000	0 9 1 10 2 11 29 12 4 9 5 13 6 14 7 14 8 15 29 15 10 16 11 16 12 17 13 17 14 11 15 18 16 19 17 19 18 20 19 20 20 21 21 21 22 22 23 22 23 23 3 23 24 24 24 24 25 24 25 25 25 25 26 25 26 26 26 26 27 26 27 27 27 27 28 27 28 28 28 28 28 29 29 29      63000      36000 
1080	1134000	0 28 1 10 2 5 3 12 4 9 5 13 6 14 7 14 8 15 29 15 6 10 11 16 12 17 13 15 14 11 15 18 16 19 17 19 18 20 19 20 20 21 21 21 22 22 23 22 23 9 3 23 24 24 24 24 25 24 25 25 28 25 26 25 26 26 26 26 27 26 27 28 27 27 28 27 28 28 29 28 28 29 29 29      63000      36000 
1179	 983000	0 9 1 10 2 11 3 12 4 13 5 13 6 14 7 14 8 15 9 7 10 16 11 3 12 29 13 17 14 29 15 18 16 19 17 19 18 20 19 20 20 21 21 21 22 22 23 22 23 23 24 23 24 24 24 24 25 24 25 25 28 25 26 25 26 26 26 26 29 26 27 27 27 27 28 27 28 28 28 28 28 29 29 29      63000      31500 
1377	 924000	0 9 29 10 2 11 3 29 4 13 17 13 6 7 7 14 8 15 9 27 10 3 11 16 12 16 13 18 14 18 15 18 16 19 17 20 18 20 19 20 20 21 21 21 22 22 23 22 23 23 24 23 24 24 1 24 27 24 25 25 25 25 26 25 26 26 26 26 5 26 27 27 27 27 28 27 29 28 28 28 28 29 29 29      72000      21000 
1476	 882000	0 9 1 10 2 11 3 12 4 9 5 13 6 14 7 14 8 15 29 15 10 10 11 16 12 17 13 17 14 10 15 18 16 11 17 19 18 20 19 20 20 21 21 21 22 22 23 22 23 9 24 23 24 24 24 24 25 24 25 25 27 25 26 25 26 26 26 26 27 26 27 28 27 27 29 27 28 28 28 28 28 29 29 29      68000      24000 
2358	 875340	0 9 1 10 2 11 29 12 4 13 5 13 6 1 7 14 8 15 9 15 10 10 11 16 12 17 13 17 14 18 15 18 16 19 17 19 18 20 19 20 20 21 21 21 22 22 23 22 23 23 24 23 24 24 24 24 3 24 25 25 25 25 26 25 26 26 26 26 27 26 27 27 27 27 28 27 28 28 29 28 28 29 29 29      69999      22334 
2457	 846004	0 9 1 29 2 11 29 12 4 13 5 13 6 14 7 14 8 15 9 15 10 10 11 16 12 17 13 17 14 18 15 18 16 19 17 19 18 20 19 20 20 7 21 21 22 22 23 22 23 23 24 23 24 24 24 24 3 24 25 25 25 25 26 25 26 26 26 26 27 26 27 27 27 27 28 27 28 28 29 28 28 29 29 29      69999      22334 
2556	 747500	0 9 1 10 2 11 29 12 4 25 5 13 6 1 7 14 8 15 9 15 10 10 11 16 12 17 13 17 14 18 15 18 16 19 17 19 18 20 19 20 20 21 21 21 22 22 23 22 23 23 24 23 24 24 24 24 3 24 25 25 25 25 26 25 26 26 26 26 27 26 27 27 27 27 28 27 28 28 29 28 28 29 29 29      74250      14625 
0	2564000	0 1 19 1 3 1 25 2 22 4 20 4 11 4 11 5 12 6 13 7 14 7 15 9 15 9 15 10 8 13 16 13 16 14 17 17 18 18 18 19 21 20 21 22 21 22 21 23 23 23 25 24 25 24 26 24 26 24 26 24 26 25 27 26 27 26 12 27 28 27 28 27 28 28 28 28 28 28 29 29 29 29 29 29      63000      72000 
387	1490000	0 9 1 10 2 9 3 29 4 13 5 13 6 14 7 14 8 15 29 15 10 16 11 16 12 17 13 17 14 4 15 18 16 19 17 19 18 20 19 20 20 21 21 21 22 22 23 22 23 23 24 23 24 24 24 24 25 24 25 25 25 25 26 25 26 26 26 26 27 26 27 27 27 27 28 27 28 28 28 28 28 29 29 29      72000      36000 
684	1152000	0 9 1 10 2 9 3 29 29 13 5 13 22 12 6 14 8 15 11 12 10 16 11 16 12 0 13 17 14 4 15 18 16 15 17 19 18 18 19 20 20 21 21 23 4 22 23 22 24 23 24 23 24 24 24 24 25 24 25 25 7 25 26 25 26 27 26 26 27 26 29 27 27 27 28 28 28 28 28 28 28 28 29 29      63000      36000 
882	1122000	0 29 1 1 2 11 3 12 4 13 5 29 6 5 7 14 8 15 9 15 10 17 11 16 12 10 13 17 14 18 15 18 16 19 17 20 18 20 19 20 20 21 21 21 22 22 23 22 23 23 24 23 26 24 24 24 25 24 27 25 25 25 26 25 26 26 26 26 27 26 27 27 27 27 28 27 28 28 28 28 29 29 29 29      72000      27000 
1080	 977000	0 9 1 10 2 11 3 15 4 29 24 8 6 14 28 8 23 16 9 22 10 21 11 16 29 17 13 13 14 18 15 18 16 12 17 19 18 20 19 20 20 21 21 21 5 22 7 22 23 23 24 23 26 24 26 24 25 24 25 25 25 25 26 25 26 26 26 26 28 26 27 27 27 27 12 27 29 28 28 28 28 29 29 29      63000      31500 
3132	 936674	0 9 1 10 2 11 3 12 4 12 5 13 6 14 7 14 8 15 9 15 10 16 11 16 29 17 13 17 14 0 15 18 16 12 17 19 18 20 19 20 20 21 21 21 22 22 23 22 23 23 24 23 26 24 24 24 25 24 25 25 25 25 26 25 26 26 26 26 28 26 27 27 27 27 12 27 29 28 28 28 28 29 29 29      69999      22334 
3429	 801338	0 9 1 10 2 11 3 28 4 29 5 13 6 14 7 14 8 15 9 15 10 16 11 16 29 17 13 17 14 18 15 18 16 12 17 19 18 20 19 20 20 21 21 21 22 22 23 22 23 23 12 23 24 24 24 24 25 24 25 25 25 25 26 25 26 26 26 26 27 26 27 27 27 27 28 27 29 28 28 28 28 29 29 29      69999      22334 
3528	 794000	0 12 1 10 2 11 3 12 4 12 5 13 6 14 7 14 8 15 9 15 10 16 11 16 29 17 13 17 14 0 15 18 16 12 17 19 18 20 19 20 20 21 21 21 22 22 23 22 23 23 24 23 24 24 24 24 25 24 25 25 25 25 26 25 26 26 26 26 27 26 27 27 27 27 28 27 29 28 28 28 28 29 29 29      72000      18000 
0	2566000	18 0 17 4 1 4 3 4 23 5 5 6 6 7 7 8 9 8 9 9 10 11 11 11 11 11 12 18 26 13 14 13 15 14 15 17 15 19 15 19 16 20 16 20 16 21 19 22 20 24 21 24 22 24 23 24 23 25 24 25 25 25 26 25 26 27 26 2 27 28 27 28 27 28 28 28 29 28 29 28 29 29 29 29      72000      63000 
387	1627000	0 9 1 4 2 4 3 4 23 13 5 6 6 7 7 8 8 8 9 9 10 16 11 11 12 17 12 18 14 13 14 18 16 14 17 17 15 20 15 19 20 21 16 21 22 22 19 22 20 23 21 24 24 24 24 24 23 25 24 25 25 25 26 25 26 26 26 2 27 28 27 28 27 27 28 27 28 28 29 28 29 29 29 29      72000      40500 
486	1245000	0 0 2 10 1 11 3 12 28 13 5 6 6 7 7 14 8 15 9 10 10 16 11 15 12 17 12 18 14 13 15 13 16 19 17 19 18 19 24 20 20 21 21 20 4 22 19 22 23 23 21 23 22 24 24 24 25 24 25 25 25 25 26 25 26 27 26 26 27 27 27 28 27 27 28 27 29 28 29 28 28 29 29 29      72000      31500 
1080	1146000	0 9 1 10 2 11 3 12 22 13 5 13 7 14 29 14 8 15 19 15 24 4 11 16 12 17 13 10 23 27 15 18 16 14 17 4 18 20 19 20 20 21 21 21 6 22 19 22 23 23 21 23 9 24 24 24 25 24 25 25 25 25 26 25 26 26 26 26 27 26 27 28 27 27 28 27 28 28 29 28 28 29 29 29      63000      36000 
2349	 992000	0 9 1 10 2 11 3 12 22 13 5 13 7 14 29 14 8 15 9 15 10 4 11 16 12 17 13 17 23 18 15 18 16 14 17 4 18 20 19 20 20 21 21 21 6 22 19 22 23 23 24 23 9 24 24 24 25 24 25 25 25 25 26 25 26 26 26 26 27 26 27 28 27 27 28 27 28 28 29 28 28 29 29 29      63000      31500 
2646	 936000	0 9 1 10 2 11 3 12 22 13 5 13 7 14 29 14 8 15 9 15 10 4 11 16 12 29 13 17 23 18 15 18 16 14 17 4 18 20 19 20 20 21 21 21 6 22 19 22 23 23 24 23 9 24 24 24 25 24 25 25 25 25 26 25 26 26 26 26 27 26 27 28 27 27 28 27 28 28 29 28 28 29 29 29      63000      31500 
2844	 868000	0 9 29 19 2 29 3 12 22 13 18 13 24 14 7 14 8 15 4 15 10 16 11 16 12 17 13 10 1 27 15 6 16 19 17 19 18 20 19 20 20 21 21 21 6 22 23 22 23 23 24 23 9 24 24 24 25 24 14 25 25 25 5 25 26 26 26 26 27 26 27 28 27 27 28 27 28 28 29 28 28 29 29 29      72000      21000 
0	2235000	0 1 3 1 4 7 4 8 4 10 5 10 5 11 9 11 6 16 7 16 7 17 8 17 11 18 12 19 12 19 13 19 13 20 2 21 14 21 15 22 18 22 20 22 20 22 21 22 22 23 23 23 24 23 24 23 24 24 25 24 25 25 26 26 27 26 27 26 27 26 27 28 29 28 29 28 29 28 29 28 29 28 29 29      82500      42000 
486	1420000	0 9 1 10 2 11 3 12 4 13 5 13 6 14 7 14 8 15 9 15 29 16 11 16 12 29 13 17 14 18 15 18 16 19 17 19 18 20 19 20 20 21 21 21 22 22 10 22 23 23 24 23 24 24 24 24 25 24 25 25 25 25 26 25 26 26 26 26 27 26 27 27 27 27 28 27 28 28 28 28 28 29 29 29      63000      42000 
585	1295000	0 1 1 10 2 29 3 13 4 13 5 13 6 14 7 14 8 15 9 3 29 16 11 16 12 29 13 17 14 18 15 18 16 19 17 19 18 20 19 20 20 21 21 21 22 22 10 22 23 23 24 23 24 24 24 24 25 24 25 25 25 25 26 25 26 26 26 26 27 26 27 27 27 27 28 27 28 28 28 28 28 29 29 29      72000      31500 
783	1279000	0 1 1 10 2 29 3 11 4 13 5 13 6 14 7 14 8 15 9 3 29 16 11 16 12 29 13 17 14 18 15 18 16 19 17 19 18 20 19 20 20 21 21 21 22 22 10 22 23 23 24 23 24 24 24 24 25 24 25 25 25 25 26 25 26 26 26 26 27 26 27 27 27 27 28 27 28 28 28 28 28 29 29 29      72000      31500 
1377	 878000	0 1 1 9 2 11 3 11 4 13 5 3 6 19 7 14 8 15 9 3 29 16 11 16 12 29 13 2 14 18 15 17 16 19 17 19 18 20 19 20 20 21 21 21 22 13 10 22 23 23 24 23 24 24 24 23 25 24 25 25 25 25 26 25 26 26 26 26 27 26 27 27 27 27 28 27 29 28 28 28 28 29 29 29      72000      21000 
2745	 836000	0 28 1 9 2 11 3 11 4 13 5 3 6 19 7 14 8 15 9 3 29 16 11 16 12 29 13 2 14 18 15 17 16 19 17 19 18 20 19 20 20 21 21 21 22 13 10 22 23 23 24 23 24 24 24 23 25 24 25 25 25 25 26 25 26 26 26 26 27 26 27 27 27 27 28 27 29 28 28 28 28 29 29 29      72000      21000 
0	2550000	1 1 3 2 3 2 6 4 6 5 7 5 7 0 8 9 8 9 11 10 12 10 16 12 17 12 13 14 19 14 20 15 20 15 20 16 22 17 22 17 23 18 23 18 4 19 24 21 24 21 25 21 25 23 25 23 25 24 26 24 26 25 26 26 27 27 27 27 28 28 29 28 29 28 29 28 29 28 29 28 29 29 29 29      81000      54000 
99	2125000	0 1 23 1 26 4 2 28 20 7 8 7 5 9 27 9 16 10 10 12 15 12 15 12 11 4 22 15 13 15 23 14 18 16 24 14 18 17 24 16 21 18 25 19 17 19 3 19 6 21 28 22 24 22 25 24 25 25 21 24 20 24 26 25 27 26 27 27 28 27 28 27 29 28 29 28 29 28 29 28 29 28 29 28      83250      40500 
585	1349000	0 9 1 10 29 11 3 12 4 13 5 13 6 14 7 14 8 15 29 15 2 16 11 16 12 17 10 17 9 18 29 18 16 19 17 19 18 20 19 20 20 21 21 21 22 22 23 22 23 23 24 23 24 24 24 24 25 24 25 25 25 25 26 25 26 26 26 26 27 26 27 27 27 27 28 27 28 28 28 28 28 29 29 29      63000      40500 
1368	 990000	23 8 1 16 27 9 3 0 26 13 5 13 25 14 7 14 0 15 29 12 2 16 11 16 12 19 13 11 10 18 15 18 16 16 17 19 18 20 19 20 20 21 21 21 22 22 8 22 23 23 6 23 24 24 24 24 14 25 25 24 25 25 4 25 26 26 26 26 27 26 9 27 27 27 28 28 28 28 29 28 28 28 29 29      81000      15000 
1863	 968000	0 17 1 15 2 11 17 12 4 13 5 4 22 14 7 14 8 15 9 18 10 1 11 16 12 17 13 17 3 18 15 18 16 19 29 19 18 20 19 20 20 21 21 21 6 22 23 22 23 23 24 23 13 24 24 24 25 24 25 25 25 25 26 25 26 26 26 26 27 26 27 27 28 27 14 27 28 28 28 28 29 29 29 29      72000      21000 
1962	 876000	0 15 22 10 2 11 3 12 4 13 5 13 28 14 7 28 8 15 9 15 10 16 11 1 12 17 24 13 14 13 15 18 16 19 17 19 18 20 19 20 20 21 21 21 6 22 23 22 23 23 6 23 24 24 24 24 25 24 25 25 25 25 1 25 26 26 26 26 27 26 27 27 27 27 29 27 28 28 28 28 29 29 29 29      72000      21000 
0	2025000	17 0 2 0 2 1 3 4 4 16 5 6 5 7 10 8 10 8 11 9 11 10 12 12 12 13 12 15 14 17 14 19 15 20 18 21 18 21 19 22 20 22 22 22 23 22 24 23 24 23 24 24 25 24 25 24 26 24 26 24 27 25 27 25 27 26 28 26 28 26 29 26 29 27 3 27 29 28 29 28 29 28 29 29      40500      81000 
486	1638000	0 9 1 29 2 11 3 12 4 13 5 13 29 14 7 14 8 15 9 15 10 16 11 16 12 17 13 17 6 18 15 18 16 19 17 19 18 20 19 20 20 21 21 21 22 22 23 22 23 23 24 23 24 24 24 24 25 24 25 25 25 25 26 25 26 26 26 26 27 26 27 27 27 27 28 27 28 28 28 28 28 29 29 29      72000      40500 
585	1333000	0 9 1 10 2 11 3 12 4 13 5 13 29 14 7 14 8 15 9 15 10 16 11 16 12 17 13 17 6 20 15 18 16 19 17 19 18 20 19 20 29 21 21 21 22 22 23 22 23 23 24 23 24 24 24 24 25 24 25 25 25 25 26 25 26 26 26 26 27 26 27 27 27 27 28 27 28 28 28 28 28 29 29 29      63000      40500 
684	1226000	16 9 1 10 2 11 3 12 4 13 9 13 6 14 7 14 8 15 11 15 10 16 11 16 12 15 13 17 5 18 29 18 16 19 17 19 18 20 19 14 20 21 21 21 22 22 23 22 23 23 24 23 24 24 24 20 25 21 25 25 25 24 0 25 26 26 26 26 27 26 27 27 27 27 29 27 28 28 28 28 28 28 29 29      75000      27000 
783	1202000	0 15 1 10 2 16 3 12 4 16 5 13 6 14 7 14 8 15 9 15 10 16 11 16 12 17 13 17 29 5 14 18 16 19 17 21 18 20 19 22 20 21 21 21 13 22 23 22 23 23 24 23 24 24 24 24 25 24 25 24 25 25 26 25 26 26 26 26 27 26 27 27 27 27 28 27 28 28 29 28 28 29 29 29      72000      30000 
882	 950000	0 9 1 10 2 11 3 9 4 13 5 13 6 18 7 12 8 15 9 15 10 16 11 16 12 15 13 17 14 14 29 18 16 19 17 19 18 20 19 14 20 8 21 21 22 24 23 22 23 23 24 23 24 24 28 24 12 24 25 25 25 26 0 25 26 26 26 26 29 25 27 27 27 27 28 27 29 28 29 28 28 29 29 28      63000      27000 
1278	 876000	0 9 1 15 2 11 3 12 4 16 5 13 6 16 7 14 8 15 9 2 10 18 11 15 12 15 13 17 14 28 29 18 16 19 17 19 18 20 19 20 20 21 21 21 22 22 23 22 23 23 24 23 24 24 24 24 2 24 25 25 25 25 26 25 26 26 26 26 27 26 27 27 27 27 28 27 29 28 28 28 28 29 29 29      72000      21000 
1773	 824000	0 9 27 10 2 13 3 27 4 16 5 13 6 19 7 26 8 15 9 15 10 18 11 16 12 15 13 17 14 28 15 18 16 19 17 19 18 20 19 14 20 21 21 21 22 22 23 22 23 23 24 23 24 24 24 24 25 24 25 25 25 25 26 25 26 26 26 26 1 26 29 27 27 27 28 27 29 28 28 28 28 28 29 29      80100      11700 
0	2580000	23 8 1 0 19 4 2 27 3 10 3 10 5 13 7 13 9 14 11 14 11 14 12 15 15 15 16 16 17 16 17 17 18 19 18 19 19 19 20 20 23 20 23 21 6 21 24 21 24 21 24 22 24 22 24 22 24 25 25 25 25 26 25 26 26 26 27 26 27 27 28 28 28 28 28 29 29 29 29 29 29 29 29 29      72000      63000 
297	2564000	1 8 1 0 19 3 2 4 5 10 3 10 5 13 7 13 9 14 11 14 11 14 12 15 15 9 16 16 19 16 17 17 18 19 18 19 19 19 19 20 23 20 23 21 6 21 24 21 24 23 24 22 26 22 24 22 24 25 25 25 25 26 25 24 26 26 27 25 27 27 28 28 28 28 28 27 29 29 29 29 29 29 29 29      72000      63000 
396	2110000	0 1 3 1 4 21 23 2 23 5 22 5 7 20 6 11 8 9 2 5 12 13 16 11 20 9 14 14 14 14 15 20 16 13 18 10 17 17 19 19 20 19 25 20 24 20 25 22 25 22 21 24 24 19 26 24 25 25 25 26 24 27 28 26 27 27 28 26 29 27 29 25 29 27 28 27 10 28 29 29 29 29 29 29      81000      42000 
1080	1638000	0 9 1 10 2 11 3 8 4 13 5 13 6 14 7 29 8 21 9 15 29 16 11 16 12 17 21 17 14 18 15 18 16 19 17 19 18 20 19 20 20 21 21 21 22 22 23 22 23 23 24 23 24 24 24 24 25 24 25 25 25 25 26 25 26 26 10 26 27 26 27 27 27 27 28 27 28 28 28 28 28 29 29 29      72000      40500 
1179	1408400	0 9 1 5 2 11 3 12 4 13 5 16 6 14 7 14 8 15 9 20 10 16 11 29 12 17 13 17 14 18 15 18 16 19 17 19 18 20 19 20 10 21 21 21 22 22 23 22 23 23 20 23 24 24 24 24 25 24 25 25 25 24 26 25 26 26 26 26 27 26 27 27 27 27 28 27 29 28 28 28 28 29 29 29      67200      39200 
1278	1090000	16 9 1 7 2 29 3 20 4 7 5 13 29 14 6 10 8 7 9 15 10 10 11 13 12 17 18 17 14 18 15 20 16 19 17 19 18 20 19 20 20 13 21 21 22 20 23 22 23 23 21 23 24 24 24 24 25 24 0 25 25 25 26 25 26 26 26 26 27 26 27 27 29 27 28 27 28 28 28 28 28 29 29 29      72000      27000 
1476	 976000	0 9 1 10 2 11 29 12 4 13 5 11 6 24 7 14 8 21 9 11 10 16 11 16 12 17 13 17 14 18 29 18 16 19 17 19 18 20 19 20 20 21 21 21 22 22 23 22 23 23 3 23 24 24 24 24 25 24 25 25 25 25 15 25 26 26 26 26 27 26 27 27 27 27 28 27 28 28 28 28 28 29 29 29      81000      15000 
1575	 960000	0 9 1 5 28 11 2 12 4 13 8 4 6 4 7 29 24 15 9 20 10 16 11 21 12 17 13 23 14 18 15 18 16 19 17 19 18 20 19 20 20 21 21 21 22 22 23 22 23 23 3 23 24 19 24 24 25 24 25 25 5 25 26 25 26 26 26 26 27 26 27 27 27 27 28 26 29 28 28 28 29 29 29 29      81000      15000 
1773	 946000	0 9 1 26 2 9 24 20 4 13 5 13 6 9 7 13 8 15 17 15 10 16 11 29 12 14 29 27 14 6 15 18 16 19 17 10 18 20 19 20 20 13 21 21 22 22 23 22 23 23 3 23 24 24 24 24 25 24 25 25 25 25 26 25 27 26 26 26 27 26 27 27 29 27 28 27 28 28 28 28 28 29 29 29      72000      24000 
2556	 794000	0 9 1 27 2 9 29 16 4 13 5 13 6 14 7 14 8 15 9 15 10 16 11 16 12 14 13 17 14 18 15 18 16 19 17 10 18 20 19 20 20 21 21 21 22 22 23 22 23 23 3 23 24 24 24 24 25 24 25 25 25 24 26 25 26 26 26 26 27 26 27 27 29 27 28 27 28 28 28 28 28 29 29 29      72000      18000 
0	2396000	1 0 8 0 8 2 9 2 9 3 12 4 12 5 13 6 15 10 16 11 17 11 17 13 19 14 19 15 20 16 20 7 22 18 22 18 23 18 23 19 23 19 23 20 23 21 23 21 24 21 25 21 27 24 27 24 28 25 28 25 28 25 28 26 29 26 14 26 29 26 29 27 29 27 29 27 29 27 29 27 29 28 29 28      54000      76500 
387	2212000	1 9 15 0 2 11 3 12 9 3 5 13 6 14 13 14 8 10 9 15 10 14 11 16 12 17 13 4 14 16 16 7 16 19 17 19 18 18 23 20 20 22 5 22 26 21 25 21 24 23 24 23 24 24 24 24 26 24 28 25 25 25 28 26 26 26 14 26 27 26 27 27 27 28 28 27 29 27 29 28 29 29 29 29      63000      63000 
486	1333000	0 9 1 10 2 11 3 12 4 13 5 13 6 9 7 14 8 15 29 15 10 16 11 16 12 17 13 17 14 18 29 18 16 19 17 19 18 20 19 20 20 21 21 21 22 22 23 22 23 23 24 23 24 24 24 24 25 24 25 25 25 25 26 25 26 26 26 26 27 26 27 27 27 27 28 27 28 28 28 28 28 29 29 29      63000      40500 
882	1190000	0 10 3 10 2 11 5 12 9 1 17 13 23 22 7 14 8 28 28 15 9 16 11 24 12 17 13 17 14 18 15 18 16 19 4 19 18 20 19 20 20 21 21 21 22 22 6 22 21 23 24 23 24 24 24 24 25 24 1 25 25 25 26 25 12 26 26 26 27 26 27 27 27 27 28 27 29 28 28 28 29 29 29 29      63000      36000 
981	 960000	0 9 1 2 2 27 3 12 4 21 5 1 6 9 7 14 8 7 9 15 10 29 11 16 12 17 13 15 14 18 15 18 16 19 17 19 18 20 19 20 20 4 21 21 22 22 23 22 23 23 24 23 24 24 24 24 28 24 25 25 25 25 26 25 26 26 26 26 27 26 27 27 27 27 28 27 28 28 29 28 29 29 29 29      81000      15000 
1764	 790000	0 9 1 10 2 11 3 12 4 13 5 1 6 14 7 14 8 10 9 15 10 16 11 25 12 17 13 15 14 18 15 18 16 19 17 19 18 20 19 20 20 4 21 21 22 22 23 22 23 23 24 23 24 24 24 24 28 24 25 25 25 25 26 25 26 26 26 26 27 26 27 27 27 27 28 27 28 28 29 28 29 29 29 29      72000      18000 
1863	 743500	0 9 1 5 2 27 3 12 4 21 5 1 6 9 7 14 8 13 9 15 10 29 11 16 25 17 13 17 14 18 15 18 16 19 17 19 18 20 19 20 20 4 21 21 22 22 23 22 23 23 24 23 24 24 24 24 28 24 25 25 25 25 26 25 26 26 26 26 12 26 27 27 27 27 28 27 28 28 29 28 29 29 29 29      74250      14625 
0	2446000	29 0 5 1 21 2 5 3 6 4 7 4 7 7 10 8 10 9 11 9 11 12 12 13 12 14 15 14 15 19 17 16 18 17 18 18 20 20 21 22 21 23 24 23 6 23 25 23 25 23 25 24 26 24 26 25 26 25 26 26 26 26 26 27 27 27 27 28 27 28 27 28 27 28 28 28 28 28 28 28 28 29 29 29      40500      90000 
99	2404000	1 0 21 2 18 6 4 9 16 8 5 7 10 9 7 11 12 12 13 10 12 11 17 13 14 15 14 13 19 16 20 14 17 15 3 15 19 22 19 22 23 15 23 18 22 24 22 24 24 24 24 20 24 21 25 25 25 25 26 25 26 27 27 26 27 26 26 27 28 28 28 28 8 28 29 28 29 28 29 28 29 28 29 29      67500      63000 
585	1874000	0 9 29 10 2 11 3 12 4 13 5 13 6 14 7 14 8 1 9 15 10 24 11 16 12 17 13 17 14 18 15 18 16 19 17 19 18 20 19 20 29 21 21 21 22 22 23 22 23 23 24 23 24 24 24 24 25 24 25 25 25 25 26 25 26 26 26 26 27 26 27 27 27 27 28 27 28 28 28 28 28 29 29 29      63000      54000 
783	1351000	0 9 1 10 2 11 3 12 4 13 5 13 29 14 7 14 8 15 9 15 10 16 11 19 6 17 21 17 12 19 15 18 16 19 17 19 18 20 19 20 20 21 29 21 22 22 23 22 23 23 24 23 24 24 24 24 25 24 25 25 25 25 26 25 26 26 26 26 27 26 27 27 27 27 28 27 28 28 28 28 28 29 29 29      63000      40500 
981	1254000	0 9 28 10 2 11 3 10 4 22 5 20 6 14 7 10 29 15 9 15 16 16 21 16 12 13 13 17 14 18 15 18 16 19 17 19 18 20 19 20 20 21 21 21 1 22 8 22 23 23 24 23 24 24 24 24 11 24 25 25 25 25 26 25 26 26 26 26 27 26 27 27 27 27 29 27 28 28 29 28 28 28 29 29      72000      31500 
1665	 968000	0 9 29 10 2 11 3 15 4 13 5 13 6 14 23 14 8 15 9 15 10 14 11 18 12 18 13 17 14 18 15 18 16 19 17 19 18 20 19 15 20 21 21 21 22 22 1 22 23 23 24 23 24 24 24 24 25 24 25 25 7 25 26 25 26 26 26 26 27 26 27 28 27 27 28 27 29 28 28 28 28 29 29 29      81000      15000 
2259	 967336	11 9 1 10 2 11 3 12 4 12 5 13 6 11 7 16 29 15 9 15 10 14 0 22 12 24 13 17 0 7 15 18 16 19 17 19 18 20 19 20 20 3 21 21 22 22 23 22 23 23 24 23 24 21 24 24 0 24 25 25 25 25 26 25 8 26 26 26 14 26 27 27 27 27 28 27 29 28 28 28 28 29 29 29      69999      22334 
0	1941500	4 0 5 0 5 1 8 1 10 1 12 1 7 2 13 2 14 2 14 2 15 2 16 3 17 3 18 6 18 6 19 8 20 9 20 9 20 9 21 9 21 14 22 16 23 17 24 19 24 19 24 19 25 21 25 22 25 23 26 23 26 23 27 23 27 24 27 24 11 24 28 25 28 25 28 26 29 27 29 28 29 28 29 29      87750      31500 
684	1426000	0 9 1 10 2 11 3 12 4 13 5 13 6 29 7 14 8 15 9 15 10 17 11 16 12 17 13 17 14 18 15 18 16 19 17 19 29 20 19 20 20 21 21 21 22 22 23 22 23 23 24 23 24 24 24 24 25 24 25 25 25 25 26 25 26 26 26 26 27 26 27 27 27 27 28 27 28 28 28 28 28 29 29 29      63000      42000 
783	1263000	0 9 1 10 2 11 3 3 4 4 5 13 6 2 13 9 8 15 10 15 10 3 7 16 12 5 9 17 14 13 15 18 16 19 17 19 18 20 19 20 20 22 21 21 22 22 23 22 23 23 25 23 24 24 24 25 25 24 26 25 25 25 26 25 28 26 29 26 11 26 27 27 27 27 29 27 28 28 29 28 28 29 29 29      81000      22500 
1080	1146000	0 9 1 10 2 11 3 12 4 13 5 1 6 29 7 14 5 15 9 15 10 16 7 16 12 17 13 17 14 18 15 18 16 19 17 19 18 20 19 20 20 21 21 21 22 22 8 22 23 23 24 23 24 24 24 24 25 24 25 25 25 25 26 25 26 26 29 26 11 26 27 27 27 27 29 27 28 28 28 28 28 29 29 29      63000      36000 
1278	 922670	0 9 1 10 2 11 3 12 4 13 5 1 6 29 23 14 10 15 9 15 10 16 7 16 12 17 13 17 14 18 15 18 16 19 17 19 18 20 19 20 20 21 21 21 22 22 8 22 23 23 8 23 24 24 24 24 25 24 25 25 25 25 26 25 26 26 29 26 11 26 27 27 27 27 29 27 28 28 28 28 28 29 29 29      69999      22334 
1377	 834000	0 9 1 9 2 11 3 12 26 24 5 13 6 14 7 14 8 15 9 15 10 25 16 16 12 5 13 17 14 4 15 18 16 19 17 19 18 20 19 20 20 22 21 21 22 22 23 22 23 23 4 23 24 24 24 24 11 24 25 25 25 25 26 25 26 26 29 26 27 26 27 27 27 27 28 27 28 28 29 28 28 29 29 29      72000      18000 
2547	 817000	0 9 1 10 2 11 3 18 4 13 5 13 6 14 7 14 26 11 9 15 10 25 22 16 12 17 13 17 14 18 15 18 16 19 17 19 18 15 19 20 20 22 21 21 8 22 23 22 23 23 24 23 24 24 24 24 11 24 25 25 25 25 26 25 26 26 29 26 27 26 27 27 27 27 28 27 28 28 29 28 28 29 29 29      76500      13500 
2646	 770000	0 9 1 29 2 11 3 12 29 24 5 13 6 14 7 14 8 15 9 15 23 16 10 26 12 17 13 17 14 18 15 18 16 19 17 19 18 20 19 20 20 22 21 21 22 22 11 22 23 23 4 23 24 24 24 24 25 24 25 25 25 25 26 25 26 26 26 26 27 26 27 27 27 27 28 27 29 28 28 28 28 29 29 29      76500      13500 
0	2550000	0 2 3 5 4 6 5 7 6 7 8 11 9 13 10 14 11 14 12 14 12 14 13 15 15 16 17 16 20 16 21 16 21 1 23 18 23 18 23 18 24 18 24 19 24 19 25 19 25 20 25 21 26 22 26 22 27 23 27 24 27 24 28 24 28 25 28 26 28 26 29 26 29 27 29 27 29 27 29 28 29 28 2 28      81000      54000 
585	1317000	0 9 1 10 2 11 3 12 4 13 5 13 6 14 7 29 8 15 9 15 10 29 11 16 12 17 4 17 14 18 29 18 16 19 17 19 18 20 19 20 20 21 21 21 22 22 23 22 23 23 24 23 24 24 24 24 25 24 25 25 25 25 26 25 26 26 26 26 27 26 27 27 27 27 28 27 28 28 28 28 28 29 29 29      63000      40500 
882	1184000	0 9 1 10 2 11 3 12 4 13 5 13 6 3 7 14 8 15 6 14 10 16 11 16 12 17 13 17 29 14 15 18 16 19 17 19 18 20 19 20 20 21 21 21 22 22 23 22 25 23 24 23 24 24 24 24 25 24 25 25 27 25 26 25 9 26 26 26 27 26 27 27 27 27 29 27 28 28 28 28 28 29 29 29      63000      36000 
1080	 958000	0 9 1 10 2 11 3 13 4 14 5 5 6 12 7 14 8 15 6 14 10 2 11 16 12 17 13 17 29 23 15 18 16 19 17 19 18 20 19 20 20 21 21 21 22 22 23 22 25 23 24 23 24 24 24 24 25 24 25 25 25 25 26 25 9 26 26 26 27 26 27 27 27 27 29 27 28 28 28 28 28 29 29 29      66000      27000 
1575	 948000	0 9 1 10 2 11 3 13 4 14 5 5 6 14 7 14 8 15 9 14 10 16 11 8 12 17 13 22 29 23 15 18 16 19 17 19 18 20 19 20 20 21 21 21 22 22 23 22 25 23 24 23 24 24 24 24 24 24 25 25 25 25 26 25 9 26 26 26 27 26 27 27 27 27 29 27 28 28 28 28 28 29 29 29      72000      21000 
2070	 922000	0 9 1 26 2 11 3 13 4 14 5 5 6 14 7 14 8 15 9 14 10 16 11 8 12 17 13 22 29 23 15 18 16 19 17 19 18 20 19 20 20 21 21 21 22 22 23 22 25 23 24 23 24 24 24 24 24 24 25 25 25 25 26 25 9 26 26 26 27 26 27 27 27 27 29 27 28 28 28 28 28 29 29 29      72000      21000 
2268	 912000	0 13 1 14 27 2 3 13 4 14 5 21 28 7 10 14 27 15 9 14 6 16 11 8 12 17 13 28 29 23 15 18 16 19 17 19 18 20 19 20 20 21 21 21 22 22 23 22 23 23 24 23 2 24 24 24 25 24 25 24 25 25 26 25 9 26 26 26 13 26 8 27 27 27 28 27 29 28 7 28 28 29 29 29      72000      21000 