0	10172274.000000
297	8001000.000000
396	7666000.000000
495	7546000.000000
594	7490000.000000
990	5636000.000000
1386	5590000.000000
1584	5062964.000000
1980	4568000.000000
2178	4153968.000000
2277	4111966.000000
2376	4063000.000000
2475	3944000.000000
2772	3468000.000000
2970	3444000.000000
3267	3382000.000000
3366	3380000.000000
3465	3379972.000000
3564	3258982.000000
3762	2826500.000000
4158	2757000.000000
4257	2630000.000000
4356	2626000.000000
4653	2371978.000000
4851	2369000.000000
4950	2295312.000000
5742	2277976.000000
6237	2214000.000000
6336	2195302.000000
6435	2096640.000000
7029	2096638.000000
7623	2060000.000000
7722	1992000.000000
7821	1964000.000000
7920	1893000.000000
8019	1892976.000000
8217	1886000.000000
8316	1829500.000000
8613	1819986.000000
8910	1809500.000000
9108	1749980.000000
9207	1746000.000000
9306	1737978.000000
9900	1620000.000000
10098	1546000.000000
10395	1542000.000000
10692	1506800.000000
10890	1488000.000000
11682	1369220.000000
12474	1325298.000000
14157	1310140.000000
14751	1309136.000000
16731	1308058.000000
16929	1302358.000000
17127	1276000.000000
17424	1237986.000000
18315	1220540.000000
18909	1202538.000000
20394	1128450.000000
20592	1093798.000000
22077	1062000.000000
23265	976000.000000
24552	940000.000000
25047	922800.000000
25245	919200.000000
25740	894500.000000
26037	886000.000000
26235	856208.000000
27423	855000.000000
27918	850032.000000
28512	845000.000000
28908	835000.000000
29106	830976.000000
29304	803978.000000
29403	799778.000000
29601	765558.000000
29799	734210.000000
30393	716000.000000
32076	712000.000000
33759	697290.000000
33858	694000.000000
34551	660446.000000
34749	656878.000000
34848	642740.000000
35739	620890.000000
36234	610678.000000
37422	607000.000000
38709	599388.000000
39996	598550.000000
40986	598012.000000
41283	579338.000000
43758	564008.000000
43857	555340.000000
44748	551174.000000
47124	546468.000000
49104	538120.000000
50490	530744.000000
52173	524556.000000
52272	522290.000000
54648	520862.000000
56430	516668.000000
65736	510000.000000
69102	490000.000000
81576	480000.000000
0	19816000.000000
99	16666000.000000
198	11514000.000000
297	10773000.000000
396	8382000.000000
495	7490000.000000
990	5766000.000000
1287	5760000.000000
1386	5682000.000000
1485	5654000.000000
1584	5636000.000000
1782	5590000.000000
2079	4534000.000000
2178	4194000.000000
2475	4162000.000000
2970	4090000.000000
3267	3935000.000000
3465	3639500.000000
3564	3240000.000000
4356	3214000.000000
4455	3061978.000000
4851	2962000.000000
5346	2925000.000000
5841	2916000.000000
6237	2870000.000000
6732	2652000.000000
6831	2632000.000000
7821	2618000.000000
8316	2598000.000000
8712	2418000.000000
8811	2356000.000000
9405	2295982.000000
9702	2134000.000000
10494	1983988.000000
10692	1954000.000000
10791	1875000.000000
11682	1836776.000000
11979	1815192.000000
12276	1791996.000000
13068	1777000.000000
13167	1715500.000000
13464	1695000.000000
13860	1694982.000000
14553	1694978.000000
14652	1658730.000000
15147	1652500.000000
15246	1569000.000000
15444	1568976.000000
15543	1544000.000000
16137	1496000.000000
16335	1432000.000000
16929	1407982.000000
17721	1403000.000000
17820	1346970.000000
17919	1332500.000000
18117	1286500.000000
18513	1273978.000000
18711	1211990.000000
19206	1176000.000000
19305	1166994.000000
19503	1164994.000000
19701	1083990.000000
19998	1061600.000000
20295	1054400.000000
20394	1033984.000000
20790	942738.000000
22176	937702.000000
22473	922000.000000
22671	902000.000000
22770	884000.000000
23859	866000.000000
24354	847000.000000
24453	829000.000000
24552	828000.000000
24750	809992.000000
25443	792000.000000
25839	790654.000000
25938	748000.000000
28314	729000.000000
29106	719500.000000
29205	718984.000000
29502	714488.000000
29799	705500.000000
29898	692000.000000
30096	691280.000000
30393	677286.000000
30591	675984.000000
30789	670000.000000
30987	657140.000000
31383	634244.000000
31482	598000.000000
32769	588672.000000
33066	578794.000000
33264	571344.000000
33759	568672.000000
34551	556672.000000
35838	547144.000000
36036	539530.000000
36135	539096.000000
36630	532242.000000
37125	516684.000000
37323	510014.000000
37719	505566.000000
38214	498904.000000
38511	487794.000000
38709	485572.000000
38907	485558.000000
39600	483334.000000
39798	483326.000000
39897	136000.000000
40590	130000.000000
40887	127996.000000
42273	122220.000000
42471	121924.000000
42768	120010.000000
42867	118680.000000
43560	112500.000000
44748	106166.000000
45342	88858.000000
46728	87696.000000
49599	86016.000000
49995	82304.000000
55143	78592.000000
56133	78000.000000
58212	73750.000000
59202	73750.000000
59301	61250.000000
61578	55000.000000
0	16610000.000000
99	12894000.000000
198	10984000.000000
297	10562000.000000
396	8692000.000000
495	8366000.000000
594	7502000.000000
693	7490000.000000
792	6593000.000000
1089	5728000.000000
1287	5684000.000000
1386	5682000.000000
1485	5624000.000000
1683	5590000.000000
1881	5589962.000000
1980	4872000.000000
2079	4108000.000000
2178	4010000.000000
2574	4009968.000000
2673	3981472.000000
2772	3677970.000000
3168	3607000.000000
3366	3590000.000000
3762	3254000.000000
3861	3089972.000000
4059	3014000.000000
4158	3000000.000000
4455	2817968.000000
4653	2730000.000000
5049	2659968.000000
6633	2639982.000000
7128	2587648.000000
7326	2568000.000000
7425	2374000.000000
7524	2364000.000000
7722	2346000.000000
8415	2330000.000000
9603	2188000.000000
9702	2182468.000000
9999	2181000.000000
10098	2141000.000000
10296	1914000.000000
10791	1912000.000000
10890	1854000.000000
11682	1800000.000000
13167	1796800.000000
13365	1764000.000000
13563	1707200.000000
14751	1702800.000000
15048	1673720.000000
16533	1650288.000000
16929	1645144.000000
17226	1636662.000000
18909	1627130.000000
19107	1600576.000000
19206	1578288.000000
19800	1560288.000000
20394	1559600.000000
20493	1556000.000000
20592	1544000.000000
20790	1535976.000000
21087	1508000.000000
21483	1488000.000000
21879	1487200.000000
21978	1462800.000000
22176	1456000.000000
22473	1455476.000000
22572	1440400.000000
23562	1435000.000000
24255	1428400.000000
24552	1420000.000000
24651	1362000.000000
24750	1326656.000000
25146	1306446.000000
25740	1303094.000000
26334	1302250.000000
26532	1300000.000000
26928	1259224.000000
27324	1255992.000000
27423	1196000.000000
27621	1193268.000000
28215	1173266.000000
28512	1172800.000000
28611	1171268.000000
28809	1154000.000000
29304	1143982.000000
29502	1128000.000000
29601	1124000.000000
30393	1098000.000000
30492	1089500.000000
30591	1077972.000000
30888	1077970.000000
30987	1077940.000000
31086	1044846.000000
31284	1040572.000000
31680	1038556.000000
31779	1010000.000000
31977	1007546.000000
32076	990000.000000
32373	949000.000000
32670	914000.000000
33066	906000.000000
33264	881980.000000
33561	872000.000000
33957	839148.000000
34551	823142.000000
34749	805996.000000
36234	788850.000000
36531	772270.000000
36630	771704.000000
36927	755702.000000
37323	754000.000000
37917	750000.000000
38016	742000.000000
38709	738000.000000
39204	730008.000000
39699	710000.000000
40194	690000.000000
40986	688432.000000
41778	687144.000000
42372	664144.000000
43065	646572.000000
43560	644000.000000
46233	643540.000000
46629	642618.000000
46926	625084.000000
47223	617278.000000
47619	609694.000000
49005	599000.000000
49203	598328.000000
49698	587000.000000
50193	572000.000000
50787	562000.000000
53064	538000.000000
54351	524000.000000
62865	517200.000000
65241	504800.000000
67617	498800.000000
0	19760000.000000
99	14422000.000000
198	11346000.000000
297	8698000.000000
495	7946000.000000
594	7546000.000000
792	7490000.000000
990	6650000.000000
1089	6044000.000000
1287	5681966.000000
1485	5636000.000000
1683	5590000.000000
1881	5589988.000000
2079	5589952.000000
2277	4770000.000000
2376	4490000.000000
2574	2984976.000000
4158	2941000.000000
4653	2939986.000000
4752	2866000.000000
5643	2814000.000000
5742	2599980.000000
6534	2579976.000000
7227	2386000.000000
7920	2366000.000000
8514	2365982.000000
8613	2257978.000000
9108	2041200.000000
9207	2034000.000000
9900	1841000.000000
9999	1840986.000000
10098	1824980.000000
10395	1823976.000000
10494	1767000.000000
10692	1612000.000000
11187	1572000.000000
11286	1518000.000000
11484	1517984.000000
12573	1382000.000000
13860	1316000.000000
14454	1271500.000000
15444	1206000.000000
15939	1188000.000000
16236	1187996.000000
17028	1172000.000000
17622	1159994.000000
17820	1146000.000000
18018	1141000.000000
18117	1124000.000000
18612	1094600.000000
18810	1062000.000000
19008	996666.000000
19701	994000.000000
20790	958000.000000
20889	956000.000000
21186	950004.000000
21285	933326.000000
21483	905328.000000
22077	894006.000000
22473	890000.000000
22572	888000.000000
22671	882008.000000
22770	848000.000000
23265	844002.000000
23859	842000.000000
23958	838000.000000
24156	835000.000000
24255	832672.000000
24453	831340.000000
24750	826000.000000
24849	804000.000000
24948	780000.000000
25245	760000.000000
26136	754686.000000
26235	750000.000000
26532	740000.000000
27225	730000.000000
27324	720000.000000
27720	698000.000000
27918	680000.000000
28710	676000.000000
28809	660000.000000
30690	652400.000000
30987	650000.000000
31086	642802.000000
32373	626000.000000
32670	610000.000000
33462	605008.000000
33561	600000.000000
33957	590008.000000
34056	580014.000000
34353	580000.000000
34452	557276.000000
34848	557122.000000
34947	552000.000000
35046	548864.000000
35145	539096.000000
35244	530016.000000
36135	527722.000000
36234	520000.000000
37026	500022.000000
37521	495722.000000
38214	494448.000000
39006	490024.000000
41382	490004.000000
41679	490000.000000
42075	486000.000000
42768	480000.000000
42867	480000.000000
43461	478028.000000
43857	470000.000000
50391	470000.000000
50886	460000.000000
53262	450000.000000
53460	440000.000000
58806	430000.000000
86823	420036.000000
87219	420000.000000
0	20030000.000000
99	14806000.000000
198	10966000.000000
297	10910000.000000
396	9102000.000000
495	7490000.000000
594	7489962.000000
792	6136000.000000
891	6104000.000000
1089	5730000.000000
1188	5728000.000000
1485	5616000.000000
1584	4510000.000000
1980	4224000.000000
2277	3890000.000000
3366	3862000.000000
3762	3780000.000000
3861	3661000.000000
4059	3418000.000000
4356	3277000.000000
4653	3271000.000000
5049	3248000.000000
5148	3162000.000000
5247	3148000.000000
5742	3081978.000000
6237	2870000.000000
6435	2862000.000000
6534	2650000.000000
6633	2587000.000000
6831	2550000.000000
7425	2512000.000000
7623	2501684.000000
7722	2466000.000000
7920	2420000.000000
8118	2388000.000000
8316	2311200.000000
8415	2220000.000000
9207	2182000.000000
9702	2159980.000000
9900	2056000.000000
10197	2044000.000000
10296	1954000.000000
10593	1924848.000000
10989	1922718.000000
11583	1895500.000000
11682	1886500.000000
11880	1870000.000000
12078	1774000.000000
12573	1738304.000000
13959	1734000.000000
14652	1676000.000000
15345	1592000.000000
15543	1552800.000000
15840	1549200.000000
16038	1500000.000000
16236	1439000.000000
16434	1421000.000000
16731	1420988.000000
16929	1414000.000000
17028	1393000.000000
17127	1376800.000000
17325	1361988.000000
17424	1343500.000000
17919	1326500.000000
18018	1293000.000000
18216	1289500.000000
18414	1234400.000000
18711	1178000.000000
19206	1160000.000000
19404	1122000.000000
19899	1105986.000000
19998	1074000.000000
20097	1070000.000000
20196	1045990.000000
20394	1042000.000000
20691	1020006.000000
20988	1006668.000000
21186	993334.000000
21681	987500.000000
21879	975334.000000
21978	970668.000000
22176	969500.000000
22275	967500.000000
22374	952668.000000
22473	944000.000000
22671	942500.000000
22770	926000.000000
23166	878000.000000
23859	861664.000000
24156	850000.000000
24651	841994.000000
24849	812998.000000
25344	798000.000000
26136	783000.000000
26334	765004.000000
26829	761600.000000
26928	750000.000000
27126	742000.000000
27225	741114.000000
27423	688006.000000
27522	674800.000000
28413	668400.000000
28512	650000.000000
28809	638000.000000
29502	630000.000000
29799	618000.000000
31185	614000.000000
33165	611716.000000
33264	602000.000000
33462	598288.000000
35145	595000.000000
35541	584572.000000
36234	572864.000000
36432	570000.000000
36630	561432.000000
37521	554000.000000
37818	550000.000000
39105	546004.000000
40590	538002.000000
40986	538000.000000
41085	522000.000000
42273	518000.000000
42372	514000.000000
42966	506000.000000
43164	504292.000000
43758	501432.000000
44550	500000.000000
47421	498000.000000
48312	490000.000000
53460	480000.000000
0	17066000.000000
99	11366000.000000
198	10174000.000000
297	10075000.000000
396	7992000.000000
495	7954000.000000
594	7618000.000000
693	7490000.000000
792	6100000.000000
891	5791060.000000
990	5682000.000000
1089	5636000.000000
1188	5590000.000000
1287	5589964.000000
1485	4782000.000000
2178	4443600.000000
2574	4424966.000000
2673	3814000.000000
2970	3434000.000000
3069	3249200.000000
3366	3247980.000000
3960	3224974.000000
4059	3201000.000000
4455	3076000.000000
4554	2882000.000000
4752	2872950.000000
5148	2824000.000000
5247	2823980.000000
5346	2822000.000000
5445	2732000.000000
5742	2708000.000000
5940	2680000.000000
6039	2656000.000000
6534	2592000.000000
6633	2569968.000000
7425	2504000.000000
7524	2489500.000000
7722	2469500.000000
8019	2424000.000000
8217	2410000.000000
8316	2261982.000000
8613	2236000.000000
8712	2234000.000000
9009	2195968.000000
9108	2119580.000000
9306	2072500.000000
10593	2068762.000000
10692	1976000.000000
10890	1900000.000000
11682	1891974.000000
11880	1884000.000000
11979	1792000.000000
12177	1791982.000000
12573	1774000.000000
12672	1763988.000000
13068	1707000.000000
13167	1689000.000000
14256	1645974.000000
16632	1471000.000000
16830	1382972.000000
17523	1381000.000000
18117	1339000.000000
19701	1333000.000000
19800	1327000.000000
19998	1315000.000000
20097	1299000.000000
20394	1257000.000000
20691	1243000.000000
22176	1219114.000000
22275	1218254.000000
22968	1120000.000000
23463	1108000.000000
23859	1067996.000000
23958	1018000.000000
25542	1001994.000000
27027	984000.000000
27324	978000.000000
27621	962384.000000
28116	955600.000000
29007	943400.000000
29106	915800.000000
30096	912000.000000
30393	897800.000000
30987	897800.000000
31482	878500.000000
31779	870000.000000
32274	845500.000000
33066	840000.000000
33165	832000.000000
33462	820000.000000
33957	802000.000000
34452	798000.000000
37719	788000.000000
38709	774000.000000
39006	771974.000000
39501	764000.000000
41283	744000.000000
42174	735000.000000
43560	721000.000000
43857	710000.000000
43956	709976.000000
44253	656652.000000
45837	649970.000000
46431	637000.000000
46728	623000.000000
47124	614800.000000
47223	614000.000000
48312	593994.000000
48906	585660.000000
50193	581428.000000
50589	577656.000000
52074	568992.000000
58113	566228.000000
58311	560000.000000
63360	554680.000000
63657	546678.000000
67419	540000.000000
68013	536012.000000
69102	527000.000000
70983	522008.000000
72864	520018.000000
77121	508672.000000
84051	503336.000000
89100	498680.000000
0	19742000.000000
99	15090000.000000
198	9390000.000000
396	9082000.000000
495	7490000.000000
594	6973000.000000
792	6581000.000000
891	5728000.000000
990	5636000.000000
1188	5590000.000000
1683	4385000.000000
2178	3692500.000000
2376	3687000.000000
2475	3268000.000000
2574	3242000.000000
2673	3211600.000000
2871	3076000.000000
3168	2927976.000000
3267	2918000.000000
3366	2914000.000000
3564	2849000.000000
3762	2831000.000000
3861	2675500.000000
4356	2603316.000000
4653	2599500.000000
4752	2593314.000000
4950	2580000.000000
5643	2376000.000000
9900	2358000.000000
11088	2338000.000000
11385	2337982.000000
11484	2320000.000000
11682	2287396.000000
11880	2227680.000000
12474	2223800.000000
13662	2220000.000000
14058	2167792.000000
14157	2085084.000000
14256	2077750.000000
16335	2067304.000000
16533	2051978.000000
17523	1951200.000000
17721	1933200.000000
18216	1837000.000000
19008	1819000.000000
19701	1815000.000000
20097	1805000.000000
20295	1797000.000000
20493	1749000.000000
21087	1693000.000000
21186	1680000.000000
21879	1679000.000000
22572	1677984.000000
23562	1660000.000000
23760	1659980.000000
24453	1658000.000000
25047	1648978.000000
25245	1644000.000000
25344	1629800.000000
25641	1598000.000000
26235	1412000.000000
26532	1394000.000000
27819	1328000.000000
29799	1321708.000000
29898	1287500.000000
29997	1271968.000000
30591	1266000.000000
31086	1265974.000000
31482	1264538.000000
31977	1096000.000000
32373	1080000.000000
34749	1070000.000000
35541	1056000.000000
36036	1050000.000000
38412	1049170.000000
38907	1044900.000000
39204	1044500.000000
39303	972000.000000
40293	956000.000000
40491	943650.000000
41085	941984.000000
41283	927984.000000
41580	901974.000000
41778	888000.000000
41976	759324.000000
43065	745000.000000
43659	725200.000000
44847	697522.000000
45540	689000.000000
46134	661000.000000
47025	658000.000000
47718	652000.000000
48213	618000.000000
49203	611000.000000
50589	603760.000000
51480	602700.000000
53262	601500.000000
54153	596000.000000
54252	593000.000000
55440	580000.000000
56232	570012.000000
56628	558132.000000
56925	550010.000000
58509	540000.000000
65142	530000.000000
70686	520000.000000
78903	520000.000000
79695	500000.000000
0	19696000.000000
99	15739000.000000
198	11376000.000000
297	9605088.000000
396	9010000.000000
495	7638000.000000
594	7546000.000000
693	7545974.000000
792	7039000.000000
1386	5698000.000000
1584	5682000.000000
2079	5636000.000000
2376	5590000.000000
2475	5589984.000000
2574	4182000.000000
2772	4155978.000000
3069	3462000.000000
3465	3418000.000000
3564	3360000.000000
3861	3221000.000000
4257	3143976.000000
4356	3048000.000000
4752	3030000.000000
5049	2953500.000000
5148	2932500.000000
5544	2505000.000000
5841	2437982.000000
6138	2412000.000000
6633	2338528.000000
6930	2328000.000000
7029	2292520.000000
7425	2201600.000000
8613	2140000.000000
8811	2060974.000000
9405	1844000.000000
9900	1795322.000000
10098	1785000.000000
10395	1678000.000000
11088	1677984.000000
11187	1554000.000000
11583	1546000.000000
12474	1460256.000000
13068	1452000.000000
14850	1435600.000000
16236	1347000.000000
16434	1346978.000000
16533	1334000.000000
16632	1319980.000000
17622	1300000.000000
18414	1151168.000000
20493	1140400.000000
20889	1127578.000000
21186	1109982.000000
21384	1103970.000000
22176	979332.000000
23463	978662.000000
23760	959658.000000
23958	940654.000000
24849	927660.000000
25047	911324.000000
25245	885000.000000
25443	846000.000000
28215	830000.000000
28512	826000.000000
31086	815800.000000
31581	794000.000000
32076	783598.000000
32175	762000.000000
32571	746000.000000
33462	731986.000000
33660	716000.000000
34551	697000.000000
34848	696988.000000
35640	690008.000000
35838	690000.000000
36135	689998.000000
36531	672500.000000
37026	672486.000000
37224	661500.000000
38511	648000.000000
39105	645500.000000
40095	636988.000000
41184	584000.000000
44352	583000.000000
44550	570710.000000
45144	570000.000000
46629	563102.000000
49005	538578.000000
49599	527200.000000
53955	515800.000000
55440	506000.000000
57123	497108.000000
57915	492580.000000
58113	488724.000000
58509	479050.000000
84249	473094.000000
86130	472070.000000
0	10173744.000000
297	10166478.000000
396	9175088.000000
495	7546000.000000
693	7490000.000000
891	6400000.000000
1089	5806000.000000
1188	5727972.000000
1287	5683000.000000
1584	5682000.000000
1683	5622000.000000
2376	5589962.000000
2574	4184000.000000
2970	4166000.000000
3069	3917000.000000
3465	3509978.000000
3564	3320000.000000
3861	3233000.000000
4059	3054000.000000
4158	2919980.000000
4356	2875992.000000
4752	2804000.000000
6039	2775974.000000
6237	2672984.000000
6732	2663296.000000
8019	2656000.000000
8217	2648258.000000
8613	2626000.000000
9801	2561000.000000
10890	2560974.000000
11088	2542984.000000
11187	2406000.000000
11385	2397000.000000
11583	2228000.000000
12177	2226000.000000
12672	2225972.000000
12771	2117000.000000
13266	2088000.000000
13563	2073000.000000
13860	2004000.000000
13959	1968000.000000
14355	1967990.000000
14553	1942000.000000
14751	1859966.000000
14949	1812924.000000
15246	1811756.000000
15345	1785990.000000
15444	1769398.000000
15939	1732000.000000
16137	1727000.000000
16236	1703326.000000
16335	1691990.000000
16632	1671058.000000
16731	1630000.000000
16929	1629992.000000
17028	1579990.000000
17127	1544000.000000
17226	1521000.000000
18315	1484982.000000
19305	1452000.000000
19701	1445000.000000
20493	1444988.000000
20691	1422000.000000
21582	1409000.000000
22077	1363244.000000
22374	1350122.000000
23760	1349988.000000
23958	1345600.000000
24057	1298000.000000
24354	1270800.000000
24849	1267200.000000
25146	1260392.000000
25443	1256800.000000
25542	1241990.000000
26136	1202800.000000
26532	1176000.000000
26829	1167000.000000
27126	1158000.000000
27522	1135316.000000
27918	1077988.000000
28512	1048124.000000
28710	1030000.000000
28908	1017996.000000
29007	1005000.000000
29403	984600.000000
29799	975900.000000
30195	953614.000000
30294	944940.000000
30789	931998.000000
30987	917996.000000
31383	914600.000000
31482	874118.000000
32373	863368.000000
32670	828582.000000
32967	796000.000000
33264	779004.000000
33363	779000.000000
33462	776000.000000
33561	755992.000000
34452	753002.000000
34749	747684.000000
35046	732144.000000
35244	723834.000000
35838	690760.000000
36432	690758.000000
36531	674974.000000
36729	639000.000000
37125	638566.000000
37224	588004.000000
37818	587146.000000
38214	570000.000000
40788	567336.000000
41778	556002.000000
41877	549334.000000
44748	549000.000000
45738	535804.000000
47223	534230.000000
47619	525458.000000
49302	521822.000000
49995	511824.000000
52569	498370.000000
60588	496708.000000
0	10204740.000000
297	9060000.000000
396	7546000.000000
495	7502000.000000
891	7490000.000000
990	6594000.000000
1089	5752000.000000
1386	5726000.000000
1782	5635994.000000
1980	5589966.000000
2178	5180000.000000
2376	4880000.000000
2871	4346000.000000
3168	4276000.000000
3366	3938000.000000
3564	3903750.000000
3663	3625000.000000
3762	3597000.000000
4158	3462000.000000
4356	3446000.000000
4554	3429972.000000
4653	3424000.000000
4752	3394000.000000
4851	3273000.000000
5148	3102000.000000
5742	2912000.000000
5841	2855000.000000
5940	2850000.000000
7227	2848000.000000
7326	2803000.000000
7821	2594800.000000
8118	2564590.000000
8514	2527970.000000
8910	2525046.000000
9108	2280800.000000
10395	2113000.000000
10593	2085000.000000
10890	2066000.000000
11088	2055000.000000
11385	2051000.000000
11880	2030000.000000
12375	1944000.000000
12771	1926000.000000
12969	1870500.000000
13563	1836500.000000
13959	1807982.000000
14553	1798552.000000
14652	1742000.000000
14751	1730000.000000
15246	1708000.000000
15444	1682000.000000
15543	1677000.000000
15642	1666000.000000
15939	1636846.000000
16335	1622000.000000
16434	1620000.000000
16830	1550000.000000
17523	1490000.000000
18315	1488000.000000
18513	1432500.000000
19008	1400000.000000
19206	1388000.000000
19503	1364000.000000
19800	1276516.000000
19998	1269820.000000
20097	1245600.000000
20394	1242400.000000
20790	1227200.000000
20988	1227080.000000
21186	1194904.000000
21384	1187312.000000
21483	1179442.000000
21879	1176528.000000
21978	1156796.000000
22275	1142866.000000
22374	1142796.000000
22968	1135720.000000
23067	1115152.000000
23562	1105138.000000
23859	1084996.000000
24453	1070000.000000
24948	1060000.000000
25047	1050000.000000
25146	1045000.000000
25245	1037500.000000
25344	1035000.000000
25443	1034598.000000
25641	1019992.000000
25839	1011992.000000
26037	1003262.000000
26136	992000.000000
26829	986000.000000
26928	982000.000000
27027	947498.000000
27324	939832.000000
27819	928892.000000
27918	922530.000000
28116	916168.000000
28413	906168.000000
29007	906166.000000
29106	900896.000000
29403	858656.000000
30294	849988.000000
30591	828000.000000
31482	824668.000000
31779	779990.000000
31878	713336.000000
32868	703334.000000
33660	692000.000000
33759	688200.000000
33957	688196.000000
34155	663990.000000
34254	653428.000000
34353	629330.000000
34848	629112.000000
35046	620220.000000
35145	620000.000000
35937	618500.000000
36036	601194.000000
37026	585138.000000
37917	578000.000000
38511	573000.000000
38907	564000.000000
39897	555000.000000
41778	554662.000000
43758	554220.000000
47619	545104.000000
49599	542984.000000
50787	542000.000000
52173	540000.000000
52371	539302.000000
52767	537500.000000
53262	532438.000000
53955	532000.000000
54153	527788.000000
54846	525500.000000
55440	520858.000000
57816	519780.000000
58212	518750.000000
59202	518706.000000
63261	512386.000000
65142	508714.000000
65934	506558.000000
66033	503556.000000
66528	502458.000000
67617	494576.000000
75240	491148.000000
80586	488864.000000
0	19408000.000000
99	13190000.000000
198	11366000.000000
297	9400000.000000
396	8270000.000000
594	7068000.000000
693	6996000.000000
1089	5802000.000000
1188	5682002.000000
1386	5662000.000000
1485	5622000.000000
2079	5590000.000000
2376	4938000.000000
2475	4924000.000000
2574	4510000.000000
2871	4490000.000000
2970	4276000.000000
3069	4266000.000000
3366	4174000.000000
3564	4107974.000000
3960	4027000.000000
4059	3992000.000000
4257	3985000.000000
4455	3934966.000000
4653	3774000.000000
4851	3756000.000000
4950	3103576.000000
5544	3057600.000000
5940	3057576.000000
6831	3006800.000000
7326	3006774.000000
7524	2966000.000000
7920	2938000.000000
8316	2879980.000000
9108	2850500.000000
9900	2806000.000000
10098	2805500.000000
10296	2737980.000000
10395	2664000.000000
10692	2610000.000000
10890	2608000.000000
11385	2450000.000000
11979	2404000.000000
12078	2394000.000000
12276	2314000.000000
12375	2184000.000000
13365	2170000.000000
13464	2148000.000000
14058	2118500.000000
14157	2050000.000000
14355	2036000.000000
14553	1897250.000000
14850	1843000.000000
15147	1837500.000000
15345	1801988.000000
15444	1746000.000000
15741	1745984.000000
16533	1730000.000000
16632	1674000.000000
17325	1670000.000000
18117	1669980.000000
18216	1624000.000000
18612	1616000.000000
18810	1576000.000000
19008	1539996.000000
19107	1519992.000000
19602	1504000.000000
19701	1503120.000000
19998	1497200.000000
20097	1493324.000000
20196	1486656.000000
20394	1460000.000000
20493	1408550.000000
20691	1399000.000000
21285	1372000.000000
21681	1345000.000000
22770	1266000.000000
23562	1220000.000000
24354	1201992.000000
24552	1188000.000000
24849	1168000.000000
25740	1156000.000000
25839	1136000.000000
27423	1119000.000000
28215	1095000.000000
28512	1080000.000000
28611	1075750.000000
28809	1068000.000000
29403	1039174.000000
30195	954000.000000
30492	908600.000000
30591	898000.000000
30690	866000.000000
30789	862000.000000
31185	861984.000000
31482	829982.000000
32076	822228.000000
32274	819316.000000
32967	800000.000000
34155	794000.000000
34254	793994.000000
35145	789988.000000
36630	764000.000000
37422	744000.000000
38115	738000.000000
38412	711326.000000
40095	710000.000000
40887	651102.000000
41283	641000.000000
41778	638268.000000
41877	625446.000000
42075	599858.000000
43659	598904.000000
44055	597500.000000
44253	585666.000000
45738	580000.000000
45936	575000.000000
47817	570500.000000
48114	557332.000000
48510	550666.000000
48609	535000.000000
48708	510000.000000
50490	490000.000000
61479	480000.000000
63855	476000.000000
74646	474500.000000
81774	470668.000000
84150	465668.000000
0	19006000.000000
99	13256000.000000
198	12558000.000000
297	9393750.000000
396	9010000.000000
495	7546000.000000
594	7490000.000000
1188	5746000.000000
1386	5728000.000000
1485	5682000.000000
1584	5681966.000000
1683	5635966.000000
2079	5590000.000000
2277	4257000.000000
2574	4239000.000000
2673	4238000.000000
2772	4126000.000000
2871	4102000.000000
3267	4065974.000000
3465	4053974.000000
3663	3639982.000000
4158	3527984.000000
4356	3450000.000000
4851	3403972.000000
4950	3401976.000000
5445	3383976.000000
5841	3379968.000000
6039	3219000.000000
6237	2989000.000000
6930	2943000.000000
7227	2857314.000000
7425	2856644.000000
8316	2740000.000000
8811	2739984.000000
9207	2693982.000000
9504	2658000.000000
9801	2636000.000000
10395	2610000.000000
10593	2609972.000000
10692	2385986.000000
11385	2370000.000000
11583	2352000.000000
11781	2323986.000000
12177	2322000.000000
12375	2274000.000000
12573	2228000.000000
13464	2214000.000000
13761	2207982.000000
13860	2200000.000000
14058	2192000.000000
14157	2180658.000000
14355	2162658.000000
15147	2102988.000000
15444	2102000.000000
15543	2081976.000000
16137	2080980.000000
16236	2074978.000000
16335	2056000.000000
16632	2016000.000000
16830	1945984.000000
17523	1928000.000000
17622	1927318.000000
17721	1865000.000000
17820	1828980.000000
18018	1781986.000000
18216	1781980.000000
18315	1766000.000000
18414	1761982.000000
18612	1746000.000000
18810	1726000.000000
19701	1658000.000000
19998	1640000.000000
20097	1617500.000000
20592	1616500.000000
20988	1599500.000000
21087	1595600.000000
21186	1556000.000000
21978	1547336.000000
22176	1536000.000000
22275	1529428.000000
22374	1515430.000000
22968	1514000.000000
23364	1470000.000000
23958	1430984.000000
24057	1415600.000000
24750	1415584.000000
24849	1415200.000000
24948	1388800.000000
25047	1387972.000000
25344	1386000.000000
25542	1350152.000000
25740	1330842.000000
26037	1328844.000000
26136	1309982.000000
26235	1303254.000000
26334	1299600.000000
26532	1289400.000000
26829	1257992.000000
26928	1192000.000000
27225	1176000.000000
27423	1172000.000000
27621	1157986.000000
28215	1143990.000000
28611	1130000.000000
28908	1123984.000000
29007	1123118.000000
29502	1051200.000000
29799	1044000.000000
30294	1036600.000000
30888	1030862.000000
31086	1017600.000000
31185	1016738.000000
31383	995200.000000
32175	979600.000000
32274	976994.000000
32472	933984.000000
33066	930000.000000
33264	923000.000000
33759	898002.000000
34155	896000.000000
34254	887202.000000
34452	871082.000000
34749	870856.000000
34848	857712.000000
35145	850856.000000
35640	848360.000000
36234	834360.000000
36333	818000.000000
36432	783706.000000
36630	760000.000000
36927	759424.000000
37026	756000.000000
37323	749994.000000
37620	742664.000000
37917	734888.000000
38511	734284.000000
39699	729428.000000
40392	724572.000000
41283	719240.000000
42174	715428.000000
42372	694818.000000
43164	690328.000000
43263	690002.000000
46134	672668.000000
47322	645004.000000
48510	611502.000000
48708	611208.000000
50490	610398.000000
51084	606000.000000
51678	602000.000000
52569	598288.000000
53361	593002.000000
54450	593000.000000
55737	580010.000000
57915	575008.000000
59697	568004.000000
61380	568000.000000
61776	567744.000000
64746	562004.000000
66132	554000.000000
69003	550010.000000
69795	546004.000000
71577	538000.000000
74151	526006.000000
77913	521208.000000
82368	521200.000000
87813	518000.000000
89991	496672.000000
0	10191300.000000
198	10187940.000000
396	9056000.000000
495	8696000.000000
594	7638000.000000
693	7546000.000000
792	7490000.000000
1188	7489964.000000
1386	6643000.000000
1584	6638000.000000
1683	5728000.000000
2079	5636000.000000
2475	5635934.000000
2673	5590000.000000
2871	5589966.000000
3069	5589932.000000
3267	5063000.000000
3465	4357164.000000
3564	3890000.000000
3861	3788000.000000
3960	3735974.000000
4059	3638000.000000
4158	3346000.000000
4653	3197304.000000
4752	3004774.000000
4950	2785500.000000
5346	2680000.000000
5643	2473000.000000
5940	2462988.000000
6138	2417500.000000
6336	2363000.000000
6435	2362980.000000
6534	2362976.000000
6633	2323956.000000
6732	2307000.000000
6831	2293980.000000
6930	2247572.000000
7128	2190000.000000
7524	2184000.000000
7722	2178000.000000
7821	2165978.000000
7920	2098000.000000
8811	1834000.000000
9108	1824000.000000
9405	1822000.000000
9504	1820000.000000
9702	1803000.000000
9801	1786000.000000
10296	1740000.000000
10395	1722000.000000
10494	1704000.000000
10593	1694000.000000
10692	1692000.000000
10791	1688000.000000
10890	1580000.000000
10989	1500000.000000
11187	1481974.000000
11286	1481972.000000
11682	1369200.000000
13662	1313998.000000
13959	1292986.000000
14058	1235992.000000
15444	1226840.000000
16335	1211770.000000
16533	1199326.000000
16731	1196650.000000
16830	1192422.000000
17127	1168458.000000
17226	1083500.000000
17424	1052000.000000
18315	1042000.000000
18612	1035500.000000
18810	1020500.000000
18909	1011980.000000
19008	1004000.000000
19305	981984.000000
19404	958002.000000
19701	937200.000000
19998	900000.000000
20196	875000.000000
20295	874004.000000
20394	868002.000000
20691	858530.000000
21681	830348.000000
21978	810000.000000
22374	793600.000000
22473	790800.000000
22671	784000.000000
23265	767600.000000
24453	716652.000000
26928	699982.000000
27522	699974.000000
28017	674002.000000
28413	651998.000000
28512	647998.000000
29997	637000.000000
30393	610000.000000
32571	597334.000000
32670	597332.000000
33165	580000.000000
34650	579332.000000
34749	560000.000000
34848	558000.000000
34947	546000.000000
35343	530000.000000
36135	528000.000000
37521	511500.000000
40095	508000.000000
40491	499000.000000
41283	488010.000000
43560	475000.000000
44649	163200.000000
49302	151200.000000
71676	150000.000000
79596	135400.000000
83259	131200.000000
88803	117600.000000
0	19706000.000000
99	14728000.000000
198	11776000.000000
297	10966000.000000
396	7574000.000000
594	7546000.000000
693	6390000.000000
891	5682000.000000
1089	5681990.000000
1188	5616000.000000
1287	5590000.000000
1584	4855200.000000
1881	4040000.000000
2079	3866000.000000
2277	3300000.000000
2475	3271000.000000
2574	3016000.000000
2871	2880000.000000
2970	2599954.000000
3861	2398000.000000
4158	2267500.000000
5049	2226000.000000
5346	2081000.000000
5544	2080000.000000
5643	2019000.000000
6138	2007600.000000
6435	1872000.000000
7029	1823112.000000
7128	1709980.000000
7326	1709500.000000
7425	1685000.000000
7524	1564000.000000
8316	1563976.000000
8415	1546000.000000
8712	1532000.000000
8811	1528000.000000
9207	1514000.000000
9306	1513972.000000
9702	1485992.000000
9801	1478000.000000
9900	1453984.000000
10296	1453980.000000
10494	1436000.000000
10692	1335954.000000
11187	1312000.000000
11286	1286000.000000
12276	1183000.000000
12870	1165000.000000
14157	1164000.000000
14652	1156000.000000
14751	1154000.000000
14850	1146000.000000
15345	1136000.000000
15741	1084000.000000
16731	1080000.000000
17226	1078000.000000
17424	1064000.000000
17622	1047000.000000
17721	1039500.000000
18018	999984.000000
18117	975000.000000
18612	968000.000000
19404	943000.000000
19503	918000.000000
22770	894328.000000
22968	891000.000000
23364	890970.000000
23661	880636.000000
24354	877636.000000
24849	825508.000000
25146	750000.000000
25344	740000.000000
25938	710000.000000
26829	702000.000000
27423	667600.000000
28809	652220.000000
29898	646000.000000
30591	641326.000000
31482	633600.000000
31779	613996.000000
33066	613992.000000
34056	610666.000000
36432	600000.000000
37026	555000.000000
37620	547000.000000
38115	532000.000000
40590	531000.000000
41085	530016.000000
41382	525560.000000
41679	522852.000000
45243	514000.000000
45342	511400.000000
50787	509432.000000
52371	508992.000000
55737	504288.000000
59598	500002.000000
69498	493996.000000
77517	488854.000000
83952	157818.000000
0	10167150.000000
495	9391000.000000
594	7490000.000000
891	7489960.000000
990	6594000.000000
1089	5826000.000000
1188	5714000.000000
1386	5606000.000000
1782	5590000.000000
1980	5589964.000000
2277	3597000.000000
2673	3596972.000000
2772	3453972.000000
2871	3313978.000000
3069	3313952.000000
3267	3310974.000000
3366	3249500.000000
3465	3210324.000000
3564	3202000.000000
3861	3032766.000000
3960	3012000.000000
4059	2915000.000000
4554	2832000.000000
4950	2826000.000000
5049	2782000.000000
5148	2780000.000000
5346	2766000.000000
5940	2599966.000000
6237	2478000.000000
6534	2467000.000000
6633	2456970.000000
6831	2396000.000000
7227	2388000.000000
7425	2374500.000000
7623	2346000.000000
8118	2253000.000000
8316	2219052.000000
8514	2194000.000000
8613	2161974.000000
8712	2161954.000000
8811	2083000.000000
9108	2049984.000000
9702	1970000.000000
9900	1962000.000000
9999	1912000.000000
10197	1908000.000000
10791	1824000.000000
11088	1751000.000000
11187	1746000.000000
11286	1672000.000000
11583	1670000.000000
11979	1643970.000000
12573	1637974.000000
12771	1598000.000000
13068	1597982.000000
13167	1597960.000000
13464	1595980.000000
13563	1579980.000000
14355	1550000.000000
14553	1534000.000000
14652	1524000.000000
15246	1479802.000000
15741	1465256.000000
16137	1451500.000000
16236	1438000.000000
16830	1412000.000000
16929	1351822.000000
17226	1330410.000000
17721	1324912.000000
18018	1314650.000000
18612	1278466.000000
18909	1273486.000000
19008	1271488.000000
19503	1264500.000000
19602	1257602.000000
19899	1176740.000000
20196	1153304.000000
22176	1149426.000000
22671	1076052.000000
22770	1075206.000000
23760	1073258.000000
23859	1065396.000000
24156	1046960.000000
26136	1032000.000000
27225	1009500.000000
27720	1002786.000000
28710	982516.000000
30393	979000.000000
30888	960000.000000
31680	937986.000000
31878	896000.000000
32868	860000.000000
34947	856000.000000
35046	826000.000000
35541	806000.000000
36333	792000.000000
36729	774000.000000
37323	764000.000000
37620	760000.000000
39798	759982.000000
39897	728000.000000
40689	726000.000000
42867	724000.000000
43362	715574.000000
43956	715500.000000
44055	677234.000000
44946	668296.000000
45936	662386.000000
46530	655336.000000
47421	644474.000000
47817	643904.000000
49401	635326.000000
49797	624544.000000
49995	616920.000000
50490	616672.000000
50589	597324.000000
50688	589092.000000
55638	583322.000000
55737	564596.000000
56628	545264.000000
57420	542872.000000
57915	536468.000000
58014	536100.000000
59400	526460.000000
63756	516400.000000
81081	513200.000000
87021	497200.000000
0	10131492.000000
297	9456000.000000
495	8412000.000000
594	7546000.000000
693	7506000.000000
792	7489976.000000
1287	5682000.000000
1881	5636000.000000
2079	5592000.000000
2376	5590000.000000
2574	5589960.000000
2673	4572000.000000
2871	4569968.000000
2970	4454000.000000
3267	4386000.000000
3465	3972000.000000
3960	3939000.000000
4059	3838000.000000
4158	3779000.000000
4257	3726000.000000
4554	3270000.000000
4752	3184000.000000
4950	3183990.000000
5445	3153982.000000
5643	3018000.000000
6039	2986000.000000
6138	2938000.000000
6732	2920000.000000
7326	2750970.000000
8118	2683976.000000
8910	2680000.000000
9009	2667972.000000
9306	2657972.000000
9603	2620000.000000
9900	2614000.000000
9999	2331000.000000
10494	2300400.000000
10593	2285000.000000
11286	2284980.000000
12078	2251980.000000
12177	2238000.000000
12573	2135750.000000
12672	2105500.000000
12771	2091476.000000
13167	1878000.000000
13563	1859200.000000
14058	1826000.000000
14850	1787980.000000
15345	1774988.000000
15642	1756000.000000
15840	1747316.000000
15939	1738986.000000
16038	1711000.000000
16137	1710982.000000
16434	1710000.000000
16533	1558000.000000
16830	1538000.000000
17028	1520400.000000
17424	1519314.000000
17523	1500800.000000
18909	1500794.000000
19107	1494000.000000
19404	1493986.000000
20196	1452500.000000
20790	1452494.000000
21285	1446800.000000
21978	1433500.000000
22077	1431600.000000
22176	1390800.000000
22572	1381984.000000
23067	1314000.000000
23265	1298000.000000
24948	1277980.000000
25146	1262966.000000
26334	1244000.000000
26928	1207000.000000
27423	1194000.000000
27819	1187998.000000
27918	1180000.000000
28314	1178000.000000
28809	1156000.000000
29502	1148250.000000
29700	1084000.000000
30195	1064160.000000
30492	1031876.000000
30690	1018000.000000
31185	986000.000000
31284	948500.000000
31482	948000.000000
31779	909990.000000
31878	908656.000000
32274	905500.000000
32373	904004.000000
32571	853480.000000
33462	838000.000000
33561	833500.000000
33858	822500.000000
34353	766000.000000
35343	718000.000000
35838	698000.000000
36531	685970.000000
36729	663600.000000
37224	659600.000000
37917	658000.000000
38412	654000.000000
38511	643000.000000
38709	620780.000000
39303	620000.000000
39798	616162.000000
41085	610500.000000
41877	598750.000000
45540	590000.000000
45738	576000.000000
46134	569506.000000
49104	565000.000000
51876	559780.000000
57420	548500.000000
58014	528936.000000
59400	526272.000000
63063	518340.000000
0	17086000.000000
99	15136000.000000
198	11352000.000000
297	11290000.000000
396	9056000.000000
495	7546000.000000
693	7490000.000000
1089	7489966.000000
1287	5728000.000000
1386	5727980.000000
1485	5727972.000000
1584	5682000.000000
1683	5681978.000000
1782	5636000.000000
2178	5635966.000000
2277	5590000.000000
2376	4047000.000000
2574	4046966.000000
2673	4010000.000000
2772	3936000.000000
2871	3628000.000000
2970	3506000.000000
3267	3482000.000000
3366	3054000.000000
3762	2962400.000000
3960	2900000.000000
4356	2776776.000000
4554	2716978.000000
4653	2552000.000000
4950	2453000.000000
5445	2452970.000000
5544	2274000.000000
5841	2258000.000000
5940	2233982.000000
6138	2206000.000000
6534	2202000.000000
6633	1984000.000000
7227	1930000.000000
7425	1904000.000000
7524	1874000.000000
7722	1860000.000000
7821	1840000.000000
7920	1806000.000000
8019	1781000.000000
8217	1752000.000000
8712	1733000.000000
9207	1670972.000000
10296	1638000.000000
10395	1566000.000000
10692	1565972.000000
10791	1548000.000000
11187	1526000.000000
11484	1467500.000000
12573	1431000.000000
13959	1424500.000000
14157	1405500.000000
14652	1357000.000000
15345	1344000.000000
15543	1337988.000000
15642	1214000.000000
16731	1168000.000000
16830	1136000.000000
16929	1119200.000000
17523	1059200.000000
17721	1050000.000000
17919	971200.000000
18117	898000.000000
18216	882000.000000
18315	881500.000000
18513	848000.000000
18909	827534.000000
19008	826000.000000
19602	816000.000000
19701	812000.000000
19998	792000.000000
20097	742644.000000
20790	736000.000000
20988	724500.000000
21681	722000.000000
21780	708750.000000
21879	688250.000000
22176	659762.000000
23463	647000.000000
23859	633970.000000
24552	630000.000000
25245	626000.000000
25542	616674.000000
25938	600262.000000
26037	588752.000000
26136	574770.000000
26433	564004.000000
27027	550518.000000
27621	549388.000000
28809	548468.000000
29502	543334.000000
30591	540668.000000
33264	531264.000000
33363	530002.000000
33759	518660.000000
34353	513750.000000
34650	504340.000000
34848	498438.000000
34947	491672.000000
36036	479176.000000
43659	475846.000000
44748	469052.000000
49401	465242.000000
49599	460482.000000
60489	459428.000000
0	19434000.000000
99	16230000.000000
198	11939000.000000
297	9120000.000000
495	8408000.000000
594	7660546.000000
693	7502000.000000
792	7489966.000000
1287	6684000.000000
1386	5682000.000000
1584	5681942.000000
1683	5648000.000000
2079	5590000.000000
2475	5589964.000000
2871	4915000.000000
2970	4707970.000000
3168	4286000.000000
3267	4285976.000000
3366	4228000.000000
3465	4204000.000000
3564	4164000.000000
3861	4128000.000000
4059	4110000.000000
4158	3442000.000000
4257	3410000.000000
4455	3402000.000000
4752	3398000.000000
4851	3271000.000000
4950	3251000.000000
5049	3176000.000000
5148	3132000.000000
5346	3121984.000000
5643	3056000.000000
6534	3022000.000000
6633	2895978.000000
7029	2892000.000000
7128	2792800.000000
7425	2792400.000000
7623	2600000.000000
8118	2454000.000000
8415	2444000.000000
8514	2408000.000000
8910	2398000.000000
9009	2264564.000000
9306	2173600.000000
9504	2169200.000000
9603	2105584.000000
10197	2013990.000000
10395	1966000.000000
10890	1946000.000000
10989	1866000.000000
11088	1836000.000000
11187	1828972.000000
11484	1763972.000000
11583	1749972.000000
11880	1744000.000000
11979	1742000.000000
12276	1594000.000000
12672	1573000.000000
12771	1400000.000000
12870	1399986.000000
13068	1379000.000000
13266	1367000.000000
13662	1340000.000000
13761	1320000.000000
13860	1294000.000000
14454	1258372.000000
14751	1232850.000000
15048	1210880.000000
15147	1140640.000000
15345	1017428.000000
16533	1002000.000000
16830	984000.000000
17226	983000.000000
17424	966000.000000
17523	965004.000000
17622	947000.000000
17919	888400.000000
18018	883200.000000
18513	874200.000000
18909	874000.000000
19107	868588.000000
19206	863500.000000
19404	845992.000000
19602	832370.000000
19701	832358.000000
19998	819106.000000
20196	802986.000000
20493	762750.000000
21087	760488.000000
21186	756000.000000
21384	753986.000000
21681	738000.000000
22176	720000.000000
22572	716800.000000
23166	712000.000000
23463	701992.000000
23760	687328.000000
24057	678666.000000
24156	677682.000000
24255	673350.000000
24453	669338.000000
24651	656672.000000
24849	640000.000000
25047	639998.000000
25344	633344.000000
26136	625234.000000
26334	619984.000000
26433	602228.000000
26730	596672.000000
26829	590004.000000
27027	567148.000000
27225	566940.000000
27522	566872.000000
27621	550000.000000
27819	547598.000000
28116	545392.000000
28512	540608.000000
28710	537288.000000
28908	527658.000000
29007	526384.000000
29205	524560.000000
29403	517070.000000
29601	510034.000000
29898	503346.000000
29997	501676.000000
30096	495016.000000
30294	495010.000000
30591	490020.000000
30690	487150.000000
31680	481556.000000
31977	477160.000000
33957	475740.000000
34254	474720.000000
35937	473178.000000
36135	470000.000000
39105	465000.000000
39600	462000.000000
39798	456172.000000
41778	452232.000000
42174	451446.000000
44253	450030.000000
44352	450016.000000
44550	443600.000000
46530	443086.000000
46926	433292.000000
55143	432880.000000
55341	432246.000000
57321	430000.000000
58707	420000.000000
0	10188444.000000
396	9482000.000000
495	8522000.000000
594	7546000.000000
792	6054000.000000
891	5724856.000000
1089	5683298.000000
1188	5590000.000000
1980	5060000.000000
2673	4453000.000000
2970	3991000.000000
3564	3955970.000000
3861	3782000.000000
4356	3773970.000000
4455	3750000.000000
4554	3706000.000000
4653	3386000.000000
4851	3351972.000000
5346	3320000.000000
5742	3309964.000000
5841	3184000.000000
6039	3112000.000000
6237	3066000.000000
6534	3044000.000000
6831	3006000.000000
7029	2960000.000000
7821	2778000.000000
8514	2762000.000000
8811	2742000.000000
9108	2706000.000000
9801	2696000.000000
10296	2686000.000000
10395	2682000.000000
10494	2614000.000000
10692	2609398.000000
11682	2604254.000000
11781	2569396.000000
12078	2512000.000000
12177	2411978.000000
12771	2396000.000000
13068	2368000.000000
13365	2310000.000000
14058	2279000.000000
14355	2207600.000000
14454	2202000.000000
15147	2145000.000000
15543	2108000.000000
15741	2097488.000000
15939	1891500.000000
16236	1822000.000000
17028	1766666.000000
17127	1752666.000000
18711	1738000.000000
19008	1676000.000000
19404	1639000.000000
20493	1639000.000000
20988	1594000.000000
21582	1564000.000000
22176	1546000.000000
22572	1538000.000000
23067	1520000.000000
23265	1512000.000000
23562	1499200.000000
24255	1494000.000000
24948	1486488.000000
25344	1476000.000000
26136	1474500.000000
26235	1444484.000000
26532	1419500.000000
26631	1412400.000000
27522	1398400.000000
28017	1398000.000000
28215	1352000.000000
29799	1334000.000000
30096	1300000.000000
31581	1271600.000000
32571	1271578.000000
33066	1246400.000000
33165	1238000.000000
33264	1188000.000000
33858	1164542.000000
37521	1105994.000000
37620	1079994.000000
38709	1065998.000000
39105	1044000.000000
39600	1033000.000000
40392	1014000.000000
40986	1009000.000000
41184	984400.000000
42075	982918.000000
42372	973132.000000
43659	972544.000000
43758	964086.000000
43857	963688.000000
43956	941500.000000
44451	929000.000000
44748	894000.000000
45540	859550.000000
46035	845548.000000
46431	835578.000000
53064	823000.000000
55242	800000.000000
56331	783000.000000
57420	774000.000000
57816	768000.000000
58707	754000.000000
59598	748000.000000
60192	740000.000000
61083	730000.000000
61875	722500.000000
62469	686488.000000
62865	667316.000000
63756	661812.000000
63855	649644.000000
64251	643644.000000
64449	643642.000000
64746	634000.000000
65142	631640.000000
65439	630000.000000
66033	623922.000000
66429	613004.000000
66627	610000.000000
66726	598000.000000
67023	590000.000000
67320	588000.000000
72072	584000.000000
79695	559500.000000
0	19316000.000000
99	16332000.000000
198	12874000.000000
297	11289972.000000
396	9468000.000000
495	8724000.000000
594	8632000.000000
693	7543420.000000
891	7489968.000000
990	5774000.000000
1188	5728000.000000
1386	5668000.000000
1485	5272000.000000
2178	4393000.000000
2277	4386000.000000
2475	3746000.000000
2871	3670000.000000
3267	3565000.000000
3465	3551000.000000
3564	3416000.000000
3960	3406000.000000
4059	3138000.000000
4455	3099600.000000
4653	2980000.000000
4950	2827000.000000
5049	2672000.000000
5247	2633306.000000
5346	2600000.000000
5544	2511692.000000
5841	2496262.000000
5940	2433500.000000
6237	2415500.000000
6732	2406500.000000
6831	2404500.000000
7029	2383000.000000
7128	2348000.000000
7227	2310000.000000
7524	2259396.000000
7623	2248500.000000
7821	2248474.000000
7920	2165000.000000
8019	2162000.000000
8316	2159950.000000
8514	2073000.000000
8910	2008000.000000
9603	1854000.000000
10593	1770000.000000
12078	1670000.000000
12375	1669956.000000
12474	1652000.000000
13167	1593984.000000
13266	1593982.000000
13662	1526600.000000
13761	1484000.000000
15345	1438000.000000
15939	1431000.000000
16137	1424000.000000
16236	1420000.000000
16533	1416000.000000
16929	1393982.000000
17226	1345000.000000
19008	1292686.000000
19107	1282000.000000
19701	1278292.000000
19998	1259480.000000
20196	1119412.000000
20592	1098414.000000
21582	1067600.000000
21681	1038652.000000
21978	1014576.000000
22572	1006000.000000
22671	987746.000000
22869	969744.000000
23562	966804.000000
24057	955334.000000
24156	902624.000000
24651	750008.000000
25641	728666.000000
25740	708664.000000
26532	687328.000000
26730	676672.000000
28116	658004.000000
30294	628670.000000
30789	618002.000000
31482	604316.000000
31779	598006.000000
31977	596670.000000
33066	580670.000000
33759	580642.000000
34551	577750.000000
35046	576112.000000
36630	549982.000000
38115	548500.000000
39006	540500.000000
40392	531422.000000
40887	531420.000000
41085	522478.000000
42273	515420.000000
42867	503420.000000
49500	492362.000000
