
0      7596.00      577500.00
1     56359.00      581250.00
2     11546.00      555822.00
3     33151.00      627000.00
4     23965.00      540000.00
5     58761.00      560000.00
6     53410.00      609000.00
7      2627.00     4106672.00
8     18358.00      490000.00
9     46347.00      526000.00
10     59475.00      566800.00
11     29398.00      470000.00
12     17764.00      570000.00
13     25046.00      568000.00
14     43064.00      578270.00
15      7223.00      495720.00
16     11185.00      520000.00
17     11378.00      105336.00
18     50581.00      489000.00
19     59842.00      616008.00