
0      19099.00      122000.00
1      20249.00      558000.00
2      35732.00      530000.00
3      16653.00      550000.00
4      49562.00      488190.00
5      27927.00      568000.00
6      56265.00      482000.00
7       1418.00     4106672.00
8       6494.00      490000.00
9      39257.00      104000.00
10      56621.00      506000.00
11       9207.00      510000.00
12      57438.00      622500.00
13      23933.00      512000.00
14      45334.00      490000.00
15      24226.00      490000.00
16      34418.00      536000.00
17       8760.00      520000.00
18      33474.00      568000.00
19      20337.00      498000.00