
0	2797000	0 1 0 1 1 0 1 1 1 0 2 0 2 0 0 1 1 0 2 0 1 0 2 1 2 2 1 3 1 1 0 2 3 0 2 0 0 3 2 1 1 1 0 3 2 0 1 1 1 2 1 5 1 9 3 3 4 1 4 0      72000      67500 
99	1241750	0 1 0 1 1 1 1 1 1 1 0 1 1 1 0 1 1 1 2 1 0 1 0 1 2 1 4 1 0 1 2 1 0 1 1 1 2 1 3 1 1 1 2 1 2 1 0 2 3 3 2 3 2 3 1 3 0 4 8 1      21375      81000 
198	 919600	1 1 1 1 0 1 1 1 1 1 2 1 1 1 1 1 1 1 0 1 0 1 2 1 2 1 0 1 0 1 0 1 1 1 1 1 0 1 1 1 1 1 1 1 1 1 1 2 2 3 1 3 1 3 0 3 3 4 15 1      11400      81000 
396	 904400	1 1 1 1 0 1 1 1 1 1 1 1 1 1 1 1 1 1 0 1 0 1 2 1 2 1 0 1 0 1 0 1 1 1 1 1 0 1 1 1 2 1 1 1 1 1 1 2 2 3 1 3 1 3 0 3 3 4 15 1      11400      81000 
495	 736000	1 0 1 0 1 0 1 1 1 0 1 0 1 0 1 0 1 0 1 1 1 1 1 1 1 1 1 2 1 1 1 2 1 2 1 1 1 1 1 2 1 2 1 2 1 2 2 2 3 3 3 2 3 2 3 3 3 3 2 5      63000      25200 
990	 172000	0 1 0 1 0 1 0 1 0 1 0 1 0 1 0 1 0 1 1 1 1 1 1 1 1 1 2 1 1 1 2 1 2 1 1 1 1 1 2 1 2 1 2 1 2 1 1 2 2 3 2 3 2 3 2 3 5 3 7 2      18000      63000 
1980	 150500	0 1 0 1 0 1 0 1 0 1 0 1 0 1 0 1 0 1 1 1 1 1 1 1 1 1 2 1 1 1 2 1 1 1 1 1 1 1 2 1 2 1 2 1 2 1 2 2 2 3 2 3 2 3 2 3 4 3 8 2      16750      65500 
2376	 137500	0 1 0 1 0 1 0 1 0 1 0 1 0 1 0 1 0 1 1 1 1 1 1 1 1 1 1 1 2 1 1 1 1 1 1 1 1 1 2 1 2 1 2 1 2 1 1 2 2 3 3 3 2 3 2 3 5 3 8 2      16750      65500 
2574	 122224	1 0 1 0 1 0 1 0 1 0 1 0 1 0 1 0 1 0 1 1 1 1 1 1 1 1 1 1 1 2 1 1 1 1 1 1 1 2 1 2 1 2 1 2 1 2 2 1 3 1 3 2 3 2 3 2 3 5 2 9      66000      16444 
2772	 105884	1 0 1 0 1 0 1 0 1 0 1 0 1 0 1 0 1 0 1 1 1 1 1 1 1 1 1 1 1 1 1 1 1 2 1 1 1 1 1 2 1 2 1 2 1 2 2 1 3 2 3 2 3 2 3 2 3 5 2 9      65881      16471 
0	2787000	2 0 1 1 0 2 1 1 1 1 0 2 0 1 0 3 0 1 0 1 2 1 0 1 0 2 0 2 1 2 0 2 2 0 0 2 1 1 2 0 2 0 2 0 1 2 1 2 3 2 4 1 1 4 2 1 3 4 10 0      67500      72000 
99	1066000	1 1 1 1 0 1 1 1 1 1 0 1 0 1 0 1 0 1 0 1 2 1 0 1 0 1 1 1 1 1 0 1 2 1 0 1 1 1 2 1 2 1 2 1 1 1 1 2 3 3 4 3 1 3 2 3 3 4 10 1      17100      81000 
594	 740000	0 1 0 1 1 1 0 1 0 1 1 1 1 1 0 1 2 1 0 1 0 1 0 1 1 1 0 1 1 1 0 1 2 1 2 1 1 1 2 1 1 1 3 1 2 1 1 2 4 3 6 2 3 3 1 3 3 3 4 3       9000      81000 
693	 722000	0 1 0 1 1 1 0 1 0 1 1 1 1 1 0 1 1 1 0 1 0 1 0 1 1 1 0 1 1 1 0 1 2 1 2 1 1 1 2 1 1 1 3 1 2 1 1 2 4 3 6 2 3 3 1 3 4 3 4 3       9000      81000 
1386	 555716	1 0 1 0 1 0 1 0 1 0 1 0 1 0 1 0 1 1 1 0 1 0 1 0 1 1 1 1 1 1 1 1 1 2 1 2 1 2 1 2 1 2 1 3 1 2 2 1 3 2 2 7 3 3 3 1 3 4 3 4      72000      12286 
1683	 546000	0 1 0 1 1 1 0 1 0 1 0 1 0 1 0 1 1 1 0 1 0 1 1 1 1 1 1 1 1 1 1 1 2 1 2 1 1 1 2 1 2 1 2 1 2 1 1 2 3 3 6 2 2 3 1 3 5 3 4 3      14000      72000 
1881	 530000	1 0 1 0 1 0 1 0 1 0 1 0 1 0 1 0 1 0 1 1 1 0 1 1 1 1 1 1 1 1 1 1 1 2 1 2 1 1 1 2 1 2 1 2 1 2 2 1 3 4 2 6 3 2 3 1 3 4 3 5      72000      14000 
2178	 484738	0 1 0 1 0 1 0 1 0 1 0 1 0 1 0 1 0 1 0 1 1 1 1 1 1 1 1 1 1 1 1 1 1 1 2 1 2 1 2 1 3 1 3 1 2 1 1 2 1 3 7 2 1 3 1 3 5 3 5 3      12107      72631 
2475	 482800	1 0 1 0 1 0 1 0 1 0 1 0 1 0 1 0 1 0 1 1 1 0 1 1 1 1 1 1 1 1 1 2 1 2 1 2 1 1 1 2 1 2 1 2 1 2 2 1 3 1 2 7 3 2 3 1 3 5 3 5      72000      12800 
2772	 154400	1 0 1 0 1 0 1 0 1 0 1 0 1 0 1 0 1 0 1 1 1 1 1 1 1 1 1 2 1 1 1 1 1 1 1 2 1 1 1 2 1 2 1 2 1 2 2 1 3 3 2 6 3 2 3 1 3 5 3 4      66000      16400 
2970	 152800	1 0 1 0 1 0 1 0 1 0 1 0 1 0 1 0 1 0 1 1 1 1 1 1 1 1 1 1 1 1 1 1 1 1 1 2 1 2 1 2 1 2 1 2 1 2 2 1 3 1 2 7 3 2 3 1 3 5 3 5      66000      16400 
3069	 105600	0 1 0 1 0 1 0 1 0 1 0 1 0 1 0 1 0 1 1 1 1 1 1 1 1 1 1 1 1 1 1 1 1 1 2 1 1 1 2 1 2 1 2 1 2 1 1 2 2 3 6 2 2 3 2 3 5 3 5 3      16400      66000 
0	2578000	0 1 1 0 2 0 0 1 0 2 1 0 0 5 0 1 0 1 2 0 2 0 1 0 0 2 0 2 1 1 2 0 1 2 1 2 1 1 1 1 0 3 0 2 1 1 2 2 4 3 3 2 1 3 3 1 5 2 7 1      72000      63000 
99	1482000	1 1 1 1 1 0 1 0 1 0 1 0 1 1 1 2 1 1 1 0 1 2 1 0 1 0 1 1 1 0 1 1 1 2 1 1 1 3 1 1 1 0 1 1 1 0 2 2 3 1 3 4 3 3 3 1 4 4 1 9      90000      18000 
198	1241750	1 0 1 0 1 1 1 1 1 1 1 1 1 1 1 1 1 2 1 1 1 0 1 1 1 1 1 1 1 1 1 0 1 2 1 1 1 0 1 3 1 1 1 1 1 3 2 2 3 2 3 0 3 1 3 2 4 3 1 8      81000      21375 
297	1160000	1 1 1 0 1 0 1 1 1 0 1 0 1 1 1 1 1 1 1 1 1 1 1 2 1 1 1 1 1 2 1 1 1 0 1 0 1 0 1 2 1 2 1 2 1 2 2 3 3 0 3 1 3 4 3 0 4 3 1 9      81000      19000 
396	 658890	0 1 0 1 1 1 1 1 1 1 0 1 1 1 0 1 1 1 1 1 1 1 1 1 1 1 1 1 1 1 1 1 1 1 1 1 1 1 2 1 2 1 1 1 2 1 1 2 1 3 2 3 3 3 2 3 1 4 10 1      21111      68889 
693	 656668	1 1 0 1 0 1 0 1 0 1 1 1 0 1 1 1 0 1 1 1 1 1 1 1 1 1 1 1 1 1 1 1 1 1 1 1 1 1 2 1 3 1 2 1 1 1 0 2 2 3 2 3 1 3 4 3 4 3 8 2      16667      73333 
1485	 510000	0 1 0 1 0 1 0 1 0 1 0 1 0 1 0 1 0 1 1 1 1 1 1 1 1 1 1 1 1 1 1 1 1 1 2 1 1 1 2 1 3 1 2 1 2 1 1 2 1 3 1 3 1 3 4 3 5 3 9 2      15000      70000 
1584	 473876	1 0 1 0 1 0 1 0 1 0 1 0 1 0 1 0 1 0 1 1 1 1 1 1 1 1 1 1 1 2 1 1 1 1 1 2 1 1 1 2 1 2 1 3 1 2 2 1 3 1 3 1 3 1 3 1 3 5 2 11      72580      12259 
2277	 122224	0 1 0 1 0 1 0 1 0 1 0 1 0 1 0 1 0 1 1 1 1 1 1 1 1 1 1 1 2 1 1 1 1 1 2 1 1 1 2 1 2 1 2 1 2 1 1 2 2 3 1 3 2 3 2 3 5 3 9 2      16444      66000 
5526	 120000	0 1 0 1 0 1 0 1 0 1 0 1 0 1 0 1 0 1 1 1 1 1 1 1 1 1 1 1 1 1 1 1 1 1 1 1 1 1 2 1 2 1 2 1 2 1 1 2 2 3 2 3 2 3 2 3 5 3 10 2      16000      66000 
5724	 105884	0 1 0 1 0 1 0 1 0 1 0 1 0 1 0 1 0 1 1 1 1 1 1 1 1 1 2 1 1 1 1 1 1 1 1 1 1 1 2 1 2 1 2 1 2 1 1 2 2 3 2 3 2 3 2 3 5 3 9 2      16471      65881 
0	2025000	0 2 0 3 1 0 1 0 0 4 1 1 1 0 1 1 1 0 2 0 1 0 1 1 0 3 1 0 1 0 2 0 0 2 1 0 1 1 1 2 1 2 2 1 2 1 2 0 3 3 3 1 1 6 1 5 3 3 7 0      81000      40500 
99	1352012	1 0 1 0 1 1 1 1 1 0 1 1 1 1 1 1 1 1 1 2 1 1 1 1 1 0 1 1 1 1 1 2 1 0 1 1 1 1 1 1 1 1 1 2 1 2 2 2 3 3 3 3 3 1 3 1 4 3 1 7      81000      24429 
198	1028736	1 1 0 1 1 1 1 1 0 1 1 1 0 1 1 1 1 1 1 1 0 1 0 1 0 1 0 1 1 1 1 1 0 1 0 1 1 1 1 1 1 1 4 1 2 1 1 2 2 3 3 3 2 3 3 3 2 4 11 1      15546      81000 
495	 930000	1 1 1 1 1 0 1 0 1 1 1 0 1 0 1 0 1 0 1 1 1 0 1 1 1 1 1 1 1 2 1 2 1 2 1 1 1 1 1 2 1 2 0 4 1 2 2 2 3 3 2 3 3 3 3 2 4 2 3 2      72000      22500 
594	 800000	1 1 0 1 1 1 0 1 0 1 1 1 1 1 0 1 1 1 1 1 0 1 1 1 2 1 0 1 0 1 1 1 1 1 1 1 1 1 2 1 1 1 1 1 3 1 1 2 1 3 3 3 2 3 2 3 4 3 9 2      10000      81000 
1287	 762000	1 0 1 0 1 1 1 1 1 1 1 1 1 1 1 1 1 1 1 1 1 1 1 1 1 0 1 1 1 1 1 2 1 1 1 1 1 1 1 1 1 1 1 2 1 2 2 2 3 3 3 3 3 1 3 1 3 3 2 6      72000      18000 
1386	 743336	0 1 1 1 1 1 0 1 1 1 1 1 0 1 1 1 0 1 1 1 1 1 0 1 1 1 1 1 1 1 1 1 0 1 0 1 1 1 1 1 1 1 4 1 2 1 0 2 2 3 1 3 2 3 1 3 2 3 14 2       8334      81666 
1782	 650000	1 0 1 0 1 0 1 0 1 0 1 1 1 0 1 1 1 0 1 1 1 1 1 0 1 1 1 1 1 1 1 1 1 1 1 1 1 1 1 2 1 1 1 3 1 2 2 0 3 2 3 1 3 1 3 1 3 4 2 14      80000      10000 
1980	 554800	1 0 1 0 1 0 1 0 1 0 1 1 1 1 1 0 1 0 1 1 1 0 1 0 1 2 1 1 1 1 1 1 1 1 1 1 1 1 1 2 1 2 1 2 1 3 2 1 3 1 3 2 3 2 3 2 3 4 2 10      72000      13600 
2178	 535600	0 1 0 1 0 1 0 1 0 1 1 1 1 1 0 1 0 1 1 1 0 1 0 1 1 1 1 1 1 1 1 1 1 1 1 1 1 1 2 1 2 1 2 1 3 1 1 2 1 3 2 3 2 3 2 3 5 3 10 2      13600      72000 
2772	 491180	1 0 1 0 1 0 1 0 1 0 1 0 1 0 1 0 1 0 1 1 1 1 1 0 1 1 1 1 1 2 1 2 1 1 1 1 1 1 1 2 1 2 1 3 1 2 2 0 3 2 3 1 3 1 3 1 3 5 2 12      72941      11177 
2871	 152000	0 1 0 1 0 1 0 1 0 1 0 1 0 1 0 1 0 1 1 1 1 1 1 1 1 1 1 1 1 1 1 1 2 1 1 1 2 1 2 1 2 1 2 1 2 1 1 2 1 3 2 3 1 3 2 3 5 3 10 2      16000      66000 
3069	 136000	1 0 1 0 1 0 1 0 1 0 1 0 1 0 1 0 1 0 1 1 1 1 1 1 1 1 1 1 1 1 1 1 1 2 1 1 1 1 1 2 1 2 1 2 1 2 2 1 3 1 3 2 3 2 3 2 3 5 2 10      66000      16000 
4059	 133000	0 1 0 1 0 1 0 1 0 1 0 1 0 1 0 1 0 1 1 1 1 1 1 1 1 1 1 1 2 1 1 1 1 1 1 1 1 1 2 1 2 1 2 1 2 1 2 2 2 3 2 3 2 3 2 3 5 3 8 2      16750      65500 
8685	 122224	1 0 1 0 1 0 1 0 1 0 1 0 1 0 1 0 1 0 1 1 1 1 1 1 1 1 1 1 1 1 1 2 1 1 1 1 1 2 1 2 1 2 1 2 1 2 2 1 3 2 3 1 3 2 3 2 3 5 2 9      66000      16444 
0	2550000	0 1 1 0 0 5 0 2 1 0 2 1 0 3 1 0 0 2 1 0 1 0 0 4 2 0 1 2 1 1 2 1 1 1 1 0 1 1 1 1 1 2 2 0 2 0 1 3 3 0 4 1 2 3 3 2 1 6 6 0      81000      54000 
99	 778000	0 1 0 1 0 1 0 1 0 1 0 1 0 1 0 1 1 1 1 1 1 1 1 1 1 1 2 1 2 1 1 1 3 0 1 1 2 1 2 1 2 1 2 1 2 1 2 2 2 3 3 3 3 2 2 3 2 4 4 3      27000      63000 
1188	 598334	1 0 1 0 1 0 1 1 1 1 1 0 1 0 1 0 1 0 1 1 1 1 1 1 1 1 1 1 1 2 1 1 0 4 1 1 1 2 1 2 1 2 1 2 1 2 2 2 3 1 3 3 2 4 3 2 4 1 3 4      63167      20250 
1485	 538858	0 1 0 1 1 1 0 1 0 1 1 1 0 1 0 1 1 1 1 1 1 1 1 1 1 1 1 1 2 1 1 1 5 0 1 1 1 1 2 1 2 1 2 1 2 1 1 2 2 3 2 3 4 2 2 3 1 4 4 3      19143      65214 
1584	 492858	0 1 0 1 0 1 1 1 0 1 0 1 0 1 0 1 0 1 1 1 1 1 1 1 1 1 1 1 1 1 2 1 5 0 1 1 2 1 2 1 2 1 2 1 2 1 1 2 1 3 2 3 5 2 2 3 1 4 5 3      17143      65714 
2277	 133336	0 1 0 1 0 1 0 1 0 1 0 1 0 1 0 1 0 1 1 1 1 1 1 1 1 1 1 1 1 1 1 1 6 0 1 1 1 1 2 1 2 1 2 1 2 1 2 2 2 3 1 3 6 2 2 3 1 4 5 3      16333      66000 
3168	 122000	1 0 1 0 1 0 1 0 1 0 1 0 1 0 1 0 1 0 1 1 1 1 1 1 1 1 1 1 1 1 1 1 0 5 1 2 1 2 1 2 1 2 1 2 1 2 2 1 3 2 3 2 2 5 3 2 4 1 3 5      65856      16572 
3663	 105884	1 0 1 0 1 0 1 0 1 0 1 0 1 0 1 0 1 0 1 1 1 1 1 1 1 1 1 2 1 1 1 1 0 5 1 1 1 1 1 2 1 2 1 2 1 2 2 1 3 2 3 2 2 6 3 2 4 1 3 5      65882      16471 
4653	 105336	1 0 1 0 1 0 1 0 1 0 1 0 1 0 1 0 1 0 1 1 1 1 1 1 1 1 1 1 1 1 1 1 0 6 1 1 1 1 1 2 1 2 1 2 1 2 2 1 3 2 3 2 2 6 3 2 4 1 3 5      66000      16333 
0	2742000	1 0 1 0 1 0 1 3 2 0 1 1 2 0 0 2 0 2 2 0 1 0 2 2 0 2 3 0 1 2 1 1 1 0 1 2 1 1 1 2 2 0 0 2 0 3 2 1 4 1 1 3 3 2 2 1 1 3 4 6      81000      57000 
99	1142000	0 1 0 1 0 1 1 1 0 1 1 1 1 1 0 1 1 1 0 1 0 1 1 1 0 1 1 1 2 1 1 1 0 1 0 1 1 1 2 1 2 1 2 1 1 1 2 2 2 3 2 3 2 3 4 3 4 4 9 1      19000      81000 
198	 616000	1 0 1 0 1 0 1 0 1 0 1 0 1 0 1 0 1 0 1 1 1 1 1 1 1 1 1 2 1 1 1 1 1 2 0 4 1 2 1 2 1 2 1 2 1 2 2 2 3 3 3 2 3 3 2 4 4 1 3 3      63750      20250 
1287	 562000	0 1 0 1 0 1 0 1 0 1 0 1 0 1 0 1 0 1 0 1 0 1 1 1 1 1 1 1 1 1 1 1 1 1 1 1 1 1 2 1 2 1 2 1 2 1 2 2 1 3 2 3 2 3 6 2 4 3 9 3      14000      72000 
1980	 200572	1 0 1 0 1 0 1 0 1 0 1 0 1 0 1 0 1 0 1 1 1 1 1 1 1 1 1 2 1 1 1 1 1 1 1 1 1 1 1 2 1 2 1 2 1 2 2 1 3 1 3 2 3 1 2 7 3 4 3 7      66000      15714 
2376	 136668	0 1 0 1 0 1 0 1 0 1 0 1 0 1 0 1 0 1 1 1 1 1 1 1 1 1 1 1 1 1 1 1 1 1 1 1 2 1 2 1 2 1 2 1 2 1 1 2 2 3 2 3 1 3 6 2 5 3 6 3      16334      66000 
2970	 120668	1 0 1 0 1 0 1 0 1 0 1 0 1 0 1 0 1 0 1 1 1 1 1 1 1 1 1 1 1 1 1 1 1 1 1 1 1 1 1 2 1 2 1 2 1 2 2 1 3 2 3 2 3 2 2 6 3 5 3 6      66000      16334 
3861	 105600	1 0 1 0 1 0 1 0 1 0 1 0 1 0 1 0 1 0 1 1 1 1 1 1 1 1 1 1 1 2 1 1 1 1 1 1 1 1 1 2 1 2 1 2 1 2 2 1 3 2 3 2 3 2 2 6 3 5 3 5      66000      16400 
0	2944000	2 0 1 1 2 0 0 1 0 2 1 0 1 0 0 1 2 0 0 1 2 0 0 1 0 1 1 1 1 1 2 1 1 1 1 3 0 1 2 2 1 1 0 5 2 0 2 1 0 4 3 2 2 5 5 1 1 4 7 1      63000      81000 
99	1259750	1 0 1 1 1 1 1 0 1 1 1 0 1 1 1 2 1 1 1 1 1 1 1 0 1 1 1 0 1 0 1 2 1 2 1 3 1 0 1 1 1 1 1 2 1 1 2 1 3 5 3 1 3 2 3 1 4 2 1 8      81000      21375 
198	1010736	1 0 1 0 1 1 1 1 1 1 1 1 1 1 1 1 1 0 1 1 1 0 1 0 1 1 1 1 1 1 1 0 1 0 1 1 1 1 1 2 1 2 1 1 1 1 2 1 3 3 3 3 3 1 3 3 4 2 1 11      81000      15546 
594	 822000	1 0 1 0 1 0 1 0 1 1 1 1 1 1 1 1 1 1 1 0 1 0 1 0 1 1 1 2 1 1 1 0 1 0 1 2 1 5 1 2 1 1 1 1 1 1 2 1 3 1 3 4 3 1 3 2 3 2 2 10      81000       9000 
693	 750000	1 0 1 0 1 1 1 1 1 0 1 0 1 0 1 0 1 0 1 1 1 1 1 1 1 1 1 2 1 1 1 2 1 2 1 2 1 2 1 1 1 1 1 2 1 1 2 2 3 2 2 4 2 4 3 3 4 2 3 3      70000      20000 
1287	 730000	1 1 1 1 1 1 1 1 1 0 1 0 1 0 1 0 1 0 1 1 1 1 1 1 1 1 1 1 1 1 1 2 1 2 1 1 1 2 1 1 1 1 1 2 1 1 2 2 3 1 2 4 2 4 3 3 4 2 3 4      70000      20000 
1683	 690000	1 1 0 1 0 1 0 1 0 1 0 1 0 1 0 1 0 1 1 1 1 1 1 1 1 1 1 1 1 1 2 1 2 1 1 1 1 1 2 1 2 1 2 1 1 1 2 2 1 3 4 3 4 3 4 2 3 3 4 3      20000      70000 
1881	 650000	0 1 0 1 1 1 0 1 0 1 0 1 0 1 0 1 0 1 1 1 1 1 1 1 1 1 1 1 1 1 2 1 2 1 1 1 1 1 1 1 2 1 2 1 2 1 2 2 1 3 5 2 5 2 3 3 2 4 4 3      20000      70000 
2574	 215336	1 0 1 0 1 0 1 0 1 0 1 0 1 0 1 0 1 0 1 1 1 1 1 1 1 1 1 1 1 1 1 2 1 1 1 1 1 1 1 2 1 2 1 2 1 2 2 1 3 1 2 6 2 5 3 3 4 3 3 4      64333      16889 
3366	 186000	1 0 1 0 1 0 1 0 1 0 1 0 1 0 1 0 1 0 1 1 1 1 1 1 1 1 1 1 1 1 1 2 1 2 1 1 1 1 1 2 1 2 1 2 1 2 2 1 3 1 2 5 2 6 3 3 4 2 3 4      66000      16500 
3564	 121336	1 0 1 0 1 0 1 0 1 0 1 0 1 0 1 0 1 0 1 1 1 1 1 1 1 1 1 1 1 1 1 1 1 2 1 2 1 1 1 2 1 2 1 2 1 2 2 1 3 1 2 6 2 6 3 2 4 1 3 5      66000      16334 
3762	 105336	0 1 0 1 0 1 0 1 0 1 0 1 0 1 0 1 0 1 1 1 1 1 1 1 1 1 1 1 1 1 1 1 2 1 1 1 1 1 2 1 2 1 2 1 2 1 1 2 2 3 6 2 6 2 2 3 1 4 5 3      16334      65998 
0	2215730	0 2 1 0 1 0 1 1 1 0 2 0 1 0 1 2 1 0 2 0 2 0 0 2 0 3 2 3 1 0 0 3 0 2 2 0 0 3 1 1 2 1 1 1 0 3 1 2 2 1 2 2 2 5 4 1 1 4 8 0      82285      42430 
99	1330000	1 0 0 3 2 0 2 0 0 2 1 0 1 0 1 0 1 0 1 1 0 2 1 1 0 2 0 2 0 2 0 3 1 1 1 1 0 3 2 0 2 3 1 1 2 0 2 1 3 1 3 1 1 4 5 3 1 5 7 0      63000      40500 
396	1223750	1 1 1 1 1 0 1 0 1 0 1 0 1 0 1 0 1 1 1 3 1 0 1 1 1 0 1 2 1 1 1 0 1 2 1 1 1 1 1 3 1 1 1 1 1 2 2 1 3 1 3 3 3 3 3 3 4 2 1 8      81000      21375 
495	 928296	0 1 1 1 1 1 1 1 0 1 0 1 1 1 1 1 1 1 2 1 1 1 0 1 0 1 1 1 1 1 1 1 0 1 0 1 1 1 1 1 2 1 1 1 1 1 3 2 2 3 5 2 3 3 1 3 3 4 7 2      12858      81000 
693	 804000	1 1 1 1 1 1 1 1 1 1 1 1 1 1 1 1 1 1 1 1 1 1 1 1 1 1 1 1 1 1 1 1 1 1 1 1 1 1 1 1 1 1 1 1 1 1 2 2 3 3 3 2 3 2 3 3 4 3 1 4      27000      63000 
1089	 730000	0 1 1 1 1 1 1 1 1 1 1 1 1 1 1 1 1 1 1 1 1 1 1 1 1 1 1 1 1 1 1 1 1 1 1 1 1 1 1 1 1 1 1 1 2 1 1 2 3 3 3 2 4 2 2 3 4 3 2 4      30000      60000 
1188	 702000	0 1 1 1 0 1 0 1 0 1 0 1 0 1 0 1 1 1 2 1 0 1 1 1 0 1 1 1 1 1 1 1 2 1 1 1 1 1 2 1 1 1 2 1 2 1 1 2 1 3 3 3 3 3 3 3 1 4 11 1      18000      72000 
1881	 576750	0 1 0 1 1 1 1 1 0 1 1 1 1 1 1 1 1 1 1 1 1 1 1 1 1 1 1 1 1 1 1 1 1 1 1 1 1 1 2 1 2 1 2 1 2 1 1 2 2 3 4 2 4 2 2 3 4 3 1 4      20125      63250 
2475	 576000	0 1 0 1 1 1 1 1 0 1 1 1 1 1 1 1 0 1 1 1 1 1 1 1 1 1 1 1 1 1 1 1 1 1 1 1 1 1 2 1 2 1 2 1 2 1 1 2 2 3 4 2 4 2 2 3 4 3 2 4      20500      63000 
2574	 504286	0 1 0 1 1 1 0 1 0 1 0 1 1 1 1 1 0 1 1 1 1 1 1 1 1 1 1 1 1 1 1 1 1 1 1 1 1 1 2 1 2 1 2 1 2 1 1 2 2 3 5 2 5 2 2 3 5 3 1 4      17143      65714 
3366	 122354	0 1 0 1 0 1 0 1 0 1 0 1 0 1 0 1 0 1 1 1 1 1 1 1 1 1 1 1 1 1 2 1 2 1 1 1 1 1 2 1 2 1 2 1 2 1 1 2 2 3 6 2 5 2 2 3 5 3 1 4      16469      65885 
8091	 105336	1 0 1 0 1 0 1 0 1 0 1 0 1 0 1 0 1 0 1 1 1 1 1 1 1 1 1 1 1 1 1 1 1 1 1 2 1 1 1 2 1 2 1 2 1 2 2 1 3 2 2 6 2 6 3 2 3 5 4 1      65998      16334 
0	1174000	1 0 1 0 1 0 1 1 1 0 1 0 0 2 1 1 1 0 0 2 1 1 1 1 2 0 1 1 1 1 2 0 0 3 2 0 0 3 1 1 1 3 2 0 0 3 2 1 1 4 2 3 1 4 4 0 2 6 8 1      63000      36000 
198	1142000	1 1 1 0 1 1 1 0 1 1 1 1 1 0 1 1 1 1 1 2 1 0 1 1 1 2 1 1 1 3 1 0 1 0 1 1 1 1 1 2 1 1 1 1 1 2 2 1 3 3 3 1 3 1 3 3 4 1 1 9      81000      19000 
693	1014736	1 0 1 0 1 0 1 1 1 1 1 0 1 1 1 1 1 1 1 1 1 2 1 0 1 1 1 1 1 1 1 1 1 0 1 0 1 2 1 3 1 1 1 0 1 0 2 1 3 3 3 2 3 4 3 2 3 1 2 11      90000       6546 
792	 854000	1 1 1 0 1 1 1 0 1 1 1 1 1 0 1 1 1 1 1 2 1 0 1 1 1 2 1 1 1 3 1 0 1 0 1 1 1 1 1 2 1 1 1 1 1 2 2 1 3 3 3 1 3 1 3 3 3 1 2 9      81000      10000 
990	 764000	1 0 1 1 1 0 1 1 1 1 1 1 1 1 1 1 1 1 1 1 1 1 1 1 1 1 1 1 1 1 1 1 1 1 1 1 1 1 1 1 1 1 1 1 1 2 1 3 3 3 3 3 2 3 3 3 3 4 4 1      63000      27000 
1089	 750000	0 1 0 1 0 1 0 1 0 1 1 1 0 1 1 1 1 1 1 1 0 1 0 1 2 1 1 1 3 1 0 1 0 1 1 1 1 1 2 1 2 1 1 1 2 1 1 2 3 3 1 3 1 3 3 3 4 3 10 2       9250      81000 
1881	 518728	0 1 0 1 0 1 0 1 0 1 0 1 0 1 0 1 1 1 0 1 0 1 1 1 1 1 1 1 2 1 1 1 1 1 1 1 1 1 2 1 2 1 2 1 2 1 1 2 3 3 1 3 1 3 2 3 5 3 11 2      12364      72000 
4149	 138224	0 1 0 1 0 1 0 1 0 1 0 1 0 1 0 1 0 1 1 1 1 1 1 1 1 1 2 1 1 1 1 1 2 1 2 1 1 1 2 1 2 1 2 1 2 1 1 2 2 3 1 3 1 3 2 3 5 3 9 2      16444      66000 
5337	 122224	0 1 0 1 0 1 0 1 0 1 0 1 0 1 0 1 0 1 1 1 1 1 1 1 1 1 1 1 2 1 1 1 2 1 1 1 1 1 2 1 2 1 2 1 2 1 1 2 2 3 1 3 2 3 2 3 5 3 9 2      16444      66000 
7020	 105884	0 1 0 1 0 1 0 1 0 1 0 1 0 1 0 1 0 1 1 1 1 1 1 1 1 1 1 1 2 1 1 1 1 1 1 1 1 1 2 1 2 1 2 1 2 1 1 2 2 3 2 3 2 3 2 3 5 3 9 2      16471      65881 
0	2566000	1 0 0 1 0 1 1 1 2 0 0 3 0 1 1 0 1 1 5 0 0 1 0 1 2 0 1 1 2 0 1 1 1 1 0 3 0 2 2 1 0 2 1 1 1 1 2 1 2 2 3 4 2 2 2 4 6 4 3 2      63000      72000 
99	 766000	1 0 1 0 1 0 1 0 1 0 1 0 1 0 1 0 1 0 1 1 1 1 1 1 1 1 0 3 1 2 1 2 0 3 1 1 1 2 1 2 1 2 1 2 1 2 2 2 2 4 3 2 3 3 3 3 4 2 4 1      63000      27000 
1089	 743334	1 1 1 1 1 0 1 1 1 1 1 1 1 1 1 1 1 0 1 1 1 1 1 0 1 1 1 1 1 1 1 1 1 1 1 1 1 1 1 1 1 1 1 1 1 1 2 1 2 5 3 3 3 3 3 3 3 4 3 3      73333      16667 
1782	 724000	1 0 1 0 1 0 1 1 1 0 1 1 1 0 1 1 1 0 1 1 1 1 1 1 1 1 0 3 1 2 1 1 0 3 1 1 1 2 1 2 1 2 1 2 1 2 2 1 2 4 3 2 3 3 3 2 4 2 4 1      63000      27000 
2079	 566000	1 0 1 0 1 0 1 0 1 0 1 0 1 0 1 0 1 0 1 0 1 1 1 1 1 0 0 6 1 1 1 1 1 2 1 1 1 2 1 2 1 2 1 2 1 2 2 1 1 10 3 1 3 2 3 2 4 1 4 2      72000      14000 
3267	 132000	0 1 0 1 0 1 0 1 0 1 0 1 0 1 0 1 0 1 1 1 1 1 1 1 1 1 6 0 1 1 1 1 1 1 1 1 1 1 2 1 2 1 2 1 2 1 1 2 11 1 2 3 2 3 1 3 1 4 1 4      16000      66000 
4158	 105646	1 0 1 0 1 0 1 0 1 0 1 0 1 0 1 0 1 0 1 1 1 1 1 1 1 1 0 5 1 1 1 1 1 2 1 1 1 1 1 2 1 2 1 2 1 2 2 1 1 10 3 2 3 2 3 2 4 1 4 1      65897      16411 
4554	 105132	0 1 0 1 0 1 0 1 0 1 0 1 0 1 0 1 0 1 1 1 1 1 1 1 1 1 6 0 1 1 1 1 1 1 1 1 1 1 2 1 2 1 2 1 2 1 1 2 10 1 2 3 2 3 2 3 1 4 1 4      16410      65898 
0	2184000	0 1 0 1 0 1 0 2 1 0 0 5 1 0 2 0 0 2 1 1 1 1 1 1 1 1 2 1 0 2 0 2 2 0 0 2 2 0 2 0 2 0 0 2 2 1 1 2 2 5 0 4 3 1 0 4 7 0 9 0      63000      63000 
99	1223750	1 1 1 1 1 2 1 2 1 0 1 1 1 0 1 1 1 1 1 1 1 1 1 1 1 2 1 1 1 1 1 0 1 2 1 1 1 2 1 2 1 2 1 1 1 1 2 2 3 0 3 1 3 1 3 1 4 2 1 8      81000      21375 
594	1087800	1 1 1 1 0 1 1 1 1 1 0 1 0 1 0 1 1 1 1 1 1 1 0 1 0 1 0 1 0 1 0 1 2 1 2 1 2 1 1 1 3 1 2 1 1 1 3 2 2 3 1 3 1 3 1 3 4 4 10 1      17100      81000 
792	 782572	1 1 1 1 1 1 1 1 1 0 1 1 1 1 1 1 1 1 1 1 1 1 1 1 1 1 1 1 1 1 1 2 1 1 1 1 1 2 1 2 1 2 1 1 1 1 2 2 3 1 3 1 3 1 3 1 4 2 1 8      66857      23143 
1287	 767144	1 1 1 1 1 1 1 1 1 1 1 1 1 1 1 1 1 1 1 1 1 1 1 1 1 1 1 1 1 1 1 1 1 1 1 1 1 1 1 1 1 1 1 1 1 1 2 1 3 1 3 4 3 2 3 1 4 2 1 8      62857      27143 
1485	 690000	0 1 1 1 1 1 2 1 0 1 1 1 0 1 1 1 0 1 1 1 1 1 1 1 2 1 1 1 1 1 1 1 2 1 1 1 2 1 2 1 2 1 1 1 1 1 1 2 1 3 1 3 1 3 1 3 2 4 10 1      20000      70000 
1584	 670000	0 1 1 1 1 1 1 1 0 1 1 1 0 1 1 1 0 1 1 1 1 1 1 1 1 1 2 1 1 1 1 1 2 1 1 1 2 1 2 1 2 1 1 1 1 1 1 2 1 3 1 3 1 3 1 3 2 4 11 1      19000      71000 
2178	 555716	1 0 1 0 1 0 1 0 1 1 1 1 1 0 1 1 1 0 1 1 1 1 1 1 1 1 1 2 1 1 1 1 1 2 1 1 1 2 1 2 1 2 1 2 1 2 2 1 3 1 3 1 3 2 3 1 4 1 1 11      65716      17142 
2475	 520000	1 0 1 0 1 0 1 0 1 1 1 1 1 0 1 1 1 0 1 1 1 1 1 1 1 1 1 1 1 1 1 1 1 1 1 1 1 2 1 2 1 2 1 2 1 2 2 1 3 2 3 2 3 2 3 1 4 1 1 11      65000      17500 
2871	 517274	0 1 0 1 0 1 0 1 0 1 0 1 0 1 1 1 0 1 1 1 1 1 1 1 1 1 2 1 1 1 1 1 2 1 1 1 1 1 2 1 2 1 2 1 2 1 1 2 2 3 1 3 1 3 1 3 2 4 13 1      16363      67274 
4455	 497100	1 0 1 0 1 1 1 0 1 1 1 0 1 0 1 1 1 0 1 1 1 1 1 1 1 1 1 1 1 1 1 1 1 1 1 1 1 1 1 2 1 2 1 2 1 2 2 1 3 2 3 2 3 2 3 2 4 1 1 11      63550      19675 
5445	 146000	0 1 0 1 0 1 0 1 0 1 0 1 0 1 0 1 0 1 1 1 1 1 1 1 1 1 2 1 1 1 1 1 1 1 2 1 2 1 2 1 2 1 2 1 2 1 1 2 2 3 2 3 2 3 2 3 1 4 11 1      17000      65000 
5643	 121500	0 1 0 1 0 1 0 1 0 1 0 1 0 1 0 1 0 1 1 1 1 1 1 1 1 1 1 1 2 1 1 1 1 1 2 1 1 1 2 1 2 1 2 1 2 1 1 2 2 3 2 3 2 3 2 3 1 4 12 1      16750      65500 
6534	 105888	0 1 0 1 0 1 0 1 0 1 0 1 0 1 0 1 0 1 1 1 1 1 1 1 1 1 1 1 1 1 1 1 1 1 2 1 1 1 2 1 2 1 2 1 2 1 1 2 2 3 2 3 2 3 2 3 1 4 13 1      16471      65882 
0	2976000	0 1 1 0 0 1 0 2 1 0 1 1 3 0 0 1 0 1 1 0 0 2 1 0 1 0 2 0 0 4 0 2 1 0 1 0 0 3 0 4 2 0 1 1 3 2 1 2 2 2 1 4 5 1 4 2 3 3 7 3      81000      63000 
99	1273000	1 1 1 1 0 1 3 1 1 1 1 1 0 1 0 1 1 1 0 1 1 1 1 1 0 1 1 1 1 1 3 1 1 1 2 1 0 1 1 1 1 1 0 1 3 1 2 2 1 3 0 3 1 3 2 3 1 4 12 1      13500      90000 
198	 969000	1 1 0 1 1 1 1 1 0 1 1 1 0 1 0 1 2 1 1 1 1 1 1 1 1 1 1 1 1 1 1 1 4 1 1 1 1 1 1 1 2 1 1 1 1 1 1 2 4 3 1 3 3 3 2 3 1 4 6 1      31500      63000 
594	 776000	0 1 0 1 0 1 1 1 0 1 1 1 0 1 0 1 0 1 1 1 1 1 1 1 1 1 3 0 1 1 3 0 2 1 1 1 1 1 2 1 1 1 2 1 2 1 2 2 2 3 3 3 3 3 3 3 2 4 3 3      27000      63000 
792	 672500	1 1 0 1 1 1 1 1 0 1 1 1 0 1 0 1 2 1 1 1 1 1 1 1 1 1 1 1 1 1 1 1 4 0 1 1 1 1 2 1 2 1 1 1 2 1 1 2 3 3 1 3 2 3 2 3 0 4 7 2      20250      69750 
1287	 622000	1 1 0 1 1 1 0 1 0 1 1 1 0 1 0 1 1 1 1 1 1 1 1 1 1 1 1 1 1 1 1 1 4 0 1 1 1 1 2 1 2 1 2 1 2 1 1 2 4 2 1 4 2 3 2 3 1 4 6 2      22500      63000 
1584	 530000	1 0 1 0 1 1 1 0 1 0 1 0 1 0 1 0 1 1 1 1 1 1 1 1 1 1 1 1 1 1 1 1 0 5 1 1 1 2 1 2 1 2 1 2 1 2 2 1 3 3 3 1 3 2 3 2 4 1 2 7      65332      17334 
2178	 188000	1 0 1 0 1 0 1 0 1 0 1 0 1 0 1 0 1 0 1 1 1 1 1 1 1 1 1 1 1 1 1 1 0 5 1 1 1 2 1 2 1 2 1 2 1 2 2 1 3 3 3 3 3 2 3 2 4 1 2 7      63000      18000 
2673	 121178	0 1 0 1 0 1 0 1 0 1 0 1 0 1 0 1 0 1 1 1 1 1 1 1 1 1 1 1 1 1 1 1 5 0 1 1 1 1 2 1 2 1 2 1 2 1 1 2 3 3 2 3 2 3 2 3 1 4 9 2      16471      65882 
3267	 105884	1 0 1 0 1 0 1 0 1 0 1 0 1 0 1 0 1 0 1 1 1 1 1 1 1 1 1 2 1 1 1 1 0 5 1 1 1 1 1 2 1 2 1 2 1 2 2 1 3 2 3 2 3 2 3 2 4 1 2 9      65882      16471 
0	 772000	1 0 1 0 1 0 1 0 1 1 1 0 1 0 1 0 1 0 1 1 1 1 1 1 1 1 1 2 1 1 1 1 0 3 1 2 1 2 1 2 1 2 1 2 1 2 2 2 3 2 3 3 3 3 3 2 4 1 2 5      63000      27000 
1476	 598000	0 1 0 1 0 1 0 1 0 1 0 1 0 1 0 1 0 1 1 1 1 1 1 1 1 1 1 1 1 1 1 1 4 0 2 1 1 1 2 1 2 1 2 1 2 1 2 2 3 3 3 3 4 2 3 3 1 4 4 3      20250      63000 
1674	 596000	0 1 0 1 0 1 0 1 0 1 0 1 0 1 0 1 0 1 1 1 1 1 1 1 1 1 1 1 1 1 1 1 4 0 1 1 1 1 2 1 2 1 2 1 2 1 2 2 3 3 3 3 4 2 3 3 2 4 4 3      20250      63000 
1971	 520000	1 0 1 0 1 0 1 0 1 0 1 1 1 0 1 0 1 0 1 1 1 1 1 1 1 1 1 1 1 1 1 1 1 1 1 2 1 2 1 2 1 2 1 2 1 2 2 2 3 2 2 5 3 2 3 2 4 1 2 7      65000      17500 
2070	 495000	1 0 1 0 1 0 1 0 1 1 1 0 1 0 1 1 1 0 1 1 1 1 1 1 1 1 1 1 1 1 1 1 0 5 1 2 1 1 1 2 1 2 1 2 1 2 2 1 3 2 3 2 3 2 3 2 4 1 2 7      65000      17500 
2862	 490000	0 1 0 1 1 1 0 1 0 1 0 1 0 1 0 1 0 1 1 1 1 1 1 1 1 1 2 1 1 1 1 1 5 0 2 1 1 1 2 1 2 1 2 1 2 1 1 2 2 3 2 3 1 3 2 3 1 4 8 2      17143      65714 
3060	 121500	1 0 1 0 1 0 1 0 1 0 1 0 1 0 1 0 1 0 1 1 1 1 1 1 1 1 1 1 1 2 1 1 0 5 1 1 1 2 1 2 1 2 1 2 1 2 2 1 3 2 3 2 3 2 3 2 4 1 2 8      65500      16750 
3258	 121178	1 0 1 0 1 0 1 0 1 0 1 0 1 0 1 0 1 0 1 1 1 1 1 1 1 1 1 1 1 1 1 1 0 5 1 1 1 1 1 2 1 2 1 2 1 2 2 1 3 2 3 3 3 2 3 2 4 1 2 9      65882      16471 
4644	 105886	0 1 0 1 0 1 0 1 0 1 0 1 0 1 0 1 0 1 1 1 1 1 1 1 1 1 1 1 1 1 1 1 6 0 1 1 1 1 2 1 2 1 2 1 2 1 1 2 2 3 2 3 2 3 2 3 1 4 9 2      16470      65883 
5238	 105884	0 1 0 1 0 1 0 1 0 1 0 1 0 1 0 1 0 1 1 1 1 1 1 1 1 1 2 1 1 1 1 1 5 0 1 1 1 1 2 1 2 1 2 1 2 1 1 2 2 3 2 3 2 3 2 3 1 4 9 2      16471      65882 
0	2622000	2 0 0 1 0 1 1 0 2 0 2 1 1 0 1 1 0 2 2 0 0 1 1 3 2 0 2 0 1 1 1 1 1 1 2 1 0 2 1 3 1 3 0 3 2 0 0 2 2 2 0 8 1 2 3 2 7 0 4 1      63000      72000 
99	1313000	1 1 1 1 2 1 0 1 0 1 1 1 0 1 1 1 0 1 2 1 0 1 0 1 0 1 1 1 1 1 1 1 1 1 2 1 0 1 0 1 0 1 1 1 0 1 1 2 2 3 3 3 2 3 1 3 6 4 12 1      13500      90000 
297	1241750	0 1 0 1 1 1 1 1 0 1 0 1 1 1 1 1 1 1 1 1 2 1 1 1 1 1 0 1 2 1 2 1 0 1 1 1 1 1 1 1 1 1 1 1 3 1 1 2 3 3 2 3 1 3 4 3 1 4 8 1      21375      81000 
792	 931540	1 0 1 0 1 0 1 0 1 0 1 0 1 1 1 1 1 1 1 0 1 2 1 1 1 1 1 0 1 1 1 2 1 0 1 1 1 1 1 1 1 1 1 1 1 3 2 1 3 2 3 2 3 1 3 4 4 1 1 13      81000      13154 
990	 770000	1 1 0 1 0 1 1 1 2 1 1 1 1 1 0 1 0 1 1 1 1 1 1 1 2 1 2 1 1 1 1 1 1 1 2 1 1 1 1 1 1 1 1 1 1 1 0 2 2 3 1 3 1 3 2 3 7 3 6 2      20000      70000 
1386	 670000	0 1 0 1 0 1 1 1 0 1 0 1 0 1 0 1 0 1 1 1 1 1 1 1 1 1 2 1 1 1 2 1 1 1 2 1 1 1 1 1 2 1 2 1 2 1 0 2 2 3 1 3 2 3 2 3 7 3 7 2      20000      70000 
1881	 570860	1 0 1 0 1 0 1 0 1 0 1 1 1 0 1 0 1 0 1 1 1 1 1 1 1 1 1 2 1 1 1 2 1 1 1 1 1 1 1 2 1 2 1 2 1 2 2 0 3 2 3 1 3 2 3 2 3 7 2 7      67501      16714 
2079	 190000	1 0 1 0 1 0 1 0 1 0 1 0 1 0 1 0 1 0 1 1 1 1 1 1 1 1 1 2 1 1 1 2 1 2 1 2 1 1 1 2 1 2 1 2 1 2 2 1 3 2 3 1 3 2 3 2 3 5 2 7      63000      18000 
4446	 122224	1 0 1 0 1 0 1 0 1 0 1 0 1 0 1 0 1 0 1 1 1 1 1 1 1 1 1 1 1 1 1 1 1 2 1 1 1 2 1 2 1 2 1 2 1 2 2 1 3 2 3 2 3 2 3 1 3 5 2 9      66000      16444 
8001	 120000	1 0 1 0 1 0 1 0 1 0 1 0 1 0 1 0 1 0 1 1 1 1 1 1 1 1 1 1 1 1 1 1 1 1 1 1 1 1 1 2 1 2 1 2 1 2 2 1 3 2 3 2 3 2 3 2 3 5 2 10      66000      16000 
9090	 105884	1 0 1 0 1 0 1 0 1 0 1 0 1 0 1 0 1 0 1 1 1 1 1 1 1 1 1 1 1 2 1 1 1 1 1 1 1 1 1 2 1 2 1 2 1 2 2 1 3 2 3 2 3 2 3 2 3 5 2 9      65881      16471 
0	 780500	1 0 1 0 1 0 1 0 1 0 1 0 1 0 1 0 1 0 1 1 1 1 1 1 1 1 1 2 0 4 1 2 1 1 1 2 1 2 1 2 1 2 1 2 1 2 2 2 3 2 3 2 2 3 3 3 4 2 3 3      69750      22500 
2862	 540000	1 0 1 0 1 0 1 0 1 0 1 0 1 0 1 0 1 0 1 1 1 1 1 1 1 1 1 2 1 3 1 2 1 1 1 2 1 2 1 2 1 2 1 2 1 2 2 1 3 1 3 2 2 5 3 2 3 3 3 4      70000      15000 
2961	 514000	1 0 1 0 1 0 1 0 1 0 1 0 1 0 1 0 1 0 1 1 1 1 1 1 1 1 1 1 1 1 1 2 1 1 1 2 1 2 1 2 1 2 1 2 1 2 2 1 3 2 3 2 2 7 3 2 3 3 3 4      70000      14000 
3258	 105600	1 0 1 0 1 0 1 0 1 0 1 0 1 0 1 0 1 0 1 1 1 1 1 1 1 1 1 1 1 1 1 1 1 1 1 1 1 2 1 2 1 2 1 2 1 2 2 1 3 2 3 2 2 6 3 2 3 5 3 5      66000      16400 
0	2966000	1 0 0 1 1 0 0 2 1 0 0 3 0 1 0 3 0 3 2 0 1 0 1 1 0 2 1 1 2 2 1 0 1 0 1 0 1 2 0 2 3 0 1 1 2 1 3 1 3 4 3 2 5 2 1 3 3 4 4 1      81000      63000 
99	1502000	1 0 1 0 1 0 1 1 1 0 1 1 1 0 1 1 1 1 1 2 1 0 1 3 1 2 1 0 1 1 1 0 1 1 1 1 1 1 1 2 1 0 1 0 1 0 2 3 3 0 3 2 3 3 3 3 4 5 1 9      90000      18000 
198	1462000	1 0 1 3 1 1 1 0 1 1 1 1 1 3 1 1 1 1 1 1 1 0 1 1 1 3 1 0 1 1 1 1 1 3 1 1 1 0 1 1 1 1 1 0 1 1 2 1 3 0 3 2 3 2 3 2 4 1 1 9      90000      18000 
297	1223750	1 0 1 1 1 1 1 1 1 1 1 1 1 0 1 4 1 0 1 1 1 0 1 1 1 1 1 1 1 1 1 1 1 1 1 0 1 1 1 1 1 1 1 1 1 2 2 2 3 1 3 2 3 1 3 1 4 5 1 8      81000      21375 
396	1124000	0 1 1 1 1 1 0 1 1 1 1 1 3 1 1 1 1 1 1 1 0 1 1 1 3 1 0 1 1 1 1 1 3 1 1 1 1 1 1 1 1 1 1 1 1 1 1 2 0 3 2 3 2 3 2 3 1 4 9 1      19000      81000 
495	 790000	0 1 1 1 0 1 0 1 0 1 1 1 1 1 1 1 1 1 0 1 0 1 0 1 0 1 3 1 2 1 2 1 0 1 0 1 0 1 1 1 3 1 1 1 1 1 1 2 3 3 1 3 2 3 5 2 6 3 6 3       9000      81000 
693	 690000	1 0 1 0 1 1 1 1 1 1 1 0 1 0 0 4 1 1 1 1 1 1 1 1 1 1 1 1 1 1 1 1 1 1 1 1 1 1 1 2 1 1 1 1 1 1 2 2 3 1 3 1 3 1 3 2 4 5 2 7      70000      20000 
1287	 670000	0 1 1 1 0 1 0 1 1 1 0 1 0 1 1 1 0 1 1 1 1 1 1 1 1 1 1 1 1 1 1 1 1 1 2 1 1 1 1 1 2 1 1 1 2 1 1 2 1 3 1 3 2 3 6 3 4 3 7 2      20000      70000 
1881	 534000	1 0 1 0 1 0 1 0 1 0 1 0 1 1 1 1 1 0 1 1 1 1 1 0 1 1 1 1 1 1 1 1 1 1 1 2 1 1 1 2 1 2 1 2 1 2 2 0 3 2 3 1 3 1 2 6 3 5 3 7      72000      14000 
1980	 524738	1 0 1 0 1 0 1 0 1 0 1 0 1 1 1 1 1 0 1 1 1 1 1 0 1 1 1 1 1 1 1 1 1 1 1 1 1 1 1 2 1 2 1 2 1 2 2 0 3 2 3 1 3 1 2 7 3 5 3 7      72631      12107 
2475	 136668	0 1 0 1 0 1 0 1 0 1 0 1 0 1 0 1 0 1 1 1 1 1 1 1 1 1 1 1 1 1 1 1 1 1 2 1 1 1 2 1 2 1 2 1 2 1 1 2 2 3 1 3 2 3 6 2 5 3 6 3      16334      66000 
5427	 105600	1 0 1 0 1 0 1 0 1 0 1 0 1 0 1 0 1 0 1 1 1 1 1 1 1 1 1 1 1 1 1 1 1 1 1 2 1 1 1 2 1 2 1 2 1 2 2 1 3 2 3 2 3 2 2 6 3 5 3 5      66000      16400 
0	2560000	1 1 1 0 2 0 0 1 1 1 0 4 0 2 2 0 1 1 1 1 0 1 2 0 1 1 0 2 2 2 0 2 0 2 2 0 2 0 1 1 3 0 2 3 2 0 1 1 0 5 3 2 3 2 2 3 3 2 4 2      60000      75000 
99	1160000	0 1 0 1 0 1 1 1 0 1 1 1 1 1 0 1 2 1 1 1 2 1 0 1 1 1 0 1 1 1 1 1 2 1 0 1 0 1 1 1 3 1 1 1 1 1 3 2 0 3 3 3 1 3 5 3 2 4 9 1      19000      81000 
396	1142000	0 1 0 1 0 1 1 1 0 1 1 1 1 1 0 1 2 1 1 1 1 1 0 1 1 1 0 1 1 1 1 1 2 1 0 1 1 1 1 1 3 1 1 1 1 1 3 2 0 3 3 3 1 3 5 3 2 4 9 1      19000      81000 
792	1124000	1 1 1 1 0 1 1 1 1 1 0 1 1 1 1 1 1 1 0 1 0 1 1 1 2 1 1 1 1 1 1 1 1 1 0 1 2 1 1 1 1 1 1 1 2 1 1 2 0 3 3 3 5 3 2 3 1 4 9 1      19000      81000 
891	 718890	0 1 0 1 0 1 1 1 0 1 0 1 1 1 0 1 1 1 0 1 0 1 0 1 1 1 1 1 1 1 1 1 2 1 1 1 1 1 1 1 2 1 2 1 1 1 3 2 0 3 3 3 1 3 5 3 2 3 11 2      11111      78889 
1782	 568712	0 1 0 1 0 1 0 1 0 1 0 1 0 1 0 1 1 1 1 1 0 1 0 1 1 1 1 1 1 1 1 1 2 1 1 1 1 1 2 1 2 1 2 1 2 1 2 2 0 3 1 3 1 3 5 3 4 3 11 2      12258      72581 
2871	 545200	1 0 1 0 1 0 1 0 1 0 1 0 1 0 1 0 1 1 1 0 1 0 1 0 1 1 1 1 1 1 1 1 1 2 1 1 1 1 1 2 1 2 1 2 1 2 2 1 3 1 3 2 3 1 3 5 3 5 2 10      72000      13600 
3564	 538000	0 1 0 1 0 1 0 1 0 1 0 1 1 1 0 1 0 1 0 1 1 1 0 1 1 1 1 1 1 1 1 1 2 1 1 1 1 1 2 1 2 1 2 1 2 1 2 2 1 3 2 3 1 3 6 2 1 4 11 2      14000      72000 
3663	 525640	1 0 1 0 1 0 1 0 1 0 1 0 1 1 1 0 1 0 1 0 1 1 1 0 1 1 1 1 1 1 1 1 1 1 1 1 1 1 1 2 1 2 1 2 1 2 2 2 3 1 3 2 3 1 2 7 4 1 2 11      72000      12364 
3762	 522368	0 1 0 1 0 1 0 1 0 1 0 1 1 1 0 1 0 1 0 1 1 1 0 1 1 1 1 1 1 1 1 1 1 1 1 1 1 1 2 1 2 1 2 1 2 1 1 2 1 3 2 3 2 3 7 2 1 4 11 2      12364      72000 
4158	 172000	1 0 1 0 1 0 1 0 1 0 1 0 1 0 1 0 1 0 1 1 1 1 1 1 1 1 1 2 1 1 1 2 1 1 1 1 1 1 1 2 1 2 1 2 1 2 2 1 3 1 3 1 3 1 2 7 4 1 2 10      66000      15000 
5049	 168000	1 0 1 0 1 0 1 0 1 0 1 0 1 0 1 0 1 0 1 1 1 1 1 1 1 1 1 1 1 1 1 1 1 1 1 1 1 2 1 2 1 2 1 2 1 2 2 1 3 2 3 2 3 1 2 6 4 0 2 11      66000      16000 
5346	 137336	0 1 0 1 0 1 0 1 0 1 0 1 0 1 0 1 0 1 1 1 1 1 1 1 1 1 1 1 1 1 1 1 1 1 2 1 1 1 2 1 2 1 2 1 2 1 1 2 1 3 2 3 2 3 7 2 1 4 9 2      16444      66000 
5445	 122224	0 1 0 1 0 1 0 1 0 1 0 1 0 1 0 1 0 1 1 1 1 1 1 1 1 1 2 1 1 1 2 1 1 1 1 1 1 1 2 1 2 1 2 1 2 1 1 2 1 3 2 3 2 3 6 2 1 4 9 2      16444      66000 
6921	 105886	0 1 0 1 0 1 0 1 0 1 0 1 0 1 0 1 0 1 1 1 1 1 1 1 1 1 2 1 1 1 1 1 1 1 1 1 1 1 2 1 2 1 2 1 2 1 1 2 2 3 2 3 2 3 6 2 1 4 9 2      16470      65883 
0	2007000	1 1 0 1 0 1 0 2 0 1 0 2 0 2 2 1 0 1 1 2 3 0 1 1 0 1 2 1 0 1 1 1 2 0 0 2 0 1 1 2 3 0 1 3 2 2 2 1 2 2 4 1 3 3 4 1 1 4 6 1      40500      81000 
99	1304000	2 0 0 3 2 0 1 1 0 1 0 1 2 0 0 1 0 1 1 1 1 1 1 2 2 0 0 2 2 0 1 1 1 1 3 0 0 3 0 2 0 2 0 2 0 2 2 1 1 3 4 1 3 4 4 1 2 5 7 0      40500      63000 
297	 822000	1 0 1 0 1 1 1 0 1 1 1 0 1 1 1 1 1 0 1 1 1 0 1 2 1 0 1 1 1 1 1 1 1 0 1 1 1 0 1 2 1 2 1 1 1 1 2 2 3 2 3 4 3 3 3 3 3 1 2 10      81000       9000 
396	 804000	1 0 1 0 1 1 1 0 1 1 1 0 1 1 1 1 1 0 1 1 1 0 1 1 1 0 1 1 1 1 1 1 1 0 1 1 1 0 1 2 1 2 1 1 1 1 2 2 3 2 3 4 3 3 3 3 3 1 2 11      81000       9000 
1188	 648624	0 1 0 1 1 1 0 1 1 1 0 1 0 1 0 1 0 1 0 1 0 1 1 1 0 1 1 1 1 1 1 1 1 1 1 1 1 1 2 1 2 1 2 1 2 1 2 2 1 3 4 3 2 3 3 3 2 3 11 2      11586      76276 
1485	 592184	0 1 0 1 1 1 0 1 1 1 0 1 0 1 0 1 0 1 0 1 0 1 1 1 0 1 1 1 1 1 1 1 1 1 1 1 1 1 2 1 2 1 2 1 2 1 1 2 1 3 4 3 2 3 3 3 3 3 11 2      12364      72000 
2277	 496184	0 1 0 1 0 1 0 1 0 1 0 1 0 1 0 1 0 1 0 1 1 1 1 1 1 1 1 1 1 1 2 1 1 1 1 1 1 1 2 1 2 1 3 1 2 1 1 2 1 3 2 3 1 3 2 3 5 3 11 2      12364      72000 
3168	 120000	1 0 1 0 1 0 1 0 1 0 1 0 1 0 1 0 1 0 1 1 1 1 1 1 1 1 1 1 1 1 1 1 1 1 1 1 1 1 1 2 1 2 1 2 1 2 2 1 3 2 3 2 3 2 3 2 3 5 2 10      66000      16000 
5535	 105884	1 0 1 0 1 0 1 0 1 0 1 0 1 0 1 0 1 0 1 1 1 1 1 1 1 1 1 1 1 1 1 1 1 1 1 1 1 2 1 2 1 2 1 2 1 2 2 1 3 2 3 2 3 2 3 2 3 5 2 9      65881      16471 
0	2958000	0 1 1 0 1 0 0 1 0 1 2 0 0 1 0 2 1 1 1 0 0 2 1 1 1 1 0 2 0 2 1 0 4 0 3 0 1 1 2 0 2 0 1 2 1 2 1 3 3 1 5 1 0 4 1 4 4 3 5 6      81000      63000 
99	1406012	0 1 1 1 1 1 1 1 1 1 2 1 1 1 0 1 1 1 1 1 1 1 0 1 0 1 1 1 0 1 0 1 1 1 0 1 0 1 1 1 1 1 2 1 1 1 1 2 1 3 4 3 3 3 1 3 8 4 7 1      24429      81000 
198	1160000	0 1 0 1 1 1 1 1 1 1 0 1 0 1 0 1 2 1 1 1 1 1 1 1 1 1 1 1 0 1 2 1 0 1 0 1 1 1 1 1 1 1 2 1 1 1 3 2 2 3 3 3 3 3 1 3 3 4 9 1      19000      81000 
792	1124000	1 1 1 0 1 1 1 1 1 1 1 0 1 0 1 0 1 1 1 1 1 1 1 1 1 1 1 1 1 1 1 1 1 0 1 1 1 1 1 1 1 1 1 2 1 1 2 2 3 2 3 3 3 3 3 1 4 3 1 9      81000      19000 
1188	 830000	1 0 1 0 1 1 1 1 1 1 1 0 1 0 1 0 1 1 1 0 1 1 1 1 1 1 1 1 1 0 1 2 1 0 1 0 1 1 1 1 1 1 1 2 1 1 2 3 3 1 2 5 3 3 3 1 4 2 2 11      81000       9500 
1287	 804000	1 0 1 0 1 0 1 1 1 0 1 0 1 0 1 0 1 1 1 1 1 1 1 1 1 0 1 1 1 0 1 2 1 0 1 1 1 1 1 1 1 1 1 2 1 1 2 3 3 2 3 3 3 5 3 1 3 3 2 10      81000       9000 
1386	 768000	1 1 1 1 1 1 1 1 1 1 1 1 0 1 0 1 1 1 1 1 1 1 1 1 1 1 1 1 1 1 1 1 1 1 1 1 1 1 1 1 1 1 1 1 1 1 2 2 2 3 2 3 3 3 1 3 3 4 8 1      27000      63000 
1485	 685000	0 1 0 1 1 1 1 1 1 1 1 1 0 1 0 1 1 1 1 1 1 1 1 1 1 1 1 1 1 1 1 1 1 1 1 1 1 1 1 1 2 1 2 1 1 1 1 2 2 3 2 3 2 3 2 3 3 4 9 1      23750      66250 
1782	 683334	1 0 1 0 1 1 1 1 1 0 1 1 1 0 1 0 1 0 1 1 1 1 1 1 1 1 1 1 1 1 1 1 1 1 1 1 1 1 1 1 1 1 1 2 1 2 2 2 3 2 3 2 3 3 3 1 4 3 1 10      68889      21111 
2475	 495000	1 0 1 0 1 1 1 1 1 0 1 0 1 0 1 0 1 0 1 1 1 1 1 1 1 1 1 1 1 1 1 1 1 2 1 1 1 1 1 2 1 2 1 2 1 2 2 1 3 2 3 2 3 2 3 2 4 1 1 11      65000      17500 
3762	 470000	1 0 1 0 1 0 1 0 1 0 1 1 1 0 1 0 1 0 1 1 1 1 1 1 1 1 1 1 1 1 1 1 1 1 1 1 1 2 1 2 1 2 1 2 1 2 2 1 3 2 3 2 3 2 3 2 4 1 1 12      64706      17941 
5436	 105888	1 0 1 0 1 0 1 0 1 0 1 0 1 0 1 0 1 0 1 1 1 1 1 1 1 1 1 1 1 1 1 1 1 1 1 2 1 1 1 2 1 2 1 2 1 2 2 1 3 2 3 2 3 2 3 2 4 1 1 13      65882      16471 
0	2962000	0 2 1 1 0 2 1 0 0 1 2 0 0 1 1 0 1 1 0 2 1 3 1 1 1 1 1 1 0 5 1 0 1 1 1 0 3 0 0 3 1 1 1 2 2 1 1 4 4 1 5 1 2 2 3 0 2 3 5 2      81000      63000 
99	1010736	1 1 1 0 1 0 1 1 1 1 1 2 1 0 1 1 1 0 1 0 1 1 1 0 1 1 1 0 1 1 1 0 1 1 1 1 1 1 1 1 1 3 1 1 1 2 2 1 3 1 3 1 3 1 3 4 4 4 1 11      81000      15546 
198	 786000	1 0 1 0 1 0 1 0 1 0 1 0 1 0 1 0 1 0 1 1 1 1 1 1 1 1 1 1 1 2 1 1 1 2 1 2 1 2 1 2 1 2 1 2 1 2 2 1 3 3 3 3 3 2 3 3 4 1 1 7      63000      27000 
495	 629500	1 0 1 0 1 1 1 1 1 0 1 1 1 1 1 0 1 0 1 1 1 1 1 1 1 1 1 1 1 1 1 1 1 1 1 1 1 2 1 2 1 2 1 2 1 2 2 1 3 2 3 3 3 2 3 2 4 1 1 8      63000      23625 
792	 490000	0 1 0 1 0 1 0 1 0 1 0 1 1 1 0 1 0 1 1 1 1 1 1 1 1 1 2 1 1 1 1 1 1 1 1 1 2 1 2 1 2 1 2 1 2 1 1 2 2 3 2 3 2 3 2 3 1 4 11 1      17500      65000 
1872	 117652	0 1 0 1 0 1 0 1 0 1 0 1 0 1 0 1 0 1 1 1 1 1 1 1 1 1 1 1 1 1 1 1 1 1 1 1 1 1 2 1 2 1 2 1 2 1 2 2 2 3 2 3 2 3 2 3 1 4 13 1      16471      65882 
2862	 105888	0 1 0 1 0 1 0 1 0 1 0 1 0 1 0 1 0 1 1 1 1 1 1 1 1 1 1 1 1 1 1 1 2 1 1 1 1 1 2 1 2 1 2 1 2 1 1 2 2 3 2 3 2 3 2 3 1 4 13 1      16471      65882 