
0	1671000	1 1 1 1 0 1 0 1 0 1 2 0 0 1 0 1 0 1 2 0 0 1 2 0 0 1 2 0 1 1 2 0 1 1 4 0 2 0 1 1 0 2 0 2 1 1 0 5 2 3 1 3 4 1 2 2 4 3 7 7      40500      72000 
99	 600000	0 1 0 1 0 1 0 1 0 1 0 1 0 1 0 1 0 1 1 1 1 1 1 1 1 1 1 1 1 1 2 1 2 1 1 1 2 1 2 1 2 1 2 1 2 1 2 2 5 2 4 2 2 3 3 3 2 4 3 3      19500      64500 
297	 167432	1 0 1 0 1 0 1 0 1 0 1 0 1 0 1 0 1 0 1 1 1 1 1 1 1 1 1 1 1 2 1 1 1 2 1 1 1 2 1 2 1 2 1 2 1 2 2 2 2 5 2 5 3 2 3 2 4 1 3 4      65858      16571 
1674	 138574	0 1 0 1 0 1 0 1 0 1 0 1 0 1 0 1 0 1 1 1 1 1 1 1 1 1 1 1 1 1 1 1 2 1 2 1 2 1 2 1 2 1 2 1 2 1 1 2 5 2 5 2 2 3 2 3 1 4 5 3      16571      65858 
2070	 105336	0 1 0 1 0 1 0 1 0 1 0 1 0 1 0 1 0 1 1 1 1 1 1 1 1 1 1 1 1 1 1 1 2 1 1 1 1 1 2 1 2 1 2 1 2 1 1 2 6 2 6 2 2 3 2 3 1 4 5 3      16334      65998 
0	2787000	2 0 1 1 0 2 1 1 1 1 0 2 0 1 0 3 0 1 0 1 2 1 0 1 0 2 0 2 1 2 0 2 2 0 0 2 1 1 2 0 2 0 2 0 1 2 1 2 3 2 4 1 1 4 2 1 3 4 10 0      67500      72000 
99	1066000	1 1 1 1 0 1 1 1 1 1 0 1 0 1 0 1 0 1 0 1 2 1 0 1 0 1 1 1 1 1 0 1 2 1 0 1 1 1 2 1 2 1 2 1 1 1 1 2 3 3 4 3 1 3 2 3 3 4 10 1      17100      81000 
495	 924000	0 1 1 1 0 1 1 1 1 1 1 1 0 1 2 1 0 1 1 1 1 1 0 1 1 1 1 1 1 1 1 1 1 1 1 1 1 1 1 1 1 1 2 1 1 1 2 2 2 3 5 3 1 3 1 3 3 4 8 1      22500      72000 
1188	 838000	0 1 1 1 1 1 0 1 1 1 0 1 0 1 0 1 1 1 1 1 1 1 1 1 1 1 1 1 1 1 1 1 2 1 2 1 1 1 2 2 1 1 2 1 1 1 2 2 4 2 3 2 3 2 3 3 3 3 2 4      27000      63000 
1386	 690000	1 1 1 0 1 1 1 0 1 0 1 2 1 0 1 2 1 0 1 1 1 1 0 4 1 1 1 1 1 1 1 2 1 1 1 1 1 1 1 1 1 1 1 2 1 2 2 1 3 3 3 3 3 1 3 1 3 3 3 4      70000      20000 
3357	 580000	1 0 1 0 1 0 1 0 1 0 1 1 1 0 1 1 1 0 1 1 1 1 1 3 1 1 1 1 1 1 1 2 1 1 1 2 1 1 1 2 1 2 1 2 1 2 2 1 3 3 2 5 3 1 3 1 3 3 3 4      70000      15000 
3852	 578000	0 1 0 1 0 1 0 1 0 1 1 1 0 1 1 1 0 1 1 1 1 1 1 1 1 1 1 1 1 1 1 1 1 1 1 1 1 1 2 1 2 1 3 1 3 1 1 2 3 3 5 2 2 3 2 3 3 3 4 3      16000      68000 
3951	 562000	0 1 0 1 0 1 0 1 0 1 1 1 0 1 1 1 0 1 1 1 1 1 4 0 1 1 2 1 1 1 1 1 1 1 1 1 1 1 2 1 2 1 2 1 2 1 1 2 2 3 4 3 2 3 1 3 4 3 4 3      18000      66000 
4050	 540668	0 1 0 1 0 1 0 1 0 1 1 1 0 1 1 1 0 1 1 1 1 1 4 0 1 1 1 1 1 1 1 1 1 1 1 1 1 1 2 1 2 1 2 1 2 1 1 2 2 3 4 3 2 3 2 3 4 3 4 3      18000      64667 
4149	 530000	0 1 0 1 0 1 0 1 0 1 1 1 0 1 1 1 0 1 1 1 1 1 1 1 1 1 2 1 1 1 1 1 1 1 1 1 1 1 2 1 3 1 2 1 2 1 1 2 2 3 5 2 2 3 2 3 4 3 4 3      16667      66666 
5337	 188000	1 0 1 0 1 0 1 0 1 0 1 0 1 0 1 0 1 0 1 1 1 1 1 1 1 1 1 1 1 1 1 2 1 1 1 1 1 1 1 2 1 2 1 2 1 2 2 1 2 5 2 6 3 2 3 1 4 3 3 5      63800      17600 
6327	 121336	1 0 1 0 1 0 1 0 1 0 1 0 1 0 1 0 1 0 1 1 1 1 1 1 1 1 1 1 1 2 1 1 1 2 1 1 1 1 1 2 1 2 1 2 1 2 2 1 2 6 2 6 3 2 3 1 4 1 3 5      66000      16334 
10566	 117274	1 0 1 0 1 0 1 0 1 0 1 0 1 0 1 0 1 0 1 1 1 1 1 1 1 1 1 1 1 1 1 1 1 1 1 1 1 1 1 2 1 2 1 2 1 2 2 2 2 6 2 6 3 2 3 2 4 1 3 5      65909      16364 
10764	 105336	1 0 1 0 1 0 1 0 1 0 1 0 1 0 1 0 1 0 1 1 1 1 1 1 1 1 1 1 1 1 1 1 1 1 1 2 1 1 1 2 1 2 1 2 1 2 2 1 2 6 2 6 3 2 3 2 4 1 3 5      65998      16334 
0	2578000	0 1 1 0 2 0 0 1 0 2 1 0 0 5 0 1 0 1 2 0 2 0 1 0 0 2 0 2 1 1 2 0 1 2 1 2 1 1 1 1 0 3 0 2 1 1 2 2 4 3 3 2 1 3 3 1 5 2 7 1      72000      63000 
99	 818000	0 1 0 1 1 1 0 1 0 1 0 1 0 1 0 1 1 1 0 1 1 1 1 1 0 1 1 1 1 1 1 1 1 1 1 1 3 1 2 1 1 1 2 1 3 1 5 2 1 3 3 3 1 3 2 3 1 4 9 1      20000      72000 
1188	 802000	0 1 0 1 1 1 0 1 0 1 0 1 0 1 0 1 1 1 1 1 1 1 1 1 0 1 1 1 1 1 1 1 1 1 1 1 3 1 2 1 1 1 2 1 3 1 4 2 1 3 3 3 1 3 2 3 1 4 9 1      20000      72000 
1386	 706000	1 1 1 1 1 1 1 1 1 1 1 1 1 1 1 1 1 1 1 1 1 1 1 1 1 1 1 1 1 1 1 1 1 1 1 1 2 1 1 1 1 1 2 1 1 1 1 2 2 3 2 3 2 3 2 3 2 4 6 1      38000      52000 
3258	 686000	1 1 1 1 1 1 1 1 1 1 1 1 1 1 1 1 1 1 1 1 1 1 1 1 1 1 1 1 1 1 1 1 1 1 1 1 1 1 2 1 1 1 2 1 1 1 1 2 2 3 2 3 2 3 2 3 2 4 6 1      38000      52000 
5535	 676668	0 1 1 1 1 1 1 1 1 1 1 1 1 1 1 1 1 1 1 1 1 1 1 1 1 1 1 1 1 1 1 1 1 1 1 1 1 1 2 1 1 1 2 1 1 1 1 2 2 3 2 3 2 3 2 3 2 4 7 1      31667      58333 
6525	 657300	1 0 1 0 1 1 1 1 1 1 1 1 1 1 1 1 1 1 1 1 1 1 1 1 1 1 1 1 1 1 1 1 1 1 1 1 1 1 1 2 1 2 1 2 1 2 2 1 3 1 3 2 3 2 3 2 4 2 1 7      59850      27450 
8505	 606000	0 1 0 1 1 1 0 1 1 1 1 1 1 1 1 1 1 1 1 1 1 1 1 1 1 1 1 1 1 1 1 1 1 1 1 1 1 1 2 1 2 1 2 1 2 1 1 2 1 3 2 3 2 3 1 3 2 4 9 1      21000      63000 
9000	 497100	0 1 0 1 0 1 0 1 1 1 0 1 0 1 1 1 1 1 1 1 1 1 1 1 1 1 1 1 1 1 1 1 1 1 1 1 1 1 2 1 2 1 2 1 2 1 1 2 2 3 2 3 2 3 2 3 1 4 11 1      19675      63550 
9693	 490000	1 0 1 0 1 0 1 0 1 0 1 0 1 0 1 0 1 1 1 1 1 1 1 1 1 1 1 2 1 1 1 1 1 1 1 1 1 2 1 2 1 2 1 2 1 2 2 1 3 2 3 2 3 2 3 2 4 1 1 11      65000      17500 
10782	 105888	0 1 0 1 0 1 0 1 0 1 0 1 0 1 0 1 0 1 1 1 1 1 1 1 1 1 2 1 1 1 1 1 1 1 1 1 1 1 2 1 2 1 2 1 2 1 1 2 2 3 2 3 2 3 2 3 1 4 13 1      16471      65882 
0	2025000	0 2 0 3 1 0 1 0 0 4 1 1 1 0 1 1 1 0 2 0 1 0 1 1 0 3 1 0 1 0 2 0 0 2 1 0 1 1 1 2 1 2 2 1 2 1 2 0 3 3 3 1 1 6 1 5 3 3 7 0      81000      40500 
99	 897720	0 1 0 1 1 1 0 1 1 1 1 1 1 1 1 1 0 1 2 1 0 1 1 1 0 1 1 1 2 1 0 1 1 1 1 1 0 1 1 1 2 1 1 1 1 1 0 2 2 3 1 3 3 3 1 3 3 4 14 1      12215      81000 
891	 879720	1 0 1 0 1 1 1 0 1 1 1 1 1 1 1 1 1 0 1 1 1 0 1 1 1 0 1 1 1 2 1 0 1 1 1 1 1 1 1 1 1 2 1 1 1 1 2 0 3 2 3 1 3 3 3 1 4 3 1 14      81000      12215 
1782	 770000	0 1 1 1 1 1 1 1 1 1 1 1 1 1 1 1 1 1 1 1 1 1 1 2 1 1 2 1 1 1 1 1 3 0 1 1 1 1 1 1 1 1 1 1 1 1 3 1 3 2 2 3 2 3 2 3 3 3 2 4      30000      60000 
2079	 730000	0 1 1 1 1 1 1 1 1 1 1 1 1 1 1 1 1 1 1 1 1 1 1 1 1 1 2 1 1 1 1 1 3 0 1 1 1 1 1 1 1 1 1 1 1 1 3 1 3 3 2 3 2 3 2 3 3 3 2 4      30000      60000 
2376	 710000	1 1 1 1 1 1 1 1 1 1 1 1 1 1 1 1 1 1 1 1 1 1 1 1 1 1 1 1 1 1 1 1 1 1 1 1 1 1 1 1 1 1 2 1 1 1 2 2 2 3 2 3 3 2 2 3 2 4 5 2      40000      50000 
3663	 670000	1 1 1 0 1 1 1 0 1 1 1 1 1 0 1 1 1 1 1 1 1 1 1 1 1 1 1 1 1 1 1 1 1 1 1 1 1 1 1 2 1 1 1 2 1 2 2 1 3 2 3 2 2 4 3 2 4 2 2 6      65000      25000 
3861	 617640	1 0 1 0 1 1 1 1 1 1 1 1 1 1 1 1 1 1 1 1 1 1 1 1 1 1 1 1 1 1 1 1 1 1 1 1 1 1 1 2 1 2 1 2 1 2 2 1 3 2 3 2 2 4 3 2 4 1 2 5      58727      26909 
5238	 603200	0 1 0 1 0 1 0 1 0 1 0 1 0 1 0 1 0 1 1 1 1 1 1 1 0 1 2 1 1 1 2 1 2 1 2 1 2 1 2 1 2 1 2 1 2 1 2 2 3 3 5 2 2 3 2 3 3 3 3 3      12600      72000 
6624	 570750	0 1 0 1 1 1 0 1 1 1 1 1 0 1 0 1 0 1 1 1 1 1 1 1 1 1 2 1 1 1 1 1 1 1 1 1 1 1 2 1 2 1 2 1 2 1 1 2 2 3 4 2 5 2 1 3 2 4 5 3      20125      63250 
7020	 543750	1 0 1 0 1 1 1 0 1 1 1 1 1 0 1 0 1 0 1 1 1 1 1 1 1 1 1 1 1 1 1 1 1 1 1 1 1 1 1 2 1 2 1 2 1 2 2 1 3 2 2 4 2 5 3 2 4 2 3 5      63250      20125 
7416	 500000	1 0 1 0 1 1 1 0 1 0 1 1 1 0 1 0 1 0 1 1 1 1 1 1 1 1 1 1 1 2 1 1 1 1 1 1 1 1 1 2 1 2 1 2 1 2 2 1 3 2 3 2 2 5 3 2 3 4 3 5      65000      17500 
8406	 485000	0 1 0 1 1 1 0 1 0 1 1 1 0 1 0 1 0 1 1 1 1 1 1 1 1 1 1 1 1 1 1 1 1 1 1 1 1 1 2 1 2 1 2 1 2 1 1 2 2 3 2 3 5 2 2 3 5 3 5 3      17500      65000 
11565	 139200	1 0 1 0 1 0 1 0 1 0 1 0 1 0 1 0 1 0 1 1 1 1 1 1 1 1 1 2 1 2 1 2 1 1 1 1 1 1 1 2 1 2 1 2 1 2 2 1 3 2 3 2 2 6 3 1 3 4 3 5      66000      16400 
0	2550000	0 1 1 0 0 5 0 2 1 0 2 1 0 3 1 0 0 2 1 0 1 0 0 4 2 0 1 2 1 1 2 1 1 1 1 0 1 1 1 1 1 2 2 0 2 0 1 3 3 0 4 1 2 3 3 2 1 6 6 0      81000      54000 
99	1091600	0 1 0 1 0 1 1 1 1 1 1 1 0 1 0 1 0 1 1 1 1 1 1 1 0 1 0 1 4 1 1 1 0 1 0 1 1 1 1 1 1 1 1 1 2 1 5 2 3 3 3 3 1 3 1 3 2 4 10 1      17100      81000 
495	1078000	1 1 0 1 1 1 1 1 1 1 1 1 1 1 0 1 0 1 1 1 1 1 1 1 1 1 3 1 0 1 1 1 0 1 0 2 0 1 1 1 1 1 1 1 1 1 4 1 5 3 3 2 3 2 1 3 1 4 7 3      15000      81000 
891	 720000	1 0 1 0 1 0 1 1 1 1 1 0 1 1 1 0 1 1 1 1 1 1 1 1 1 1 1 1 1 2 1 1 1 2 2 1 1 1 1 2 1 1 1 2 1 2 1 3 3 2 2 4 2 4 3 2 4 1 3 3      65000      25000 
1287	 700000	1 0 1 0 1 0 1 1 1 1 1 0 1 1 1 0 1 1 1 1 1 1 1 1 1 1 1 1 1 2 1 1 1 2 1 1 1 1 1 2 1 1 1 2 1 2 2 3 3 2 2 4 2 4 3 2 4 1 3 3      65000      25000 
1980	 568668	0 1 0 1 0 1 1 1 0 1 0 1 0 1 0 1 1 1 1 1 1 1 1 1 1 1 1 1 1 1 2 1 1 1 0 2 1 1 2 1 2 1 2 1 2 1 4 1 2 3 5 2 5 2 2 3 1 4 3 3      20666      63334 
2178	 539200	1 0 1 0 1 0 1 1 1 0 1 0 1 0 1 0 1 1 1 1 1 1 1 1 1 1 1 1 1 1 1 1 1 1 2 0 1 1 1 2 1 2 1 2 1 2 1 4 3 2 2 5 2 5 3 2 4 1 3 4      63000      20800 
2871	 495716	1 0 1 0 1 0 1 0 1 0 1 0 1 1 1 0 1 0 1 1 1 1 1 1 1 1 1 1 1 2 1 1 1 1 1 2 1 1 1 2 1 2 1 2 1 2 2 1 3 2 2 6 2 5 3 2 4 1 3 4      65714      17143 
4743	 168500	0 1 0 1 0 1 0 1 0 1 0 1 0 1 0 1 0 1 1 1 1 1 1 1 1 1 2 1 1 1 1 1 1 1 2 1 2 1 2 1 2 1 2 1 2 1 2 2 2 3 2 3 5 2 2 3 4 3 4 3      16750      65500 
8190	 122004	0 1 0 1 0 1 0 1 0 1 0 1 0 1 0 1 0 1 1 1 1 1 1 1 1 1 2 1 1 1 2 1 1 1 1 1 1 1 2 1 2 1 2 1 2 1 1 2 2 3 6 2 6 2 2 3 0 4 5 3      16334      66000 
8685	 105336	0 1 0 1 0 1 0 1 0 1 0 1 0 1 0 1 0 1 1 1 1 1 1 1 1 1 2 1 1 1 1 1 1 1 1 1 1 1 2 1 2 1 2 1 2 1 1 2 2 3 6 2 6 2 2 3 1 4 5 3      16334      65998 
0	2742000	1 0 1 0 1 0 1 3 2 0 1 1 2 0 0 2 0 2 2 0 1 0 2 2 0 2 3 0 1 2 1 1 1 0 1 2 1 1 1 2 2 0 0 2 0 3 2 1 4 1 1 3 3 2 2 1 1 3 4 6      81000      57000 
99	1142000	1 0 1 0 1 0 1 1 1 0 1 1 1 1 1 0 1 1 1 0 1 0 1 1 1 0 1 1 1 2 1 1 1 0 1 0 1 1 1 2 1 2 1 2 1 1 2 2 3 2 3 2 3 2 3 4 4 4 1 9      81000      19000 
396	1077400	1 1 1 1 0 1 1 1 1 1 0 1 1 1 1 1 1 1 1 1 0 1 1 1 0 1 0 1 1 1 3 1 2 1 0 1 1 1 1 1 1 1 1 1 1 1 1 2 3 3 1 3 2 3 1 3 4 4 10 1      17100      81000 
1089	 834000	1 1 1 1 0 1 1 1 1 1 1 1 1 1 0 1 1 1 0 1 1 1 1 1 0 1 1 1 1 1 1 1 1 1 1 1 1 1 2 1 1 1 2 1 1 1 1 2 1 3 1 3 1 3 4 3 4 4 9 1      20000      72000 
1287	 788000	1 1 1 1 1 1 0 1 1 1 1 1 1 1 1 1 1 1 1 1 1 1 1 1 1 1 1 1 1 1 1 1 2 1 1 1 1 1 1 1 3 1 1 1 1 1 1 2 2 3 2 3 2 3 1 3 2 4 7 1      27000      63000 
1584	 782000	1 1 1 1 0 1 1 1 1 1 0 1 1 1 1 1 1 1 1 1 0 1 1 1 1 1 1 1 1 1 2 1 1 1 1 1 1 1 1 1 1 1 1 1 1 1 1 2 3 3 1 3 1 3 1 3 4 4 10 1      18000      72000 
2079	 770000	1 1 1 1 1 1 1 1 1 1 1 1 1 1 1 1 1 1 1 1 1 1 1 1 1 1 1 1 1 1 1 1 1 1 2 1 1 1 1 1 1 1 1 1 1 1 2 2 3 3 2 3 4 1 2 3 2 4 3 3      40000      50000 
2277	 750000	1 1 1 1 1 1 1 1 1 1 1 1 1 1 1 1 1 1 1 1 1 1 1 1 1 1 1 1 1 1 1 1 1 1 1 1 1 1 1 1 1 1 1 1 1 2 2 2 2 3 3 2 3 2 3 2 4 3 2 4      40000      50000 
2871	 683334	0 1 1 1 1 1 1 1 1 1 1 1 1 1 1 1 1 1 1 1 1 1 1 1 1 1 1 1 1 1 1 1 1 1 1 1 1 1 1 1 2 1 2 1 1 1 1 2 4 2 2 3 2 3 2 3 2 4 5 2      33333      56667 
3564	 594000	1 0 1 1 1 1 1 0 1 1 1 0 1 1 1 0 1 1 1 1 1 1 1 1 1 1 1 1 1 1 1 1 1 1 1 1 1 1 1 2 1 2 1 2 1 2 2 1 2 4 3 2 3 2 3 2 4 2 2 6      63000      21000 
7209	 510000	0 1 0 1 1 1 0 1 1 1 0 1 0 1 0 1 0 1 1 1 1 1 1 1 1 1 1 1 1 1 1 1 1 1 1 1 1 1 2 1 2 1 2 1 2 1 1 2 3 3 2 3 2 3 2 3 4 3 8 2      19000      64000 
9090	 487392	1 0 1 0 1 1 1 0 1 1 1 0 1 0 1 0 1 0 1 1 1 1 1 1 1 1 1 1 1 1 1 1 1 1 1 1 1 1 1 2 1 2 1 2 1 2 2 1 3 2 3 2 3 2 3 2 3 4 2 9      65652      16522 
0	2944000	2 0 1 1 2 0 0 1 0 2 1 0 1 0 0 1 2 0 0 1 2 0 0 1 0 1 1 1 1 1 2 1 1 1 1 3 0 1 2 2 1 1 0 5 2 0 2 1 0 4 3 2 2 5 5 1 1 4 7 1      63000      81000 
99	 798000	1 1 0 1 1 1 1 1 1 1 1 1 1 1 1 1 0 1 1 1 1 1 0 1 2 1 3 1 2 1 1 1 1 1 1 1 1 1 2 1 1 1 1 1 4 1 1 2 1 3 1 3 0 3 0 3 1 4 10 1      18000      72000 
1872	 784000	1 1 0 1 1 1 1 1 1 1 1 1 1 1 1 1 0 1 1 1 1 1 0 1 2 1 3 1 2 1 1 1 1 1 1 1 1 1 2 1 1 1 1 1 4 1 1 2 1 3 1 3 0 3 0 3 1 3 10 2       9000      81000 
2070	 688184	1 1 0 1 0 1 1 1 0 1 0 1 1 1 1 1 0 1 1 1 1 1 0 1 2 1 3 1 2 1 1 1 1 1 1 1 1 1 2 1 1 1 2 1 3 1 1 2 1 3 1 3 1 3 0 3 1 4 12 1      17273      72727 
3060	 664546	1 1 0 1 0 1 0 1 0 1 1 1 0 1 1 1 0 1 1 1 1 1 0 1 1 1 3 1 2 1 1 1 1 1 1 1 1 1 2 1 2 1 1 1 4 1 1 2 1 3 1 3 1 3 1 3 1 4 12 1      17273      72727 
4644	 523000	0 1 0 1 0 1 1 1 0 1 0 1 1 1 1 1 1 1 1 1 1 1 1 1 1 1 1 1 1 1 1 1 1 1 1 1 1 1 2 1 2 1 2 1 2 1 1 2 2 3 2 3 2 3 2 3 1 4 10 1      20500      63000 
5931	 495000	0 1 0 1 0 1 0 1 0 1 0 1 1 1 1 1 0 1 1 1 1 1 1 1 1 1 1 1 1 1 1 1 1 1 2 1 1 1 2 1 2 1 2 1 2 1 1 2 2 3 2 3 2 3 2 3 1 4 11 1      17500      65000 
6228	 146000	0 1 0 1 0 1 0 1 0 1 0 1 0 1 0 1 0 1 1 1 1 1 1 1 1 1 2 1 1 1 1 1 1 1 2 1 2 1 2 1 2 1 2 1 2 1 1 2 2 3 2 3 2 3 2 3 1 4 11 1      17000      65000 
6624	 105888	0 1 0 1 0 1 0 1 0 1 0 1 0 1 0 1 0 1 1 1 1 1 1 1 1 1 2 1 1 1 1 1 1 1 1 1 1 1 2 1 2 1 2 1 2 1 1 2 2 3 2 3 2 3 2 3 1 4 13 1      16471      65882 
0	2215730	0 2 1 0 1 0 1 1 1 0 2 0 1 0 1 2 1 0 2 0 2 0 0 2 0 3 2 3 1 0 0 3 0 2 2 0 0 3 1 1 2 1 1 1 0 3 1 2 2 1 2 2 2 5 4 1 1 4 8 0      82285      42430 
99	 853200	0 1 1 1 0 1 0 1 1 1 1 1 0 1 0 1 0 1 1 1 1 1 1 1 1 1 1 1 1 1 0 1 1 1 0 1 1 1 1 1 1 1 2 1 2 1 1 2 4 3 2 3 0 3 2 3 1 4 15 1      11400      81000 
297	 826012	1 1 1 1 1 0 1 0 1 1 1 0 1 0 1 0 1 0 1 1 1 1 1 1 1 1 1 1 1 2 1 2 1 1 1 1 1 1 1 2 1 2 1 2 1 2 2 1 3 3 3 3 3 3 3 2 3 2 2 5      68728      22909 
495	 758000	0 1 0 1 0 1 1 1 0 1 0 1 1 1 1 1 1 1 3 1 1 1 0 1 1 1 2 1 0 1 0 1 2 1 2 1 1 1 2 1 1 1 2 1 2 1 1 2 2 3 1 3 5 2 1 3 3 3 6 3       9000      81000 
891	 722000	1 1 0 1 1 1 1 1 1 1 1 1 1 1 1 1 1 1 1 1 1 1 1 1 1 1 1 1 1 1 1 1 1 1 1 1 1 1 1 1 1 1 1 1 2 1 2 2 2 3 3 3 2 3 2 3 2 4 6 1      36000      54000 
1980	 637500	1 1 1 1 1 1 1 0 1 1 1 0 1 1 1 0 1 0 1 1 1 1 1 1 1 1 1 1 1 1 1 2 1 1 1 1 1 1 1 2 1 2 1 2 1 2 2 0 3 2 3 3 2 4 3 2 3 3 3 4      70000      16750 
2376	 516668	0 1 1 1 0 1 0 1 0 1 0 1 0 1 0 1 0 1 1 1 1 1 1 1 1 1 1 1 1 1 2 1 1 1 1 1 1 1 2 1 2 1 2 1 2 1 1 2 2 3 3 3 5 2 2 3 4 3 5 3      16666      66668 
3951	 123200	0 1 0 1 0 1 0 1 0 1 0 1 0 1 0 1 0 1 1 1 1 1 1 1 1 1 1 1 2 1 1 1 1 1 2 1 1 1 2 1 2 1 2 1 2 1 1 2 2 3 2 3 6 2 2 3 4 3 5 3      16400      66000 
7398	 122224	1 0 1 0 1 0 1 0 1 0 1 0 1 0 1 0 1 0 1 1 1 1 1 1 1 1 1 2 1 1 1 2 1 1 1 1 1 1 1 2 1 2 1 2 1 2 2 1 3 2 3 2 2 5 3 2 3 5 3 5      65557      16666 
7695	 121600	1 0 1 0 1 0 1 0 1 0 1 0 1 0 1 0 1 0 1 1 1 1 1 1 1 1 1 2 1 2 1 1 1 1 1 1 1 1 1 2 1 2 1 2 1 2 2 1 3 2 3 2 2 6 3 1 3 5 3 5      66000      16400 
7794	 117600	1 0 1 0 1 0 1 0 1 0 1 0 1 0 1 0 1 0 1 1 1 1 1 1 1 1 1 1 1 1 1 1 1 1 1 1 1 1 1 2 1 2 1 2 1 2 2 2 3 2 3 2 2 6 3 2 3 5 3 5      66000      16400 
0	1190000	1 0 1 0 1 0 1 0 1 0 0 2 0 2 1 1 1 0 0 2 0 2 1 1 2 0 1 1 1 1 2 0 1 2 2 0 0 3 1 1 1 3 2 0 0 3 2 1 1 4 2 3 1 4 5 0 2 5 8 1      63000      36000 
99	 766000	0 1 0 1 0 1 0 1 0 1 0 1 0 1 0 1 0 1 1 1 1 1 1 1 1 1 2 1 2 1 2 1 2 1 1 1 1 1 1 1 2 1 2 1 2 1 2 2 3 3 4 2 3 3 3 3 1 4 5 2      24000      66000 
1575	 710000	0 1 0 1 0 1 0 1 0 1 0 1 0 1 0 1 0 1 1 1 1 1 1 1 1 1 2 1 2 1 1 1 2 1 1 1 1 1 1 1 2 1 1 1 2 1 1 2 3 3 4 3 4 2 4 2 2 4 5 3      20000      70000 
1674	 690000	1 0 1 0 1 0 1 0 1 0 1 0 1 0 1 0 1 0 1 1 1 1 1 1 1 1 1 1 1 2 1 1 1 2 1 1 1 1 1 1 1 2 1 1 1 2 2 1 3 3 3 4 2 4 2 5 4 2 3 5      70000      20000 
3852	 547540	0 1 0 1 0 1 0 1 0 1 0 1 0 1 0 1 0 1 1 1 1 1 1 1 1 1 1 1 1 1 1 1 2 1 1 1 1 1 2 1 2 1 2 1 2 1 1 2 2 3 5 2 3 3 4 3 1 4 7 2      17231      65692 
3951	 536772	0 1 0 1 0 1 0 1 0 1 0 1 0 1 0 1 0 1 1 1 1 1 1 1 1 1 1 1 1 1 1 1 1 1 1 1 1 1 2 1 2 1 2 1 2 1 1 2 2 3 6 2 3 3 4 3 1 4 7 2      17231      65692 
5139	 197250	0 1 0 1 0 1 0 1 0 1 0 1 0 1 0 1 0 1 1 1 1 1 1 1 1 1 1 1 1 1 1 1 1 1 1 1 1 1 2 1 2 1 2 1 2 1 2 2 0 4 6 2 2 3 6 2 0 4 8 2      18375      63250 
5337	 148892	0 1 0 1 0 1 0 1 0 1 0 1 0 1 0 1 0 1 1 1 1 1 1 1 1 1 1 1 1 1 1 1 1 1 1 1 1 1 2 1 2 1 2 1 2 1 2 2 2 3 6 2 2 3 5 2 2 4 5 3      16666      65556 
5733	 120000	1 0 1 0 1 0 1 0 1 0 1 0 1 0 1 0 1 0 1 1 1 1 1 1 1 1 1 1 1 1 1 1 1 1 1 1 1 1 1 2 1 2 1 2 1 2 2 1 3 2 2 6 3 2 2 6 4 1 3 6      65998      16334 
0	2566000	1 0 0 1 0 1 1 1 2 0 0 3 0 1 1 0 1 1 5 0 0 1 0 1 2 0 1 1 2 0 1 1 1 1 0 3 0 2 2 1 0 2 1 1 1 1 2 1 2 2 3 4 2 2 2 4 6 4 3 2      63000      72000 
99	1160000	1 0 1 1 1 1 1 0 1 0 1 2 1 1 1 0 1 0 1 0 1 0 1 2 1 0 1 0 1 1 1 1 1 0 1 1 1 0 1 1 1 3 1 4 1 1 2 2 3 1 3 2 3 6 3 0 4 3 1 9      81000      19000 
198	 866500	1 0 1 0 1 0 1 1 1 1 1 1 1 0 1 1 1 0 1 0 1 0 1 1 1 1 1 0 1 3 1 1 1 0 1 0 1 1 1 2 1 2 1 1 1 1 2 2 2 4 3 3 3 3 3 1 4 2 2 10      81000      11250 
1089	 796000	1 1 1 0 1 1 1 1 1 1 1 1 1 1 1 1 1 1 1 0 1 1 1 1 1 1 1 1 1 0 1 1 1 1 1 1 1 1 1 1 1 1 1 1 1 1 2 2 2 5 3 2 3 3 3 3 3 4 3 3      81000       9000 
1287	 754000	1 1 1 1 1 1 1 1 1 1 1 1 1 1 1 1 1 1 1 0 1 1 1 1 1 1 1 1 1 1 1 1 1 2 1 1 1 1 1 1 1 1 1 1 1 1 2 1 2 4 3 1 3 2 3 1 4 2 2 8      72000      18000 
1584	 710000	1 1 0 1 1 1 1 1 1 1 1 1 1 1 1 1 1 1 1 1 1 1 1 1 1 1 1 1 1 1 1 1 1 1 1 1 1 1 1 1 1 1 2 1 1 1 1 2 4 2 2 3 2 3 3 3 4 3 3 3      30000      60000 
3258	 572860	0 1 0 1 0 1 0 1 0 1 0 1 0 1 0 1 0 1 1 1 0 1 0 1 1 1 1 1 2 1 2 1 2 1 2 1 2 1 2 1 2 1 2 1 2 1 2 2 7 2 3 3 2 3 1 3 3 3 3 3      12286      72000 
4446	 538000	0 1 0 1 0 1 0 1 1 1 0 1 1 1 1 1 0 1 1 1 1 1 1 1 1 1 1 1 1 1 1 1 1 1 2 1 1 1 2 1 2 1 2 1 2 1 1 2 5 2 2 3 2 3 2 3 5 3 3 3      16000      68000 
4545	 522000	0 1 0 1 0 1 0 1 1 1 0 1 1 1 1 1 0 1 1 1 1 1 1 1 1 1 1 1 1 1 1 1 1 1 1 1 1 1 2 1 2 1 2 1 2 1 1 2 6 2 2 3 2 3 2 3 5 3 3 3      15500      68500 
5436	 138672	1 0 1 0 1 0 1 0 1 0 1 0 1 0 1 0 1 0 1 1 1 1 1 1 1 1 1 1 1 1 1 2 1 1 1 2 1 2 1 2 1 2 1 2 1 2 2 1 3 2 2 6 2 6 3 1 4 1 3 4      66000      16333 
7515	 121336	0 1 0 1 0 1 0 1 0 1 0 1 0 1 0 1 0 1 1 1 1 1 1 1 1 1 1 1 1 1 1 1 2 1 2 1 1 1 2 1 2 1 2 1 2 1 1 2 2 3 6 2 6 2 1 3 1 4 5 3      16334      66000 
0	1616000	0 1 0 1 0 1 2 0 1 1 1 1 2 0 0 1 0 1 1 1 1 2 2 0 2 1 1 1 2 0 0 3 1 1 0 2 2 3 1 1 2 0 1 1 2 0 2 1 3 4 1 3 3 1 0 5 1 4 8 1      48000      63000 
99	1073600	1 1 1 1 1 0 1 0 1 0 1 1 1 1 1 1 1 0 1 0 1 1 1 1 1 1 1 0 1 1 1 0 1 2 1 3 1 2 1 1 1 1 1 1 1 3 2 0 3 1 3 1 3 2 3 5 4 1 1 10      81000      17100 
297	1026000	1 1 1 0 1 0 1 1 1 0 1 1 1 1 1 1 1 1 1 1 1 1 1 1 1 0 1 0 1 0 1 0 1 1 1 1 1 0 1 0 1 2 1 0 1 1 2 2 3 3 3 2 2 5 3 1 4 3 2 12      90000       6000 
1089	 970000	1 1 1 1 1 0 1 1 1 0 1 0 1 1 1 0 1 0 1 0 1 1 1 1 1 0 1 2 1 1 1 1 1 1 1 0 1 1 1 1 1 2 1 1 1 1 2 1 3 3 3 3 2 3 3 1 4 3 2 11      81000      15000 
1188	 784000	0 2 1 1 1 1 1 1 1 1 1 0 1 1 1 1 1 1 1 1 1 1 1 1 1 1 1 1 1 1 1 1 1 1 1 1 1 1 1 1 1 1 1 1 1 1 2 2 2 3 3 3 3 3 3 3 3 4 4 1      63000      27000 
1485	 762000	1 1 1 1 1 0 1 1 1 0 1 0 1 1 1 0 1 0 1 0 1 1 1 1 1 0 1 2 1 1 1 1 1 1 2 0 1 1 1 1 1 2 1 1 1 1 2 1 3 3 3 3 3 3 3 1 3 3 1 11      72000      18000 
2079	 638000	1 0 1 1 1 0 1 0 1 0 1 0 1 1 1 0 1 0 1 0 1 1 1 1 1 1 1 2 1 1 1 1 1 1 2 0 1 1 1 2 1 2 1 2 1 2 2 1 3 2 3 3 3 1 3 1 3 3 1 12      72000      15000 
3753	 530000	0 1 1 1 0 1 0 1 0 1 0 1 1 1 0 1 0 1 1 1 1 1 1 1 1 1 2 1 1 1 1 1 1 1 1 1 1 1 2 1 2 1 2 1 2 1 1 2 1 3 2 3 0 3 1 3 2 4 14 1      15000      70000 
4050	 500000	0 1 0 1 0 1 0 1 0 1 0 1 0 1 0 1 0 1 1 1 1 1 1 1 1 1 1 1 1 1 1 1 1 1 0 2 1 1 2 1 2 1 2 1 2 1 1 2 1 3 2 3 1 3 1 3 5 3 14 1      15000      70000 
4149	 152000	1 0 1 0 1 0 1 0 1 0 1 0 1 0 1 0 1 0 1 1 1 1 1 1 1 1 1 1 1 1 1 1 1 1 1 1 1 1 1 2 1 2 1 2 1 2 2 1 3 2 3 2 3 2 3 2 3 4 2 11      66000      16000 
5931	 134500	1 0 1 0 1 0 1 0 1 0 1 0 1 0 1 0 1 0 1 1 1 1 1 1 1 1 1 2 1 1 1 1 1 1 1 1 1 1 1 2 1 2 1 2 1 2 2 1 3 2 3 2 3 2 3 2 4 2 1 12      65500      16750 
6525	 121500	1 0 1 0 1 0 1 0 1 0 1 0 1 0 1 0 1 0 1 1 1 1 1 1 1 1 1 2 1 1 1 2 1 1 1 1 1 1 1 2 1 2 1 2 1 2 2 1 3 2 3 2 3 2 3 2 4 1 1 12      65500      16750 
0	2976000	0 1 1 0 0 1 0 2 1 0 1 1 3 0 0 1 0 1 1 0 0 2 1 0 1 0 2 0 0 4 0 2 1 0 1 0 0 3 0 4 2 0 1 1 3 2 1 2 2 2 1 4 5 1 4 2 3 3 7 3      81000      63000 
99	 826000	1 1 1 0 1 0 1 0 1 0 1 1 1 0 1 0 1 2 1 1 1 1 1 1 1 1 1 1 1 1 1 1 1 4 1 1 1 1 1 1 1 2 1 2 1 1 2 1 3 4 3 1 3 3 3 2 4 1 1 7      63000      27000 
693	 798000	1 1 1 1 1 0 1 1 1 1 1 1 1 0 1 0 1 1 1 1 1 1 1 1 1 1 1 1 1 1 1 1 1 1 1 2 1 1 1 1 1 2 1 2 1 1 2 1 3 4 3 1 3 3 3 2 4 1 1 7      63000      27000 
1089	 790000	1 1 1 1 1 1 1 1 1 1 1 1 1 1 1 1 1 1 1 1 1 1 1 1 1 1 1 1 1 1 1 1 1 1 2 1 1 1 1 1 1 1 1 1 1 1 1 2 4 3 1 3 2 3 2 3 1 4 7 1      31500      58500 
1287	 784000	1 1 1 1 1 1 1 1 1 0 1 1 1 1 1 0 1 1 1 1 1 1 1 1 1 1 1 1 1 1 1 1 1 3 1 1 1 1 1 1 1 2 1 2 1 1 2 1 3 3 3 1 3 2 3 2 4 1 1 7      63000      27000 
1485	 685000	0 1 0 1 1 1 0 1 0 1 1 1 1 1 0 1 1 1 1 1 1 1 1 1 1 1 1 1 1 1 1 1 4 0 1 1 1 1 2 1 1 1 1 1 2 1 1 2 4 3 2 3 2 3 2 3 1 4 7 2      22500      67500 
2574	 510000	0 1 0 1 1 1 1 1 0 1 0 1 0 1 0 1 0 1 1 1 1 1 1 1 1 1 1 1 1 1 1 1 5 0 1 1 1 1 2 1 2 1 2 1 2 1 1 2 3 3 2 3 2 3 2 3 1 4 7 2      17998      64668 
4545	 168000	1 0 1 0 1 0 1 0 1 0 1 0 1 0 1 0 1 0 1 1 1 1 1 1 1 1 1 2 1 1 1 1 0 5 1 1 1 1 1 2 1 2 1 2 1 2 2 1 3 2 3 2 3 3 3 1 4 2 2 8      65500      16750 
8685	 152890	1 0 1 0 1 0 1 0 1 0 1 0 1 0 1 0 1 0 1 1 1 1 1 1 1 1 1 1 1 1 1 1 0 5 1 1 1 1 1 2 1 2 1 2 1 2 2 1 3 2 3 2 3 3 3 1 4 2 2 9      65998      16445 
9477	 134500	0 1 0 1 0 1 0 1 0 1 0 1 0 1 0 1 0 1 1 1 1 1 1 1 1 1 1 1 1 1 2 1 1 1 1 1 1 1 2 1 2 1 2 1 2 1 1 2 2 3 2 3 2 3 2 3 2 4 12 1      16750      65500 
0	 766000	1 0 1 0 1 0 1 0 1 0 1 0 1 0 1 0 1 0 1 1 1 1 1 1 1 1 1 2 1 1 1 2 1 1 0 3 1 2 1 1 1 2 1 2 1 2 2 2 3 2 2 4 3 3 3 3 4 2 3 4      63000      27000 
693	 734000	0 1 0 1 0 1 0 1 0 1 0 1 0 1 0 1 0 1 1 1 1 1 1 1 1 1 2 1 1 1 2 1 1 1 3 1 2 1 1 1 2 1 2 1 2 1 2 2 2 3 4 2 3 3 3 3 2 3 4 3      18000      72000 
1386	 730000	1 0 1 1 1 1 1 1 1 0 1 1 1 0 1 1 1 0 1 1 1 1 1 1 1 1 1 1 1 1 1 1 1 2 1 1 1 2 1 1 1 2 1 1 1 2 2 1 3 2 2 4 3 3 3 3 3 3 3 3      70000      20000 
1683	 690000	0 1 0 1 0 1 1 1 1 1 0 1 0 1 1 1 1 1 1 1 1 1 1 1 0 1 1 1 2 1 1 1 2 1 1 1 2 1 2 1 2 1 2 1 2 1 1 2 3 3 6 2 1 3 3 3 2 3 2 3      12000      76000 
1980	 662000	0 1 0 1 1 1 0 1 0 1 0 1 1 1 0 1 0 1 1 1 1 1 1 1 1 1 1 1 1 1 2 1 2 1 2 1 1 1 2 1 2 1 2 1 2 1 0 2 3 3 4 2 3 3 4 2 2 4 3 3      18000      67500 
3555	 626572	1 1 1 1 1 1 1 1 1 1 1 1 1 1 1 0 1 0 1 1 1 1 1 1 1 1 1 1 1 1 1 1 1 1 1 1 1 1 1 2 1 2 1 2 1 2 2 1 3 2 2 4 3 2 2 4 4 1 3 3      65214      19143 
3951	 558000	1 0 1 0 1 1 1 1 1 0 1 0 1 1 1 0 1 0 1 1 1 1 1 1 1 1 1 1 1 2 1 1 1 2 1 2 1 1 1 2 1 2 1 2 1 2 2 1 3 2 2 5 3 2 2 5 4 0 3 3      68000      16000 
4248	 544668	1 0 1 0 1 1 1 1 1 0 1 0 1 1 1 0 1 0 1 1 1 1 1 1 1 1 1 1 1 1 1 1 1 2 1 2 1 1 1 2 1 2 1 2 1 2 2 1 3 2 2 5 3 2 2 5 4 1 3 3      65334      18666 
4644	 527144	0 1 1 1 1 1 0 1 0 1 1 1 0 1 0 1 0 1 1 1 1 1 1 1 1 1 2 1 1 1 1 1 1 1 1 1 1 1 2 1 2 1 2 1 2 1 1 2 2 3 5 2 2 3 5 2 1 4 4 3      17144      65714 
6525	 480000	0 1 0 1 1 1 0 1 0 1 0 1 0 1 0 1 0 1 1 1 1 1 1 1 1 1 1 1 1 1 1 1 1 1 1 1 2 1 2 1 2 1 2 1 2 1 1 2 2 3 6 2 2 3 6 2 1 4 4 3      16000      67000 
10368	 173000	1 0 1 0 1 0 1 0 1 0 1 0 1 0 1 0 1 0 1 1 1 1 1 1 1 1 1 2 1 2 1 2 1 2 1 2 1 1 1 2 1 2 1 2 1 2 2 1 3 2 2 5 3 2 2 5 4 0 3 4      66000      16500 
10566	 168668	0 1 0 1 0 1 0 1 0 1 0 1 0 1 0 1 0 1 1 1 1 1 1 1 1 1 1 1 1 1 2 1 2 1 2 1 1 1 2 1 2 1 2 1 2 1 2 2 2 3 6 2 2 3 5 2 0 4 4 3      16334      66000 
0	2622000	2 0 0 1 0 1 1 0 2 0 2 1 1 0 1 1 0 2 2 0 0 1 1 3 2 0 2 0 1 1 1 1 1 1 2 1 0 2 1 3 1 3 0 3 2 0 0 2 2 2 0 8 1 2 3 2 7 0 4 1      63000      72000 
99	 832000	1 0 1 0 1 0 1 0 1 0 1 0 1 0 1 0 1 0 1 1 1 1 1 1 1 1 1 1 1 2 1 1 1 2 1 2 1 2 1 1 1 2 1 2 1 2 2 2 3 3 2 3 3 3 3 3 4 2 2 5      63000      27000 
396	 824000	0 1 0 1 0 1 0 1 0 1 0 1 1 1 0 1 1 1 1 1 1 1 1 1 1 1 1 1 2 1 1 1 2 1 2 1 2 1 1 1 2 1 1 1 2 1 2 2 3 3 3 2 2 3 3 3 2 4 5 2      27000      63000 
594	 796000	0 1 0 1 0 1 1 1 1 1 0 1 1 1 0 1 1 1 1 1 1 1 1 1 1 1 1 1 1 1 1 1 2 1 2 1 2 1 1 1 2 1 1 1 2 1 2 2 2 3 3 2 2 3 3 3 2 4 5 2      27000      63000 
990	 730000	0 1 1 1 0 1 0 1 1 1 0 1 1 1 1 1 0 1 2 1 0 1 0 1 0 1 1 1 1 1 1 1 1 1 2 1 1 1 1 1 1 1 1 1 2 1 1 2 2 3 2 3 2 3 1 3 2 3 14 2       8334      81666 
1188	 697696	1 0 1 1 1 0 1 0 1 1 1 0 1 1 1 1 1 0 1 1 1 0 1 0 1 0 1 1 1 1 1 1 1 1 1 2 1 1 1 1 1 2 1 1 1 2 2 1 3 2 3 2 3 2 3 1 4 2 1 14      75384      14616 
1485	 132000	0 1 0 1 0 1 0 1 0 1 0 1 0 1 0 1 0 1 1 1 1 1 1 1 1 1 1 1 1 1 1 1 1 1 2 1 1 1 2 1 2 1 2 1 2 1 1 2 2 3 2 3 2 3 1 3 1 4 14 1      16000      66000 
4149	 105888	1 0 1 0 1 0 1 0 1 0 1 0 1 0 1 0 1 0 1 1 1 1 1 1 1 1 1 1 1 1 1 1 1 1 1 1 1 2 1 2 1 2 1 2 1 2 2 1 3 2 3 2 3 2 3 2 4 1 1 13      65882      16471 
0	 781334	1 0 1 0 1 0 1 0 1 0 1 0 1 0 1 0 1 0 1 1 1 1 1 1 1 1 1 2 1 2 1 2 1 2 1 1 1 1 1 2 1 2 1 2 1 2 2 2 3 3 3 3 2 3 2 4 4 2 3 3      69999      22334 
693	 772000	1 0 1 0 1 1 1 0 1 0 1 0 1 1 1 0 1 1 1 1 1 1 1 1 1 1 1 2 1 1 1 2 1 2 1 1 1 1 1 2 1 1 1 2 1 2 2 2 3 2 3 3 2 3 2 4 4 2 3 3      63000      27000 
1485	 764000	1 0 1 0 1 1 1 0 1 1 1 1 1 1 1 0 1 1 1 1 1 1 1 1 1 1 1 1 1 1 1 1 1 2 1 1 1 1 1 1 1 2 1 2 1 1 2 2 3 3 3 3 2 3 2 4 4 2 3 3      63000      27000 
2178	 600000	0 1 0 1 0 1 0 1 0 1 0 1 0 1 0 1 0 1 1 1 1 1 1 1 1 1 1 1 2 1 1 1 2 1 1 1 2 1 2 1 2 1 2 1 2 1 2 2 2 3 4 2 5 2 3 3 2 4 3 3      19500      64500 
3069	 155000	0 1 0 1 0 1 0 1 0 1 0 1 0 1 0 1 0 1 1 1 1 1 1 1 1 1 2 1 2 1 1 1 2 1 1 1 2 1 2 1 2 1 2 1 2 1 1 2 1 3 5 2 5 2 2 3 1 4 5 3      16500      66000 
3861	 105336	1 0 1 0 1 0 1 0 1 0 1 0 1 0 1 0 1 0 1 1 1 1 1 1 1 1 1 1 1 1 1 1 1 1 1 1 1 2 1 2 1 2 1 2 1 2 2 1 3 2 2 6 2 6 3 2 4 1 3 5      65998      16334 
0	2966000	1 0 0 1 1 0 0 2 1 0 0 3 0 1 0 3 0 3 2 0 1 0 1 1 0 2 1 1 2 2 1 0 1 0 1 0 1 2 0 2 3 0 1 1 2 1 3 1 3 4 3 2 5 2 1 3 3 4 4 1      81000      63000 
99	1324540	1 1 1 0 1 0 1 0 1 0 1 1 1 0 1 0 1 2 1 0 1 1 1 0 1 0 1 0 1 0 1 0 1 3 1 1 1 0 1 0 1 2 1 2 1 2 2 1 3 4 3 4 3 1 3 2 4 4 1 11      90000      14727 
1089	 762000	1 0 1 0 1 0 1 1 1 0 1 1 1 1 1 0 1 0 1 1 1 1 1 1 1 1 1 1 1 2 1 1 1 2 1 1 1 1 1 2 1 2 1 1 1 2 2 2 3 3 3 3 3 1 3 3 3 2 2 6      72000      18000 
1485	 710000	0 1 1 1 1 1 1 1 1 1 1 1 0 1 1 1 0 1 1 1 1 1 1 1 1 1 1 1 2 1 1 1 2 1 1 1 1 1 2 1 2 1 2 1 2 1 1 2 2 3 2 3 2 3 5 2 2 3 2 3      12000      76000 
3258	 606000	1 0 1 0 1 0 1 1 1 0 1 1 1 0 1 0 1 0 1 1 1 1 1 1 1 1 1 1 1 2 1 1 1 2 1 1 1 1 1 2 1 2 1 2 1 2 2 2 3 1 3 2 3 2 3 3 4 1 1 9      63000      21000 
4248	 575600	1 0 1 0 1 0 1 0 1 0 1 0 1 0 1 0 1 1 1 0 1 1 1 1 1 1 1 3 1 1 1 1 1 2 1 1 1 2 1 2 1 2 1 2 1 2 2 1 3 3 3 2 3 1 2 5 3 3 3 5      72000      12800 
4347	 495000	0 1 0 1 1 1 0 1 0 1 0 1 0 1 0 1 0 1 1 1 1 1 1 1 1 1 1 1 2 1 1 1 2 1 1 1 1 1 2 1 2 1 2 1 2 1 1 2 2 3 2 3 2 3 5 2 5 3 4 3      17500      65000 
4743	 121600	0 1 0 1 0 1 0 1 0 1 0 1 0 1 0 1 0 1 1 1 1 1 1 1 1 1 1 1 2 1 1 1 2 1 1 1 1 1 2 1 2 1 2 1 2 1 1 2 2 3 1 3 2 3 6 2 5 3 5 3      16400      66000 
7803	 105600	0 1 0 1 0 1 0 1 0 1 0 1 0 1 0 1 0 1 1 1 1 1 1 1 1 1 1 1 1 1 1 1 1 1 2 1 1 1 2 1 2 1 2 1 2 1 1 2 2 3 2 3 2 3 6 2 5 3 5 3      16400      66000 
0	2560000	1 1 1 0 2 0 0 1 1 1 0 4 0 2 2 0 1 1 1 1 0 1 2 0 1 1 0 2 2 2 0 2 0 2 2 0 2 0 1 1 3 0 2 3 2 0 1 1 0 5 3 2 3 2 2 3 3 2 4 2      60000      75000 
99	1142000	1 1 1 1 2 1 0 1 1 1 0 1 0 1 1 1 0 1 2 1 1 1 0 1 0 1 1 1 1 1 1 1 0 1 0 1 1 1 2 1 1 1 2 1 2 1 0 2 5 3 2 3 1 3 3 3 2 4 9 1      19000      81000 
198	1114000	1 0 1 0 1 1 1 0 1 0 1 2 1 1 1 0 1 1 1 1 1 1 1 1 1 1 1 1 1 0 1 1 1 1 1 3 1 1 1 4 1 1 1 4 1 1 2 2 3 3 2 3 3 0 3 1 4 2 2 5      81000      18000 
792	 766000	0 1 1 1 0 1 0 1 1 1 0 1 1 1 0 1 0 1 1 1 1 1 1 1 1 1 2 1 2 1 1 1 1 1 2 1 2 1 2 1 1 1 1 1 2 1 4 1 3 3 4 2 2 3 2 3 2 4 2 3      18000      72000 
1584	 582000	1 1 1 0 1 0 1 0 1 0 1 0 1 1 1 0 1 0 1 1 1 1 1 1 1 1 1 1 1 2 1 1 1 1 1 2 1 2 1 2 1 2 1 2 1 2 1 4 3 2 2 5 3 1 3 2 4 2 3 3      67000      17000 
3753	 510000	1 1 1 0 1 0 1 0 1 0 1 0 1 0 1 0 1 0 1 1 1 1 1 1 1 1 1 1 1 1 1 2 1 2 1 2 1 2 1 2 1 2 1 2 1 2 1 5 3 1 2 6 3 2 3 2 4 0 3 3      70000      15000 
4347	 150002	1 0 1 0 1 0 1 0 1 0 1 0 1 0 1 0 1 0 1 1 1 1 1 1 1 1 1 2 1 2 1 1 1 1 1 1 1 1 1 2 1 2 1 2 1 2 1 6 3 1 2 6 3 2 3 2 4 0 3 5      66000      16333 
8883	 134002	1 0 1 0 1 0 1 0 1 0 1 0 1 0 1 0 1 0 1 1 1 1 1 1 1 1 1 1 1 2 1 1 1 1 1 1 1 1 1 2 1 2 1 2 1 2 1 6 3 2 2 6 3 2 3 2 4 0 3 5      66000      16333 
10665	 122000	0 1 0 1 0 1 0 1 0 1 0 1 0 1 0 1 0 1 1 1 1 1 1 1 1 1 1 1 2 1 1 1 2 1 1 1 1 1 2 1 2 1 2 1 2 1 5 1 2 3 5 2 2 3 2 3 1 4 5 3      16572      65856 
0	2007000	1 1 0 1 0 1 0 2 0 1 0 2 0 2 2 1 0 1 1 2 3 0 1 1 0 1 2 1 0 1 1 1 2 0 0 2 0 1 1 2 3 0 1 3 2 2 2 1 2 2 4 1 3 3 4 1 1 4 6 1      40500      81000 
99	 890750	1 0 1 0 1 1 1 0 1 0 1 1 1 0 1 1 1 1 1 0 1 0 1 2 1 0 1 1 1 1 1 0 1 0 1 2 1 1 1 2 1 0 1 0 1 1 2 1 3 3 3 3 3 4 2 8 3 8 3 1      90000       3375 
594	 866000	1 0 1 1 1 1 1 1 1 1 1 1 1 1 1 1 1 1 1 2 1 0 1 1 1 0 1 0 1 0 1 2 1 3 1 1 1 3 1 2 1 1 1 2 1 1 2 2 3 1 3 2 3 2 2 5 3 4 3 0      84000       7800 
990	 848000	1 0 1 0 1 0 1 0 1 1 1 1 1 0 1 1 1 1 1 0 1 0 1 0 1 0 1 1 1 0 1 0 1 0 1 2 1 1 1 2 1 0 1 0 1 2 2 1 3 1 3 3 3 4 2 12 3 8 3 1      90000       2250 
1386	 570000	0 1 0 1 0 1 0 1 0 1 0 1 0 1 0 1 0 1 1 1 1 1 1 1 1 1 1 1 1 1 2 1 2 1 2 1 2 1 2 1 2 1 2 1 2 1 1 2 3 3 2 3 3 3 5 2 3 3 3 3      15000      70000 
1782	 550000	0 1 0 1 0 1 0 1 0 1 0 1 0 1 0 1 0 1 1 1 1 1 1 1 1 1 1 1 1 1 1 1 2 1 2 1 2 1 2 1 2 1 2 1 2 1 1 2 3 3 2 3 3 3 6 2 3 3 3 3      15000      70000 
2475	 148892	0 1 0 1 0 1 0 1 0 1 0 1 0 1 0 1 0 1 1 1 1 1 1 1 1 1 1 1 1 1 1 1 1 1 1 1 1 1 2 1 2 1 2 1 2 1 2 2 2 3 2 3 3 3 5 2 5 3 5 3      16667      65555 
3951	 122224	1 0 1 0 1 0 1 0 1 0 1 0 1 0 1 0 1 0 1 1 1 1 1 1 1 1 1 1 1 2 1 2 1 1 1 1 1 1 1 2 1 2 1 2 1 2 2 1 3 2 3 2 3 2 2 5 3 5 3 5      65557      16666 
6813	 121600	1 0 1 0 1 0 1 0 1 0 1 0 1 0 1 0 1 0 1 1 1 1 1 1 1 1 1 1 1 2 1 2 1 1 1 1 1 1 1 2 1 2 1 2 1 2 2 1 3 1 3 2 3 2 2 6 3 5 3 5      66000      16400 
10764	 120668	1 0 1 0 1 0 1 0 1 0 1 0 1 0 1 0 1 0 1 1 1 1 1 1 1 1 1 1 1 1 1 1 1 1 1 1 1 1 1 2 1 2 1 2 1 2 2 1 3 2 3 2 3 2 2 6 3 5 3 6      66000      16334 
0	2958000	0 1 1 0 1 0 0 1 0 1 2 0 0 1 0 2 1 1 1 0 0 2 1 1 1 1 0 2 0 2 1 0 4 0 3 0 1 1 2 0 2 0 1 2 1 2 1 3 3 1 5 1 0 4 1 4 4 3 5 6      81000      63000 
99	1386400	0 1 1 1 1 1 0 1 1 1 1 1 0 1 1 1 1 1 0 1 0 1 1 1 0 1 2 1 1 1 3 1 1 1 0 1 0 1 2 1 3 1 1 1 0 1 1 2 2 3 4 3 1 3 2 3 2 4 10 1      16200      90000 
297	1370012	0 1 1 1 1 1 1 1 1 1 1 1 2 1 2 1 2 1 0 1 0 1 1 1 1 1 2 1 0 1 2 1 0 1 1 1 1 1 2 1 3 1 1 1 1 1 1 2 2 3 2 3 1 3 1 3 2 4 7 1      24429      81000 
792	1297000	1 0 1 1 0 2 1 1 1 1 1 1 1 1 1 1 1 1 1 1 1 1 1 1 1 1 1 1 1 1 1 2 0 2 1 1 1 1 1 1 1 1 0 2 0 2 1 2 5 2 2 3 4 2 2 2 3 2 6 2      54000      49500 
891	 818000	1 1 1 0 1 1 1 1 1 0 1 1 1 1 1 1 1 2 1 1 1 1 1 1 1 1 1 1 1 1 1 1 1 0 1 1 1 1 1 1 1 1 1 1 1 1 2 1 3 2 3 2 3 2 3 1 3 4 2 9      81000      10000 
1485	 778000	1 1 1 0 1 1 1 1 1 0 1 1 1 1 1 1 1 0 1 0 1 1 1 1 1 0 1 1 1 1 1 1 1 1 1 1 1 1 1 2 1 2 1 1 1 1 2 2 3 3 3 4 3 2 3 2 3 2 2 7      72000      18000 
2475	 716668	1 1 0 1 1 1 1 1 1 1 1 1 1 1 1 1 1 1 1 1 1 1 2 1 1 1 1 1 1 1 1 1 1 1 1 1 1 1 1 1 1 1 1 1 1 1 2 2 4 2 2 3 2 3 2 3 2 4 5 2      33333      56667 
2772	 710000	1 1 1 0 1 1 1 1 1 1 1 1 1 1 1 1 1 1 1 1 1 1 1 1 1 1 1 1 1 1 1 1 1 1 1 1 1 1 1 1 1 1 1 1 1 1 2 2 2 4 3 2 3 2 3 2 4 2 2 6      60000      30000 
3168	 690000	0 1 0 1 0 1 1 1 1 1 0 1 1 1 1 1 1 1 1 1 1 1 2 1 1 1 1 1 1 1 1 1 1 1 1 1 1 1 1 1 2 1 1 1 2 1 2 2 4 2 2 3 2 3 2 3 2 4 6 2      25000      65000 
3267	 601200	0 1 0 1 0 1 0 1 1 1 0 1 0 1 1 1 0 1 1 1 1 1 1 1 1 1 2 1 1 1 1 1 1 1 1 1 1 1 2 1 2 1 2 1 2 1 2 2 4 3 1 3 2 3 2 3 3 3 7 2      16800      67200 
3366	 597000	1 0 1 0 1 0 1 0 1 1 1 0 1 0 1 1 1 0 1 1 1 1 1 1 1 1 1 2 1 1 1 1 1 1 1 1 1 1 1 2 1 2 1 2 1 2 2 2 2 4 3 1 3 2 3 2 4 3 2 7      63250      20125 
3960	 590000	0 1 1 1 0 1 0 1 1 1 0 1 0 1 1 1 0 1 1 1 1 1 1 1 1 1 1 1 1 1 1 1 1 1 1 1 1 1 2 1 2 1 2 1 2 1 2 2 4 3 1 3 2 3 1 3 3 3 8 2      15000      70000 
4158	 522000	1 0 1 0 1 0 1 0 1 1 1 0 1 0 1 1 1 1 1 1 1 1 1 1 1 1 1 1 1 1 1 1 1 1 1 1 1 1 1 2 1 2 1 2 1 2 2 1 2 5 3 2 3 2 3 2 4 2 2 7      63000      20500 
4257	 490000	0 1 0 1 0 1 0 1 1 1 0 1 0 1 1 1 0 1 1 1 1 1 1 1 1 1 1 1 1 1 1 1 1 1 1 1 1 1 2 1 2 1 2 1 2 1 1 2 2 3 1 3 1 3 2 3 5 3 10 2      14000      70000 
7407	 105884	0 1 0 1 0 1 0 1 0 1 0 1 0 1 0 1 0 1 1 1 1 1 1 1 1 1 1 1 1 1 1 1 2 1 1 1 1 1 2 1 2 1 2 1 2 1 1 2 2 3 2 3 2 3 2 3 5 3 9 2      16471      65881 
0	2962000	0 2 1 1 0 2 1 0 0 1 2 0 0 1 1 0 1 1 0 2 1 3 1 1 1 1 1 1 0 5 1 0 1 1 1 0 3 0 0 3 1 1 1 2 2 1 1 4 4 1 5 1 2 2 3 0 2 3 5 2      81000      63000 
99	1017644	0 1 0 1 1 1 1 1 0 1 1 1 1 1 0 1 2 1 1 1 1 1 2 1 0 1 0 1 0 1 2 1 2 1 1 1 1 1 3 1 1 1 1 1 1 1 2 2 0 3 1 3 3 3 2 3 1 4 11 1      15546      81000 
594	 726000	1 1 1 1 1 1 1 1 0 1 0 1 1 1 1 1 1 1 1 1 1 1 2 1 0 1 1 1 1 1 1 1 1 1 1 1 1 1 2 1 1 1 1 1 1 1 2 2 1 3 1 3 3 3 1 3 1 4 11 1      18000      72000 
1683	 596144	0 1 1 1 0 1 0 1 0 1 1 1 0 1 1 1 1 1 1 1 1 1 1 1 1 1 1 1 1 1 1 1 1 1 2 1 1 1 2 1 2 1 2 1 2 1 1 2 3 3 4 2 4 2 2 3 1 4 4 3      19143      65214 
1782	 591858	1 0 1 1 1 0 1 0 1 0 1 1 1 0 1 1 1 1 1 1 1 1 1 1 1 1 1 1 1 1 1 1 1 1 1 1 1 1 1 2 1 2 1 2 1 2 2 1 3 3 2 4 2 4 3 2 4 1 3 5      65214      19143 
2871	 570000	1 0 1 0 1 0 1 0 1 0 1 0 1 0 1 1 1 1 1 1 1 1 1 1 1 1 1 1 1 1 1 1 1 1 1 1 1 1 1 2 1 2 1 2 1 2 2 0 3 3 3 4 2 5 3 2 3 4 3 4      70000      15000 
3564	 500000	1 0 1 0 1 0 1 0 1 0 1 0 1 0 1 0 1 0 1 1 1 1 1 1 1 1 1 2 1 1 1 1 1 1 1 1 1 1 1 2 1 2 1 2 1 2 2 1 3 2 3 4 2 6 3 1 3 4 3 5      70000      15000 
4059	 498000	0 1 0 1 0 1 0 1 0 1 0 1 0 1 0 1 0 1 1 1 1 1 1 1 1 1 1 1 1 1 1 1 1 1 1 1 1 1 2 1 2 1 2 1 2 1 0 2 3 3 3 3 6 2 2 3 5 3 5 3      14000      70000 
4257	 494000	0 1 0 1 0 1 0 1 0 1 0 1 0 1 0 1 0 1 1 1 1 1 1 1 1 1 1 1 1 1 1 1 1 1 1 1 1 1 3 1 2 1 2 1 2 1 0 2 2 3 3 3 6 2 2 3 5 3 5 3      14000      70000 
8784	 152000	1 0 1 0 1 0 1 0 1 0 1 0 1 0 1 0 1 0 1 1 1 1 1 1 1 1 1 1 1 1 1 1 1 1 1 1 1 1 1 2 1 2 1 2 1 2 2 1 3 2 3 3 2 7 3 1 3 5 3 5      66000      16400 