
0	2550000	1 2 11 2 4 3 7 3 7 5 9 6 9 7 22 7 10 8 10 9 11 12 13 13 13 0 15 14 17 14 19 15 20 15 20 16 21 16 4 17 22 18 23 19 23 20 24 21 25 21 25 23 25 23 25 24 25 24 26 24 26 25 26 25 27 26 27 26 27 27 27 27 28 27 29 28 29 28 29 28 29 28 29 29      54000      81000 
99	2262000	8 2 0 3 0 3 1 4 1 5 1 6 3 6 7 6 14 23 14 7 15 9 9 10 17 12 5 13 19 13 20 15 21 16 10 17 22 18 22 11 6 19 23 20 8 20 25 21 25 21 25 22 26 23 26 23 26 24 27 24 27 24 27 25 27 25 28 25 28 26 29 27 29 27 29 27 29 27 29 28 29 28 29 29      45000      81000 
297	1800000	1 2 18 2 4 3 1 26 7 5 9 6 11 7 22 7 10 8 10 9 11 12 13 13 13 0 15 14 17 14 19 15 20 15 20 16 21 16 4 17 22 18 23 19 23 20 24 21 25 21 25 23 25 23 25 24 25 24 26 24 26 25 26 25 27 26 27 26 27 27 27 27 28 27 29 28 29 28 29 28 29 28 29 29      45000      72000 
396	1462000	1 6 18 2 4 3 1 26 7 5 9 6 11 7 22 7 10 8 10 9 11 12 13 13 13 0 15 14 17 14 19 15 20 15 20 16 21 16 4 17 22 18 23 19 23 20 24 21 12 21 25 23 25 23 25 24 25 24 26 24 26 25 26 25 27 26 27 26 27 27 27 27 28 27 29 28 29 28 29 28 29 28 29 29      45000      63000 
594	1098000	29 1 11 2 4 14 20 3 7 5 9 6 24 13 22 7 10 8 10 9 11 12 12 22 13 0 15 18 17 14 19 10 20 15 20 16 21 16 4 17 22 18 23 19 23 20 24 21 25 21 25 23 25 23 25 24 25 24 26 24 26 25 26 25 27 26 27 26 27 27 27 27 28 27 29 28 29 28 29 28 29 28 29 29      36000      63000 
693	 989000	1 29 11 11 14 4 3 20 5 7 6 9 13 24 7 22 8 10 9 10 12 11 22 12 0 13 18 15 14 17 10 19 15 20 16 20 16 21 17 4 18 22 19 23 20 23 21 24 21 25 23 25 23 25 24 25 24 25 24 26 25 26 25 26 26 27 26 27 27 27 27 27 2 28 28 29 28 29 28 29 28 29 29 29      63000      31500 
891	 975000	1 29 11 11 14 4 3 8 5 7 6 9 13 24 7 22 8 10 9 10 12 11 22 12 0 13 18 15 14 17 10 19 15 20 16 20 16 21 17 4 18 22 19 23 20 23 21 24 21 25 23 25 23 25 24 25 24 25 24 26 25 26 25 26 26 27 26 27 27 27 27 27 2 28 28 29 28 29 28 29 28 29 29 29      63000      31500 
990	 856000	29 1 4 11 4 14 8 3 7 5 9 6 24 13 22 7 10 8 10 9 11 12 12 22 13 0 15 18 17 14 19 10 20 15 20 16 21 16 4 17 22 18 23 19 23 20 24 21 25 21 25 23 25 23 25 24 25 24 26 24 26 25 26 25 27 26 29 26 27 27 27 27 28 2 29 28 29 28 29 28 29 28 29 29      27000      63000 
1089	 792000	7 1 4 11 4 14 8 3 7 5 9 6 24 13 22 29 10 8 10 9 11 12 12 22 13 0 15 18 17 14 19 10 20 15 20 16 21 16 4 17 22 18 23 19 23 20 24 21 25 21 7 23 25 23 25 24 25 24 26 24 26 25 26 25 27 26 27 26 27 27 27 27 28 2 29 28 29 28 29 28 29 28 29 29      27000      63000 
0	1846000	0 2 1 3 21 4 6 7 17 7 17 8 6 8 20 8 9 10 9 11 10 11 10 14 12 5 12 16 13 16 13 18 13 21 14 22 14 23 15 23 15 20 15 24 18 24 19 24 19 24 22 24 23 25 23 25 24 25 25 26 26 26 26 26 27 26 27 26 28 27 28 27 28 27 28 27 29 28 29 28 29 28 29 29      54000      63000 
288	1274000	0 5 1 3 2 4 3 27 4 6 5 20 6 7 7 8 8 10 9 11 10 15 11 19 12 13 13 15 14 15 15 17 16 17 17 18 18 18 19 19 20 19 21 20 22 22 23 22 23 23 24 23 24 24 24 16 29 24 25 24 25 25 26 25 26 26 26 27 27 27 27 29 27 29 28 29 28 29 28 29 28 29 29 29      90000      13500 
387	1247400	0 11 29 4 2 9 3 18 4 19 5 9 6 17 7 6 8 10 9 19 10 12 11 13 12 13 13 13 14 18 15 18 16 19 17 20 18 15 19 22 20 23 21 23 22 23 23 23 23 24 24 25 24 25 24 25 25 26 25 26 25 27 1 27 26 28 26 28 27 28 27 29 27 29 28 29 21 29 28 29 28 29 29 29      88900      14600 
486	 875500	29 0 29 6 17 2 7 3 1 4 10 5 11 6 12 7 13 8 13 9 14 10 15 11 15 12 20 13 18 14 16 15 9 16 20 17 21 18 21 19 21 20 19 21 22 22 24 23 4 23 26 24 26 24 27 24 27 25 27 25 27 25 28 26 28 26 28 26 28 27 28 27 29 27 29 1 29 28 29 28 29 28 29 29      22875      69000 
684	 808000	0 29 23 29 2 17 3 7 4 20 5 10 6 11 7 12 8 13 9 13 10 14 11 15 12 15 13 20 14 18 15 16 16 9 17 20 18 21 19 21 20 21 21 19 22 22 23 24 23 4 24 26 24 26 24 27 25 27 25 27 25 27 26 28 26 28 26 28 27 28 27 28 27 29 1 29 28 29 25 29 28 29 29 29      63000      27000 
783	 696668	29 0 29 6 17 2 7 3 1 4 10 5 11 29 12 7 13 8 13 9 14 10 15 11 15 12 20 13 18 14 16 15 9 16 20 17 21 18 21 19 21 20 19 21 22 22 24 23 4 23 26 24 26 24 27 24 27 25 27 25 27 25 28 26 28 26 28 26 28 27 28 27 29 27 29 1 29 28 29 28 29 28 29 29      16666      73334 
1755	 684288	29 0 29 1 17 2 7 3 1 4 10 5 6 6 12 7 13 8 13 9 14 10 15 11 15 29 20 13 18 14 16 15 9 16 20 17 21 18 21 19 21 20 19 21 22 22 24 23 4 23 26 24 26 24 27 24 27 25 27 25 27 25 28 26 28 26 29 26 28 27 28 27 29 27 29 12 29 28 29 28 29 28 29 29      14286      75714 
0	2418000	0 3 2 3 13 3 5 4 25 6 16 7 8 10 9 10 9 10 9 11 11 11 13 11 14 12 15 12 16 14 16 15 17 17 19 18 19 18 20 21 20 22 20 24 20 24 21 25 21 25 22 26 23 26 24 26 23 26 24 27 25 27 26 27 26 27 27 28 27 28 27 28 28 28 1 28 29 28 29 28 29 29 29 29      67500      63000 
99	1672000	8 0 23 1 6 1 6 1 7 2 9 3 8 4 11 5 12 7 12 9 15 9 16 9 16 10 16 10 18 11 18 13 20 13 20 14 20 15 14 17 22 17 23 19 23 19 24 19 25 21 25 21 25 22 26 24 26 24 26 24 26 24 26 25 26 26 27 26 27 27 27 28 28 28 28 29 28 29 28 29 29 29 29 29      48000      63000 
387	1386400	2 0 3 1 8 2 7 3 8 4 13 5 13 6 13 7 29 8 20 9 18 10 9 11 19 12 1 13 6 14 20 15 22 16 23 17 23 18 24 19 25 20 25 21 26 22 26 23 26 23 26 24 26 24 27 24 27 25 27 25 27 25 27 26 28 26 29 26 29 27 29 27 29 27 29 28 29 28 29 28 29 28 29 29      16200      90000 
486	 866000	15 0 12 1 14 2 17 3 8 4 13 5 13 6 13 7 0 8 16 9 18 10 9 11 19 12 1 13 6 14 20 15 22 16 23 17 23 18 24 19 25 20 25 21 26 22 26 23 26 23 21 24 26 24 27 24 27 25 27 25 27 25 27 26 28 26 29 26 29 27 29 27 29 27 29 28 29 28 29 28 29 28 29 29      20000      72000 
783	 790000	29 13 14 0 20 2 15 3 8 4 21 5 13 6 13 7 0 8 16 9 18 10 13 11 19 12 22 1 17 14 20 15 22 16 23 17 23 18 24 19 25 20 25 21 26 22 26 23 26 23 26 24 26 24 27 24 27 25 27 25 27 25 27 26 28 26 29 26 29 27 29 27 29 27 29 28 29 28 29 28 29 28 29 29      18000      72000 
981	 732860	28 0 14 1 20 2 15 3 8 4 21 5 13 6 13 7 0 8 16 9 18 10 13 11 19 12 22 13 17 14 20 15 22 16 23 17 23 18 24 19 25 20 25 21 26 22 26 23 21 23 26 24 26 24 27 24 27 25 27 25 27 25 27 26 28 26 29 26 29 27 29 27 29 27 29 29 29 28 29 28 29 28 29 29      14286      75714 
1080	 710000	29 2 14 1 20 29 15 3 8 4 21 5 13 6 17 7 0 8 16 9 18 10 0 11 19 12 22 13 11 14 20 15 22 16 23 17 23 18 24 19 25 20 25 21 26 22 26 23 26 23 26 24 26 24 27 24 27 25 27 25 27 25 27 0 1 26 29 26 29 27 29 27 29 27 29 28 29 28 29 28 29 28 29 29      16666      73334 
1179	 626000	19 2 14 1 20 29 21 3 8 4 21 5 13 6 17 7 0 8 16 9 18 10 0 11 19 12 22 13 15 14 20 15 22 16 23 17 23 18 24 19 25 20 25 21 26 22 26 23 26 23 26 24 26 24 27 24 27 25 27 25 27 25 27 0 1 26 29 26 29 27 29 27 29 27 29 28 29 28 29 28 29 28 29 29      14000      72000 
0	2268000	2 0 25 1 10 3 5 4 6 9 7 11 7 11 8 11 9 13 10 13 11 14 12 14 12 14 16 15 18 16 19 16 20 17 20 17 20 18 21 18 21 18 22 18 22 19 22 20 23 21 23 23 24 24 25 24 25 24 27 24 28 25 28 6 28 26 15 26 28 26 29 26 29 26 29 27 29 27 29 27 29 29 29 29      63000      63000 
99	2125500	0 1 0 2 21 4 3 4 10 5 10 3 10 6 12 8 12 9 12 11 13 13 15 14 15 14 15 17 16 17 19 18 16 18 19 20 19 20 23 21 23 22 24 22 24 22 24 23 25 23 25 24 25 24 25 24 25 25 25 25 26 7 26 26 26 26 26 28 26 28 27 29 27 29 27 29 27 29 28 29 28 29 28 29      51750      72000 
297	1308000	23 19 16 12 15 21 26 11 5 18 7 8 7 28 4 5 7 13 9 15 9 10 9 17 9 17 13 1 14 21 16 20 16 4 17 22 18 23 19 0 19 3 19 2 19 24 20 24 21 25 22 14 23 26 24 26 24 26 25 27 25 27 25 6 25 28 25 28 27 29 27 29 27 29 28 29 28 29 10 29 29 29 29 29      31500      72000 
396	1271000	5 10 3 0 27 1 8 2 3 4 9 15 10 12 14 6 12 9 15 7 16 11 16 13 17 14 18 14 22 17 23 18 23 18 24 19 24 19 24 20 5 20 24 21 24 20 24 21 24 22 25 23 25 24 25 25 25 25 26 26 26 26 26 27 26 27 26 8 27 28 27 28 28 28 28 16 28 29 13 29 29 29 29 29      31500      72000 
495	1108000	23 1 16 18 15 12 24 4 5 8 7 27 7 8 4 2 7 9 9 10 9 10 9 12 9 13 13 14 14 17 16 3 16 15 17 20 18 0 19 21 19 6 19 22 19 23 20 23 21 24 22 24 23 25 24 25 24 19 25 26 25 26 25 26 25 26 25 5 27 27 27 28 27 28 28 28 28 11 10 29 29 29 29 29      27000      72000 
693	 970224	27 23 18 16 5 15 4 24 0 23 13 7 8 7 2 4 9 7 10 9 10 7 12 9 13 9 14 13 16 14 17 16 15 16 20 17 1 18 21 19 6 19 22 19 23 19 23 20 24 21 24 22 25 23 25 24 19 24 3 25 26 25 26 25 26 25 27 25 27 27 28 27 28 27 28 28 11 28 29 10 29 29 29 29      76668      17888 
792	 836000	2 18 5 24 3 11 14 11 0 24 4 15 27 12 1 6 9 9 10 7 10 11 12 13 13 25 7 14 16 17 17 18 15 18 20 19 21 19 21 20 6 20 22 21 23 20 23 21 24 22 24 23 25 24 25 25 19 25 8 26 26 26 26 27 26 27 27 8 27 28 28 28 28 28 28 16 29 29 29 29 29 29 29 29      63000      27000 
990	 822000	10 2 24 5 11 3 11 14 24 0 15 4 12 27 6 1 9 9 7 4 11 10 13 12 25 13 14 7 17 16 18 17 18 15 19 20 19 21 20 21 20 6 21 22 20 23 18 23 22 24 23 24 24 25 25 25 25 19 26 8 26 26 27 26 27 26 8 27 28 27 28 28 28 28 16 28 29 29 29 29 29 29 29 29      27000      63000 
1188	 720000	21 23 15 2 4 12 25 1 1 6 29 0 7 8 28 3 7 11 24 13 9 9 16 4 9 10 13 14 14 15 16 16 16 26 17 18 18 19 19 20 19 21 19 22 19 23 20 26 21 24 22 24 23 24 24 17 24 25 25 25 25 26 25 27 25 27 25 27 27 5 27 7 27 28 28 28 28 28 10 29 29 29 29 29      12500      77500 
0	2121500	5 0 0 4 7 4 15 4 10 6 1 6 12 6 12 8 2 8 15 8 14 8 16 9 18 9 18 9 19 10 20 11 20 11 20 13 21 13 3 13 22 13 22 1 23 14 23 16 24 19 24 21 24 23 17 25 25 25 25 25 26 26 27 26 27 26 27 26 28 26 29 26 29 28 29 28 29 28 29 28 29 29 29 29      81000      42750 
99	1918500	23 0 1 3 1 27 18 8 5 10 5 11 6 9 6 13 6 14 7 14 7 15 7 15 7 16 8 16 10 17 10 18 11 19 12 19 12 20 12 21 13 22 17 23 20 4 21 24 21 24 21 24 22 2 22 25 23 26 24 26 25 27 25 28 25 28 25 28 25 28 26 29 27 29 27 29 28 29 28 29 28 29 28 29      31500      87750 
387	 957000	29 0 29 1 7 2 5 3 6 4 15 5 9 6 11 7 13 8 13 9 13 10 14 11 16 12 17 13 18 14 19 15 20 16 21 17 21 18 22 19 22 20 22 21 23 22 23 23 23 23 4 24 24 24 28 24 26 25 26 25 26 25 27 26 27 26 27 26 28 27 28 27 29 27 29 28 29 28 29 28 29 28 29 29      22500      72000 
486	 913160	8 0 0 1 7 2 28 3 10 4 1 5 12 6 12 7 2 8 15 9 14 10 16 11 18 12 18 13 19 14 20 15 20 16 20 17 21 18 3 19 22 20 22 21 4 22 23 23 6 23 24 24 24 24 17 24 5 25 25 25 26 25 27 26 27 26 27 26 28 27 29 27 29 27 29 29 29 28 29 28 29 28 29 29      12858      81000 
585	 726000	0 0 3 1 27 2 8 3 10 4 11 5 9 6 13 7 14 8 14 9 15 10 15 11 16 12 16 13 17 14 18 15 19 16 19 17 20 18 21 19 22 20 23 21 4 22 24 23 24 23 24 24 2 24 25 24 26 25 26 25 27 25 28 26 28 26 28 26 28 27 29 27 29 27 29 29 29 28 29 28 29 28 29 29      18000      72000 
783	 634000	19 0 29 1 29 2 18 3 6 4 0 5 15 6 11 7 13 8 29 9 13 10 14 11 16 12 17 13 18 14 20 15 20 16 21 17 21 18 22 19 22 20 22 21 23 22 23 23 23 23 4 24 24 24 28 24 26 25 26 25 19 25 27 26 27 26 27 26 28 27 28 27 29 27 29 29 29 28 29 28 29 28 29 29      14000      72000 
1080	 614006	20 0 21 1 13 2 2 3 10 4 11 5 9 6 13 7 22 8 14 9 15 10 15 11 16 12 16 13 17 14 18 15 19 16 19 17 20 18 21 19 22 20 23 21 4 22 24 23 24 23 24 24 2 24 25 24 26 25 26 25 27 25 28 26 28 26 28 26 28 27 29 27 29 27 29 29 29 28 29 28 29 28 29 29      15429      72000 
0	2406000	0 6 1 2 6 2 3 2 5 4 20 4 7 10 8 10 13 14 9 14 9 13 10 18 11 18 11 18 12 19 15 21 16 21 17 21 17 22 17 22 18 23 18 23 19 24 21 24 22 24 23 24 24 24 24 24 25 25 26 25 26 25 27 26 27 26 28 26 28 26 29 26 29 27 29 27 29 28 29 28 29 28 29 29      90000      40500 
99	1814000	4 0 22 1 8 2 4 3 17 3 6 5 6 7 6 9 8 9 11 9 11 10 12 13 24 14 14 15 15 16 16 17 12 18 19 18 19 19 20 20 21 22 21 23 21 24 21 24 23 24 23 25 23 25 24 25 25 26 25 26 26 26 26 26 26 26 27 26 27 27 28 27 28 28 29 28 29 28 29 29 29 29 29 29      36000      81000 
297	1518000	4 0 28 1 13 2 4 3 5 3 6 5 6 7 6 2 8 9 23 9 11 10 12 13 12 14 14 15 15 16 16 17 22 18 19 18 17 19 20 20 21 22 21 23 21 24 21 24 23 24 23 25 23 25 24 25 25 26 25 26 26 26 26 26 26 26 27 26 27 27 28 27 28 8 29 28 29 28 11 29 29 29 29 29      36000      72000 
396	1474000	0 4 1 22 2 8 13 4 22 17 5 6 7 6 3 6 9 8 9 11 10 11 13 12 14 24 15 14 16 15 17 16 18 12 18 19 19 19 20 20 12 21 23 21 24 21 24 21 24 23 6 23 25 23 25 24 26 25 26 25 26 26 26 26 26 26 26 27 27 27 27 28 28 28 28 29 28 29 29 29 29 29 29 29      72000      36000 
495	1272000	3 19 3 1 2 1 29 6 4 27 0 9 10 8 7 9 28 12 8 13 9 13 10 14 11 17 11 15 12 7 14 20 15 20 16 5 16 21 17 21 2 22 18 11 19 23 22 23 22 24 23 4 18 25 24 25 24 25 24 26 24 26 25 26 25 26 25 26 26 27 26 27 27 28 29 28 29 28 29 28 29 0 29 29      40500      63000 
882	1092000	25 19 15 8 18 7 10 11 0 1 2 25 5 22 6 9 12 22 4 10 9 12 4 28 11 8 13 13 15 11 13 14 17 14 1 14 3 16 19 17 20 18 20 20 21 21 22 25 23 4 23 26 24 26 24 26 24 24 24 27 25 27 25 27 26 28 26 28 27 28 16 7 27 29 28 29 28 29 28 29 29 29 29 29      67500      31500 
1080	 963000	25 19 15 8 18 7 10 11 0 23 2 25 5 22 6 9 12 22 4 10 9 12 4 28 11 8 13 13 15 11 13 14 17 14 1 14 3 16 19 17 20 18 20 20 21 21 22 25 23 4 23 26 24 26 24 26 24 24 24 27 25 27 25 27 26 28 26 28 27 28 16 7 27 29 28 29 28 29 28 29 29 29 29 29      63000      31500 
1179	 882000	16 0 25 29 19 2 12 3 6 4 13 5 14 6 14 7 15 8 15 9 8 10 23 11 17 12 17 13 1 14 18 15 19 16 19 17 20 18 20 19 21 20 21 21 22 22 22 29 23 23 23 24 24 24 24 24 24 1 25 25 25 25 25 26 26 26 26 26 26 27 27 27 24 27 27 28 28 28 28 28 29 28 29 29      21000      72000 
1377	 878000	0 16 29 25 2 19 3 12 4 6 5 13 6 14 7 14 8 15 9 15 10 8 11 23 12 17 13 19 14 25 15 18 16 19 17 19 18 20 19 20 20 21 21 21 22 22 29 22 23 23 24 23 24 24 24 24 1 24 25 25 25 25 26 25 26 26 26 26 27 26 27 27 27 24 28 27 28 28 28 28 28 29 29 29      72000      21000 
0	2562000	8 0 7 1 2 5 3 7 13 8 4 11 5 11 6 14 6 15 9 15 10 16 10 16 11 16 12 16 13 16 14 17 17 19 19 20 20 21 21 22 27 22 22 23 23 23 18 23 24 23 24 23 24 23 24 24 25 24 25 25 27 25 28 25 28 26 28 26 28 26 29 26 29 26 29 27 29 27 29 28 29 28 29 29      81000      54000 
99	2079000	26 0 25 0 1 5 15 2 16 2 3 3 6 5 7 6 7 7 8 12 9 12 10 15 11 15 13 16 14 16 17 17 17 17 17 19 17 19 18 19 18 26 20 21 20 22 20 22 21 23 22 23 23 23 23 23 4 24 24 24 24 25 25 27 26 27 27 27 27 28 28 28 29 28 29 28 29 28 29 28 29 29 29 29      85500      36000 
198	1818000	12 9 1 0 6 11 3 18 4 6 23 7 11 8 13 8 2 10 16 10 14 13 17 9 17 14 18 15 19 15 20 16 20 17 21 19 21 19 22 20 24 22 24 22 24 5 24 23 25 23 25 24 26 25 26 25 26 25 5 26 27 26 27 27 7 27 28 27 28 27 28 27 28 28 28 12 28 29 29 29 29 29 29 29      63000      54000 
396	1422000	0 1 2 10 0 24 2 11 3 10 3 4 6 5 8 6 8 7 9 9 11 13 12 13 12 15 14 15 16 15 17 15 17 16 18 16 18 20 19 17 19 19 4 22 20 23 21 23 21 23 22 24 23 24 24 25 25 25 25 14 25 26 26 27 26 27 26 28 26 28 7 28 27 29 27 29 27 29 28 29 28 29 29 29      45000      63000 
495	1146000	0 1 2 10 0 24 2 11 3 10 3 4 6 5 8 6 8 7 9 9 11 13 12 13 12 15 14 15 5 8 17 15 17 16 18 16 18 20 19 17 19 19 4 22 20 23 21 23 21 23 22 24 23 24 24 25 25 25 25 14 25 26 26 27 26 27 26 28 26 28 7 28 27 29 27 29 27 29 28 29 28 29 29 29      45000      54000 
882	1039730	19 0 22 1 12 2 26 3 16 4 14 5 6 6 7 7 10 8 8 9 29 10 27 11 1 12 13 13 14 14 17 15 17 16 17 17 17 18 9 19 18 20 20 21 20 22 20 23 21 23 15 24 23 24 23 24 4 25 24 25 24 25 25 26 26 26 27 26 27 27 28 27 29 27 29 28 29 28 29 28 29 28 29 29      25715      72000 
1080	 818000	19 0 22 1 12 2 26 3 16 4 14 5 6 6 7 7 10 8 8 9 29 10 27 11 1 12 13 13 11 14 17 15 17 16 17 17 17 18 9 19 18 20 20 21 20 22 20 23 21 23 15 24 23 24 23 24 4 25 24 25 24 25 25 26 26 26 27 26 27 27 28 27 29 27 29 28 29 28 29 28 29 28 29 29      27000      63000 
1278	 740000	12 0 9 1 14 2 29 3 5 4 16 5 8 6 2 7 11 8 10 9 13 10 13 11 0 12 15 13 6 14 18 15 18 16 19 17 21 18 26 19 21 20 22 21 23 22 24 23 24 23 24 24 24 29 25 24 25 25 27 25 27 25 0 26 28 26 28 26 28 27 20 27 29 27 29 28 29 28 29 28 29 28 17 29      25000      65000 
0	2254000	27 0 23 0 25 5 4 1 4 1 6 3 9 3 10 7 10 7 10 12 11 12 11 12 13 13 14 13 15 15 18 16 18 16 2 16 19 17 19 17 20 17 20 17 23 20 24 21 24 21 25 21 25 5 25 22 26 22 26 23 26 24 26 26 26 26 28 27 28 27 28 27 8 28 29 28 29 28 29 28 29 29 29 29      81000      45000 
99	2198000	0 1 3 4 5 4 2 17 24 17 16 14 6 14 10 15 7 15 8 16 11 18 9 18 9 19 26 20 10 20 12 21 13 21 13 22 18 3 18 24 19 24 20 25 21 26 21 26 21 27 21 27 22 27 23 27 23 27 24 27 25 27 25 28 25 28 25 28 26 29 26 29 27 29 27 29 28 29 28 29 28 29 29 29      72000      54000 
198	2015000	7 22 1 27 5 3 2 9 4 17 1 10 28 12 7 13 10 14 10 15 11 11 11 18 5 18 14 0 15 16 18 19 18 20 2 21 19 27 19 4 20 23 20 23 23 22 24 24 24 24 25 24 25 24 25 25 26 25 26 26 26 6 26 8 26 27 28 27 28 28 28 28 8 28 29 29 29 29 29 29 29 29 29 29      31500      90000 
486	 806000	0 13 1 22 2 9 3 19 4 3 5 2 6 13 7 0 8 14 9 15 10 15 11 0 12 16 13 17 14 18 15 18 16 21 17 20 18 23 19 24 20 24 21 2 22 26 23 26 23 26 24 27 24 27 24 27 25 27 25 28 25 28 26 29 26 29 26 29 27 29 27 29 27 29 28 29 28 29 28 29 28 29 29 29      72000      18000 
585	 760000	25 10 29 1 3 11 9 3 17 0 10 9 12 6 13 7 14 5 15 8 11 2 18 4 18 12 0 13 16 14 19 15 20 16 21 17 2 18 4 19 23 20 23 21 22 22 24 23 24 23 24 24 25 24 25 24 25 29 26 25 6 25 8 26 7 26 27 26 28 27 28 27 28 27 29 28 29 28 29 28 29 28 29 29      25000      65000 
684	 730000	0 2 1 22 2 9 3 19 4 20 5 2 6 13 7 17 8 14 9 15 10 15 11 0 12 16 13 17 14 19 15 18 16 21 17 20 18 23 19 8 20 24 21 2 22 26 23 26 23 26 24 1 24 27 24 27 25 27 25 28 25 28 26 4 26 29 26 29 27 29 27 29 27 29 28 29 28 29 28 29 29 29 29 29      77500      12500 
882	 710000	25 10 20 1 29 11 9 3 17 0 10 9 12 6 13 7 14 5 15 8 11 2 18 4 18 12 0 13 16 14 19 15 20 16 21 17 2 18 4 19 23 20 29 21 22 22 24 23 24 23 24 24 25 24 25 24 25 29 26 25 6 25 8 26 7 26 27 26 28 27 28 27 28 27 29 28 29 28 29 28 29 28 29 29      20000      70000 
0	1836000	0 2 1 2 5 3 5 4 6 6 7 7 8 7 9 8 11 8 12 9 12 10 13 10 17 11 17 13 18 14 18 14 19 15 19 15 20 15 21 16 22 16 22 19 23 20 24 21 24 22 24 22 24 23 24 23 25 23 25 24 26 25 26 25 27 25 27 26 28 26 28 26 28 27 29 27 29 27 29 28 29 28 29 28      54000      63000 
288	 956000	14 0 13 1 16 2 29 3 20 4 12 5 12 6 15 7 15 8 15 9 16 10 0 11 17 12 18 13 19 14 20 15 21 16 22 17 29 18 23 19 23 20 23 21 23 22 24 23 24 23 24 24 25 24 25 24 25 25 26 25 27 25 27 26 27 26 27 26 6 27 28 27 29 27 29 28 29 28 29 28 29 28 29 29      22500      72000 
387	 850000	14 0 13 1 19 2 29 3 20 4 12 5 12 6 15 7 15 8 15 9 16 10 0 11 17 12 18 13 19 14 20 15 21 16 22 17 29 18 23 19 23 20 23 21 29 22 24 23 24 23 24 24 25 24 25 24 25 25 26 25 27 25 27 26 27 26 27 26 6 27 28 27 29 27 29 28 29 28 29 28 29 28 29 29      20000      72000 
585	 690000	14 0 9 1 13 2 7 3 20 4 12 5 12 6 15 7 15 8 15 9 10 10 16 11 17 12 18 13 19 14 20 15 21 16 22 17 23 18 23 19 23 20 23 21 23 22 29 29 24 23 24 24 25 24 25 24 25 25 26 25 11 25 27 26 27 26 27 26 6 27 28 27 29 27 29 28 29 28 29 28 29 28 29 29      20000      70000 
684	 670000	29 0 9 29 10 1 25 3 20 4 11 5 12 6 13 2 15 7 19 9 16 10 16 11 17 12 18 13 19 14 20 15 21 16 22 17 23 18 23 19 23 20 14 21 23 22 24 8 24 23 24 24 25 24 25 24 25 25 26 25 27 25 27 26 27 26 27 26 6 27 28 27 29 27 29 28 29 28 29 28 29 28 29 29      20000      70000 
0	2212000	0 2 17 3 4 5 6 5 15 5 1 7 20 8 9 8 10 8 10 8 11 9 11 10 12 13 12 17 13 14 14 18 15 20 16 21 16 21 16 23 18 23 19 23 19 24 21 24 22 24 22 24 24 25 25 25 25 25 26 25 26 26 27 26 27 26 27 27 29 27 29 27 29 27 29 28 29 28 29 28 29 28 29 28      63000      63000 
288	 715000	10 0 20 1 9 2 17 3 3 4 22 5 8 6 8 7 6 8 11 9 12 10 13 11 14 12 15 13 18 14 19 15 19 16 20 17 21 18 23 19 16 20 24 21 25 22 25 23 25 23 26 24 26 24 27 24 27 25 28 25 28 25 28 26 28 26 29 26 29 27 29 27 29 27 29 28 29 28 29 28 29 28 29 29      23750      66250 
387	 685556	10 0 29 1 9 2 17 3 27 4 22 5 8 6 18 7 6 8 11 9 12 10 13 11 14 12 15 13 20 14 19 15 19 16 20 17 21 18 23 19 16 20 24 21 25 22 25 23 25 23 26 24 26 24 27 24 27 25 28 25 28 25 28 26 28 26 29 26 29 27 29 27 29 27 29 28 29 28 29 28 29 28 29 29      21111      68889 
873	 635600	23 0 21 1 20 2 12 3 15 4 1 5 20 6 9 7 10 8 10 9 11 10 9 11 17 12 0 13 13 14 14 15 15 16 16 17 16 18 16 19 18 20 19 21 19 22 21 23 22 23 22 24 24 24 25 24 29 25 26 25 29 25 27 26 27 26 27 26 29 27 29 27 29 27 29 28 29 28 29 28 29 28 29 29      18200      70000 
1071	 589276	29 0 21 1 20 2 12 3 15 4 1 5 20 6 9 7 23 8 10 9 11 10 9 11 17 12 0 13 13 14 14 15 15 16 16 17 16 18 16 19 18 20 19 21 19 22 21 23 22 23 22 24 24 24 25 24 29 25 26 25 29 25 27 26 27 26 27 26 29 27 29 27 29 27 29 28 29 28 29 28 29 28 29 29      16546      70000 
0	2793000	3 2 15 4 6 4 20 5 8 5 9 5 11 7 11 7 11 9 21 10 14 10 15 10 16 12 16 13 17 13 17 13 17 14 18 17 19 18 20 19 22 21 22 22 8 22 24 23 25 23 25 24 25 24 0 24 26 24 26 24 1 25 27 25 27 26 28 26 28 27 28 28 29 28 29 28 29 28 29 29 29 29 29 29      67500      72000 
99	2212000	2 3 12 15 7 6 4 20 23 8 5 9 7 11 27 11 9 11 10 21 10 14 10 15 12 16 13 16 13 17 13 17 14 17 17 18 18 19 19 20 21 22 0 22 22 8 23 24 23 25 24 25 24 25 24 0 24 26 24 26 25 1 25 27 26 27 26 28 27 28 28 28 28 29 28 29 28 29 29 29 29 29 29 29      63000      63000 
198	1839336	3 2 24 4 6 4 4 5 7 5 9 5 11 7 11 7 11 9 21 10 14 10 15 10 13 12 16 13 12 13 17 13 17 14 18 17 19 18 20 19 22 21 22 22 8 22 23 23 25 23 25 24 25 24 0 24 26 24 26 24 1 25 27 25 27 26 2 26 28 27 28 28 29 28 29 28 29 28 29 29 29 29 29 29      91334      24332 
297	1490000	0 1 2 3 3 3 4 15 7 17 8 7 19 7 12 9 9 11 12 10 12 12 14 13 16 14 18 14 1 14 21 0 20 18 6 19 22 19 11 20 24 20 24 21 25 22 25 22 25 22 15 23 17 23 5 24 23 24 26 24 26 24 10 25 27 25 27 25 13 25 28 26 28 26 28 27 29 27 29 28 29 28 29 28      81000      27000 
495	1264000	15 0 16 26 3 3 15 4 13 7 7 8 7 19 9 12 11 9 23 12 5 12 13 14 16 16 14 18 12 1 0 21 18 20 19 6 19 22 20 11 20 24 21 24 22 2 22 25 22 25 23 15 23 17 24 5 24 23 24 26 24 26 25 10 25 27 25 27 25 13 4 28 26 28 27 28 27 29 28 29 28 29 28 29      22500      81000 
594	 853334	27 0 10 26 21 3 15 4 13 7 7 8 7 19 9 12 11 9 23 12 5 12 13 14 16 16 14 18 12 1 0 21 18 20 19 6 19 22 20 11 20 24 21 24 22 2 22 25 22 25 23 15 23 17 17 5 24 23 24 26 24 26 25 10 25 27 25 27 25 13 4 28 26 28 27 28 27 29 28 29 28 29 28 29      22334      69999 
1170	 750000	2 0 29 2 0 1 3 4 4 7 5 8 6 19 7 10 8 9 9 12 23 12 11 14 12 3 13 18 14 1 15 21 16 20 17 6 18 22 19 11 20 24 21 24 22 16 23 25 23 25 24 15 24 17 24 5 25 23 25 26 25 26 26 10 26 27 26 27 27 13 27 28 27 28 28 28 28 29 28 29 28 29 29 29      50000      40000 
1269	 740000	27 0 24 2 25 1 26 4 21 7 5 8 23 19 7 6 10 9 9 16 2 12 11 14 12 3 13 18 14 1 15 21 16 20 17 6 18 22 19 11 20 24 21 24 22 16 23 25 23 25 24 15 24 17 24 5 25 23 25 26 25 26 26 10 26 27 26 27 27 13 27 28 27 28 28 28 28 29 28 29 28 29 29 29      25000      65000 
0	2198000	3 0 18 4 5 4 2 4 6 5 1 26 17 7 7 8 27 8 9 9 10 11 11 11 11 11 12 18 14 13 14 13 15 14 15 17 15 19 15 19 16 20 16 20 16 21 19 22 20 24 21 24 22 24 23 24 23 25 24 25 25 25 26 25 26 27 26 2 27 28 27 28 27 28 28 28 29 28 29 28 29 29 29 29      72000      54000 
99	2082000	3 1 0 2 11 3 4 8 2 8 6 9 5 11 7 12 10 13 9 13 10 15 12 15 14 17 14 18 16 18 16 19 18 20 18 20 19 22 21 22 21 22 23 23 23 23 24 23 25 23 25 23 26 24 17 24 26 24 27 24 27 24 27 25 28 25 29 25 29 25 29 26 29 26 29 28 29 28 29 28 29 28 29 28      69000      54000 
198	1514000	0 3 25 18 13 4 0 2 5 6 26 1 7 17 8 7 8 27 9 9 11 10 11 11 11 11 18 12 13 14 13 14 14 15 17 15 19 15 19 15 20 16 20 16 21 16 22 19 24 20 24 21 24 22 24 23 25 23 25 24 25 25 25 26 27 26 2 26 5 27 28 27 28 27 28 28 28 29 28 29 29 29 29 29      36000      72000 
486	1002000	0 25 1 27 2 0 3 3 4 18 5 1 6 15 7 5 8 9 9 4 10 10 11 3 12 13 13 13 14 14 15 14 16 14 17 16 18 19 19 19 20 20 21 21 22 21 23 22 23 22 24 23 29 24 24 24 25 24 25 25 25 6 26 20 26 27 26 28 27 28 27 8 27 29 28 29 28 29 28 29 28 29 29 29      81000      15000 
585	 999000	26 0 11 1 8 2 3 3 18 4 1 5 15 6 5 7 9 5 4 9 10 10 12 11 13 12 13 13 14 14 14 15 14 16 16 17 19 18 19 19 20 20 21 21 21 22 17 23 22 23 23 24 24 24 24 24 24 25 25 25 0 25 20 26 27 26 28 26 28 27 8 27 29 27 29 28 29 28 29 28 29 28 29 29      31500      63000 
684	 683000	26 0 24 1 29 2 3 3 18 4 1 5 15 6 5 7 9 8 17 9 10 10 3 11 13 12 13 13 14 14 14 15 14 16 16 17 19 18 19 19 20 20 21 21 21 22 22 23 22 23 23 24 24 29 24 24 24 25 25 25 6 25 20 26 27 26 28 26 28 27 8 27 29 27 29 28 29 28 29 28 29 28 29 29      15750      72000 
1170	 655148	24 0 24 1 29 2 15 3 18 4 1 5 15 6 5 7 9 8 17 9 10 10 11 11 13 12 13 13 14 14 14 15 14 16 16 17 19 18 19 19 20 20 21 21 21 22 22 23 22 23 23 24 24 29 24 24 24 25 25 25 6 25 20 26 27 26 28 26 28 27 8 27 29 27 29 28 29 28 29 28 29 28 29 29      15429      72000 
1269	 648290	0 26 1 24 2 29 3 3 4 18 5 1 6 15 7 5 8 9 9 17 10 10 11 24 12 13 13 13 14 14 15 14 16 14 17 16 18 19 19 19 20 20 21 21 22 21 23 22 23 22 24 23 29 24 24 24 25 24 25 25 25 6 26 20 26 27 26 28 27 28 27 8 27 29 28 29 28 29 28 29 28 29 29 29      72000      15429 
1368	 618000	24 0 24 1 29 2 29 3 18 4 1 5 15 6 5 7 9 8 17 9 10 10 11 11 13 12 13 13 14 14 14 15 14 16 16 17 19 18 19 19 20 20 21 21 21 22 22 23 22 23 23 24 24 29 24 24 24 25 25 25 6 25 20 26 27 26 28 26 28 27 8 27 29 27 29 28 29 28 29 28 29 28 29 29      14000      72000 
0	2182000	22 1 0 1 7 4 5 3 6 5 4 6 7 8 10 9 10 9 13 11 14 12 14 12 14 12 15 13 18 13 18 15 19 16 20 16 20 16 21 2 24 17 24 17 24 18 24 19 25 19 25 21 26 22 26 23 27 23 27 24 27 25 28 25 28 26 28 26 29 27 29 27 29 28 29 28 29 28 29 28 29 28 29 29      54000      72000 
99	1634000	24 6 28 2 1 3 1 3 26 20 11 4 8 7 22 8 7 15 9 10 9 11 10 12 10 12 11 14 13 17 13 17 20 17 14 18 14 5 16 15 16 21 16 22 16 13 18 23 18 0 19 24 19 25 19 25 21 25 23 25 23 26 24 26 24 27 25 27 25 27 26 28 26 28 26 29 27 29 27 29 28 29 28 29      48000      63000 
387	 800000	24 0 14 1 12 2 17 3 9 4 10 5 4 6 11 7 13 8 14 9 14 10 15 11 16 12 18 13 18 13 19 15 6 16 0 17 21 18 22 19 23 20 23 21 8 22 7 23 25 23 25 24 25 24 26 24 26 25 27 25 27 25 28 26 28 26 20 26 29 27 29 27 29 27 29 28 29 28 29 28 29 28 29 29      27000      63000 
486	 784000	22 0 16 1 19 2 10 3 9 4 17 5 11 6 12 7 13 8 13 9 14 10 14 11 14 12 14 13 15 24 17 15 18 16 20 17 23 18 24 19 24 20 24 21 25 22 25 23 0 23 7 24 8 24 27 24 21 25 28 25 28 25 28 26 29 26 29 26 29 27 29 27 29 27 29 28 29 28 29 28 29 28 29 29      21000      69000 
684	 762730	0 22 1 29 2 19 3 2 4 16 5 1 6 11 7 12 8 29 9 13 10 14 11 14 12 15 13 15 14 15 15 17 16 18 17 20 18 23 19 24 20 24 21 24 22 25 23 25 23 0 24 7 24 8 24 27 25 21 25 28 25 28 26 28 26 29 26 29 27 29 27 29 27 29 28 29 28 29 28 29 28 29 29 29      72727      17273 
783	 751822	29 0 29 1 20 2 6 3 9 4 2 5 19 6 6 7 13 8 13 9 5 10 14 11 10 12 15 13 15 14 17 15 18 16 20 17 3 18 24 19 24 20 16 21 25 22 25 23 0 23 7 24 4 24 27 24 21 25 28 25 28 25 28 26 29 26 29 26 29 27 29 27 29 27 29 22 29 28 29 28 29 28 29 29      17273      72727 
981	 739092	0 22 1 29 2 19 3 26 4 16 5 1 6 11 7 12 8 29 9 13 10 14 11 14 12 15 13 15 14 15 15 17 16 18 17 20 18 23 19 24 20 24 21 24 22 25 23 25 23 0 24 7 24 8 24 27 25 21 25 28 25 28 26 28 26 29 26 29 27 29 27 29 27 29 28 29 28 29 28 29 28 29 29 29      72727      17273 
1080	 710000	26 0 11 1 19 2 10 3 9 4 29 5 2 6 12 7 13 8 13 9 16 10 14 11 14 12 14 13 15 14 17 15 18 16 20 17 23 18 3 19 1 20 24 21 25 22 25 23 0 23 7 24 8 24 27 24 21 25 28 25 28 25 28 26 29 26 29 26 29 27 29 27 29 27 29 22 29 28 29 28 29 28 29 29      19000      71000 
1179	 690000	11 0 12 1 26 2 29 3 9 4 2 5 19 6 22 7 1 8 13 9 22 10 14 11 10 12 27 13 15 14 17 15 18 16 20 17 3 18 24 19 24 20 16 21 25 22 25 23 0 23 7 24 4 24 23 24 21 25 28 25 28 25 28 26 29 26 29 26 29 27 29 27 29 27 29 28 29 28 29 28 29 28 29 29      19000      71000 
0	2258000	0 0 1 1 2 2 4 3 5 3 6 4 6 9 7 9 7 11 8 11 13 11 14 12 16 12 17 14 18 15 10 15 24 16 24 17 24 17 24 19 24 19 24 20 24 20 25 21 25 21 25 22 25 22 26 23 26 23 26 23 26 23 27 25 27 26 28 26 29 27 29 27 29 28 29 28 29 28 29 28 29 28 29 29      81000      45000 
288	 979232	0 0 1 16 2 28 3 3 4 3 5 5 6 6 7 11 8 21 9 15 10 29 11 16 12 3 13 11 14 20 15 22 16 23 17 23 18 23 19 19 20 24 21 24 22 24 23 25 23 25 24 25 24 25 24 26 25 26 25 28 25 29 26 29 26 29 26 29 27 29 27 29 27 29 28 29 28 29 28 29 28 29 29 29      81000      13154 
387	 949540	0 0 1 16 2 28 3 3 4 3 5 5 6 6 7 29 8 21 9 15 10 15 11 16 12 19 13 13 14 20 15 22 16 23 17 23 18 23 19 19 20 24 21 24 22 24 23 25 23 25 24 25 24 25 24 26 25 26 25 28 25 29 26 29 26 29 26 29 27 29 27 29 27 29 28 29 28 29 28 29 28 29 29 29      81000      13154 
486	 844128	29 0 29 1 20 2 3 3 3 4 5 5 6 6 29 7 21 8 15 9 2 10 16 11 19 12 13 13 20 14 22 15 23 16 23 17 23 18 19 19 24 20 24 21 24 22 25 23 25 23 25 24 29 24 26 24 26 25 28 25 29 25 29 26 29 26 29 26 29 27 29 27 29 27 29 28 29 28 29 28 29 28 29 29      10688      81000 
585	 826128	29 0 29 1 20 2 3 3 17 4 5 5 6 6 29 7 21 8 15 9 2 10 16 11 19 12 13 13 20 14 22 15 23 16 23 17 23 18 19 19 24 20 24 21 24 22 25 23 25 23 25 24 29 24 26 24 26 25 28 25 29 25 29 26 29 26 29 26 29 27 29 27 29 27 29 28 29 28 29 28 29 28 29 29      10688      81000 
783	 757276	13 0 17 1 14 2 18 3 3 4 21 5 6 6 25 7 5 8 5 9 15 10 16 11 19 12 11 13 20 14 22 15 23 16 23 17 23 18 19 19 24 20 24 21 24 22 1 23 25 23 25 24 25 24 8 24 26 25 28 25 29 25 29 26 29 26 29 26 29 27 29 27 29 27 29 28 29 28 29 28 29 28 29 29      17273      72727 
981	 744286	0 29 1 29 2 20 3 3 4 17 5 5 6 6 7 29 8 21 9 15 10 18 11 16 12 19 13 13 14 20 15 22 16 23 17 23 18 23 19 19 20 24 21 24 22 24 23 25 23 25 24 25 24 29 24 26 25 26 25 28 25 29 26 29 26 29 26 29 27 29 27 29 27 29 28 29 29 29 28 29 28 29 29 29      82857       7143 
1080	 703334	26 0 15 1 13 13 26 3 20 4 8 5 10 6 11 9 29 10 26 8 17 2 1 11 4 12 14 7 14 14 12 15 16 16 16 17 16 18 18 19 20 20 21 21 22 22 23 23 23 23 23 24 24 24 0 24 25 25 26 25 26 25 19 26 27 29 27 26 28 27 29 27 29 27 29 28 29 28 29 28 29 28 29 29      16667      73333 
1278	 701668	0 21 1 18 2 7 3 27 4 17 5 12 6 8 7 9 8 0 9 15 10 2 11 3 12 19 13 13 14 20 15 22 16 10 17 16 18 23 19 19 20 24 21 24 22 24 23 14 23 7 24 25 24 29 24 28 25 26 25 7 25 29 26 29 26 29 26 29 27 29 27 29 27 29 28 29 28 29 28 29 28 29 29 29      74166      15834 
0	2178000	5 0 1 0 14 0 2 1 3 5 4 8 6 9 8 9 12 9 15 10 16 10 17 10 18 11 19 11 19 13 20 13 20 13 21 16 23 17 23 18 23 18 22 22 24 23 24 24 25 24 25 24 25 24 26 24 26 24 26 25 26 25 7 25 27 26 27 26 27 27 28 27 28 27 28 27 28 28 29 29 29 29 29 29      90000      36000 
288	1055730	29 0 13 1 18 2 4 3 2 4 4 5 7 6 7 7 9 8 9 9 11 10 5 11 14 12 14 13 15 14 16 15 16 16 17 17 24 18 19 19 20 20 20 21 20 22 21 23 23 23 25 24 25 24 26 24 26 25 22 25 27 25 28 26 28 26 28 26 28 27 28 27 29 27 29 28 29 28 29 28 29 28 29 29      25715      72000 
387	1039730	0 29 1 13 2 18 3 4 4 2 5 4 6 7 7 7 8 10 9 9 10 11 11 5 12 14 13 14 14 15 15 16 16 16 17 17 18 24 19 19 20 20 21 20 22 20 23 21 23 23 24 25 24 25 24 26 25 26 25 22 25 27 26 28 26 28 26 28 27 28 27 28 27 29 28 29 28 29 28 29 28 29 29 29      72000      25715 
486	 696668	29 0 13 1 18 2 19 3 2 4 29 5 7 6 7 7 9 8 9 9 11 10 5 11 14 12 14 13 15 14 16 15 16 16 17 17 24 18 19 19 20 20 20 21 20 22 21 23 23 23 25 24 25 24 26 24 26 25 22 25 27 25 28 26 28 26 28 26 28 27 28 27 29 27 29 28 29 28 29 29 29 28 29 29      16667      73333 
1548	 676668	29 0 13 1 18 2 19 3 22 4 29 5 7 6 7 7 9 8 9 9 11 10 5 11 14 12 14 13 15 14 16 15 16 16 17 17 24 18 19 19 20 20 20 21 20 22 21 23 23 23 25 24 25 24 26 24 26 25 22 25 27 25 28 26 28 26 28 26 28 27 28 27 29 27 29 28 29 28 29 29 29 28 29 29      16667      73333 
1647	 614580	21 0 13 1 18 2 19 3 22 4 29 5 7 6 7 7 9 8 9 9 11 10 10 11 14 12 14 13 15 14 16 15 16 16 17 17 24 18 19 19 20 20 20 21 20 22 21 23 23 23 25 24 25 24 26 24 26 25 22 25 27 25 28 26 28 26 28 26 28 27 28 27 29 27 29 28 29 28 29 29 29 28 29 29      15429      72000 
1746	 561000	29 21 1 13 2 18 3 19 4 22 5 29 6 7 9 12 8 9 0 9 10 11 11 10 12 14 13 14 14 15 15 16 16 16 17 17 18 24 19 19 20 20 21 20 22 20 23 21 23 23 24 25 24 25 24 26 25 26 25 22 25 27 26 28 26 28 26 28 27 28 27 28 27 29 28 29 28 29 28 29 7 29 29 29      66500      17000 
0	2550000	2 1 2 3 15 4 14 4 6 5 6 5 7 7 7 8 9 9 9 10 0 10 20 10 13 11 13 12 13 16 15 14 16 17 18 18 20 19 21 19 23 21 23 22 23 22 24 23 24 23 24 24 24 24 25 24 26 25 27 25 27 25 28 25 28 25 28 26 29 26 29 26 29 26 29 27 29 27 29 27 29 28 29 28      54000      81000 
99	1638000	6 2 20 2 5 15 4 17 1 5 1 6 0 7 8 7 9 11 3 9 10 0 10 20 11 13 12 13 16 13 14 15 17 16 18 18 19 20 19 21 21 23 22 23 22 23 23 24 23 24 24 24 24 24 24 25 14 26 25 27 25 27 25 28 25 28 26 28 26 29 26 29 26 29 27 29 27 29 27 29 28 29 28 29      72000      40500 
387	 838000	0 0 1 2 2 1 3 12 4 5 5 13 6 9 7 6 8 10 9 20 10 11 11 14 12 26 13 15 14 16 15 17 16 18 17 18 18 12 19 19 20 19 21 20 22 20 23 21 23 22 24 23 24 24 24 24 25 25 25 25 25 25 26 27 26 28 26 28 27 28 27 29 27 29 28 29 28 29 28 29 28 29 29 29      63000      27000 
486	 790000	0 4 1 2 2 1 3 22 4 5 5 13 6 9 7 6 8 10 9 3 10 11 11 14 12 26 13 15 14 16 15 17 16 18 17 18 18 12 19 19 20 19 21 20 22 20 23 21 23 22 24 23 24 24 24 24 25 25 25 25 25 25 26 27 26 28 26 28 27 28 27 29 27 29 28 29 28 29 28 29 28 29 29 29      63000      27000 
585	 762000	14 0 17 1 22 2 19 3 29 4 6 5 7 6 7 7 11 8 9 9 0 10 29 11 13 12 13 13 13 14 15 15 16 16 18 17 20 18 21 19 23 20 23 21 23 22 24 23 24 23 24 24 29 24 25 24 26 25 27 25 27 25 28 26 28 26 28 26 29 27 29 27 29 27 29 28 29 28 29 28 29 28 29 29      18000      72000 
684	 622000	21 0 22 1 7 2 29 3 5 4 13 5 9 6 6 7 10 8 29 9 11 10 14 11 26 12 15 13 16 14 17 15 18 16 18 17 12 18 19 19 19 20 20 21 20 22 21 23 22 23 23 24 24 24 24 24 25 25 25 25 25 25 27 26 8 26 28 26 28 27 29 27 29 27 29 28 29 28 29 28 29 28 29 29      21000      63000 
1458	 550000	21 0 22 1 27 2 29 3 29 4 13 5 9 6 6 7 10 8 29 9 11 10 14 11 26 12 15 13 16 14 17 15 18 16 18 17 12 18 19 19 19 20 20 21 20 22 21 23 22 23 23 24 24 24 24 24 25 25 25 25 2 25 27 26 8 26 28 26 28 27 29 27 29 27 29 28 29 28 29 28 29 28 29 29      20500      63000 
0	1816000	1 3 12 6 5 7 4 7 5 7 2 8 4 8 9 9 13 10 11 10 13 10 15 10 15 11 16 12 16 14 19 14 20 17 21 17 22 18 22 18 23 19 23 20 24 21 2 21 26 22 26 23 27 24 28 24 28 24 28 25 28 25 28 25 28 25 0 26 29 26 29 26 29 27 29 27 29 27 29 27 29 27 29 28      54000      63000 
288	1074590	1 0 2 1 21 2 3 3 4 4 14 5 7 6 8 7 10 8 13 9 22 10 15 11 15 12 16 13 17 14 19 15 19 16 20 17 20 18 20 19 21 20 23 21 24 22 24 23 24 23 25 24 12 24 18 24 27 25 27 25 28 25 28 26 28 26 28 26 28 27 29 27 29 27 29 28 29 28 29 28 29 28 29 29      25715      72000 
387	 722000	29 0 29 1 29 2 29 3 4 4 14 5 7 6 8 7 10 8 13 9 22 10 15 11 26 12 16 13 17 14 19 15 19 16 20 17 20 18 20 19 21 20 23 21 24 22 24 23 24 23 25 24 12 24 18 24 27 25 27 25 28 25 28 26 28 26 28 26 28 27 29 27 29 27 29 28 29 28 29 28 29 28 29 29      18000      72000 
972	 719092	29 0 16 1 22 2 29 3 5 4 3 5 10 6 27 7 5 8 14 9 15 10 15 11 26 12 17 13 11 14 18 15 19 16 19 17 20 18 21 19 23 20 23 21 13 22 24 23 25 23 29 24 26 24 26 24 0 25 27 25 27 25 28 26 28 26 29 26 29 27 29 27 29 27 29 28 29 28 29 28 29 28 29 29      17273      72727 
1071	 680000	0 13 1 16 2 22 3 20 4 28 5 3 6 10 7 2 8 5 9 14 10 15 11 15 12 17 13 17 14 22 15 18 16 19 17 19 18 20 19 21 20 23 21 23 22 1 23 24 23 25 24 29 24 26 24 26 25 0 25 12 25 27 26 28 26 28 26 29 27 29 27 29 27 29 28 29 29 29 28 29 28 29 29 29      77500      12500 
1170	 675000	0 13 1 16 2 22 3 20 4 28 5 3 6 10 7 2 8 5 9 14 10 15 11 15 12 17 13 17 14 22 15 18 16 19 17 19 18 20 19 21 20 23 21 23 22 1 23 24 23 11 24 29 24 26 24 26 25 0 25 12 25 27 26 28 26 28 26 29 27 29 27 29 27 29 28 29 29 29 28 29 28 29 29 29      77500      12500 
1269	 660000	29 0 21 1 29 2 29 3 4 4 14 5 7 6 8 7 10 8 13 9 22 10 15 11 26 12 16 13 17 14 19 15 19 16 20 17 20 18 20 19 21 20 23 21 24 22 24 23 24 23 25 24 12 24 18 24 27 25 27 25 28 25 28 26 28 26 28 26 28 27 29 27 29 27 29 28 29 29 29 28 29 28 29 29      12500      77500 
0	2043750	1 0 3 2 0 7 6 7 8 10 4 11 2 11 9 13 11 14 12 16 13 4 14 17 5 17 15 17 15 17 16 18 18 19 18 19 19 19 20 19 20 20 20 22 21 22 21 22 21 23 24 23 24 23 10 23 25 24 25 25 26 26 26 26 27 26 27 27 27 27 27 28 28 28 28 28 28 28 28 29 29 29 29 29      86625      33750 
288	1044300	0 13 1 3 2 19 3 18 4 14 5 9 6 9 7 1 8 10 9 12 10 12 11 17 12 15 13 16 14 17 15 17 16 20 17 21 18 22 19 23 20 24 21 24 22 24 23 25 23 25 24 26 24 2 24 27 25 28 25 28 25 28 26 28 26 16 26 28 27 28 27 29 27 29 28 29 28 29 28 29 28 29 29 29      72000      25715 
387	 878000	14 0 22 1 15 2 3 3 21 4 5 5 0 6 5 7 6 8 22 9 12 10 12 11 13 12 14 13 16 14 17 15 18 16 19 17 20 18 21 19 21 20 23 21 25 22 25 23 25 23 26 24 4 24 27 24 27 25 27 25 28 25 28 26 28 26 29 26 29 27 29 27 29 27 29 28 29 28 29 28 29 28 29 29      20000      72000 
486	 841430	29 0 11 1 19 2 18 3 14 4 9 5 9 6 15 7 10 8 12 9 12 10 17 11 15 12 9 13 17 14 17 15 20 16 21 17 22 18 23 19 24 20 24 21 24 22 25 23 13 23 26 24 2 24 27 24 28 25 28 25 28 25 28 26 16 26 28 26 28 27 29 27 29 27 29 28 29 28 29 28 29 28 29 29      23143      66857 
585	 821430	0 29 1 11 2 19 3 18 4 14 5 9 6 9 7 15 8 10 9 12 10 12 11 17 12 15 13 9 14 17 15 17 16 20 17 21 18 22 19 23 20 24 21 24 22 24 23 25 23 13 24 26 24 2 24 27 25 28 25 28 25 28 26 28 26 16 26 28 27 28 27 29 27 29 28 29 21 29 28 29 28 29 29 29      66857      23143 
684	 702000	29 0 22 1 24 2 11 3 15 4 29 5 0 6 5 7 28 8 22 9 19 10 12 11 13 12 14 13 16 14 17 15 18 16 19 17 20 18 21 19 21 20 23 21 25 22 25 23 25 23 26 24 4 24 27 24 27 25 27 25 28 25 28 26 28 26 29 26 29 27 29 27 29 27 29 28 29 28 29 28 29 28 29 29      18000      72000 
882	 690000	0 3 1 11 2 19 3 18 4 14 5 9 6 9 7 15 8 10 9 12 10 12 11 17 12 15 13 20 14 17 15 17 16 20 17 21 18 22 19 23 20 24 21 24 22 24 23 25 23 13 24 26 24 2 24 27 25 28 25 28 25 28 26 28 26 16 29 28 27 28 27 29 27 29 28 29 28 29 28 29 26 29 29 29      70000      20000 
1467	 665000	0 22 29 29 2 24 3 16 4 15 5 5 6 0 7 5 8 27 9 22 10 12 11 28 12 13 13 14 14 19 15 17 16 18 17 19 18 20 19 21 20 21 21 23 22 25 23 25 23 25 24 26 24 4 24 27 25 27 25 27 25 28 26 28 26 28 26 29 27 29 27 29 27 29 1 29 28 29 28 29 28 29 29 29      77500      12500 
1566	 656668	0 22 29 29 2 24 3 16 4 15 5 5 6 0 7 29 8 27 9 22 10 12 11 28 12 13 13 14 14 19 15 17 16 18 17 19 18 20 19 21 20 21 21 23 22 25 23 25 23 25 24 26 24 4 24 27 25 27 25 27 25 28 26 28 26 28 26 29 27 29 27 29 27 29 1 29 28 29 28 29 28 29 29 29      78889      11111 
0	2049000	2 0 3 0 1 1 4 8 14 5 12 5 8 6 21 6 15 7 15 7 16 9 13 9 18 10 18 10 19 11 20 11 20 11 22 11 27 16 23 16 23 17 23 17 23 17 24 19 25 19 25 20 25 20 26 21 26 21 26 22 27 22 28 24 28 24 28 24 29 24 29 24 29 25 29 25 29 26 29 26 29 27 29 28      85500      36000 
99	1448000	16 0 12 5 3 1 6 2 6 3 19 4 9 4 9 5 10 7 4 8 13 10 13 11 17 11 20 15 20 15 21 15 21 16 21 17 21 18 23 18 23 18 14 19 24 22 25 22 25 23 25 24 25 24 25 24 25 24 25 26 26 27 26 27 26 28 26 28 27 28 27 28 27 12 27 29 27 29 28 29 14 29 29 29      45000      63000 
387	 924000	0 21 1 7 2 1 3 0 4 14 5 12 6 8 7 22 8 15 9 15 10 16 11 13 12 18 13 18 14 19 15 20 16 20 17 10 18 9 19 17 20 23 21 23 22 23 23 24 23 25 24 25 24 25 24 26 25 26 25 26 25 27 26 28 26 28 26 28 27 29 27 29 27 29 28 29 28 29 28 29 28 29 29 29      72000      22500 
486	 794000	24 0 29 1 29 2 4 3 14 4 12 5 8 6 21 7 15 8 15 9 16 10 13 11 18 12 18 13 19 14 20 15 20 16 22 17 27 18 23 19 23 20 23 21 23 22 17 23 25 23 25 24 25 24 26 24 26 25 26 25 27 25 28 26 28 26 28 26 29 27 29 27 29 27 29 28 29 28 29 28 29 28 29 29      18000      72000 
684	 758000	16 0 29 1 22 2 4 3 14 4 12 5 13 6 21 7 15 8 26 9 0 10 5 11 28 12 18 13 19 14 20 15 20 16 22 17 27 18 11 19 23 20 23 21 29 22 24 23 25 23 25 24 25 24 26 24 26 25 26 25 27 25 17 26 28 26 28 26 29 27 29 27 29 27 29 28 29 28 29 28 29 28 29 29      18000      72000 
783	 717276	29 0 29 1 29 2 29 3 14 4 9 5 22 6 21 7 15 8 15 9 16 10 13 11 19 12 18 13 19 14 20 15 20 16 22 17 27 18 6 19 23 20 23 21 23 22 17 23 25 23 25 24 25 24 26 24 26 25 26 25 27 25 28 26 28 26 28 26 29 27 29 27 29 27 29 28 29 28 29 28 29 28 29 29      17273      72727 
981	 670000	0 29 1 29 2 29 3 29 4 14 5 9 6 22 7 21 8 15 9 15 10 16 11 13 12 19 13 18 14 19 15 20 16 20 17 22 18 27 19 6 20 23 21 23 22 23 23 17 23 25 24 25 24 25 24 26 25 26 25 26 25 27 26 28 26 28 26 28 27 29 27 29 27 29 28 29 28 29 28 29 29 29 29 29      80000      10000 
1080	 656000	0 21 1 29 2 29 27 29 4 14 5 9 6 22 7 21 3 29 9 15 10 16 11 13 12 19 13 18 14 19 15 20 16 20 17 22 18 27 19 6 20 23 21 23 22 23 23 17 23 25 24 25 24 25 24 26 25 11 25 26 25 27 26 28 26 28 26 28 27 29 8 29 27 29 28 29 28 29 28 29 28 29 29 29      72000      15000 
1278	 592430	17 0 29 1 19 2 21 3 29 4 16 5 0 6 4 7 6 8 8 9 10 10 12 11 5 12 13 13 7 14 14 15 15 16 19 17 20 18 20 19 21 20 22 21 22 22 11 23 29 23 29 24 26 24 26 24 26 25 18 25 2 25 28 26 28 26 28 26 28 27 29 27 29 27 29 28 29 28 29 28 29 29 29 29      11515      76667 
0	2586000	7 0 4 2 1 18 19 5 11 6 3 8 3 9 3 9 4 10 20 13 7 13 8 14 9 15 10 17 11 19 12 21 12 21 13 21 15 21 16 21 16 21 16 22 20 23 22 23 23 23 24 24 25 24 26 24 26 25 26 25 26 25 27 26 27 26 27 27 27 27 28 28 28 28 28 28 29 28 29 28 29 28 29 29      54000      81000 
99	1685000	17 0 24 0 1 1 6 3 8 3 2 4 15 4 9 4 10 8 10 9 12 9 18 12 14 2 15 29 16 14 16 16 17 18 19 18 19 19 20 19 21 20 7 21 22 22 24 22 23 22 5 23 13 23 25 24 25 24 25 25 11 26 26 26 27 26 27 26 28 27 28 27 28 28 28 28 28 28 29 28 29 29 29 29      81000      31500 
387	 961000	10 0 29 1 7 2 4 3 5 4 6 5 9 6 9 7 0 8 11 9 12 10 13 11 14 12 15 13 16 14 18 15 19 16 20 17 21 18 22 19 23 20 23 21 23 22 23 23 17 23 24 24 24 24 25 24 25 25 25 25 26 25 26 26 27 26 27 26 28 27 28 27 28 27 29 28 29 28 29 28 29 28 29 29      31500      63000 
585	 730000	14 0 18 1 29 2 22 3 8 4 6 5 9 6 10 7 12 8 29 9 13 10 15 11 16 12 16 13 17 14 13 15 20 16 20 17 20 18 21 19 21 20 22 21 24 22 4 23 11 23 25 24 25 24 25 24 19 25 26 25 26 25 27 26 27 26 28 26 28 27 29 27 29 27 29 28 29 28 29 28 29 28 29 29      22500      67500 
684	 686000	0 14 1 18 2 29 3 22 4 8 5 6 6 9 7 10 8 12 9 29 10 13 11 15 12 16 13 19 14 17 15 13 16 20 17 20 18 20 19 21 20 21 21 22 22 24 23 4 23 11 24 25 24 25 24 25 25 19 25 26 25 26 26 27 26 27 26 28 27 28 27 29 27 29 28 29 28 29 28 29 28 29 29 29      67500      20500 
1458	 629500	0 14 1 18 2 29 3 22 4 8 5 29 6 9 7 10 8 12 9 29 10 13 11 15 12 16 13 19 14 17 15 13 16 20 17 20 18 20 19 21 20 21 21 22 22 24 23 4 23 11 24 25 24 25 24 25 25 19 25 26 25 26 26 27 26 27 26 28 27 28 27 29 27 29 28 29 28 29 28 29 28 29 29 29      67500      18450 
1557	 602000	0 14 1 18 2 29 3 22 4 8 5 6 6 9 7 9 8 12 9 29 10 28 11 15 12 16 13 19 14 17 15 13 16 20 17 20 18 20 19 21 20 21 21 22 22 24 23 4 23 11 24 25 24 25 24 25 25 19 25 26 25 26 26 27 26 27 26 28 27 28 27 29 27 29 28 29 28 29 29 29 28 29 29 29      72000      14000 