
0       8019.00       29287.00
1       9624.00       29287.00
2       2613.00       29287.00
3       9551.00       29287.00
4       3305.00       55000.00
5       9803.00       29287.00
6       4063.00       29287.00
7      14936.00       29287.00
8      16004.00       29287.00
9       6443.00       29287.00
10       2558.00       55000.00
11      13957.00       29287.00
12       3742.00       29287.00
13      12507.00       29287.00
14      13810.00       29287.00
15       6297.00       29287.00
16       1213.00       29287.00
17       3339.00       29287.00
18       2299.00       29287.00
19       5215.00       29287.00