
0	2208000	0 1 0 1 3 2 7 3 7 12 9 4 9 4 23 4 12 4 13 4 17 5 19 5 19 6 20 8 21 10 23 11 24 13 16 14 25 15 25 17 25 18 25 20 25 20 26 21 18 22 26 22 26 23 16 24 26 24 27 24 28 26 28 27 28 27 28 27 28 27 29 28 29 27 29 27 29 27 29 29 29 29 29 29      45000      81000 
99	2007000	0 1 2 2 0 3 3 7 3 10 5 1 4 10 25 11 7 12 9 13 18 13 8 14 9 14 11 15 12 15 17 17 15 17 18 19 21 22 19 21 20 22 16 23 21 24 23 22 23 24 6 24 24 24 25 24 25 20 27 26 26 26 28 26 28 27 27 26 28 27 28 27 28 28 28 27 29 28 29 29 29 29 29 29      81000      40500 
198	1392000	14 2 8 0 9 2 10 1 12 28 13 4 11 3 16 5 17 6 23 7 19 7 18 7 25 8 21 8 21 9 21 13 16 14 22 15 1 15 11 17 25 18 24 18 25 23 24 19 10 20 25 20 25 20 26 20 27 22 27 23 28 24 28 24 28 25 28 26 28 26 28 26 29 26 29 26 12 27 29 27 29 28 29 29      40500      63000 
585	 627000	0 9 1 10 2 11 3 12 4 13 5 13 6 24 7 14 8 15 9 15 10 16 11 16 12 17 13 22 14 18 15 18 16 19 17 19 18 20 19 20 20 21 21 21 22 29 23 22 23 23 29 23 24 24 24 24 25 24 25 25 25 25 26 27 26 26 26 26 27 26 29 27 27 27 28 27 28 28 28 28 28 29 29 29      64500      19500 
981	 606000	0 9 1 10 2 11 3 12 4 3 5 14 6 7 9 29 8 15 13 7 10 22 11 16 12 21 13 17 14 24 15 18 16 17 17 19 18 20 19 20 20 25 21 21 22 22 23 7 23 23 24 23 25 24 24 24 27 24 25 25 29 25 26 25 26 24 26 26 27 26 29 27 27 19 28 27 28 28 28 28 28 29 29 29      63000      21000 
1476	 590000	0 9 1 10 2 11 3 9 4 9 5 21 6 14 7 13 8 28 25 15 10 22 11 16 12 21 13 17 14 18 15 9 16 19 17 19 18 20 19 20 20 21 21 21 22 22 23 22 23 23 24 29 24 24 24 12 27 24 25 29 25 25 26 25 26 6 26 26 27 26 29 27 27 27 28 27 29 28 28 28 28 29 29 29      66000      18000 
0	2272000	2 0 12 0 7 0 8 0 8 1 8 1 9 2 10 3 10 3 11 4 11 5 11 5 13 10 15 12 14 13 27 16 19 16 22 16 22 17 24 17 24 17 25 17 25 18 26 18 27 18 6 19 24 20 28 20 28 20 28 20 28 21 28 21 23 22 29 23 29 25 29 25 23 25 4 25 29 26 29 26 29 26 29 27      81000      45000 
99	2058000	0 0 1 2 3 2 5 9 7 6 27 9 8 11 13 8 18 10 11 12 10 12 6 14 15 15 17 2 21 16 23 16 22 16 24 19 24 20 24 19 25 20 25 20 4 20 26 22 19 22 26 22 21 23 26 22 27 23 14 23 28 23 28 24 28 24 29 25 29 27 29 27 29 26 29 26 29 27 29 28 29 28 29 28      85500      36000 
198	1848000	2 0 2 2 11 4 7 0 8 9 4 5 8 12 10 3 10 16 9 13 7 18 26 11 24 6 15 14 14 13 15 22 15 17 15 23 18 8 19 17 9 1 22 17 20 21 26 22 24 21 24 19 24 20 25 25 25 26 24 26 14 27 27 25 27 28 29 23 29 28 27 28 28 28 4 28 29 16 29 29 29 29 29 29      45000      72000 
297	1253000	9 0 3 2 4 0 5 1 4 22 17 8 15 2 13 11 13 24 8 7 17 7 19 12 20 14 21 14 21 16 10 16 20 18 23 9 15 10 24 19 25 12 25 23 22 23 26 24 25 24 26 16 26 23 25 18 26 24 18 1 6 27 27 19 29 27 28 27 29 27 29 27 28 28 29 28 29 28 6 28 29 28 11 29      63000      40500 
684	 627000	0 9 1 10 2 11 3 12 4 13 5 25 6 14 7 14 8 15 9 15 10 26 11 16 12 17 13 17 14 18 15 18 16 19 17 19 18 20 19 20 20 21 21 21 22 22 23 29 23 23 24 23 24 24 24 24 25 24 29 25 25 25 29 25 26 26 26 26 27 26 27 22 27 27 28 27 28 28 28 28 28 29 29 29      64500      19500 
981	 617500	0 0 1 10 2 11 3 12 4 13 5 29 6 14 7 14 8 25 9 9 10 26 11 16 12 17 13 17 14 18 15 18 16 15 17 19 18 20 19 20 20 21 21 21 22 19 23 22 23 23 24 23 24 24 24 24 25 24 29 25 25 25 29 25 26 26 26 26 27 26 27 22 27 27 28 29 28 28 28 28 28 29 29 29      70000      16750 
1854	 557000	0 9 1 10 2 11 3 12 4 5 5 13 6 14 7 14 8 27 9 15 10 25 11 16 12 27 13 17 14 18 15 18 16 19 17 19 18 20 19 20 20 21 21 21 22 22 23 22 23 23 24 23 24 24 24 24 29 29 25 25 25 25 26 25 26 26 26 29 27 26 27 27 29 27 28 27 28 28 28 28 28 29 29 29      63250      20125 
1953	 172000	0 9 1 10 2 11 3 12 4 13 5 13 6 28 7 14 8 25 9 15 10 16 11 15 12 17 13 17 14 25 15 18 16 19 17 19 18 20 19 20 20 21 21 21 22 22 23 22 23 23 24 28 24 24 24 24 29 24 25 25 25 25 26 25 26 26 26 29 27 26 27 27 27 27 29 29 28 28 28 28 28 29 29 29      66000      16500 
0	1427500	0 0 1 3 2 3 4 3 6 4 7 4 9 5 10 5 18 6 11 8 15 8 16 8 16 12 17 12 20 13 20 14 21 15 22 16 23 18 23 18 24 19 17 19 25 19 25 21 25 21 26 22 26 22 27 22 27 23 27 23 13 24 28 24 28 24 28 24 28 25 14 26 12 26 29 27 29 27 29 27 29 27 29 29      72000      33750 
198	1345200	7 0 3 28 19 1 2 1 0 2 10 6 8 6 4 6 13 9 14 9 16 11 15 14 17 12 21 12 5 13 18 17 15 13 4 17 16 19 22 18 11 10 21 19 20 23 24 24 23 21 25 23 24 22 24 25 20 25 25 25 27 26 28 26 27 26 28 26 28 26 29 27 29 27 29 28 29 27 29 28 29 28 29 29      63000      41400 
396	1294000	0 0 2 3 4 2 6 3 7 7 5 4 9 8 10 11 8 15 1 12 13 16 21 13 22 18 20 15 19 14 19 19 11 16 24 17 17 17 17 9 12 21 24 20 23 23 24 22 22 21 25 24 10 23 25 25 14 26 18 26 27 24 27 27 25 26 28 26 28 26 27 26 28 27 29 28 29 27 29 29 29 28 29 29      63000      40500 
783	 628000	0 9 1 10 2 11 3 12 4 2 5 13 6 14 7 29 8 24 9 15 10 16 11 16 12 17 13 17 14 18 15 18 16 19 17 19 18 20 19 20 20 21 21 21 22 22 23 22 23 23 29 23 24 24 24 24 29 24 25 25 25 25 26 25 26 26 26 26 27 26 27 27 27 25 28 27 28 28 28 28 28 29 29 29      64500      19500 
1080	 602000	0 24 1 10 2 11 3 12 4 13 5 29 6 15 7 29 8 24 9 14 10 16 11 16 12 17 13 17 14 28 15 18 16 19 17 19 18 20 19 20 20 21 21 21 22 22 23 22 23 23 24 23 24 24 29 24 25 24 25 25 25 25 26 25 26 26 26 26 27 26 27 27 27 27 29 27 28 28 28 28 28 29 29 29      72000      14000 
1179	 600000	0 9 1 10 2 11 3 29 4 13 5 13 6 26 7 14 8 15 9 15 10 16 11 25 12 17 13 17 14 25 15 18 16 19 17 19 18 20 19 20 20 21 21 21 22 22 23 22 23 23 24 23 24 12 24 24 29 24 25 25 25 25 26 25 29 26 26 26 27 26 27 27 27 27 28 27 28 28 28 28 28 29 29 29      64500      19500 
1377	 515000	0 9 1 10 2 11 3 12 4 13 5 4 6 14 7 5 8 15 9 23 10 16 11 16 12 28 13 21 14 18 15 18 16 19 17 29 18 20 19 20 20 21 21 29 22 22 29 22 23 23 24 23 24 24 24 24 25 23 25 25 25 25 26 26 29 26 26 26 27 26 27 17 27 27 28 27 28 26 28 19 28 29 29 29      65000      17500 
0	1262000	2 0 2 0 19 3 5 3 6 4 7 4 9 5 9 5 10 8 1 8 11 10 14 12 14 12 15 13 15 13 16 16 17 17 19 17 20 18 22 18 21 20 21 20 22 24 23 21 24 23 24 23 24 23 25 25 11 25 28 25 26 25 26 25 26 27 26 27 27 28 27 28 27 28 28 28 29 28 29 29 29 29 29 29      63000      40500 
387	 684000	0 9 1 10 2 11 3 12 4 2 5 13 6 29 7 14 8 15 9 15 10 16 11 16 12 17 13 17 14 18 15 18 16 19 17 19 18 20 19 20 20 21 21 21 22 22 29 22 23 23 29 23 24 24 24 24 25 24 25 24 25 25 26 25 26 26 26 26 27 26 27 27 27 23 28 27 28 28 28 28 28 29 29 29      63000      24000 
684	 678500	0 29 1 13 2 11 3 12 4 29 5 13 6 14 7 29 8 15 15 15 10 8 11 16 12 17 13 17 14 29 9 18 16 19 17 19 18 20 19 20 20 21 21 21 22 22 23 22 23 29 24 23 28 24 24 24 25 24 25 25 25 25 26 25 26 26 26 26 27 26 29 27 27 24 28 27 27 28 28 28 28 29 29 29      72000      15750 
1269	 631500	0 9 1 10 2 11 3 12 4 13 5 13 6 14 7 29 8 15 9 15 10 16 11 16 12 17 13 17 14 18 15 27 16 19 17 19 18 20 19 20 20 21 21 21 22 22 23 22 23 23 24 23 24 24 24 24 25 24 25 28 25 25 26 25 26 26 26 26 27 26 27 27 29 27 29 27 28 28 28 28 28 29 29 29      70000      16750 
1368	 560000	0 9 1 10 2 11 3 12 26 13 5 29 6 14 7 14 8 15 9 1 10 16 11 25 12 23 13 17 14 28 15 18 16 19 17 19 4 20 19 20 20 21 21 21 22 22 29 22 23 23 24 23 18 24 24 24 25 24 25 29 24 25 25 25 26 26 26 26 27 26 27 23 27 23 28 27 28 28 28 28 29 29 29 29      70000      15000 
0	2236000	0 1 0 2 26 3 22 4 4 4 5 7 5 7 6 8 6 9 9 9 22 9 10 11 10 12 10 13 12 14 12 14 19 16 20 16 20 16 21 18 21 17 23 21 22 21 23 23 24 23 24 24 24 24 25 24 15 25 26 25 26 25 19 26 26 27 15 27 28 27 28 27 29 27 29 28 29 28 29 28 29 29 29 29      45000      81000 
99	1458000	0 2 1 5 3 7 4 7 5 7 6 8 10 8 11 9 11 9 13 9 25 12 13 12 14 14 15 14 15 14 2 16 19 16 20 16 20 18 21 19 23 21 23 21 22 22 24 17 24 24 18 25 24 25 25 25 17 26 26 26 26 26 27 26 27 27 28 27 28 28 29 28 29 28 29 28 29 29 29 29 29 29 29 29      72000      36000 
486	 663500	0 10 1 10 2 11 3 12 4 29 5 13 6 14 7 14 8 15 9 15 10 16 11 25 12 17 13 26 14 18 15 26 16 19 17 19 18 20 19 20 20 21 21 21 22 22 23 22 23 23 24 23 24 24 24 24 29 24 25 25 25 25 26 25 29 26 26 26 27 26 27 27 27 27 28 27 28 28 28 28 28 29 29 29      72000      15750 
684	 648000	0 9 1 10 2 16 3 28 4 13 5 29 6 14 7 12 8 15 9 10 10 16 11 16 12 17 13 29 14 18 15 29 16 19 17 19 18 20 19 20 20 21 21 21 22 22 23 22 23 23 24 23 24 24 24 24 25 24 25 25 25 25 26 25 26 29 26 26 27 26 27 27 27 11 28 27 28 28 28 28 29 29 29 29      63000      21000 
981	 536834	0 25 1 10 2 11 28 12 4 13 5 13 6 14 27 2 8 15 14 13 10 13 20 25 24 17 19 26 12 29 15 18 16 19 17 19 18 20 29 20 16 21 21 21 22 22 23 22 23 24 24 23 24 9 11 25 3 29 25 25 25 24 26 25 9 26 26 26 28 26 27 29 27 27 7 27 28 26 28 28 29 29 29 29      63166      20251 
2727	 196000	0 9 1 10 2 11 3 29 4 23 5 13 6 14 7 14 8 29 9 15 10 29 11 16 12 17 13 17 14 29 15 18 16 19 17 19 18 20 19 20 20 21 21 21 22 22 23 22 23 12 24 23 24 27 24 24 25 24 25 25 25 27 26 25 26 26 26 13 29 26 27 27 27 27 28 27 28 28 28 29 28 29 29 29      63000      18000 
0	1462000	2 0 3 0 4 0 5 1 6 1 8 2 22 5 9 7 12 7 13 7 14 8 15 10 16 10 16 11 16 11 19 11 21 11 21 12 22 12 18 13 23 17 10 17 23 17 24 18 25 19 25 19 25 20 26 20 26 20 27 20 28 20 28 24 28 24 29 24 29 25 24 26 15 26 29 27 29 27 29 27 29 28 27 28      81000      27000 
288	 715250	0 9 1 10 2 22 3 12 4 13 5 13 6 14 7 14 8 15 9 15 10 26 11 16 12 17 13 17 14 18 15 18 16 19 17 19 18 20 19 20 20 21 21 21 22 22 23 22 23 23 29 26 24 24 24 24 25 24 25 24 25 25 26 25 26 26 29 26 27 26 27 27 27 27 28 27 28 28 28 28 28 29 29 29      74250      14625 
387	 558000	0 9 1 10 2 11 3 12 4 13 5 13 6 14 7 14 8 15 9 15 10 26 11 16 12 17 13 17 14 18 15 18 16 19 17 19 18 20 19 20 20 21 21 21 22 22 23 22 23 23 24 26 24 24 24 24 29 28 25 25 25 25 26 25 25 26 26 26 27 26 27 27 27 27 28 29 28 28 28 28 29 29 29 29      68000      16000 
486	 188000	0 9 1 10 2 11 3 12 4 13 5 13 6 28 7 14 8 15 9 15 10 16 11 29 12 17 13 17 14 18 15 18 16 19 17 19 18 20 19 20 20 21 21 21 22 22 23 22 23 25 24 23 24 24 24 24 25 28 25 25 29 25 26 25 26 26 26 26 27 26 27 25 27 27 28 29 28 28 29 28 28 29 29 29      66000      16500 
585	 183000	0 9 1 10 2 11 3 12 4 13 5 26 6 29 7 14 8 28 9 15 10 29 11 16 12 17 13 17 14 18 15 18 16 19 17 19 18 20 19 20 20 21 21 21 22 22 23 22 23 23 24 23 24 24 24 24 29 24 25 26 25 25 26 25 25 26 26 26 27 26 27 27 27 28 28 29 28 28 28 28 29 29 29 29      66000      16500 
1080	 172000	0 9 1 26 2 11 3 12 4 13 5 10 6 14 7 14 8 28 9 15 10 16 11 29 12 17 13 17 14 18 15 18 16 19 17 19 18 20 19 20 20 21 21 21 22 22 23 22 23 23 24 26 24 24 24 24 25 24 25 26 29 25 26 29 25 26 26 26 27 26 27 27 27 28 28 27 28 28 28 28 29 29 29 29      66000      16500 
1764	 152668	0 9 1 26 2 23 3 12 4 25 5 13 6 29 7 14 8 28 9 15 10 16 11 24 12 15 13 17 14 18 15 18 16 19 17 19 18 20 19 20 20 21 21 21 22 22 23 22 23 23 24 26 24 11 24 28 25 24 25 26 29 25 26 29 26 26 25 26 27 26 27 27 27 10 28 27 28 28 28 28 29 29 29 29      65998      16334 
0	1823000	0 2 26 3 1 5 2 3 4 5 6 6 22 6 7 8 8 8 9 11 10 11 10 11 12 12 15 13 15 14 16 14 16 16 17 18 17 18 17 19 20 19 21 19 25 19 23 20 13 21 24 22 24 22 24 23 26 23 26 24 27 24 28 24 28 9 28 25 29 25 29 25 29 26 29 27 29 27 29 27 29 28 29 29      68625      46125 
99	1458000	4 2 4 5 0 4 5 7 7 1 8 6 9 10 9 10 21 11 13 11 12 12 14 13 17 14 16 0 16 15 19 15 19 20 18 20 22 18 23 25 24 20 24 24 24 24 24 21 25 24 23 22 25 3 23 25 26 25 17 26 27 26 26 26 27 26 27 27 28 27 28 28 19 28 29 28 20 28 8 29 29 29 29 29      45000      63000 
585	 692912	0 9 1 10 2 11 3 12 4 27 5 13 6 23 7 14 8 15 9 23 10 16 11 16 12 17 13 27 14 18 15 18 16 19 17 19 18 20 19 20 20 21 21 21 22 22 29 22 23 23 24 23 24 24 24 24 25 24 25 25 25 25 26 25 26 26 26 26 29 26 27 27 27 27 28 27 28 28 28 28 28 29 29 29      72728      16908 
1269	 609000	0 9 1 10 2 11 3 12 4 13 5 23 6 14 7 2 8 15 9 15 10 24 11 16 12 23 13 17 14 18 15 18 16 19 17 19 18 20 19 20 20 21 21 21 22 22 29 29 23 23 24 23 24 24 29 24 25 24 25 25 25 25 26 22 26 26 26 26 27 26 27 27 27 27 28 27 28 28 28 28 28 29 29 29      64500      19500 
1467	 577250	0 9 1 10 2 11 3 12 4 29 5 13 6 14 7 23 8 15 9 29 10 16 11 16 12 17 13 23 14 18 15 18 16 19 17 19 18 20 19 20 20 21 21 21 22 22 29 27 23 23 24 23 24 24 24 22 25 24 25 25 25 25 29 25 26 26 26 26 26 26 27 27 27 27 28 27 28 28 28 28 28 29 29 29      63250      20125 
1764	 574000	0 16 1 10 2 11 3 25 4 13 5 13 6 7 7 14 8 2 9 15 10 27 11 16 12 17 13 27 14 18 15 18 16 19 17 19 18 20 19 20 20 21 21 21 22 22 23 22 23 28 24 23 24 29 24 28 25 24 25 17 25 25 26 27 26 26 26 26 29 26 27 27 27 27 29 29 28 28 28 28 28 29 29 29      72000      14000 
1962	 139144	0 9 1 10 2 11 3 13 4 29 5 13 6 14 7 23 8 15 9 29 10 16 11 16 12 17 13 23 14 27 15 18 16 19 17 19 18 20 19 20 20 21 21 21 22 22 29 27 23 23 24 23 24 12 24 24 25 24 25 22 25 25 29 25 26 26 26 23 26 26 27 27 27 27 28 27 28 28 28 14 28 29 29 29      65856      16572 
0	1842000	1 0 3 1 4 2 13 3 6 5 8 5 7 9 12 9 12 10 15 10 16 11 23 11 19 11 19 16 20 17 2 17 20 17 21 17 21 18 21 19 22 20 14 22 24 23 24 23 25 24 25 13 25 26 26 26 26 26 26 26 18 27 24 27 27 27 28 27 28 28 28 28 29 28 0 28 29 28 29 29 29 29 29 29      81000      36000 
288	 818000	0 9 1 10 2 11 3 12 4 13 5 6 6 14 7 14 8 15 9 15 10 16 11 16 12 17 13 17 14 29 29 18 16 19 17 19 18 15 19 20 20 21 21 21 22 22 23 22 23 23 24 23 24 24 24 24 25 24 25 25 25 25 29 25 26 26 26 26 27 26 27 27 27 27 28 27 28 28 28 28 28 29 29 29      63000      27000 
387	 716000	0 9 1 10 2 11 3 12 4 13 5 13 6 14 7 24 8 15 9 15 10 16 11 16 12 17 13 17 14 22 15 18 16 19 17 19 18 20 19 20 20 21 21 21 22 29 23 22 23 23 24 23 29 24 24 24 25 24 25 25 25 25 26 25 26 26 26 26 27 26 27 27 27 27 28 27 29 28 28 28 28 29 29 29      74250      14625 
486	 710000	0 9 1 10 2 11 3 12 4 13 5 13 6 24 7 14 8 15 9 15 10 16 11 8 12 17 13 17 14 18 15 18 16 29 17 19 18 20 19 20 20 21 21 21 22 22 23 22 23 23 29 23 24 24 24 24 25 24 25 28 25 25 26 25 26 26 26 26 27 26 27 27 27 27 28 27 29 28 28 28 28 29 29 29      70000      20000 
585	 570500	0 29 1 10 2 11 3 12 4 29 5 13 6 14 7 9 8 15 9 29 10 24 11 16 12 17 13 17 14 18 15 18 16 19 17 19 18 20 19 20 20 21 21 21 22 22 23 22 23 23 29 23 24 24 24 24 25 24 25 25 25 25 26 29 26 26 26 26 27 26 27 27 27 29 28 27 28 28 28 28 28 29 29 29      63250      20125 
1269	 185000	0 9 1 23 2 28 3 12 4 13 5 24 6 27 7 14 8 24 9 15 10 24 11 11 12 10 13 17 29 28 15 18 16 19 17 19 18 20 19 20 20 21 21 21 22 22 29 22 23 23 29 23 24 24 24 24 25 24 25 25 25 25 26 25 26 23 26 26 27 26 27 27 27 27 14 16 28 28 28 28 28 29 29 29      65000      17500 
0	1661000	13 1 2 6 3 8 3 8 3 1 4 12 5 6 15 14 7 14 10 15 11 15 12 16 13 17 14 17 26 18 16 19 18 19 20 19 21 20 22 22 23 23 23 23 23 23 24 24 21 24 25 24 25 24 26 24 9 24 27 25 27 25 27 26 27 26 0 28 29 28 29 28 29 28 29 28 29 28 29 28 29 29 29 29      72000      40500 
99	1575500	0 0 1 2 12 5 4 6 3 6 7 13 8 9 8 10 5 16 23 17 12 17 9 17 10 18 14 13 15 19 16 13 3 20 2 14 18 16 19 22 20 22 22 1 22 15 23 21 24 25 24 26 24 21 25 26 25 26 26 24 25 24 23 25 26 25 26 11 27 26 27 27 27 28 28 28 11 28 29 28 29 29 29 29      63000      47250 
198	1417000	1 0 1 8 12 3 4 6 0 7 10 7 5 9 8 9 5 16 25 17 12 11 16 17 10 7 14 13 15 15 16 16 19 20 2 18 22 13 19 18 20 14 24 1 3 20 23 21 26 23 24 23 27 21 25 22 27 26 6 24 28 24 23 25 21 25 26 11 27 26 29 27 27 28 28 28 11 28 29 28 29 29 29 29      63000      40500 
684	 743000	0 9 1 10 2 11 3 12 4 13 5 13 6 14 7 14 8 15 9 15 29 16 11 16 12 17 13 17 14 25 15 18 10 19 17 19 18 20 19 20 20 21 21 21 22 22 23 22 23 23 24 23 24 24 24 24 25 24 25 25 29 25 26 25 26 26 26 26 27 26 27 27 27 27 16 27 28 28 28 28 28 29 29 29      74250      14625 
783	 574000	0 20 1 10 2 11 3 28 4 13 5 27 6 14 7 14 8 15 9 15 10 16 11 16 12 28 13 17 14 18 15 18 16 19 17 19 18 21 19 20 20 21 21 29 22 22 23 22 23 29 29 23 24 24 24 24 25 27 25 25 25 25 26 25 26 26 26 26 27 26 27 27 29 27 28 27 28 28 24 28 28 29 29 29      72000      14000 
1566	 121600	0 20 1 10 2 11 3 28 4 13 5 27 6 14 7 25 8 15 9 15 10 29 11 16 12 28 13 17 14 18 15 18 16 19 17 19 18 21 19 20 20 21 21 29 22 22 23 22 23 29 29 23 24 24 24 28 25 27 25 25 25 12 26 9 26 27 26 26 27 26 27 27 29 27 28 27 28 28 24 28 28 29 29 29      66000      16400 
0	1832000	2 0 3 0 4 1 20 2 25 3 6 4 19 5 12 5 13 6 15 6 14 14 16 7 16 9 16 11 26 12 17 13 18 15 18 15 19 17 20 21 20 21 21 21 22 23 22 23 22 24 23 24 24 25 24 26 25 26 25 10 25 27 26 27 27 27 8 27 27 27 28 27 28 28 28 28 28 28 8 29 29 29 29 29      45000      72000 
99	1609000	20 1 3 3 5 4 5 4 9 8 7 11 7 11 14 10 18 6 17 14 15 12 12 13 22 15 18 13 1 9 21 0 23 21 21 22 24 16 24 16 24 23 25 19 25 20 26 24 26 21 2 25 27 25 26 23 27 24 2 26 27 25 27 25 28 17 28 25 29 27 29 27 29 28 19 28 29 28 29 26 29 29 29 29      40500      72000 
198	1433500	1 0 11 4 2 5 13 5 16 3 7 4 12 19 8 9 10 9 7 11 17 11 21 13 14 13 9 3 18 14 18 15 21 16 6 16 15 17 22 17 23 19 19 23 20 22 24 24 24 24 0 21 25 24 26 23 27 20 26 26 26 25 27 25 27 25 29 25 28 28 29 28 29 28 29 28 29 28 29 28 29 28 29 29      72000      33750 
585	 631500	0 9 1 10 2 11 3 12 4 28 5 13 6 14 7 14 8 15 9 15 10 16 11 26 12 17 13 17 14 18 15 18 16 19 17 19 18 20 19 20 20 21 21 21 22 29 23 22 23 23 24 23 24 24 24 24 25 24 25 25 25 25 26 22 26 26 29 26 27 26 27 27 27 27 28 27 29 28 28 28 28 29 29 29      70000      16750 
684	 619000	0 9 1 10 2 11 3 12 4 25 5 13 6 14 7 3 8 15 9 15 10 16 11 16 12 17 13 17 14 18 15 18 16 19 17 19 18 20 19 20 20 21 21 21 22 22 23 22 23 23 24 26 24 24 24 24 25 24 29 25 25 25 26 25 29 26 26 26 27 26 27 27 27 29 28 27 28 28 28 28 28 29 29 29      64500      19500 
1467	 591858	0 9 1 10 2 11 3 12 4 24 5 13 6 14 7 14 8 3 9 15 10 16 11 16 12 17 13 17 14 29 15 18 16 19 17 19 18 20 19 20 20 21 21 21 22 22 23 22 23 23 29 23 24 24 24 24 25 24 29 25 25 25 26 25 26 26 26 26 27 26 27 29 27 27 28 27 28 28 28 25 28 29 29 29      65214      19143 
1566	 550500	0 9 1 10 2 11 3 12 4 28 5 13 6 14 7 7 8 15 9 15 10 16 11 16 12 17 13 29 14 18 15 18 16 19 17 19 18 28 19 20 20 21 21 21 22 22 23 22 23 23 24 26 24 24 24 25 28 24 25 25 25 25 26 25 29 26 26 26 27 26 27 27 27 27 29 20 29 28 28 28 28 25 29 29      63250      20125 
2160	 530000	0 26 1 10 2 29 3 19 4 28 5 29 6 17 7 11 8 3 9 13 10 16 11 16 12 15 13 14 14 18 15 18 16 19 17 19 18 20 19 20 20 21 21 21 22 22 23 22 23 23 24 26 25 24 24 24 25 28 29 26 25 25 26 29 29 26 26 26 27 26 27 9 27 27 28 27 28 28 24 28 28 29 29 29      72000      14000 
0	1842000	0 0 11 1 14 2 23 2 6 3 6 3 11 4 9 5 9 8 9 12 10 13 10 14 12 15 15 15 7 16 17 17 17 18 17 19 18 21 19 21 20 21 21 22 23 22 24 23 24 24 7 24 25 24 25 25 25 26 25 26 26 26 26 26 27 26 28 26 28 27 28 27 29 29 29 27 29 20 29 28 29 28 29 28      36000      81000 
288	 608000	0 9 1 10 2 11 3 12 4 13 5 13 6 23 7 14 8 29 9 15 10 25 11 16 12 17 24 17 14 18 15 18 16 19 17 19 18 20 19 20 20 21 21 21 22 22 29 22 23 23 29 23 24 24 24 24 25 24 13 25 25 25 26 25 26 26 26 23 27 26 27 27 27 27 28 27 28 28 28 28 28 29 29 29      64500      19500 
387	 566000	0 9 1 10 2 11 3 12 4 13 5 27 6 14 7 24 8 15 9 15 10 3 11 16 12 17 13 17 14 18 15 29 16 19 17 29 18 20 19 20 20 21 21 21 22 22 23 22 23 23 24 23 24 24 29 24 25 24 25 25 25 25 26 24 26 19 26 26 27 26 27 27 27 29 28 29 28 28 28 28 28 29 29 29      63000      21000 
1458	 539858	0 9 1 10 2 11 3 12 4 13 5 13 6 14 7 14 8 19 9 15 10 16 11 16 12 29 13 17 14 29 15 18 16 19 17 29 18 20 19 20 20 21 21 21 22 29 23 22 23 23 24 23 24 24 24 29 25 24 25 25 25 25 26 22 29 26 26 26 27 26 27 27 27 27 28 29 28 26 28 28 28 29 29 29      65214      19143 
1755	 530000	0 9 1 24 2 11 3 12 4 27 5 13 6 14 7 18 8 27 9 24 10 16 11 4 12 10 13 17 14 18 15 15 16 19 17 19 18 20 19 20 20 21 21 21 22 22 23 22 23 23 24 23 24 24 28 24 25 24 25 29 25 29 26 25 26 26 26 26 27 24 27 27 29 27 28 27 28 28 29 28 28 29 29 29      70000      15000 
0	1397500	0 0 17 4 1 4 3 4 5 5 26 6 6 7 7 8 9 8 9 9 10 11 11 11 11 11 12 18 14 13 18 13 15 14 15 17 25 19 15 19 16 20 16 20 13 21 19 22 20 24 21 24 22 24 23 24 23 25 24 25 25 25 26 25 26 27 26 2 27 28 27 28 27 28 28 28 29 28 29 28 29 29 2 29      72000      33750 
387	 692000	0 9 1 10 2 11 3 12 4 13 5 13 6 14 7 14 8 15 9 29 10 16 11 16 12 17 13 17 14 18 15 18 16 19 17 19 18 20 19 20 20 21 21 21 22 22 23 22 29 23 24 23 24 24 29 24 25 24 25 25 25 23 26 25 26 26 26 26 27 26 27 27 27 24 28 27 28 28 28 28 28 29 29 29      63000      24000 
486	 614000	0 26 1 10 2 11 3 12 4 13 5 13 6 14 7 28 8 15 9 26 10 16 11 16 12 17 13 17 14 18 15 18 16 19 17 19 18 20 19 20 20 21 21 21 29 22 23 22 23 23 24 23 24 24 24 24 25 24 25 25 25 25 22 25 26 26 26 26 27 26 27 27 27 27 28 29 29 28 28 28 28 29 29 29      72000      14000 
585	 536000	0 9 1 10 2 11 3 12 4 28 5 13 6 14 7 14 8 15 9 15 10 24 11 16 12 17 13 17 14 2 15 18 16 19 17 19 18 20 19 20 20 21 21 21 22 22 23 22 23 24 24 23 24 24 29 24 25 24 25 29 25 25 26 25 26 26 26 16 27 26 27 27 27 24 29 27 28 28 28 28 28 29 29 29      68500      15500 
1368	 530000	0 9 1 10 2 11 3 12 4 28 5 13 6 14 7 22 8 15 9 15 10 24 11 16 12 17 13 17 14 18 15 18 16 19 17 19 18 4 19 20 20 21 21 21 22 24 23 22 23 23 24 23 24 24 29 24 25 24 25 29 25 25 26 29 26 26 26 20 27 26 27 27 27 28 29 27 28 28 28 28 28 24 29 29      70000      15000 
1566	 150400	0 9 1 10 2 11 3 12 4 28 5 13 6 29 7 14 8 22 9 15 10 24 11 16 12 17 13 17 14 18 15 18 16 19 17 19 18 20 19 20 20 21 21 21 22 24 23 22 23 23 24 23 24 24 29 29 25 24 25 25 25 28 26 29 26 26 26 24 27 26 27 27 27 28 29 27 28 28 28 28 28 29 29 29      66000      16400 
0	1655000	2 11 3 0 3 1 7 2 7 4 12 5 12 6 13 19 15 8 16 8 16 10 17 13 19 14 21 15 21 18 9 18 22 25 24 20 24 20 9 20 26 21 26 22 26 22 26 23 26 23 27 24 28 24 28 24 28 24 29 14 17 25 29 25 29 25 29 26 29 26 29 27 29 27 29 27 29 27 29 28 29 28 29 28      40500      72000 
99	1604000	24 0 3 0 26 4 19 4 8 5 10 2 11 6 6 6 12 5 7 7 8 9 16 13 12 9 14 15 20 16 14 17 2 13 1 18 19 14 19 15 26 1 15 17 23 17 23 21 27 18 25 22 25 20 23 21 25 22 25 25 25 11 26 24 27 24 28 24 28 27 10 26 29 28 28 27 28 28 28 29 29 29 29 29      63000      48000 
297	1463000	23 29 4 0 1 1 3 4 25 0 22 12 9 8 7 8 9 3 6 10 26 10 25 11 17 15 15 18 16 14 16 18 20 11 14 11 22 17 20 13 19 19 24 13 7 11 21 12 23 5 21 25 24 1 24 24 28 24 27 24 15 25 27 24 27 25 28 26 28 26 5 27 28 27 29 28 29 29 29 27 2 26 29 26      67500      40500 
684	 615000	0 9 1 10 2 11 3 12 4 13 5 13 6 14 7 14 8 25 9 15 10 16 11 16 12 17 13 17 14 18 15 18 16 19 17 19 18 20 19 20 20 21 21 21 22 22 23 22 23 23 24 23 24 27 24 24 25 24 25 25 29 25 26 25 26 26 26 29 29 26 27 27 27 27 28 27 28 28 28 28 28 29 29 29      64500      19500 
981	 584000	0 9 1 10 2 11 3 12 4 29 5 13 6 14 7 14 8 27 9 15 10 3 11 16 12 17 13 17 14 18 15 18 16 19 17 19 18 20 19 20 20 21 21 21 22 22 28 22 23 24 24 23 24 24 23 24 25 24 25 29 25 25 26 24 26 26 29 26 26 26 27 27 27 27 28 27 28 28 29 28 28 29 29 29      70000      16750 
2439	 538750	0 9 1 29 2 11 3 12 4 29 5 13 6 14 7 14 8 17 9 15 10 16 11 10 12 27 13 17 14 18 15 18 16 19 17 19 18 20 19 29 20 21 21 21 22 22 23 22 23 29 24 23 24 20 24 24 25 24 25 27 25 25 26 25 26 26 26 29 29 26 27 29 27 27 28 27 28 28 28 28 28 29 29 29      63250      20125 
0	1331500	1 1 3 2 3 2 6 4 6 5 7 5 13 0 8 9 8 9 11 10 12 10 16 12 17 12 13 14 19 14 20 15 20 15 20 16 22 17 22 17 23 18 23 18 24 19 24 21 24 21 25 21 25 23 25 23 25 24 26 24 26 25 26 26 27 27 27 27 11 4 29 28 29 28 29 28 29 28 29 28 0 7 29 29      51750      51750 
387	 673500	0 28 1 10 2 11 3 12 4 4 5 13 6 29 7 14 8 15 9 15 10 16 11 16 12 17 13 17 14 18 15 18 16 19 17 19 18 20 19 20 20 21 21 21 22 22 23 22 23 23 24 27 24 24 24 24 25 24 25 25 25 25 26 25 26 26 26 26 27 26 27 27 29 27 28 27 28 28 28 28 29 29 29 29      72000      15750 
585	 600000	0 9 1 10 2 11 3 12 4 29 5 13 6 14 7 26 8 15 9 20 10 15 11 16 12 17 13 17 14 18 15 18 16 19 17 19 18 20 19 20 20 25 21 21 22 22 23 22 23 23 24 23 24 24 24 24 25 21 27 25 25 25 26 25 26 26 29 26 27 26 29 27 27 27 28 26 28 28 28 28 28 29 29 29      64500      19500 
783	 554000	0 3 1 28 2 20 3 12 4 13 5 13 6 9 7 14 8 15 29 28 10 16 11 16 12 17 13 17 14 29 15 18 16 19 17 19 18 20 19 20 20 21 21 21 22 22 23 22 23 23 29 24 24 24 24 24 25 24 25 25 25 24 26 25 26 29 26 26 27 24 27 27 27 27 28 27 28 28 28 28 9 29 29 29      72000      14000 
1953	 474800	0 29 1 28 2 20 3 28 4 13 5 13 6 9 7 14 8 15 29 28 10 16 11 16 12 17 13 17 14 29 15 18 16 19 17 19 18 12 19 20 20 21 21 21 22 22 23 22 23 23 29 24 24 24 24 24 25 24 25 25 25 24 26 11 26 29 26 26 27 24 27 24 27 27 28 18 28 28 28 28 9 29 29 29      72000      12800 
2151	 138400	0 9 1 10 2 11 3 29 4 24 5 13 6 14 7 28 8 15 29 28 10 16 11 16 12 28 13 17 14 29 15 18 16 19 17 19 18 20 19 20 20 21 21 21 22 22 23 22 23 23 29 24 24 24 24 24 25 24 25 25 25 25 26 25 26 26 26 26 27 27 27 24 27 12 28 27 28 28 28 28 9 29 29 29      66000      16400 
0	2580000	2 1 3 2 3 2 4 5 4 5 6 6 7 8 7 8 7 9 12 10 12 10 13 10 15 11 16 13 18 14 18 14 0 14 19 15 20 15 20 16 23 17 24 18 24 19 24 19 24 21 24 21 26 22 26 22 27 22 27 23 28 24 28 24 28 25 29 25 29 25 29 26 29 26 29 27 29 27 29 28 29 28 29 29      54000      81000 
99	1289000	22 0 3 2 11 3 11 4 4 5 12 6 7 8 26 8 13 9 1 9 15 10 13 10 12 14 16 13 1 14 18 14 0 17 19 17 24 17 20 16 23 18 24 18 15 20 24 19 6 21 25 21 25 23 26 22 26 23 27 24 28 24 27 24 28 25 28 25 28 25 29 26 29 26 29 27 29 27 29 7 29 28 29 28      40500      63000 
486	 612000	0 9 1 10 2 11 3 12 4 26 5 13 6 25 7 14 8 15 9 15 10 16 11 16 12 17 13 26 14 18 15 29 16 19 17 19 18 20 19 20 20 21 21 21 22 22 23 22 23 23 24 23 24 24 24 24 25 24 29 25 25 25 26 25 26 26 29 26 27 26 27 27 27 27 28 27 28 28 28 28 28 29 29 29      64500      19500 
882	 602000	0 9 1 10 2 11 3 12 4 13 5 13 6 14 23 14 8 27 9 15 10 21 11 16 12 17 29 29 14 18 15 18 16 19 17 19 18 20 19 20 13 21 21 21 22 22 7 22 23 23 24 27 24 24 24 24 25 24 25 25 20 25 26 25 26 25 26 26 29 26 27 27 27 27 28 27 28 28 28 28 28 29 29 29      65500      19000 
1080	 559144	0 29 1 22 2 11 3 28 4 26 5 18 6 14 7 14 8 15 27 15 10 28 11 16 12 27 13 26 14 18 15 29 16 19 17 19 18 20 19 20 20 21 21 21 22 26 23 22 23 26 9 23 24 13 24 24 25 24 25 25 25 25 26 17 26 26 29 26 29 26 27 27 27 27 24 27 28 28 28 28 28 29 29 29      72000      12286 
1278	 546800	0 9 1 21 2 11 3 12 4 26 5 13 6 23 7 14 8 10 9 15 10 16 11 28 12 27 13 29 14 18 15 29 16 19 17 19 18 20 19 20 20 21 21 27 22 22 23 22 23 26 24 23 24 7 17 24 25 24 25 25 25 25 26 28 26 26 29 26 29 26 27 27 27 27 24 27 28 28 28 28 28 29 29 29      63000      20800 
2061	 150288	0 9 1 10 2 11 3 12 4 13 5 29 6 14 7 14 8 15 9 15 10 27 11 16 12 29 13 27 14 18 15 29 16 19 17 19 18 20 19 20 20 21 21 21 22 22 23 22 23 23 24 26 24 23 24 24 25 24 25 26 25 25 26 17 26 26 29 26 29 26 27 27 27 27 28 27 28 25 28 28 28 29 29 29      65856      16572 
0	1635000	0 1 22 5 2 8 5 7 6 8 7 9 10 9 11 11 4 13 12 15 13 15 13 15 14 16 16 17 18 17 19 18 19 19 20 19 21 20 22 20 3 21 23 23 24 24 23 24 24 24 25 25 25 25 27 25 27 26 14 26 28 26 28 26 29 26 29 27 29 27 29 28 1 28 29 28 26 28 29 28 29 28 29 28      72000      40500 
288	 602000	0 9 1 10 2 11 3 12 4 13 5 13 6 14 7 14 8 29 9 15 10 16 11 16 12 17 13 29 14 20 15 18 16 19 17 19 18 20 19 25 20 21 21 21 22 22 23 22 23 23 24 26 24 24 24 24 25 24 29 25 25 25 26 25 29 26 26 26 27 26 27 27 27 27 28 27 28 28 28 28 28 29 29 29      65500      19000 
585	 578716	0 27 1 10 2 11 3 12 4 13 5 25 6 14 7 10 8 27 9 15 10 16 11 25 24 17 13 17 14 26 15 18 16 19 17 19 18 20 19 20 20 29 21 21 22 22 23 22 23 23 24 9 29 24 24 24 29 24 25 25 25 25 26 25 26 26 12 26 27 26 27 27 29 27 28 27 28 28 28 21 28 29 29 29      65216      19142 
684	 181500	0 9 1 10 2 28 3 12 4 13 5 25 6 14 7 14 8 15 9 15 10 11 11 16 12 17 13 29 14 25 15 18 16 19 17 19 18 20 19 20 20 21 21 21 22 22 23 22 23 23 24 23 29 24 24 24 29 24 25 25 25 25 26 25 26 26 26 26 27 29 27 27 27 27 28 24 28 24 28 28 28 29 29 29      65500      16750 
1755	 170000	0 9 1 10 2 24 3 12 4 13 5 25 6 14 7 29 8 15 9 21 10 11 11 16 12 17 13 29 14 29 15 18 16 19 17 19 18 20 19 20 20 21 21 29 22 22 23 22 23 29 24 23 29 24 24 24 25 24 25 18 25 25 26 25 26 26 26 24 27 29 27 27 27 27 28 24 28 28 28 28 28 29 29 29      66000      16500 
2151	 156000	0 9 1 10 2 22 3 12 4 13 5 28 6 14 7 14 8 15 9 15 10 29 11 16 12 17 13 17 14 18 15 18 16 19 17 19 18 20 19 20 20 21 21 21 22 24 23 22 23 23 24 11 29 24 24 24 25 24 25 25 25 25 26 29 26 26 26 26 29 29 27 27 27 28 28 24 28 28 27 28 28 29 29 29      66000      16500 
0	1382000	0 0 4 1 6 1 7 2 9 2 11 5 11 5 3 6 12 8 13 10 15 10 15 10 17 12 18 16 18 13 19 14 19 14 20 16 20 17 22 17 22 21 23 23 23 24 24 24 24 24 25 24 26 24 26 24 26 25 26 25 26 25 21 25 27 26 28 26 28 27 29 27 29 27 29 8 29 27 29 28 29 28 9 28      63000      42000 
288	 591000	0 9 1 10 2 11 3 12 4 13 5 13 6 14 7 27 8 15 9 27 10 16 11 16 12 17 13 17 14 18 15 18 16 19 17 19 18 20 19 20 20 21 21 21 22 22 23 22 23 29 24 23 24 24 24 26 25 24 25 25 25 25 26 25 26 26 29 26 29 26 27 27 27 27 28 27 28 28 28 28 28 29 29 29      65500      19000 
972	 170858	0 9 1 10 2 27 3 12 4 13 5 13 6 14 7 14 8 15 9 25 10 27 11 16 12 17 13 17 14 29 15 18 16 19 17 19 18 20 19 20 20 21 21 21 22 22 23 22 23 29 24 23 24 24 24 24 29 24 25 25 25 25 26 25 26 26 26 26 29 11 27 27 27 27 28 27 28 28 28 25 28 29 29 29      65858      16571 
1368	 157000	0 9 1 10 2 11 3 12 4 13 5 27 6 14 7 14 8 15 9 15 10 16 11 16 12 17 13 17 14 28 15 18 16 19 17 19 18 20 19 20 20 21 21 29 22 22 23 22 23 29 24 23 24 27 24 24 25 24 25 25 25 21 26 25 26 26 26 28 29 26 27 27 27 27 29 27 28 28 28 28 28 29 29 29      66000      16500 
1467	 153716	0 9 1 10 2 11 3 29 4 26 5 14 6 14 7 13 8 26 9 27 10 16 11 13 12 29 13 17 14 27 15 18 16 19 17 19 18 20 19 20 20 21 21 21 22 22 23 22 23 29 24 23 24 24 24 24 25 24 25 25 25 29 26 25 26 26 29 15 29 26 27 27 27 27 28 27 28 28 28 26 28 12 29 29      65858      16571 
0	1830000	3 0 4 2 6 1 7 4 9 4 10 28 10 5 11 5 12 8 13 8 15 8 14 9 14 11 18 11 19 11 19 12 20 12 20 13 20 15 21 18 22 16 22 16 23 17 24 17 24 2 25 17 26 17 23 17 26 21 26 21 27 23 27 24 27 24 27 25 28 25 28 25 28 25 29 25 29 26 29 28 29 29 29 29      63000      54000 
198	1802000	0 0 22 2 6 1 3 5 1 4 7 28 8 5 9 9 8 9 10 14 15 13 13 9 11 14 18 11 16 15 19 12 20 12 20 13 4 17 23 20 23 16 22 19 24 19 18 23 25 2 10 23 26 17 23 17 26 24 25 21 27 24 26 24 27 26 27 21 29 25 28 25 28 25 29 25 29 28 29 28 29 29 29 29      69000      46000 
396	1609000	3 9 3 7 17 6 0 4 23 9 2 28 13 11 10 11 14 8 16 9 5 10 12 15 18 26 17 19 19 14 20 26 18 18 21 6 4 15 25 16 23 20 22 13 7 21 26 22 24 24 25 24 25 24 8 25 28 24 27 21 27 23 27 26 27 27 27 26 1 27 29 27 29 28 29 28 29 28 29 28 29 28 29 29      72000      40500 
594	1602000	6 0 22 2 11 1 5 3 15 19 8 5 6 20 9 9 12 29 10 27 19 13 6 13 25 10 7 14 16 10 0 18 24 18 14 13 4 20 11 20 23 16 4 21 24 22 15 23 24 24 25 17 8 17 27 22 26 26 26 21 1 23 27 12 27 26 7 25 28 27 28 28 28 26 29 25 29 28 29 28 29 28 29 29      48000      63000 
693	1436000	17 9 4 21 2 17 10 3 9 4 8 5 10 10 18 7 9 0 7 1 16 8 22 15 12 6 23 13 18 13 19 19 11 14 15 12 23 14 25 16 20 15 23 20 22 16 25 23 5 24 2 24 27 24 25 21 26 23 27 25 27 25 27 24 28 25 28 26 11 27 29 26 29 25 29 27 29 26 29 28 29 28 29 28      45000      63000 
891	1281000	0 13 1 2 3 14 7 2 12 6 17 5 8 5 11 11 8 9 10 14 1 9 25 15 12 9 16 5 19 10 1 19 20 15 18 13 20 17 22 15 23 22 26 22 21 21 25 23 16 27 24 14 27 24 24 25 4 24 25 21 18 23 13 26 26 26 28 26 6 27 29 28 28 27 29 28 29 28 29 28 27 29 29 29      67000      36500 
1278	 735250	0 9 1 10 2 11 3 12 4 13 5 13 6 14 7 14 8 15 9 28 10 16 11 16 12 24 13 17 14 18 15 18 16 19 17 19 18 20 19 20 29 21 21 21 22 22 23 22 23 23 20 23 24 24 24 24 25 24 25 25 29 25 26 25 26 26 26 26 27 26 27 27 27 25 28 27 28 28 28 28 28 29 29 29      74250      14625 
1377	 601000	0 9 1 10 2 11 3 12 4 29 5 13 6 14 7 24 8 15 9 15 10 6 11 16 12 24 13 17 14 18 15 18 16 19 17 19 18 20 19 20 20 21 21 21 22 22 23 22 23 23 24 23 29 24 24 24 25 24 25 25 29 25 26 25 26 25 26 26 27 26 27 27 27 27 28 27 28 28 28 28 28 29 29 29      64500      19500 
1773	 586000	0 6 1 25 2 11 3 24 4 13 5 13 6 14 7 24 8 15 9 15 10 16 11 29 12 17 13 25 14 18 15 18 16 19 17 19 18 20 19 20 20 21 21 21 22 22 23 22 23 29 24 23 29 24 24 24 25 24 25 25 29 25 26 25 26 26 26 25 27 26 27 27 27 27 28 27 28 28 28 28 28 29 29 29      72000      14000 
0	1285000	0 0 1 1 2 2 3 3 4 3 12 3 5 6 7 8 9 8 10 8 11 10 13 10 13 11 14 11 16 12 17 15 18 16 15 16 19 18 19 20 20 21 21 22 22 22 23 22 24 23 24 24 25 24 25 24 25 24 25 25 26 25 27 25 26 26 27 26 28 26 28 27 28 27 29 28 29 28 29 29 23 29 6 29      81000      22500 
288	 642000	0 9 1 28 2 11 3 12 4 24 5 13 6 28 7 14 8 15 9 15 10 16 11 16 12 17 13 17 14 24 15 18 16 19 17 19 18 20 19 20 20 21 21 21 22 22 23 22 23 24 24 23 24 24 29 24 25 24 25 25 25 25 26 25 26 26 26 26 27 26 27 27 27 27 28 27 28 28 29 28 28 29 29 29      75144      13284 
387	 138400	0 9 1 28 2 11 3 12 4 24 5 13 6 28 7 14 8 28 9 15 10 16 11 29 12 17 13 17 14 18 15 18 16 19 17 19 18 20 19 20 20 21 21 21 22 22 23 22 23 24 24 23 24 24 29 24 25 24 25 25 25 29 26 29 26 26 26 13 27 26 27 27 27 27 28 10 28 28 29 28 28 29 29 29      66000      16400 
0	2111500	0 0 1 17 1 8 2 10 2 10 3 10 3 11 4 13 5 14 5 14 6 16 21 21 7 18 24 20 9 20 9 22 10 22 10 22 12 22 13 23 15 23 15 23 15 24 25 25 16 25 18 25 19 25 19 25 20 26 23 26 23 27 24 27 17 27 26 27 26 28 27 28 28 28 28 29 8 29 29 29 29 29 11 29      83250      40500 
99	1682000	2 1 3 0 20 1 4 3 8 6 10 7 7 6 11 8 5 8 23 13 13 14 10 15 16 15 14 15 17 18 19 17 19 16 19 18 20 9 0 21 22 21 26 22 24 21 24 22 25 23 9 23 25 24 25 24 12 24 26 24 28 24 27 25 28 26 28 26 29 27 29 27 29 27 29 27 29 27 29 27 29 28 29 29      72000      40500 
396	1321000	4 1 2 3 2 1 8 7 5 4 9 4 5 11 6 5 8 11 12 10 15 9 3 21 5 10 26 13 16 18 19 15 14 16 12 18 17 19 20 18 23 22 7 14 24 23 22 24 21 20 25 23 26 23 24 25 25 13 27 24 27 25 27 25 27 26 28 26 0 27 29 28 29 28 28 27 29 17 29 28 29 28 29 29      63000      40500 
594	1289000	0 0 2 5 7 4 3 2 9 6 4 10 8 21 13 0 12 13 11 17 14 8 24 14 24 15 14 19 18 9 15 19 23 17 23 16 18 18 20 17 21 20 1 20 28 19 25 24 24 23 23 24 25 19 26 23 10 23 5 22 26 6 27 25 27 26 22 27 25 28 27 27 28 26 16 28 29 28 29 28 29 28 29 29      72000      31500 
1080	 611200	0 16 1 10 2 11 3 24 4 13 5 13 6 14 7 14 8 15 9 15 10 24 11 16 12 17 13 17 14 18 15 18 16 19 17 19 18 20 19 20 20 21 21 21 22 22 23 22 23 23 24 23 29 24 24 24 25 24 25 29 25 28 26 25 26 26 26 26 27 26 27 27 27 27 28 27 28 28 28 28 29 29 29 29      72000      12600 
1377	 546000	0 16 1 10 2 2 3 24 4 13 5 13 6 28 7 14 8 15 9 15 10 24 11 20 12 17 13 17 19 18 15 18 16 19 14 19 18 24 25 20 20 21 21 21 22 22 23 22 23 29 24 23 29 24 24 24 25 24 17 29 25 28 26 25 26 26 26 26 27 26 27 27 27 27 28 29 28 28 28 28 29 29 29 29      72000      14000 
1476	 510000	0 16 1 10 2 11 3 24 4 13 5 13 6 9 7 14 8 28 9 15 10 24 11 16 12 17 13 24 14 18 15 18 16 19 17 19 18 20 19 20 20 21 21 21 22 22 23 22 23 23 24 23 29 24 24 24 25 24 25 29 25 28 26 25 26 12 26 26 27 26 27 27 27 28 28 27 28 28 28 28 29 29 29 29      70000      15000 