
0     113266.00     1606300.00
1      53679.00     1699800.00
2     145018.00     1577000.00
3      41681.00     1606000.00
4     114034.00     1474400.00
5      15521.00     1624800.00
6     146318.00     1547800.00
7     101025.00     1577800.00
8     131570.00     1609134.00
9     144095.00     1608800.00
10     143026.00     1500300.00
11      97886.00     1668800.00
12     128027.00     1622800.00
13      84312.00     1734800.00
14      76486.00     1649600.00
15      70101.00     1600800.00
16     119350.00     1509800.00
17      49551.00     1631800.00
18     129654.00     1609800.00
19     139247.00     1487100.00