
0     144126.00     1552800.00
1     114440.00     1457800.00
2     104787.00     1425800.00
3     149246.00     1579800.00
4      73443.00     1479800.00
5     133091.00     1267800.00
6     115120.00     1417802.00
7     128992.00     1493800.00
8     143760.00     1694658.00
9     136557.00     1410800.00
10     148323.00     1555134.00
11     137164.00     1419550.00
12     130092.00     1433800.00
13     137947.00     1333800.00
14     148334.00     1437800.00
15     135476.00     1523800.00
16     127956.00     1377800.00
17     148230.00     1351802.00
18     141157.00     1591800.00
19     111212.00     1634200.00