
0     138331.00     1225050.00
1     154380.00     1238800.00
2     178255.00     1319800.00
3     174566.00     1236800.00
4     164042.00     1281134.00
5     180794.00     1292800.00
6     178756.00     1299050.00
7     152453.00     1297136.00
8     126385.00      346004.00
9     170688.00     1334884.00
10     159119.00     1353800.00
11     172905.00     1208300.00
12     194188.00     1232468.00
13     186618.00     1219540.00
14     186319.00     1265134.00
15     119299.00     1251300.00
16     137264.00     1270626.00
17     148412.00     1269420.00
18     148856.00     1237802.00
19     198694.00     1270246.00