
0	2580000	2 0 0 1 1 0 0 1 1 0 0 1 0 1 0 1 0 1 2 0 0 2 0 1 0 1 0 2 3 0 0 2 0 3 1 1 0 2 2 1 1 1 0 3 3 1 4 0 1 4 3 2 3 3 3 3 3 3 9 1      63000      72000 
99	2570000	2 1 0 1 1 2 1 0 0 1 0 1 1 0 0 2 1 0 1 1 3 2 0 3 0 3 1 2 2 1 2 0 1 1 0 2 0 2 0 2 2 0 2 0 3 0 1 1 2 2 2 3 3 2 3 4 2 3 6 0      70000      65000 
792	2526000	1 1 0 2 2 0 1 1 0 1 1 1 1 1 1 1 1 1 1 1 3 2 2 1 0 1 0 2 1 1 1 1 1 1 1 1 0 2 0 1 2 1 2 2 1 1 1 2 2 2 2 5 3 1 3 1 2 4 6 0      42000      90000 
1287	1402000	1 1 1 1 1 1 0 1 1 1 1 1 1 1 0 1 1 1 1 1 1 1 1 1 1 3 1 1 1 1 2 2 2 0 0 2 1 1 1 1 1 1 2 1 1 1 2 1 2 3 2 2 3 2 1 4 3 2 6 2      42000      63000 
1683	1376000	1 1 1 1 1 1 0 1 1 1 1 1 1 1 0 1 0 1 1 1 1 1 1 1 1 3 1 1 1 1 2 2 2 0 0 2 1 1 1 1 1 1 2 1 1 1 2 1 2 3 3 2 3 2 1 4 3 2 6 2      42000      63000 
2178	1350000	1 1 1 1 1 1 1 1 1 1 1 1 1 1 1 0 1 0 1 1 1 1 2 1 2 0 2 1 1 1 1 2 1 1 1 1 1 1 1 1 1 1 1 1 1 1 1 2 3 2 2 3 2 3 3 2 2 3 3 6      63000      42000 
3168	1301000	1 0 1 1 1 0 1 0 1 1 1 1 1 1 1 0 1 1 1 1 1 1 1 1 1 1 1 1 1 2 2 2 1 1 1 1 1 1 1 1 1 1 1 1 1 1 2 2 4 3 2 2 2 2 3 2 2 4 3 6      70000      33500 
3366	1289000	2 1 1 1 2 0 1 1 2 0 1 1 0 1 0 1 1 1 0 1 1 1 2 2 0 1 1 1 1 1 1 1 2 1 1 1 1 1 0 2 2 1 1 2 1 1 2 1 1 3 3 2 3 2 2 3 2 3 5 4      31500      72000 
3465	1275000	1 1 1 1 1 1 1 1 1 1 1 1 1 1 1 1 0 1 1 1 1 1 1 2 1 2 1 1 1 1 2 1 1 1 1 1 1 1 1 1 1 1 1 1 1 1 2 1 5 2 2 3 2 2 3 3 2 3 3 3      33500      70000 
3564	1245000	1 2 1 1 1 2 1 1 1 2 2 1 1 0 1 0 1 1 1 0 1 1 2 2 2 0 1 1 1 1 1 1 1 2 1 1 1 1 1 1 1 1 1 1 1 1 1 2 3 1 2 3 2 3 3 2 3 2 2 5      72000      31500 
4257	 908400	1 1 1 1 1 1 1 1 1 1 1 1 1 1 2 1 1 0 1 1 1 1 1 1 2 1 1 1 1 1 1 2 1 1 1 1 1 1 1 1 1 1 1 1 1 1 1 3 2 4 3 2 2 3 3 2 3 2 3 3      68400      23400 
5346	 885200	1 1 1 1 1 1 1 1 1 1 1 1 1 1 1 1 1 1 1 1 1 1 1 1 1 2 1 1 1 1 2 1 1 1 1 1 1 1 1 1 1 1 1 1 1 1 3 2 4 2 1 3 3 2 2 3 2 3 3 3      23400      68400 
6039	 868800	1 1 1 1 1 1 1 1 1 1 1 1 1 1 1 1 1 1 1 1 1 1 1 1 1 1 1 1 1 1 2 1 1 1 1 1 1 1 1 2 1 1 1 1 1 1 3 2 4 2 1 3 3 2 2 3 2 3 3 3      23400      68400 
6435	 862000	1 1 1 1 1 1 0 1 1 1 2 1 1 1 0 1 1 1 0 1 2 1 2 1 1 1 1 1 1 1 2 1 1 1 1 1 2 1 1 1 1 1 1 1 2 1 1 2 1 3 2 3 3 2 2 3 4 3 3 3      21000      72000 
8316	 808000	0 1 0 1 0 1 1 1 1 1 1 1 2 1 1 1 1 1 1 1 1 1 1 1 1 1 1 1 1 1 1 1 1 1 1 1 3 0 1 1 1 2 1 1 1 1 3 2 2 3 3 3 3 2 2 3 3 3 3 3      27000      63000 
8415	 750000	1 1 1 1 1 1 1 1 1 1 1 1 1 1 1 1 1 1 1 1 1 1 1 1 1 1 1 1 1 1 1 1 1 1 1 1 1 1 1 1 1 1 1 1 1 1 2 2 3 2 3 3 2 4 3 2 3 3 3 3      65000      25000 
9306	 740000	1 1 1 1 1 1 1 1 1 1 1 1 1 1 1 0 1 1 1 1 1 1 1 1 1 1 1 1 1 1 1 1 1 1 1 1 1 1 1 1 1 1 1 1 1 2 2 2 3 2 3 3 2 4 3 2 3 3 3 3      65000      25000 
11781	 730000	1 1 0 1 1 1 1 1 1 1 1 1 1 1 1 1 1 1 1 1 1 1 1 1 1 1 1 1 1 1 1 1 1 1 1 1 1 1 1 1 1 1 1 1 2 1 2 2 2 3 3 3 4 2 2 3 3 3 3 3      30000      60000 
12078	 710000	1 1 0 1 1 1 1 1 1 1 1 1 1 1 1 1 1 1 1 1 1 1 1 1 1 1 1 1 1 1 1 1 1 1 1 1 1 1 1 1 1 1 1 1 2 1 2 2 2 3 2 3 4 2 2 3 4 3 3 3      30000      60000 
0	2226000	2 0 0 1 1 0 1 0 1 0 1 0 0 1 0 2 1 0 1 1 1 1 2 1 2 2 1 1 1 2 0 2 2 0 0 3 0 2 2 0 1 2 0 2 1 1 2 2 6 0 3 2 2 3 4 3 1 5 3 3      63000      63000 
594	2212000	2 0 0 1 1 0 1 0 1 1 1 0 0 1 0 2 1 0 1 1 1 1 2 1 2 2 1 1 1 2 0 2 2 0 0 3 0 2 2 0 1 2 0 2 1 1 2 2 6 0 3 2 2 2 4 3 1 5 3 3      63000      63000 
1386	1852000	1 1 1 1 0 1 0 1 1 1 1 2 0 1 1 2 0 1 0 1 2 1 1 1 3 0 1 1 3 0 2 1 1 1 3 0 1 1 0 1 1 1 0 1 1 2 2 1 3 5 5 2 2 2 2 2 1 3 3 4      27000      90000 
1683	1826000	1 1 1 2 0 1 0 1 1 1 0 1 1 1 2 0 1 1 1 1 0 1 1 1 1 2 1 1 2 0 1 1 1 1 3 1 2 1 0 2 1 2 3 1 1 2 3 1 0 4 2 2 2 2 3 1 5 3 2 3      45000      72000 
2178	1680000	0 1 2 0 0 1 1 1 1 1 0 1 1 1 0 1 1 1 1 1 1 1 1 1 2 1 0 1 0 1 1 1 1 1 2 1 1 1 3 1 1 1 2 1 3 0 2 1 4 1 2 5 2 4 2 4 3 3 2 3      31500      81000 
2277	1624000	0 1 0 1 1 1 0 1 1 1 1 1 0 1 1 1 1 1 0 1 1 1 1 1 2 1 1 1 1 1 0 1 2 1 1 1 2 1 1 1 1 1 1 1 3 0 2 1 5 2 2 5 1 4 3 3 3 2 4 3      30000      81000 
2871	1346000	1 0 1 1 1 0 1 0 1 2 2 1 1 1 1 1 1 0 1 0 1 1 1 1 1 1 1 1 2 1 1 1 1 1 1 1 1 2 2 3 1 1 0 3 1 3 1 2 2 3 2 2 2 2 3 2 3 3 4 2      72000      31500 
3465	1182000	1 1 2 0 1 0 1 2 1 0 1 0 1 3 1 1 1 0 1 1 1 1 2 1 1 2 1 1 1 1 1 1 1 1 1 1 1 1 1 1 2 1 1 1 2 2 1 2 3 2 2 3 2 3 1 4 3 3 3 2      63000      36000 
4950	1168000	1 1 2 0 1 0 1 2 1 0 1 0 1 3 1 1 1 0 1 2 1 1 2 0 0 2 1 1 1 2 1 1 1 1 1 1 1 1 1 1 2 1 1 1 2 2 2 1 3 2 2 3 2 3 1 4 3 3 3 2      63000      36000 
5049	1136000	1 1 1 0 1 0 0 2 1 0 1 0 1 3 1 1 1 0 2 1 1 1 1 1 1 2 1 1 1 1 2 1 1 1 1 1 1 1 1 1 2 1 1 1 2 2 1 2 3 2 2 3 2 3 2 4 3 3 3 2      63000      36000 
6732	1005000	1 1 0 1 0 1 2 0 0 1 0 1 3 0 1 1 0 1 1 2 1 1 1 1 2 1 1 1 1 1 1 2 1 1 1 1 1 1 1 1 1 2 1 1 2 2 2 2 2 3 3 2 3 2 4 2 3 3 2 3      31500      63000 
7326	 908334	1 1 1 1 0 1 3 0 0 1 0 1 4 0 1 1 0 1 0 2 1 1 1 1 1 1 1 1 2 1 1 1 1 1 1 1 1 1 1 1 1 2 1 1 1 2 2 2 2 3 3 2 3 3 3 2 3 3 2 3      23334      68499 
9702	 905200	1 1 1 1 1 0 0 3 1 0 1 0 0 4 1 1 1 1 2 0 1 1 1 1 1 1 1 1 1 2 1 1 1 1 1 1 1 1 1 1 2 1 1 1 2 1 2 2 3 2 2 3 3 2 2 3 3 3 3 2      68400      23400 
11187	 899200	1 1 1 1 1 0 0 3 1 0 1 0 0 4 1 1 1 0 2 0 1 1 1 1 1 1 1 1 1 2 1 1 1 1 1 1 1 1 1 1 2 1 1 1 2 1 2 2 3 2 2 3 3 2 2 3 3 4 3 2      68400      23400 
11385	 830000	1 1 1 1 2 1 1 0 1 1 1 1 1 0 1 1 1 1 1 2 1 1 1 1 1 1 1 1 1 1 1 1 1 1 1 1 1 1 1 1 1 2 1 1 1 3 2 1 2 3 3 2 2 3 3 2 3 3 3 3      63000      27000 
12078	 816668	1 1 1 1 2 1 1 1 1 1 1 1 1 1 2 0 1 1 1 2 1 1 1 1 1 2 1 1 1 1 0 2 1 1 1 1 1 1 1 1 1 1 1 1 0 2 2 1 3 2 3 2 2 3 3 2 3 3 3 3      46666      45001 
15435	 810000	1 1 1 1 2 1 1 2 1 1 1 1 1 1 1 1 1 1 1 1 1 1 1 1 1 1 1 1 1 1 1 1 1 1 1 1 1 1 1 1 1 1 1 1 1 1 1 2 3 2 3 3 2 3 3 2 3 3 3 3      45000      45000 
16821	 770000	1 1 1 1 1 1 1 2 1 1 1 1 1 1 1 1 1 1 1 1 1 1 1 1 1 1 1 1 1 1 1 1 1 1 1 1 1 1 1 1 1 1 1 1 1 1 2 2 3 2 3 3 2 3 3 2 3 3 3 3      50000      40000 
0	2564000	0 2 0 2 0 1 0 1 3 0 1 2 1 1 1 0 1 1 2 1 2 0 1 0 1 1 2 0 1 3 2 1 0 2 2 0 1 1 0 2 1 1 1 1 2 0 0 3 2 3 4 1 1 4 2 3 3 4 5 1      72000      63000 
99	2198000	0 2 0 2 0 1 0 1 3 0 1 2 1 0 1 0 1 1 2 1 2 0 1 1 1 1 2 0 1 3 2 1 0 2 2 0 1 1 0 2 1 1 1 1 2 0 0 3 2 3 4 1 1 4 2 3 3 4 5 1      63000      63000 
495	2170000	2 0 2 0 1 0 1 1 0 3 2 2 0 1 0 2 1 2 1 2 0 2 1 1 1 1 0 2 3 0 2 2 2 0 0 2 1 1 2 0 1 1 1 1 0 2 3 0 3 2 1 3 3 1 3 1 4 2 1 5      63000      63000 
891	1771500	1 1 1 2 1 0 1 0 1 1 1 1 1 1 1 1 1 0 1 0 1 0 1 0 1 2 1 1 1 1 1 1 2 0 2 1 1 1 1 1 1 1 2 3 1 1 1 3 2 1 1 7 3 2 2 3 2 3 5 3      92250      22500 
1287	1450870	1 1 2 1 0 2 0 1 1 1 1 1 1 1 1 1 0 1 1 1 0 1 0 1 2 1 1 1 1 2 1 1 0 1 1 1 1 1 1 1 1 1 3 2 0 1 3 1 1 4 7 1 2 2 3 2 3 3 3 3      16715      90000 
2574	1335000	1 1 1 1 1 2 1 1 0 1 2 1 1 1 0 1 1 1 1 1 2 1 1 1 0 1 1 1 3 1 0 1 1 1 3 2 1 1 1 1 1 1 2 1 1 1 2 2 3 3 3 2 2 2 1 2 3 3 2 3          0     103500 
2673	1265000	1 1 1 2 2 1 1 0 1 1 1 0 1 2 1 1 1 0 1 0 1 0 1 0 1 1 1 1 2 1 1 1 1 1 1 1 1 0 1 1 1 1 2 3 1 1 1 3 4 1 1 7 2 2 2 3 3 3 3 3      81000      22500 
3465	1264000	1 0 1 2 1 0 1 0 1 0 1 0 1 2 1 1 2 1 1 0 1 0 1 0 1 1 1 2 1 1 1 1 1 1 1 1 1 0 1 1 1 2 2 3 1 1 1 3 3 1 3 6 2 2 2 4 3 3 3 3      81000      22500 
4554	1106000	0 1 2 1 0 1 0 1 1 1 1 1 2 1 1 1 1 2 0 1 0 1 0 1 1 1 2 1 1 1 2 1 1 1 0 1 0 1 1 1 2 1 1 2 1 1 3 1 0 3 6 3 3 2 4 2 3 3 3 3      18000      81000 
4950	1088000	1 0 1 2 1 0 1 0 1 1 1 1 1 2 1 1 1 1 1 0 1 0 1 0 1 1 1 2 1 1 1 2 1 1 2 0 1 0 1 1 1 2 2 1 1 1 1 3 3 0 3 6 2 3 2 4 3 3 3 3      81000      18000 
5346	1056000	1 1 1 0 1 1 1 2 1 0 1 1 1 1 1 1 2 1 1 1 1 1 1 1 1 1 1 1 1 1 1 1 1 1 1 1 1 1 1 1 1 1 2 2 1 2 1 2 3 2 3 2 2 3 2 3 3 3 3 3      63000      36000 
5940	 885000	1 1 0 1 1 1 2 1 0 2 1 1 1 1 1 1 1 1 1 1 1 1 1 1 1 1 1 1 1 1 1 1 1 1 1 1 1 1 1 1 1 1 2 2 2 1 2 1 2 3 2 3 3 2 3 2 3 3 3 3      40500      54000 
9990	 770000	1 1 1 1 1 1 3 1 1 1 1 1 1 1 1 1 1 1 1 1 1 1 1 1 1 1 1 1 1 1 1 1 1 1 1 1 1 1 1 1 2 1 1 1 1 1 1 2 2 3 2 3 3 2 2 3 3 3 3 3      40000      50000 
10584	 750000	1 1 1 1 1 1 1 1 2 1 1 1 1 1 1 1 1 1 1 1 1 1 1 1 1 1 2 1 1 1 1 1 1 1 1 1 1 1 1 1 1 1 1 1 1 1 1 2 2 3 2 3 4 2 2 3 3 3 3 3      30000      60000 
11673	 730000	1 1 1 1 1 1 0 1 2 1 1 1 1 1 1 1 1 1 1 1 1 1 1 1 1 1 2 1 1 1 1 1 1 1 1 1 1 1 1 1 1 1 2 1 2 1 1 2 1 3 2 3 4 2 2 3 3 3 3 3      20000      70000 
25209	 710000	1 1 1 1 1 1 1 0 1 1 1 0 1 1 1 1 1 2 1 1 1 1 1 1 1 1 1 2 1 1 1 1 1 1 1 1 1 1 1 1 1 2 1 2 1 3 2 1 3 1 3 1 2 4 3 2 3 3 3 3      70000      20000 
26397	 690000	1 0 1 1 1 1 1 1 1 0 1 0 1 1 1 0 1 2 1 1 1 1 1 1 1 1 1 3 1 1 1 1 1 1 1 1 1 1 1 2 1 1 1 2 1 3 2 1 3 1 3 1 2 4 3 2 3 4 3 3      70000      20000 
0	2202000	0 1 1 2 1 0 1 1 0 3 1 0 1 0 1 1 1 1 0 2 1 0 1 0 1 0 1 1 1 3 3 0 2 0 1 1 0 4 1 1 3 0 1 1 1 1 5 0 1 3 3 4 5 2 1 3 2 3 1 4      72000      54000 
1485	2121500	1 1 1 0 1 1 1 1 1 0 1 1 1 0 1 1 1 1 1 2 1 0 0 2 4 1 2 0 1 2 1 1 1 0 1 2 1 2 1 1 1 3 1 1 1 2 2 0 4 1 2 4 2 3 2 2 3 3 1 4      81000      42750 
1683	1327000	2 0 1 1 1 0 1 1 1 1 1 1 1 1 1 1 1 1 1 1 1 1 1 1 1 1 1 3 1 1 1 1 2 1 0 2 1 1 2 1 3 1 1 1 1 1 1 2 1 4 3 2 2 2 1 4 4 2 3 2      63000      40500 
2376	1309000	0 2 1 1 0 1 1 1 1 1 1 1 1 1 1 1 1 1 1 1 1 1 1 1 1 1 3 1 1 1 1 1 0 2 3 0 1 1 1 2 1 3 1 1 1 1 2 1 4 1 2 3 2 2 4 1 2 4 2 3      40500      63000 
4653	1305000	1 0 1 1 1 1 1 2 1 1 1 1 1 1 1 1 0 2 1 1 1 1 1 1 1 0 1 1 1 2 1 1 2 1 1 3 1 1 1 1 3 0 1 1 1 1 1 2 2 4 3 2 2 2 2 3 4 2 3 2      72000      31500 
5049	1275000	1 1 1 1 1 1 1 1 2 1 1 1 1 1 1 1 1 1 1 1 1 1 1 1 1 1 2 1 1 1 1 1 0 2 2 1 1 1 1 1 1 3 1 1 1 1 2 1 4 1 2 3 2 2 3 2 2 4 2 3      46500      57000 
5247	1011000	1 1 1 1 1 1 1 1 2 0 1 0 1 1 1 0 1 1 1 2 1 1 1 1 1 1 2 0 1 1 1 1 1 1 1 1 1 1 1 1 1 3 1 1 1 1 2 1 2 4 2 3 4 2 3 2 2 4 2 4      63000      31500 
9396	 944000	0 1 1 1 1 1 1 1 0 2 0 1 1 1 0 1 1 1 1 1 1 1 1 1 1 1 1 2 1 1 1 1 1 1 1 1 1 1 2 1 3 1 1 1 1 1 1 2 4 2 3 2 1 4 2 3 5 2 4 2      31500      63000 
10386	 862000	1 0 1 1 1 1 1 1 1 0 1 0 1 0 1 0 1 1 1 1 1 1 1 1 1 1 2 1 1 2 1 1 1 2 1 1 1 1 1 2 1 3 1 1 1 2 2 0 2 4 2 3 4 1 3 1 2 5 3 4      69000      23000 
10782	 844000	1 1 1 1 1 1 1 1 1 0 1 0 1 1 1 0 1 1 1 1 1 1 1 1 1 2 2 1 1 1 1 2 1 1 1 1 1 1 1 1 1 2 1 1 1 1 2 1 2 4 2 3 4 1 3 1 2 5 3 4      63000      27000 
11178	 838000	1 0 1 1 1 1 1 1 1 0 1 0 1 0 1 0 1 1 1 1 1 1 1 1 1 1 2 1 1 2 1 1 1 2 1 1 1 1 1 1 1 3 1 1 1 2 2 1 2 4 2 3 4 1 3 1 2 5 3 4      63000      27000 
14544	 818000	1 0 1 1 1 1 1 1 1 0 1 0 1 0 1 0 1 1 1 1 1 1 1 1 1 1 2 1 1 2 1 1 1 1 1 1 1 1 1 2 1 3 1 1 1 2 2 1 2 4 2 3 4 1 3 1 2 5 3 4      63000      27000 
0	2580000	0 4 0 4 0 2 0 2 0 2 1 1 0 1 2 0 0 1 1 1 2 0 0 1 0 1 1 1 2 0 2 0 0 2 3 0 3 0 0 2 0 1 2 0 2 0 0 5 6 0 1 4 2 2 1 3 4 2 7 0      45000      90000 
891	2356000	1 1 2 1 0 3 1 0 0 3 1 0 1 1 1 1 0 2 1 0 1 0 1 3 1 1 0 3 3 1 1 0 1 2 2 1 2 0 0 2 1 2 1 1 1 1 1 3 1 4 6 0 2 3 2 2 4 1 3 0      84000      45000 
1089	1593000	1 1 1 1 1 3 1 0 0 3 1 0 1 1 1 1 1 1 1 0 1 1 1 3 1 1 1 3 1 0 2 1 1 0 1 1 1 0 1 2 1 3 1 1 2 1 1 2 2 4 5 1 2 3 2 2 3 2 3 0      84000      25500 
1188	1273000	1 1 1 1 1 0 2 0 1 0 1 1 1 1 1 0 1 1 1 1 1 1 1 1 1 0 1 1 1 1 1 2 1 1 1 2 1 0 1 1 1 1 1 1 1 2 2 1 2 3 4 5 3 3 2 3 3 3 2 4      81000      22500 
1386	1261000	0 4 0 4 1 2 2 1 1 2 2 1 1 1 1 0 1 1 1 1 1 1 1 1 1 1 1 1 1 0 1 1 2 2 1 0 1 0 1 1 1 1 1 0 1 0 1 5 3 0 2 4 3 2 3 2 3 2 3 1      90000      13500 
1683	1214000	0 1 2 0 1 1 0 2 1 1 2 1 2 1 0 1 0 1 1 1 1 1 2 1 1 1 1 1 1 1 1 1 1 1 1 1 1 1 3 1 2 1 1 2 1 1 4 1 4 2 1 4 0 3 4 2 2 3 1 3      27000      75000 
1782	1212000	0 1 2 0 1 1 0 2 1 1 2 1 2 1 0 1 0 1 1 1 1 1 2 1 1 1 1 1 1 1 1 1 1 1 1 1 1 1 3 1 1 1 1 2 1 1 4 1 4 2 1 4 0 3 4 2 3 3 1 3      27000      75000 
2277	 834576	0 1 1 1 1 1 1 1 1 1 1 1 1 1 1 1 1 1 1 1 1 1 1 1 1 1 1 1 1 1 1 1 2 2 1 1 1 1 1 1 1 1 1 1 2 1 3 1 1 3 5 2 2 3 2 3 2 3 3 3      21858      69428 
4059	 830000	1 1 0 1 1 1 2 0 1 1 1 1 1 1 1 1 2 1 1 1 1 1 1 1 2 1 1 1 1 1 1 1 1 2 1 1 1 1 1 1 1 1 1 1 2 1 3 1 2 3 3 2 1 4 1 3 3 3 3 3      31500      58500 
4455	 818292	1 1 1 1 0 1 1 1 1 1 1 1 1 1 1 1 1 1 1 1 1 1 1 1 1 1 1 1 1 1 1 1 1 2 1 1 1 1 2 1 1 1 1 1 2 1 3 1 2 3 5 2 1 3 2 3 2 3 3 3      21857      69429 
5544	 784578	1 1 1 1 1 0 1 1 1 1 1 1 1 1 1 0 1 1 1 1 1 1 1 1 1 1 1 1 1 1 1 1 2 1 1 1 1 1 1 2 1 2 1 2 1 2 1 3 3 1 2 5 3 1 3 2 3 2 3 3      69429      21857 
7722	 783436	1 1 1 1 1 1 1 1 1 1 1 1 1 1 1 0 1 1 1 1 1 1 1 1 1 1 1 1 1 1 1 1 2 0 1 1 1 1 1 2 1 2 1 2 1 2 1 3 3 1 2 5 3 1 3 2 3 2 3 3      69429      21857 
8217	 740000	1 1 1 1 1 1 1 1 1 1 1 1 2 1 0 1 0 1 1 1 1 1 1 1 1 1 1 1 1 1 1 1 0 2 1 1 1 1 2 1 2 1 2 1 2 1 3 1 1 3 5 2 1 3 1 3 3 3 3 3      21875      69375 
17208	 681000	1 1 0 1 1 1 1 1 1 1 1 1 2 1 0 1 0 1 1 1 0 1 1 1 1 1 1 1 1 1 1 1 0 2 1 1 2 1 2 1 2 1 2 1 2 1 4 1 1 3 5 2 1 3 1 3 3 3 3 3      15750      72000 
25524	 676500	1 1 0 1 1 1 1 1 1 1 0 1 2 1 0 1 0 1 1 1 0 1 1 1 1 1 2 1 1 1 1 1 0 2 1 1 2 1 2 1 2 1 2 1 2 1 4 1 1 3 5 2 1 3 1 3 3 3 3 3      15750      72000 
0	2988000	1 0 2 0 2 0 1 0 2 0 0 2 0 1 1 2 0 1 0 1 1 3 1 2 0 3 1 2 0 3 1 3 0 1 0 1 0 1 3 0 3 0 2 2 1 2 1 1 6 0 2 5 0 3 1 2 4 1 6 0      63000      81000 
198	2958000	2 1 1 0 1 3 1 0 1 1 0 1 1 1 0 1 0 1 1 1 1 0 1 1 1 1 3 1 1 1 1 1 1 0 2 1 1 2 1 1 1 1 2 1 2 2 2 0 2 2 2 4 3 1 3 2 2 3 2 7      81000      63000 
594	2752000	0 3 1 0 2 1 1 1 3 2 0 1 1 1 1 0 1 0 1 1 1 1 1 1 1 1 2 0 1 1 1 1 1 1 1 1 1 1 2 1 1 2 1 1 1 1 2 2 2 1 3 7 0 3 4 1 2 4 3 1      69000      69000 
693	2214000	2 0 1 2 1 1 2 4 1 1 0 2 1 1 1 1 1 3 1 1 0 2 1 0 1 0 2 1 1 1 1 0 1 0 2 2 2 0 1 2 1 1 2 1 1 1 2 2 2 2 1 4 2 3 3 1 3 1 2 2      86000      40000 
891	2198000	0 1 1 1 1 1 1 0 1 1 0 1 1 1 0 1 1 0 1 1 1 1 1 1 1 1 3 1 1 2 2 0 1 2 2 1 1 2 1 2 1 1 2 0 2 1 2 2 1 3 2 3 3 3 3 1 3 2 2 5      63000      63000 
990	2026000	2 1 1 1 1 1 1 1 1 0 1 1 1 1 0 2 1 1 1 3 1 0 1 0 1 0 3 3 1 1 1 1 1 0 1 1 1 0 1 2 1 3 2 0 2 0 2 3 2 1 2 3 4 1 2 3 1 5 2 3      87000      33000 
1188	1956500	2 1 1 2 1 1 1 1 1 0 1 1 1 1 1 1 0 2 1 3 1 0 1 1 1 0 2 3 1 0 1 1 1 0 1 0 1 0 1 2 1 2 3 0 2 0 2 3 2 1 2 3 3 1 2 3 2 6 2 3      87750      31500 
1485	1592000	0 1 0 1 0 1 1 1 2 1 1 1 1 2 1 1 1 1 1 1 1 1 2 1 1 1 2 2 1 1 1 1 1 1 1 3 1 1 2 1 1 1 1 1 1 1 1 3 5 1 3 1 1 3 1 3 4 2 3 2      48000      63000 
2277	1050000	1 1 1 1 3 1 1 1 1 1 1 1 0 1 1 1 2 1 0 1 0 1 1 1 1 1 0 2 1 1 1 1 0 1 1 2 1 1 1 1 1 1 1 1 1 1 1 2 3 2 4 2 2 3 2 3 3 3 6 2      15000      81000 
2673	 918000	1 1 1 1 3 1 1 1 0 1 1 1 0 1 1 1 2 1 0 1 0 1 0 1 1 1 0 2 1 1 2 1 1 1 1 2 1 1 1 1 1 1 2 1 1 1 1 2 3 2 4 2 1 3 2 3 3 3 6 2      21000      72000 
3861	 842000	1 1 1 1 1 3 1 1 1 0 1 1 1 0 1 1 1 2 1 0 1 0 1 0 1 1 2 0 1 1 1 2 1 1 1 1 1 1 1 1 1 1 1 2 1 1 2 1 3 3 2 4 3 1 3 2 3 3 2 6      72000      18000 
4158	 826000	1 1 0 1 3 1 1 1 0 1 1 1 0 1 1 1 2 1 1 1 0 1 0 1 1 1 0 2 1 1 2 1 1 1 1 1 1 1 1 1 1 1 2 1 1 1 1 2 3 3 4 2 1 3 2 3 3 3 6 2      18000      72000 
8802	 806000	1 0 1 0 1 3 1 1 1 0 1 1 1 0 1 1 1 2 1 1 1 0 1 0 1 1 2 0 1 1 1 2 1 1 1 1 1 1 1 1 1 1 1 2 1 2 2 1 3 3 2 4 3 1 3 2 3 3 2 6      72000      18000 
9693	 803334	1 0 1 0 1 2 1 1 1 1 1 1 1 0 1 1 1 2 1 1 1 1 1 1 1 1 2 0 1 1 1 2 1 1 1 1 1 1 1 1 1 1 1 2 1 2 2 1 3 2 2 4 3 1 3 2 3 2 2 6      69334      21999 
9891	 790000	1 0 1 0 1 3 1 1 1 0 1 1 1 0 1 1 1 2 1 1 1 0 1 1 1 1 2 0 1 1 1 1 1 1 1 1 1 1 1 1 1 1 1 2 1 2 2 1 3 3 2 4 3 1 3 2 3 3 2 6      72000      18000 
10584	 770000	1 0 1 0 1 3 1 0 1 0 1 1 1 0 1 0 1 2 1 1 1 0 1 1 1 1 2 0 1 1 1 1 1 1 1 1 1 1 1 1 1 2 1 2 1 2 2 1 3 3 2 4 3 2 3 2 3 3 2 6      72000      18000 
12168	 730000	1 0 1 0 1 3 1 0 1 0 1 1 1 0 1 0 1 2 1 1 1 1 1 1 1 1 2 0 1 1 1 1 1 1 1 1 1 1 1 1 1 2 1 2 1 1 2 1 3 3 2 4 3 2 3 2 3 3 2 6      65000      25000 
25506	 720000	1 0 1 0 1 1 1 0 1 0 1 1 1 1 1 0 1 1 1 1 1 1 1 1 1 1 2 1 1 1 1 1 1 1 1 2 1 1 1 1 1 3 1 2 1 1 2 1 3 2 2 4 3 2 3 2 3 3 2 6      65000      25000 
28080	 710000	1 0 1 0 1 0 1 0 1 0 1 1 1 1 1 0 1 1 1 1 1 1 1 1 1 1 2 1 1 1 1 1 1 1 1 2 1 1 1 1 1 3 1 2 1 1 2 1 3 2 2 4 3 2 3 2 3 4 2 6      65000      25000 
0	2930000	0 3 0 2 0 1 1 0 1 0 1 0 1 0 1 2 2 0 1 0 0 2 1 2 2 0 2 0 0 2 1 1 2 0 1 0 1 2 0 2 0 4 1 2 2 0 2 0 3 3 2 3 1 3 3 0 3 7 7 1      81000      63000 
396	2206000	1 2 1 0 1 0 1 0 1 0 1 0 1 1 1 1 1 0 1 0 1 2 0 2 1 0 1 1 1 1 1 1 1 0 1 2 1 1 1 1 1 3 2 4 1 0 1 2 3 0 1 4 3 2 2 1 4 2 5 9      90000      36000 
1188	1816000	1 1 1 1 1 1 1 1 0 1 1 1 3 0 2 1 1 1 3 1 0 1 2 1 2 0 1 1 0 1 0 1 1 1 1 1 1 1 1 1 1 2 1 1 1 1 2 1 2 2 3 2 4 2 4 2 1 5 0 6      36000      81000 
1485	1569600	1 2 1 1 1 1 0 1 3 1 1 1 2 1 2 1 1 1 3 1 3 1 1 1 1 1 2 1 0 1 2 2 2 1 0 1 0 1 1 1 0 1 0 1 1 1 3 1 2 2 3 2 2 3 1 2 3 3 0 4      12600      97200 
2079	1420000	1 1 1 1 1 1 1 0 1 3 1 1 1 2 1 2 1 1 1 3 1 3 1 1 1 1 1 2 1 0 2 2 1 2 1 0 1 0 1 1 1 0 1 0 1 1 1 3 2 2 2 3 2 2 3 1 3 3 5 0      90000      15000 
2277	1361000	1 2 1 2 1 1 1 1 1 0 1 1 1 1 1 0 1 2 1 1 1 1 1 1 1 1 1 1 1 1 1 2 1 1 1 1 1 1 1 1 1 1 1 1 1 1 1 2 2 2 2 2 3 2 2 2 4 3 5 4      70000      33500 
2772	1315000	2 2 1 2 1 1 1 0 2 0 1 1 1 1 1 0 1 2 1 1 1 1 1 1 1 1 1 1 1 1 1 2 1 1 1 1 1 1 1 1 1 1 1 1 1 1 1 2 2 3 2 2 3 2 2 2 3 3 4 4      70000      33500 
2970	1311000	1 1 1 0 1 1 1 1 1 2 1 2 1 1 1 1 1 1 1 1 1 1 1 1 1 1 1 1 1 0 1 1 1 1 1 1 1 1 1 1 1 1 2 1 1 1 1 3 2 2 2 2 2 3 3 1 3 3 5 5      81000      22500 
3267	1308000	1 1 0 1 1 1 1 1 2 1 2 1 1 1 1 1 1 1 1 1 1 1 1 1 1 1 1 1 0 1 1 1 1 1 1 1 1 1 0 2 1 1 1 1 1 1 4 1 2 2 2 2 3 2 1 3 3 3 5 5      22500      81000 
4059	1294000	1 2 0 1 1 1 1 1 2 1 2 1 1 1 1 1 1 1 1 1 1 1 1 1 1 1 1 1 0 1 1 1 1 1 1 1 1 1 0 1 1 1 1 2 1 1 4 1 2 3 2 2 3 2 1 3 3 3 5 3      13500      90000 
4158	1243000	2 2 1 1 1 1 1 1 1 1 1 1 1 1 1 1 1 0 1 0 1 1 1 1 1 1 1 1 1 1 1 2 1 1 1 2 1 1 1 1 1 1 1 2 1 2 2 1 2 3 2 2 3 2 2 3 3 2 4 3      80000      23500 
5346	 908800	1 1 1 1 2 1 1 1 1 1 1 1 1 0 1 1 1 1 1 2 1 1 1 1 1 1 1 1 1 1 1 2 1 1 1 2 1 1 1 1 1 1 1 2 1 1 2 1 2 3 2 3 3 1 2 4 3 2 4 2      68400      23400 
5742	 905600	2 1 1 1 1 1 1 1 1 1 1 1 1 1 1 1 1 1 1 2 1 1 1 1 1 1 1 1 1 1 1 2 1 1 1 1 1 1 1 1 1 1 1 2 1 1 2 1 2 3 2 3 3 1 2 4 3 2 4 2      68400      23400 
8415	 850000	0 2 1 1 1 1 1 1 1 1 1 1 1 1 1 1 1 1 1 1 1 1 1 1 1 1 2 1 1 1 2 1 1 1 1 1 1 1 1 1 2 1 2 1 1 1 1 2 3 2 3 2 1 3 3 2 3 3 2 4      31500      58500 
9009	 824000	0 1 1 1 1 1 1 1 1 1 1 1 0 1 1 1 1 1 1 1 1 1 1 1 1 1 2 1 1 1 2 1 1 2 1 1 1 1 1 1 2 1 2 1 1 1 1 2 3 2 4 2 1 3 3 2 3 3 2 4      27000      63000 
10296	 804000	0 1 0 1 1 1 1 1 1 1 1 1 0 1 1 1 1 1 1 1 1 1 1 1 1 1 2 1 1 1 2 1 1 2 1 1 1 1 2 1 2 1 2 1 1 1 1 2 3 2 4 2 1 3 3 2 3 3 2 4      27000      63000 
11484	 776000	0 1 0 1 1 1 1 1 1 1 1 1 0 1 1 1 1 1 1 1 1 1 1 1 1 1 1 1 1 1 2 1 1 2 1 1 1 1 2 1 2 1 2 1 1 1 1 2 3 2 4 2 2 3 3 2 3 3 2 4      27000      63000 
16029	 770000	1 0 1 0 1 0 1 1 1 1 1 1 1 0 2 1 1 1 1 1 1 1 1 1 1 1 1 1 1 1 1 2 1 1 1 1 1 1 1 2 1 2 1 2 1 2 2 1 2 3 2 4 3 2 2 3 3 3 4 2      63000      27000 
17613	 764000	0 1 0 1 1 1 0 1 1 1 0 1 0 1 1 1 1 1 1 1 1 1 1 1 1 1 1 1 1 1 2 1 1 1 1 1 1 1 2 1 2 1 2 1 2 1 1 2 3 2 4 2 2 3 3 2 3 4 3 4      27000      63000 
22662	 746000	1 0 1 0 1 1 1 0 1 1 1 0 1 0 1 1 1 1 1 1 1 1 1 1 1 1 1 1 1 1 1 2 1 1 1 1 1 1 1 2 1 2 1 2 1 2 2 1 2 4 2 4 3 1 2 3 4 3 4 3      63000      27000 
23652	 732000	1 0 1 0 1 1 1 0 1 1 1 0 1 0 1 0 1 1 1 1 1 1 1 1 1 1 1 1 1 1 1 2 1 1 1 1 1 1 1 2 1 2 1 2 1 2 2 1 2 3 2 4 3 2 2 4 4 3 4 3      63000      27000 
24345	 622000	1 0 1 1 1 1 1 0 1 1 1 0 1 1 1 0 1 1 1 1 1 1 1 1 1 1 1 1 1 1 1 2 1 1 1 1 1 1 1 2 1 2 1 2 1 2 2 1 3 2 2 4 3 2 2 4 4 2 3 3      63000      21000 
28404	 615286	1 0 1 1 1 1 1 1 1 1 1 0 1 1 1 0 1 1 1 1 1 1 1 1 1 1 1 1 1 1 1 2 1 1 1 1 1 1 1 2 1 2 1 2 1 2 2 1 3 2 2 4 3 2 2 4 4 1 3 3      65214      19143 
0	2580000	1 0 1 0 1 0 1 0 1 0 0 2 1 1 2 0 1 0 1 0 1 1 0 3 0 2 1 0 0 4 1 4 2 0 2 0 1 1 1 0 0 2 0 3 3 0 1 2 1 3 1 5 1 3 0 6 6 0 10 0      90000      45000 
297	2234000	1 1 1 1 1 0 1 0 1 0 1 1 1 2 1 0 0 2 1 1 1 0 1 1 1 2 1 0 1 5 1 1 1 1 1 0 1 3 1 1 1 0 1 0 0 3 3 1 1 6 3 3 2 4 3 1 2 2 7 0      91000      35000 
1089	1844000	1 0 1 0 1 1 1 1 2 1 1 1 1 1 1 2 0 3 1 0 1 1 1 0 1 1 1 1 1 1 2 0 1 1 1 1 1 1 1 2 1 1 1 1 1 1 2 3 3 2 4 1 1 3 2 3 2 3 4 5      72000      45000 
1782	1261000	2 1 1 1 1 1 1 1 1 1 1 1 1 1 1 1 0 2 1 3 1 1 1 1 1 1 1 1 1 1 1 1 1 1 2 1 1 1 1 1 1 1 1 1 1 1 2 2 3 2 2 3 2 2 3 3 3 2 3 2      68500      35000 
1881	1243000	1 1 1 2 1 0 1 0 1 1 1 1 1 1 1 1 1 1 1 3 1 1 1 0 1 1 1 1 1 1 1 1 1 2 2 1 2 1 1 1 1 1 1 1 1 1 2 1 3 4 2 3 2 2 2 3 3 2 3 3      80000      23500 
2574	1021200	1 1 1 2 1 1 1 1 1 1 1 1 1 1 1 1 1 2 1 1 1 1 1 1 1 1 1 1 1 1 2 1 1 1 2 1 1 1 1 1 1 1 1 1 1 1 2 2 3 2 2 3 2 3 2 3 3 2 3 2      68400      23400 
2772	 826000	1 0 2 1 1 1 1 1 1 1 1 1 1 1 1 1 1 1 1 1 1 1 1 1 1 1 1 1 1 1 1 1 1 1 1 2 1 2 1 1 1 1 1 1 1 1 2 2 2 3 3 2 3 2 3 2 3 3 2 4      54000      36000 
2970	 818000	1 0 2 1 1 1 1 1 1 1 1 1 1 1 1 1 1 1 1 1 1 1 1 1 1 1 1 1 1 1 1 1 1 1 1 2 1 2 1 1 1 1 1 1 1 2 2 1 2 3 3 2 3 2 3 2 3 3 2 4      54000      36000 
3366	 798000	1 0 1 1 1 1 1 1 1 1 1 1 1 1 1 1 1 1 1 1 1 1 1 1 1 1 1 1 1 1 1 1 1 1 1 2 1 2 1 1 1 1 1 1 1 2 2 1 2 3 3 2 3 2 3 2 4 3 2 4      54000      36000 
5643	 780000	0 2 1 1 1 1 1 1 1 1 1 1 1 1 1 1 1 1 1 1 1 1 1 1 1 1 1 1 1 1 1 1 1 1 2 1 2 0 1 1 1 1 1 1 2 1 1 2 3 2 2 3 2 3 2 3 3 4 4 2      45000      45000 
17694	 760000	2 0 1 1 1 1 1 1 1 1 1 1 1 1 1 1 1 1 1 1 1 1 1 1 1 1 1 1 1 1 1 1 1 1 0 2 0 2 2 1 1 1 1 1 1 2 2 1 2 3 3 2 3 2 3 2 4 3 2 4      45000      45000 
0	2972000	0 3 2 0 1 0 0 1 2 0 0 2 1 0 1 0 1 0 0 1 0 1 1 1 1 1 1 2 0 2 3 0 0 1 2 0 2 0 3 0 1 1 1 4 1 1 1 4 1 7 2 2 4 1 3 2 3 2 4 3      63000      81000 
693	2550000	1 0 1 1 2 2 0 2 0 1 1 1 2 1 0 1 1 1 0 1 0 1 1 1 0 1 0 2 0 1 0 2 2 0 2 1 1 1 1 1 1 1 1 1 1 1 5 1 3 1 2 3 5 2 1 3 2 5 6 2      54000      81000 
891	2388000	3 0 0 1 1 2 1 2 0 1 2 1 1 1 0 1 0 1 1 1 1 1 1 1 1 1 1 2 2 1 0 2 2 0 0 1 0 1 0 1 1 1 4 1 1 1 4 1 7 1 0 3 1 2 2 3 2 5 3 2      40500      90000 
1089	2334000	0 2 1 1 2 0 2 0 1 2 1 1 1 0 1 0 1 1 1 1 1 1 1 0 1 1 2 0 1 1 2 2 0 4 1 1 1 1 1 1 1 2 1 1 1 0 1 3 1 3 3 5 2 2 3 2 5 1 2 3      90000      39000 
1386	2244000	1 1 1 1 2 0 0 2 0 1 1 1 2 1 1 1 2 1 0 1 0 1 1 1 0 2 1 1 0 1 0 3 1 1 2 1 1 1 1 3 1 1 1 1 1 1 4 0 3 1 1 5 5 2 1 3 2 2 6 1      45000      81000 
1485	1828000	2 0 1 1 0 2 0 1 2 0 1 1 0 1 0 2 1 1 1 3 1 1 0 1 1 1 0 2 1 1 2 1 4 0 1 1 1 1 1 2 1 1 1 1 1 1 3 1 3 1 5 3 2 2 2 3 1 4 3 2      45000      72000 
1881	1486000	2 0 1 1 0 2 0 1 2 1 1 1 0 1 0 1 1 1 1 1 1 1 0 1 1 1 0 2 1 1 2 1 4 1 1 1 1 1 1 1 1 1 1 1 1 1 3 1 3 2 5 3 2 2 2 4 1 4 3 2      36000      72000 
2376	1295000	0 2 1 1 2 0 1 0 1 2 1 1 1 0 1 0 1 1 1 1 1 1 1 0 1 0 2 0 1 1 1 2 1 4 1 1 1 1 1 1 1 1 1 1 1 1 1 3 2 3 3 5 2 2 4 2 4 1 2 4      72000      31500 
3762	1279000	1 1 1 1 0 2 3 1 1 1 0 1 1 1 1 1 1 1 1 1 0 1 0 1 1 1 1 1 1 1 1 1 1 1 1 1 1 1 1 1 1 1 2 1 2 1 2 1 3 2 3 2 2 3 2 4 3 4 4 2      31500      72000 
4554	1078000	1 1 1 1 2 0 1 3 1 0 1 1 1 1 1 1 1 1 1 1 1 1 1 1 1 1 1 1 1 1 1 1 1 1 1 1 1 1 1 1 1 1 1 1 1 2 1 2 2 3 2 3 3 2 4 2 4 2 2 4      63000      36000 
5049	1007000	2 1 1 1 1 0 0 3 1 0 1 2 1 1 1 0 1 1 1 1 1 2 1 1 1 1 1 1 1 1 1 1 1 1 1 1 2 1 1 1 1 1 1 1 1 2 2 2 2 3 2 3 3 2 3 1 4 2 2 4      63000      31500 
5148	 974000	1 2 1 1 0 2 3 0 0 1 0 1 1 1 1 1 1 1 1 1 1 1 1 1 1 1 1 1 1 1 1 1 1 2 1 1 1 1 1 1 1 1 1 1 2 1 3 1 3 2 3 2 2 3 2 3 2 4 4 2      31500      63000 
7128	 960000	0 2 1 1 0 2 3 0 0 1 1 1 1 1 1 1 1 1 1 1 1 1 1 1 1 1 1 1 1 1 1 1 1 2 1 1 1 1 1 1 1 1 1 1 2 1 3 1 3 2 3 2 2 3 2 3 2 4 4 2      31500      63000 
9306	 949000	1 0 1 1 2 0 1 3 1 0 1 1 1 1 1 1 1 1 1 1 1 1 1 1 1 1 1 1 1 1 1 1 1 1 1 1 1 1 1 1 1 1 2 1 1 2 1 3 2 3 2 3 3 2 3 2 4 2 2 4      63000      31500 
11979	 814000	1 0 1 1 1 1 1 2 1 1 1 1 1 1 1 1 1 1 2 1 1 1 1 1 1 1 1 1 1 1 1 1 1 1 1 1 1 1 1 1 1 1 2 1 1 1 1 3 2 3 2 3 3 2 3 2 4 2 2 4      54000      36000 
12474	 780000	1 1 1 1 1 2 2 1 1 1 1 1 1 1 1 1 1 1 1 1 1 1 1 1 1 1 1 1 1 1 1 1 1 1 1 1 1 1 1 1 1 1 1 1 1 1 3 1 3 2 3 2 2 3 2 3 1 5 4 2      42500      47500 
13662	 760000	1 1 1 1 1 2 2 0 1 1 1 1 1 1 1 1 1 1 1 1 1 1 1 1 1 1 1 1 1 1 1 1 1 1 1 1 1 1 1 1 1 1 1 1 1 2 3 1 3 2 3 2 2 3 2 3 1 5 4 2      42500      47500 
0	2905144	1 2 0 1 1 1 0 1 2 0 0 1 0 3 0 1 2 0 0 4 0 1 0 1 0 2 2 1 0 1 0 1 3 0 1 3 1 1 0 4 1 3 2 1 0 1 2 1 1 2 5 1 4 1 7 0 1 2 6 1      32856     109572 
594	2208000	0 1 1 1 2 1 1 1 1 1 2 1 1 1 1 1 1 1 2 1 1 1 0 1 0 1 3 0 1 1 0 2 1 2 2 0 1 1 3 1 1 1 1 1 2 0 1 3 3 2 4 2 1 2 1 4 3 2 1 5      45000      81000 
792	2110000	0 1 1 1 1 2 1 1 1 1 0 2 0 1 1 1 2 1 0 1 0 1 1 1 1 1 1 1 0 1 2 0 2 1 3 1 0 1 2 1 1 1 1 2 2 3 3 1 2 2 3 2 4 2 3 1 1 5 3 2      42000      81000 
990	2007000	1 0 1 1 2 1 1 1 1 1 2 0 1 0 1 1 1 2 1 0 1 0 1 0 1 1 1 1 1 0 0 2 1 2 0 3 1 0 1 2 1 1 2 1 3 2 1 3 3 2 2 3 2 4 1 4 5 1 2 3      81000      40500 
1386	1620000	0 1 1 1 1 1 1 1 1 1 0 1 0 1 1 1 2 1 0 1 0 2 0 1 1 1 1 1 0 1 2 1 2 1 3 1 0 1 2 1 1 2 1 1 2 2 3 1 2 2 3 2 4 2 4 2 1 5 3 2      30000      81000 
1485	1265000	0 1 1 1 1 1 1 1 1 1 0 1 0 1 1 1 2 1 0 1 0 1 0 1 1 1 1 1 0 2 2 1 2 1 3 1 0 1 2 1 1 1 1 2 2 2 3 1 2 2 3 2 4 2 4 2 1 4 3 3      22500      81000 
1782	1114000	0 1 1 1 1 1 1 1 1 1 0 1 0 1 1 1 1 1 0 1 0 1 0 1 1 1 1 1 0 2 2 1 2 1 3 1 0 1 2 1 1 1 1 2 2 2 3 1 3 2 3 2 5 2 4 2 0 4 3 3      18000      81000 
2277	1042000	0 1 1 1 0 1 1 1 1 1 0 1 0 1 1 1 0 1 0 1 0 1 0 1 1 1 1 1 0 2 3 1 2 1 3 1 0 1 2 1 1 1 1 1 2 2 4 1 3 2 3 2 5 2 4 2 0 5 3 3      15000      81000 
2475	1034000	1 0 1 2 1 0 1 1 1 1 1 0 1 0 1 1 1 0 1 0 1 0 1 0 1 1 1 1 2 0 1 3 1 2 1 3 1 0 1 2 1 1 2 1 2 1 1 4 2 3 2 3 2 5 2 4 4 0 3 3      81000      15000 
2574	1022000	1 0 1 2 1 0 1 1 1 1 1 0 1 0 1 1 1 0 1 0 1 0 1 0 1 1 1 1 1 0 1 3 1 1 1 3 1 0 1 2 1 1 2 1 2 1 1 4 2 3 2 4 2 5 2 4 5 0 3 3      81000      15000 
2673	1004000	0 1 2 1 0 1 1 1 1 1 0 1 0 1 1 1 0 1 0 1 0 1 0 1 1 1 1 1 0 2 3 1 1 1 3 1 0 1 2 1 1 1 1 2 1 2 4 1 3 2 4 2 5 2 4 2 0 4 3 3      15000      81000 
2772	 988000	0 1 2 1 0 1 1 1 1 1 0 1 0 1 1 1 0 1 0 1 0 1 0 1 1 1 1 1 0 2 3 1 1 1 3 1 0 1 2 1 1 1 1 2 0 2 4 1 3 2 5 2 5 2 4 2 0 4 3 3      15000      81000 
7416	 972000	1 0 1 2 1 0 1 1 1 0 1 0 1 0 1 1 1 0 1 0 1 0 1 0 1 1 1 1 2 0 1 3 1 1 1 3 1 0 1 2 1 1 2 0 2 0 1 4 2 3 2 6 2 5 2 5 4 0 3 3      81000      15000 
7713	 970000	1 0 1 2 1 0 1 0 1 0 1 1 1 0 1 1 1 0 1 0 1 0 1 0 1 1 1 1 2 0 1 3 1 1 1 3 1 0 1 2 2 1 1 1 1 2 2 3 2 3 2 5 2 5 2 4 4 0 3 3      81000      15000 
9000	 898000	1 0 1 2 1 0 1 0 1 0 1 1 1 0 1 1 1 0 1 0 1 0 1 0 1 1 2 1 2 0 1 3 1 1 1 3 1 1 1 1 1 1 1 1 1 2 2 3 2 3 2 5 2 5 2 4 4 0 3 3      72000      21000 
9495	 884000	0 1 2 1 0 1 0 1 0 1 1 1 0 1 1 1 0 1 0 1 0 1 0 1 1 1 1 1 0 2 3 1 1 1 3 1 1 1 1 1 1 2 1 1 2 1 3 2 3 2 5 2 5 2 4 2 0 4 3 3      21000      72000 
9891	 820000	0 1 0 1 1 1 0 1 0 1 0 1 1 1 1 1 0 1 1 1 1 1 1 1 1 1 1 1 1 2 2 1 1 1 3 1 1 1 1 1 1 1 1 1 2 1 1 2 4 3 3 3 4 2 4 2 2 3 3 3      21000      70000 
9990	 812000	0 1 0 1 1 1 0 1 0 1 0 1 1 1 1 1 0 1 1 1 1 1 1 1 1 1 1 2 1 2 2 1 1 1 3 1 1 1 1 1 1 1 1 1 2 1 1 2 4 2 3 2 4 2 4 2 2 4 3 3      27000      63000 
11376	 792000	0 1 0 1 1 1 0 1 0 1 0 1 1 2 1 1 0 1 1 1 1 1 1 1 1 1 1 1 1 2 2 1 1 1 2 1 1 1 1 1 2 1 1 1 2 1 1 2 4 2 3 2 4 2 4 2 2 4 3 3      27000      63000 
16722	 778000	1 0 1 0 1 1 1 1 1 0 1 0 1 1 1 1 1 0 1 1 1 1 1 1 1 1 1 1 2 0 1 1 1 2 1 2 1 1 1 1 1 2 1 1 1 2 2 1 3 4 2 3 2 4 2 4 4 2 3 3      63000      27000 
19890	 770000	1 0 1 1 1 1 1 2 1 1 1 1 1 1 1 1 1 1 1 1 1 1 1 1 1 1 2 1 1 1 1 1 1 1 1 1 1 1 1 1 1 1 1 1 1 1 2 2 3 2 2 3 3 2 3 2 2 5 3 3      54000      36000 
21969	 750000	1 1 1 1 1 1 1 1 1 1 1 1 1 1 1 1 1 1 1 1 1 1 1 1 1 1 1 1 1 1 1 1 1 1 1 1 1 1 1 2 1 1 1 1 1 1 2 2 3 3 3 2 2 3 3 2 3 3 3 3      50000      40000 
22464	 730000	1 1 1 1 1 1 1 1 1 1 1 1 1 1 1 1 1 1 1 1 1 1 1 1 1 1 1 1 1 1 1 1 1 1 1 1 1 1 2 1 1 1 1 1 1 1 1 2 2 3 2 3 3 2 2 3 4 3 4 3      40000      50000 
23058	 720000	1 1 2 1 1 1 1 1 1 1 0 1 1 1 1 1 1 1 1 1 1 1 1 1 1 1 1 1 1 1 1 1 1 1 1 1 1 1 2 1 1 1 1 1 1 1 1 2 2 3 2 3 4 2 2 3 4 3 3 3      25000      65000 
28503	 710000	1 1 1 2 1 1 1 1 1 1 1 0 1 1 1 1 1 1 1 1 1 1 1 1 1 1 1 1 1 1 1 1 1 1 1 1 1 1 1 2 1 1 1 2 1 1 2 1 3 2 3 2 2 4 3 1 3 4 3 3      70000      20000 
0	1834000	1 0 0 4 2 0 0 1 0 1 1 1 1 2 2 0 0 2 2 0 0 2 0 2 1 1 2 0 1 2 0 2 1 1 1 1 0 4 2 0 0 3 1 1 1 2 2 1 1 3 4 0 5 2 1 3 4 1 6 0      54000      63000 
1584	1657000	1 1 1 0 1 2 1 0 1 0 2 0 0 2 0 2 1 0 1 2 2 0 1 1 1 0 1 1 1 0 1 0 1 1 1 1 1 0 1 2 1 1 1 1 1 1 3 2 4 1 2 3 1 5 3 2 4 5 2 6      81000      31500 
1980	1546000	1 1 1 0 0 3 1 0 1 1 1 1 1 1 1 1 1 0 1 2 2 0 1 1 1 1 1 2 1 1 1 0 1 1 1 1 1 0 1 1 1 0 1 2 1 1 2 2 3 1 3 4 3 3 3 1 3 4 2 6      90000      21000 
2178	1388000	0 1 0 1 4 0 0 1 1 1 1 1 1 1 3 1 1 1 1 1 1 2 1 1 1 1 2 1 1 1 0 1 1 1 1 1 0 1 2 1 0 1 1 1 0 1 1 3 2 3 2 3 4 2 1 3 4 3 5 2      15750      90000 
2376	1344000	1 0 1 1 1 0 1 1 1 1 1 1 1 1 1 1 1 1 1 1 3 2 1 1 1 1 1 1 1 1 1 1 1 1 1 1 1 1 1 1 1 1 1 1 1 1 2 3 4 3 2 3 2 3 2 3 2 3 3 2      63000      42000 
2475	1328000	1 1 1 1 2 1 1 1 1 1 1 1 1 1 1 1 1 1 1 1 2 3 1 1 1 1 1 1 1 1 2 1 1 1 1 1 1 1 1 1 1 1 1 1 1 1 1 2 2 4 3 2 3 2 2 2 3 2 2 3      57000      46500 
2574	1066000	1 1 1 1 1 1 1 1 2 1 2 1 0 1 0 1 0 1 1 1 2 2 1 1 1 1 1 1 1 1 0 1 1 1 1 1 1 1 1 1 1 1 1 1 1 1 3 1 4 2 2 3 2 3 3 3 4 3 2 3      18000      81000 
2673	1025500	1 1 1 1 1 1 1 1 1 1 1 1 1 1 1 1 1 1 1 1 2 3 1 1 1 1 1 1 1 1 1 1 1 1 1 1 1 1 1 1 1 1 1 1 1 1 1 2 2 4 3 2 3 2 3 2 3 2 3 3      58500      38250 
2871	 816000	1 1 1 1 0 1 1 1 1 1 1 1 1 1 0 1 1 1 1 1 2 2 1 1 1 1 1 1 1 1 1 1 1 1 1 1 1 1 1 1 2 1 1 1 1 1 3 1 3 2 2 3 3 3 2 3 3 3 3 3      27000      63000 
4653	 807500	1 1 1 1 1 1 1 1 1 1 1 1 1 1 1 1 1 1 1 1 2 2 1 1 1 1 1 1 1 1 1 1 1 1 1 1 1 1 1 1 1 1 1 1 1 1 1 2 2 4 3 2 3 2 3 2 3 3 3 3      47500      43750 
5346	 790000	1 1 1 1 1 1 1 1 1 1 1 1 1 1 0 2 1 1 1 1 2 2 1 1 1 1 1 1 1 1 1 1 1 1 1 1 1 1 1 1 2 1 1 1 1 1 2 1 3 2 2 3 3 2 2 3 3 3 3 3      50000      40000 
13545	 770000	0 2 1 1 1 1 1 1 1 1 1 1 1 1 0 2 1 1 1 1 2 1 1 1 1 1 1 1 1 1 1 2 1 1 1 1 1 1 1 1 2 0 1 1 1 1 2 1 3 2 2 3 3 2 3 3 3 3 3 3      55000      35000 
26397	 760000	1 0 1 1 1 1 1 1 1 0 1 1 1 1 1 1 1 1 1 1 1 1 1 1 1 2 1 1 1 1 1 1 1 1 1 1 1 1 1 1 1 1 1 1 1 1 2 2 3 3 3 2 3 3 2 4 3 3 3 3      65000      25000 
26496	 750000	1 1 1 1 1 1 1 1 0 1 1 1 1 1 1 1 1 1 1 1 1 1 1 1 2 1 1 1 1 1 1 1 1 1 1 1 1 1 1 1 1 1 2 1 1 1 2 2 2 3 1 3 3 3 4 2 3 3 3 3      20000      70000 
28674	 730000	1 1 1 1 1 1 1 1 1 0 1 1 1 1 1 1 1 1 1 1 1 1 1 1 1 1 1 1 1 1 1 1 1 2 1 1 1 1 1 1 1 1 1 2 1 1 2 2 3 1 3 1 3 3 2 5 3 3 3 3      70000      20000 
0	2585000	2 0 1 1 0 1 2 0 1 1 2 0 1 1 1 1 0 1 3 0 1 1 1 2 2 0 0 3 2 1 3 1 2 1 0 2 0 2 1 1 1 1 1 2 1 2 1 1 1 2 2 3 4 0 2 2 1 7 3 2      57500      77500 
396	2310000	1 0 0 2 1 1 1 1 1 1 1 1 1 3 1 0 0 2 2 1 1 1 1 0 1 1 1 0 1 0 2 2 1 3 1 0 1 1 1 1 0 3 0 2 0 2 1 3 1 3 2 1 2 2 2 2 2 3 12 0      81000      45000 
693	2035000	1 1 1 2 1 1 1 2 1 1 1 1 1 1 1 0 1 1 1 1 0 2 1 1 1 2 1 1 1 0 1 1 1 1 1 1 1 0 2 0 1 1 1 1 2 2 1 2 2 1 2 3 4 2 3 5 2 3 4 2      85500      36000 
1287	1184000	1 1 1 1 0 1 1 1 1 1 1 1 2 1 0 1 1 1 1 1 1 1 0 1 1 1 1 1 1 1 1 1 1 2 1 1 0 1 0 1 1 1 0 1 0 1 6 1 3 2 1 4 3 3 2 3 2 3 8 2       9000      90000 
1881	1166000	1 1 1 1 0 1 1 1 1 1 0 1 2 1 1 1 1 1 1 1 1 1 0 1 1 2 1 1 1 1 1 1 0 1 1 1 0 1 1 1 1 1 0 1 0 1 6 1 3 2 1 4 3 3 2 3 2 3 8 2       9000      90000 
1980	1116000	1 1 1 1 0 1 1 1 0 1 1 1 2 1 0 1 1 1 1 1 1 1 0 1 1 1 2 1 1 1 0 1 0 1 1 1 0 1 0 1 1 1 0 1 0 1 7 1 3 2 2 4 3 3 2 3 2 3 8 3       9000      90000 
2673	1114000	1 1 2 1 1 1 1 1 0 1 1 1 2 1 0 1 1 1 1 1 0 1 0 1 1 1 1 1 1 1 0 1 0 1 0 1 0 1 0 1 2 1 0 1 0 1 7 1 3 2 2 4 3 3 2 3 2 3 8 3       9000      90000 
2970	1045000	1 1 1 1 1 1 1 1 0 1 1 1 2 1 0 1 1 1 1 1 0 1 0 1 0 1 2 1 1 1 1 1 0 1 0 1 0 1 0 1 2 1 0 1 0 1 7 1 4 2 2 4 3 3 2 3 2 3 7 3       6750      90000 
3465	 930000	1 1 1 0 1 1 1 1 1 1 1 0 1 1 1 1 1 1 1 2 1 1 1 1 1 2 1 1 1 1 1 1 0 3 1 1 1 1 1 1 1 1 1 1 1 1 2 1 3 2 4 4 3 2 2 3 3 2 3 3      66000      27000 
4257	 856000	1 1 0 1 1 1 2 1 1 1 0 1 1 1 2 1 1 1 2 1 1 1 1 1 1 1 1 1 1 1 1 1 3 0 1 1 1 1 1 1 1 1 1 1 1 1 1 2 2 3 3 4 1 3 3 2 3 3 3 3      27000      63000 
7326	 814000	1 1 1 1 1 1 1 1 1 1 1 1 1 1 1 1 1 1 1 1 1 1 1 1 1 1 1 2 1 1 1 1 1 1 1 2 1 1 1 1 1 1 1 1 1 1 2 1 3 2 3 3 3 2 2 4 3 3 3 2      72000      18000 
8118	 810000	1 1 1 1 1 1 1 1 0 1 1 1 1 1 1 1 1 1 1 1 1 1 1 1 1 1 1 1 1 1 1 1 1 1 1 1 1 1 1 1 1 1 1 1 1 1 2 2 3 3 3 3 3 3 3 2 3 3 3 3      27000      63000 
8910	 770000	1 1 1 1 1 1 1 1 1 1 1 1 1 1 1 1 1 1 1 1 1 1 1 1 1 1 1 1 1 1 1 1 1 1 1 1 2 1 1 1 1 1 1 1 1 1 2 2 2 3 2 3 3 3 3 2 3 3 3 3      40000      50000 
10296	 750000	1 1 1 1 1 1 1 1 1 1 1 1 1 1 1 1 1 1 1 1 1 1 1 1 1 1 1 1 1 1 1 1 1 1 1 1 1 2 1 1 1 1 1 1 1 1 2 2 3 2 3 2 3 2 2 4 3 3 3 3      65000      25000 
10494	 730000	1 1 1 1 1 1 1 1 1 1 1 1 1 1 1 1 1 1 1 1 1 1 1 1 1 1 1 1 1 1 1 1 1 1 1 1 1 1 1 2 1 1 1 1 1 1 2 2 3 2 3 2 3 2 2 4 3 3 3 3      65000      25000 
28368	 716668	1 1 1 1 1 1 1 1 1 1 1 1 1 1 1 1 1 1 1 1 1 1 1 1 1 1 1 1 1 1 1 1 1 1 1 1 1 1 1 2 1 1 1 1 1 1 2 1 3 2 3 2 3 2 3 3 2 5 3 3      56667      33333 
28566	 696668	1 1 1 1 1 1 1 1 1 1 1 1 1 1 1 1 1 1 1 1 1 1 1 1 1 1 1 1 1 1 1 1 1 1 1 1 1 1 1 2 1 1 1 2 1 1 2 1 3 2 3 2 3 2 3 2 2 5 3 3      56667      33333 
0	2578000	0 2 1 0 1 0 0 1 1 0 0 1 0 1 1 2 0 4 1 0 2 0 2 0 0 2 0 4 3 0 1 4 1 1 0 2 1 1 2 0 1 2 1 1 3 0 1 3 1 4 3 1 0 5 4 0 4 1 7 0      72000      63000 
693	1780400	1 0 1 0 1 1 1 1 0 3 1 0 1 0 1 2 1 0 1 0 2 0 2 0 1 1 1 1 1 2 1 1 1 2 1 0 1 0 1 1 3 0 2 3 1 1 1 4 2 4 3 2 2 4 2 4 1 5 4 0      81000      34200 
1188	1681000	1 0 1 0 1 2 1 1 0 3 2 0 1 0 0 2 2 0 1 0 1 0 1 0 1 0 1 1 1 2 1 1 1 2 1 0 1 0 1 1 2 0 1 4 1 1 1 3 2 4 2 2 2 4 1 4 5 5 5 0      81000      31500 
1485	1675000	1 0 1 0 1 2 1 1 0 3 2 0 1 0 0 2 2 0 1 0 1 0 1 0 1 0 1 1 1 2 1 1 1 2 1 0 1 1 1 1 2 0 1 4 1 1 1 2 2 4 2 2 2 4 1 4 5 5 5 0      81000      31500 
1584	1313000	0 1 0 1 2 1 1 1 3 0 0 2 0 1 2 1 1 1 0 1 0 2 0 1 0 1 0 1 2 1 1 1 1 1 0 1 0 1 1 1 0 3 4 1 1 1 4 1 4 2 2 2 4 2 4 3 5 2 0 4      22500      81000 
1980	1298000	1 0 1 0 1 2 1 2 0 3 2 0 1 0 2 2 1 0 1 0 2 0 1 0 1 0 1 1 1 2 1 1 1 2 1 0 1 0 1 1 2 0 1 3 1 1 1 3 2 4 2 2 2 4 3 4 2 5 4 0      81000      22500 
2376	1293000	0 1 0 1 2 1 2 1 4 0 0 2 0 1 2 1 0 1 0 1 0 2 0 1 0 1 1 1 2 1 1 1 1 1 0 1 0 1 2 1 0 3 3 1 1 1 3 1 4 2 2 2 4 2 3 3 5 2 0 4      22500      81000 
2970	1275000	0 1 0 1 2 1 2 1 4 0 0 2 0 1 2 1 0 1 0 1 0 2 0 1 0 1 1 1 2 1 1 1 1 1 0 2 0 1 2 1 0 2 3 1 1 1 3 1 4 2 2 2 4 2 3 3 5 2 0 4      22500      81000 
3366	1248000	0 1 0 1 2 1 2 1 5 0 0 1 0 1 2 1 0 1 0 2 0 1 0 1 0 1 1 1 2 1 1 1 1 1 0 2 0 2 2 1 0 2 2 1 1 1 3 1 4 2 2 2 4 2 3 3 5 2 0 4      24333      79167 
3465	1142000	0 1 0 1 1 1 2 1 4 0 0 2 0 1 1 1 0 1 0 1 0 2 0 1 0 1 1 1 2 1 1 1 1 1 0 2 0 1 2 1 0 2 3 1 1 1 3 1 4 2 3 2 5 2 3 3 5 2 0 4      18000      81000 
3960	 966800	1 0 1 0 1 1 1 2 0 4 2 0 1 0 1 1 1 0 1 0 2 0 1 0 1 0 1 1 1 2 1 1 1 1 2 0 1 1 1 2 2 0 1 2 1 1 1 3 2 4 2 3 2 5 3 3 2 5 4 0      72000      21600 
6633	 954000	1 0 1 0 1 1 1 2 0 4 2 0 1 0 1 1 1 0 1 0 2 0 1 0 1 0 1 1 1 2 1 1 1 1 2 0 1 1 1 2 2 0 1 2 1 2 1 3 2 4 2 3 2 5 3 2 2 5 4 0      72000      21600 
9504	 927600	1 0 1 0 1 1 1 2 0 4 2 0 1 1 1 1 1 0 1 0 2 0 1 0 1 0 1 1 1 2 1 1 1 1 2 0 1 1 1 2 2 0 1 2 1 2 1 4 2 4 2 3 2 4 3 1 2 5 4 0      72000      21600 
11286	 878000	1 0 1 0 1 1 1 1 0 4 1 0 1 1 1 1 1 0 1 0 2 0 1 0 1 0 1 1 2 2 1 1 1 1 2 0 1 1 1 2 2 0 1 2 1 2 1 4 2 4 2 3 2 4 3 1 2 6 4 0      72000      21000 
14157	 862000	1 0 1 0 1 1 1 1 0 4 1 0 1 0 1 1 1 0 1 1 2 0 1 0 1 0 1 1 2 1 1 1 1 1 2 0 1 1 1 2 2 0 1 2 1 2 1 5 2 4 2 3 2 4 3 1 2 6 4 0      72000      21000 
28476	 790000	1 1 1 1 1 1 0 1 1 1 1 1 1 1 1 1 1 1 1 1 2 1 1 1 2 1 1 1 1 1 1 1 1 1 1 1 1 1 1 1 2 1 1 1 1 1 2 2 2 3 3 2 2 3 2 3 3 3 3 3      27000      63000 
29763	 750000	1 1 1 1 1 1 1 1 1 1 2 1 1 1 1 1 1 1 1 1 1 1 1 1 1 1 1 1 1 1 1 1 1 1 1 1 1 1 1 1 1 1 1 1 2 1 1 2 2 3 2 3 3 2 2 3 3 3 4 3      40000      50000 
0	3310000	0 2 0 1 1 1 1 0 1 0 1 0 1 0 0 1 1 0 1 1 2 0 1 0 1 1 0 3 2 0 2 0 0 2 2 0 0 2 1 0 1 3 1 3 2 1 0 3 3 1 3 2 2 3 4 2 1 7 7 3      90000      63000 
99	1822000	1 1 1 1 0 1 4 0 0 1 0 2 1 1 1 1 1 2 1 1 1 1 0 1 0 1 0 1 2 1 0 2 0 1 3 1 0 1 2 2 0 1 0 1 0 1 2 1 5 1 1 4 8 3 2 2 3 2 3 3      24000      90000 
891	1802000	1 1 1 1 0 1 4 0 0 1 1 1 1 1 1 1 1 2 1 1 1 2 0 1 0 1 0 1 2 1 0 2 0 1 2 1 1 1 2 2 0 1 0 1 1 1 2 1 5 1 0 4 7 3 2 2 3 2 3 3      24000      90000 
1287	1782000	1 1 1 1 1 1 4 1 0 1 1 1 1 1 0 1 1 2 1 1 0 2 0 1 0 1 0 1 2 1 0 2 0 1 2 1 1 1 2 1 0 1 1 1 1 1 2 1 5 1 0 4 7 3 2 2 3 2 3 3      24000      90000 
1485	1698000	0 1 2 1 1 1 0 1 0 1 1 1 1 1 1 1 1 2 1 1 1 2 3 1 2 1 2 1 0 1 0 2 1 1 1 1 1 1 1 1 1 1 1 1 1 1 2 1 4 1 2 4 1 3 3 2 3 2 4 3      31500      81000 
2079	1635000	1 1 1 1 0 1 1 1 1 1 1 1 1 1 1 1 2 1 0 1 2 1 1 2 1 1 1 1 2 1 0 1 1 1 1 2 1 1 1 1 0 1 1 1 3 1 2 1 4 2 3 2 3 2 2 2 1 4 3 4      22500      90000 
2376	1357000	1 1 1 1 1 1 1 1 1 1 1 3 1 1 1 1 1 1 1 2 1 1 2 1 1 0 1 1 1 0 1 1 1 1 2 1 1 1 1 1 1 1 1 1 1 3 1 3 2 2 2 2 2 3 2 2 4 1 4 3      81000      22500 
2673	1302000	1 1 1 0 1 0 1 1 1 1 1 1 1 0 1 2 1 1 1 1 1 1 2 1 1 1 1 0 1 1 1 0 1 1 2 1 1 0 1 3 1 1 1 2 1 3 1 3 2 4 2 3 2 3 2 2 4 1 4 3      81000      22500 
3069	1285000	1 1 1 0 1 0 1 1 1 1 1 1 1 0 1 2 1 1 1 1 1 1 2 1 1 1 1 0 1 1 1 0 1 1 2 1 1 0 1 3 1 1 1 2 1 3 1 4 2 4 2 3 2 3 2 2 4 1 4 2      88000      15500 
3564	1270000	1 1 1 0 1 0 2 1 1 0 1 1 1 0 1 2 1 1 2 2 1 1 1 1 1 1 1 0 1 1 1 0 1 1 2 1 1 0 1 3 1 1 1 2 1 2 1 4 2 4 2 4 2 3 2 2 4 1 3 2      88000      15500 
3762	1152000	1 1 1 0 1 0 1 1 1 0 1 1 1 0 1 2 1 1 1 2 1 1 2 1 1 1 1 0 1 1 1 0 1 1 1 1 1 0 1 3 1 1 1 2 3 2 1 3 2 4 2 4 2 3 2 3 4 1 3 2      81000      18000 
5940	1134000	1 1 1 0 2 0 1 1 1 0 1 1 1 0 1 2 1 1 1 2 1 1 1 1 1 1 1 0 1 1 1 1 1 1 1 1 1 0 1 2 1 1 1 2 3 2 1 3 2 4 2 4 2 3 2 3 4 1 3 2      81000      18000 
6633	1112000	1 1 0 1 0 1 1 1 0 1 2 1 1 1 2 2 1 1 3 1 0 1 2 1 0 1 0 1 1 1 0 1 1 1 1 1 0 1 2 1 1 2 1 1 2 1 3 2 4 2 4 2 3 2 3 2 1 3 2 4      15000      81000 
6831	1082000	1 1 1 0 1 0 1 1 1 0 1 2 1 0 2 2 1 1 1 3 1 0 1 2 1 0 1 0 1 1 1 0 1 1 1 1 1 0 1 2 2 1 1 2 1 1 2 3 2 4 2 4 2 4 2 3 3 1 4 2      81000      15000 
6930	1070000	1 1 1 0 1 0 1 0 1 0 1 1 1 1 2 0 1 1 1 3 1 0 1 1 1 0 1 0 1 1 1 0 1 1 1 1 1 1 1 3 2 1 1 2 1 3 2 3 2 5 2 4 2 3 2 3 3 1 4 2      81000      15000 
7524	1058000	1 1 1 0 1 0 1 0 1 0 1 1 1 1 2 1 1 1 1 2 1 0 1 1 1 0 1 0 1 2 1 0 1 1 1 1 1 0 1 3 2 1 1 2 1 3 2 3 2 5 2 4 2 4 2 3 3 1 4 1      81000      15000 
7821	1050000	1 1 1 0 1 0 1 0 1 0 1 1 1 1 1 1 1 1 1 2 1 0 1 1 1 0 1 0 1 2 1 0 1 1 1 1 1 0 1 3 1 1 1 2 1 3 2 3 2 5 3 4 2 4 2 3 3 1 5 1      81000      15000 
8811	1048000	1 1 0 1 0 1 0 1 0 2 1 1 1 1 1 1 1 1 3 1 0 1 1 1 0 1 0 2 1 1 0 1 1 1 1 1 0 1 3 1 1 1 2 1 3 1 3 2 5 2 4 2 4 2 3 2 1 3 1 4      15000      81000 
10494	 997000	1 1 1 0 1 0 1 0 1 2 1 1 1 1 2 1 1 1 1 1 1 0 1 1 1 0 1 0 1 1 1 0 1 1 1 1 1 0 1 3 2 1 1 2 1 3 2 3 2 5 2 4 2 4 3 3 3 1 3 1      81000      11250 
12078	 966500	1 1 1 0 1 0 2 0 1 1 1 1 1 1 1 2 1 0 1 2 1 0 1 1 1 0 1 0 1 1 1 0 1 1 1 1 1 0 1 3 1 1 1 2 1 3 2 3 2 5 2 4 3 4 3 3 3 1 3 1      81000      11250 
12573	 951000	1 1 1 0 1 0 2 0 1 1 1 1 1 1 1 2 1 0 1 2 1 0 1 0 1 0 1 0 1 1 1 0 1 1 1 1 1 0 1 3 1 2 1 2 1 3 2 3 2 5 2 4 3 4 3 3 3 1 3 1      81000      11250 
12870	 910000	1 1 0 1 0 1 0 2 1 1 1 1 1 1 2 1 0 1 2 1 0 1 0 1 0 1 0 1 0 1 0 1 1 1 1 1 0 1 3 1 2 1 2 1 3 1 3 2 5 2 5 2 4 3 3 3 1 3 1 3       9000      81000 
12969	 892000	1 1 0 1 0 1 0 2 0 1 1 1 1 1 2 1 0 1 2 1 0 1 0 1 0 1 1 1 0 1 0 1 1 1 1 1 0 1 3 1 2 1 2 1 3 1 3 2 5 2 5 2 4 3 3 3 1 3 1 3       9000      81000 
13563	 890000	1 1 0 1 0 1 0 2 0 1 1 1 1 1 2 1 0 1 2 1 0 1 0 1 0 1 1 1 0 1 0 1 1 1 1 1 0 1 3 1 2 1 3 1 3 1 3 2 5 2 5 2 4 3 2 3 1 3 1 3       9000      81000 
14454	 854000	1 1 1 0 1 0 2 0 1 0 1 1 1 1 1 1 1 0 1 2 1 0 1 0 1 0 1 1 1 0 1 1 1 1 1 0 1 0 1 3 1 2 1 3 1 3 2 3 2 5 2 5 3 4 3 1 3 2 3 2      81000       9000 
15444	 790000	1 1 1 0 1 0 1 0 1 0 1 2 1 1 1 1 1 0 1 2 1 0 1 0 1 0 1 1 1 0 1 1 1 1 1 0 1 0 1 3 1 2 1 3 1 3 2 1 3 5 2 5 3 4 3 1 3 2 3 3      81000       9000 
16929	 770000	1 1 1 1 1 1 1 2 1 1 1 1 1 1 1 1 1 1 1 1 1 1 1 1 1 1 1 1 1 1 1 1 1 1 1 1 1 1 2 1 1 1 1 2 1 1 2 1 3 2 2 3 2 3 3 2 3 3 3 3      50000      40000 
21375	 750000	1 1 1 1 1 1 2 1 1 1 1 1 1 1 1 1 1 1 1 1 1 1 1 1 1 1 1 1 1 1 1 1 1 1 1 1 1 1 0 2 1 1 2 1 1 1 1 2 2 3 3 2 4 2 2 3 3 3 3 3      40000      50000 
27702	 730000	1 1 1 1 1 1 1 1 1 1 1 1 1 1 1 1 1 1 1 1 1 1 1 1 1 1 1 1 1 1 1 1 1 1 1 1 1 1 0 2 1 1 2 1 1 1 1 2 2 3 3 2 4 2 2 3 4 3 3 3      40000      50000 
0	2596000	1 0 2 0 0 1 1 0 1 0 1 0 1 1 0 2 0 2 1 1 0 3 1 0 1 1 0 2 1 1 1 1 1 4 1 1 1 1 1 2 0 2 0 4 0 2 2 1 3 3 3 1 2 1 4 0 4 4 8 1      72000      63000 
396	2508000	0 1 1 1 2 1 1 3 1 2 1 1 1 0 2 1 2 1 3 1 1 0 1 1 1 1 2 1 1 1 1 1 1 1 2 1 1 1 1 1 2 2 1 1 0 3 2 2 4 1 2 1 2 1 2 1 1 4 0 5      76500      54000 
594	2342000	1 1 0 1 1 2 1 2 1 1 1 2 2 0 1 1 0 1 2 0 1 1 2 0 0 1 1 1 0 1 2 2 2 1 1 1 1 3 0 2 0 1 1 2 1 1 2 1 3 1 2 2 7 1 1 3 1 4 4 2      39000      90000 
792	2170000	1 1 1 1 1 0 1 1 1 1 0 1 1 1 1 1 1 1 1 1 1 1 1 1 1 1 1 1 1 1 1 3 1 2 1 1 1 1 1 1 1 1 1 1 1 1 2 1 2 3 4 1 1 5 3 1 3 2 5 4      63000      63000 
990	2024000	1 2 1 1 0 2 1 1 1 1 1 1 1 1 1 1 0 3 1 1 1 0 1 1 1 1 1 1 1 0 1 1 1 1 1 1 1 0 1 1 1 1 1 1 1 0 1 2 2 1 2 2 3 4 3 3 4 3 6 4      90000      31500 
1188	1924500	1 1 1 1 2 1 2 1 1 1 0 1 1 1 0 1 3 2 1 1 1 1 1 1 1 1 0 1 1 1 1 1 2 1 0 1 2 1 1 1 1 1 1 1 0 1 1 2 2 2 2 3 4 1 2 3 3 3 4 4      29250      90000 
1287	1788000	1 0 1 1 2 1 1 1 1 1 1 2 1 1 1 1 1 1 1 1 1 1 1 1 1 0 1 2 1 0 1 1 1 2 1 0 1 2 1 0 1 1 1 1 1 1 2 1 1 5 2 3 4 7 2 1 3 1 4 2      92000      23000 
1386	1228584	1 1 1 0 1 1 1 2 1 1 1 1 1 1 1 1 2 0 1 1 1 0 1 1 1 1 1 1 1 1 1 2 1 2 1 1 1 1 1 1 1 1 1 1 1 4 2 1 2 3 3 1 1 5 3 1 3 1 4 4      75214      26358 
2178	1096000	1 1 1 0 1 0 0 3 1 1 1 1 1 0 1 1 2 1 1 1 1 0 1 1 1 1 1 1 1 1 1 1 2 1 1 2 1 2 1 1 1 1 1 1 1 3 2 2 2 4 3 2 1 5 3 1 3 2 4 1      72000      27000 
2277	 985000	1 1 1 0 1 0 0 3 1 1 1 1 1 0 1 1 2 1 1 1 1 0 1 1 1 1 1 1 1 1 1 1 2 1 1 2 1 2 1 1 1 1 1 1 1 3 2 2 2 4 3 2 1 6 3 0 3 2 4 1      72000      22500 
5832	 936000	1 1 1 0 1 0 1 1 1 0 1 1 1 0 1 1 2 2 1 0 1 1 1 1 1 1 1 1 1 1 1 1 1 1 1 2 1 4 1 1 1 1 1 1 1 3 2 1 2 4 2 3 2 6 3 0 3 2 4 1      72000      21000 
6525	 912008	2 1 0 1 0 1 2 1 0 1 0 1 0 1 1 1 0 1 1 1 1 1 1 1 1 1 3 1 1 1 1 1 1 1 2 1 3 1 1 1 1 1 1 1 3 2 1 2 4 2 3 2 6 2 0 3 2 3 0 4      22332      70002 
8109	 804000	1 2 1 1 1 0 1 2 1 0 1 0 1 0 1 1 1 0 1 1 1 1 1 1 1 1 1 3 1 1 1 1 1 1 1 2 1 3 1 1 1 1 1 1 1 1 2 1 3 4 2 4 2 6 3 0 3 2 4 0      76500      13500 
12465	 802000	1 1 1 1 1 1 1 0 1 1 1 1 1 1 1 1 1 1 1 1 1 1 1 0 1 1 1 1 1 1 1 1 1 1 1 1 1 1 1 1 1 1 1 1 1 1 2 2 3 2 2 4 2 4 3 3 3 3 4 3      72000      18000 
13851	 782000	1 1 1 1 1 1 0 1 1 1 1 1 1 1 1 1 0 1 1 1 1 1 0 1 1 1 1 1 1 1 1 1 1 1 1 1 1 1 1 1 1 1 1 1 2 1 2 2 2 3 4 2 4 2 3 3 3 3 3 4      18000      72000 
16227	 770000	2 1 0 1 1 1 0 1 1 1 1 1 1 1 1 1 1 1 1 1 1 1 0 2 1 1 1 1 1 1 1 1 1 1 1 1 1 1 1 1 1 1 1 1 2 1 1 2 2 3 4 2 4 2 3 2 3 3 3 4      27000      63000 
17514	 740000	2 1 0 1 1 1 0 1 1 1 1 1 1 1 1 1 1 1 1 1 1 1 0 2 1 1 1 1 1 1 1 1 1 1 1 1 1 1 1 1 1 1 1 1 2 1 1 2 2 3 4 2 4 2 3 3 3 3 3 3      25000      65000 
17811	 730000	2 1 0 1 0 1 0 1 1 1 1 1 1 1 1 1 1 1 1 1 1 1 0 2 1 1 1 1 1 1 1 1 1 1 1 1 1 1 1 1 1 1 2 1 2 1 1 2 2 3 4 2 4 2 3 3 3 3 3 3      25000      65000 
26712	 720000	1 2 1 0 1 0 1 0 1 0 1 1 1 1 1 1 1 1 1 1 1 1 2 0 1 1 1 1 1 1 1 1 1 1 1 1 1 1 1 1 1 2 1 2 1 2 2 1 3 2 2 4 2 4 3 3 3 3 3 3      65000      25000 
27009	 704000	2 1 0 1 0 1 0 1 0 1 1 1 1 1 0 1 1 1 1 1 1 1 0 1 1 1 1 1 1 1 1 1 1 1 1 1 1 1 2 1 2 1 2 1 2 1 1 2 2 3 4 2 4 2 3 3 3 3 3 4      15750      72000 
27801	 699000	2 1 0 1 0 1 0 1 0 1 1 1 1 1 0 1 1 1 1 1 1 1 0 2 1 1 1 1 1 1 1 1 1 1 1 1 1 1 2 1 2 1 2 1 2 1 1 2 2 3 4 2 4 2 3 3 3 3 3 3      19000      65500 
0	2930000	1 0 1 0 2 0 1 1 0 1 0 1 1 1 0 1 1 0 2 0 1 1 1 1 2 1 1 1 0 1 0 5 2 1 1 1 2 1 1 1 1 2 1 1 2 0 0 4 2 3 1 5 1 4 4 1 2 3 8 0      63000      81000 
198	2550000	0 1 1 1 1 1 0 1 0 1 0 1 1 1 0 1 1 1 2 1 1 1 0 1 1 1 1 1 1 3 1 1 0 1 3 1 0 1 1 1 1 1 0 1 3 1 1 1 1 3 4 1 3 3 2 3 6 1 6 5      35000     100000 
297	2066800	0 1 0 1 1 1 1 1 1 1 0 1 1 1 1 1 1 1 0 1 1 1 2 1 0 1 1 1 1 3 0 1 1 1 1 1 0 1 0 1 1 1 1 1 1 1 2 1 2 3 6 1 2 3 2 3 5 1 7 5      32400      90000 
594	1924500	0 1 1 1 1 1 1 1 5 0 1 1 2 1 1 1 1 1 1 1 0 1 2 1 1 1 1 1 1 2 1 1 3 1 0 1 1 1 0 1 1 1 1 1 1 1 3 1 2 3 4 1 3 2 2 3 1 4 0 5      29250      90000 
693	1542000	1 0 1 0 1 1 1 1 1 1 1 0 1 1 1 1 1 1 1 0 1 1 1 2 1 0 1 1 1 1 1 0 1 1 2 1 1 0 1 0 1 1 1 1 1 1 2 2 3 2 1 6 2 2 3 2 2 5 5 7      90000      19500 
1089	1243000	1 1 1 1 1 1 1 1 1 1 1 1 1 1 1 1 1 1 1 1 1 1 1 2 1 1 1 1 1 1 1 1 1 1 2 0 1 1 1 1 1 1 1 1 1 1 2 1 3 1 1 7 2 2 3 1 2 4 5 3      63250      40250 
2277	1119544	1 1 1 1 1 1 1 2 1 2 1 1 1 1 1 1 1 1 1 1 1 1 1 1 1 1 1 1 1 1 1 1 1 1 2 1 1 1 1 1 1 1 1 1 1 1 2 1 3 3 1 3 2 3 3 3 2 3 5 1      38772      58152 
2772	 990000	1 1 1 1 1 1 1 1 1 0 1 1 1 1 1 1 1 1 1 1 1 1 1 2 1 1 1 1 1 1 1 1 1 1 2 0 1 1 1 1 1 1 1 1 1 1 2 1 3 1 1 7 2 3 3 1 2 4 5 3      63000      31500 
3366	 972400	1 1 1 1 1 1 0 1 0 1 1 1 2 1 1 1 1 1 0 1 1 1 2 1 1 1 1 1 2 2 1 1 1 1 0 2 1 1 1 1 1 1 1 1 1 1 0 2 1 3 7 1 3 2 1 3 5 2 3 4      21600      72000 
5544	 959600	1 1 1 0 1 0 1 1 1 0 1 0 1 2 1 1 1 1 1 0 1 1 1 3 1 1 1 1 2 2 1 1 1 1 2 0 1 1 1 1 1 1 1 2 1 1 2 0 3 1 1 7 2 3 3 1 2 5 4 3      72000      21600 
7029	 867000	1 1 1 1 1 1 1 1 1 1 1 1 1 1 1 1 1 1 1 1 1 1 1 1 1 1 1 1 2 1 1 1 1 1 2 1 1 1 1 1 1 1 1 1 1 1 2 2 3 2 1 3 3 2 3 2 1 5 4 3      31500      58500 
7920	 836000	1 0 1 1 1 1 1 1 1 2 1 0 1 1 1 1 1 1 1 1 1 1 1 1 1 2 1 2 1 1 1 1 1 1 1 1 1 1 1 1 2 1 1 1 1 1 2 2 3 2 2 3 2 3 3 2 3 3 3 3      63000      27000 
9900	 830000	1 0 1 1 1 1 1 1 1 1 1 1 1 1 1 2 1 1 1 1 1 1 1 1 1 2 1 1 1 1 1 1 1 1 1 1 1 1 1 1 2 1 1 2 1 1 2 2 3 2 2 3 2 3 3 1 3 3 3 3      63000      27000 
12969	 813000	0 1 1 1 1 1 1 1 1 1 2 0 1 1 1 1 1 1 1 1 1 1 1 1 2 1 1 1 1 1 1 1 1 1 1 1 1 1 1 1 1 2 3 1 1 1 1 2 2 3 3 3 3 2 1 3 3 3 3 3      31500      58500 
16038	 804000	0 1 1 1 1 1 1 1 1 1 2 1 1 1 1 1 1 1 1 1 1 1 1 1 2 1 1 1 1 1 1 1 1 1 1 1 1 1 1 1 1 1 3 1 1 1 1 2 2 3 3 2 3 3 1 3 3 3 3 3      27000      63000 
21771	 756000	2 0 1 1 1 1 0 1 1 1 1 1 1 1 1 1 1 1 2 1 1 1 1 1 1 1 1 1 1 1 1 1 1 1 1 1 1 1 1 1 1 1 2 1 1 1 2 2 2 3 2 3 3 3 2 3 3 3 3 3      27000      63000 
22662	 730000	2 0 1 1 1 1 1 1 1 1 1 1 1 1 1 1 1 1 2 1 1 1 1 1 1 1 1 1 1 1 1 1 1 1 1 1 1 1 1 1 1 1 2 1 1 1 1 2 2 3 2 3 3 3 2 3 3 3 3 3      30000      60000 
27513	 716000	2 0 1 1 1 1 1 1 1 1 1 1 1 1 1 1 0 1 2 1 1 1 1 1 1 1 1 1 1 1 1 1 1 1 1 1 1 1 1 1 2 1 2 1 1 1 1 2 2 3 2 3 2 3 2 3 3 3 4 3      27000      63000 
0	2256000	1 1 0 2 2 0 1 0 0 3 2 0 1 0 1 0 0 2 1 1 0 2 2 1 0 2 2 0 2 0 1 0 2 0 1 3 1 1 3 0 0 2 1 1 0 2 1 4 3 2 5 0 2 1 0 5 2 5 5 2      81000      45000 
990	2240000	0 1 1 1 0 1 0 1 0 1 3 1 1 1 1 1 1 1 1 1 1 1 2 1 1 1 1 1 1 1 2 1 1 1 1 1 1 1 2 1 1 1 1 2 1 1 3 0 2 2 3 1 3 3 2 6 2 5 3 1      63000      63000 
1584	2226000	2 0 1 1 1 0 1 1 1 1 2 3 1 1 0 1 1 1 1 1 1 1 1 2 1 1 1 1 1 1 0 2 1 1 1 1 1 1 1 1 1 1 1 1 2 1 1 3 3 2 1 3 1 3 3 1 2 2 7 3      63000      63000 
2178	2198000	1 0 1 0 0 1 1 0 1 2 3 1 1 0 1 0 1 1 1 1 1 1 1 1 1 3 1 1 1 1 1 1 1 1 1 1 1 1 2 1 1 1 1 1 1 1 2 1 2 2 4 4 2 2 3 2 2 3 2 7      63000      63000 
2277	2061000	1 1 1 1 1 2 1 0 0 2 2 1 1 1 1 2 1 2 2 1 1 2 1 1 1 2 1 0 1 1 2 2 1 0 0 3 1 1 1 0 1 1 1 1 1 1 3 3 2 1 4 0 2 1 2 3 2 5 3 1      90000      31500 
2475	1618000	1 0 1 1 1 0 1 1 1 1 3 0 1 0 1 0 1 1 1 1 1 1 1 0 1 1 1 1 1 2 1 0 1 1 1 1 1 1 2 1 1 3 1 2 1 1 2 3 2 2 3 4 2 2 3 1 2 3 2 7      81000      30000 
2574	1374000	1 1 1 1 1 1 1 1 1 1 1 2 1 1 0 2 1 1 1 1 1 1 3 0 2 0 1 1 1 2 2 1 1 1 1 1 1 1 2 1 1 1 1 2 1 1 2 1 1 3 3 3 1 4 2 2 3 2 3 2      46500      57000 
4455	1289668	1 1 0 1 1 1 1 1 1 1 2 1 1 1 1 2 1 1 1 1 1 1 1 2 1 2 1 1 2 1 1 1 1 1 1 1 1 1 1 2 1 1 2 1 1 1 1 2 4 1 2 3 4 1 2 2 2 3 2 3      42167      61333 
8208	1289000	1 1 1 1 1 1 1 1 1 1 1 2 1 1 1 1 1 0 1 1 1 1 1 1 1 1 1 1 1 2 1 1 1 1 1 1 1 1 1 1 1 1 1 2 1 1 5 1 2 4 2 2 2 4 2 2 3 2 3 2      73000      30500 
8406	1262000	1 1 1 1 1 1 1 1 1 1 1 2 1 0 1 0 1 1 1 0 1 1 1 0 1 1 1 1 1 4 1 2 1 1 1 1 1 0 1 1 1 1 1 1 1 1 5 2 2 4 2 2 2 4 2 3 3 2 3 2      81000      22500 
8604	1114000	1 1 1 1 1 1 1 1 1 1 1 2 1 0 1 0 1 1 1 0 1 1 1 0 1 1 1 1 1 4 1 2 1 1 1 1 1 0 1 1 1 1 1 1 1 1 5 2 2 4 2 3 2 4 2 3 3 2 3 1      81000      17000 
9594	1106000	0 1 1 1 1 1 1 1 1 1 2 1 0 1 0 1 0 1 0 1 1 1 0 1 1 1 1 1 4 1 2 1 1 1 2 1 0 1 1 1 2 1 1 1 1 1 2 5 4 2 3 2 3 2 4 2 2 3 1 3      15000      81000 
9792	1098000	0 1 1 1 2 1 1 1 1 1 1 1 0 1 0 1 0 1 0 1 1 1 0 1 1 1 1 1 4 1 2 1 1 1 2 1 0 1 1 2 2 1 1 1 1 1 2 4 4 2 3 2 3 2 4 2 2 3 1 3      15000      81000 
11376	1082000	1 0 1 1 1 1 1 2 1 0 1 1 1 0 1 1 1 1 1 0 1 0 1 0 1 1 1 1 1 3 1 2 1 2 1 3 1 0 2 1 1 2 1 1 1 1 3 1 3 4 2 3 2 3 2 4 3 2 3 1      81000      15000 
12168	1060000	0 1 2 1 3 1 0 1 2 1 1 1 0 1 1 1 0 1 0 1 0 1 0 1 1 1 1 1 4 1 2 1 1 1 2 1 0 1 1 1 2 1 1 1 1 1 1 4 2 3 3 2 3 2 4 2 2 3 2 3      15000      81000 
12465	1052000	1 0 1 2 1 3 1 0 1 2 1 1 1 0 1 1 1 0 1 0 1 0 1 0 1 1 1 1 1 4 1 2 1 1 1 2 1 0 1 1 1 2 1 2 1 1 4 1 3 1 2 3 2 3 2 4 3 2 3 2      81000      15000 
13257	1030000	0 1 2 1 3 1 0 1 2 1 2 1 0 1 1 1 0 1 0 1 0 1 0 1 1 1 1 1 2 1 2 1 1 1 3 1 0 1 1 1 1 1 2 1 1 1 1 4 1 3 4 2 3 2 4 2 2 3 2 3      15000      81000 
14148	1014000	0 1 1 1 3 1 0 1 2 1 2 1 0 1 1 1 0 1 0 1 0 1 0 1 1 1 1 1 2 1 2 1 1 1 3 1 0 1 1 1 1 1 2 1 1 1 1 4 1 3 5 2 3 2 4 2 2 3 2 3      15000      81000 
15732	 984000	1 1 1 0 1 3 1 0 1 1 1 2 1 0 1 1 1 0 1 0 1 0 1 0 1 1 1 1 1 2 2 2 1 1 1 3 1 1 1 1 1 1 1 2 1 1 3 1 3 1 2 5 2 3 2 4 3 2 3 2      72000      21000 
16128	 970000	1 1 1 1 1 1 1 1 2 1 1 1 1 1 1 1 1 1 2 1 1 1 0 2 1 1 1 2 1 1 1 1 1 1 2 1 1 1 2 1 1 1 2 1 1 1 0 2 1 3 3 2 3 2 3 2 3 3 2 3      23000      69000 
16326	 968000	1 1 0 1 3 1 0 1 1 1 2 1 0 1 1 1 0 1 0 1 0 1 0 2 1 1 1 2 1 1 2 1 1 1 3 1 1 1 1 1 1 1 2 1 1 1 2 2 1 3 5 2 3 2 4 2 2 3 2 3      21000      72000 
17514	 944400	1 1 1 1 2 1 1 1 2 1 1 1 1 1 1 1 1 1 1 1 1 1 0 2 2 1 1 1 1 1 1 1 1 1 1 1 1 1 1 1 1 1 2 1 2 1 0 3 1 3 3 2 3 2 3 2 3 3 2 3      23400      68400 
17613	 890000	1 1 1 0 2 3 1 0 1 0 1 2 1 0 1 1 1 0 1 0 1 0 2 1 1 1 1 1 1 1 1 1 1 1 1 3 1 1 1 1 1 1 1 2 1 1 2 2 3 1 2 5 2 4 2 4 3 2 3 2      73333      16667 
18702	 856668	1 1 1 1 2 2 0 1 0 1 1 1 0 1 1 1 0 1 0 1 0 1 0 2 1 1 1 1 1 1 2 1 1 1 2 1 1 1 1 1 1 1 2 1 1 1 2 2 2 3 5 2 5 2 4 2 2 3 2 3      16667      73333 
19791	 850002	2 1 1 1 2 2 1 0 1 0 1 1 1 0 1 1 1 0 1 0 1 0 1 0 1 1 1 1 1 1 1 2 1 1 1 1 1 1 1 1 1 2 1 2 1 1 2 2 3 2 2 5 2 5 2 4 3 2 3 2      73333      16667 
20385	 836668	1 1 1 1 1 2 0 1 0 1 1 1 0 1 1 1 0 1 0 1 0 1 0 2 1 1 1 1 1 1 2 1 1 1 1 1 2 1 1 1 2 1 2 1 1 1 2 2 2 3 5 2 5 2 4 2 2 3 2 3      16667      73333 
21771	 803336	1 1 1 1 1 1 0 1 0 1 1 1 0 1 1 1 0 1 0 1 0 1 0 2 1 1 1 1 1 1 1 1 1 1 1 1 2 1 1 1 2 1 2 1 1 1 2 2 2 4 5 2 5 2 5 2 2 3 2 3      16667      73333 
22761	 796670	1 1 1 1 1 1 2 0 1 0 1 0 1 0 1 1 1 0 1 0 1 0 1 0 1 1 1 1 1 1 1 1 1 1 1 1 1 2 2 1 1 2 1 2 1 1 2 3 3 2 2 5 2 5 2 5 3 2 3 2      73333      16667 
22860	 710002	1 1 1 1 1 1 0 1 0 1 1 1 0 1 0 1 0 1 0 1 0 1 0 1 1 1 1 1 1 1 1 1 1 1 1 1 2 1 1 1 2 1 2 1 1 1 2 2 3 3 5 2 5 2 5 2 2 4 2 4      16667      73333 
24246	 690002	1 1 1 1 1 1 1 0 1 0 1 1 1 0 1 0 1 0 1 0 1 0 1 0 1 1 1 1 1 1 1 1 1 1 1 1 1 1 1 2 1 2 1 2 1 1 2 2 3 3 2 5 2 5 2 5 4 2 4 2      73333      16667 
25632	 671000	1 1 1 1 1 0 1 0 1 1 1 0 1 0 1 1 1 0 1 0 1 0 1 0 1 1 1 1 1 1 1 1 1 1 1 1 1 1 1 2 1 2 1 2 1 2 2 2 3 2 2 5 2 4 2 7 4 2 4 1      72000      15750 
0	2413000	0 1 0 1 1 0 0 3 0 1 0 1 0 1 0 3 1 0 2 0 2 0 1 1 2 0 1 1 0 3 2 0 0 2 1 2 0 3 2 0 3 0 0 2 3 0 2 0 6 0 3 2 1 3 0 5 4 2 5 5      67500      63000 
396	2396000	0 1 0 1 3 2 0 1 0 1 3 1 2 0 0 1 0 1 2 1 1 1 0 1 1 1 1 1 1 1 1 2 0 1 0 1 2 1 0 1 0 1 1 2 0 1 3 2 3 1 3 4 2 3 1 2 3 2 9 3      39000      90000 
594	1971000	1 1 1 1 2 0 1 0 1 0 1 1 0 2 1 0 1 1 1 1 1 1 1 1 1 2 1 1 1 1 2 2 1 1 1 2 1 1 1 1 1 2 2 0 1 1 2 1 1 4 4 1 3 2 2 1 2 3 3 7      87750      31500 
693	1818000	1 0 1 0 1 3 1 0 1 0 1 3 1 2 1 0 1 0 3 2 1 1 1 0 1 1 2 1 1 1 1 1 1 0 1 0 1 2 1 0 1 0 1 1 1 0 1 3 2 3 2 3 6 2 2 1 2 3 1 9      92250      22500 
1188	1816000	2 1 1 1 0 2 2 0 3 1 0 2 1 1 0 1 1 1 1 1 3 1 2 0 2 1 0 1 0 1 1 1 1 1 1 1 1 1 1 1 1 1 1 2 1 1 1 2 3 2 3 3 1 3 1 3 2 3 5 2      36000      81000 
1386	1802500	1 0 1 0 1 3 1 0 1 0 1 3 2 2 1 0 1 0 2 2 1 1 1 0 1 1 2 1 1 1 1 1 1 0 1 0 1 1 1 0 1 0 1 1 1 1 1 3 2 3 2 3 6 2 2 1 2 3 1 9      92250      22500 
1485	1536000	1 1 1 1 1 1 1 1 1 0 1 1 1 0 1 0 1 1 2 1 1 1 1 1 1 1 2 1 1 0 1 0 1 1 1 1 1 1 1 2 1 1 1 2 1 1 1 2 2 2 1 5 6 3 2 2 3 2 2 6      81000      27000 
1881	1508000	0 1 1 1 1 1 1 1 0 1 1 1 0 1 0 1 0 1 1 2 1 1 2 1 1 1 1 2 1 1 0 1 0 1 1 1 1 1 2 1 1 1 2 1 1 1 2 1 2 2 5 1 2 6 3 2 2 3 7 2      27000      81000 
2772	1480000	1 0 1 1 1 1 1 1 1 0 1 1 1 0 1 0 1 0 3 1 1 1 1 2 1 0 2 1 1 1 1 0 1 0 1 1 1 1 1 2 1 1 1 2 1 1 1 2 2 2 1 6 5 2 2 3 3 2 2 7      81000      27000 
4158	1291000	0 1 1 1 1 1 1 1 0 1 1 1 0 1 1 1 1 1 1 1 1 1 2 1 0 1 1 1 1 1 1 1 1 1 1 1 1 1 1 1 1 1 2 2 1 1 2 1 2 2 5 2 1 6 3 2 2 3 6 2      31500      72000 
5742	1289000	1 1 1 1 0 1 0 1 0 1 1 1 0 1 2 1 1 1 1 1 1 1 1 1 0 1 1 1 1 1 1 1 1 1 1 1 1 1 1 1 1 1 3 2 1 1 2 1 2 2 5 2 1 6 3 2 3 3 5 2      31500      72000 
6435	1275000	1 1 1 1 0 1 1 1 0 1 1 1 0 1 2 1 1 1 1 1 1 1 1 1 1 1 1 1 1 1 1 1 1 1 1 1 1 1 1 1 1 1 2 2 1 1 2 1 2 2 5 2 1 6 3 2 2 3 5 2      33500      70000 
7524	1138000	1 1 1 1 0 1 1 1 0 1 0 1 0 1 2 1 1 1 1 1 1 1 1 1 1 1 1 1 1 1 1 1 1 1 1 1 1 1 1 1 1 1 2 2 1 1 2 1 3 2 5 2 1 6 3 2 2 3 5 2      36000      63000 
10494	 954000	1 1 1 1 0 1 1 1 1 1 0 1 0 1 2 1 0 1 1 1 1 2 2 1 1 1 1 1 1 2 1 1 1 1 1 1 1 1 1 2 1 1 2 1 1 1 1 2 3 2 5 2 1 3 3 2 2 3 5 2      23000      69000 
12771	 938000	1 0 1 1 1 0 1 1 1 1 1 0 1 0 1 2 1 0 1 1 2 1 1 2 1 1 1 1 2 1 1 1 1 1 1 1 1 1 2 1 1 2 1 2 1 1 2 1 2 3 2 5 3 1 2 3 3 2 2 5      69000      23000 
13068	 878000	1 1 1 1 1 0 1 1 2 0 1 0 1 0 1 1 1 0 1 2 1 1 1 2 1 1 1 1 1 1 1 2 1 1 1 1 1 1 1 1 1 1 1 2 1 1 3 1 2 3 2 4 3 1 3 3 3 3 2 5      69000      23000 
14058	 864000	0 1 1 1 0 1 1 1 0 2 0 1 0 1 1 1 1 1 2 1 1 1 2 1 1 1 1 1 1 1 2 1 1 1 1 1 1 1 1 1 1 1 2 1 1 1 1 3 3 2 4 2 1 3 3 3 3 3 5 2      27000      63000 
14157	 844000	1 0 1 1 1 0 1 1 2 0 1 0 1 0 1 1 1 1 2 1 1 1 1 2 1 1 1 1 1 1 1 2 1 1 1 1 1 1 1 2 1 1 1 2 1 1 2 1 2 3 2 4 3 1 3 3 3 3 2 5      63000      27000 
14850	 800000	0 1 1 1 0 1 0 1 0 2 0 1 0 1 1 1 1 1 1 1 1 1 2 1 1 1 1 1 1 1 2 1 1 1 1 1 1 1 2 1 1 1 2 1 1 1 1 3 4 2 4 2 1 3 3 3 3 3 5 2      25000      65000 
16830	 798000	1 0 1 1 1 0 1 0 2 0 1 0 1 0 1 1 1 1 1 1 1 1 1 1 1 1 1 2 1 1 1 2 1 1 1 1 1 1 1 2 1 1 1 2 1 1 3 0 2 5 2 4 3 1 3 3 3 3 2 5      66000      24000 
20781	 750000	0 1 1 1 0 1 0 1 0 2 0 1 0 1 1 1 1 1 1 1 1 1 1 1 1 1 2 1 1 1 1 1 1 1 1 1 1 1 2 1 1 1 2 1 1 1 0 3 5 2 4 2 1 3 3 3 3 3 6 2      25000      65000 
26028	 730000	1 0 1 1 1 0 1 0 2 0 1 0 1 0 1 1 1 1 1 1 1 1 1 1 1 1 1 1 1 1 1 1 1 1 1 1 1 1 1 2 1 2 1 2 1 1 3 0 2 5 2 4 3 1 3 3 3 3 2 6      65000      25000 
29196	 720000	0 1 1 1 0 1 0 1 0 2 0 1 1 1 1 1 1 1 1 1 1 1 1 1 1 1 1 1 1 1 2 1 1 1 1 1 1 1 2 1 2 1 2 1 1 1 0 3 4 2 4 2 1 3 1 3 4 3 6 2      25000      65000 
0	2246000	2 0 1 0 1 1 1 0 1 0 1 0 2 0 4 0 1 0 2 1 1 0 1 1 1 1 1 0 1 0 0 3 1 2 1 0 2 0 2 0 0 3 0 2 2 0 0 3 2 6 2 2 1 4 2 2 2 6 4 5      81000      45000 
693	2206000	0 1 1 3 1 2 1 1 1 1 1 1 1 0 1 2 2 0 1 0 1 1 1 0 1 1 2 1 1 1 2 0 2 1 1 1 1 1 0 2 1 3 2 0 0 2 2 1 1 3 3 1 2 3 3 2 3 1 3 6      72000      54000 
792	2198000	1 1 2 2 0 2 1 1 1 2 0 1 0 1 2 1 1 1 1 1 0 1 0 1 1 1 1 1 1 2 1 1 2 2 1 1 1 1 2 1 1 1 1 1 2 1 0 3 3 2 4 1 3 2 2 2 2 2 5 2      46000      80000 
990	2138500	0 1 0 1 1 1 0 1 0 1 0 1 1 1 1 1 1 1 0 3 0 1 1 1 0 1 1 4 0 1 3 1 2 0 1 1 0 1 1 1 1 1 1 1 1 1 2 1 6 4 2 3 3 2 1 2 7 1 5 2      40500      83250 
1386	1480000	0 1 0 1 0 1 0 1 0 1 1 1 1 1 0 1 1 1 0 1 0 1 1 1 0 1 1 2 0 1 3 1 2 1 1 1 0 1 1 1 1 1 1 2 1 1 2 1 5 3 2 3 4 2 2 2 7 2 5 4      27000      81000 
1683	1289000	2 0 0 2 1 1 1 0 1 2 1 1 1 1 1 0 1 1 1 1 1 1 1 1 1 1 3 1 1 2 1 1 1 3 1 1 1 1 1 1 1 1 1 1 1 1 1 4 2 2 4 2 2 3 2 2 3 2 3 2      73500      30000 
2376	1262000	0 1 1 1 1 1 0 1 2 1 0 1 1 1 2 1 1 1 1 1 2 1 1 1 1 1 1 2 1 1 1 1 3 0 1 1 1 1 1 1 1 1 2 2 1 1 5 1 2 3 0 3 3 2 2 2 3 3 1 4      27000      76500 
2970	1256000	1 0 1 2 1 1 1 0 1 2 1 1 1 1 1 0 1 1 1 2 1 1 1 1 1 0 2 0 1 2 1 1 0 3 1 1 1 1 1 1 1 1 1 1 1 1 1 4 3 2 3 2 2 3 2 2 4 2 4 3      73500      30000 
3564	1135000	1 0 1 1 1 1 1 0 1 2 1 0 1 1 0 2 2 0 1 1 1 2 1 1 1 1 2 1 1 1 1 1 0 3 1 1 1 1 1 2 1 1 1 2 1 1 1 5 3 2 3 0 2 3 3 2 3 3 4 1      69000      31500 
4059	 921000	0 1 1 1 1 1 0 1 2 1 0 1 1 1 2 0 0 2 1 1 2 1 1 1 1 1 0 2 1 1 1 1 3 0 1 1 1 1 2 1 1 1 2 1 1 1 5 1 2 3 1 3 3 2 2 3 3 3 1 4      31500      63000 
6039	 918000	0 1 1 1 1 1 0 1 2 1 1 1 1 1 2 0 0 2 1 1 2 1 1 1 1 1 0 2 1 1 1 1 3 0 1 1 1 1 1 1 1 1 2 1 1 1 5 1 2 3 1 3 3 2 2 3 3 3 1 4      31500      63000 
19764	 866000	0 1 1 1 1 1 0 1 2 1 1 1 1 1 3 0 0 2 1 1 2 1 2 1 1 1 0 2 1 1 1 1 3 0 1 1 1 1 1 1 1 1 1 1 1 1 5 1 2 3 1 3 3 2 1 3 3 3 1 4      27000      63000 
20061	 852000	1 0 1 1 1 1 1 1 1 1 1 1 1 1 0 3 2 1 1 1 1 1 1 2 1 1 2 0 1 1 1 1 0 3 1 1 1 1 1 1 1 1 1 1 1 1 1 5 3 2 3 1 2 3 3 1 3 3 4 1      63000      27000 
21942	 850000	1 0 1 1 1 1 1 1 1 1 1 1 1 1 0 3 1 1 1 1 1 1 1 2 1 1 2 0 1 1 1 1 0 3 1 1 1 1 1 1 1 1 1 1 1 1 1 5 3 2 3 1 2 3 3 1 3 3 5 1      60000      30000 
22536	 810000	0 1 1 1 1 1 1 1 1 1 1 1 1 1 3 0 1 1 1 1 1 1 1 1 1 1 0 2 1 1 1 1 3 0 1 1 1 1 1 1 1 1 1 1 1 1 5 1 2 3 1 3 3 2 2 3 3 3 1 5      30000      60000 
26496	 790000	0 1 0 1 1 1 1 1 1 1 1 1 1 1 3 0 1 1 1 1 1 1 1 1 1 1 0 2 1 1 1 1 3 0 1 1 1 1 2 1 1 1 1 1 1 1 5 1 2 3 1 3 3 2 2 3 3 3 1 5      30000      60000 
0	2620000	0 3 1 1 0 2 1 0 1 1 2 0 1 0 2 0 0 3 0 2 1 1 0 4 1 0 1 2 1 0 1 0 0 3 2 0 1 1 0 2 3 0 1 0 2 1 1 1 4 4 2 1 2 2 2 4 1 4 8 0      90000      45000 
297	2588000	1 0 1 2 1 1 1 1 2 1 1 1 0 1 1 1 0 1 1 1 0 1 1 2 1 2 2 2 0 1 1 2 2 3 1 1 0 1 2 0 0 2 0 2 1 1 3 1 3 3 3 1 3 2 3 1 2 4 5 0      54000      81000 
594	2198000	1 0 1 0 0 1 1 2 1 2 0 1 2 1 1 1 1 1 2 1 0 1 0 1 1 1 1 1 1 1 2 1 3 1 1 1 1 1 1 1 1 1 1 2 1 1 1 2 3 1 1 5 2 2 5 2 1 4 5 2      54000      72000 
693	1947500	2 0 1 1 1 1 0 2 1 2 0 1 0 1 0 1 3 0 2 1 0 1 3 1 0 1 2 1 0 1 0 2 4 1 0 1 1 1 2 1 0 1 0 2 1 1 1 3 4 1 1 5 3 2 5 1 5 2 0 3      29250      90000 
1584	1808500	2 0 1 1 2 1 0 2 1 1 0 2 0 1 0 1 3 0 2 1 0 1 2 1 0 1 1 1 0 1 0 1 4 1 0 1 1 1 2 1 1 1 0 2 2 1 1 3 4 1 1 6 2 2 5 1 5 2 0 3      30750      84000 
2178	1776500	1 1 0 1 1 1 3 0 1 1 1 1 1 1 1 1 0 1 1 1 1 1 1 1 1 1 1 1 1 1 1 1 1 1 1 1 2 1 1 2 1 1 2 1 2 1 3 2 1 2 3 2 2 3 1 3 3 2 3 5      22500      92250 
2574	1630000	1 1 1 0 1 1 1 0 1 0 1 0 1 1 1 1 1 3 1 1 1 0 1 3 1 0 1 2 1 1 1 0 1 4 1 1 1 1 2 2 1 0 1 0 1 1 2 1 2 3 2 1 2 3 3 4 2 4 5 3      96000      15000 
3069	1621000	0 1 1 1 0 1 2 0 2 1 1 1 2 0 1 1 1 1 1 1 1 1 1 1 1 1 0 1 1 1 1 1 1 1 1 1 1 1 2 3 1 1 2 1 1 1 2 2 0 3 3 2 3 3 1 3 6 2 2 4      31500      81000 
3168	1618000	0 1 2 1 0 1 0 1 0 1 0 1 1 1 0 1 1 1 1 1 0 1 0 1 3 1 3 1 1 1 0 1 2 1 2 2 1 1 0 2 1 1 1 1 2 1 3 1 2 2 2 3 1 3 2 2 3 2 8 4      30000      81000 
3366	1488000	1 1 1 1 1 1 1 1 1 1 1 1 1 1 2 1 1 1 1 1 1 1 1 1 1 1 1 1 2 1 1 1 1 1 1 2 1 1 2 2 1 1 1 1 1 1 2 1 2 2 0 3 2 3 3 2 3 2 4 4      38000      69000 
3663	1486000	1 1 1 2 1 1 1 1 1 1 1 1 1 1 2 1 1 1 1 1 0 1 1 1 1 1 1 1 2 1 1 1 1 1 1 2 1 1 2 2 1 1 1 1 1 1 3 1 2 2 0 4 2 3 3 2 3 2 4 2      36000      72000 
3762	1480000	1 1 1 1 1 1 1 2 1 1 1 1 1 1 1 1 1 1 1 1 1 0 1 1 1 1 1 0 1 1 1 1 1 0 2 1 1 2 1 1 1 2 1 1 1 1 1 2 2 2 3 2 3 2 2 3 3 2 4 6      81000      27000 
3861	1321000	1 1 1 1 1 1 1 1 1 1 1 1 1 1 1 0 1 1 1 1 1 2 1 1 1 1 1 2 1 1 1 1 1 1 2 1 1 1 1 1 1 2 1 1 1 1 1 2 2 2 3 2 3 2 2 2 3 2 4 5      70000      33500 
4158	1243000	1 1 1 0 1 1 1 2 1 1 1 2 1 2 1 2 1 1 1 1 1 0 1 1 1 1 1 1 1 1 1 1 1 1 2 1 1 1 1 2 1 1 1 1 1 1 1 3 2 2 3 0 3 2 2 3 3 2 4 4      80000      23500 
5544	1062000	1 1 1 1 1 1 1 1 1 1 1 1 1 1 1 1 1 1 1 1 1 1 1 1 1 1 0 1 1 1 1 1 1 1 2 1 1 1 1 2 1 1 1 1 1 1 1 2 3 2 3 2 3 2 2 3 3 3 4 4      15000      81000 
6534	 780000	1 1 1 1 1 1 1 1 1 1 1 1 1 1 1 1 1 1 1 1 1 1 1 1 1 1 1 1 1 1 1 1 1 1 1 2 1 1 2 1 1 1 1 1 1 1 2 1 2 3 2 3 2 3 3 2 4 3 3 3      45000      45000 
6732	 760000	1 1 1 1 1 1 1 1 1 1 1 1 1 1 1 1 1 1 1 1 1 1 1 1 1 1 1 1 1 1 1 1 1 1 1 1 1 1 1 2 1 1 1 1 1 1 1 2 2 3 3 2 3 2 3 2 3 4 4 3      45000      45000 
8613	 730000	1 1 0 1 1 1 1 1 1 1 1 1 1 1 1 1 1 1 1 1 1 1 1 1 1 1 1 1 1 1 1 1 1 1 1 1 1 1 2 1 1 1 1 1 1 1 3 1 3 2 3 3 2 3 2 3 4 3 2 4      36000      54000 
15525	 710000	1 1 1 1 1 1 1 1 1 1 1 1 1 1 1 1 1 1 1 1 1 1 1 1 1 1 1 1 1 1 1 1 1 1 1 1 1 1 1 2 1 1 1 1 1 1 1 3 2 3 3 2 3 2 3 2 3 4 4 2      50000      40000 