
0	1267000	0 1 1 0 1 1 1 1 0 2 0 0 1 0 2 1 2 0 1 0 1 0 4 1 0 0 2 2 1 0 0 1 4 1 1 1 1 1 0 2 0 1 2 1 0 1 0 2 0 1 3 1 1 1 1 1 1 1 2 1 3 0 0 1 0 3 1 2 1 3 3 0 1 4 4 4 0 3 2 1 3 3 3 1 3 5 4 3 5 1      43500      28500      31500 
2970	1261000	1 1 0 1 1 0 0 2 1 0 0 2 2 0 1 0 2 1 1 0 1 1 4 0 2 0 0 0 1 2 4 1 0 1 1 1 0 1 1 1 0 2 0 1 2 2 0 1 2 1 0 1 1 1 1 1 1 2 2 1 0 0 3 3 0 1 1 2 1 0 3 3 3 4 1 3 0 4 4 0 2 1 3 3 4 5 3 1 5 3      31500      27000      45000 
3861	1227000	1 1 0 1 1 0 2 0 1 0 0 2 0 2 1 2 0 1 0 1 1 4 1 0 0 2 0 1 0 2 1 4 0 1 1 1 1 0 1 0 1 2 1 0 2 0 2 1 1 2 0 1 1 1 1 1 1 2 2 1 0 0 3 0 3 1 2 1 1 3 0 3 4 3 1 0 2 4 0 5 2 3 1 3 5 4 3 5 1 3      28500      31500      43500 
5049	1078000	1 1 0 1 1 0 0 2 1 0 0 2 2 0 1 0 2 1 1 0 1 1 4 0 2 0 0 0 1 2 4 1 0 1 1 1 0 0 2 1 0 2 0 2 2 2 0 1 2 1 0 1 1 1 1 1 1 2 2 1 0 0 2 3 0 1 1 2 1 0 3 3 3 4 1 2 0 4 5 0 2 1 3 3 4 5 3 1 5 3      31500      22500      45000 
5742	1068000	1 1 0 1 1 0 0 2 1 0 0 2 2 0 0 0 2 1 1 0 1 1 4 0 2 0 0 0 1 2 4 1 0 1 1 1 0 0 2 1 0 2 0 2 2 2 0 1 2 1 0 1 1 1 1 1 1 2 2 1 0 0 2 3 0 1 1 2 1 0 3 3 3 4 1 2 0 4 5 0 2 1 3 3 4 5 3 1 5 4      35000      19000      45000 
11079	 827294	1 1 0 1 1 0 0 2 1 0 0 2 2 0 0 0 2 1 1 0 1 1 4 0 2 0 0 0 1 2 4 1 0 1 1 1 0 1 2 1 0 2 0 2 2 2 0 2 2 1 0 1 1 1 1 1 1 2 2 0 0 0 3 3 1 0 1 1 1 0 3 3 3 4 1 2 0 4 5 0 2 1 3 3 4 4 3 1 5 4      31626      22521      35937 
12366	 822420	1 1 0 1 1 0 2 0 1 0 0 2 0 2 0 2 0 1 0 2 1 4 1 0 0 2 0 1 0 2 1 3 0 1 1 1 1 0 2 0 1 2 1 0 2 1 2 2 1 2 0 1 1 1 1 1 1 2 2 0 0 0 3 1 3 0 1 1 1 3 0 3 4 3 1 0 2 4 0 5 2 3 1 3 4 4 3 5 1 4      22521      31626      35937 
13158	 820390	2 1 0 1 1 0 2 0 1 0 0 2 0 2 0 2 0 1 0 2 1 4 1 0 0 2 0 1 0 2 1 3 0 1 1 1 1 0 2 0 1 2 1 0 2 1 2 2 1 2 0 1 1 1 1 1 1 2 2 0 0 0 3 0 3 0 1 1 1 3 0 3 4 3 1 0 2 4 0 5 2 3 1 3 4 4 3 5 1 4      22805      33333      35084 
25227	 747286	0 2 1 0 1 1 1 2 0 2 0 0 0 0 2 1 2 0 1 0 2 0 3 1 0 0 2 2 2 0 0 1 3 1 1 1 2 1 0 2 0 1 2 1 0 2 1 2 0 1 2 1 1 1 1 1 1 0 2 2 3 0 0 0 0 3 1 1 1 3 3 0 1 4 3 4 0 2 2 0 5 3 4 1 3 3 4 4 5 1      34857      21357      33786 
0	1964000	2 0 0 0 2 1 0 2 1 1 1 0 1 2 0 1 0 2 1 0 0 2 0 0 2 0 1 2 0 0 0 2 1 1 1 0 2 1 0 1 1 2 3 0 0 1 1 1 0 2 1 0 2 3 0 0 4 1 1 2 2 0 1 2 1 0 0 1 2 1 5 0 1 6 2 1 3 3 2 2 8 1 1 4 9 0 0 2 5 3      63000      24000      33000 
1188	1711900	3 0 1 1 1 0 1 0 1 3 0 0 0 1 1 1 1 1 1 1 1 1 4 1 1 1 1 1 0 1 2 0 1 2 0 1 1 1 2 2 2 0 1 2 1 2 1 1 3 1 1 1 1 1 0 3 4 2 1 1 0 1 1 2 0 1 0 2 1 1 1 2 0 3 3 1 4 4 2 5 1 4 3 0 3 2 3 0 0 5      22050      39600      50400 
2079	1462000	2 0 1 2 0 0 1 1 1 1 1 1 0 0 2 1 1 1 0 1 1 1 0 1 1 2 0 2 0 1 0 1 1 0 1 1 1 1 2 1 1 1 1 1 1 2 1 0 0 1 1 3 0 1 1 2 4 3 1 1 3 2 1 1 2 1 2 1 1 1 1 2 1 2 3 0 2 3 4 6 0 4 4 0 3 2 3 0 4 6      27000      36000      45000 
2574	1438580	2 0 2 1 1 2 1 2 1 0 2 1 1 1 0 1 1 1 1 1 1 1 0 2 1 0 1 1 0 3 1 1 0 1 1 0 2 1 1 0 3 1 1 1 1 1 1 1 1 1 0 1 0 2 4 2 0 1 1 4 1 1 2 1 1 1 1 1 1 2 2 1 3 1 2 4 3 0 1 5 4 0 3 4 3 2 3 3 3 0      42429      41571      20572 
2772	1295444	0 2 1 1 2 0 2 1 1 2 1 0 1 0 1 1 1 1 1 1 1 0 2 1 0 1 1 0 3 1 1 0 1 1 0 1 1 1 3 3 1 0 1 1 1 1 1 1 1 0 1 0 2 1 2 0 4 1 4 0 1 2 2 1 1 1 1 1 1 2 1 1 1 2 4 3 0 4 5 4 1 3 4 0 2 3 3 3 0 4      39858      21858      41142 
3267	1236000	2 0 1 1 1 0 1 2 1 1 2 0 0 1 1 1 1 1 1 2 1 2 0 1 1 1 1 3 0 1 0 1 1 0 1 1 1 0 3 1 3 0 1 0 2 1 1 1 0 1 1 2 0 1 0 2 4 4 1 0 2 1 2 1 1 1 1 1 1 2 2 1 2 1 4 0 3 3 4 5 1 4 3 0 3 2 3 0 3 4      20700      41400      39600 
6435	1234446	2 0 1 1 1 0 1 2 0 1 2 0 0 1 1 1 1 1 1 2 1 2 0 1 1 1 1 2 0 1 0 1 1 0 1 1 1 0 3 1 3 1 1 0 2 1 1 1 0 1 1 2 0 1 0 2 4 4 1 0 2 1 2 1 1 1 2 1 1 2 2 1 2 1 4 0 3 2 4 5 1 4 3 1 3 2 3 0 3 4      17331      38108      46338 
7623	1212942	1 0 2 1 1 1 0 2 1 0 2 2 1 1 0 2 0 1 1 2 1 1 0 2 1 1 1 1 0 2 1 1 0 1 1 1 3 0 1 1 3 2 2 0 1 1 1 0 1 1 0 1 1 2 4 2 0 0 1 4 2 0 0 1 1 1 1 2 2 1 2 2 3 1 2 2 3 0 0 5 4 1 3 4 3 2 3 4 3 0      47814      37124      13219 
8514	1186576	1 1 0 1 1 1 1 0 2 0 0 2 1 1 1 1 2 0 1 1 2 2 1 0 1 1 1 4 1 0 0 1 1 0 1 1 1 3 0 1 1 3 1 2 0 0 1 1 1 1 1 2 1 1 0 4 2 3 0 1 1 2 0 2 1 1 2 1 2 1 1 2 3 3 1 0 2 3 4 0 5 4 1 3 3 3 2 0 4 3      15857      39857      42429 
9702	1182000	1 0 1 1 1 1 0 2 1 0 3 0 1 1 1 2 0 1 0 2 1 1 0 2 1 2 1 0 0 4 0 2 0 1 1 0 2 0 1 2 3 1 2 0 1 1 1 0 1 1 1 1 0 2 4 0 0 0 1 3 2 1 1 2 1 2 1 2 2 1 2 1 4 0 3 3 3 0 1 4 4 1 3 4 2 3 3 4 3 0      43400      37600      18800 
10989	1171144	0 2 1 1 1 1 2 2 0 2 3 0 1 1 2 0 2 1 2 1 0 0 2 1 2 1 0 0 3 2 2 0 1 1 0 2 0 1 2 3 1 1 0 0 2 1 1 1 1 0 1 0 1 2 0 1 4 1 4 1 1 1 1 1 1 1 2 0 1 2 1 1 0 1 4 3 0 2 4 4 1 3 4 1 4 3 2 3 0 3      38715      10428      49143 
11187	1150000	1 0 1 1 1 1 0 2 0 0 2 0 2 1 1 1 0 1 0 2 1 1 0 2 0 2 1 2 0 4 1 2 0 2 1 0 2 0 1 1 3 1 2 0 1 1 1 0 1 1 1 2 0 2 4 0 0 1 1 3 1 1 1 1 1 2 1 2 2 1 2 1 4 0 3 2 3 0 1 4 4 1 3 5 2 4 3 3 3 0      54000      36000       9000 
11385	1124000	0 1 1 1 1 1 2 0 0 2 0 0 1 1 2 0 1 1 2 1 0 0 2 1 2 1 0 0 4 2 2 0 1 1 0 2 0 1 2 3 1 1 0 0 2 1 0 1 1 1 1 0 2 2 0 0 4 1 2 1 1 1 1 1 2 1 2 2 1 2 2 1 0 4 4 3 0 2 4 4 1 3 5 1 4 3 2 3 0 3      35000       9750      53250 
15048	1070000	0 1 1 1 1 1 2 0 0 2 0 0 1 1 1 0 1 1 2 1 0 0 2 1 2 1 0 0 4 2 2 0 1 1 0 2 0 1 2 3 1 1 0 0 2 1 0 1 1 1 1 0 2 2 0 0 4 1 2 1 1 1 1 1 2 1 2 2 1 2 2 1 0 4 4 3 0 2 4 4 1 3 5 2 4 3 2 3 0 3      35000       7000      56000 
19404	1039000	0 1 1 1 2 1 2 0 0 2 0 0 1 1 1 0 1 1 2 1 0 0 2 1 2 1 0 0 4 2 2 0 1 1 0 2 0 1 2 3 0 1 0 0 2 1 0 1 1 1 1 0 2 2 0 0 4 1 2 1 1 1 1 1 2 1 1 2 1 2 2 1 0 4 4 3 0 2 4 4 1 3 5 2 5 3 2 3 0 3      32500       7000      56000 
19503	1027000	1 1 0 1 1 1 0 0 2 1 0 2 1 1 1 2 1 0 1 0 2 2 1 0 0 0 2 2 2 0 1 1 2 2 2 1 1 2 0 1 1 3 2 2 0 1 1 1 1 1 1 2 2 0 2 4 0 1 1 1 1 1 1 1 1 1 1 1 1 1 1 2 3 4 0 2 2 3 2 1 4 0 2 3 3 2 5 3 3 3       9000      45000      40500 
19998	 960250	1 0 2 1 1 1 0 2 0 0 2 0 1 1 1 1 0 2 0 2 0 1 0 2 0 2 1 2 0 1 1 2 1 2 1 2 2 0 1 1 3 0 2 0 2 1 1 1 1 1 1 2 0 2 4 0 3 1 1 2 1 1 2 1 1 1 1 2 0 1 2 1 4 0 4 2 3 2 1 4 2 2 3 2 2 4 1 3 3 2      40000      41625      11750 
20790	 947000	2 1 0 1 1 1 0 0 2 0 0 2 1 1 1 2 1 0 0 0 2 2 1 0 0 0 2 1 2 0 1 1 2 2 2 1 1 2 0 0 1 3 2 2 0 1 1 1 1 1 1 2 2 0 3 4 0 2 1 1 2 1 1 2 1 1 0 1 2 1 1 2 4 4 0 2 2 3 2 1 4 2 2 3 1 2 4 2 3 3      11750      40000      41625 
22473	 934000	0 1 2 1 1 1 2 0 0 2 0 0 0 1 2 0 1 2 2 0 0 0 1 2 2 0 0 0 2 1 2 1 1 1 2 2 0 2 1 3 1 0 1 1 2 1 1 1 1 1 1 0 2 2 0 4 3 1 1 2 1 1 2 1 1 1 2 1 0 2 1 1 0 5 4 3 3 2 4 0 2 3 2 2 4 2 1 3 3 2      43000      30000      20000 
22770	 931000	0 2 1 0 1 1 2 1 0 2 0 0 1 1 1 0 2 1 2 0 0 0 2 1 2 0 0 0 1 2 2 1 1 1 1 2 0 1 2 3 0 1 0 2 2 1 0 1 1 1 1 0 2 2 0 3 4 1 2 1 1 2 1 1 2 1 1 1 1 3 1 1 1 4 4 3 2 2 4 2 1 3 2 2 4 1 2 3 2 3      38250       9000      45000 
24453	 917000	0 2 1 0 1 1 2 1 0 2 0 0 1 1 1 0 2 2 2 0 0 0 2 1 2 0 0 0 1 2 2 1 1 1 1 1 0 1 2 3 0 1 0 2 2 1 0 1 1 1 1 0 2 2 0 3 4 1 2 1 1 2 1 1 2 1 1 1 1 3 1 1 1 4 4 3 2 2 4 2 1 3 2 2 4 1 2 3 2 3      38250       9000      45000 
27027	 895750	1 0 1 1 0 1 0 2 1 0 1 1 1 1 1 2 0 1 0 3 1 1 0 1 0 2 1 2 0 1 1 2 2 1 1 1 2 0 1 1 3 1 2 0 1 1 1 1 1 1 1 1 1 1 4 0 3 1 1 1 1 1 1 1 1 1 1 1 1 1 3 1 5 0 3 2 3 2 1 4 2 2 2 3 2 4 3 3 4 2      20500      27875      42500 
31482	 889000	1 1 0 1 1 0 1 0 2 1 0 1 1 0 1 1 2 0 1 0 3 1 1 0 1 0 2 1 2 0 2 1 2 1 1 1 1 2 0 1 1 3 1 2 0 1 1 1 1 1 1 1 1 1 3 4 0 1 1 1 1 1 1 1 1 1 1 1 1 1 2 3 3 5 0 2 2 3 2 1 4 3 2 2 3 2 4 2 3 4      42500      20500      27875 
32274	 874250	1 1 0 1 1 0 0 1 2 0 1 1 0 1 1 3 1 0 0 1 2 1 1 0 0 1 2 2 1 0 1 2 2 1 1 1 2 1 0 1 1 3 2 1 0 1 1 1 1 1 1 1 1 1 4 3 0 1 1 1 1 1 1 1 1 1 1 1 1 2 1 3 5 3 0 1 2 4 1 2 4 2 3 2 2 3 4 3 2 4      20500      42500      27875 
35640	 871500	0 1 1 0 1 1 2 0 1 1 0 1 1 0 1 0 3 1 2 0 1 0 1 1 2 0 1 0 2 1 2 1 2 1 0 1 0 2 1 3 1 1 0 2 1 1 1 1 1 1 1 1 1 1 0 4 3 1 1 1 1 1 1 1 2 1 1 1 1 3 2 1 0 5 3 4 1 2 4 1 2 2 2 3 4 2 3 4 3 2      27250      18000      45000 
38709	 830000	1 1 1 1 1 2 1 1 0 1 1 1 1 1 1 1 1 0 1 1 1 0 1 1 1 1 1 1 1 1 0 2 2 1 1 1 1 1 1 1 1 1 2 1 1 1 1 1 1 1 1 1 1 1 2 1 2 2 1 1 2 1 1 1 1 1 1 1 1 1 2 2 3 2 2 2 3 3 3 2 2 3 3 2 3 3 3 2 3 4      27000      43000      20000 
39402	 790000	1 0 1 0 2 1 1 0 1 1 0 1 1 1 1 1 0 1 1 1 1 1 1 1 1 0 1 1 1 1 2 2 2 1 1 1 1 1 1 1 1 1 1 1 1 1 1 1 1 1 1 1 1 1 1 2 1 1 2 1 1 1 1 2 1 1 1 1 1 3 2 2 3 2 2 2 3 3 2 4 2 3 2 3 3 3 3 2 4 3      38000      20000      32000 
39798	 786668	1 1 1 1 1 1 1 1 1 1 1 1 1 2 1 2 1 1 1 1 1 1 0 1 1 1 1 1 1 1 1 0 1 1 1 1 1 1 1 1 1 1 1 2 1 1 1 1 1 0 1 1 1 1 1 2 1 1 3 1 1 2 1 1 0 1 1 1 1 2 1 3 3 3 2 3 2 2 2 3 3 2 3 3 3 3 3 3 2 3      44998       1666      45002 
40491	 784288	1 1 1 1 1 1 1 1 1 1 1 1 1 2 1 2 1 1 1 1 1 1 0 1 1 1 1 1 1 1 1 0 1 1 1 1 1 1 1 1 1 1 1 2 1 1 1 1 1 0 1 1 0 1 1 2 1 1 3 1 1 2 1 1 0 1 1 1 1 2 1 3 3 4 2 3 2 2 2 3 3 2 3 3 3 3 3 3 2 3      44288       1428      45712 
41382	 770000	1 1 1 1 1 1 1 1 0 1 1 1 1 1 1 2 1 1 1 1 2 1 1 0 1 1 1 1 1 1 1 1 2 1 1 1 1 1 2 1 1 1 1 1 1 1 1 1 1 1 1 1 1 1 1 1 2 1 1 1 2 1 1 1 1 1 1 1 1 1 3 3 3 2 2 3 2 2 2 3 2 2 3 3 3 3 3 3 3 2      50000      40000          0 
41679	 750000	0 1 1 1 1 1 1 0 1 1 1 1 1 2 1 1 0 2 1 1 1 2 0 1 1 1 1 1 0 1 1 0 1 1 0 1 1 1 1 1 2 1 1 2 1 1 1 1 1 1 1 1 2 1 1 1 1 1 3 1 1 2 2 1 1 1 1 1 1 3 1 1 2 3 3 2 2 3 3 4 2 3 3 2 3 3 3 3 2 3      30000      10000      50000 
43164	 730000	1 0 1 1 1 1 1 1 1 1 1 1 1 1 1 2 1 0 1 0 1 1 0 1 1 1 1 1 1 1 1 2 1 1 1 1 1 1 2 1 1 1 1 1 1 1 1 1 1 1 1 1 1 1 1 1 1 1 1 1 2 2 1 1 2 1 1 2 1 1 2 3 3 2 2 3 3 2 2 3 3 2 2 3 3 3 3 3 3 3      40000      10000      40000 
0	1315200	0 0 3 0 2 1 0 2 2 2 0 0 1 0 6 0 1 1 0 1 1 0 1 3 0 2 0 2 0 0 0 2 3 1 1 0 1 1 0 1 0 3 1 2 0 2 0 1 0 3 0 2 0 3 0 3 0 2 1 0 2 0 2 0 2 1 2 1 0 0 6 0 2 4 3 5 0 0 0 2 6 3 5 0 5 0 3 8 0 0      41400      37000      26000 
1386	1273000	1 1 2 0 1 1 2 1 0 1 1 2 0 1 2 1 1 0 1 1 0 0 1 1 1 0 1 2 1 0 1 2 0 1 1 0 3 0 0 1 1 1 1 1 3 1 1 1 1 3 0 1 0 4 2 0 1 1 1 1 1 2 1 1 0 2 1 2 0 1 2 3 4 3 0 2 3 2 2 1 3 1 5 4 1 3 5 6 2 2      40500      31500      31500 
3366	1124000	1 2 1 1 1 0 0 0 2 1 1 1 1 1 0 1 0 1 1 1 1 1 1 0 0 2 1 0 0 2 1 0 2 0 1 1 0 0 3 1 1 1 1 2 1 1 1 1 3 0 1 0 3 0 1 1 2 1 1 1 2 2 1 0 3 1 2 0 1 2 3 1 3 0 4 3 2 2 3 3 2 5 4 1 4 5 1 2 1 6      27000      36000      36000 
4554	1120000	1 1 2 0 1 1 2 0 0 1 1 1 0 1 1 2 1 0 1 1 1 0 1 1 1 0 1 2 0 0 2 1 0 1 0 1 3 0 1 1 1 1 1 1 2 1 1 1 1 3 0 0 0 3 2 1 1 1 1 1 1 2 2 1 0 3 1 2 0 1 2 3 4 3 0 2 3 2 1 3 3 1 5 4 1 4 5 6 2 1      36000      27000      36000 
6633	1064000	1 1 2 1 0 1 0 2 1 1 1 0 1 0 1 0 2 0 1 1 1 1 0 1 1 2 2 0 2 1 0 2 0 0 1 2 0 3 1 1 1 1 0 1 2 1 0 2 3 1 0 0 1 2 1 2 0 1 1 1 2 1 2 0 1 3 2 1 0 2 1 3 4 3 0 4 2 2 3 1 3 5 1 3 4 1 4 2 6 1      34000      36000      29000 
10494	1062000	1 1 2 1 0 1 0 2 1 1 1 0 1 0 1 0 2 0 1 1 1 1 0 1 1 2 2 0 2 1 0 2 0 0 1 2 0 3 1 1 1 1 0 1 2 1 0 2 3 1 0 0 1 2 1 2 0 1 1 2 2 1 2 0 1 3 2 1 0 2 1 3 4 3 0 4 2 1 3 1 3 5 1 3 4 1 4 2 6 1      34000      36000      29000 
12474	 951000	1 1 2 1 0 1 0 2 1 1 1 0 1 0 1 0 2 0 1 1 1 1 0 1 1 2 2 0 2 1 1 2 0 0 1 2 0 3 1 1 1 1 0 1 2 1 0 2 3 1 0 0 1 2 1 2 0 1 1 2 2 1 2 0 1 3 2 1 0 2 1 3 4 3 0 4 2 1 3 1 3 5 1 3 4 1 4 1 6 1      34666      31500      28334 
14850	 891334	2 0 1 1 1 0 1 0 2 0 1 1 1 1 0 0 0 2 1 1 1 1 1 0 2 2 2 1 0 2 0 1 2 2 0 1 1 0 3 1 1 1 2 1 1 2 1 0 0 2 1 2 0 1 0 1 2 2 1 1 2 2 1 3 0 1 0 2 1 3 2 1 0 4 3 1 4 2 3 3 1 3 5 0 4 4 1 1 1 7      28333      34667      31500 
21870	 809482	2 0 1 1 1 0 1 0 2 0 1 1 1 1 0 0 1 2 1 1 1 1 1 0 2 2 2 1 0 2 0 1 2 2 0 1 1 0 3 1 1 1 2 1 1 2 1 0 0 2 1 2 0 1 0 1 2 2 1 1 2 2 1 3 0 1 0 2 1 3 1 1 0 4 3 1 4 2 3 3 1 3 5 0 4 4 1 1 1 7      27018      36241      26964 
27513	 802000	1 0 1 1 1 0 1 0 2 0 1 1 1 1 0 0 1 2 1 1 1 1 1 0 2 2 2 1 0 2 0 1 2 2 0 1 1 0 3 1 1 1 1 1 1 2 1 0 1 2 1 3 0 1 0 1 2 2 1 1 2 2 1 3 0 1 0 2 1 3 1 1 0 4 3 1 4 2 3 3 1 3 5 0 4 4 1 1 1 7      26286      36714      27714 
0	1014250	1 0 2 1 1 0 0 1 2 1 0 4 1 1 0 1 1 0 0 2 1 1 0 1 0 0 2 1 0 1 0 2 2 0 4 0 0 4 0 1 0 4 0 4 0 2 0 2 2 0 1 0 4 1 2 0 0 1 3 0 1 0 2 1 1 1 0 3 1 2 3 0 2 4 4 1 2 7 4 1 1 4 0 1 5 1 2 7 0 0      43875      20250      31500 
693	1009750	1 0 2 1 1 0 0 1 2 1 0 4 1 1 0 1 1 0 0 2 1 1 0 1 0 0 2 1 0 1 0 2 2 0 4 0 0 4 0 1 0 4 0 4 0 2 0 1 2 0 1 0 4 1 2 0 1 1 3 0 1 0 2 1 1 1 0 3 1 2 3 0 2 4 4 1 2 7 4 1 1 4 0 1 5 1 2 7 0 0      43875      20250      31500 
7812	1005000	1 0 2 1 1 0 0 1 2 1 0 4 1 1 0 1 1 0 0 2 1 1 0 1 0 0 2 1 0 2 0 2 2 0 4 0 0 4 0 1 0 4 0 4 0 2 0 1 2 0 0 0 4 1 2 0 1 1 3 0 1 0 2 1 1 1 0 3 1 2 3 0 2 4 4 1 2 7 4 1 1 4 0 1 5 1 2 7 0 0      43875      20250      31500 
12267	 998750	1 0 2 1 1 0 0 1 2 1 0 4 1 1 0 1 1 0 0 2 1 1 0 1 0 0 2 1 0 1 0 2 2 0 4 0 0 4 0 1 0 4 0 4 0 2 0 1 2 0 0 0 4 1 2 0 1 1 3 0 1 0 2 1 1 1 0 3 2 2 3 0 2 4 4 1 2 7 4 1 1 4 0 1 5 1 2 7 0 0      43875      20250      31500 
21663	 938000	1 0 2 1 1 0 0 1 2 1 0 4 1 1 0 1 1 0 0 2 1 1 0 1 0 1 2 1 0 1 0 2 2 0 4 0 0 3 0 1 0 4 0 4 0 2 0 1 2 0 0 0 4 1 2 0 1 1 2 0 1 0 2 1 1 1 0 3 2 2 3 0 2 4 4 1 2 7 4 1 1 4 1 1 5 1 2 7 0 0      46000      24000      26000 
26712	 924000	1 1 1 1 1 1 1 1 1 1 2 1 1 1 1 0 1 1 1 1 1 0 0 1 2 2 1 1 1 1 1 1 1 1 2 1 2 2 1 1 1 1 1 1 1 0 1 2 1 1 2 1 1 1 1 2 2 1 0 1 1 1 1 1 0 1 1 1 1 3 0 1 2 2 3 3 3 2 3 2 2 3 4 2 3 3 3 3 3 3      29000          0      63000 
27702	 890000	1 1 1 1 1 1 1 1 1 1 1 1 1 1 1 0 1 1 1 1 1 0 1 1 2 1 1 1 1 1 1 1 1 1 1 1 2 1 1 1 1 1 1 1 2 0 2 1 1 2 1 1 1 1 1 2 1 1 1 1 1 1 1 1 1 1 1 1 1 3 1 3 2 3 2 3 2 2 3 2 2 3 2 3 3 3 3 3 3 3      29000      46000      17000 
28197	 870000	1 1 1 1 0 1 1 1 1 1 0 1 1 1 1 1 1 0 1 1 1 1 1 0 1 1 2 1 1 1 1 1 1 1 1 1 1 1 2 1 1 1 1 1 1 2 2 0 2 2 1 1 1 1 2 1 1 1 1 1 1 2 1 1 1 1 1 1 1 1 3 3 3 2 2 2 3 3 2 2 3 2 2 3 3 3 3 3 3 3      50000      13000      27000 
28296	 857000	1 1 1 1 0 1 1 1 1 1 0 1 1 1 1 1 1 0 1 1 1 1 1 0 1 1 2 1 1 1 1 1 1 1 1 1 1 1 2 1 1 1 1 1 1 1 2 0 2 2 1 1 1 1 2 1 1 1 1 1 1 2 1 1 1 1 2 1 1 1 3 3 3 2 2 2 3 3 2 2 3 2 2 3 3 3 3 3 3 3      46500      21750      23500 
29286	 850000	1 1 1 1 0 1 1 1 1 1 0 1 1 1 1 1 1 0 1 1 1 1 1 0 1 0 2 1 1 1 1 1 1 1 1 1 1 1 2 1 1 1 1 1 2 1 3 0 2 2 1 1 1 1 2 1 1 1 1 1 1 2 1 1 1 1 2 1 1 1 3 2 3 2 2 2 3 3 2 2 3 2 2 3 3 3 3 3 3 3      43000      20000      27000 
30078	 844000	1 1 1 1 1 1 1 1 1 1 1 1 1 1 1 1 0 1 1 1 0 1 0 1 1 2 1 1 1 1 1 1 1 1 1 1 1 2 0 1 1 1 1 2 1 1 0 2 2 1 2 1 1 1 1 1 2 1 1 2 1 1 1 1 1 1 2 1 1 2 2 1 3 2 3 2 3 3 2 3 2 2 3 2 3 3 3 3 3 3      40000      27000      23000 
32751	 830000	1 1 0 1 1 1 1 1 1 1 1 1 1 1 1 0 1 1 1 1 1 0 1 2 2 1 1 1 1 1 1 1 1 1 1 1 1 1 1 1 1 1 2 1 1 0 1 3 1 1 1 1 1 1 1 1 1 1 1 1 1 1 1 1 1 1 1 2 1 2 1 2 2 3 2 3 3 3 3 2 2 4 3 2 3 3 3 3 3 3      27000      33000      30000 
32850	 791502	1 1 2 1 1 1 1 1 1 1 1 1 1 2 1 2 1 1 0 1 1 1 0 2 1 1 1 1 1 1 1 1 1 0 1 1 0 1 1 2 1 1 1 1 2 3 1 0 2 1 1 1 1 1 2 1 1 1 1 1 1 1 1 1 1 1 1 2 0 1 1 3 3 3 2 2 3 2 2 2 3 2 3 2 3 3 3 3 3 3      10375      49875      29812 
34929	 790878	1 1 2 1 1 1 1 1 1 1 1 1 0 2 1 2 1 1 0 1 1 1 0 2 1 1 1 2 1 1 1 1 1 0 1 1 1 1 1 2 1 1 1 1 2 3 1 0 2 1 1 1 1 1 2 1 1 1 1 1 1 1 1 1 1 1 1 2 0 1 1 3 2 3 2 2 3 2 2 2 3 2 3 2 3 3 3 3 3 3      10376      49874      29813 
37008	 790668	2 1 1 1 1 1 1 1 1 1 1 1 1 0 2 1 2 1 1 0 1 3 1 0 1 1 1 1 2 1 1 1 1 1 0 1 1 1 1 1 2 1 1 1 1 0 3 1 1 2 1 1 1 1 1 2 1 1 1 1 1 1 1 1 1 1 0 1 2 3 1 1 2 2 3 2 2 3 3 2 2 2 2 3 3 3 3 3 3 3      29666      10334      50000 
41463	 790000	1 1 1 1 1 0 1 1 1 1 1 1 1 2 1 1 1 1 1 1 1 1 0 1 1 1 1 1 1 1 1 1 1 1 1 1 1 1 1 2 1 1 1 1 1 1 1 1 1 1 1 1 1 1 1 1 1 1 1 1 1 1 1 1 1 2 1 2 1 3 1 3 2 3 3 2 3 2 3 2 2 2 3 3 3 3 3 3 3 3      40000      27000      23000 
42156	 770000	0 1 1 1 1 1 1 1 1 1 1 1 1 2 1 1 1 1 1 1 1 2 0 1 0 1 1 1 1 1 1 1 1 1 1 1 2 1 1 0 1 2 1 1 1 1 1 1 1 1 1 1 1 1 1 1 1 1 1 1 1 1 1 2 1 1 1 2 1 3 1 3 2 3 2 2 3 2 2 2 3 3 3 2 4 3 3 3 3 3      20000      43000      27000 
0	1434000	0 5 0 0 1 1 1 1 0 2 0 0 0 0 2 0 3 0 2 0 0 0 1 4 0 0 4 1 0 1 1 2 0 0 2 0 0 2 0 0 2 1 3 0 0 1 4 0 1 0 2 3 0 0 2 1 0 0 1 2 3 0 0 0 1 5 0 0 3 0 1 4 2 4 2 4 2 1 4 2 5 2 4 1 3 2 3 7 1 1      37000      36000      35000 
1485	1418000	0 5 0 0 1 1 1 1 0 2 0 0 0 0 2 0 3 0 2 0 0 0 1 4 0 0 4 1 0 1 1 2 0 0 2 0 1 2 0 0 2 1 3 0 0 1 4 0 1 0 2 3 0 0 2 1 0 0 1 2 3 0 0 0 1 5 0 0 3 0 1 4 2 4 2 4 2 1 4 2 5 2 4 1 3 2 3 6 1 1      37000      36000      35000 
3861	1371000	0 1 1 1 1 0 0 1 1 1 0 1 1 0 2 2 0 1 0 2 1 1 0 1 0 1 1 2 3 0 1 1 0 4 0 1 1 1 0 0 1 2 1 1 3 0 1 2 1 1 3 1 1 1 2 1 0 1 1 1 1 2 1 3 1 2 1 1 2 1 1 2 1 3 2 1 3 2 2 3 1 7 1 1 4 4 1 1 5 6      31500      40500      31500 
4752	1218000	1 0 0 1 1 0 0 0 3 1 1 1 1 0 1 0 2 1 3 0 0 0 1 2 1 0 2 1 2 0 2 1 1 0 3 1 0 1 2 1 1 2 2 1 1 1 1 1 1 2 1 1 1 1 1 2 1 1 1 1 1 1 1 1 2 2 2 1 1 1 1 3 4 1 1 3 1 4 4 2 1 0 7 4 2 4 2 5 1 1      54000      24000      24000 
5148	 968310	1 1 0 0 1 1 1 0 3 0 1 1 0 1 1 1 0 1 2 3 0 0 0 2 1 1 1 2 1 0 1 2 1 0 0 2 1 0 2 1 1 2 1 2 0 1 1 1 1 1 1 1 1 1 2 1 1 1 1 1 2 1 1 1 1 2 1 2 1 1 1 3 2 4 1 3 3 4 3 4 1 2 0 4 5 2 2 4 5 1      25348      29307      39076 
6633	 918000	0 1 1 1 1 0 3 0 1 1 1 0 1 1 0 1 0 1 0 3 2 2 0 0 1 1 1 0 1 2 0 2 1 2 0 0 2 0 1 2 1 1 0 2 2 1 1 1 1 1 1 1 1 1 1 1 2 1 1 1 1 1 2 2 1 1 1 2 1 3 1 1 1 4 2 3 3 3 1 4 3 4 0 2 3 2 5 2 5 3      39600      29700      24300 
10593	 874000	1 1 0 0 1 1 0 1 3 1 1 1 1 1 0 0 2 2 3 1 0 0 1 2 1 1 1 1 2 0 2 1 0 0 1 2 0 1 2 1 1 1 2 1 0 1 1 1 1 1 1 1 1 1 2 2 1 1 1 1 1 1 1 1 1 2 2 1 0 1 1 3 4 2 1 2 2 3 4 3 1 0 2 5 3 3 3 5 3 3      27000      36000      27000 
15732	 838000	1 0 1 0 1 1 0 3 0 1 1 1 1 0 2 0 2 2 3 0 1 0 2 1 1 1 1 1 0 3 2 0 1 0 2 1 0 2 1 1 1 1 2 0 1 1 1 1 1 1 1 1 1 1 2 1 1 1 1 1 1 1 1 1 2 1 2 0 1 0 3 2 4 1 3 3 3 2 4 1 2 0 5 2 3 3 2 5 3 3      36000      36000      18000 
19890	 794000	1 1 0 1 0 1 1 0 3 1 1 1 1 1 0 1 0 2 1 3 0 1 0 2 1 1 1 1 1 0 1 2 0 1 0 2 1 0 2 1 1 1 1 2 0 1 1 1 1 1 1 1 1 1 2 2 1 1 1 1 1 1 1 2 1 2 1 2 0 2 0 3 2 4 1 2 3 3 2 4 1 3 0 5 3 3 3 3 5 3      44000      28000      18000 
20088	 770000	1 1 0 0 1 1 0 1 3 1 1 1 1 2 0 0 1 2 3 1 0 0 1 2 1 1 1 1 1 0 2 1 0 0 1 2 0 1 2 1 1 1 2 1 0 1 1 1 1 1 1 1 1 1 2 1 1 1 1 1 1 1 1 1 1 2 2 1 0 0 2 3 4 2 1 2 3 3 4 2 1 0 3 5 3 3 3 6 3 3      20000      60000      10000 
20583	 754800	1 1 0 1 0 1 1 0 3 1 1 1 1 0 0 1 0 2 1 3 0 1 0 2 1 1 1 1 1 0 1 2 0 1 0 2 1 0 2 1 1 1 1 2 0 1 1 1 1 1 1 1 1 1 2 2 1 1 1 1 1 1 1 1 1 2 1 2 0 2 0 3 2 4 1 3 2 3 2 5 1 3 0 5 3 3 3 3 6 3      63000      18800       8200 
21870	 753000	1 1 0 1 0 1 1 0 3 1 1 1 1 0 0 1 0 2 1 3 0 1 0 2 1 1 1 1 1 0 1 2 0 1 0 2 1 0 2 1 1 1 1 2 0 1 1 1 1 1 1 1 1 1 2 2 1 1 1 1 1 1 2 1 1 2 1 2 0 2 0 2 2 4 1 3 2 3 2 5 1 3 0 5 3 3 3 3 6 3      63000      18500       8500 
22068	 750000	1 0 1 1 0 0 1 3 0 1 1 1 1 0 0 1 2 0 1 0 3 1 2 0 1 1 1 1 0 1 1 0 2 1 2 0 1 2 0 1 1 1 1 0 2 1 1 1 1 1 1 1 1 1 2 1 2 1 1 1 1 1 1 1 2 1 1 0 2 2 3 0 2 1 4 3 3 2 2 2 5 3 5 0 3 3 3 3 3 6      63000       8500      18500 
22167	 725000	1 1 0 0 1 1 0 1 3 1 1 1 0 2 0 0 1 2 3 1 0 0 1 2 1 1 1 1 1 0 2 1 0 0 1 2 0 1 2 1 1 1 2 1 0 1 1 1 1 1 1 1 1 1 2 1 1 1 1 1 1 1 1 1 1 2 2 1 0 0 2 3 4 2 1 2 3 3 5 2 1 1 3 5 3 4 3 5 2 3      27500      45000      17500 
36306	 710000	1 1 0 0 1 1 0 1 3 1 1 1 0 2 0 0 1 2 3 1 0 0 1 2 1 1 1 1 1 0 2 1 0 0 1 2 0 1 2 1 1 1 2 1 0 1 1 1 1 1 1 1 1 1 2 1 1 1 1 1 1 1 1 1 1 2 2 1 0 0 2 4 4 2 1 2 3 3 5 2 0 1 3 5 3 4 3 5 2 3      30000      42000      18000 
0	1594000	0 0 6 0 2 0 1 1 0 1 1 1 0 1 4 1 1 1 2 0 0 0 1 2 0 2 1 0 2 0 1 2 1 1 1 1 1 1 0 1 1 0 1 1 1 1 0 2 1 0 2 1 2 0 2 1 0 2 0 3 1 2 1 0 0 3 0 5 0 1 1 3 2 3 2 5 2 1 4 1 0 2 4 4 3 4 2 7 0 1      45000      36000      30000 
693	1568000	0 0 6 0 2 0 1 1 0 1 1 1 0 1 4 1 1 2 2 0 0 0 1 2 0 2 1 0 2 1 1 2 0 1 1 1 1 1 0 1 1 0 1 1 0 1 0 2 1 0 2 1 2 0 2 1 0 2 0 3 1 2 1 0 0 3 0 5 0 1 1 3 2 3 2 5 2 1 4 1 0 2 4 4 3 4 2 7 0 1      51000      30000      30000 
1089	1550000	0 0 6 0 2 1 1 1 0 1 1 2 0 1 3 1 1 2 2 0 0 0 1 2 0 2 1 0 2 1 1 2 0 1 1 1 1 1 0 1 1 0 1 1 1 1 0 2 1 0 2 1 2 1 2 1 0 2 0 3 1 2 1 0 0 3 0 5 0 1 1 3 2 3 2 5 2 0 4 1 0 2 4 4 3 4 1 7 0 0      56000      25000      30000 
2574	1318000	0 1 6 0 2 1 1 1 0 1 1 1 0 1 3 1 0 3 2 0 0 0 1 2 1 3 1 0 2 1 1 1 0 1 1 1 1 1 0 1 2 0 1 1 1 1 0 2 1 0 2 1 1 1 2 2 0 1 0 3 0 3 1 0 0 3 0 4 0 1 1 3 2 3 2 6 1 0 4 2 0 2 4 4 3 3 1 7 0 0      41000      33000      30000 
5643	1077200	1 0 6 2 0 1 1 1 1 1 1 1 1 0 3 0 1 3 0 2 0 1 0 2 3 1 1 2 0 0 1 1 0 1 1 1 1 1 0 2 1 0 1 1 1 0 1 2 0 1 2 1 1 1 2 1 0 0 1 3 3 0 1 0 1 3 4 0 0 1 1 3 3 2 2 1 6 0 2 4 0 4 2 4 3 3 1 0 7 0      36000      41400      19800 
16317	1064000	1 0 1 2 0 1 1 1 2 1 1 1 1 0 1 0 1 1 0 2 1 1 0 1 3 1 1 2 1 2 1 1 2 1 1 1 1 1 1 3 1 1 1 1 1 0 1 1 0 1 1 0 1 1 2 1 1 0 1 1 3 0 1 0 1 1 4 0 1 1 1 2 3 2 3 1 6 2 2 4 2 4 2 2 3 3 3 0 6 2       6750      20250      69750 
18297	 988000	1 0 1 0 1 1 1 0 1 2 2 1 1 1 1 1 1 1 1 0 1 1 1 1 0 1 1 0 2 2 3 1 2 1 1 1 1 1 1 1 1 1 1 1 1 1 1 1 1 1 1 1 2 1 1 2 1 1 1 1 1 1 1 1 2 1 1 1 1 2 1 2 3 2 3 3 2 3 3 2 2 2 3 2 4 3 3 2 4 2      31500      31500      31500 
18792	 888000	1 0 1 1 1 0 1 0 1 1 2 2 1 1 1 1 1 1 1 0 1 1 1 1 1 1 0 1 2 0 0 1 3 1 1 1 1 1 1 2 1 1 1 1 1 1 1 1 1 1 1 1 2 1 1 2 1 1 1 1 1 1 1 1 2 1 3 1 1 2 1 2 2 2 3 2 2 3 3 2 3 2 3 2 2 3 4 4 4 2      36000      27000      27000 
19683	 770000	1 1 1 1 1 1 1 1 1 0 1 1 1 1 1 1 1 1 1 1 1 1 1 1 1 1 1 2 1 1 2 1 0 1 1 1 1 1 1 0 1 2 2 1 1 1 1 1 1 2 0 1 1 1 1 1 1 1 1 1 2 1 1 1 1 1 1 1 3 2 1 2 3 3 2 3 3 2 2 2 3 2 3 2 3 3 3 2 3 4      20000      35000      35000 
26217	 752000	1 1 1 1 0 1 1 1 1 1 1 0 1 1 1 1 1 1 1 0 1 1 1 2 1 1 1 1 1 0 1 1 1 1 1 1 1 1 1 1 2 1 1 1 1 1 1 1 2 0 2 1 1 1 1 1 1 1 1 1 1 1 2 1 1 1 1 3 1 1 2 2 3 2 2 3 2 3 2 3 3 3 2 3 3 4 2 3 4 3      45000      27000      18000 
28593	 749004	0 1 1 1 1 0 1 1 1 1 1 1 0 1 1 1 1 1 1 1 0 1 1 1 1 1 1 0 1 1 2 1 1 1 1 1 0 1 1 1 1 2 1 1 1 1 1 1 2 2 0 1 1 1 1 1 1 2 1 1 3 1 1 1 1 1 1 1 3 2 1 2 2 3 2 4 3 2 3 2 3 3 3 2 2 3 4 2 3 4      17668      45332      27166 
32751	 740000	1 1 1 1 1 1 1 0 1 1 2 1 1 1 1 1 1 1 1 1 1 1 2 1 1 1 1 1 1 1 1 0 1 1 1 1 1 1 1 1 1 1 1 1 2 1 1 1 2 0 0 1 1 1 1 1 1 1 1 1 1 1 1 1 1 1 1 1 1 1 2 2 3 2 3 3 3 2 2 2 4 3 3 2 3 4 3 3 4 3      45000      10000      35000 
33048	 730000	1 0 1 1 1 1 1 1 1 1 1 1 1 1 1 1 1 1 1 0 1 1 1 1 1 1 1 1 1 1 1 1 1 1 1 1 1 1 1 1 2 1 1 1 1 1 1 1 2 0 1 1 1 1 1 1 1 1 1 1 1 1 1 1 1 1 1 3 1 1 2 2 3 2 3 3 2 3 2 3 3 3 2 2 3 4 3 3 4 3      40000      20000      30000 
35523	 710000	1 0 1 1 1 1 0 1 1 1 1 1 1 1 1 1 1 1 1 0 1 2 1 1 1 0 1 1 1 1 1 2 1 1 1 1 1 1 1 1 2 1 1 1 1 1 1 1 1 0 2 1 1 1 1 1 1 1 1 1 1 1 1 1 1 1 1 3 1 2 3 1 3 2 3 3 1 3 3 3 2 2 2 3 3 4 3 3 4 3      20000      20000      50000 
38097	 690000	1 0 1 0 1 1 1 1 1 0 1 1 1 1 1 0 1 1 1 1 1 2 1 1 0 1 1 1 1 1 1 1 1 1 1 1 1 1 1 1 1 1 1 1 1 1 1 1 1 1 1 2 1 1 0 2 1 1 1 1 1 2 1 2 1 1 2 1 1 2 2 2 2 2 4 4 3 2 2 2 3 3 3 2 3 3 3 4 3 3      20000      30000      40000 
0	1300000	1 1 0 1 1 0 0 1 1 0 1 4 0 2 0 1 2 0 0 0 2 1 0 1 3 0 0 2 0 1 0 3 1 2 1 0 2 0 1 3 0 0 0 2 0 0 1 4 3 0 0 0 0 4 1 2 1 2 0 4 1 2 0 0 2 3 1 2 1 4 0 1 0 3 3 2 4 1 1 2 4 0 6 2 1 4 2 10 0 1      30000      40500      33000 
4059	1294000	1 1 0 1 1 0 0 1 1 0 1 4 0 2 0 1 2 0 0 0 2 1 0 1 3 0 0 2 0 1 0 3 1 2 1 0 2 0 1 3 0 0 0 2 0 0 0 4 3 1 0 0 0 4 1 2 1 2 0 4 1 2 0 0 2 3 1 2 1 4 0 1 0 3 3 2 4 1 1 2 4 0 6 2 1 4 2 10 0 1      29000      40500      34000 
5346	1282000	1 0 1 1 1 1 1 1 1 1 1 1 1 1 1 0 1 1 1 0 1 1 1 1 1 0 1 2 1 1 2 2 0 1 3 0 2 1 1 1 2 1 3 1 2 1 1 1 1 1 1 0 2 1 1 1 1 1 1 1 1 1 1 0 1 1 1 1 1 1 2 2 3 2 2 2 3 3 4 1 2 1 2 3 2 2 3 4 5 5      12600      23400      66600 
5445	1206000	1 0 0 1 1 1 1 0 1 1 3 1 1 1 0 1 0 2 1 1 1 1 1 1 1 1 1 1 1 1 0 1 2 0 2 3 1 1 1 1 0 2 2 0 1 1 5 1 1 0 1 1 2 2 1 1 1 1 2 0 1 2 1 1 2 0 1 2 1 2 1 1 2 3 2 3 0 3 2 4 1 3 2 2 3 1 3 5 2 5      54000      18000      27000 
6336	1194000	0 1 1 1 1 1 1 0 1 1 2 1 0 1 1 2 0 1 1 1 1 1 1 1 1 0 1 1 1 1 2 1 0 3 2 0 1 1 1 2 0 1 1 0 2 1 5 1 1 0 1 2 2 1 1 1 1 0 2 1 1 2 1 0 2 1 1 2 1 1 1 2 2 3 2 3 0 3 1 4 2 2 3 3 3 1 3 5 2 5      27000      18000      54000 
9009	1170000	0 1 0 1 1 1 1 1 0 1 1 2 0 1 1 2 1 0 1 1 1 1 1 1 1 1 0 1 1 1 2 0 1 3 0 3 1 1 1 2 1 0 1 2 0 1 1 5 1 1 0 2 1 2 1 1 1 0 1 2 1 1 2 0 1 2 1 1 2 1 2 1 2 2 3 3 3 0 1 2 4 2 3 2 3 3 2 5 5 2      27000      54000      18000 
9207	1020920	1 2 0 2 0 1 1 1 1 0 1 2 1 1 1 1 1 0 0 1 1 0 1 1 0 1 0 1 1 1 1 1 0 1 1 3 1 1 2 2 1 0 2 2 0 1 1 5 1 1 0 1 1 2 2 1 1 1 1 2 1 1 2 1 1 2 2 1 2 2 2 1 2 3 3 3 2 0 2 2 4 1 3 2 3 3 2 5 3 1      26832      63252       6708 
9504	 918000	0 2 2 2 0 0 1 1 1 0 1 1 1 1 1 0 1 1 0 1 1 1 1 0 0 1 1 1 1 0 1 1 0 1 1 1 1 1 1 2 1 0 2 2 3 1 1 1 1 1 1 1 1 1 2 1 2 1 1 1 1 1 2 1 1 1 2 1 1 2 2 2 2 3 3 4 2 2 2 2 3 1 3 3 3 3 3 5 3 3      27000      45000      21000 
9603	 898000	2 0 2 0 2 0 1 1 1 1 0 1 1 1 1 0 1 1 1 0 1 0 0 1 1 0 1 2 1 1 0 1 1 1 1 1 1 1 1 0 2 1 2 2 2 1 1 1 1 1 1 1 1 1 2 2 1 1 1 1 2 1 1 1 1 1 1 2 1 2 2 2 3 2 3 2 3 2 3 3 2 3 1 3 3 3 3 3 5 3          0      27000      63000 
11187	 868000	0 1 2 1 1 1 1 1 1 0 1 1 1 1 1 1 1 1 0 1 2 0 1 1 0 1 1 1 1 1 1 1 1 1 1 1 1 1 1 2 1 1 3 2 2 1 1 1 1 1 1 1 1 1 2 1 1 1 1 1 1 1 1 1 1 1 2 1 1 2 2 1 2 3 2 3 2 2 3 2 2 1 3 3 3 3 3 5 3 3      23000      46000      23000 
11286	 856000	0 2 1 1 0 1 1 1 1 0 1 1 1 1 1 1 1 1 0 2 1 0 1 1 0 1 1 1 1 1 1 1 1 1 1 1 1 1 1 2 1 0 3 2 2 1 1 1 1 1 1 1 1 1 2 1 1 1 1 1 1 1 1 1 1 1 2 1 1 2 1 3 2 3 3 3 2 2 3 2 2 1 4 3 3 3 3 5 2 3      27000      30000      33000 
12672	 844000	1 1 0 1 0 1 1 1 1 1 1 0 1 1 1 1 0 1 1 2 0 1 1 0 1 2 0 1 1 1 1 1 1 1 1 1 1 1 1 1 1 2 2 2 3 1 1 1 1 1 1 1 1 1 1 1 2 1 1 1 1 1 1 1 1 1 1 1 2 2 1 2 2 3 2 3 2 3 2 2 3 3 4 1 3 3 3 3 3 5      36000      27000      27000 
12870	 824000	1 1 0 1 0 1 1 1 1 1 1 0 1 1 1 1 0 1 1 2 0 1 1 0 1 2 0 1 1 1 1 1 1 1 1 1 1 1 1 1 1 2 2 2 3 1 1 1 1 1 1 1 1 1 1 1 1 1 1 1 1 1 1 1 1 1 1 1 2 2 1 2 2 3 2 3 2 3 2 2 3 3 4 1 3 3 4 3 3 5      36000      27000      27000 
13761	 814000	1 1 1 1 1 1 1 1 1 1 1 1 1 1 1 1 1 1 1 1 1 1 1 1 1 1 1 0 1 1 1 1 1 1 1 0 1 1 0 1 1 1 2 2 1 1 1 1 1 1 1 1 1 1 1 1 1 1 1 1 2 1 1 1 1 1 1 1 2 2 2 2 3 2 3 2 3 2 2 2 4 3 3 3 3 3 3 3 3 3      18000      54000      18000 
13860	 810000	1 1 1 1 1 1 1 1 1 1 1 1 1 1 1 1 1 1 1 1 0 1 1 1 1 1 1 1 1 2 2 1 0 1 1 1 1 1 1 1 1 1 2 1 2 1 1 1 2 1 2 1 1 1 1 1 1 1 1 1 1 1 1 1 1 1 1 1 1 2 2 2 3 2 3 2 3 2 2 3 2 2 3 3 3 3 3 2 3 3      15000      50000      25000 
14058	 770000	1 1 1 1 1 1 1 0 1 1 2 1 1 1 1 1 1 1 1 0 1 1 1 1 1 1 1 1 2 1 1 0 1 1 1 1 1 1 1 1 1 1 1 2 2 1 1 1 1 2 1 1 1 1 1 1 1 1 1 1 1 1 1 1 1 1 1 1 1 2 2 2 2 3 3 3 2 2 3 2 2 3 3 3 3 3 3 3 3 3      50000      10000      30000 
14355	 750000	1 1 1 1 1 1 1 1 1 1 0 1 1 1 1 1 1 1 1 1 1 1 1 1 1 1 1 1 1 1 1 1 1 1 1 1 1 1 1 1 1 1 1 2 1 1 1 1 1 1 1 1 1 2 1 1 1 1 1 1 1 1 1 1 1 2 1 1 2 2 2 2 2 4 2 3 1 2 3 2 3 3 3 2 3 4 3 3 3 2      70000      20000          0 
14454	 730000	1 1 2 1 1 1 1 1 1 0 1 1 1 1 0 1 1 1 1 1 1 1 1 1 2 1 0 1 1 1 1 1 1 1 1 1 1 1 1 1 1 2 2 1 1 1 1 1 1 1 1 1 1 1 1 1 1 1 1 2 1 1 1 1 1 3 1 1 1 2 2 1 4 2 2 1 3 2 2 3 2 3 3 2 3 3 3 3 3 4      15000      65000      10000 
14652	 688000	2 1 1 1 1 1 0 1 0 1 1 1 0 1 1 1 1 1 1 1 0 0 1 1 0 1 2 1 1 1 1 1 2 1 1 1 1 1 0 2 1 1 0 1 2 1 1 1 1 1 2 1 1 1 1 1 2 2 1 1 1 1 2 4 1 1 2 1 1 1 2 2 3 2 4 2 3 2 2 3 2 2 3 2 3 3 2 4 3 2      15000      63000       9000 
17523	 680000	1 1 2 1 1 1 0 1 0 1 1 1 1 1 0 1 1 0 0 1 1 1 1 0 2 1 0 1 1 1 2 1 1 1 1 1 0 1 1 1 1 2 2 1 0 1 1 1 2 1 1 1 1 1 2 1 1 1 1 2 2 1 2 1 1 4 1 1 2 2 2 1 4 2 3 2 3 2 2 3 2 2 3 2 2 3 3 2 3 4       9000      63000      15000 
18414	 662000	1 2 1 1 1 1 0 0 1 1 1 1 2 0 1 1 0 1 0 1 1 1 0 1 2 0 1 1 1 1 2 1 1 1 1 1 0 1 1 1 2 1 2 0 1 1 1 1 2 1 1 1 1 1 2 1 1 1 2 1 1 2 1 0 4 1 1 2 1 2 1 2 4 3 2 2 2 3 2 2 3 2 2 3 2 3 3 3 4 3       9000      15000      63000 
18513	 624000	2 1 1 1 1 1 0 1 1 1 1 1 0 1 1 0 1 1 1 1 1 0 1 1 0 1 1 1 1 1 1 1 1 1 1 1 1 1 1 2 1 1 0 2 1 1 1 1 1 1 1 1 1 1 1 1 1 2 1 1 2 1 1 4 1 1 2 1 1 1 2 2 3 3 2 2 2 3 2 2 3 2 3 3 3 3 3 4 3 3      15666      20002      49998 
19701	 592668	2 1 1 0 1 1 0 1 1 1 1 1 0 1 1 0 1 1 1 1 1 0 1 1 0 1 1 1 1 1 1 1 1 1 1 1 1 1 1 2 1 1 0 2 1 1 1 1 1 1 1 1 1 1 1 1 1 2 1 1 2 1 1 4 1 1 2 1 1 1 2 2 3 3 2 2 2 3 2 2 3 2 3 3 4 3 3 4 3 3      15667      20000      50000 
27414	 590000	1 0 2 1 1 0 1 1 0 1 1 1 1 1 0 1 1 1 1 1 1 1 1 0 1 1 0 1 1 1 1 1 1 1 1 1 1 1 1 1 1 2 2 1 0 1 1 1 1 1 1 1 1 1 1 1 1 1 1 2 1 1 2 1 1 3 1 1 2 2 2 1 3 2 3 2 3 2 2 3 2 3 3 2 3 3 4 3 4 4      30000      40000      15000 
27612	 572400	1 0 2 1 1 0 1 1 1 1 1 1 1 1 0 1 1 1 1 1 1 1 1 0 1 1 0 1 1 1 1 1 1 1 1 1 1 1 1 1 1 2 2 1 0 1 1 1 1 1 1 1 1 1 1 1 1 1 1 2 1 1 2 1 1 2 1 1 2 2 2 1 4 2 3 2 3 2 2 3 2 2 3 2 3 3 4 3 4 4      22800      46000      15600 
29493	 554400	0 2 1 1 0 1 1 1 1 1 0 1 1 0 1 1 1 1 1 1 1 1 0 1 1 0 1 1 1 1 1 1 1 1 1 1 1 1 1 1 1 1 1 0 2 1 1 1 1 1 1 1 1 1 1 1 1 1 3 1 1 2 1 1 2 1 1 3 1 2 1 2 2 3 4 3 2 3 3 2 2 3 2 2 3 4 3 4 4 2      43000      14400      25200 
36819	 554000	0 2 1 1 0 1 1 1 1 1 0 1 1 0 1 1 1 1 1 1 1 1 0 1 1 0 1 1 1 1 1 1 1 1 1 1 1 1 1 1 1 1 1 0 2 1 1 1 1 1 1 1 1 1 1 1 1 1 3 1 1 2 1 1 2 1 1 2 1 2 1 2 2 4 4 3 2 3 3 2 2 3 2 2 3 4 3 4 4 2      46000      16000      22000 
37908	 543334	0 2 1 1 0 1 1 1 1 1 0 1 1 0 1 1 1 1 1 1 1 1 0 1 1 0 1 1 1 1 1 1 1 1 1 1 1 1 1 1 1 1 1 0 2 1 1 1 1 1 1 1 1 1 1 2 1 1 3 1 1 2 1 1 2 1 1 2 1 2 1 2 2 3 4 3 2 3 3 2 2 3 2 2 3 4 3 4 4 2      43335      16666      23333 
0	1607000	1 1 0 1 0 1 0 2 0 0 0 3 1 0 1 0 1 1 0 2 1 0 2 1 0 0 3 1 0 2 2 0 1 1 0 1 0 3 0 1 4 0 0 1 2 2 1 0 0 0 2 1 0 1 0 2 1 0 4 1 1 1 1 1 0 2 2 1 0 4 1 0 3 4 2 1 4 5 1 3 4 3 0 4 3 5 2 12 0 0      36000      31500      45000 
1683	1283092	2 1 2 1 0 0 1 1 0 0 2 0 1 1 1 1 1 1 1 1 0 1 1 1 1 1 0 2 1 0 1 1 2 1 1 1 3 0 0 1 0 2 1 1 1 1 0 2 1 1 0 1 1 0 1 1 1 1 2 0 1 2 0 0 3 2 2 2 1 1 1 4 3 2 4 2 2 2 2 5 2 3 2 1 4 4 0 1 1 12      55954      31500      16046 
2673	1246430	2 2 0 1 1 0 1 1 0 2 0 0 1 1 1 1 1 1 1 1 0 1 1 0 1 1 0 1 2 2 1 1 0 1 1 1 2 3 2 2 1 1 1 1 1 1 1 1 1 1 2 1 1 1 1 1 1 1 1 1 1 1 1 1 0 3 1 2 0 1 1 3 3 3 0 2 2 2 2 2 3 2 3 2 4 4 5 1 1 8      35000      43285      25215 
3465	1243000	2 2 1 1 1 0 1 1 1 2 0 0 1 1 2 0 1 1 1 1 0 1 1 0 1 1 0 1 2 2 1 1 0 1 1 1 2 2 0 1 0 3 1 1 1 1 1 1 0 1 2 1 1 1 1 1 0 2 1 0 1 1 1 1 0 3 3 1 0 1 1 3 3 3 0 2 4 2 2 3 3 2 3 2 4 4 4 1 1 8      35000      46000      21375 
4158	 954000	2 2 0 1 2 0 1 0 0 2 2 0 1 1 1 1 1 1 1 1 0 1 1 0 1 1 0 1 1 1 1 0 0 1 1 1 2 2 1 1 1 1 1 1 1 1 1 1 1 1 1 1 0 1 1 1 1 1 1 1 1 1 1 1 1 3 2 2 0 1 2 3 3 3 0 2 2 4 2 3 3 2 2 3 3 3 5 2 2 8      72000          0      21000 
4653	 874000	0 2 2 0 1 1 0 1 1 0 2 1 1 1 1 1 0 1 0 2 1 0 0 1 0 1 1 1 1 1 0 3 1 1 0 1 1 1 2 1 1 1 1 1 1 1 1 1 1 1 1 1 1 1 1 0 1 1 2 1 1 1 1 3 1 1 0 4 2 3 0 1 0 4 4 4 1 2 3 2 2 3 2 2 5 4 3 8 1 2      25000       3000      63000 
6138	 853000	1 2 0 0 1 0 1 1 0 0 1 0 0 1 1 3 1 1 1 1 0 0 1 0 0 1 0 2 1 1 1 1 0 0 1 1 0 2 1 0 1 1 1 1 1 1 1 1 2 1 1 0 1 1 1 1 1 1 2 1 0 1 2 2 1 2 0 2 0 3 1 3 1 4 0 2 2 4 3 2 3 4 2 3 5 3 5 7 1 8       9000      63000      19250 
6534	 850000	2 0 0 1 1 0 1 0 0 2 0 0 1 1 1 2 0 1 1 0 1 1 0 0 1 0 0 1 1 1 1 0 1 1 1 1 1 1 1 1 1 1 1 1 1 1 1 0 1 1 0 1 1 1 1 1 1 1 1 1 1 2 1 1 2 3 2 0 0 1 3 3 4 0 0 2 4 4 2 3 3 2 3 3 3 5 5 1 8 8      63000      18000       9000 
8613	 838000	1 0 1 1 0 1 2 0 1 2 0 2 1 1 1 2 1 2 1 1 1 1 0 1 1 0 1 1 1 1 1 1 1 0 1 1 2 1 1 1 1 1 1 1 1 2 0 1 1 0 2 1 1 1 1 1 1 1 1 1 1 1 1 1 3 1 2 0 2 1 3 1 3 0 4 2 4 2 2 3 2 2 3 2 3 5 2 1 8 2      18000      27000      45000 
9009	 800000	0 0 2 1 1 1 0 0 1 0 0 1 1 0 1 0 0 1 0 0 1 0 0 1 0 0 1 0 0 1 0 1 1 1 1 1 1 1 1 1 1 1 1 1 1 1 1 1 1 0 1 1 1 1 1 1 2 2 1 1 2 2 1 1 2 1 0 0 2 3 4 1 0 0 3 4 4 2 4 3 2 3 3 3 5 5 3 8 9 2       9000       9000      72000 
9306	 794000	2 0 0 1 1 1 1 0 0 2 0 0 1 0 2 2 0 0 1 0 0 1 0 0 1 0 1 1 0 2 1 0 1 1 1 1 1 1 1 1 1 1 1 1 1 1 1 1 1 1 2 1 1 0 1 1 1 1 2 1 1 2 0 1 1 1 2 0 0 1 3 3 4 0 0 2 4 4 2 4 2 2 3 4 3 5 5 1 9 7      64000      18000       8000 
9801	 770000	1 0 0 1 1 1 1 0 0 2 0 0 1 2 0 1 0 0 1 0 0 1 0 0 1 1 0 1 2 0 1 1 0 1 1 1 1 0 1 1 1 1 1 1 1 1 1 1 2 2 0 1 0 1 1 1 1 1 1 1 1 0 2 1 1 2 2 1 0 1 3 4 4 0 0 2 4 4 3 2 3 2 4 3 2 5 6 2 7 9      64000       8000      18000 
11484	 756000	0 0 1 1 1 1 0 0 1 0 1 2 0 1 1 0 1 1 0 0 1 0 0 1 0 1 1 0 2 1 0 1 1 1 2 1 1 1 1 1 1 1 1 1 1 1 1 1 0 1 2 1 0 1 1 0 1 1 2 1 2 0 1 2 0 1 0 0 2 4 3 1 0 1 4 4 4 2 3 2 3 3 4 2 6 5 2 9 6 2      17500       8000      64000 
13761	 724400	1 1 0 0 1 1 1 1 1 1 1 2 1 1 0 1 2 1 1 2 0 1 1 0 1 1 0 1 2 0 1 2 0 1 1 1 2 1 0 1 1 1 1 1 1 1 2 1 2 1 0 1 1 1 1 1 1 1 2 1 1 1 2 2 1 0 2 1 0 2 0 4 3 4 0 2 2 4 3 2 2 2 3 2 2 2 7 2 0 9      34700      30600      23400 
14256	 710000	1 1 0 1 1 0 1 1 0 1 1 0 1 1 0 2 1 0 3 1 1 1 1 1 1 1 0 2 1 0 2 1 0 1 1 2 1 1 1 1 1 1 1 1 1 2 1 1 1 2 0 1 1 1 1 1 1 2 1 1 1 1 2 1 1 1 1 2 0 0 1 4 4 4 0 1 2 5 2 3 3 3 2 3 2 3 4 0 2 9      15000      50000      25000 
15642	 664002	0 1 1 0 1 1 0 1 1 0 1 1 0 1 1 0 2 1 1 3 1 1 0 1 0 1 1 0 2 1 0 2 1 2 1 1 1 1 1 1 1 1 1 1 1 1 2 1 0 1 2 1 1 1 1 1 1 1 2 1 2 1 1 1 2 1 0 1 2 4 0 2 0 4 3 5 1 2 3 2 3 3 3 2 4 2 3 9 0 2      20000      15667      50000 
25623	 654304	0 1 1 0 1 1 0 1 1 0 1 1 0 1 1 0 2 1 1 3 1 1 0 1 0 1 1 0 2 1 0 2 1 2 1 1 1 1 1 1 1 1 1 1 1 1 2 1 0 1 2 2 1 1 1 1 1 1 2 1 2 1 1 1 2 1 0 1 2 3 0 2 0 4 3 5 1 2 3 2 3 3 3 2 4 2 3 9 0 2      21030      17726      45366 
35028	 638000	0 1 1 0 1 1 0 1 1 0 1 1 0 1 1 0 1 2 1 1 3 1 1 0 0 1 1 1 1 2 0 1 2 2 1 1 1 1 1 1 1 1 2 1 1 1 1 2 0 2 1 1 1 1 1 1 1 1 1 2 2 1 1 1 1 2 0 2 1 2 2 0 1 3 4 5 2 1 3 3 2 3 2 3 4 3 2 8 2 0      22000      52000      13000 
39978	 632156	0 1 1 0 1 1 0 1 1 0 1 1 0 2 1 0 1 2 1 0 3 1 1 0 0 1 1 1 1 2 0 1 2 2 1 1 1 1 1 1 1 1 2 1 1 1 1 2 0 2 1 1 1 1 1 1 1 1 1 2 2 1 1 1 1 2 0 2 1 2 2 0 1 3 4 5 2 1 3 3 2 3 2 3 4 3 2 8 2 0      23154      47384      15616 
41859	 632000	1 0 1 1 0 1 1 0 1 1 0 1 1 0 2 2 0 1 3 2 0 0 1 1 1 0 1 2 0 1 2 0 1 1 2 1 1 1 1 1 1 1 1 2 1 2 1 1 1 0 2 1 1 1 1 1 1 2 1 1 1 2 1 2 1 1 1 0 2 0 2 2 4 1 3 1 5 2 2 3 3 3 3 2 2 4 3 0 8 2      13000      22000      52000 
44334	 624400	1 0 1 1 0 1 1 0 1 1 0 1 1 0 2 2 0 1 3 2 0 0 1 1 1 0 1 2 0 1 2 0 1 1 1 1 1 1 1 1 1 1 1 2 1 2 1 1 1 0 2 1 2 1 1 1 1 2 1 1 1 2 1 2 1 1 1 0 2 0 2 2 4 1 3 1 5 2 2 3 3 3 3 2 2 4 3 0 8 2      14200      22800      48800 
0	1608000	0 2 1 1 0 1 1 2 0 2 0 0 1 0 1 0 0 2 0 1 1 0 2 0 1 1 0 1 2 0 0 0 3 0 1 4 2 0 1 1 2 0 2 0 1 3 0 0 2 1 1 2 1 0 1 1 0 2 1 1 1 0 2 0 1 5 1 0 4 2 1 1 4 3 2 0 5 2 3 2 1 3 1 2 1 8 3 5 4 3      43000      38000      31500 
1386	1575500	1 2 1 2 0 1 0 2 1 1 0 2 1 0 1 1 0 1 1 1 0 0 2 0 2 1 1 0 2 0 2 0 1 3 1 0 1 0 2 0 2 1 1 1 2 0 0 2 1 1 3 1 1 1 0 1 1 1 1 2 2 0 2 5 0 0 4 0 1 1 1 2 2 3 4 1 5 0 1 2 3 1 1 3 3 8 0 3 4 4      21250      41750      48000 
1485	1536000	0 1 1 1 1 1 1 1 0 2 0 0 1 0 1 0 2 2 1 0 1 1 2 0 1 1 0 1 1 0 0 2 3 1 0 3 2 1 1 1 1 0 1 3 1 2 2 0 2 0 1 1 2 0 1 2 0 2 0 1 1 3 2 0 0 5 1 0 4 2 1 2 4 3 2 1 4 2 3 3 1 3 1 2 1 3 3 4 2 3      36000      45000      27000 
2079	1318000	0 1 2 1 1 0 1 1 2 2 1 2 1 0 1 1 1 0 1 0 1 1 1 3 1 1 0 1 1 0 0 2 1 1 0 1 2 1 2 1 1 1 1 2 0 2 2 0 2 0 1 1 3 1 1 2 1 1 1 3 1 3 1 0 0 3 1 0 3 2 2 1 4 2 0 1 4 3 3 2 1 3 1 4 1 4 3 4 2 1      42000      30000      30000 
4059	1314000	0 0 2 1 1 0 1 1 2 2 1 2 1 0 1 1 1 0 1 0 1 1 1 3 1 1 0 1 1 0 0 2 1 1 0 1 2 0 2 1 1 1 1 2 0 2 2 0 2 0 1 1 3 1 1 2 1 1 1 3 1 3 1 0 0 3 1 1 3 2 2 1 4 3 0 1 4 3 3 2 1 3 1 4 1 4 3 4 2 1      42000      30000      30000 
4653	1194800	1 0 3 1 1 0 1 1 2 1 3 1 0 1 2 1 1 0 0 1 1 1 0 3 1 1 0 1 1 0 2 0 1 0 2 1 1 1 2 1 1 1 2 1 0 1 2 0 1 2 1 3 1 1 2 1 1 1 1 3 3 1 1 1 0 3 0 1 3 2 2 1 2 4 0 3 1 3 2 3 1 1 3 3 4 1 3 2 4 1      35600      39700      23300 
5346	1078424	1 0 3 1 1 0 1 1 2 1 3 1 0 1 2 1 1 0 0 1 1 1 0 3 1 1 0 1 1 0 2 0 1 0 2 1 1 0 2 1 1 1 2 1 0 1 2 0 1 2 1 3 1 1 2 1 1 1 1 3 3 1 1 1 0 3 0 1 3 2 2 1 2 4 0 3 1 3 2 3 1 1 3 3 4 2 3 2 4 1      33052      40896      22316 
6336	1077082	1 0 3 1 1 0 1 1 2 1 3 0 0 1 1 1 1 0 0 1 1 1 0 3 1 1 0 1 1 0 2 0 1 0 2 0 1 0 2 1 1 1 2 1 0 1 2 0 1 2 1 3 1 1 2 1 1 1 1 4 3 1 1 1 0 3 0 1 4 2 2 1 2 4 0 3 1 3 2 3 1 1 3 4 4 2 3 2 4 1      33231      40846      22154 
7920	1077046	3 1 0 0 1 1 2 1 1 0 1 3 1 0 1 0 1 1 1 0 1 3 1 0 0 1 1 0 1 1 1 2 0 0 0 2 2 1 0 1 1 1 0 2 1 0 1 2 1 1 2 1 3 1 1 2 1 4 1 1 1 3 1 3 1 0 4 0 1 1 2 2 0 2 4 3 3 1 1 2 3 4 1 3 3 4 2 1 2 4      22153      33230      40846 
11385	 958000	0 3 0 1 0 1 1 2 1 3 0 1 1 1 0 1 0 1 1 1 0 0 4 1 1 0 2 2 0 1 0 1 2 2 0 0 0 2 1 1 1 1 1 0 2 2 0 1 0 1 2 1 1 2 1 1 2 1 4 1 1 1 2 0 3 1 0 4 1 2 1 2 4 0 2 2 3 3 3 1 2 3 4 1 3 2 4 4 1 2      42750      21000      30000 
13365	 945500	3 0 0 0 1 1 2 1 1 0 1 3 1 0 1 0 2 1 2 0 1 4 1 0 0 2 1 0 1 2 1 2 0 0 0 2 2 1 0 1 1 1 0 2 1 0 1 2 1 2 0 1 1 1 0 2 1 4 1 1 1 2 1 3 1 0 4 1 0 1 2 2 0 2 4 3 3 2 1 2 3 4 1 3 2 4 3 1 2 4      21000      30000      42750 
22266	 934334	1 1 1 1 1 1 1 1 1 1 2 2 0 2 1 1 1 1 1 1 1 2 1 2 1 1 0 1 1 1 1 1 1 1 1 1 1 1 1 1 1 1 1 1 1 1 1 1 1 1 1 1 1 1 2 2 1 1 1 1 1 1 1 1 1 1 1 1 1 2 1 2 3 3 3 2 2 3 3 2 2 2 3 2 3 2 3 3 3 3      45165      23334      23334 
22365	 874000	1 0 0 1 1 1 1 1 1 1 1 0 1 1 2 1 1 1 1 1 2 1 2 2 1 1 1 1 1 2 1 2 1 1 1 1 1 1 1 1 1 1 1 1 1 1 1 1 1 1 1 1 1 1 2 1 1 1 1 2 1 1 0 1 1 1 1 1 1 2 1 2 3 3 2 3 2 2 2 4 2 2 3 2 3 3 3 3 2 4      66000      24000       1500 
22959	 872400	1 1 1 1 1 1 1 0 1 1 1 2 1 1 1 1 0 1 1 2 1 1 2 2 1 1 1 1 1 1 1 1 1 1 1 1 1 1 1 1 2 1 1 1 1 1 1 1 1 1 1 1 1 1 2 0 1 1 2 1 1 1 1 1 1 1 1 1 1 2 2 2 3 2 3 3 2 2 2 4 2 2 3 2 3 3 3 3 2 3      68400      23400          0 
23058	 824000	1 1 1 1 1 1 1 1 1 2 2 1 1 1 0 1 1 1 1 1 0 1 1 2 1 1 0 1 1 1 1 1 1 1 1 1 1 1 1 1 1 2 1 1 1 1 1 1 1 1 1 1 1 1 1 1 1 1 1 1 1 1 1 2 1 1 1 1 1 2 2 2 2 3 3 2 2 3 2 2 3 2 3 2 3 3 4 4 3 3      13000      50000      27000 
23454	 818000	1 1 1 1 0 1 1 1 1 1 2 2 0 1 1 1 1 1 0 1 1 1 2 1 0 1 1 1 1 1 1 1 1 1 1 1 1 1 1 2 1 1 1 1 1 1 2 1 1 0 1 1 2 1 1 1 1 1 2 1 1 1 1 1 1 1 1 1 1 2 2 2 3 2 3 4 2 2 3 2 2 2 2 3 4 3 3 3 3 3      27000       9000      54000 
23553	 804668	2 1 0 1 1 1 1 1 1 1 1 3 0 1 1 1 1 1 0 1 1 1 1 1 0 1 1 1 1 1 1 2 1 1 1 1 1 1 1 2 1 1 1 1 1 1 1 1 1 1 1 1 1 1 0 2 1 1 1 1 1 1 1 2 0 1 1 2 1 2 2 2 3 2 3 3 2 2 3 4 2 2 2 3 4 2 3 3 3 3      25668      16334      48664 
23850	 798000	1 1 1 1 1 1 1 1 0 1 2 0 1 1 1 1 2 0 1 0 2 1 1 2 1 1 1 1 1 1 1 1 1 1 1 1 1 1 1 1 1 2 1 1 1 1 1 1 1 1 1 1 1 1 2 1 1 1 1 2 1 1 1 1 2 1 1 1 1 2 2 2 3 2 2 3 2 2 2 2 4 2 2 3 3 3 3 3 4 2      50000      13000      27000 
25434	 770000	1 1 1 1 1 1 1 1 1 2 1 2 1 1 1 1 1 2 1 1 0 1 1 1 1 1 1 1 1 1 1 1 1 1 1 1 1 1 1 1 1 1 1 1 1 1 1 1 1 1 1 1 1 1 1 2 1 1 1 1 1 1 1 1 1 2 1 1 1 2 1 2 3 2 2 2 3 2 2 3 2 3 2 2 3 4 3 3 3 4      50000      30000      10000 
26622	 750000	1 1 1 1 1 1 1 1 1 1 1 2 1 1 1 1 1 1 1 1 1 1 1 1 0 1 1 1 1 1 1 1 1 1 1 1 1 1 1 1 1 1 1 1 1 1 1 1 1 1 1 1 1 1 2 2 1 1 1 1 1 1 1 1 1 1 1 1 1 2 1 2 3 2 3 3 3 2 3 3 2 2 2 3 3 4 3 3 3 3      20000      30000      40000 
28107	 730000	1 1 1 1 1 1 1 0 1 1 1 1 1 1 1 1 0 1 1 1 1 1 1 1 1 1 1 1 0 1 1 1 1 1 1 1 1 1 1 2 1 1 1 1 1 1 1 1 1 1 1 1 2 1 1 1 1 1 1 2 1 1 1 1 2 1 1 2 1 1 2 2 2 3 3 3 2 2 3 2 2 2 4 3 4 3 3 3 3 3      45000      10000      35000 
31077	 700000	1 1 1 1 1 1 1 0 1 1 1 1 1 1 1 1 0 1 1 1 1 1 1 1 1 1 1 1 0 1 1 1 1 1 1 1 1 1 1 1 1 1 1 1 1 1 1 1 1 1 1 1 2 1 1 1 1 2 1 0 1 1 1 1 2 1 1 2 1 2 2 2 3 3 2 2 2 4 2 2 3 3 4 2 3 3 4 3 3 3      45000      10000      35000 
36126	 690000	1 1 0 1 1 1 1 1 0 1 2 1 1 1 1 1 1 1 1 0 1 1 1 0 1 1 1 1 0 2 1 1 1 1 1 1 1 1 1 1 1 1 1 1 1 1 1 1 1 1 1 1 1 1 1 1 1 2 0 1 1 1 1 1 1 1 1 1 2 2 2 2 3 1 3 2 4 5 2 5 2 3 2 2 3 4 3 3 3 3      60000      20000      10000 
39492	 670000	1 1 0 1 1 1 1 1 0 1 2 1 1 1 1 1 1 1 1 0 1 1 1 0 1 1 1 1 0 2 1 1 1 1 1 1 1 1 1 1 1 1 1 1 1 1 1 1 1 1 1 1 1 1 1 1 1 2 0 1 1 1 1 1 1 1 1 1 2 2 2 2 3 1 3 1 4 5 2 5 2 3 2 2 3 4 3 4 3 3      50000      20000      20000 
0	1243000	2 0 0 2 0 0 1 2 0 1 0 1 0 0 2 0 3 0 0 1 2 2 0 0 0 2 0 0 0 2 1 0 2 2 0 0 2 0 1 1 2 0 0 0 3 2 1 0 1 1 1 1 1 2 0 2 2 0 3 3 0 0 4 0 3 2 1 3 0 1 2 3 5 3 0 2 4 1 2 1 6 7 0 0 0 5 4 6 3 1      36000      31500      36000 
6525	1008750	3 1 0 1 1 1 0 1 1 0 1 1 0 1 4 1 0 1 0 1 1 0 1 1 1 0 1 1 1 1 1 1 1 1 2 1 0 1 3 2 1 1 1 1 1 0 1 2 2 1 0 1 1 1 1 1 1 1 2 0 1 1 1 1 2 1 2 2 0 3 3 1 3 1 3 4 0 4 3 2 2 3 1 3 1 4 3 4 6 1      29250      30375      33750 
7317	1008000	0 1 1 1 1 0 1 1 0 0 1 2 4 0 1 1 0 2 1 1 1 2 1 1 1 0 2 1 1 1 1 1 1 1 2 1 1 1 1 0 1 2 1 1 1 3 1 0 2 1 1 1 1 1 1 1 1 1 2 1 1 1 1 1 2 1 0 1 2 1 3 1 3 1 3 4 0 3 1 3 4 3 1 2 3 5 1 1 6 3      39000      24000      33000 
7515	 956286	0 1 1 1 1 1 1 0 1 0 1 1 4 0 0 1 2 0 1 1 1 2 0 1 1 1 0 1 1 1 1 1 1 1 0 2 2 1 1 0 2 1 1 1 1 3 0 1 1 3 1 1 1 1 1 1 1 1 1 2 1 1 1 1 1 2 0 2 1 1 2 3 3 3 1 4 3 0 1 3 3 3 3 1 3 1 5 1 4 6      32857      32857      30143 
12465	 860668	1 0 1 1 1 1 2 1 0 1 0 1 0 4 0 0 1 2 0 1 1 1 2 0 0 1 1 1 1 1 1 1 1 2 1 0 1 2 1 1 0 2 1 1 1 1 3 0 1 1 3 1 1 1 1 1 1 2 1 1 1 1 1 2 1 1 1 0 2 3 1 2 1 3 3 0 4 3 3 1 3 1 3 3 5 3 1 6 1 4      25998      28336      37002 
18504	 848000	1 0 1 1 1 1 2 2 0 1 0 1 0 4 0 0 1 2 1 1 1 1 2 0 0 1 1 1 1 1 1 1 1 2 1 0 1 1 1 1 0 2 1 1 1 1 3 0 1 1 3 1 1 1 1 1 1 2 1 1 1 1 1 2 1 1 1 0 2 3 1 2 1 3 3 0 4 3 3 1 3 1 3 3 5 3 1 5 1 4      27000      27000      36000 
21672	 820000	1 1 0 1 1 1 2 0 2 1 1 0 0 0 4 0 2 1 1 1 1 1 0 2 0 1 1 1 1 1 1 1 1 2 0 1 1 1 1 1 2 0 1 1 1 1 0 3 1 3 1 1 1 1 1 1 1 2 1 1 1 1 1 2 1 1 1 2 0 3 2 0 1 3 4 0 3 4 3 3 1 1 3 3 5 1 3 5 4 1      27000      36000      27000 
26424	 818000	1 1 0 1 1 2 2 0 1 1 1 0 0 1 3 0 2 1 1 2 1 1 0 2 0 1 1 1 1 1 1 1 1 2 0 1 1 1 1 1 2 0 1 1 1 1 0 2 1 2 1 1 1 1 1 1 1 2 1 1 1 1 2 2 1 1 1 2 0 3 2 0 1 3 4 0 3 4 3 3 1 1 3 3 5 1 3 5 3 2      27000      36000      27000 
0	1790000	1 1 0 1 0 0 2 0 0 1 0 2 1 1 1 0 1 1 2 0 0 0 0 2 1 0 1 2 1 0 1 2 1 0 2 2 1 2 0 1 2 0 1 2 1 0 4 0 1 1 1 1 1 2 1 0 2 2 0 1 1 1 2 0 4 1 2 2 0 0 1 4 0 4 5 2 1 3 1 5 5 5 1 1 4 2 4 7 1 0      54000      28000      35000 
495	1769600	0 1 1 0 1 1 0 2 0 2 1 0 1 1 1 1 0 1 0 2 1 2 0 0 1 1 0 0 2 1 1 1 1 2 0 2 0 1 2 0 1 1 1 1 2 0 0 4 1 1 1 2 1 1 2 1 0 1 2 0 2 1 1 1 0 4 0 2 2 4 0 2 5 0 4 3 2 0 5 1 5 1 5 1 4 4 2 0 7 1      34200      52200      28800 
594	1766400	0 1 1 0 1 1 0 2 0 2 1 0 1 1 1 1 0 1 0 2 1 3 0 0 2 1 0 0 2 1 1 1 1 2 0 2 0 1 2 0 1 1 0 1 2 0 0 4 1 1 1 2 1 1 2 1 0 1 2 0 2 1 1 1 0 4 0 2 2 3 0 2 5 0 4 3 2 0 5 1 5 1 5 1 4 4 2 0 7 1      34200      52200      28800 
2079	1749800	0 1 1 0 1 1 0 0 2 2 0 1 1 1 1 1 3 0 0 0 2 3 1 0 2 0 1 0 1 2 1 3 1 2 1 0 0 2 1 0 1 1 0 2 1 0 2 0 1 1 1 3 1 1 2 3 1 1 1 2 1 1 1 1 2 0 0 2 2 3 2 0 5 4 0 3 1 2 5 0 1 1 1 5 4 4 4 0 0 7      33300      40500      40500 
2277	1524932	2 1 1 1 1 0 2 0 1 0 1 2 1 0 2 1 1 0 1 1 2 0 1 1 0 1 1 1 1 0 1 0 2 2 1 1 2 1 1 2 1 0 1 1 1 4 2 1 1 4 1 1 1 1 1 1 1 0 2 1 1 2 1 4 1 3 2 1 1 1 1 2 3 3 2 0 2 3 4 1 2 1 2 3 1 4 1 1 3 4      21462      50538      35308 
2574	1453000	1 1 0 0 1 1 1 2 0 1 1 2 0 0 2 1 0 1 1 2 1 1 0 2 0 1 1 0 2 0 1 1 0 2 1 1 1 1 0 2 1 0 1 1 1 2 0 0 1 1 1 2 1 1 2 1 1 0 2 1 1 1 1 1 0 2 0 2 1 3 0 5 3 0 4 2 2 3 4 2 6 2 5 1 5 3 2 1 7 1      40500      36000      31500 
4653	1356224	0 1 0 0 0 2 1 1 2 1 1 1 1 1 0 1 1 1 0 2 1 1 1 2 2 0 1 1 1 0 0 1 1 3 1 2 2 1 0 2 1 0 1 1 1 1 1 2 0 1 2 1 1 1 2 1 0 0 1 1 3 1 1 0 3 1 0 1 1 2 2 4 2 3 2 2 2 3 6 1 5 1 3 3 5 3 1 1 4 1      15112      57224      32776 
4950	1170000	1 0 0 0 0 2 1 1 2 1 2 1 1 2 0 1 1 1 2 0 1 1 1 2 0 2 2 1 1 0 1 0 1 1 2 2 1 2 1 1 2 0 1 1 1 1 0 2 1 0 2 1 0 1 1 2 0 1 0 1 1 4 1 3 0 0 1 0 1 2 2 4 3 2 2 2 2 3 1 6 4 3 1 3 3 5 1 4 1 1      63000       9000      27000 
5148	1152000	1 0 0 0 0 2 1 1 2 1 2 1 1 2 0 1 1 1 2 0 1 1 1 1 0 2 2 1 1 0 1 0 1 1 2 2 1 2 1 1 2 1 1 1 1 1 0 2 1 0 2 1 0 1 1 2 0 1 0 1 1 4 1 3 0 0 1 0 1 2 2 4 3 2 2 2 2 3 1 6 4 3 1 3 3 5 1 4 1 1      63000       9000      27000 
7128	1136000	0 1 1 1 1 0 1 1 1 1 0 1 2 0 2 0 1 1 1 1 3 2 2 0 2 1 0 0 2 1 2 1 0 2 1 1 1 1 1 1 1 1 0 2 1 1 1 2 0 4 1 1 1 1 0 1 1 1 1 1 1 2 1 0 1 2 0 2 1 4 1 2 4 2 2 3 2 2 6 1 2 2 2 3 3 2 3 0 3 4      18000      36000      45000 
8415	1104400	1 1 0 0 1 1 1 1 1 1 0 1 2 0 2 1 1 0 3 1 0 0 2 2 0 1 2 1 2 0 0 1 2 1 1 2 1 1 1 1 1 1 1 2 0 2 1 1 1 4 0 1 1 1 2 1 0 1 1 1 1 2 1 2 1 0 1 2 0 2 1 4 1 2 4 2 2 3 2 1 6 3 2 3 3 2 3 4 3 0      40800      29600      26750 
12177	1102836	1 1 0 1 0 1 1 1 1 0 1 1 0 1 2 1 1 0 1 3 0 2 1 2 1 0 2 2 1 0 1 0 2 1 1 1 1 1 1 1 1 1 2 1 0 1 2 1 4 1 0 1 1 1 1 2 0 1 1 1 2 0 1 1 2 0 2 1 0 1 2 4 2 1 4 2 3 3 1 2 6 2 3 4 2 3 3 3 4 0      33883      37588      25412 
13167	1102000	1 3 1 1 1 1 1 0 1 1 1 2 2 1 1 0 1 1 0 1 1 1 1 1 1 0 1 3 2 1 1 0 1 1 0 1 1 1 1 3 1 1 1 1 1 1 1 2 0 1 1 2 1 1 1 0 1 1 2 1 1 1 1 1 3 1 1 1 1 0 1 2 2 3 2 3 2 3 2 3 3 2 3 2 2 3 3 5 3 2      15000      15000      66000 
13959	1088400	3 1 1 1 1 1 0 1 1 1 1 1 1 2 1 0 0 1 1 0 1 1 1 2 0 1 1 2 3 0 0 1 1 0 1 1 1 0 1 1 3 1 1 2 1 1 1 1 1 0 1 1 2 1 0 1 2 2 1 2 1 1 1 4 1 1 1 1 1 1 0 2 3 2 2 2 3 3 3 2 3 3 2 2 3 2 3 3 5 2      18000      14400      63000 
15048	1063000	2 1 1 1 1 1 1 0 1 0 2 1 1 1 0 1 2 0 1 1 2 2 1 2 1 1 0 0 1 2 2 1 1 1 0 2 1 1 1 1 1 1 1 1 1 1 3 1 1 1 1 1 1 1 2 1 1 1 1 2 1 1 1 1 1 1 1 1 1 3 1 2 2 2 3 3 3 2 2 2 3 2 3 2 3 3 2 2 3 3      31500      31500      31500 
15642	1060000	1 0 2 1 1 1 1 1 0 2 1 2 1 2 1 1 0 1 1 0 1 1 1 0 2 1 1 1 3 2 1 0 1 1 1 1 1 0 1 1 2 1 1 3 1 2 1 1 1 0 1 1 2 1 1 1 1 1 1 1 1 1 1 1 1 1 1 1 1 2 2 1 2 3 2 2 2 3 3 2 3 2 2 3 3 2 3 2 5 3      46334      16666      34666 
15939	1007000	1 1 0 1 1 1 0 1 1 2 2 0 2 1 1 1 1 2 1 1 0 0 1 1 1 1 1 2 1 2 1 1 2 1 1 1 1 1 2 1 1 2 1 1 1 1 2 1 1 1 1 1 1 1 1 1 1 1 1 1 1 1 2 1 1 1 1 2 0 1 2 2 2 2 3 3 2 2 3 3 2 3 2 2 3 3 3 3 2 3      31500      31500      31500 
17622	 876000	1 1 0 0 1 1 0 1 1 2 2 0 1 1 0 1 1 2 1 1 0 0 1 1 1 1 2 3 1 2 1 1 1 2 1 1 1 1 2 1 1 2 1 1 1 0 2 1 1 1 1 1 1 1 1 1 1 1 1 1 1 1 2 1 1 1 1 2 0 1 2 2 2 2 4 3 2 2 2 3 2 3 2 2 4 3 3 4 2 3      27000      38000      25000 
19305	 862000	0 1 1 1 1 0 1 1 0 0 2 2 0 1 1 1 1 1 0 2 1 1 1 0 2 0 1 2 0 3 1 1 1 1 1 2 2 1 1 2 1 1 1 1 1 1 3 0 1 1 1 1 1 1 1 1 1 1 1 1 2 1 1 1 1 1 0 2 1 2 2 1 4 2 2 3 3 3 2 3 2 2 2 3 3 2 4 3 2 4      25000      38000      27000 
19800	 856400	1 1 0 0 1 1 1 1 1 1 1 0 1 1 0 1 1 1 1 1 0 0 1 1 0 1 2 2 1 2 1 1 1 2 1 1 1 1 2 2 1 2 1 2 1 0 2 1 1 1 1 2 0 1 1 1 1 1 1 1 1 1 2 1 1 1 1 2 0 1 2 2 2 3 4 3 2 3 2 3 2 3 2 2 4 3 3 4 2 3      27200      36400      26600 
21186	 843600	1 1 0 0 1 1 1 1 1 1 1 0 2 1 0 1 1 1 1 1 0 0 1 1 0 1 2 2 1 2 1 1 1 1 1 1 1 1 2 2 1 2 1 2 1 0 2 1 1 1 1 2 0 1 1 1 1 1 1 1 1 1 2 1 1 1 1 2 0 1 2 2 2 3 4 3 2 3 2 3 2 3 2 2 4 3 3 4 2 3      27200      36400      26600 
21285	 842000	0 1 1 0 1 1 1 1 1 1 2 1 1 1 1 1 1 1 1 1 1 0 1 1 0 1 1 2 2 1 1 1 1 1 1 1 1 1 1 2 1 1 1 1 1 0 0 2 1 1 1 2 1 2 1 1 1 2 1 1 1 1 1 1 1 1 1 1 1 1 2 3 3 2 2 3 3 2 2 3 3 3 3 2 4 2 3 4 3 2      27000      22500      40500 
21483	 830400	1 0 1 0 1 1 1 1 1 1 0 1 1 0 1 1 1 1 1 0 1 0 1 1 0 2 1 2 2 1 1 1 1 1 1 1 1 2 1 2 2 1 2 1 2 0 1 2 1 1 1 2 1 0 1 1 1 1 1 1 1 2 1 1 1 1 1 0 2 1 2 2 2 4 3 3 3 2 2 2 3 4 2 2 3 3 3 4 3 2      27200      26600      36400 
25938	 825600	1 0 1 0 1 1 1 1 1 1 0 1 1 0 1 1 2 1 1 0 1 0 1 1 0 1 1 2 2 1 1 1 1 1 1 1 1 2 1 2 2 0 2 1 3 0 1 2 1 1 1 2 1 0 1 1 1 1 1 1 1 2 1 1 1 1 1 0 2 1 2 2 2 4 2 3 3 2 2 2 3 4 2 2 3 3 4 4 3 2      27200      26600      36400 
29007	 824000	1 0 1 1 1 0 1 1 1 1 0 1 1 0 1 1 2 1 1 0 1 1 1 0 1 1 0 1 2 2 1 1 1 1 1 1 1 2 1 0 1 2 3 1 2 2 1 0 1 1 1 0 1 2 1 1 1 1 1 1 1 2 1 1 2 1 2 0 1 2 2 1 2 4 2 2 3 3 3 2 2 2 2 4 4 3 3 2 3 4      36400      26600      27200 
29205	 814000	1 1 1 0 1 1 1 1 1 1 1 1 0 1 1 1 1 1 1 1 1 0 1 1 0 1 2 2 2 1 1 1 1 1 1 1 1 1 1 1 1 0 2 1 2 1 1 2 1 1 1 2 1 0 2 1 1 1 1 2 1 1 1 1 1 1 1 1 1 0 3 2 2 3 2 3 2 2 3 2 3 4 2 2 3 3 4 4 3 2      27000      54000       9000 
29403	 800000	1 1 1 0 1 1 1 1 1 1 1 1 0 1 1 1 1 1 1 1 1 0 1 2 0 1 2 2 1 1 1 1 1 1 1 1 1 1 1 1 1 0 2 1 2 1 2 1 1 1 1 2 1 0 2 1 1 1 1 2 1 1 1 1 1 1 1 1 1 0 3 2 2 3 2 3 2 2 3 2 3 4 2 2 3 3 4 4 3 2      27000      54000       9000 
29502	 796000	1 1 1 1 1 0 2 1 0 1 1 1 1 1 0 1 1 1 1 1 1 2 1 0 1 1 0 1 1 2 1 1 1 2 1 1 1 1 1 1 1 1 0 1 2 2 1 1 1 1 1 1 2 2 1 1 2 1 1 1 1 1 2 1 1 1 1 1 1 1 3 0 3 3 2 2 2 3 3 2 3 2 2 4 3 3 3 2 3 4      19500      43500      27000 
29700	 784000	1 1 1 1 1 0 1 1 0 1 1 1 1 1 0 1 1 1 1 0 1 1 1 0 1 2 0 1 1 2 1 0 1 1 1 1 1 1 1 1 1 1 1 2 2 1 2 1 1 1 1 2 0 2 1 1 2 1 2 1 1 1 2 1 1 1 1 1 1 3 2 0 3 3 2 2 2 3 2 3 3 2 2 4 3 4 3 3 2 4      46000      17000      27000 
32670	 776000	1 1 1 1 1 0 2 1 0 1 1 1 1 1 0 1 1 1 1 1 1 1 1 0 2 1 0 1 1 2 1 1 1 1 1 1 1 1 1 1 1 1 1 1 2 1 2 1 1 1 1 2 1 2 1 1 2 2 1 1 0 1 2 1 1 1 1 1 1 1 3 0 3 3 2 2 2 3 3 2 3 2 2 4 3 3 3 2 3 4      17000      46000      27000 
34848	 772000	1 0 1 1 0 1 2 0 1 2 1 1 1 0 1 2 1 1 1 0 1 1 0 1 1 0 1 2 2 1 1 1 1 1 2 1 0 1 1 1 1 1 1 1 1 1 1 1 1 1 1 1 2 1 1 2 1 1 1 1 1 2 1 0 2 1 2 1 1 1 2 3 3 2 3 2 3 2 3 2 3 2 4 2 3 3 3 2 4 3      10000      27000      53000 
35640	 750000	1 0 1 1 0 1 1 0 1 1 0 1 1 0 1 1 1 2 1 0 2 1 0 1 1 0 1 1 2 1 1 1 1 1 2 2 1 1 1 1 1 1 1 2 1 1 1 1 1 1 1 1 1 1 1 3 1 1 1 1 1 2 1 1 1 1 1 1 1 3 2 2 3 2 2 2 4 2 3 2 2 2 4 2 3 3 3 3 4 3      70000      20000          0 
36135	 710000	0 0 1 1 0 1 2 0 1 0 1 1 1 0 1 0 1 1 1 0 1 1 0 1 1 0 1 0 2 1 1 1 1 1 2 1 1 1 1 1 1 1 1 2 1 2 1 1 1 1 1 1 1 1 1 2 1 1 1 1 1 2 1 1 1 1 1 1 1 3 2 3 3 2 3 3 4 2 3 2 3 3 4 2 3 3 3 3 4 3      10000      20000      60000 
39501	 690000	1 0 1 1 0 1 1 0 1 1 1 1 1 0 1 1 1 1 1 0 1 1 0 1 1 0 1 1 2 1 1 1 1 1 2 1 2 1 1 1 1 1 1 2 1 1 1 1 1 1 1 1 1 1 1 2 1 1 1 1 1 2 1 1 1 1 1 2 1 2 1 2 2 3 3 2 4 3 3 1 3 2 4 2 4 3 3 3 4 3      40000      20000      30000 
40293	 659000	1 0 1 1 0 1 1 0 1 1 1 1 1 0 1 0 2 1 2 0 1 1 0 1 1 0 1 2 2 1 1 1 1 1 1 1 1 1 1 1 1 1 0 2 1 1 1 1 1 1 1 0 1 1 1 1 1 2 1 1 1 2 1 2 1 1 1 2 1 2 1 3 2 3 3 2 4 2 2 1 3 4 4 2 3 4 3 3 4 3       6500      17500      63500 
44055	 655000	0 1 1 0 0 1 0 1 1 1 1 1 0 1 1 2 1 1 0 1 1 0 1 1 0 1 1 2 1 1 1 1 1 1 1 1 1 1 1 1 1 1 2 1 1 1 1 1 1 1 1 1 2 1 1 1 1 2 2 1 2 1 1 1 2 1 2 1 1 0 2 3 3 3 3 4 3 2 1 2 3 4 2 2 4 2 3 4 3 3      17500      10000      60000 
0	1639000	1 1 0 2 0 0 0 1 2 1 2 0 0 2 0 1 1 1 2 0 0 1 0 2 1 0 2 0 2 1 1 2 0 0 1 1 0 2 0 0 0 3 2 1 1 0 3 0 3 0 0 1 1 0 0 1 3 0 0 4 2 0 1 0 4 0 2 0 2 1 0 3 4 2 1 5 2 1 3 1 4 1 6 6 2 4 2 6 3 2      40500      40500      31500 
1980	1530000	5 0 1 1 1 2 1 2 1 2 1 1 0 1 2 2 4 2 1 0 2 0 2 0 1 1 0 0 2 1 1 1 1 1 1 0 1 1 1 1 1 1 1 1 0 1 2 0 2 0 0 0 1 2 1 1 1 2 0 0 1 0 2 1 1 1 1 1 1 1 2 1 1 2 6 5 2 4 2 1 3 1 3 2 2 5 1 3 2 3      45000      36000      27000 
2574	1510000	4 0 1 1 1 1 1 1 0 2 2 1 0 1 1 3 1 1 1 0 1 2 0 2 1 2 1 0 1 1 1 0 1 1 1 1 0 1 1 1 0 1 1 0 1 1 0 2 1 0 1 1 0 2 2 2 0 2 1 1 1 1 1 1 2 1 1 2 3 0 2 2 1 2 4 5 2 0 2 4 1 0 4 3 2 6 4 3 3 2      36000      27000      45000 
3069	1490000	0 1 4 1 1 1 0 1 1 1 0 2 2 0 0 2 3 2 0 1 1 0 1 1 1 0 1 1 2 0 0 2 1 1 0 1 1 1 1 0 2 1 0 1 2 0 3 1 0 2 2 1 1 0 2 3 1 2 0 2 1 1 1 2 0 1 2 0 1 1 3 1 2 3 2 2 1 5 4 3 2 4 1 0 6 1 2 3 4 2      45000      36000      27000 
3366	1484000	0 5 1 1 1 1 0 1 1 1 2 0 2 0 0 1 3 3 0 1 1 0 2 1 2 0 0 1 0 2 0 0 2 1 1 0 1 0 1 0 1 2 0 2 1 0 1 3 0 1 2 1 1 1 2 1 3 2 2 0 1 2 1 2 1 0 2 1 0 1 0 3 2 1 3 2 5 1 4 2 3 4 0 1 6 2 1 3 3 4      45000      27000      36000 
4554	1476000	1 0 5 1 1 2 1 0 1 0 1 2 0 2 0 3 1 2 1 0 1 1 0 2 0 2 0 2 1 0 2 0 0 0 1 1 1 1 0 2 0 1 1 0 2 3 0 1 2 1 2 1 1 1 3 2 1 0 2 1 1 1 2 0 2 1 0 2 0 3 1 0 3 2 1 1 2 5 3 3 2 1 4 1 1 6 2 4 3 3      36000      45000      27000 
4950	1276000	0 1 3 1 1 1 0 0 2 1 1 0 2 1 0 1 0 2 1 1 0 0 1 1 2 1 3 1 1 0 1 1 2 1 1 1 0 1 1 0 2 1 0 1 2 1 2 1 0 1 2 1 2 0 2 0 1 1 1 1 2 1 1 2 1 1 1 3 1 1 2 1 1 5 1 2 1 5 4 1 2 5 3 0 5 3 3 3 2 3      31500      40500      31500 
6336	1056000	0 3 1 1 1 1 1 2 0 1 0 1 3 0 1 1 2 0 1 0 1 0 1 1 2 3 1 1 0 1 1 2 1 1 1 1 0 1 2 0 1 2 0 2 1 1 1 2 0 2 2 1 0 2 2 1 0 1 1 1 2 1 1 2 1 1 0 1 2 1 1 2 1 1 5 2 5 1 4 2 1 5 0 2 4 3 3 3 3 2      33750      24750      38250 
15336	1041500	0 3 1 1 1 1 1 2 0 1 0 1 3 0 1 1 2 0 1 0 1 0 1 1 2 3 1 1 0 1 1 2 1 1 1 1 0 1 2 0 1 2 0 2 1 1 0 2 0 2 2 1 0 2 2 1 0 1 1 1 2 1 1 2 1 1 0 1 2 1 1 2 1 1 5 2 5 1 4 3 1 5 0 2 4 3 3 3 3 2      33750      24750      38250 
15633	 958334	1 0 2 1 1 1 0 1 2 1 1 0 1 3 0 0 1 2 1 1 0 1 0 1 1 2 3 1 1 0 1 1 2 1 1 1 2 0 1 2 0 1 1 0 2 2 1 0 2 0 2 2 1 0 0 2 1 1 1 1 1 2 1 1 2 1 2 0 1 2 1 1 5 1 1 1 2 5 1 4 3 2 5 0 3 4 3 2 3 4      41167      30833      21833 
17712	 926668	1 0 2 1 1 1 0 1 2 1 1 0 1 3 0 0 1 2 1 1 0 1 0 1 1 2 3 1 1 1 1 1 2 1 1 1 2 0 1 2 0 1 1 0 2 2 1 0 2 0 2 2 1 0 0 2 1 1 1 1 1 2 1 1 2 1 2 0 1 2 1 1 5 1 0 1 2 5 1 4 3 2 5 0 3 4 3 2 3 4      40833      29167      24167 
22068	 910000	1 1 1 1 1 1 2 1 1 1 1 1 0 1 1 2 1 1 1 1 1 1 1 1 1 1 1 1 1 1 1 1 1 1 1 1 1 1 1 1 1 1 0 3 1 1 1 2 1 1 1 1 1 1 1 1 1 1 1 1 1 1 1 1 1 1 1 3 2 2 2 2 2 2 3 3 2 2 3 2 2 3 2 2 3 3 3 3 2 3      27000      13500      49500 
23751	 890000	1 1 1 1 1 1 1 1 2 1 1 1 1 1 0 0 1 2 1 1 1 1 1 2 1 1 1 1 2 1 1 1 1 1 1 1 1 1 1 2 1 1 1 2 0 2 2 0 1 1 1 1 1 1 1 1 1 1 1 1 1 1 1 1 1 1 2 1 1 2 1 2 3 2 2 2 2 3 2 2 3 2 3 3 3 4 3 3 2 3      45000      18000      27000 
24642	 854000	1 1 1 1 1 1 1 1 2 1 1 1 1 1 0 1 0 2 1 1 1 1 1 2 1 1 1 1 2 1 1 1 1 1 1 1 1 1 1 1 1 1 1 2 0 2 2 0 1 1 1 1 1 1 1 1 1 1 1 1 1 1 1 1 1 1 2 1 1 2 1 2 3 2 2 2 2 3 2 3 3 2 3 3 3 4 3 3 2 3      45000      18000      27000 
26721	 831668	1 1 1 2 1 1 2 1 0 1 1 1 1 1 1 1 1 1 1 1 1 2 1 0 1 1 1 1 1 1 1 1 1 1 1 2 1 1 1 1 1 1 1 1 1 1 1 2 1 2 1 1 1 1 1 1 1 1 1 1 1 0 2 1 1 1 1 1 1 2 2 2 1 3 3 3 2 2 3 2 2 3 3 2 2 3 4 2 4 3      26834      26666      36583 
29295	 770000	1 1 1 1 1 2 0 1 2 1 1 1 1 0 1 1 1 1 1 1 1 0 1 2 1 1 1 1 1 1 1 1 1 2 1 0 1 1 1 1 1 1 1 1 1 2 1 1 1 2 2 1 1 1 1 1 1 1 1 1 2 0 1 1 1 1 1 1 1 2 1 2 3 3 1 2 3 3 2 2 3 2 3 3 4 3 2 3 5 2      40000      23000      27000 
35334	 764000	1 1 1 1 1 2 0 1 2 1 1 1 1 1 1 1 1 1 1 1 1 0 1 2 1 1 1 1 1 1 1 1 1 2 1 0 1 1 1 1 1 1 1 1 1 2 1 1 1 1 2 1 1 1 1 1 1 1 1 1 2 0 1 1 1 1 1 1 1 2 1 2 3 3 1 2 3 3 2 2 3 2 3 3 4 3 2 3 5 2      37000      26000      27000 
39096	 750000	1 1 1 1 1 2 0 1 2 1 1 1 1 1 1 1 1 1 1 0 1 0 1 2 1 1 1 1 1 1 1 1 1 2 1 0 1 1 1 1 1 1 1 1 1 2 1 1 1 1 2 1 1 1 1 1 1 1 1 1 2 0 1 1 2 1 1 1 1 2 1 2 3 3 1 2 3 3 2 2 3 2 3 3 4 3 2 3 5 2      40000      23000      27000 
39393	 730000	1 1 1 0 1 2 0 1 2 1 1 1 1 1 1 1 1 1 1 0 1 0 1 2 1 1 1 1 1 1 1 1 1 2 1 0 1 1 1 1 1 1 1 1 1 2 1 1 1 1 2 1 1 1 1 1 1 1 1 1 2 0 1 1 2 1 2 1 1 2 1 2 3 3 1 2 3 3 2 2 3 2 3 3 4 3 2 3 5 2      40000      23000      27000 
0	1148000	0 1 1 0 1 1 1 1 0 1 1 0 1 1 0 0 2 2 1 0 3 2 0 0 0 2 1 0 0 2 2 0 2 0 2 1 0 2 1 1 1 1 0 2 1 3 0 0 0 1 2 0 3 2 0 0 5 3 0 0 0 3 0 0 0 3 3 0 0 2 4 0 4 0 3 7 0 2 3 3 3 1 5 3 2 4 3 5 3 0      33000      30000      36000 
99	1047824	1 2 0 1 1 2 1 0 2 1 2 0 0 2 1 1 0 3 1 1 0 2 0 0 1 0 1 2 0 0 1 0 2 2 0 0 3 0 0 1 1 2 1 1 1 1 1 2 2 0 2 2 0 1 1 2 0 1 2 1 0 1 2 1 0 3 2 0 2 0 6 1 3 1 4 0 6 2 0 6 1 2 4 1 3 1 4 5 2 2      36000      29456      30272 
9783	1046000	1 2 0 1 1 2 1 0 1 1 2 0 0 2 1 1 0 3 2 1 0 2 0 0 1 0 2 2 0 0 1 0 2 2 0 0 3 0 0 0 1 2 1 1 1 1 1 2 2 0 2 2 0 1 1 2 0 0 2 1 0 1 2 1 0 3 2 0 2 0 6 1 3 1 4 0 6 2 0 6 1 3 4 1 3 1 4 5 2 2      36000      30000      30000 
11070	1038000	1 0 2 1 2 1 1 1 0 1 0 2 0 1 2 1 3 0 2 0 1 2 0 0 1 2 0 2 1 0 1 2 0 2 0 0 3 0 0 0 2 1 1 1 1 1 1 1 2 2 0 2 1 0 1 1 2 0 1 2 0 2 1 1 4 0 2 2 0 0 1 6 3 3 1 0 2 6 0 1 6 3 0 4 3 4 1 5 2 2      36000      30000      30000 
13743	 996800	1 2 0 1 1 1 1 0 1 1 2 0 0 1 1 1 0 1 2 1 1 2 0 0 1 0 3 2 0 2 1 0 2 2 0 1 3 0 1 0 1 2 1 1 1 1 1 1 2 0 2 2 0 1 1 2 1 0 2 1 0 1 2 1 0 2 2 0 1 0 6 1 3 1 3 0 6 1 0 6 2 3 4 2 3 2 3 5 2 2      31500      28800      34200 
15624	 988200	2 1 0 1 0 1 0 2 1 2 1 0 1 0 1 0 1 1 1 2 1 0 2 0 0 1 3 0 2 2 0 1 2 0 2 1 0 3 1 1 0 2 1 1 1 1 1 1 0 2 2 0 2 1 2 1 1 2 0 1 1 0 2 0 1 2 0 2 1 6 0 1 1 3 3 6 0 1 6 0 2 4 3 2 2 3 3 2 5 2      28800      31500      34200 
23346	 932334	2 2 0 1 0 1 0 2 1 2 1 0 1 0 1 0 1 1 1 2 1 0 2 0 0 1 3 0 2 2 0 1 2 0 2 1 0 3 1 1 0 2 1 1 1 1 1 1 0 2 2 0 2 1 2 0 1 2 0 1 1 0 2 0 1 2 0 2 1 6 0 1 1 3 3 7 0 1 6 0 2 3 3 2 2 3 3 2 5 2      27833      31500      35167 
29385	 928002	2 0 2 0 1 1 2 1 0 1 0 2 0 1 1 1 1 0 2 1 1 2 0 0 1 2 0 2 3 0 1 2 0 2 1 0 3 0 0 0 2 1 1 1 1 1 1 1 2 2 0 2 1 0 0 1 2 0 1 2 0 2 1 1 2 0 2 1 0 0 1 6 3 4 1 0 1 7 0 2 6 3 2 3 3 3 2 5 2 2      31500      35167      27833 
39087	 904000	1 1 1 1 1 1 1 1 1 1 1 1 1 1 1 0 1 1 2 1 1 1 0 1 1 3 2 1 1 2 1 1 1 1 1 1 1 1 1 1 1 1 1 1 2 2 1 0 1 1 1 1 1 1 1 1 1 1 1 1 1 1 1 1 1 1 1 1 2 2 2 1 3 2 2 3 3 2 2 2 3 2 3 2 3 3 3 3 3 3      29000      29000      34000 
40077	 893200	1 1 1 1 1 1 1 0 1 1 1 1 1 1 1 2 2 0 2 1 2 1 1 1 1 0 1 1 2 1 1 1 1 0 2 1 1 2 1 2 1 1 1 1 1 1 1 2 1 1 1 1 1 1 1 1 1 1 1 1 2 1 1 1 1 1 1 1 1 1 1 2 2 2 3 1 4 3 3 2 2 2 3 2 4 2 3 3 3 3      25000      22200      45200 
40176	 844000	2 1 2 1 1 1 0 2 1 1 1 1 1 1 1 1 1 0 1 1 0 1 1 0 0 1 3 1 1 1 1 1 1 1 2 1 1 1 1 2 2 1 1 1 1 1 1 1 1 1 1 1 1 1 1 1 1 1 1 1 2 1 0 2 1 1 1 1 1 2 1 2 2 2 3 2 2 4 3 3 2 2 2 3 3 3 3 3 3 3      41500      21500      27000 
40473	 830000	1 1 1 1 1 0 1 1 1 1 1 0 1 1 1 1 1 1 1 1 0 1 1 1 1 1 2 1 1 1 1 1 1 1 1 1 1 1 1 2 1 2 1 1 2 1 1 1 1 1 1 1 1 1 1 1 1 1 2 1 1 1 1 1 1 1 1 1 1 2 2 2 2 2 3 2 3 2 3 3 3 2 2 3 4 3 3 3 3 3      13000      50000      27000 
40572	 810000	1 0 1 1 1 1 1 1 1 1 1 1 1 1 1 1 2 0 1 1 2 1 1 1 1 1 1 1 1 1 1 1 1 1 1 1 1 1 1 1 2 1 2 1 1 1 1 1 1 1 1 1 1 1 1 1 1 2 1 0 1 1 1 1 1 2 1 2 1 2 0 2 2 1 3 2 2 4 3 3 2 2 4 2 3 4 3 3 3 3      38500      13000      39000 
42651	 770000	0 0 1 1 2 1 2 1 1 1 0 1 0 1 1 1 1 1 1 0 1 1 1 1 3 2 0 1 2 1 0 1 1 0 1 1 1 1 1 3 0 1 0 0 2 2 1 1 1 1 1 0 1 2 1 1 1 1 1 1 1 1 1 1 1 1 1 1 1 2 3 2 4 3 2 4 2 3 1 2 3 3 3 2 2 4 3 3 4 3      10000      20000      60000 
44136	 750000	1 1 1 1 1 1 1 1 1 1 1 0 1 1 1 0 1 0 1 1 1 1 1 1 1 1 0 1 1 3 1 1 1 1 1 2 1 1 0 1 1 1 1 1 2 2 1 1 1 1 1 1 1 2 1 1 1 2 1 1 1 1 0 2 1 1 1 1 2 1 2 2 2 3 2 4 2 3 2 3 3 3 2 2 3 3 3 2 4 3      27000      63000          0 
0	1398250	2 1 0 0 0 4 0 1 1 0 1 2 1 1 2 0 1 1 0 1 2 0 1 2 1 0 1 0 2 1 1 1 0 2 0 0 1 0 2 0 1 2 1 1 2 2 0 0 0 3 0 1 2 2 2 0 3 1 2 1 1 0 2 5 0 0 0 3 0 2 1 2 0 6 0 4 2 0 2 5 1 5 3 3 4 0 3 4 3 3      41625      34500      28500 
4356	1367000	1 1 1 1 1 1 0 1 1 1 2 1 1 1 1 1 1 1 1 1 1 1 1 1 1 0 1 0 1 1 2 1 2 1 1 1 1 1 0 1 1 1 1 1 1 1 1 1 2 1 1 1 1 2 1 1 1 1 1 1 1 1 1 2 1 0 2 1 1 1 1 2 1 3 2 3 2 3 1 2 3 4 5 5 4 2 2 3 4 2      31500      40500      31500 
5049	1298000	0 1 1 2 1 1 1 1 1 2 0 1 1 1 1 1 1 1 1 0 1 1 1 1 0 1 1 1 0 1 1 2 2 1 1 1 1 1 1 1 1 1 1 1 1 1 1 1 1 1 1 1 0 1 1 2 1 1 2 1 1 1 1 1 1 1 1 2 1 1 1 2 3 3 1 2 3 3 2 1 3 5 4 5 2 4 2 4 3 2      35500      22500      45500 
5742	1297500	1 0 0 0 2 2 1 1 0 0 2 1 1 1 1 1 1 1 1 1 2 1 1 1 1 0 1 1 1 1 2 1 2 1 1 1 1 1 1 1 1 1 1 1 1 1 1 1 1 1 0 1 1 0 1 1 1 1 1 2 1 1 1 1 1 1 1 1 1 2 1 1 2 3 3 3 2 3 4 2 1 5 5 4 2 2 4 2 4 3      55750      25250      22500 
7920	1289200	2 0 1 0 1 1 2 2 0 1 1 1 1 1 1 1 1 1 1 2 3 1 1 1 1 0 1 1 1 1 0 2 2 0 1 1 1 0 1 1 0 1 1 0 1 1 1 1 1 4 0 2 2 0 1 1 1 1 0 1 1 1 1 1 1 1 1 1 1 2 1 2 1 1 3 2 3 3 4 3 1 5 5 4 3 3 3 2 2 3      30600      12600      59400 
8415	1256000	2 2 1 1 0 0 1 0 2 2 1 1 1 1 1 1 1 1 0 3 0 1 1 1 1 1 1 1 1 1 1 2 1 1 1 0 1 1 1 1 1 2 1 1 1 2 1 0 1 0 1 1 0 2 1 1 1 1 1 1 1 1 1 1 1 1 1 1 1 1 2 2 2 3 2 3 3 2 2 1 4 4 4 5 3 3 2 2 3 3      54000      21000      27000 
8811	1084000	2 0 1 1 0 0 1 2 0 2 1 1 1 1 1 1 1 1 0 1 3 1 1 1 1 0 1 1 1 1 1 1 2 1 0 2 1 1 1 1 1 1 1 1 1 2 0 1 1 1 0 1 2 0 1 1 1 1 2 1 1 1 1 1 1 1 1 1 1 1 2 2 2 2 3 3 2 3 2 4 1 4 5 4 3 2 3 2 4 3      54000      27000      15000 
14544	1060000	0 0 2 0 1 1 2 0 0 1 1 2 1 1 1 1 1 1 1 3 0 1 2 1 0 1 1 1 1 1 1 2 1 0 2 1 1 1 1 1 1 1 1 1 1 0 0 2 1 0 1 2 0 2 1 1 1 2 1 1 1 1 1 1 1 1 1 1 1 2 3 1 2 3 2 2 3 3 4 1 2 5 3 4 2 3 3 4 3 2      33000      15000      48000 
14841	 991000	2 0 1 1 0 1 0 2 1 2 1 1 1 1 1 1 2 1 0 1 1 1 1 1 1 0 2 1 1 1 0 1 3 2 0 1 1 1 1 1 1 1 1 1 1 2 0 1 1 1 1 2 0 1 1 1 1 1 2 1 1 2 1 1 1 1 1 1 1 1 2 1 2 3 3 3 2 2 2 3 2 4 5 2 3 3 3 2 3 3      31500      40500      22500 
16920	 890288	1 2 1 1 1 0 1 0 2 1 2 1 1 1 0 1 1 0 1 0 1 1 1 0 2 0 0 1 1 1 3 0 1 1 2 0 1 1 1 1 1 2 2 1 0 1 2 0 1 1 1 0 2 3 1 1 1 1 1 2 1 2 1 1 1 1 1 2 2 1 1 3 3 2 1 2 3 3 2 1 4 2 4 4 3 3 2 3 2 4      53714      15715      21857 
24840	 859200	1 1 1 0 1 1 2 1 1 1 1 1 0 1 1 0 1 1 1 1 1 0 1 1 0 1 2 1 1 1 1 1 3 0 2 1 1 1 1 2 1 1 0 1 2 0 2 1 1 1 1 3 1 0 1 1 1 2 1 1 1 1 1 1 2 1 2 1 1 3 1 1 1 3 3 3 2 2 4 2 2 4 2 2 2 3 3 4 3 3      23400      21600      46800 
30285	 844000	1 1 1 0 0 1 2 1 1 0 1 1 0 1 1 0 1 1 0 1 1 0 1 1 0 1 2 1 1 1 1 3 1 0 1 1 1 1 1 1 3 1 0 2 1 0 2 1 2 1 1 2 0 1 3 0 1 2 1 1 2 1 1 1 1 2 2 1 1 3 1 2 1 3 3 4 2 2 3 2 2 5 1 2 2 4 3 3 3 3      21000      18000      54000 
31869	 840500	1 1 1 0 1 0 2 1 2 0 1 0 1 1 1 0 1 0 0 1 0 0 1 0 0 2 0 3 1 1 1 1 1 0 1 0 1 1 2 2 1 1 0 1 0 1 1 1 2 1 2 1 1 2 2 1 1 2 1 2 1 1 2 1 1 1 2 1 2 2 2 2 1 3 1 4 2 4 3 3 2 5 2 6 1 3 2 3 3 3          0      81000      11250 
31968	 825000	1 1 1 1 0 1 1 2 1 1 0 1 1 1 1 1 0 1 1 0 1 1 0 1 2 0 2 0 1 1 1 1 1 1 0 1 1 2 1 1 1 1 1 0 1 1 1 1 1 2 1 2 2 1 1 1 1 1 2 1 1 2 1 2 1 1 1 2 1 2 2 2 3 1 3 2 4 2 2 2 3 2 6 2 3 2 3 3 3 3      12250      11250      68750 
32166	 818500	1 0 1 0 1 1 2 1 1 0 0 1 1 1 1 0 1 1 0 1 1 0 1 1 0 1 2 1 1 1 1 1 1 0 1 1 2 1 1 1 1 1 0 1 1 1 1 1 2 1 1 2 1 1 1 2 1 2 1 1 2 2 1 1 2 1 2 1 1 2 2 2 1 3 3 4 2 2 2 2 3 6 2 2 2 3 3 3 4 3      11250      11000      70000 
32265	 808000	1 1 1 0 1 1 2 1 1 0 2 1 1 1 1 0 0 1 0 2 1 0 2 1 0 2 2 1 2 1 1 1 1 0 1 1 2 1 1 1 0 1 0 2 1 1 1 1 2 1 1 2 1 1 1 1 1 2 0 1 2 1 1 1 2 1 2 1 1 2 1 2 1 3 3 4 2 2 2 2 3 6 3 2 2 2 3 3 2 3      13500       4500      72000 
32958	 799000	1 1 1 1 1 0 1 1 2 1 2 0 1 1 1 1 0 0 1 2 0 1 2 0 2 2 0 1 2 1 1 1 1 1 1 0 1 1 2 1 0 2 1 2 0 1 1 1 1 1 2 1 1 2 1 1 1 1 0 2 1 1 2 1 2 1 1 1 2 2 1 2 3 3 1 2 2 4 3 2 1 2 3 6 3 2 2 3 2 3      72000       4500      13500 
33057	 781500	1 1 1 1 1 0 1 1 2 1 2 0 1 0 1 1 0 0 1 2 0 1 2 0 2 2 0 1 3 1 1 1 1 1 1 0 1 1 2 1 0 2 1 2 0 1 1 1 1 2 2 1 0 2 1 1 1 1 0 2 1 1 2 1 2 1 1 1 2 2 1 2 3 3 1 2 2 4 3 2 1 2 3 5 3 2 2 3 2 4      71500       4750      14000 
33156	 732000	1 2 1 1 0 1 1 2 1 1 0 1 1 1 1 1 0 1 1 0 1 1 0 1 1 0 2 1 1 1 1 1 1 1 0 1 1 1 1 1 1 1 2 0 1 1 1 1 0 2 1 0 2 1 2 1 1 1 2 1 1 2 1 2 1 1 1 2 1 2 2 2 3 1 3 2 4 2 3 2 3 2 6 2 3 2 3 3 3 3      13500      14625      60750 
33750	 703334	2 1 1 0 1 1 3 1 1 0 1 1 1 1 1 0 1 1 0 1 1 0 1 1 0 1 1 1 1 1 1 1 1 0 1 1 1 1 1 1 1 1 0 1 2 1 1 1 2 1 1 2 1 1 1 1 1 2 1 1 2 1 1 1 1 1 1 1 1 1 2 2 1 3 3 5 2 2 2 3 3 6 2 2 2 4 3 3 3 3      16667      56666      16667 
34146	 695556	0 1 0 1 1 0 1 1 1 1 1 0 2 1 1 1 1 0 1 1 1 0 1 0 1 1 0 1 1 1 1 1 1 1 1 0 1 1 1 1 1 2 2 2 0 1 1 1 1 1 2 2 1 2 1 1 1 1 1 2 1 1 2 2 1 1 1 1 2 2 2 1 3 3 1 2 2 5 3 3 2 2 2 6 2 3 2 3 3 4       1222      74444      13112 
36522	 665432	0 1 1 0 1 1 1 1 1 0 1 1 1 1 1 0 1 1 1 1 1 0 1 1 0 1 1 1 1 1 1 1 1 0 1 1 1 1 1 2 1 1 0 2 1 1 1 1 2 1 2 2 1 1 1 1 1 2 1 1 2 1 1 1 1 2 2 1 1 1 2 2 1 3 3 5 2 2 2 3 2 6 2 2 2 3 3 4 3 3      13287      63571      11571 
36621	 652574	0 1 1 0 1 1 0 1 1 0 1 1 1 1 1 0 1 2 1 1 1 0 1 1 0 1 1 1 1 1 1 1 1 0 1 2 1 1 1 2 1 1 0 2 1 1 1 2 2 1 1 2 1 1 1 1 1 2 1 1 2 1 1 1 1 2 2 1 1 1 2 1 2 3 2 5 2 2 2 3 2 6 2 2 2 3 3 4 3 3      13287      61571      13571 
36720	 610000	1 0 1 1 0 1 1 1 1 1 0 1 1 1 0 1 0 1 1 1 0 1 0 1 1 0 1 1 1 1 1 1 1 1 0 1 1 1 0 1 2 1 2 0 2 1 1 1 1 2 1 1 2 1 1 1 2 1 2 1 1 2 0 1 1 2 1 2 1 2 1 2 3 1 4 2 5 2 3 2 1 2 6 3 3 2 4 3 4 4      64000      14000       8000 
40680	 594000	1 0 1 1 0 1 1 1 1 1 0 1 1 1 0 1 0 1 1 1 0 1 0 1 1 0 1 1 1 1 1 1 1 1 0 1 1 1 0 1 2 0 2 0 2 1 1 1 1 2 1 1 2 1 1 1 2 1 2 1 1 2 1 1 1 2 1 2 1 2 1 2 3 1 4 2 5 2 3 2 1 2 6 3 3 2 4 3 4 4      64000      14000       8000 
41274	 566000	0 1 1 0 1 1 0 1 1 0 1 1 1 0 1 0 1 1 1 0 1 0 1 1 0 1 1 1 1 1 1 1 1 0 1 1 1 0 1 2 0 1 0 2 2 1 1 1 2 1 1 2 1 1 1 2 1 2 1 1 2 1 1 1 2 1 2 1 1 1 2 2 1 4 3 6 2 2 2 1 3 6 3 2 2 4 3 4 4 3      14000       8000      64000 
41373	 532000	0 1 1 0 0 1 0 1 1 0 1 1 1 0 1 0 1 1 1 0 1 0 1 1 0 1 1 1 1 1 1 1 1 0 1 2 1 0 1 2 0 1 0 2 1 1 1 1 2 1 1 2 1 1 1 2 1 2 1 1 2 1 1 1 2 1 2 1 1 1 2 2 1 4 3 6 2 2 2 1 3 6 3 2 2 5 3 4 4 3      15000      11000      59000 
0	1574000	1 1 0 0 2 0 2 0 0 1 1 1 2 0 0 0 1 2 0 0 3 0 2 0 1 0 1 1 1 1 1 1 0 0 0 6 1 2 0 2 0 2 1 2 0 2 0 1 1 1 0 0 2 0 1 1 0 2 0 0 1 3 0 0 2 0 1 1 1 0 2 7 2 5 4 2 5 1 5 2 1 1 4 4 4 1 6 7 0 1      45000      45000      21000 
1188	1441334	1 1 0 2 0 0 0 2 0 1 1 1 0 2 0 1 0 2 0 0 3 2 0 0 0 1 1 1 1 1 1 1 0 0 0 6 2 1 0 0 2 2 2 1 0 0 2 1 1 1 0 2 0 0 1 1 0 1 2 0 3 1 0 2 0 0 1 1 1 2 0 7 4 2 4 5 2 1 2 5 1 4 1 4 1 4 6 0 7 1      45000      39667      23333 
1881	1315000	1 0 1 0 1 1 3 1 1 1 1 0 0 1 1 0 1 2 0 1 1 1 1 1 0 1 1 0 1 2 1 1 1 1 0 2 1 1 1 1 2 0 2 0 1 2 1 0 1 0 3 2 1 2 1 1 1 1 1 2 2 2 0 1 2 1 1 2 1 3 0 1 2 2 2 0 3 3 4 2 1 4 3 1 5 3 1 1 6 7      33500      35500      34500 
1980	1286000	1 0 1 0 1 1 3 1 1 1 1 0 0 1 1 0 1 2 0 1 1 1 1 1 0 1 1 0 1 2 0 1 1 1 0 2 1 1 1 1 2 0 2 0 1 2 1 0 1 0 3 2 1 2 2 1 1 0 1 2 2 2 0 1 2 1 1 2 1 3 0 1 3 2 2 0 3 3 4 2 1 4 3 1 5 3 1 1 6 7      31500      31500      40500 
8406	1243780	0 1 1 1 1 0 1 1 4 1 0 1 1 1 0 1 2 0 1 1 0 1 1 1 1 1 0 1 2 0 1 1 1 0 2 1 1 1 1 2 0 1 0 1 2 1 0 2 0 3 1 1 2 2 1 1 2 1 2 0 2 0 2 2 1 1 2 1 1 0 1 3 2 2 3 3 3 0 2 1 4 3 1 3 3 1 4 6 7 1      31665      37335      32555 
19485	1196000	1 0 1 0 1 2 3 1 1 1 1 0 0 1 1 0 1 1 0 1 1 1 1 2 0 1 1 0 1 2 1 1 1 0 0 2 1 1 1 2 1 1 2 0 2 2 1 1 2 0 1 2 1 1 2 2 0 1 1 1 2 2 0 1 2 1 1 2 0 3 0 2 3 2 2 0 3 3 4 2 2 2 3 1 4 3 2 1 6 6      24498      40668      36000 
20970	1154000	1 1 1 1 2 0 0 1 3 1 1 1 1 1 0 1 1 0 1 1 0 1 2 1 2 1 0 1 1 0 1 1 1 0 2 0 1 1 2 0 2 3 0 1 2 1 1 2 0 2 2 2 1 2 1 1 2 1 1 1 1 2 2 2 1 0 2 1 0 0 2 3 2 3 3 3 3 0 2 1 4 4 1 2 3 1 4 6 2 1      36000      36000      27000 
21267	1126000	1 1 1 1 0 1 1 3 0 1 1 1 1 0 1 1 0 1 1 0 1 2 1 1 1 0 2 1 0 1 1 1 1 2 0 0 1 2 1 1 3 0 1 2 0 1 2 1 2 2 0 1 2 3 1 2 1 1 1 1 2 2 1 1 0 2 1 0 2 2 3 0 3 3 2 4 0 3 1 4 2 1 2 4 1 4 3 3 1 5      36000      27000      36000 
21465	1001200	1 1 1 1 0 1 0 3 0 1 0 1 1 0 1 1 0 1 1 0 1 1 1 2 2 0 1 1 0 1 1 1 1 0 0 2 1 2 1 0 3 1 0 2 1 1 2 1 0 2 2 3 2 1 1 2 0 1 1 1 1 2 3 2 0 2 2 0 1 0 3 2 2 3 2 3 0 4 2 5 1 4 2 1 3 4 2 5 1 3      36000      24400      36000 
26415	 985600	1 0 1 2 2 0 0 1 3 1 1 0 1 1 0 1 1 0 1 1 0 1 2 1 2 1 0 2 1 0 1 1 1 1 2 0 1 0 2 0 2 3 0 1 2 2 1 2 0 2 2 2 1 2 1 0 2 1 1 1 0 2 2 2 2 0 2 1 0 0 3 3 2 2 3 3 4 0 1 1 5 4 0 2 3 2 4 4 3 1      39600      23400      28800 
27207	 950400	1 1 0 0 2 2 3 0 1 0 1 1 0 1 1 0 1 1 0 1 1 1 1 2 0 2 1 0 2 1 1 1 1 0 1 2 2 1 0 3 0 2 2 0 1 2 2 0 2 0 2 2 2 1 2 1 0 1 1 1 2 0 2 0 2 2 0 2 1 3 0 3 3 2 3 0 3 4 5 1 1 2 4 0 4 3 2 1 4 3      28800      39600      23400 
31761	 936400	1 1 0 0 2 1 3 0 1 0 1 1 0 1 2 0 1 1 0 1 1 1 1 3 0 2 1 0 2 1 1 1 1 0 1 2 2 1 0 3 0 1 2 0 1 2 2 0 2 0 2 2 2 1 2 1 0 1 1 1 2 0 2 0 2 2 0 2 1 3 0 3 3 2 3 0 3 4 5 1 1 2 4 0 4 3 2 1 4 3      28800      39600      23400 
40869	 908400	0 1 1 0 2 1 3 0 1 0 1 1 0 1 1 0 1 2 0 1 1 1 1 1 0 2 1 0 2 1 1 1 1 1 1 1 2 1 1 3 0 1 2 0 1 1 2 0 2 0 1 2 1 1 2 0 1 1 1 1 2 0 2 0 3 1 0 2 2 4 0 2 3 2 2 0 4 4 5 1 1 2 4 2 4 4 2 1 3 4      28800      28800      34200 
42255	 834400	1 0 1 1 0 2 1 3 0 1 0 1 2 0 1 1 0 1 1 0 1 1 1 1 1 0 2 1 0 2 1 1 1 1 1 1 1 2 1 1 3 0 1 2 0 1 1 2 1 2 0 2 2 1 1 2 0 1 1 1 2 2 0 1 0 3 1 0 2 1 4 0 2 3 2 3 0 4 2 5 1 2 2 4 2 4 4 4 1 3      43600      23400      24800 
0	1292000	0 1 3 1 1 0 1 0 1 1 0 2 1 1 0 2 0 0 1 0 1 1 2 0 0 1 1 0 1 2 1 3 0 1 1 2 1 0 1 2 0 1 1 2 0 3 0 0 0 2 3 0 3 2 0 2 2 0 2 1 1 0 2 2 1 0 3 0 1 2 1 1 1 1 5 4 2 1 3 4 3 2 2 2 2 5 5 5 4 0      38500      31500      33500 
2475	1281000	0 2 3 1 1 1 1 0 1 1 0 1 1 1 0 2 0 0 1 0 1 1 2 0 0 1 1 0 1 2 1 3 0 1 1 2 1 0 1 2 0 1 1 2 0 3 0 0 0 2 3 0 2 2 0 2 2 0 3 1 1 0 2 2 1 0 3 0 1 2 1 1 1 1 5 4 2 1 3 4 3 2 2 2 2 5 5 5 3 0      40500      25834      37166 
2871	1200000	2 2 3 0 1 0 1 1 2 2 1 2 0 1 0 0 1 1 0 1 0 0 1 0 2 1 2 0 1 1 1 1 2 2 1 2 1 2 0 1 1 1 0 1 0 0 1 1 3 1 3 2 1 2 2 2 2 1 1 1 2 1 1 1 1 1 1 1 1 1 2 1 4 2 3 3 2 2 3 2 3 1 3 1 5 2 4 1 3 0      18000      81000          0 
3069	1118000	1 1 2 1 1 1 1 0 1 0 1 1 1 1 1 2 0 1 1 0 1 2 1 1 0 1 1 0 1 1 0 2 1 0 1 1 2 0 1 2 1 1 1 3 1 3 0 1 0 2 2 0 3 1 1 1 2 1 2 1 2 0 1 1 1 1 2 0 1 3 2 1 2 3 2 3 2 2 2 2 3 1 2 3 2 4 2 5 4 3      24000      30000      42000 
4356	1102000	1 1 2 1 1 1 1 0 1 0 1 1 1 1 1 2 0 1 1 0 1 2 1 1 0 1 1 0 1 1 0 2 1 0 1 2 2 0 1 2 1 1 1 3 1 3 0 1 0 2 2 0 3 1 1 1 1 1 2 1 2 0 1 1 1 1 2 0 1 3 2 1 2 3 2 3 2 2 2 2 3 1 2 3 2 4 2 5 4 3      24000      30000      42000 
5742	1030668	1 2 1 1 1 1 1 1 1 1 1 2 2 1 1 1 1 0 1 1 1 1 1 0 0 1 2 1 2 0 1 1 1 1 2 2 2 2 1 1 1 1 1 1 1 2 1 0 0 1 2 1 1 1 1 1 2 2 1 1 1 1 1 1 1 1 1 1 1 2 2 1 2 2 3 2 2 3 2 2 4 3 2 1 2 2 5 4 3 1      44333      22334      29333 
5841	 988000	1 2 1 1 1 1 1 0 1 1 1 2 2 1 1 1 2 0 1 1 1 1 1 0 0 1 2 1 1 0 1 1 1 1 2 2 2 1 1 1 2 1 1 1 1 2 1 0 0 2 2 1 1 1 1 0 2 2 1 1 1 1 1 1 1 1 1 1 1 2 1 1 2 2 3 2 3 3 2 3 4 3 2 1 2 2 5 4 3 1      48600      23400      21600 
7128	 962000	1 2 2 1 0 1 1 0 1 1 1 1 2 1 1 1 2 0 1 1 1 1 1 0 0 1 2 1 3 0 1 1 1 1 2 2 2 1 1 1 2 1 1 1 1 2 1 0 0 2 2 1 1 1 1 0 2 2 1 1 1 1 1 1 1 1 1 1 1 2 1 1 2 2 3 2 3 3 2 3 4 3 2 1 2 1 5 4 3 1      52000      11000      29500 
7920	 892000	2 1 2 1 1 1 1 1 1 1 1 1 0 2 1 1 1 0 1 1 1 1 1 0 1 0 2 1 1 0 1 1 1 1 1 2 0 2 1 1 1 1 1 1 1 1 2 0 2 0 2 1 1 1 2 1 2 1 2 0 1 1 1 1 1 2 1 1 1 2 2 1 2 2 3 3 2 3 2 2 4 2 3 1 4 2 5 3 4 1      28000      44000      21000 
9405	 880000	2 1 2 1 1 1 1 1 1 0 1 1 0 2 1 1 1 0 1 1 1 1 1 0 1 0 2 1 1 0 1 1 1 1 1 2 0 2 1 1 1 1 1 1 1 1 2 0 2 0 2 1 1 1 2 1 2 1 2 0 2 1 1 1 1 2 1 1 1 2 2 1 2 2 3 3 2 3 2 2 4 2 3 1 4 2 5 3 4 1      24000      48000      21000 
9504	 872000	0 2 2 1 1 1 1 1 1 1 0 1 2 0 1 1 1 0 1 1 1 1 1 0 1 1 2 1 1 0 1 1 1 1 1 2 2 0 1 1 1 1 1 1 1 2 1 0 0 2 2 1 1 1 1 2 2 2 1 0 1 2 1 1 1 2 1 1 1 2 2 1 2 2 3 2 3 3 2 2 4 3 2 1 2 4 5 4 3 1      48000      24000      21000 
10791	 852000	2 2 0 1 1 1 1 1 1 1 1 1 1 1 1 0 1 1 1 1 1 0 1 1 2 1 1 0 2 1 1 1 1 2 1 1 0 2 2 1 1 2 1 1 1 0 1 2 2 2 0 1 1 1 2 1 1 0 1 2 1 1 1 2 0 1 1 1 1 1 1 2 3 2 2 3 3 2 4 2 2 1 3 3 5 2 2 2 3 4      27000      18000      45000 
11880	 832000	2 0 2 1 1 1 1 1 1 1 1 2 1 1 1 1 1 0 1 1 1 1 1 0 1 1 2 2 1 0 1 1 1 1 1 1 2 2 0 1 2 1 1 1 1 1 2 0 2 0 2 1 1 1 1 1 1 1 2 0 1 1 1 0 1 2 1 1 2 1 2 1 2 2 3 3 2 3 2 2 4 3 3 1 2 2 5 3 4 2      18000      45000      27000 
13959	 822000	1 2 0 2 1 1 1 1 1 1 1 1 1 1 1 0 1 1 1 1 1 0 1 1 2 1 1 0 2 1 1 1 1 1 1 1 0 2 2 1 1 2 1 1 1 0 1 2 2 2 0 1 1 1 1 1 1 0 1 2 1 1 1 2 0 1 2 1 1 1 1 2 3 2 2 4 3 2 4 2 2 1 3 3 5 2 2 2 3 4      27000      18000      45000 
15642	 808000	1 2 0 2 1 1 1 1 1 1 1 1 1 1 1 0 1 1 1 0 1 0 2 1 2 1 1 0 2 1 1 1 1 1 1 1 0 2 2 1 1 2 1 1 1 0 1 2 2 2 0 1 1 1 1 1 1 0 1 2 1 1 1 2 0 1 2 1 1 1 1 2 3 2 2 4 3 2 4 2 2 1 3 3 5 2 2 2 3 4      27000      18000      45000 
17028	 778000	1 2 0 2 1 1 1 1 1 1 1 1 1 1 1 0 1 1 1 0 1 0 2 1 1 1 1 0 2 1 1 1 1 1 1 1 0 2 2 1 1 2 1 1 1 0 1 2 2 2 0 1 1 1 1 1 1 0 1 2 1 1 1 2 0 1 2 1 1 2 1 2 3 2 2 4 3 2 4 2 2 1 3 3 5 2 2 2 3 4      27000      18000      45000 
23256	 710000	0 1 2 1 2 1 1 2 1 1 1 1 1 0 1 1 0 1 1 1 0 1 0 2 1 1 1 1 0 2 1 1 1 1 1 1 2 0 1 1 1 1 1 1 1 2 0 1 0 2 2 1 1 1 1 1 1 2 0 2 2 0 1 1 2 0 1 2 1 2 2 1 2 4 2 2 4 3 2 4 2 3 1 3 2 5 2 4 2 3      44000      26000      19000 
40068	 649600	0 1 2 0 2 1 1 2 1 1 1 0 1 0 1 1 0 1 1 1 0 1 0 2 1 1 1 1 0 2 1 1 1 1 1 1 2 0 1 1 1 1 1 1 1 2 0 1 0 2 2 1 1 1 1 1 1 2 0 2 2 0 1 1 2 0 1 2 1 2 2 2 2 4 2 2 4 3 2 4 2 3 1 3 3 5 2 4 2 3      44600      23200      18400 
0	1451000	1 0 1 0 1 1 0 2 1 0 5 0 1 1 1 1 0 2 0 2 1 1 2 0 1 0 1 2 1 1 2 0 0 0 1 2 0 1 1 1 1 1 1 2 0 2 2 1 0 2 1 0 2 0 0 1 2 1 1 1 3 1 0 2 1 0 4 0 0 0 3 7 3 2 2 1 3 3 3 2 2 1 0 6 3 2 4 8 1 0      36000      40500      31500 
1485	1434000	1 0 1 0 1 1 0 2 1 0 5 0 1 1 1 1 0 2 0 2 0 0 2 0 1 0 1 2 1 1 2 0 0 0 1 1 0 1 1 1 1 1 1 2 0 2 2 1 1 2 1 0 2 1 0 1 2 1 1 1 3 1 0 2 1 0 4 0 0 0 3 7 3 2 2 1 3 4 3 2 2 1 0 6 3 2 4 8 1 0      36000      38000      34000 
2277	1347000	0 1 0 2 0 1 1 1 2 0 2 6 2 1 1 1 1 0 1 0 2 0 1 2 2 2 0 1 1 1 1 1 0 0 1 1 1 2 0 1 1 1 1 1 2 2 0 2 1 0 2 0 1 2 1 1 1 3 1 1 1 1 1 1 2 1 2 1 0 2 2 3 2 2 2 2 2 3 3 2 2 3 3 0 2 4 2 3 4 1      18000      54000      31500 
2376	1186000	1 0 1 0 1 2 1 2 0 2 6 1 1 1 0 1 0 1 0 2 1 1 2 1 2 0 1 1 1 2 1 0 1 1 1 0 2 0 1 1 1 1 1 2 1 0 2 3 0 2 1 1 2 1 1 1 1 1 1 2 1 1 1 2 1 1 1 0 2 2 3 1 2 2 4 2 3 2 2 2 3 3 0 3 4 2 1 4 1 2      45000      27000      27000 
2871	1036000	1 0 1 0 1 2 1 2 0 2 6 1 1 1 0 1 0 1 0 2 1 0 2 1 2 0 1 1 1 2 1 0 1 1 1 0 2 0 1 1 1 1 1 2 1 0 2 3 1 2 1 1 2 1 1 1 1 1 1 2 1 1 2 1 1 1 1 0 2 2 3 1 2 2 3 2 3 2 2 2 3 3 0 3 4 2 1 5 1 2      51000      21000      21000 
3069	1022000	1 0 1 0 1 2 1 1 0 2 6 1 1 1 0 1 0 1 0 2 1 0 3 1 2 0 1 1 1 2 1 0 1 1 1 0 2 0 1 1 1 1 1 2 1 0 2 3 1 2 1 1 2 1 1 1 1 1 1 2 1 1 2 1 1 1 1 0 2 2 3 1 2 2 3 2 3 2 2 2 3 3 0 3 4 2 1 5 1 2      51000      21000      21000 
4950	1008000	1 0 1 0 1 2 1 1 0 2 6 1 1 1 0 1 0 1 0 2 1 0 3 1 2 0 1 1 1 2 1 0 1 1 1 0 2 0 1 1 1 1 1 2 1 0 2 2 1 2 1 1 2 1 1 1 1 1 1 2 1 1 2 1 1 1 1 0 2 2 3 1 2 2 3 2 3 2 2 2 3 3 0 3 4 2 2 5 1 2      51000      21000      21000 
7326	1001432	1 1 0 2 1 0 1 1 1 1 1 2 1 1 2 1 0 1 1 1 0 1 1 1 1 1 2 1 1 1 1 1 1 1 1 1 1 2 1 1 1 1 1 1 1 1 2 0 1 1 1 1 2 1 1 1 1 1 1 1 1 1 1 1 1 1 3 1 0 1 2 2 2 1 3 3 2 2 3 3 3 3 3 3 2 3 4 2 3 4      43287      19713      33571 
8118	1000858	1 0 1 1 0 1 1 1 1 1 2 2 1 2 1 0 1 1 1 0 1 1 1 1 1 2 1 0 1 1 1 1 1 1 1 1 2 1 1 1 1 1 2 1 1 2 0 1 1 1 1 2 1 1 1 1 1 1 1 1 1 1 1 1 1 2 2 0 2 2 2 1 1 3 2 2 2 3 2 3 3 3 3 3 3 4 2 3 4 2      19713      33571      43287 
11781	 940000	1 2 0 1 0 0 1 1 1 2 1 1 1 3 2 1 0 2 2 0 0 0 2 2 0 3 2 1 2 1 1 1 1 1 0 1 1 2 0 1 0 1 1 1 1 2 0 0 1 0 1 1 2 1 1 0 2 1 0 2 1 1 1 2 1 1 2 0 0 1 3 2 2 2 3 3 2 1 3 1 2 3 3 3 2 4 4 2 5 4      54000       9000      27000 
16821	 918000	1 1 0 1 1 0 1 1 1 2 1 1 1 2 2 1 0 2 2 1 0 0 1 2 0 1 2 1 1 1 1 1 1 1 1 1 1 3 0 1 1 1 1 1 1 2 1 0 1 1 1 1 3 1 1 0 2 1 1 2 1 1 1 2 1 1 2 2 0 1 2 2 2 1 3 3 3 1 3 2 2 3 1 3 2 4 4 2 2 4      46000      11500      34500 
20979	 908000	1 1 0 1 1 0 1 1 2 2 1 0 1 2 2 1 0 2 2 1 0 1 1 2 0 1 2 1 1 1 1 1 1 1 1 1 1 3 0 1 1 1 1 1 1 2 1 0 1 1 1 1 3 1 1 0 2 1 1 1 1 1 1 2 1 1 2 2 0 1 2 2 2 1 3 3 3 2 3 2 2 2 1 3 2 4 4 2 2 4      42000      12000      37000 
21276	 864400	1 0 1 1 0 3 1 1 1 2 0 1 1 2 2 1 2 0 2 0 1 1 1 1 0 2 1 1 1 1 1 1 1 1 1 1 1 0 3 1 1 1 1 1 1 2 0 1 1 1 1 1 1 1 1 2 1 0 2 1 2 1 1 2 1 1 2 0 2 1 2 2 2 4 1 3 2 2 3 2 2 2 3 1 2 4 4 2 4 2      39600      37800      14400 
23256	 813000	1 0 2 1 0 2 1 1 1 3 0 1 0 2 1 0 2 0 3 0 2 2 1 0 0 2 0 1 1 1 1 1 1 1 1 1 2 0 2 1 1 1 1 1 1 2 0 2 1 1 1 1 1 1 0 2 1 1 2 1 1 1 1 1 1 1 3 0 2 1 2 1 1 4 2 3 2 3 4 2 3 2 3 4 1 4 2 2 4 1      19000      49500      21500 
27018	 790000	1 0 2 1 0 2 1 1 1 3 0 1 0 2 1 0 2 0 3 0 2 2 1 0 0 2 0 1 1 1 1 1 1 1 1 1 2 0 2 1 1 1 1 1 1 2 0 2 1 1 1 1 1 1 0 2 1 2 2 1 1 1 1 1 1 1 3 0 2 1 2 1 0 4 2 3 2 3 3 2 3 2 3 4 2 4 2 2 4 1      21000      49500      19500 
30780	 779000	0 1 3 0 1 2 1 1 1 0 3 1 1 0 1 2 0 0 0 3 1 1 2 0 2 0 0 1 1 0 1 1 1 1 1 1 0 2 3 1 1 1 1 1 1 0 2 2 1 1 1 1 1 1 2 0 1 2 2 0 1 1 1 2 1 1 0 3 2 2 1 2 4 0 1 2 3 4 2 3 3 3 2 4 4 2 2 4 2 1      49500      22500      18000 
33750	 766000	0 0 3 2 0 2 1 1 1 3 0 1 0 1 1 1 2 0 3 0 1 2 1 0 0 2 0 1 1 0 1 1 1 1 1 1 2 0 3 1 1 1 1 1 1 2 0 3 1 1 1 1 1 1 0 2 0 2 2 0 1 1 1 1 2 1 3 0 2 1 2 2 0 4 1 3 2 4 3 2 3 2 3 4 1 4 2 2 4 1      18000      54000      18000 
35235	 743334	0 0 3 2 0 2 0 1 1 3 0 1 0 1 1 1 2 0 3 0 1 2 1 0 0 2 0 2 1 0 1 1 1 1 1 1 2 0 3 1 1 1 1 1 1 2 0 3 1 1 1 1 1 1 0 2 0 2 2 0 1 1 1 1 2 1 3 0 2 1 2 2 0 4 1 3 2 4 3 2 3 2 3 4 1 4 2 2 4 1      16667      53333      20000 
35433	 714446	0 3 0 0 2 2 1 1 0 0 1 3 1 1 0 2 0 1 0 1 3 1 0 2 2 0 0 1 0 2 1 1 1 1 1 1 0 3 1 1 1 1 1 1 1 0 3 2 1 1 1 1 1 1 2 0 0 2 0 2 1 1 1 2 1 1 0 2 3 2 2 1 4 1 0 2 4 3 2 3 3 3 4 2 4 2 1 4 1 3      52222      21111      16667 
42957	 668924	3 0 0 2 0 2 1 1 0 1 0 3 1 1 0 0 2 1 1 0 3 0 1 2 0 2 0 0 1 2 1 1 1 1 1 1 3 0 1 1 1 1 1 1 1 3 0 2 1 1 1 1 1 1 0 2 0 0 2 1 1 1 2 1 2 1 2 0 3 2 2 1 1 4 0 4 2 3 3 2 3 4 3 2 2 4 1 1 4 3      21076      48386      16308 
44739	 665716	3 0 0 1 0 2 1 1 0 1 0 3 1 1 0 0 2 1 1 0 3 0 1 2 0 2 0 0 1 2 1 1 1 1 1 1 3 0 1 1 1 1 1 1 1 3 0 2 1 1 1 1 1 1 0 2 0 0 2 1 1 1 2 1 2 1 3 0 3 2 2 1 1 4 0 4 2 3 3 2 3 4 3 2 2 4 1 1 4 3      20856      48430      16572 
0	1808000	0 1 1 0 0 4 2 0 0 0 2 1 2 0 0 1 0 1 1 0 3 1 1 0 1 2 0 2 0 2 1 1 0 0 1 3 0 3 3 0 2 1 1 2 0 1 3 0 0 0 3 1 1 1 0 2 0 1 2 0 2 1 0 1 1 0 1 2 1 2 1 2 2 2 4 2 4 2 2 3 0 7 0 0 3 3 8 5 2 2      43000      47000      27000 
2079	1695000	1 0 0 1 0 0 0 2 0 1 0 2 0 3 0 1 1 0 1 1 0 1 1 1 0 1 2 0 3 0 1 1 1 2 0 1 1 0 2 1 0 1 2 1 2 0 0 3 1 0 1 1 0 1 2 1 2 2 1 2 1 2 1 1 2 1 2 1 2 3 1 1 1 2 4 2 2 4 2 2 3 3 7 0 2 3 3 6 4 2      54000      31500      27000 
2277	1373000	1 1 1 1 1 0 1 1 0 1 0 2 1 1 0 1 1 0 2 0 0 0 1 1 0 1 2 2 0 1 1 1 0 2 1 1 0 1 3 1 1 2 1 2 2 0 1 3 1 1 0 1 1 0 2 1 2 2 1 2 1 1 1 1 1 1 1 1 2 3 3 3 2 3 1 1 2 4 2 2 3 3 3 0 1 3 3 6 5 2      31500      49500      24000 
3564	1301000	1 0 0 1 0 0 1 1 0 0 1 2 2 3 1 1 0 0 1 0 0 1 0 0 2 2 2 1 1 0 0 2 2 1 2 1 1 2 2 1 1 1 2 2 1 1 4 3 1 1 1 1 1 1 1 1 2 1 2 2 1 1 2 1 1 1 1 2 1 2 1 1 2 1 4 1 2 4 2 3 3 4 1 0 3 3 3 4 1 2      63000       9000      31500 
3663	1102550	1 1 0 1 0 0 1 1 0 0 2 2 1 2 0 1 1 0 1 0 1 1 1 1 1 2 2 1 1 0 1 1 2 2 2 1 0 3 2 1 2 1 2 2 2 1 2 3 1 1 1 1 1 1 1 1 2 1 0 1 1 2 1 1 1 1 1 2 1 2 1 1 3 2 4 2 2 4 2 2 3 3 1 0 3 2 3 4 1 2      66273       8182      23727 
4851	1018288	1 0 1 0 0 1 1 0 1 2 2 0 2 0 1 1 0 1 0 0 1 1 0 1 2 2 1 1 1 1 1 0 1 2 0 2 3 4 0 3 2 1 2 2 2 2 3 1 1 1 1 1 1 1 1 2 1 0 2 1 2 1 1 1 1 1 2 2 1 1 3 2 1 1 3 2 4 2 2 3 2 1 0 3 2 4 3 1 1 4      13716      17784      64428 
6237	 981200	1 1 1 1 2 2 1 1 1 1 2 1 1 0 1 1 1 1 1 0 1 1 1 1 1 1 1 1 1 0 1 1 1 1 0 1 1 3 0 1 1 1 2 3 2 1 3 0 1 0 1 1 1 1 1 1 1 1 1 1 1 1 1 1 1 1 1 1 1 2 2 1 4 1 3 2 4 2 2 4 3 3 0 3 3 2 3 2 2 5      59400      12600      21600 
7227	 928000	1 0 1 2 1 2 1 0 1 1 2 1 1 0 1 1 0 1 1 0 1 1 0 1 1 0 1 1 3 0 1 0 1 1 0 1 2 4 0 1 1 1 1 2 2 0 4 0 2 1 1 1 1 1 1 2 1 1 4 1 1 1 1 2 0 1 1 1 1 1 3 1 2 1 3 3 4 2 2 2 3 3 0 3 3 4 3 2 1 5      18000      21000      54000 
7326	 850000	1 1 1 0 1 1 1 1 1 0 1 1 0 1 1 2 1 1 1 1 1 1 1 1 1 1 0 1 1 1 1 1 1 1 1 1 2 1 1 1 1 2 2 2 2 1 1 1 1 1 1 1 1 1 1 1 1 1 1 1 1 1 1 1 1 1 1 1 1 2 2 2 3 2 4 3 2 2 3 2 2 3 3 3 3 3 3 2 4 2      27000      50000      13000 
7524	 836000	1 1 1 0 1 1 1 1 1 0 1 1 0 2 1 2 1 1 1 1 1 1 1 1 1 1 0 1 1 1 1 1 1 1 1 1 2 1 1 1 1 2 2 1 2 1 1 1 1 1 1 1 1 1 1 1 1 1 1 1 1 1 1 1 1 1 1 1 1 2 2 2 3 2 4 3 2 2 3 2 2 3 3 3 3 3 3 2 4 2      27000      50000      13000 
7920	 830000	1 1 1 0 1 1 1 1 1 0 2 1 0 1 2 2 1 1 1 0 1 1 1 1 1 1 1 1 1 1 1 1 1 1 1 1 2 1 1 1 1 1 2 2 2 1 1 1 1 1 1 1 1 1 1 1 1 1 1 1 1 1 1 1 1 1 1 1 1 2 2 2 3 3 2 3 2 2 3 2 2 3 3 2 3 2 3 2 4 4      36000      16000      38000 
8019	 810000	1 0 1 0 1 1 1 1 1 0 1 1 0 1 1 2 1 1 1 2 1 1 1 1 1 1 1 1 1 1 1 1 1 1 1 1 2 1 1 1 1 1 2 1 1 1 1 1 1 1 1 1 1 1 1 1 1 1 1 1 1 1 1 1 2 1 1 1 1 2 3 2 3 2 2 3 3 2 3 2 2 3 3 3 3 2 4 2 3 4      27000      26000      37000 
8712	 792000	1 1 2 0 1 1 1 1 1 0 1 1 0 1 1 1 1 1 1 1 1 1 1 1 2 1 1 1 1 1 1 1 1 1 1 1 1 1 1 1 1 1 3 1 0 1 1 1 1 1 1 1 1 1 0 1 2 1 1 2 1 1 1 1 1 2 1 1 1 2 2 1 4 2 2 3 2 2 3 2 2 3 3 3 3 4 3 2 4 3      27000      36000      27000 
9801	 754000	1 1 2 0 1 1 1 1 1 0 1 1 0 1 1 2 1 1 0 1 1 1 1 1 1 1 1 1 1 1 1 1 1 0 1 1 3 1 1 1 1 1 1 1 1 2 1 1 1 1 1 1 1 1 2 1 1 1 1 1 1 1 1 1 1 2 1 1 1 3 1 2 3 3 2 3 2 3 4 2 2 2 3 2 3 4 3 1 4 3      18000      48000      24000 
10197	 742000	1 1 2 0 1 1 1 1 1 0 1 1 0 1 1 2 1 1 0 1 1 1 1 1 1 1 1 1 1 1 1 1 1 0 1 1 3 0 1 1 1 1 1 1 1 2 1 1 1 1 1 1 1 1 2 1 1 1 1 1 1 1 1 1 1 2 1 1 1 3 1 2 3 3 2 3 3 3 4 2 2 2 3 2 3 4 3 1 4 3      18000      48000      24000 
10494	 736668	1 1 1 1 1 0 1 2 1 1 1 0 1 1 0 1 1 1 1 1 0 1 1 1 1 1 1 1 1 1 1 1 0 1 1 0 0 1 3 1 1 1 1 1 1 1 1 2 1 1 1 1 1 1 1 1 2 1 1 1 1 1 1 1 1 1 1 1 1 1 2 4 3 2 3 3 2 3 2 2 5 3 3 2 4 3 2 4 4 2      43332      30002      16666 
10692	 726000	1 1 1 0 1 1 1 1 1 0 1 1 0 1 1 2 1 1 0 1 1 1 1 1 1 1 1 1 1 1 1 1 1 0 1 1 3 1 0 1 2 1 2 1 1 2 1 1 1 1 1 1 1 1 1 1 1 1 1 1 1 1 1 1 2 1 1 1 1 3 2 1 3 1 3 3 3 3 4 3 2 2 2 3 3 3 4 1 3 4      18000      20000      52000 
11187	 694000	1 1 1 0 1 1 1 1 1 0 1 1 0 1 1 2 0 1 0 1 1 1 1 1 0 1 1 1 1 1 1 1 1 0 1 1 3 0 1 1 1 1 2 1 1 2 1 1 1 1 1 1 1 1 1 2 1 1 1 1 1 1 2 1 0 2 1 1 1 3 2 2 3 3 2 3 2 3 4 3 2 3 3 2 3 4 3 1 4 3      12000      34000      44000 
16920	 690000	1 1 1 1 1 0 1 1 0 1 1 0 1 1 0 0 1 3 1 1 0 1 1 1 1 1 0 1 1 1 1 1 1 1 1 0 0 1 3 1 1 1 1 1 2 1 1 2 1 1 2 1 1 1 2 1 1 1 1 1 1 2 1 0 2 1 1 1 1 2 2 2 3 2 3 2 3 3 3 2 4 3 2 3 4 3 3 4 3 1      34000      44000      12000 
35118	 670000	1 1 1 1 1 0 1 1 0 1 1 0 1 1 0 0 1 3 1 1 0 1 1 1 1 1 0 1 1 1 1 1 1 1 1 0 0 1 3 1 1 2 1 1 1 1 1 2 1 1 2 1 1 1 2 1 1 1 1 1 1 2 1 0 2 1 1 1 2 2 2 2 3 2 3 2 3 3 3 2 4 3 2 3 4 3 2 4 3 1      34000      44000      12000 
43236	 662000	0 1 1 0 1 1 0 1 1 1 1 1 0 1 1 2 1 0 0 1 1 0 1 1 0 1 1 1 1 1 1 1 1 1 1 1 4 1 0 1 1 1 1 1 1 2 1 1 3 1 1 2 1 1 1 1 2 1 1 1 1 2 1 1 2 0 2 1 1 0 2 2 4 2 3 4 3 2 4 2 3 3 2 3 1 3 4 1 3 4      12000      44000      34000 
0	1265000	0 2 1 0 1 2 0 1 1 1 1 0 2 0 0 0 2 1 2 0 0 1 0 2 0 3 0 2 0 0 1 0 2 0 1 2 2 0 1 0 2 0 0 2 1 1 3 0 2 1 0 0 2 2 1 2 0 2 2 0 3 0 0 2 1 0 1 2 2 1 2 1 2 3 3 2 2 2 3 1 4 1 3 7 3 2 7 7 1 1      40000      45000      18500 
792	1248000	2 0 1 1 0 2 1 0 1 1 1 0 0 2 0 2 0 1 0 2 0 0 1 2 3 0 0 1 2 0 0 1 2 1 0 2 0 2 1 2 0 0 2 0 1 3 1 0 1 2 0 2 0 2 2 1 0 2 2 0 0 3 0 1 2 0 2 1 2 2 1 1 2 2 3 2 2 2 1 3 4 3 1 7 2 3 7 1 7 1      46000      35000      22500 
8505	1112000	2 0 1 1 0 2 1 0 1 2 1 0 0 2 0 1 0 1 0 2 0 0 1 2 2 0 0 1 2 0 0 1 2 1 0 2 0 2 1 2 0 0 2 0 1 3 1 0 1 2 0 2 0 2 1 1 0 3 2 0 0 3 0 1 2 0 2 1 2 2 1 1 2 2 3 2 3 2 2 3 4 3 1 7 2 3 7 1 6 1      45000      36000      18000 
10683	1068668	0 2 1 0 1 2 0 1 1 1 1 0 2 0 0 0 1 1 2 0 0 1 0 2 0 2 0 2 1 0 1 1 2 0 1 2 2 0 1 0 2 0 0 2 1 1 3 0 2 1 0 0 2 2 1 1 0 2 3 0 3 0 0 2 1 0 1 2 2 1 2 1 2 2 3 3 2 2 3 2 4 1 3 7 3 2 7 6 1 1      33334      47666      15334 
12762	1054668	0 2 1 0 1 2 0 1 1 1 1 0 2 0 0 1 1 1 2 0 0 1 0 2 0 2 0 1 1 0 1 1 2 0 1 2 2 0 1 0 2 0 0 2 1 1 3 0 2 1 0 0 2 2 1 1 0 2 3 0 3 0 0 2 1 0 1 2 2 1 2 1 2 2 3 3 2 2 3 2 4 1 3 7 3 2 7 6 1 1      33334      47666      15334 
13059	1010000	0 2 1 0 1 2 0 1 1 1 1 0 2 0 0 1 1 1 2 0 0 1 0 2 0 2 0 1 1 0 1 1 2 0 1 2 2 0 1 0 2 0 0 2 1 1 3 0 2 1 0 0 2 2 1 1 0 2 2 0 3 0 0 2 1 0 1 2 2 1 2 1 2 3 3 3 2 2 3 2 4 1 3 7 3 2 7 6 1 1      33000      48000      15000 
13455	1006000	1 2 0 2 1 0 1 1 0 0 1 1 0 0 2 1 1 1 0 0 2 2 0 1 0 2 0 0 1 1 2 1 1 3 1 0 1 0 2 0 2 0 1 2 0 0 3 1 0 1 2 2 2 0 0 1 1 0 2 2 0 0 3 0 1 2 2 2 1 1 2 1 2 3 2 2 2 3 4 2 3 6 3 1 8 2 3 1 1 6      15000      48000      33000 
18603	 980000	1 2 0 2 1 0 1 1 0 0 1 1 0 0 2 1 1 1 0 0 2 2 0 1 0 2 0 0 1 1 1 1 1 3 1 0 1 0 2 0 2 0 1 2 0 0 3 1 0 1 2 2 2 0 1 1 1 0 2 2 0 0 3 0 1 2 2 2 1 1 2 1 2 3 2 2 2 3 4 2 3 6 3 1 8 2 3 1 1 6      18000      45000      31500 
23850	 955000	1 2 0 1 1 0 1 1 0 0 1 1 0 0 2 1 1 1 1 0 2 2 0 1 0 2 0 0 1 1 1 1 1 4 1 0 1 0 2 0 2 0 0 2 0 0 3 1 0 1 2 2 2 0 1 1 1 0 2 2 1 0 3 0 1 2 2 2 1 1 2 1 2 3 2 2 2 3 5 2 3 5 3 1 7 2 3 1 1 6      18000      45000      31500 
24543	 917000	0 1 2 0 1 1 0 1 1 1 0 1 2 0 0 1 1 2 2 1 0 1 2 0 0 0 2 1 0 1 0 2 1 0 3 1 2 1 0 0 0 2 0 0 2 1 0 3 2 0 1 0 2 1 1 1 1 2 0 2 3 2 0 2 0 1 1 2 2 1 1 2 2 2 3 3 2 2 3 4 2 1 5 3 3 7 2 7 1 1      31500      18000      45000 
28503	 908000	2 0 1 1 0 1 1 0 1 1 1 0 0 2 0 2 1 1 0 2 1 0 1 2 2 0 0 1 1 0 1 1 2 1 0 3 0 2 1 2 0 0 2 0 0 2 1 0 1 2 0 1 0 2 1 1 1 2 2 0 0 3 2 1 2 0 2 1 2 2 1 1 3 2 2 3 3 2 2 2 4 3 1 5 2 3 7 1 7 1      45000      31500      18000 
38394	 883000	2 0 1 1 0 1 1 0 1 1 1 0 0 2 0 2 1 0 0 2 1 0 1 2 2 0 0 1 1 0 0 1 3 1 0 3 0 2 1 3 0 0 3 0 0 2 1 0 1 2 0 1 0 2 1 1 1 2 2 0 0 3 2 1 2 0 2 0 2 2 2 1 3 2 2 3 3 1 2 2 5 2 1 5 2 3 7 1 7 1      40500      31500      22500 
38889	 879000	0 2 1 0 1 1 0 1 1 1 1 0 2 0 0 1 2 0 2 0 1 1 0 2 0 2 0 1 1 0 1 1 3 0 1 3 2 0 1 0 2 0 0 2 0 1 2 0 2 1 0 0 1 2 1 1 1 2 2 0 2 0 2 2 1 0 0 2 2 2 2 1 2 3 2 3 3 1 2 2 5 2 3 5 3 2 7 7 1 1      31500      45000      18000 
0	1698000	0 1 1 0 2 2 0 2 2 2 0 0 1 0 2 0 2 1 1 1 0 0 2 1 0 2 4 0 0 3 2 0 0 1 1 0 2 0 0 2 0 0 1 1 0 1 1 1 0 1 4 1 0 3 2 0 4 1 3 0 1 4 0 0 1 2 1 1 0 3 1 0 2 1 4 2 3 2 3 5 2 3 2 0 2 5 4 8 0 0      45000      45000      24000 
1980	1464576	1 1 0 2 2 0 2 2 0 0 0 2 0 2 1 2 1 0 1 0 1 2 0 0 2 4 0 0 3 0 0 0 2 1 0 1 0 0 2 0 0 2 1 0 1 1 1 1 1 4 0 0 3 1 0 5 2 3 0 0 4 0 1 1 2 0 1 0 2 1 0 3 1 4 2 3 2 2 5 2 3 2 0 3 5 4 2 0 0 8      37716      26142      43856 
2970	1431000	0 2 0 0 1 1 1 0 1 1 1 1 1 1 0 0 1 2 1 1 0 1 1 1 0 1 1 1 2 1 1 1 1 1 1 1 1 1 1 1 1 0 1 1 1 1 1 1 1 1 0 1 1 1 1 2 2 2 1 1 1 0 2 2 1 1 0 1 2 2 1 1 2 4 3 1 3 5 3 1 2 4 1 3 2 5 1 8 3 5      40500      40500      24750 
4257	1413000	0 2 0 0 1 1 1 0 1 1 1 1 1 1 0 0 1 2 1 1 0 1 1 2 0 1 1 1 2 1 1 1 1 1 1 0 1 1 0 1 1 0 1 1 1 1 1 1 2 1 0 1 1 1 1 2 2 2 1 1 1 0 2 2 1 1 0 1 2 2 1 1 1 4 3 1 3 5 3 1 2 4 1 3 2 5 1 8 3 6      40500      40500      24750 
5346	1347600	0 1 2 0 2 1 2 2 0 0 0 2 1 1 1 1 2 0 0 0 2 1 1 1 0 1 2 1 2 2 1 1 1 1 0 1 1 2 0 1 0 1 1 2 1 1 0 1 1 1 1 1 2 1 1 0 1 2 3 1 1 3 2 2 1 0 0 1 2 3 0 0 1 2 4 1 2 3 3 5 0 5 2 1 1 3 5 8 0 3      45000      14400      44400 
7722	1270118	1 0 2 1 1 1 2 2 0 0 0 2 1 1 1 2 1 0 0 0 2 1 1 1 1 0 2 3 1 2 0 1 1 0 1 1 2 1 0 0 1 1 2 1 1 0 1 1 1 1 1 3 1 1 0 1 1 3 2 1 3 1 2 1 2 0 1 0 2 1 3 0 1 1 4 2 1 3 5 3 0 3 5 1 2 1 5 0 7 3      19928      38357      42928 
9306	1092006	0 1 1 1 2 0 2 2 0 0 1 2 1 1 1 1 3 1 0 1 1 1 1 1 0 1 1 3 3 2 1 0 1 1 1 1 0 2 1 1 0 1 1 1 1 1 0 1 0 2 1 1 1 1 1 0 2 1 2 1 1 3 2 2 1 1 1 1 1 3 0 1 1 1 4 1 1 3 4 5 1 5 2 2 2 3 4 5 0 2      28286      12857      55286 
11682	 896000	1 1 0 0 1 1 0 1 1 2 1 0 2 1 1 0 1 1 1 1 0 0 1 1 1 1 0 2 2 3 1 1 1 1 1 1 1 1 0 1 1 1 1 1 1 1 1 1 1 1 1 1 1 1 2 1 1 1 1 1 2 2 0 1 1 2 1 1 1 1 1 3 4 3 1 3 3 1 1 2 4 2 2 5 4 4 3 3 2 5      21000      51000      21000 
12573	 891600	0 1 0 1 1 2 1 1 2 0 1 0 2 1 0 1 1 1 0 1 0 1 1 0 0 1 0 3 2 6 1 1 0 1 1 1 0 1 0 1 1 1 2 1 2 1 1 2 1 1 1 1 1 1 1 1 1 1 1 2 0 2 0 1 1 2 2 1 0 3 1 4 1 3 1 0 3 1 4 2 3 5 2 4 2 4 0 5 2 5      14000      72000       7600 
13959	 875600	0 1 1 1 1 1 1 1 1 0 1 1 2 1 1 1 1 1 0 1 1 0 1 1 0 1 1 3 1 1 1 1 1 1 1 1 0 1 2 0 2 1 2 1 1 1 1 1 1 1 1 1 1 1 1 1 1 1 1 1 2 2 1 1 1 1 1 1 2 3 1 1 1 3 3 0 3 3 4 2 2 5 2 2 3 4 4 5 2 2      22800      21000      48000 
14256	 790000	0 1 1 1 1 1 1 1 1 0 1 1 2 1 1 1 1 1 0 1 1 0 1 1 1 1 1 1 1 1 1 1 1 1 1 1 0 1 2 1 2 1 2 1 1 1 1 1 1 1 1 1 1 1 1 1 1 2 1 1 0 2 1 1 1 1 2 1 2 3 1 1 1 3 3 1 3 3 4 2 2 5 2 2 2 4 4 5 2 2      25000      50000      15000 
14454	 774000	0 1 1 1 1 1 1 1 1 0 1 1 2 1 1 0 1 1 0 1 1 0 1 1 1 1 1 1 2 1 1 1 1 1 1 1 1 1 1 1 1 2 2 1 0 1 1 1 1 1 1 1 1 1 1 1 1 2 1 1 0 2 2 1 1 1 2 1 1 3 1 2 1 3 3 1 3 3 4 2 2 5 2 1 2 4 5 5 2 2      24000      44000      22000 
15048	 738400	0 0 1 2 2 1 2 0 1 0 0 1 1 1 1 0 0 1 1 0 1 0 0 1 0 1 1 6 1 2 0 1 1 0 1 1 0 1 1 1 1 1 2 2 1 3 1 1 1 1 1 1 1 1 1 1 1 1 2 1 1 0 2 2 1 1 0 2 1 4 3 1 1 2 3 1 1 3 3 4 2 3 5 2 0 2 4 5 5 2       7000      18200      63000 
15246	 714000	1 0 1 1 1 1 1 0 1 1 0 1 1 2 0 1 0 1 1 0 2 1 0 1 0 1 1 2 1 2 1 1 1 1 1 1 1 1 1 1 1 1 1 1 1 1 1 1 1 1 1 1 1 1 1 2 1 1 2 1 2 0 1 1 1 1 1 2 2 1 4 1 3 1 3 3 1 3 2 4 3 3 5 1 3 2 4 3 5 2      27000      21500      41500 
15345	 710000	1 0 1 0 0 1 0 1 1 2 0 1 1 2 1 1 1 1 2 0 1 1 0 1 0 1 1 0 1 2 0 1 1 1 1 1 2 0 1 1 1 1 1 3 1 1 1 1 2 1 1 2 1 1 1 1 1 1 2 1 2 0 2 2 1 1 1 1 1 2 3 1 3 1 3 3 1 3 2 4 2 0 5 2 3 2 4 4 6 2       8000      22000      60000 
16632	 690000	1 0 1 0 0 1 0 1 1 2 0 1 1 2 1 1 1 1 2 0 1 1 0 1 0 1 1 0 1 2 0 1 1 1 1 1 2 1 1 1 1 1 1 3 1 1 1 1 2 1 1 1 1 1 1 1 1 1 2 1 2 0 2 2 1 1 1 1 1 2 3 1 3 1 3 3 1 3 3 4 2 0 5 2 3 1 4 4 6 2       8000      22000      60000 
31752	 662500	1 1 0 0 1 0 0 1 1 2 1 0 1 1 2 1 1 1 2 1 0 1 1 0 0 1 1 0 1 1 0 1 1 1 1 1 2 1 1 1 1 2 1 1 2 1 1 1 2 1 1 1 1 1 1 1 1 1 1 2 2 2 0 2 1 1 1 2 1 1 1 3 4 3 1 3 3 1 3 2 4 0 2 5 3 4 1 4 2 6       7500      56250      23750 
32544	 657500	1 1 0 0 1 0 0 1 1 2 1 0 1 1 2 1 1 1 2 1 0 1 1 0 0 1 1 0 1 1 0 1 1 1 1 1 2 1 1 1 1 2 0 1 2 1 1 1 2 1 1 2 1 1 1 1 1 1 1 2 2 2 0 2 1 1 1 2 1 1 1 3 4 3 1 3 3 1 3 2 4 0 2 5 3 4 1 4 2 6       7500      56250      23750 
37098	 652000	1 1 0 0 1 0 0 1 1 2 1 0 1 1 2 1 1 1 2 1 0 1 1 0 0 1 1 0 1 1 0 1 1 0 1 1 2 1 1 1 1 2 0 1 2 2 1 1 2 1 1 2 1 1 1 1 1 1 1 2 2 2 0 2 1 1 1 2 1 1 1 3 4 3 1 3 3 1 3 2 4 0 2 5 3 4 1 4 2 6       7000      56000      24000 