
0     17341.00     1549800.00
1    125282.00     2908300.00
2    142937.00     2536800.00
3    125769.00     2479800.00
4    141407.00     2292000.00
5    125371.00     2237550.00
6    140499.00     2502100.00
7    139755.00     4129800.00
8    144204.00     2191800.00
9    139975.00     2500800.00
10    141709.00     2274800.00
11    142591.00     2198800.00
12    128979.00     2007800.00
13    126765.00     2918200.00
14    140331.00     3060800.00
15     38452.00     1897800.00
16    140080.00     2619400.00
17    141140.00     3229800.00
18    140093.00     2264300.00
19    126052.00     4367800.00