
0     78217.00     1283800.00
1      6476.00     10293960.00
2      7153.00     10293960.00
3    192150.00     1333800.00
4     18866.00     10293960.00
5    193781.00     1298800.00
6     28157.00     10293960.00
7    186953.00     1373800.00
8    172055.00     1435300.00
9    195953.00     1545700.00
10    174111.00     1337800.00
11    150822.00     1367800.00
12    172790.00     1445800.00
13    189257.00     1403800.00
14    170175.00     1289800.00
15    143569.00     1412800.00
16    118652.00     1337800.00
17    146118.00     1479800.00
18    194482.00     1423800.00
19      5454.00     10293960.00