
0	 893334	1 1 0 0 1 1 2 0 0 2 0 1 0 2 2 0 1 2 0 2 1 0 1 4 1 1 1 2 0 1 0 1 3 2 0 0 1 1 1 1 1 2 2 1 0 1 1 1 1 1 2 2 0 0 1 3 0 2 0 2 1 2 1 0 2 2 1 1 1 0 4 2 6 0 0 2 2 5 2 4 0 2 3 1 0 6 5 7 0 1      40500      40333      13667 
387	 210500	1 0 0 1 0 0 1 0 0 1 0 1 1 0 0 1 0 0 1 0 0 1 0 0 1 0 0 1 1 0 1 1 0 1 1 0 1 1 0 1 2 0 1 2 0 1 2 0 1 2 0 1 2 0 1 2 0 1 3 0 1 2 0 1 3 0 1 2 0 2 1 0 2 3 9 3 3 4 3 3 4 3 3 2 4 1 5 2 2 17      63000      13500       5875 
486	 150000	0 0 1 0 0 1 1 0 1 0 0 1 0 0 1 0 0 1 1 0 1 0 0 1 0 0 1 1 0 1 1 0 1 1 0 1 1 0 1 2 0 1 2 0 1 2 0 1 2 0 1 2 0 1 2 0 1 2 0 1 3 0 1 3 0 1 2 0 1 2 0 2 2 2 3 2 4 3 1 4 3 2 3 3 0 8 4 5 21 1      13500       7000      63000 
585	  94442	0 1 0 0 1 0 0 1 0 1 1 0 1 1 0 1 1 0 1 1 0 0 1 1 0 1 0 0 1 1 0 1 1 0 1 1 0 1 1 0 1 2 0 1 2 0 1 2 0 1 2 0 1 2 0 1 2 0 1 3 0 1 3 0 1 3 1 1 2 0 2 1 3 3 3 2 3 2 5 3 1 7 2 4 4 4 0 16 2 3       7093      63000      13500 
1071	  77600	0 1 0 0 1 0 0 1 0 0 1 0 0 1 0 1 1 0 0 1 0 0 1 0 0 1 0 0 1 1 0 1 1 0 1 1 0 1 1 0 1 2 0 1 2 0 1 2 0 1 2 0 1 2 0 1 2 0 1 3 0 1 3 0 1 2 0 1 3 0 2 1 2 3 2 4 3 1 6 3 0 4 3 1 5 3 5 20 2 5       4400      66000      12000 
0	1108000	0 1 1 1 1 0 2 1 0 0 2 0 0 1 2 0 2 2 2 0 0 0 4 1 0 1 2 0 0 4 2 0 0 2 2 0 0 2 0 3 0 0 2 0 1 0 0 3 0 0 3 2 0 1 0 1 4 1 3 2 2 1 0 2 0 1 1 1 1 0 2 3 1 2 5 5 1 1 1 5 1 3 3 0 1 6 4 9 0 0      36000      36000      27000 
288	 128896	0 0 1 0 0 1 0 0 1 0 0 1 0 1 1 0 0 1 0 0 1 1 0 1 0 0 1 1 0 1 1 0 1 1 0 1 1 0 1 2 0 1 2 0 1 2 0 1 2 0 1 2 0 1 2 0 1 2 0 1 3 0 1 2 0 1 2 0 1 2 0 2 4 8 2 1 8 3 2 3 3 1 4 3 2 0 4 4 18 2      13000       5556      64000 
387	 124214	0 0 1 0 0 1 0 0 1 0 0 1 0 1 1 0 0 1 0 0 1 1 0 1 0 0 1 1 0 1 1 0 1 1 0 1 1 0 1 2 0 1 2 0 1 2 0 1 2 0 1 2 0 1 2 0 1 2 0 1 3 0 1 2 0 1 2 0 1 2 0 2 4 8 2 1 7 3 2 3 3 1 4 3 2 0 4 4 19 2      13000       5263      64000 
486	  98052	0 0 1 0 0 1 0 0 1 0 1 1 0 1 1 0 0 1 0 0 1 0 0 1 0 0 1 1 0 1 1 0 1 1 0 1 1 0 1 2 0 1 2 0 1 2 0 1 2 0 1 2 0 1 2 0 1 3 0 1 2 1 1 3 0 1 2 0 1 2 0 2 2 3 3 1 5 3 2 3 3 3 0 3 3 7 3 3 21 2      12683       5366      64634 
585	  73750	0 0 1 0 0 1 0 0 1 1 0 1 1 0 1 0 0 1 1 0 1 0 0 1 0 0 1 0 1 1 0 1 1 0 1 1 0 1 1 0 2 1 0 2 1 0 2 1 0 2 1 0 2 1 0 2 1 0 3 1 0 3 1 0 3 1 1 2 1 0 2 2 8 4 2 7 0 3 2 2 3 5 1 3 0 2 4 16 4 2       6250      13125      63750 
0	 830550	0 2 0 0 0 2 1 0 1 1 2 0 1 0 1 1 0 1 0 0 3 1 0 1 0 1 2 0 0 3 1 2 0 0 3 0 2 1 0 1 1 1 3 0 0 3 0 0 0 0 4 0 1 2 2 0 1 2 1 0 2 1 0 0 3 1 0 1 2 1 0 4 3 4 0 5 3 0 1 3 8 2 7 0 2 4 5 7 2 0      31910      27818      31091 
288	 150708	1 0 0 1 0 0 1 0 0 1 0 0 1 0 0 1 0 0 1 0 0 1 0 0 1 0 0 1 1 0 1 1 0 1 1 0 1 1 0 1 2 0 1 2 0 1 2 0 1 2 0 1 2 0 1 2 0 1 3 0 1 3 0 1 3 0 1 2 0 2 2 0 3 2 4 2 3 7 3 1 5 3 1 6 4 2 3 2 4 17      63000      13500       5882 
387	 134516	1 0 0 1 0 0 1 0 0 1 0 0 1 0 0 1 0 0 1 0 0 1 0 0 1 0 0 1 0 1 1 0 1 1 0 1 1 0 1 1 0 2 1 0 2 1 0 2 1 0 2 1 0 2 1 0 2 1 0 3 1 0 3 1 0 3 1 0 3 2 0 2 3 4 2 2 7 3 3 5 1 3 6 0 4 3 2 2 17 4      64902       5882      12549 
1161	 125560	0 0 1 0 1 1 1 0 1 1 0 1 1 0 1 1 0 1 1 0 1 1 0 1 1 0 1 1 0 1 1 0 1 1 1 1 1 0 1 1 1 1 1 1 1 1 1 1 1 2 1 2 0 1 2 0 1 0 0 2 2 1 1 1 3 1 2 1 1 2 0 2 3 0 3 3 7 2 3 0 3 2 3 3 5 2 3 0 18 2      18334       9444      55000 
1260	 106318	0 1 0 0 1 0 0 1 1 0 1 0 0 1 0 0 1 0 0 1 0 0 1 1 0 1 0 1 1 0 1 1 0 1 1 0 1 1 0 2 1 0 2 1 0 2 1 0 2 1 0 2 1 0 2 1 0 3 1 0 2 1 0 2 1 0 3 1 0 2 2 0 2 3 2 2 3 5 1 3 5 1 3 4 4 3 5 4 2 19      12211      65578       5263 
1359	  52950	0 0 1 0 0 1 0 1 1 0 1 1 0 1 1 0 0 1 0 1 1 0 1 1 0 1 1 1 0 1 1 0 1 1 0 1 1 0 1 2 0 1 2 0 1 2 0 1 2 0 1 2 0 1 2 0 1 3 0 1 2 1 1 2 0 1 3 0 1 2 0 2 2 2 3 2 2 3 1 4 3 1 4 3 4 6 3 4 17 2      12941       5883      64118 
0	1104000	0 2 0 0 0 3 0 0 4 1 0 1 0 0 3 2 0 1 0 1 1 0 1 1 0 2 0 3 0 0 0 1 1 0 1 2 0 3 1 2 1 0 2 0 1 0 1 3 1 1 1 2 0 1 3 0 0 1 2 0 1 2 1 0 0 3 1 1 2 1 6 0 2 5 3 3 3 2 1 3 2 4 4 0 4 1 4 8 1 1      27000      36000      36000 
99	 806500	0 2 0 0 0 2 0 0 3 2 0 1 1 0 3 2 0 1 0 1 1 0 1 1 0 2 0 3 0 0 0 1 2 0 1 2 0 3 1 2 1 0 2 0 1 0 1 3 1 1 1 2 0 1 3 0 0 1 2 0 1 2 1 0 0 3 1 1 2 0 5 0 2 5 3 2 4 2 1 3 3 4 4 0 4 1 4 8 1 1      27125      31500      31500 
387	 144496	0 0 1 0 0 1 1 0 1 0 0 1 0 0 1 1 0 1 1 0 1 0 0 1 0 0 1 0 1 1 0 1 1 0 1 1 0 1 1 0 2 1 0 2 1 0 2 1 0 2 1 0 2 1 0 2 1 0 3 1 1 2 1 0 3 1 0 3 1 0 2 2 4 2 3 4 1 3 1 3 3 3 3 3 3 2 4 23 2 1       8362      12334      63000 
486	 124948	0 1 0 0 1 0 0 1 0 0 1 0 0 1 0 0 1 0 0 1 0 0 1 0 0 1 0 0 1 1 0 1 1 0 1 1 0 1 1 0 1 2 0 1 2 0 1 2 0 1 2 0 1 2 0 1 2 0 1 3 0 1 3 0 1 2 1 1 2 0 2 2 2 3 3 7 3 1 4 3 1 8 2 4 3 4 1 17 2 4       5882      64588      12706 
585	 118048	0 0 1 0 0 1 0 0 1 0 0 1 0 0 1 0 0 1 0 0 1 0 0 1 0 0 1 0 1 1 0 1 1 0 1 1 0 1 1 0 2 1 0 2 1 0 2 1 0 2 1 0 2 1 0 2 1 2 2 1 0 2 1 0 2 1 0 2 1 0 2 2 6 1 3 2 2 3 3 6 2 5 2 3 1 1 4 23 4 2       4211      12929      65715 
1071	 113024	1 0 0 1 0 0 1 0 0 1 0 0 1 0 0 1 1 0 1 0 0 1 0 0 1 0 0 1 1 0 1 1 0 1 1 0 1 1 0 1 2 0 1 2 0 1 2 0 1 2 0 1 2 0 1 2 0 1 3 0 1 2 0 1 3 0 1 3 0 2 2 0 3 1 6 3 1 5 3 3 0 3 1 5 3 4 5 2 2 21      63334      13333       6031 
0	1037576	1 1 0 0 0 2 0 1 1 1 1 1 2 1 0 2 0 0 3 0 0 0 0 3 0 1 2 0 0 4 0 3 1 1 2 0 1 1 1 3 0 0 0 3 2 1 3 0 2 1 0 0 0 3 0 3 2 2 1 0 1 2 1 0 2 2 4 0 0 0 1 3 1 5 1 4 0 3 5 1 2 2 4 2 3 2 4 3 3 2      31500      28929      35357 
99	 975000	1 0 2 0 1 1 1 1 0 1 1 1 2 0 2 1 1 0 1 1 0 1 0 1 1 1 0 1 0 2 1 2 0 2 0 1 1 0 2 2 1 0 0 2 2 0 1 2 0 0 5 2 0 1 3 0 0 1 2 1 1 0 2 1 2 1 2 1 1 3 0 2 5 1 5 3 4 1 0 4 3 3 5 0 2 2 4 0 9 0      31500      31500      31500 
198	 734000	1 1 0 0 0 2 0 1 1 1 1 1 2 1 0 2 1 0 3 0 0 0 0 3 0 1 2 0 0 3 0 2 1 1 2 0 1 1 1 3 0 0 0 3 1 1 2 0 2 1 0 0 0 3 0 3 2 2 2 0 0 2 1 0 2 1 4 0 0 0 1 4 1 5 1 4 0 4 5 1 2 2 4 2 3 2 5 4 3 2      27000      33000      30000 
585	 100006	1 0 0 1 0 0 1 0 1 1 0 1 1 0 0 1 0 0 1 0 1 1 0 0 1 0 0 1 1 0 1 1 0 1 1 0 1 1 0 1 2 0 1 2 0 1 2 0 1 2 0 1 2 0 1 2 0 1 3 0 1 3 0 1 2 0 1 2 1 2 2 0 3 2 3 3 2 2 3 2 2 2 4 7 4 0 7 2 4 17      64118      12941       5882 
981	  95796	1 0 0 1 0 0 1 0 0 1 1 0 1 0 0 1 0 1 1 0 0 1 0 0 1 0 1 1 1 0 1 1 0 1 1 0 1 1 0 1 2 0 1 2 0 1 2 0 1 2 0 1 2 0 1 2 0 1 3 0 1 2 1 1 3 0 1 2 0 2 2 0 2 5 6 3 2 2 3 2 2 3 1 5 4 1 4 2 2 20      63684      13158       6316 
0	1452000	1 2 0 1 1 0 0 4 2 1 1 0 2 0 0 0 0 3 0 1 1 0 0 3 0 1 3 1 0 1 0 2 1 1 3 0 2 0 0 2 0 0 0 0 5 2 0 0 0 2 1 0 0 2 1 2 1 1 1 1 1 5 0 2 0 0 0 1 2 1 1 7 5 1 0 2 1 3 4 3 1 3 3 1 2 4 4 7 3 0      45000      18000      45000 
99	1031250	0 2 0 1 1 0 0 3 0 0 2 2 0 2 1 1 0 1 1 0 1 1 0 1 0 2 2 1 1 1 2 0 0 0 3 0 0 3 0 3 0 0 2 0 0 0 3 2 2 0 0 2 0 0 1 1 1 1 3 1 0 6 0 2 0 1 2 0 3 1 1 3 1 1 6 1 2 4 4 0 2 2 2 3 5 4 3 6 0 4      40500      27000      28125 
297	 864500	0 1 1 1 0 1 0 1 1 0 3 1 0 3 0 1 0 2 1 0 2 1 1 1 0 2 0 2 1 0 2 2 0 0 0 2 0 0 2 3 2 0 1 0 2 0 2 1 2 1 1 2 1 0 1 1 1 1 1 2 0 2 2 2 0 2 2 2 1 1 0 3 1 3 3 1 4 2 4 2 2 2 1 4 5 3 2 6 3 1      24750      31500      36750 
684	 579264	0 0 1 0 0 1 0 0 1 0 0 1 0 0 1 0 1 1 0 0 1 0 0 1 0 0 1 1 0 1 1 0 1 1 0 1 1 0 1 2 0 1 2 0 1 2 0 1 2 0 1 2 0 1 2 0 1 3 0 1 3 0 1 3 0 1 2 0 1 2 0 2 2 3 3 2 6 3 2 2 3 2 5 3 2 6 4 3 19 1      13500       7816      63000 
783	 563632	0 0 1 0 0 1 0 0 1 0 0 1 0 0 1 0 1 1 0 0 1 0 0 1 0 0 1 1 0 1 1 0 1 1 0 1 1 0 1 2 0 1 2 0 1 2 0 1 2 0 1 2 0 1 2 0 1 3 0 1 3 0 1 3 0 1 2 1 1 2 0 2 2 2 3 2 6 3 2 2 3 2 5 3 2 6 4 3 19 1      13500       7816      63000 
882	 562000	0 0 1 0 0 1 0 0 1 0 0 1 0 0 1 0 0 1 0 0 1 0 0 1 0 0 1 0 1 1 0 1 1 0 1 1 0 2 1 0 2 1 0 2 1 0 2 1 0 2 1 0 2 1 0 2 1 0 3 1 0 2 1 0 3 1 0 2 1 0 2 2 2 2 3 7 1 3 2 2 3 3 2 3 8 2 4 20 4 1       7000      13500      63000 
981	 107100	0 1 0 0 1 0 1 1 0 0 1 1 0 1 0 0 1 0 0 1 1 0 1 1 0 1 1 1 1 1 1 1 0 1 1 0 1 1 0 2 1 0 2 1 0 2 1 0 2 1 0 2 1 0 2 1 0 3 1 0 3 1 0 3 1 0 2 1 1 2 2 0 2 3 2 3 3 2 1 3 4 1 3 6 0 4 2 5 1 20      13500      63000       7475 
0	1295000	0 1 2 1 0 1 1 1 0 0 1 1 0 1 1 0 2 1 1 2 0 1 0 1 1 1 1 1 3 0 2 0 0 2 0 0 1 1 0 0 1 6 2 0 1 0 2 2 1 1 1 1 2 2 3 0 0 0 2 1 2 1 0 1 1 1 1 1 1 1 2 1 3 0 6 2 2 2 3 2 2 2 3 2 5 3 3 4 6 3      40000      40500      23000 
99	1158000	1 1 0 0 0 2 2 0 0 0 0 3 1 1 0 0 3 2 1 1 0 1 2 0 1 0 1 2 1 0 1 1 1 1 0 1 0 0 2 1 0 1 3 1 0 1 0 1 2 1 0 0 1 2 1 1 2 2 0 3 1 2 1 3 0 0 2 0 0 1 3 1 3 7 2 1 4 3 2 6 1 1 2 4 2 1 8 5 3 1      45000      18000      36000 
198	 965000	0 1 1 1 1 0 0 2 0 0 2 0 1 1 1 1 1 0 0 0 3 2 0 0 0 0 5 1 1 1 1 0 2 0 3 0 1 0 2 0 2 1 0 1 2 2 1 0 0 3 0 2 1 0 2 1 1 1 0 2 0 2 1 2 0 1 2 0 2 0 4 3 1 2 4 2 7 0 2 2 3 3 2 6 5 2 1 10 0 0      32000      31500      29000 
396	 644250	0 1 1 1 1 0 0 2 0 0 2 0 1 1 1 1 1 0 0 0 3 2 0 0 0 0 4 1 1 1 1 0 2 0 3 0 1 0 2 0 2 1 0 1 3 2 1 0 0 3 0 2 1 0 2 0 1 1 1 2 0 2 1 2 0 2 2 0 2 0 4 3 2 2 4 1 7 0 3 2 3 3 1 5 5 3 1 9 0 0      31500      33625      22750 
783	 103850	1 0 0 1 0 0 1 0 1 1 0 0 1 0 0 1 0 0 1 0 1 1 0 0 1 0 0 1 1 0 1 1 0 1 1 0 1 1 0 1 2 0 1 2 0 1 2 0 1 2 0 1 2 0 1 2 0 1 3 0 1 2 0 1 3 0 1 2 0 2 2 0 3 1 5 3 3 1 2 4 8 3 2 3 4 1 3 2 3 20      63000      13500       5675 
0	1171000	1 0 1 0 2 0 2 0 0 0 1 2 2 0 0 1 0 1 0 0 2 0 0 3 0 5 0 0 3 0 2 0 0 1 0 1 0 1 2 1 2 1 2 0 0 0 3 1 1 1 1 0 2 1 2 0 1 1 1 2 0 3 1 0 0 4 0 4 2 2 3 0 4 2 3 3 2 1 2 2 6 3 1 2 1 4 4 11 0 0      40500      27000      31500 
387	 109376	1 0 0 1 0 0 1 0 1 1 0 0 1 0 0 1 1 0 1 0 0 1 0 0 1 0 0 1 1 0 1 1 0 1 1 0 1 1 0 1 2 0 1 2 0 1 2 0 1 2 0 1 2 0 1 2 0 1 3 0 1 2 0 1 2 0 1 3 0 2 2 0 3 3 0 2 4 8 3 1 5 3 2 4 4 0 5 2 3 19      63000      13500       5974 
1260	 102178	0 0 1 0 0 1 0 0 1 0 0 1 0 1 1 0 0 1 0 0 1 0 0 1 0 1 1 0 1 1 0 1 1 0 1 1 0 1 1 0 2 1 0 2 1 0 2 1 0 2 1 0 2 1 0 2 1 0 3 1 0 2 1 0 3 1 0 3 1 0 2 2 4 1 3 4 1 3 3 2 3 9 4 2 2 1 4 20 2 2       6304      13043      63914 
0	 766500	0 2 0 0 2 0 0 2 1 1 0 2 0 1 2 2 0 1 0 3 0 0 1 2 0 3 0 1 0 2 1 2 0 2 0 0 2 0 0 0 2 5 0 4 0 0 2 2 0 1 3 0 3 0 0 2 1 0 0 4 1 1 2 1 2 0 3 0 0 1 0 4 5 2 0 2 3 2 3 3 2 3 0 5 7 0 1 7 1 1      36000      28500      24750 
387	 544000	0 1 0 0 1 0 0 1 0 0 1 0 0 1 0 0 1 0 0 1 0 0 1 0 0 1 0 1 1 0 1 1 0 1 1 0 1 1 0 2 1 0 2 1 0 2 1 0 2 1 0 2 1 0 2 1 0 2 1 0 3 1 0 2 1 0 2 1 0 2 2 0 2 3 2 4 2 6 0 3 2 2 3 4 3 3 7 4 3 21      10000      70000       4500 
486	 144000	0 1 0 0 1 0 0 1 0 0 1 0 0 1 0 0 1 0 0 1 0 0 1 0 0 1 0 0 1 1 0 1 1 0 1 1 0 1 1 0 1 2 0 1 2 0 1 2 0 1 2 0 1 2 1 1 2 0 1 2 0 1 2 0 1 2 0 1 2 0 2 1 2 3 2 9 2 5 5 3 1 3 2 5 4 4 2 18 3 2       3000      66000      14000 
783	 109744	0 1 0 0 1 0 0 1 0 1 1 0 0 1 0 0 1 0 0 1 0 0 1 0 0 1 0 0 1 1 0 1 1 0 1 1 0 1 1 1 1 2 0 1 2 0 1 2 0 1 2 0 1 2 0 1 2 0 1 3 0 1 3 0 1 3 0 1 2 0 2 2 4 3 1 5 2 5 7 3 0 3 3 2 1 4 2 20 2 3       5641      64360      12820 
1755	 107500	0 0 1 0 0 1 0 0 1 0 1 1 0 0 1 0 0 1 0 0 1 0 0 1 0 0 1 1 1 1 1 0 1 1 0 1 1 0 1 2 1 1 2 0 1 2 0 1 2 0 1 2 0 1 2 0 1 3 0 1 3 0 1 3 0 1 2 0 1 2 0 2 1 4 3 5 5 2 0 6 3 2 3 3 2 1 4 3 20 2      12500       5625      65000 
0	 786000	1 1 0 0 0 3 1 2 0 1 0 2 2 0 0 0 2 0 0 2 0 0 1 2 0 3 0 1 0 2 1 0 4 1 1 0 2 0 0 0 3 0 2 1 0 0 2 1 1 0 3 3 0 0 1 2 1 0 1 3 1 2 0 0 1 4 3 0 0 3 1 1 2 3 2 6 0 1 2 3 3 2 2 4 1 6 1 5 3 5      36000      36000      18000 
486	 102230	0 0 1 0 0 1 0 0 1 0 0 1 0 0 1 1 0 1 0 0 1 1 0 1 0 0 1 0 1 1 0 1 1 0 1 1 0 1 1 0 2 1 0 2 1 0 2 1 0 2 1 0 2 1 0 2 1 0 3 1 0 2 1 0 3 1 0 2 1 0 2 2 9 4 2 1 3 3 2 2 3 1 3 3 3 1 4 24 1 2       5778      12889      64222 
0	 849430	1 1 0 1 0 2 1 1 1 1 3 0 1 2 0 1 2 0 2 0 0 1 0 1 1 1 0 0 1 3 1 1 1 1 2 0 1 5 0 2 0 0 2 0 0 1 1 1 0 1 3 0 3 1 2 0 0 2 0 2 1 0 2 2 0 1 2 0 0 3 0 2 0 5 4 2 3 2 1 2 6 1 4 5 2 4 5 6 0 0      45001      23714      22928 
288	 106674	0 0 1 0 0 1 1 0 1 0 0 1 0 0 1 0 0 1 1 0 1 1 0 1 0 0 1 0 1 1 0 1 1 0 1 1 0 1 1 0 2 1 0 2 1 0 2 1 0 2 1 0 2 1 0 2 1 0 3 1 0 3 1 0 3 1 1 2 1 0 2 2 4 1 3 8 3 2 4 2 3 3 3 3 2 1 4 17 3 2       6667      13333      63333 
387	  86288	0 0 1 0 0 1 0 0 1 1 0 1 0 0 1 0 0 1 0 0 1 1 0 1 1 0 1 0 1 1 0 1 1 0 1 1 0 1 1 0 2 1 0 2 1 0 2 1 0 2 1 0 2 1 0 2 1 0 2 1 0 3 1 0 2 1 0 3 1 0 1 2 3 7 2 4 1 3 1 2 3 4 1 3 6 0 4 21 4 2       4762      12000      66000 
585	  77234	0 1 0 0 1 0 0 1 0 1 1 0 0 1 0 0 1 0 0 1 0 1 1 0 1 1 0 0 1 1 0 1 1 0 1 1 0 1 1 0 1 2 0 1 2 0 1 2 0 1 2 0 1 2 0 1 2 0 1 3 0 1 3 0 1 2 0 1 3 0 2 1 3 2 7 4 3 1 2 3 2 4 3 1 5 4 0 21 2 3       5346      65446      12277 
1170	  76002	1 0 0 1 0 0 1 0 0 1 0 0 1 0 1 1 1 0 1 0 1 1 0 0 1 0 0 1 1 1 1 1 0 1 1 0 1 1 0 1 2 0 1 2 0 1 2 0 1 2 0 1 2 0 1 2 0 1 3 0 1 3 0 1 3 0 1 3 0 2 2 0 3 2 2 3 1 3 2 4 8 3 0 6 4 1 2 2 3 18      64000      12669       6333 
0	1186000	0 1 1 2 0 0 1 1 0 0 1 2 1 0 3 1 1 0 2 0 0 1 1 1 1 0 1 1 1 0 1 1 0 1 1 1 2 0 0 1 1 2 1 2 0 0 4 0 2 0 0 0 2 2 1 1 0 0 1 3 1 2 0 0 2 1 0 2 1 5 0 0 3 4 3 4 0 2 1 3 10 1 3 3 2 7 2 6 0 4      45000      36000      18000 
99	1125000	0 1 1 0 1 1 0 2 0 2 0 0 0 3 1 0 1 1 0 1 1 1 3 0 2 0 1 2 0 1 0 2 2 3 0 0 2 0 0 0 0 3 0 5 0 1 2 1 2 0 1 1 2 0 0 1 2 0 0 3 0 3 2 0 2 3 1 1 1 1 2 2 2 4 4 2 1 6 4 0 3 4 1 1 5 3 1 7 1 0      36000      31500      31500 
486	 110912	1 0 0 1 0 0 1 0 0 1 0 0 1 0 0 1 0 1 1 0 0 1 0 0 1 0 0 1 1 0 1 1 0 1 1 0 1 1 0 1 2 0 1 2 0 1 2 0 1 2 0 1 2 0 1 2 0 1 2 0 1 3 0 1 3 0 1 3 0 2 2 0 3 1 7 3 3 2 2 4 8 3 1 4 4 1 1 2 3 19      65454      12273       5909 
1359	  94006	0 0 1 0 0 1 0 1 1 0 1 1 1 0 1 0 0 1 0 0 1 0 0 1 0 0 1 1 0 1 1 0 1 1 0 1 1 0 1 2 0 1 2 0 1 2 0 1 2 0 1 2 0 1 2 0 1 3 0 1 3 0 1 2 0 1 2 0 1 2 0 2 2 2 3 1 4 3 2 2 3 6 5 2 0 5 4 2 22 2      13000       5727      64000 
0	 670000	2 0 0 1 0 1 1 1 0 0 2 0 1 0 2 1 1 0 0 1 4 0 2 0 0 0 4 0 2 1 2 0 0 2 0 1 3 0 0 0 3 0 1 2 0 1 2 0 1 1 1 1 2 0 2 0 2 1 1 2 1 1 1 1 1 2 0 1 4 2 1 4 2 4 1 3 2 3 4 3 0 2 2 5 1 7 0 6 0 4      37500      35000      17500 
288	 149762	1 0 0 1 0 0 1 0 0 1 1 0 1 0 0 1 0 0 1 0 0 1 0 0 1 0 0 1 1 0 1 1 0 1 1 0 1 1 0 1 2 0 1 2 0 1 2 0 1 2 0 1 2 0 1 2 0 1 3 0 1 2 1 1 3 0 1 2 0 2 2 0 3 2 4 3 2 5 3 1 5 3 2 3 4 1 3 1 5 21      63000      13500       7119 
873	 129192	0 0 1 0 0 1 1 0 1 0 0 1 1 0 1 0 0 1 0 0 1 0 0 1 0 0 1 1 0 1 1 0 1 1 0 1 1 0 1 2 0 1 2 0 1 2 0 1 2 0 1 2 0 1 2 0 1 3 0 1 3 0 1 2 0 1 3 0 1 2 0 2 4 7 2 1 4 3 1 6 3 2 5 3 1 2 4 2 18 2      13442       7049      63114 
1170	 120054	1 0 0 1 0 0 1 0 0 1 0 0 1 1 0 1 0 0 1 0 0 1 0 0 1 0 1 1 1 0 1 1 0 1 1 0 1 1 0 1 2 0 1 2 0 1 2 0 1 2 0 1 2 0 1 2 0 1 2 1 1 2 0 1 2 0 1 2 1 2 2 0 3 2 3 3 2 3 3 2 3 2 5 7 4 1 4 2 3 19      63000      13500       5973 
1368	 113572	0 0 1 0 0 1 0 1 1 0 0 1 0 1 1 0 0 1 0 0 1 0 0 1 1 0 1 0 1 1 0 1 1 0 1 1 0 1 1 0 2 1 0 2 1 0 2 1 0 2 1 0 2 1 0 2 1 0 3 1 0 3 1 0 3 1 0 3 1 0 2 2 7 5 2 4 1 3 6 1 3 4 1 3 2 1 4 18 1 2       6786      12143      63571 
0	 874890	0 0 3 1 0 3 0 2 0 0 0 4 2 0 0 1 1 1 0 3 0 1 1 0 2 0 0 2 0 1 1 1 1 0 1 3 1 1 0 0 1 3 3 0 0 1 0 2 2 1 0 2 0 1 0 3 1 1 1 1 1 2 1 1 2 0 1 1 1 0 3 4 3 3 2 1 5 1 2 4 2 1 2 5 5 2 2 7 2 0      37890      34110      21555 
288	 156670	1 0 0 1 0 0 1 1 0 1 0 0 1 1 0 1 0 0 1 0 0 1 0 0 1 0 0 1 1 0 1 1 0 1 1 0 1 1 0 1 2 0 1 2 0 1 2 0 1 2 0 1 2 0 1 2 0 1 3 0 1 2 0 1 2 1 1 2 0 2 2 0 3 0 9 3 2 3 3 2 3 3 3 3 3 4 5 2 2 18      63000      13500       7055 
774	  58074	1 0 0 1 0 0 1 0 0 1 0 0 1 0 1 1 0 1 1 0 1 1 0 1 1 0 1 1 1 0 1 1 0 1 1 0 1 1 0 1 2 0 1 2 0 1 2 0 1 2 0 1 2 0 1 2 0 1 2 2 1 2 0 1 3 0 1 3 0 2 2 0 3 2 2 2 4 8 3 1 4 3 2 2 4 0 4 2 5 15      64194      12903       5806 
0	 946000	0 0 3 2 0 0 2 0 0 1 0 1 1 1 0 0 1 3 1 2 0 1 1 0 1 1 0 0 3 0 1 2 0 1 1 0 0 2 1 0 1 3 1 1 1 1 3 0 0 3 1 0 2 1 0 2 2 1 1 2 2 0 0 1 2 0 2 0 1 3 0 1 5 1 0 2 2 6 3 3 2 2 5 3 1 2 8 7 0 3      45000      30500      20000 
99	 943000	1 0 3 2 0 0 2 0 0 1 0 1 1 1 0 0 1 3 1 2 0 1 1 0 1 1 0 0 3 0 1 2 0 1 1 0 0 2 1 0 1 3 1 1 1 1 3 0 0 3 1 0 2 1 0 2 2 1 1 2 2 0 0 1 2 0 2 0 1 3 0 1 5 1 0 2 2 6 3 3 2 1 5 3 1 2 8 7 0 3      45000      31500      18000 
198	 621072	0 3 0 0 0 2 0 0 2 1 1 1 1 0 1 1 3 0 2 0 0 1 0 1 1 0 1 3 0 0 2 0 1 1 1 1 2 1 0 1 3 0 1 1 1 2 0 1 2 1 0 2 1 0 2 1 0 1 2 1 0 0 3 2 0 1 0 1 2 0 1 4 1 0 5 2 6 2 3 2 3 5 3 1 3 8 1 0 3 7      31500      18732      35634 
585	 196150	1 0 0 1 0 0 1 0 0 1 0 0 1 0 0 1 0 0 1 1 0 1 0 0 1 0 0 1 1 0 1 1 0 1 1 0 1 1 0 1 2 0 1 2 0 1 2 0 1 2 0 1 2 0 1 2 0 1 2 0 1 3 0 1 2 0 1 2 0 2 2 0 3 2 6 3 2 3 3 2 4 3 2 6 4 1 3 1 5 20      63000      13500       6075 
684	 106742	0 0 1 0 0 1 0 0 1 0 0 1 0 0 1 0 0 1 0 1 1 0 0 1 0 0 1 1 0 1 1 0 1 1 0 1 1 0 1 2 0 1 2 0 1 2 0 1 2 0 1 2 0 1 2 0 1 2 0 1 3 0 1 3 0 1 3 0 1 1 0 2 2 3 3 5 6 2 1 4 3 1 6 3 2 1 4 3 21 2      12277       5346      65446 
981	 106672	0 0 1 0 0 1 0 1 1 0 1 1 0 0 1 0 1 1 0 0 1 0 0 1 0 0 1 1 0 1 1 0 1 1 0 1 1 0 1 2 0 1 2 0 1 2 0 1 2 0 1 2 0 1 2 0 1 2 0 1 3 0 1 3 0 1 3 0 1 2 0 2 0 4 3 3 10 2 2 3 3 3 2 3 1 2 4 4 18 2      12778       5556      64444 
1377	  60008	1 0 0 1 0 0 1 1 0 1 1 0 1 0 0 1 0 0 1 0 0 1 1 0 1 1 0 1 0 1 1 0 1 1 0 1 1 0 1 1 0 2 1 0 2 1 0 2 1 0 2 1 0 2 1 0 2 1 2 2 1 0 3 1 0 3 1 0 3 2 0 2 3 4 1 2 11 3 3 1 2 3 1 2 4 1 1 2 18 4      65556       5556      12222 
0	1134000	1 0 1 0 1 1 1 0 1 1 1 1 0 1 2 0 2 0 0 3 0 0 1 2 1 0 1 0 4 0 1 2 0 0 2 1 0 2 1 2 0 0 0 1 4 1 1 2 1 1 0 3 0 0 1 1 3 1 1 1 2 0 0 1 2 0 1 2 0 1 2 3 4 0 5 1 1 7 5 1 1 2 4 2 1 6 3 10 0 0      45000      36000      18000 
99	1106000	1 1 0 0 1 1 0 2 0 1 0 1 1 1 0 0 4 0 0 0 2 3 1 0 1 1 0 0 2 1 0 1 1 0 0 3 2 0 1 2 1 1 0 1 2 1 0 2 3 0 0 2 1 0 0 3 0 3 0 1 0 2 1 1 0 2 2 0 1 0 2 3 6 3 1 4 3 4 1 3 3 2 4 2 5 2 4 1 3 5      27000      36000      36000 
486	 142000	0 1 0 0 1 0 0 1 0 0 1 0 0 1 0 0 1 0 0 1 0 0 1 0 0 1 0 1 1 0 1 1 0 1 1 0 1 1 0 2 1 0 2 1 0 2 1 0 2 1 0 2 1 0 2 1 0 3 1 0 3 1 0 3 1 0 2 1 0 2 2 0 1 3 4 2 3 4 3 3 4 2 3 2 3 3 9 2 2 19      12600      64800       5200 
972	 115524	0 0 1 0 0 1 0 1 1 0 0 1 1 0 1 0 0 1 0 0 1 0 0 1 0 0 1 0 1 1 0 1 1 1 1 1 0 1 1 0 2 1 0 2 1 0 2 1 0 2 1 0 2 1 0 2 1 0 3 1 0 3 1 0 3 1 1 2 1 1 1 2 4 2 3 4 2 3 2 2 3 3 2 3 4 0 4 21 5 1       7119      13500      63000 
1170	 113340	1 0 0 1 0 0 1 0 0 1 1 0 1 0 0 1 0 0 1 0 0 1 1 0 1 0 1 1 1 0 1 1 0 1 1 0 1 1 0 1 2 0 1 2 0 1 2 0 1 2 0 1 2 0 1 2 0 1 3 0 1 3 0 1 3 0 1 3 0 2 2 0 3 1 4 3 2 2 3 0 5 2 4 6 4 1 5 2 2 19      63333      13333       6667 
0	 955000	2 0 0 0 0 3 1 0 1 1 0 1 1 1 0 2 0 0 2 0 0 0 1 1 0 2 1 1 1 1 0 3 0 2 1 0 2 1 0 1 2 0 0 1 6 0 0 5 0 2 1 0 0 3 1 0 2 1 0 3 0 0 3 0 2 1 0 2 1 0 3 2 3 5 0 6 1 0 1 8 0 2 1 6 4 5 1 9 0 0      31500      31500      31500 
387	 511478	0 0 1 0 0 1 1 0 1 0 0 1 0 0 1 0 0 1 1 0 1 0 0 1 0 0 1 1 0 1 1 0 1 1 0 1 1 0 1 2 0 1 2 0 1 2 0 1 2 0 1 2 0 1 2 0 1 3 0 1 2 0 1 2 1 1 3 0 1 2 0 2 1 9 3 3 1 3 2 3 3 1 4 3 1 3 4 4 21 1      13500       7761      63000 
486	 121466	0 1 0 0 1 0 0 1 0 0 1 1 0 1 0 0 1 0 0 1 0 0 1 0 0 1 0 1 1 0 1 1 0 1 1 0 1 1 0 2 1 0 2 1 0 2 1 0 2 1 0 2 1 0 2 1 0 3 1 0 3 1 0 3 1 0 3 1 0 2 2 0 2 3 5 2 3 2 2 3 5 3 2 9 1 4 2 2 2 18      13172      63171       7073 
981	  81718	1 0 0 1 0 0 1 0 1 1 0 1 1 0 0 1 0 0 1 0 0 1 0 0 1 1 0 1 1 0 1 1 0 1 1 0 1 1 0 1 2 0 1 2 0 1 2 0 1 2 0 1 2 0 1 2 0 1 3 0 1 3 0 1 3 0 1 3 0 2 2 0 3 1 4 3 2 2 3 1 5 2 3 9 4 1 2 2 3 18      63714      13143       6286 
0	1090000	0 1 1 2 0 0 0 2 0 4 0 0 0 1 2 2 0 0 2 0 0 1 1 0 0 2 0 2 0 0 1 3 0 0 3 1 1 1 0 0 1 2 0 1 2 1 2 0 2 1 3 1 1 2 1 2 0 1 0 3 0 1 2 1 1 2 1 2 0 1 2 1 2 5 0 1 3 4 4 1 2 2 2 4 2 3 5 7 0 6      36000      36000      27000 
387	 120004	0 0 1 0 0 1 0 0 1 0 0 1 0 0 1 0 0 1 0 0 1 0 0 1 0 0 1 0 1 1 0 1 1 0 1 1 0 1 1 0 2 1 0 2 1 0 2 1 0 2 1 0 2 1 0 2 1 1 2 1 0 2 1 0 3 1 0 3 1 0 2 2 3 2 3 5 2 3 9 4 2 6 1 3 1 1 4 17 4 2       5556      12222      65556 
1449	  71296	1 0 0 1 0 0 1 0 0 1 0 0 1 0 0 1 0 1 1 0 0 1 0 0 1 0 0 1 1 0 1 1 1 1 1 0 1 1 0 1 2 0 1 2 0 1 2 0 1 2 0 1 2 0 1 2 0 1 3 0 1 2 1 1 3 0 1 3 0 2 1 1 3 1 4 3 2 2 3 1 5 3 2 2 3 5 4 2 3 21      65446      12277       5346 
0	1381000	0 0 2 0 1 1 0 2 0 0 0 2 0 1 1 1 0 2 0 2 1 0 1 2 0 0 3 2 1 0 3 0 0 2 2 0 1 4 0 0 1 4 2 0 1 2 0 1 1 2 2 2 2 0 2 1 0 2 2 1 2 1 1 0 2 1 0 2 3 2 2 0 1 1 4 3 4 4 2 2 2 1 4 1 3 2 3 8 0 0      34500      34500      34500 
99	1327000	0 0 2 0 1 1 0 2 0 0 0 2 0 1 1 1 0 2 0 2 1 0 1 2 0 0 3 2 1 0 3 0 0 2 2 0 1 4 0 0 1 4 2 0 1 2 0 1 1 2 2 2 1 0 3 1 0 2 2 1 2 1 1 0 2 1 0 2 3 2 2 0 1 1 4 1 5 4 2 2 2 2 4 1 3 2 3 8 0 0      35000      33500      35000 
486	 134480	1 0 0 1 0 0 1 0 0 1 1 0 1 0 0 1 0 0 1 1 0 1 0 0 1 0 0 1 1 0 1 1 0 1 1 0 1 1 0 1 2 0 1 2 0 1 2 0 1 2 0 1 2 0 1 2 0 1 3 0 1 2 0 1 3 0 1 2 1 2 2 0 3 2 4 3 2 3 3 1 4 3 2 4 4 1 3 1 4 23      63000      13500       7087 
585	 126000	1 0 0 1 0 0 1 0 0 1 0 0 1 0 1 1 0 0 1 0 0 1 0 0 1 0 0 1 0 1 1 0 1 1 0 1 1 0 1 1 0 2 1 0 2 1 0 2 1 0 2 1 0 2 1 0 2 1 0 2 1 0 2 1 0 3 1 0 3 2 0 2 3 4 2 3 4 1 3 5 1 2 6 5 4 2 2 2 21 2      64000       6000      13000 
1746	  71584	1 0 0 1 0 0 1 1 0 1 0 0 1 0 0 1 1 0 1 0 0 1 1 0 1 0 1 1 0 1 1 0 1 1 0 1 1 1 1 1 0 2 1 0 2 1 0 2 1 0 2 1 0 2 1 0 2 1 0 3 1 0 2 1 0 3 1 0 3 2 0 2 3 2 2 3 4 1 3 4 1 2 6 5 4 2 1 2 20 2      63684       6316      13158 
0	 888672	0 2 2 1 1 0 0 3 0 2 0 0 0 1 3 2 0 0 0 2 1 1 0 1 1 1 0 0 3 0 1 2 2 2 0 0 2 0 0 1 1 2 0 3 2 1 2 0 1 1 1 2 0 1 1 0 2 0 3 3 1 1 4 1 0 3 1 2 1 1 3 2 4 1 0 5 0 0 2 3 2 2 2 3 2 3 5 5 2 2      45999      24000      22334 
288	 560900	0 0 1 0 0 1 0 0 1 0 0 1 0 0 1 0 0 1 0 0 1 0 0 1 0 0 1 0 1 1 0 1 1 0 1 1 0 1 1 0 2 1 0 2 1 0 2 1 0 2 1 0 2 1 0 2 1 1 2 1 1 2 1 0 2 1 0 2 2 0 2 2 1 3 3 4 1 3 6 4 2 3 3 3 6 1 4 20 4 1       8150      13500      63000 
387	 533160	1 0 0 1 0 0 1 0 0 1 0 0 1 0 0 1 0 0 1 0 0 1 0 0 1 0 0 1 1 0 1 1 0 1 1 0 1 1 0 1 2 0 1 2 0 1 2 0 1 2 0 1 2 0 1 2 0 1 2 0 1 3 0 1 2 0 1 3 0 2 2 0 2 3 10 3 2 2 3 1 6 3 3 5 4 2 4 2 3 15      63684      13158       6316 
486	 159956	0 1 0 0 1 0 0 1 1 0 1 0 0 1 0 0 1 0 0 1 0 0 1 0 0 1 0 0 1 1 0 1 1 0 1 1 0 1 1 0 1 2 0 1 2 0 1 2 0 1 2 0 1 2 0 1 2 0 1 3 1 1 2 0 1 3 1 1 2 0 2 2 6 3 1 1 3 3 3 3 3 3 3 2 6 4 0 21 1 4       7762      63000      13500 
783	 134428	0 0 1 0 0 1 0 0 1 1 0 1 0 0 1 0 0 1 0 0 1 0 0 1 0 0 1 1 1 1 0 1 1 0 1 1 0 1 1 0 2 1 0 2 1 0 2 1 0 2 1 0 2 1 0 2 1 1 2 1 1 2 1 0 3 1 0 2 1 1 0 2 1 3 3 3 3 3 5 1 3 2 2 3 6 0 4 20 8 1       5697      12674      64652 
1368	 103272	0 1 0 0 1 0 0 1 0 0 1 1 1 1 0 0 1 1 0 1 0 0 1 0 0 1 0 1 1 0 1 1 0 1 1 0 1 1 0 2 1 0 2 1 0 2 1 0 2 1 0 2 1 0 2 1 0 3 1 0 2 1 0 2 1 0 3 1 0 2 2 0 2 3 2 3 3 1 0 3 7 3 2 10 2 4 1 3 2 19      13000      64000       5948 