
0     11880.00       67002.00
1     11644.00       95000.00
2      9384.00       29287.00
3     12680.00       55000.00
4      7685.00       29287.00
5       337.00       65000.00
6      3223.00       29287.00
7     10244.00       29287.00
8      4467.00       65000.00
9     12010.00       29287.00
10      1436.00       29287.00
11      3854.00       29287.00
12      3458.00       55000.00
13     10405.00       55000.00
14       156.00       67002.00
15     12559.00       29287.00
16      1924.00       29287.00
17      1740.00       29287.00
18      6759.00       29287.00
19     11250.00       55000.00