
0        291.00       23462.00
1      16575.00       18077.00
2      15335.00       12450.00
3       2043.00        5001.00
4      14089.00       12623.00
5      17822.00       14009.00
6       1130.00       18838.00
7       1595.00       29628.00
8       1552.00       12729.00
9      14900.00        9287.00
10      13145.00       11250.00
11       2815.00        9289.00
12       2024.00       22145.00
13      20022.00       14009.00
14      18394.00        5001.00
15      16997.00        5001.00
16      16027.00       16616.00
17      16472.00        5001.00
18      16514.00       23335.00
19      20856.00       16250.00