
0	1832000	0 2 0 1 1 0 1 2 1 0 0 2 1 1 0 2 1 1 2 0 0 2 1 1 2 0 4 0 0 2 2 0 0 2 1 1 2 0 2 1 1 1 2 0 2 0 1 2 4 2 1 6 3 1 0 4 0 6 7 0      63000      54000 
99	 921724	1 1 1 1 1 1 1 1 1 1 2 1 1 1 1 1 1 1 1 1 1 1 1 1 2 1 1 1 3 1 1 1 2 1 1 1 1 1 1 1 2 1 1 1 1 1 0 2 2 3 1 3 1 3 1 3 1 4 7 1      26357      67501 
198	 612000	1 0 1 0 1 0 1 0 1 0 1 0 1 0 1 1 1 0 1 1 1 1 1 1 1 0 1 3 1 1 1 1 1 1 1 1 1 4 1 2 1 2 1 2 1 2 2 0 3 1 3 2 3 1 3 2 4 1 1 12      72000      15000 
594	 480000	1 0 1 0 1 0 1 0 1 0 1 0 1 0 1 0 1 0 1 1 1 1 1 1 1 1 1 2 1 1 1 2 1 2 1 1 1 1 1 2 1 2 1 2 1 2 2 0 3 2 3 2 3 2 3 1 4 0 1 14      70000      15000 
792	 470000	1 0 1 0 1 0 1 0 1 0 1 0 1 0 1 1 1 0 1 1 1 1 1 1 1 1 1 1 1 1 1 1 1 1 1 1 1 2 1 2 1 2 1 2 1 2 2 1 3 2 3 2 3 2 3 2 4 1 1 12      64706      17941 
1287	 176000	0 1 0 1 0 1 0 1 0 1 0 1 0 1 0 1 0 1 1 1 1 1 1 1 1 1 2 1 1 1 1 1 2 1 1 1 1 1 2 1 2 1 2 1 2 1 1 2 2 3 2 3 1 3 1 3 0 4 15 1      15000      66000 
1584	 138468	1 0 1 0 1 0 1 0 1 0 1 0 1 0 1 0 1 0 1 1 1 1 1 1 1 1 1 2 1 1 1 2 1 2 1 1 1 1 1 2 1 2 1 2 1 2 2 1 3 2 3 2 3 1 3 1 4 1 1 13      66000      16461 
2961	 122360	0 1 0 1 0 1 0 1 0 1 0 1 0 1 0 1 0 1 1 1 1 1 1 1 1 1 2 1 1 1 2 1 1 1 1 1 1 1 2 1 2 1 2 1 2 1 1 2 1 3 2 3 2 3 2 3 1 4 13 1      16471      65882 
3654	 105888	0 1 0 1 0 1 0 1 0 1 0 1 0 1 0 1 0 1 1 1 1 1 1 1 1 1 1 1 1 1 2 1 1 1 1 1 1 1 2 1 2 1 2 1 2 1 1 2 2 3 2 3 2 3 2 3 1 4 13 1      16471      65882 
10053	 105884	0 1 0 1 0 1 0 1 0 1 0 1 0 1 0 1 0 1 1 1 1 1 1 1 1 1 1 1 1 1 1 1 2 1 1 1 1 1 2 1 2 1 2 1 2 1 1 2 2 3 2 3 2 3 2 3 5 3 9 2      16471      65881 
0	2787000	2 0 1 1 0 2 1 1 1 1 0 2 0 1 0 3 0 1 0 1 2 1 0 1 0 2 0 2 1 2 0 2 2 0 0 2 1 1 2 0 2 0 2 0 1 2 1 2 3 2 4 1 1 4 2 1 3 4 10 0      67500      72000 
99	1066000	1 1 1 1 0 1 1 1 1 1 0 1 0 1 0 1 0 1 0 1 2 1 0 1 0 1 1 1 1 1 0 1 2 1 0 1 1 1 2 1 2 1 2 1 1 1 1 2 3 3 4 3 1 3 2 3 3 4 10 1      17100      81000 
198	 742000	1 1 1 1 0 1 1 1 1 1 1 1 0 1 1 1 0 1 0 1 1 1 1 1 1 1 1 1 1 1 1 1 2 1 1 1 1 1 2 1 1 1 2 1 1 1 1 2 2 3 4 3 1 3 1 3 1 4 10 1      18000      72000 
297	 726000	0 1 0 1 1 1 1 1 1 1 1 1 0 1 1 1 1 1 1 1 1 1 1 1 0 1 1 1 1 1 1 1 1 1 1 1 1 1 1 1 1 1 2 1 1 1 1 2 1 3 1 3 3 3 3 3 2 4 11 1      18000      72000 
495	 705000	1 1 1 1 1 1 1 1 1 1 1 1 1 1 1 1 1 1 1 1 1 1 1 1 1 1 1 1 1 1 1 1 1 1 1 1 1 1 2 1 1 1 1 1 1 1 1 2 2 3 2 3 1 3 2 3 1 4 9 1      23750      66250 
693	 698890	0 1 0 1 1 1 1 1 1 1 1 1 1 1 1 1 1 1 1 1 1 1 1 1 1 1 1 1 1 1 1 1 1 1 1 1 1 1 1 1 1 1 2 1 1 1 1 2 1 3 1 3 2 3 3 3 2 4 10 1      21111      68889 
891	 535000	1 0 1 1 1 0 1 0 1 0 1 1 1 1 1 1 1 0 1 1 1 1 1 1 1 1 1 1 1 1 1 1 1 1 1 1 1 1 1 2 1 2 1 2 1 2 2 1 3 2 3 2 3 1 3 2 4 1 1 11      65000      17500 
1089	 139144	0 1 0 1 0 1 0 1 0 1 0 1 0 1 0 1 0 1 1 1 1 1 1 1 1 1 2 1 1 1 1 1 1 1 2 1 2 1 2 1 2 1 2 1 2 1 1 2 2 3 2 3 2 3 1 3 1 4 12 1      16572      65856 
1782	 121500	1 0 1 0 1 0 1 0 1 0 1 0 1 0 1 0 1 0 1 1 1 1 1 1 1 1 1 2 1 1 1 1 1 2 1 1 1 1 1 2 1 2 1 2 1 2 2 1 3 2 3 2 3 2 3 2 4 1 1 12      65500      16750 
3357	 105888	1 0 1 0 1 0 1 0 1 0 1 0 1 0 1 0 1 0 1 1 1 1 1 1 1 1 1 1 1 2 1 1 1 1 1 1 1 1 1 2 1 2 1 2 1 2 2 1 3 2 3 2 3 2 3 2 4 1 1 13      65882      16471 
0	2578000	0 1 1 0 2 0 0 1 0 2 1 0 0 5 0 1 0 1 2 0 2 0 1 0 0 2 0 2 1 1 2 0 1 2 1 2 1 1 1 1 0 3 0 2 1 1 2 2 4 3 3 2 1 3 3 1 5 2 7 1      72000      63000 
99	1055600	1 1 1 1 1 1 1 1 1 1 1 1 1 1 0 1 0 1 1 1 1 1 0 1 1 1 1 1 0 1 1 1 1 1 1 1 1 1 1 1 1 1 2 1 1 1 1 2 1 3 3 3 3 3 3 3 1 4 10 1      17100      81000 
198	 725000	1 1 1 1 1 1 1 1 1 1 1 1 1 1 1 1 1 1 1 1 1 1 1 1 1 1 1 1 1 1 1 1 1 1 1 1 1 1 1 1 1 1 1 1 1 1 2 2 2 3 1 3 2 3 2 3 1 4 9 1      23750      66250 
495	 556000	0 1 0 1 1 1 0 1 1 1 0 1 1 1 0 1 1 1 1 1 1 1 1 1 1 1 1 1 2 1 1 1 1 1 1 1 1 1 2 1 2 1 2 1 2 1 1 2 2 3 2 3 2 3 2 3 1 4 9 1      21000      63000 
792	 503550	1 0 1 0 1 0 1 0 1 0 1 0 1 1 1 1 1 0 1 1 1 1 1 1 1 1 1 1 1 1 1 1 1 1 1 1 1 1 1 2 1 2 1 2 1 2 2 2 3 2 3 2 3 2 3 2 4 1 1 11      63550      19675 
1089	 121500	0 1 0 1 0 1 0 1 0 1 0 1 0 1 0 1 0 1 1 1 1 1 1 1 1 1 1 1 2 1 2 1 1 1 1 1 1 1 2 1 2 1 2 1 2 1 1 2 2 3 2 3 2 3 2 3 1 4 12 1      16750      65500 
3159	 105888	1 0 1 0 1 0 1 0 1 0 1 0 1 0 1 0 1 0 1 1 1 1 1 1 1 1 1 1 1 1 1 1 1 1 1 1 1 2 1 2 1 2 1 2 1 2 2 1 3 2 3 2 3 2 3 2 4 1 1 13      65882      16471 
0	2025000	0 2 0 3 1 0 1 0 0 4 1 1 1 0 1 1 1 0 2 0 1 0 1 1 0 3 1 0 1 0 2 0 0 2 1 0 1 1 1 2 1 2 2 1 2 1 2 0 3 3 3 1 1 6 1 5 3 3 7 0      81000      40500 
99	1067012	2 1 1 1 1 1 1 1 1 1 1 1 1 1 1 1 1 1 1 1 1 1 1 1 1 1 1 1 1 1 1 1 1 1 2 1 1 1 1 1 1 1 1 1 1 1 1 2 1 3 4 3 4 3 1 3 1 4 5 1      39214      55930 
198	 864000	1 1 1 1 1 1 1 1 1 1 1 1 0 1 1 1 1 1 1 1 1 1 1 1 1 1 1 1 2 1 1 1 4 1 1 1 1 1 1 1 1 1 1 1 1 1 1 2 1 3 1 3 3 3 1 3 2 4 7 1      27000      63000 
297	 830000	1 1 1 0 1 0 1 0 1 1 1 0 1 0 2 0 1 1 1 1 2 0 2 0 2 0 1 1 1 1 1 1 1 1 1 1 1 1 0 4 1 1 1 2 1 1 2 2 3 1 2 5 2 4 3 2 3 3 1 7      63000      27000 
396	 640000	0 1 1 1 0 1 0 1 0 1 1 1 1 1 1 1 0 1 0 1 1 1 1 1 1 1 1 1 1 1 2 1 1 1 1 1 1 1 2 1 2 1 2 1 2 1 1 2 3 3 4 2 1 3 1 3 2 4 8 2      15750      72000 
891	 635700	0 1 1 1 1 1 1 1 1 1 1 1 1 1 0 1 1 1 1 1 1 1 1 1 1 1 1 1 1 1 1 1 1 1 1 1 1 1 2 1 2 1 2 1 2 1 0 2 2 3 2 3 1 3 1 3 1 4 10 1      18450      67500 
990	 171000	1 0 1 0 1 0 1 0 1 0 1 0 1 0 1 0 1 0 1 1 1 1 1 1 1 1 1 2 1 1 1 2 1 1 1 2 1 1 1 2 1 2 1 2 1 2 2 1 3 2 2 6 3 1 3 1 4 2 2 8      66000      16500 
1584	 140000	0 1 0 1 0 1 0 1 0 1 0 1 0 1 0 1 0 1 1 1 1 1 1 1 1 1 2 1 1 1 2 1 2 1 1 1 1 1 2 1 2 1 2 1 2 1 1 2 2 3 6 2 2 3 1 3 1 4 8 2      16363      65911 
1782	 122224	0 1 0 1 0 1 0 1 0 1 0 1 0 1 0 1 0 1 1 1 1 1 1 1 1 1 1 1 2 1 1 1 1 1 1 1 2 1 2 1 2 1 2 1 2 1 1 2 2 3 6 2 1 3 2 3 1 4 9 2      16444      66000 
2277	 105886	0 1 0 1 0 1 0 1 0 1 0 1 0 1 0 1 0 1 1 1 1 1 1 1 1 1 1 1 1 1 1 1 2 1 1 1 1 1 2 1 2 1 2 1 2 1 1 2 2 3 6 2 2 3 2 3 1 4 9 2      16470      65883 
0	2550000	0 1 1 0 0 5 0 2 1 0 2 1 0 3 1 0 0 2 1 0 1 0 0 4 2 0 1 2 1 1 2 1 1 1 1 0 1 1 1 1 1 2 2 0 2 0 1 3 3 0 4 1 2 3 3 2 1 6 6 0      81000      54000 
99	 782000	1 1 1 1 1 1 0 1 1 1 1 1 1 1 1 1 1 1 1 1 1 1 1 1 1 1 1 1 1 1 2 1 1 1 1 1 1 1 1 1 1 1 1 1 1 1 2 2 2 3 1 3 3 3 1 3 2 4 8 1      27000      63000 
297	 770000	1 1 1 1 1 1 1 1 1 1 1 1 1 1 1 1 1 1 1 1 1 1 1 1 1 1 1 1 1 1 2 1 1 1 1 1 1 1 1 1 1 1 1 1 1 1 2 2 2 3 1 3 3 3 1 3 1 4 8 1      26667      63333 
396	 642000	0 1 0 1 0 1 0 1 0 1 0 1 0 1 0 1 0 1 5 0 0 1 0 1 0 1 1 1 1 1 1 1 6 0 1 1 1 1 0 2 0 2 0 2 0 2 5 1 5 2 1 3 6 2 1 3 8 2 0 4      16000      72000 
693	 519290	1 0 1 0 1 0 1 0 1 0 1 1 1 1 1 0 1 0 1 1 1 1 1 1 1 1 1 1 1 2 1 2 1 1 1 1 1 1 1 2 1 2 1 2 1 2 2 1 3 2 3 2 3 2 3 2 4 1 1 10      64143      18786 
1287	 490000	0 1 0 1 0 1 0 1 0 1 0 1 1 1 0 1 0 1 1 1 1 1 1 1 1 1 1 1 1 1 2 1 1 1 2 1 1 1 2 1 2 1 2 1 2 1 1 2 2 3 2 3 2 3 2 3 1 4 11 1      17500      65000 
2763	 164000	0 1 0 1 0 1 0 1 0 1 0 1 0 1 0 1 0 1 1 1 1 1 1 1 1 1 1 1 2 1 1 1 1 1 1 1 1 1 2 1 2 1 2 1 2 1 1 2 2 3 2 3 2 3 1 3 0 4 15 1      16000      66000 
3060	 121500	1 0 1 0 1 0 1 0 1 0 1 0 1 0 1 0 1 0 1 1 1 1 1 1 1 1 1 1 1 1 1 2 1 1 1 2 1 1 1 2 1 2 1 2 1 2 2 1 3 2 3 2 3 2 3 2 4 1 1 12      65500      16750 
3852	 120548	1 0 1 0 1 0 1 0 1 0 1 0 1 0 1 0 1 0 1 1 1 1 1 1 1 1 1 1 1 1 1 1 1 1 1 1 1 1 1 2 1 2 1 2 1 2 2 1 3 2 3 2 3 2 3 2 4 2 1 13      65676      16487 
5436	 105888	1 0 1 0 1 0 1 0 1 0 1 0 1 0 1 0 1 0 1 1 1 1 1 1 1 1 1 1 1 1 1 1 1 1 1 2 1 1 1 2 1 2 1 2 1 2 2 1 3 2 3 2 3 2 3 2 4 1 1 13      65882      16471 
0	2742000	1 0 1 0 1 0 1 3 2 0 1 1 2 0 0 2 0 2 2 0 1 0 2 2 0 2 3 0 1 2 1 1 1 0 1 2 1 1 1 2 2 0 0 2 0 3 2 1 4 1 1 3 3 2 2 1 1 3 4 6      81000      57000 
99	 791260	0 1 1 1 1 1 1 1 1 1 1 1 0 1 1 1 1 1 1 1 2 1 1 1 1 1 1 1 1 1 2 1 1 1 1 1 1 1 2 1 1 1 1 1 3 1 0 2 2 3 2 3 1 3 2 3 1 4 8 1      23063      67500 
198	 742500	1 1 1 1 1 1 1 1 1 1 1 1 0 1 1 1 1 1 1 1 1 1 1 1 1 1 1 1 1 1 1 1 1 1 1 1 1 1 2 1 1 1 1 1 1 1 1 2 1 3 1 3 3 3 1 3 3 4 9 1      23750      66250 
297	 740000	1 1 1 1 1 1 1 1 1 0 1 1 1 0 1 0 1 0 1 2 1 1 1 0 1 1 1 0 1 1 1 0 1 1 1 1 1 2 1 2 1 2 1 1 1 1 2 2 2 7 3 0 3 2 3 2 3 3 3 6      81000       9000 
396	 528824	0 1 0 1 1 1 1 1 0 1 1 1 0 1 0 1 0 1 1 1 1 1 1 1 1 1 1 1 1 1 1 1 1 1 1 1 1 1 2 1 2 1 2 1 2 1 1 2 2 3 1 3 2 3 1 3 2 4 12 1      17941      64706 
693	 490000	0 1 0 1 0 1 0 1 0 1 0 1 1 1 0 1 0 1 1 1 1 1 1 1 1 1 1 1 1 1 2 1 1 1 2 1 1 1 2 1 2 1 2 1 2 1 1 2 2 3 1 3 2 3 2 3 1 4 12 1      17143      65714 
1683	 121500	0 1 0 1 0 1 0 1 0 1 0 1 0 1 0 1 0 1 1 1 1 1 1 1 1 1 2 1 2 1 1 1 1 1 1 1 1 1 2 1 2 1 2 1 2 1 1 2 2 3 2 3 2 3 2 3 1 4 12 1      16750      65500 
1980	 105888	0 1 0 1 0 1 0 1 0 1 0 1 0 1 0 1 0 1 1 1 1 1 1 1 1 1 1 1 1 1 1 1 1 1 1 1 2 1 2 1 2 1 2 1 2 1 1 2 2 3 2 3 2 3 2 3 1 4 13 1      16471      65882 
0	2944000	2 0 1 1 2 0 0 1 0 2 1 0 1 0 0 1 2 0 0 1 2 0 0 1 0 1 1 1 1 1 2 1 1 1 1 3 0 1 2 2 1 1 0 5 2 0 2 1 0 4 3 2 2 5 5 1 1 4 7 1      63000      81000 
99	 771000	1 1 0 1 1 1 1 1 1 1 1 1 1 1 1 1 0 1 1 1 1 1 1 1 2 1 3 1 2 1 1 1 1 1 1 1 1 1 2 1 1 1 1 1 3 1 1 2 1 3 1 3 0 3 1 3 1 4 9 1      20250      69750 
198	 750000	1 1 1 1 1 1 1 1 1 1 1 1 1 1 1 1 1 1 1 1 1 1 1 1 1 1 3 1 1 1 1 1 1 1 1 1 1 1 1 1 1 1 1 1 3 1 1 2 1 3 1 3 0 3 1 3 1 4 10 1      21000      69000 
297	 726000	0 1 1 1 1 1 1 1 1 1 1 1 1 1 1 1 1 1 0 1 1 1 1 1 1 1 1 1 1 1 1 1 1 1 1 1 1 1 2 1 1 1 1 1 1 1 1 2 1 3 1 3 4 3 2 3 0 4 11 1      18000      72000 
396	 707778	0 1 1 1 1 1 1 1 1 1 1 1 1 1 1 1 1 1 1 1 1 1 1 1 1 1 1 1 1 1 1 1 1 1 1 1 1 1 2 1 1 1 1 1 1 1 1 2 1 3 1 3 4 3 2 3 0 4 10 1      21111      68889 
495	 698890	0 1 1 1 1 1 1 1 1 1 1 1 1 1 1 1 1 1 1 1 1 1 1 1 1 1 1 1 1 1 1 1 1 1 1 1 1 1 2 1 1 1 1 1 1 1 1 2 1 3 1 3 3 3 2 3 1 4 10 1      21111      68889 
594	 634548	0 1 1 1 0 1 1 1 1 1 1 1 0 1 1 1 1 1 1 1 1 1 1 1 1 1 2 1 1 1 1 1 1 1 1 1 1 1 2 1 2 1 2 1 3 1 1 2 1 3 1 3 0 3 1 3 1 4 11 1      16637      69000 
693	 580334	0 1 0 1 0 1 1 1 0 1 1 1 1 1 1 1 0 1 1 1 1 1 1 1 1 1 1 1 1 1 1 1 1 1 1 1 1 1 2 1 2 1 2 1 2 1 0 2 1 3 1 3 4 3 2 3 0 4 12 1      15167      70000 
792	 567144	0 1 0 1 0 1 0 1 0 1 1 1 1 1 1 1 0 1 1 1 1 1 1 1 1 1 1 1 1 1 1 1 1 1 1 1 1 1 2 1 2 1 2 1 2 1 1 2 1 3 2 3 4 3 1 3 1 4 11 1      17143      65714 
1386	 494000	0 1 0 1 0 1 0 1 0 1 0 1 0 1 1 1 0 1 1 1 1 1 1 1 1 1 1 1 2 1 2 1 1 1 1 1 2 1 2 1 2 1 2 1 2 1 1 2 0 3 1 3 2 3 1 3 0 4 15 1      14000      70000 
1485	 159716	0 1 0 1 0 1 0 1 0 1 0 1 0 1 0 1 0 1 1 1 1 1 1 1 1 1 2 1 1 1 2 1 1 1 2 1 1 1 2 1 2 1 2 1 2 1 1 2 1 3 1 3 2 3 1 3 1 4 14 1      15286      66000 
1782	 134124	0 1 0 1 0 1 0 1 0 1 0 1 0 1 0 1 0 1 1 1 1 1 1 1 1 1 1 1 2 1 1 1 1 1 1 1 1 1 2 1 2 1 2 1 2 1 2 2 2 3 2 3 2 3 1 3 1 4 13 1      16471      65882 
2178	 121500	0 1 0 1 0 1 0 1 0 1 0 1 0 1 0 1 0 1 1 1 1 1 1 1 1 1 1 1 1 1 1 1 2 1 1 1 2 1 2 1 2 1 2 1 2 1 1 2 2 3 2 3 2 3 2 3 1 4 12 1      16750      65500 
2574	 105888	1 0 1 0 1 0 1 0 1 0 1 0 1 0 1 0 1 0 1 1 1 1 1 1 1 1 1 1 1 1 1 1 1 2 1 1 1 1 1 2 1 2 1 2 1 2 2 1 3 2 3 2 3 2 3 2 4 1 1 13      65882      16471 
0	2215730	0 2 1 0 1 0 1 1 1 0 2 0 1 0 1 2 1 0 2 0 2 0 0 2 0 3 2 3 1 0 0 3 0 2 2 0 0 3 1 1 2 1 1 1 0 3 1 2 2 1 2 2 2 5 4 1 1 4 8 0      82285      42430 
99	 850000	0 1 0 1 1 1 0 1 0 1 1 1 0 1 1 1 1 1 0 1 0 1 1 1 1 1 1 1 1 1 1 1 1 1 1 1 1 1 1 1 1 1 2 1 1 1 3 2 3 3 1 3 1 3 4 3 4 4 9 1      20000      72000 
198	 742500	0 1 0 1 1 1 0 1 0 1 1 1 0 1 1 1 1 1 1 1 1 1 1 1 1 1 1 1 1 1 1 1 1 1 1 1 1 1 1 1 1 1 2 1 1 1 3 2 3 3 1 3 1 3 3 3 3 4 9 1      23750      66250 
297	 606000	0 1 0 1 0 1 0 1 0 1 0 1 0 1 0 1 0 1 0 1 2 1 0 1 1 1 1 1 1 1 1 1 1 1 1 1 1 1 2 1 2 1 3 1 4 1 0 2 1 3 5 2 1 3 1 3 5 4 9 2      14000      72000 
594	 594000	1 0 1 0 1 0 1 0 1 0 1 0 1 0 1 0 1 0 1 0 1 1 1 0 1 1 1 1 1 1 1 1 1 1 1 1 1 1 1 2 1 2 1 3 1 4 2 1 3 1 2 5 3 1 3 1 4 5 2 9      72000      14000 
693	 562718	0 1 0 1 0 1 0 1 1 1 0 1 0 1 0 1 0 1 1 1 1 1 1 1 1 1 1 1 1 1 2 1 1 1 1 1 2 1 2 1 2 1 2 1 2 1 3 2 2 3 2 3 1 3 2 3 1 4 10 1      18786      64143 
891	 156000	1 0 1 0 1 0 1 0 1 0 1 0 1 0 1 0 1 0 1 1 1 1 1 1 1 1 1 2 1 1 1 2 1 1 1 1 1 1 1 2 1 2 1 2 1 2 2 1 3 2 3 2 3 2 3 2 4 2 1 11      65000      17000 
1584	 105888	0 1 0 1 0 1 0 1 0 1 0 1 0 1 0 1 0 1 1 1 1 1 1 1 1 1 1 1 1 1 2 1 1 1 1 1 1 1 2 1 2 1 2 1 2 1 1 2 2 3 2 3 2 3 2 3 1 4 13 1      16471      65882 
0	 943000	1 0 1 0 1 1 1 1 1 1 1 1 0 2 1 1 1 1 1 1 0 2 1 1 2 0 1 1 1 1 2 0 0 2 2 0 0 3 1 1 0 3 2 0 1 1 2 1 1 5 2 3 1 4 4 0 2 5 8 0      54000      40500 
99	 707778	1 1 0 1 1 1 1 1 0 1 0 1 1 1 0 1 0 1 1 1 1 1 1 1 1 1 1 1 1 1 1 1 1 1 1 1 1 1 1 1 2 1 1 1 2 1 0 2 1 3 2 3 3 3 3 3 3 4 10 1      21111      68889 
297	 616400	0 1 0 1 0 1 1 1 1 1 0 1 1 1 0 1 0 1 1 1 1 1 1 1 1 1 1 1 2 1 2 1 1 1 1 1 1 1 2 1 2 1 2 1 2 1 0 2 1 3 2 3 2 3 2 3 2 4 10 1      18450      67500 
594	 121500	1 0 1 0 1 0 1 0 1 0 1 0 1 0 1 0 1 0 1 1 1 1 1 1 1 1 1 1 1 2 1 1 1 1 1 2 1 1 1 2 1 2 1 2 1 2 2 1 3 2 3 2 3 2 3 2 4 1 1 12      65500      16750 
1188	 105888	1 0 1 0 1 0 1 0 1 0 1 0 1 0 1 0 1 0 1 1 1 1 1 1 1 1 1 1 1 1 1 1 1 2 1 1 1 1 1 2 1 2 1 2 1 2 2 1 3 2 3 2 3 2 3 2 4 1 1 13      65882      16471 
0	2566000	1 0 0 1 0 1 1 1 2 0 0 3 0 1 1 0 1 1 5 0 0 1 0 1 2 0 1 1 2 0 1 1 1 1 0 3 0 2 2 1 0 2 1 1 1 1 2 1 2 2 3 4 2 2 2 4 6 4 3 2      63000      72000 
99	 913540	0 1 1 1 1 1 1 1 0 1 0 1 1 1 1 1 0 1 1 1 1 1 1 1 3 1 0 1 2 1 1 1 1 1 2 1 1 1 1 1 1 1 1 1 2 1 1 2 1 3 1 3 1 3 1 3 1 4 13 1      13154      81000 
198	 859540	1 1 1 1 1 1 1 1 1 1 1 1 1 1 1 1 1 1 1 1 1 1 1 1 1 1 1 2 1 1 1 1 1 1 1 1 1 1 1 1 1 1 1 2 1 1 2 1 3 1 3 2 3 1 3 2 4 4 1 6      58236      32294 
297	 590000	0 1 1 1 0 1 0 1 2 1 0 1 1 1 0 1 0 1 0 1 1 1 1 1 1 1 1 1 1 1 1 1 1 1 1 1 1 1 2 1 2 1 2 1 2 1 1 2 4 3 2 3 1 3 1 3 4 3 8 2      14000      72000 
396	 579336	0 1 0 1 0 1 1 1 0 1 0 1 0 1 0 1 1 1 1 1 1 1 1 1 1 1 1 1 2 1 2 1 1 1 1 1 3 1 2 1 2 1 2 1 2 1 1 2 2 3 1 3 1 3 2 3 1 4 10 1      18667      65333 
495	 562000	0 1 1 1 0 1 0 1 1 1 0 1 1 1 0 1 0 1 0 1 1 1 1 1 1 1 1 1 1 1 1 1 1 1 1 1 1 1 2 1 2 1 2 1 2 1 1 2 4 3 2 3 1 3 1 3 4 3 9 2      14000      72000 
594	 515000	0 1 0 1 0 1 0 1 0 1 0 1 1 1 0 1 1 1 1 1 1 1 1 1 1 1 2 1 1 1 1 1 2 1 1 1 1 1 2 1 2 1 2 1 2 1 1 2 2 3 2 3 2 3 2 3 4 3 7 2      17500      65000 
1287	 140000	0 1 0 1 0 1 0 1 0 1 0 1 0 1 0 1 0 1 1 1 1 1 1 1 1 1 1 1 2 1 1 1 2 1 2 1 1 1 2 1 2 1 2 1 2 1 1 2 2 3 2 3 1 3 2 3 5 3 8 2      16750      65500 
1584	 117652	0 1 0 1 0 1 0 1 0 1 0 1 0 1 0 1 0 1 1 1 1 1 1 1 1 1 1 1 1 1 1 1 1 1 1 1 1 1 2 1 2 1 2 1 2 1 2 2 2 3 2 3 2 3 2 3 1 4 13 1      16471      65882 
3060	 105888	1 0 1 0 1 0 1 0 1 0 1 0 1 0 1 0 1 0 1 1 1 1 1 1 1 1 1 1 1 1 1 2 1 1 1 1 1 1 1 2 1 2 1 2 1 2 2 1 3 2 3 2 3 2 3 2 4 1 1 13      65882      16471 
0	1814000	0 1 0 1 1 1 2 0 2 0 2 0 1 0 0 2 1 1 1 1 0 2 2 0 2 0 1 1 1 1 0 3 1 1 0 2 1 3 1 1 2 0 1 1 2 0 1 2 4 4 1 3 2 2 1 5 1 4 8 0      63000      54000 
99	 880000	1 1 0 1 1 1 1 1 1 1 1 1 0 1 0 1 1 1 3 1 1 1 1 1 1 1 2 1 1 1 1 1 1 1 1 1 1 1 1 1 1 1 1 1 1 1 1 2 4 3 0 3 4 3 1 3 1 4 8 1      22875      69000 
198	 743334	1 1 1 1 0 1 1 1 1 1 1 1 1 1 1 1 1 1 1 1 1 1 1 1 1 1 1 1 1 1 1 1 1 1 1 1 1 1 3 1 1 1 2 1 1 1 1 2 1 3 2 3 1 3 3 3 1 4 8 1      26667      63333 
297	 730000	1 1 1 1 1 1 1 1 1 1 1 1 1 1 1 1 1 1 1 1 1 1 1 1 1 1 1 1 1 1 1 1 1 1 1 1 1 1 2 1 1 1 2 1 1 1 1 2 1 3 2 3 1 3 3 3 1 4 8 1      26667      63333 
495	 727500	0 1 0 1 1 1 1 1 1 1 1 1 1 1 0 1 1 1 1 1 1 1 1 1 1 1 1 1 1 1 2 1 1 1 1 1 2 1 1 1 1 1 1 1 2 1 1 2 4 3 1 3 2 3 1 3 1 4 9 1      23750      66250 
594	 538572	1 0 1 0 1 0 1 1 1 0 1 0 1 0 1 1 1 1 1 1 1 1 1 1 1 1 1 1 1 2 1 1 1 1 1 2 1 1 1 2 1 2 1 2 1 2 2 1 3 1 3 2 3 2 3 1 4 1 1 11      65714      17143 
693	 520000	1 0 1 0 1 0 1 1 1 0 1 0 1 0 1 1 1 1 1 1 1 1 1 1 1 1 1 1 1 1 1 1 1 1 1 2 1 1 1 2 1 2 1 2 1 2 2 1 3 2 3 2 3 2 3 1 4 1 1 11      65000      17500 
792	 121500	1 0 1 0 1 0 1 0 1 0 1 0 1 0 1 0 1 0 1 1 1 1 1 1 1 1 1 1 1 2 1 1 1 2 1 1 1 1 1 2 1 2 1 2 1 2 2 1 3 2 3 2 3 2 3 2 4 1 1 12      65500      16750 
1683	 105888	1 0 1 0 1 0 1 0 1 0 1 0 1 0 1 0 1 0 1 1 1 1 1 1 1 1 1 1 1 1 1 1 1 2 1 1 1 1 1 2 1 2 1 2 1 2 2 1 3 2 3 2 3 2 3 2 4 1 1 13      65882      16471 
0	2976000	0 1 1 0 0 1 0 2 1 0 1 1 3 0 0 1 0 1 1 0 0 2 1 0 1 0 2 0 0 4 0 2 1 0 1 0 0 3 0 4 2 0 1 1 3 2 1 2 2 2 1 4 5 1 4 2 3 3 7 3      81000      63000 
99	 826000	1 1 1 0 1 0 1 0 1 0 1 1 1 0 1 0 1 2 1 1 1 1 1 1 1 1 1 1 1 1 1 1 1 4 1 1 1 1 1 1 1 2 1 2 1 1 2 1 3 4 3 1 3 3 3 2 4 1 1 7      63000      27000 
198	 531144	1 0 1 0 1 0 1 0 1 0 1 1 1 0 1 0 1 0 1 1 1 1 1 1 1 1 1 2 1 1 1 1 1 2 1 2 1 1 1 2 1 2 1 2 1 2 2 1 2 4 3 2 3 2 3 2 4 1 2 8      65214      19143 
396	 520000	1 1 0 1 0 1 0 1 0 1 1 1 0 1 0 1 0 1 1 1 1 1 1 1 1 1 1 1 1 1 1 1 2 1 2 1 1 1 2 1 2 1 2 1 2 1 1 2 6 2 1 3 2 3 1 3 1 4 8 2      15000      70000 
594	 105886	1 0 1 0 1 0 1 0 1 0 1 0 1 0 1 0 1 0 1 1 1 1 1 1 1 1 1 1 1 1 1 1 1 2 1 1 1 1 1 2 1 2 1 2 1 2 2 1 2 6 3 2 3 2 3 2 4 1 2 9      65883      16470 
0	 543000	1 0 1 0 1 0 1 0 1 1 1 0 1 0 1 0 1 0 1 1 1 1 1 1 1 1 1 1 1 1 1 1 0 4 1 1 1 1 1 2 1 2 1 2 1 2 2 2 3 2 3 2 3 2 3 3 4 2 2 7      63000      20500 
495	 510000	1 0 1 0 1 0 1 1 1 0 1 0 1 0 1 1 1 0 1 1 1 1 1 1 1 1 1 1 1 2 1 1 1 2 1 2 1 1 1 2 1 2 1 2 1 2 2 1 2 6 3 1 2 5 3 2 4 0 3 4      70000      15000 
594	 178000	1 0 1 0 1 0 1 0 1 0 1 0 1 0 1 0 1 0 1 1 1 1 1 1 1 1 1 1 1 1 1 1 0 5 1 2 1 1 1 2 1 2 1 2 1 2 2 1 3 3 3 2 3 2 3 2 4 2 2 7      63000      18000 
990	 146000	0 1 0 1 0 1 0 1 0 1 0 1 0 1 0 1 0 1 1 1 1 1 1 1 1 1 1 1 2 1 1 1 6 0 1 1 1 1 2 1 2 1 2 1 2 1 1 2 2 3 2 3 1 3 2 3 0 4 10 2      15000      66000 
1287	 105336	0 1 0 1 0 1 0 1 0 1 0 1 0 1 0 1 0 1 1 1 1 1 1 1 1 1 1 1 1 1 1 1 2 1 1 1 1 1 2 1 2 1 2 1 2 1 1 2 6 2 2 3 6 2 2 3 1 4 5 3      16334      65998 
0	2622000	2 0 0 1 0 1 1 0 2 0 2 1 1 0 1 1 0 2 2 0 0 1 1 3 2 0 2 0 1 1 1 1 1 1 2 1 0 2 1 3 1 3 0 3 2 0 0 2 2 2 0 8 1 2 3 2 7 0 4 1      63000      72000 
99	 790000	1 1 1 1 1 1 1 1 1 1 0 1 1 1 1 1 0 1 1 1 1 1 0 1 0 1 1 1 2 1 1 1 1 1 1 1 1 1 3 1 1 1 1 1 1 1 0 2 1 3 2 3 3 3 2 3 2 4 10 1      18000      72000 
198	 650000	0 1 0 1 1 1 0 1 0 1 1 1 0 1 0 1 1 1 1 1 0 1 0 1 0 1 1 1 1 1 1 1 1 1 2 1 1 1 2 1 2 1 2 1 1 1 1 2 0 3 2 3 1 3 1 3 6 3 13 2      10000      80000 
1386	 122360	0 1 0 1 0 1 0 1 0 1 0 1 0 1 0 1 0 1 1 1 1 1 1 1 1 1 1 1 1 1 2 1 2 1 1 1 1 1 2 1 2 1 2 1 2 1 1 2 2 3 2 3 2 3 1 3 1 4 13 1      16471      65882 
2673	 105888	0 1 0 1 0 1 0 1 0 1 0 1 0 1 0 1 0 1 1 1 1 1 1 1 1 1 2 1 1 1 1 1 1 1 1 1 1 1 2 1 2 1 2 1 2 1 1 2 2 3 2 3 2 3 2 3 1 4 13 1      16471      65882 
0	 874000	1 0 1 0 1 0 1 0 1 0 1 0 1 0 2 0 1 1 1 1 1 1 1 1 1 1 0 3 1 1 0 3 1 1 1 1 1 2 1 1 1 1 1 2 0 3 2 2 2 4 3 3 3 3 3 3 4 2 4 2      63000      30000 
198	 606000	1 0 1 0 1 0 1 0 1 0 1 0 1 0 1 0 1 0 1 0 1 1 1 0 1 1 1 1 1 1 1 1 1 1 1 1 1 1 1 2 1 2 1 2 1 2 2 0 3 1 3 3 3 1 3 3 4 5 1 13      72000      14000 
594	 504548	1 0 1 0 1 1 1 0 1 0 1 0 1 0 1 0 1 0 1 1 1 1 1 1 1 1 1 1 1 2 1 2 1 1 1 1 1 2 1 2 1 2 1 2 1 2 2 1 3 1 3 1 3 1 3 2 4 1 1 13      67274      16363 
792	 493200	1 0 1 0 1 1 1 0 1 0 1 0 1 0 1 0 1 0 1 1 1 1 1 1 1 1 1 1 1 1 1 2 1 1 1 1 1 2 1 2 1 2 1 2 1 2 2 1 3 2 3 1 3 1 3 2 4 1 1 13      66800      16400 
1287	 105888	0 1 0 1 0 1 0 1 0 1 0 1 0 1 0 1 0 1 1 1 1 1 1 1 1 1 1 1 1 1 1 1 1 1 1 1 2 1 2 1 2 1 2 1 2 1 1 2 2 3 2 3 2 3 2 3 1 4 13 1      16471      65882 
0	2966000	1 0 0 1 1 0 0 2 1 0 0 3 0 1 0 3 0 3 2 0 1 0 1 1 0 2 1 1 2 2 1 0 1 0 1 0 1 2 0 2 3 0 1 1 2 1 3 1 3 4 3 2 5 2 1 3 3 4 4 1      81000      63000 
99	1095400	1 1 1 1 1 1 1 1 1 1 1 1 1 1 0 1 2 1 1 1 1 1 0 1 1 1 1 1 0 1 0 1 1 1 1 1 0 1 1 1 1 1 1 1 1 1 1 2 3 3 3 3 1 3 1 3 4 4 10 1      17100      81000 
198	 818000	1 1 1 1 1 1 1 1 1 1 1 1 1 1 1 1 0 1 3 1 1 1 1 1 0 1 1 1 1 1 1 1 1 1 1 1 1 1 2 1 2 1 1 1 1 1 1 2 1 3 1 3 1 3 1 3 3 4 9 1      20000      72000 
396	 730000	1 1 1 1 1 1 1 1 1 1 1 1 1 1 1 1 1 1 2 1 1 1 1 1 1 1 1 1 1 1 1 1 1 1 1 1 1 1 2 1 2 1 1 1 1 1 1 2 1 3 1 3 1 3 1 3 2 4 9 1      23750      66250 
495	 715000	1 1 1 1 1 1 1 1 1 1 1 1 1 1 1 1 1 1 1 1 1 1 1 1 1 1 1 1 1 1 1 1 1 1 1 1 1 1 1 2 1 2 1 1 1 1 2 1 3 1 3 2 3 1 3 1 4 2 1 9      66250      23750 
792	 547574	0 1 0 1 0 1 1 1 1 1 0 1 1 1 0 1 1 1 1 1 1 1 1 1 1 1 1 1 1 1 2 1 1 1 1 1 1 1 2 1 2 1 2 1 2 1 1 2 2 3 2 3 2 3 1 3 1 4 10 1      18787      64142 
1188	 535000	1 1 0 1 0 1 0 1 0 1 1 1 0 1 1 1 1 1 1 1 1 1 1 1 1 1 1 1 1 1 1 1 1 1 1 1 1 1 2 1 2 1 2 1 2 1 1 2 2 3 2 3 2 3 1 3 1 4 11 1      17500      65000 
1386	 521716	0 1 0 1 1 1 0 1 0 1 0 1 0 1 0 1 0 1 1 1 1 1 1 1 1 1 1 1 2 1 2 1 1 1 1 1 1 1 2 1 2 1 2 1 2 1 1 2 2 3 2 3 2 3 2 3 2 4 10 1      18787      64142 
1485	 470000	0 1 0 1 0 1 1 1 0 1 0 1 0 1 0 1 0 1 1 1 1 1 1 1 1 1 1 1 2 1 1 1 1 1 1 1 1 1 2 1 2 1 2 1 2 1 1 2 2 3 2 3 2 3 2 3 1 4 12 1      17941      64706 
1683	 146000	1 0 1 0 1 0 1 0 1 0 1 0 1 0 1 0 1 0 1 1 1 1 1 1 1 1 1 1 1 1 1 2 1 2 1 2 1 1 1 2 1 2 1 2 1 2 2 1 3 2 3 2 3 2 3 2 4 1 1 11      65000      17000 
2475	 121500	0 1 0 1 0 1 0 1 0 1 0 1 0 1 0 1 0 1 1 1 1 1 1 1 1 1 1 1 1 1 2 1 1 1 2 1 1 1 2 1 2 1 2 1 2 1 1 2 2 3 2 3 2 3 2 3 1 4 12 1      16750      65500 
2772	 121182	1 0 1 0 1 0 1 0 1 0 1 0 1 0 1 0 1 0 1 1 1 1 1 1 1 1 1 1 1 1 1 1 1 1 1 1 1 1 1 2 1 2 1 2 1 2 2 1 3 3 3 2 3 2 3 2 4 1 1 13      65882      16471 
3762	 105888	0 1 0 1 0 1 0 1 0 1 0 1 0 1 0 1 0 1 1 1 1 1 1 1 1 1 1 1 1 1 1 1 1 1 2 1 1 1 2 1 2 1 2 1 2 1 1 2 2 3 2 3 2 3 2 3 1 4 13 1      16471      65882 
0	2560000	1 1 1 0 2 0 0 1 1 1 0 4 0 2 2 0 1 1 1 1 0 1 2 0 1 1 0 2 2 2 0 2 0 2 2 0 2 0 1 1 3 0 2 3 2 0 1 1 0 5 3 2 3 2 2 3 3 2 4 2      60000      75000 
99	1160000	1 1 1 1 1 1 1 1 1 1 1 1 1 1 1 1 2 1 1 1 2 1 1 1 1 1 0 1 1 1 1 1 2 1 0 1 0 1 1 1 1 1 1 1 1 1 2 2 0 3 2 3 1 3 4 3 1 4 9 1      19000      81000 
198	 751500	0 1 1 1 1 1 1 1 1 1 0 1 1 1 1 1 1 1 1 1 3 1 1 1 1 1 1 1 1 1 2 1 1 1 1 1 1 1 1 1 1 1 3 1 1 1 2 2 1 3 2 3 1 3 1 3 0 4 9 1      20250      69750 
297	 683334	0 1 0 1 1 1 0 1 0 1 0 1 1 1 0 1 1 1 3 1 1 1 1 1 1 1 1 1 1 1 1 1 1 1 1 1 1 1 1 1 1 1 2 1 2 1 1 2 3 3 2 3 1 3 3 3 1 4 10 1      21111      68889 
396	 661112	0 1 0 1 1 1 0 1 0 1 1 1 1 1 0 1 1 1 1 1 1 1 1 1 1 1 1 1 1 1 1 1 1 1 1 1 1 1 2 1 2 1 1 1 2 1 1 2 3 3 2 3 1 3 3 3 1 4 10 1      21111      68889 
495	 650000	1 0 1 1 1 0 1 1 1 1 1 0 1 0 1 1 1 0 1 1 1 1 1 1 1 1 1 1 1 1 1 2 1 1 1 1 1 1 1 2 1 2 1 1 1 2 2 1 3 1 3 2 2 5 3 2 4 1 2 8      70000      20000 
891	 495000	0 1 0 1 0 1 1 1 0 1 0 1 0 1 0 1 1 1 1 1 1 1 1 1 1 1 1 1 2 1 1 1 1 1 1 1 1 1 2 1 2 1 2 1 2 1 1 2 2 3 2 3 2 3 2 3 1 4 11 1      17500      65000 
1485	 121500	0 1 0 1 0 1 0 1 0 1 0 1 0 1 0 1 0 1 1 1 1 1 1 1 1 1 1 1 1 1 1 1 1 1 2 1 2 1 2 1 2 1 2 1 2 1 1 2 2 3 2 3 2 3 2 3 1 4 12 1      16750      65500 
2178	 105888	1 0 1 0 1 0 1 0 1 0 1 0 1 0 1 0 1 0 1 1 1 1 1 1 1 1 1 2 1 1 1 1 1 1 1 1 1 1 1 2 1 2 1 2 1 2 2 1 3 2 3 2 3 2 3 2 4 1 1 13      65882      16471 
0	2007000	1 1 0 1 0 1 0 2 0 1 0 2 0 2 2 1 0 1 1 2 3 0 1 1 0 1 2 1 0 1 1 1 2 0 0 2 0 1 1 2 3 0 1 3 2 2 2 1 2 2 4 1 3 3 4 1 1 4 6 1      40500      81000 
99	 952000	1 1 1 1 1 1 1 1 1 1 1 1 0 1 1 1 2 1 1 1 1 1 1 1 1 1 1 1 1 1 1 1 1 1 1 1 1 1 1 1 1 1 1 1 1 1 2 2 3 3 2 3 4 3 1 3 1 4 6 1      31500      63000 
396	 710000	1 1 1 1 0 1 1 1 1 1 1 1 1 1 1 1 1 1 1 1 1 1 1 1 1 1 1 1 1 1 1 1 1 1 1 1 2 1 1 1 1 1 1 1 1 1 1 2 2 3 1 3 2 3 1 3 1 4 11 1      20000      70000 
594	 690000	0 1 1 1 0 1 1 1 1 1 1 1 1 1 0 1 1 1 1 1 1 1 1 1 1 1 1 1 1 1 1 1 1 1 1 1 2 1 1 1 1 1 1 1 2 1 1 2 2 3 1 3 2 3 1 3 1 4 12 1      17273      72727 
1287	 499096	0 1 0 1 0 1 0 1 0 1 1 1 0 1 0 1 1 1 1 1 1 1 1 1 1 1 1 1 1 1 1 1 1 1 1 1 2 1 2 1 2 1 2 1 2 1 1 2 2 3 2 3 2 3 1 3 0 4 13 1      16363      67274 
1386	 480000	1 0 1 0 1 0 1 1 1 0 1 0 1 0 1 0 1 0 1 1 1 1 1 1 1 1 1 1 1 2 1 1 1 1 1 2 1 2 1 2 1 2 1 2 1 2 2 1 3 2 3 1 3 1 3 1 4 0 1 14      70000      15000 
1782	 105888	1 0 1 0 1 0 1 0 1 0 1 0 1 0 1 0 1 0 1 1 1 1 1 1 1 1 1 1 1 1 1 1 1 2 1 1 1 1 1 2 1 2 1 2 1 2 2 1 3 2 3 2 3 2 3 2 4 1 1 13      65882      16471 
0	2958000	0 1 1 0 1 0 0 1 0 1 2 0 0 1 0 2 1 1 1 0 0 2 1 1 1 1 0 2 0 2 1 0 4 0 3 0 1 1 2 0 2 0 1 2 1 2 1 3 3 1 5 1 0 4 1 4 4 3 5 6      81000      63000 
99	 953000	1 1 1 1 1 1 1 1 1 1 1 1 1 1 1 1 1 1 1 1 0 1 1 1 1 1 1 1 1 1 2 1 1 1 1 1 0 1 1 1 1 1 1 1 2 1 1 2 2 3 1 3 0 3 2 3 1 4 12 1      14250      81000 
198	 650000	1 0 1 0 1 0 1 0 1 0 1 1 1 0 1 0 1 0 1 1 1 0 1 0 1 1 1 1 1 3 1 1 1 1 1 1 1 1 1 1 1 2 1 2 1 2 2 1 3 1 3 2 3 1 3 1 3 5 2 13      80000      10000 
396	 473232	1 0 1 0 1 0 1 0 1 0 1 0 1 0 1 0 1 0 1 1 1 1 1 1 1 1 1 2 1 2 1 1 1 1 1 1 1 2 1 2 1 3 1 2 1 2 2 0 3 1 3 1 3 1 3 1 3 5 2 11      72581      12258 
1188	 138224	0 1 0 1 0 1 0 1 0 1 0 1 0 1 0 1 0 1 1 1 1 1 1 1 1 1 2 1 2 1 1 1 1 1 1 1 2 1 2 1 2 1 2 1 2 1 1 2 2 3 1 3 1 3 2 3 5 3 9 2      16444      66000 
2079	 137336	0 1 0 1 0 1 0 1 0 1 0 1 0 1 0 1 0 1 1 1 1 1 1 1 1 1 1 1 1 1 2 1 1 1 1 1 1 1 2 1 2 1 2 1 2 1 1 2 2 3 2 3 1 3 2 3 6 3 9 2      16444      66000 
2178	 122224	0 1 0 1 0 1 0 1 0 1 0 1 0 1 0 1 0 1 1 1 1 1 1 1 1 1 2 1 1 1 1 1 1 1 2 1 1 1 2 1 2 1 2 1 2 1 1 2 2 3 2 3 1 3 2 3 5 3 9 2      16444      66000 
3852	 120000	1 0 1 0 1 0 1 0 1 0 1 0 1 0 1 0 1 0 1 1 1 1 1 1 1 1 1 1 1 1 1 1 1 1 1 1 1 1 1 2 1 2 1 2 1 2 2 1 3 2 3 2 3 2 3 2 3 5 2 10      66000      16000 
4149	 105884	1 0 1 0 1 0 1 0 1 0 1 0 1 0 1 0 1 0 1 1 1 1 1 1 1 1 1 1 1 1 1 1 1 1 1 2 1 1 1 2 1 2 1 2 1 2 2 1 3 2 3 2 3 2 3 2 3 5 2 9      65881      16471 
0	2962000	0 2 1 1 0 2 1 0 0 1 2 0 0 1 1 0 1 1 0 2 1 3 1 1 1 1 1 1 0 5 1 0 1 1 1 0 3 0 0 3 1 1 1 2 2 1 1 4 4 1 5 1 2 2 3 0 2 3 5 2      81000      63000 
99	 971000	0 1 1 1 1 1 0 1 1 1 0 1 1 1 1 1 1 1 1 1 2 1 2 1 1 1 0 1 1 1 1 1 0 1 1 1 1 1 1 1 1 1 2 1 1 1 0 2 1 3 3 3 1 3 2 3 2 4 12 1      14250      81000 
198	 744000	1 0 1 1 1 2 1 1 1 1 1 1 1 1 1 1 1 2 1 1 1 1 1 1 1 1 1 1 1 1 1 1 1 1 1 1 1 1 1 1 1 1 1 1 1 1 2 1 3 0 3 1 3 2 3 2 4 1 1 11      71000      19000 
297	 724000	1 0 1 1 1 1 1 1 1 1 1 1 1 1 1 1 1 1 1 1 1 1 1 1 1 1 1 1 1 1 1 2 1 1 1 1 1 1 1 1 1 1 1 1 1 2 2 1 3 0 3 1 3 2 3 2 4 1 1 11      71000      19000 
396	 690000	0 1 1 1 1 1 1 1 1 1 1 1 1 1 1 1 1 1 1 1 1 1 1 1 1 1 1 1 1 1 1 1 1 1 1 1 1 1 1 1 1 1 1 1 2 1 1 2 1 3 1 3 2 3 2 3 1 4 11 1      19000      71000 
792	 552858	1 1 0 1 1 1 0 1 0 1 0 1 1 1 0 1 1 1 1 1 1 1 1 1 1 1 1 1 1 1 1 1 2 1 1 1 1 1 2 1 2 1 2 1 2 1 1 2 1 3 2 3 1 3 2 3 1 4 11 1      17143      65714 
891	 480000	0 1 1 1 0 1 0 1 0 1 0 1 0 1 0 1 0 1 1 1 1 1 1 1 1 1 2 1 2 1 1 1 1 1 2 1 1 1 2 1 2 1 2 1 2 1 1 2 1 3 1 3 1 3 2 3 0 4 14 1      15000      70000 
1089	 470000	1 0 1 0 1 0 1 0 1 0 1 0 1 0 1 1 1 0 1 1 1 1 1 1 1 1 1 1 1 1 1 2 1 1 1 1 1 1 1 2 1 2 1 2 1 2 2 1 3 2 3 2 3 2 3 2 4 1 1 12      64706      17941 
1287	 122360	0 1 0 1 0 1 0 1 0 1 0 1 0 1 0 1 0 1 1 1 1 1 1 1 1 1 2 1 1 1 1 1 1 1 2 1 1 1 2 1 2 1 2 1 2 1 1 2 2 3 2 3 1 3 2 3 1 4 13 1      16471      65882 
3060	 105888	1 0 1 0 1 0 1 0 1 0 1 0 1 0 1 0 1 0 1 1 1 1 1 1 1 1 1 1 1 1 1 2 1 1 1 1 1 1 1 2 1 2 1 2 1 2 2 1 3 2 3 2 3 2 3 2 4 1 1 13      65882      16471 