
0	 615960	1 0 0 1 0 0 1 0 0 1 0 0 1 0 0 1 0 0 1 0 0 1 0 0 1 0 0 1 1 0 1 1 0 1 1 0 1 1 0 1 2 0 1 2 0 1 2 0 1 2 0 1 2 0 1 2 0 1 2 0 1 2 0 1 2 0 1 2 0 2 2 0 3 3 6 3 3 1 3 3 2 3 3 6 4 2 4 1 2 23      63000      13500       8260 
198	 570000	0 1 0 0 1 0 0 1 1 4 1 0 0 1 0 1 1 0 0 1 0 1 1 0 0 1 1 1 1 1 3 1 0 1 1 1 1 1 1 2 1 1 1 1 1 0 1 3 0 1 3 1 1 2 1 1 1 1 1 2 1 1 2 1 1 2 2 1 2 1 2 2 1 3 3 2 3 3 1 3 3 1 3 3 1 4 2 13 1 2      13154      63000       9000 
396	 525078	0 0 1 1 0 1 0 1 1 1 0 1 1 0 1 1 0 1 1 0 1 1 0 1 1 0 1 1 1 1 1 1 1 1 1 1 1 1 1 1 2 1 1 2 1 1 2 1 1 1 1 1 2 1 1 2 1 1 3 1 1 2 1 1 2 1 1 2 1 2 2 2 1 3 3 1 2 3 2 3 3 6 3 2 0 2 4 9 2 2      14307       9078      58461 
495	 524116	1 0 1 1 1 0 1 0 1 1 0 1 1 0 1 1 0 1 1 1 1 1 0 1 1 0 0 1 1 0 1 1 0 1 1 0 1 1 1 1 2 0 1 1 1 1 2 1 1 1 1 1 2 0 1 2 1 1 2 1 1 2 1 1 2 1 1 3 1 2 2 1 3 3 2 3 2 1 3 3 1 3 3 1 4 2 1 1 2 19      63000      10218      10345 
594	 154772	0 1 1 0 1 1 0 1 1 0 1 1 0 1 1 0 1 1 0 1 1 0 1 1 1 0 1 1 0 1 1 0 1 1 0 1 1 0 1 2 0 1 2 0 1 2 0 1 2 0 1 2 0 1 2 0 1 2 0 1 2 0 1 3 0 1 2 0 1 1 0 2 1 3 3 2 1 3 2 3 3 2 4 3 3 8 3 5 15 2      15997       5232      60768 
1089	 145178	1 0 0 1 0 0 1 0 0 1 0 0 1 0 0 1 0 1 1 0 0 1 0 1 1 1 0 1 1 0 1 1 1 1 1 1 1 1 0 1 1 1 1 1 1 1 1 1 1 2 0 1 2 1 1 2 1 1 2 3 1 2 2 1 3 2 1 2 2 2 2 1 3 2 2 3 2 2 3 3 1 3 2 1 3 3 4 2 5 13      65993       7890       8351 
1188	 120456	1 0 0 1 0 0 1 0 0 1 0 0 1 0 0 1 1 0 1 0 0 1 1 0 1 0 1 1 0 1 1 1 1 1 1 1 1 0 1 1 1 1 1 1 2 1 1 2 1 0 2 1 1 2 1 1 2 1 3 2 1 2 2 1 1 3 1 2 2 2 1 1 3 3 1 3 2 2 3 1 3 3 1 2 3 4 3 2 13 5      65682       8068       8750 
1386	 110972	0 0 1 0 0 1 0 0 1 1 0 1 1 0 1 1 0 1 1 0 1 0 0 1 0 1 1 0 1 1 1 1 1 1 1 1 1 1 1 1 1 1 1 1 1 2 1 1 1 2 1 1 2 1 1 2 1 2 2 1 2 2 1 1 3 1 1 3 1 0 2 2 2 1 3 1 2 3 1 2 3 1 2 3 5 4 3 12 5 2       8839       8387      66000 
1584	  81000	0 0 1 0 0 1 0 0 1 0 1 1 0 0 1 0 0 1 0 0 1 0 0 1 0 0 1 2 0 1 0 1 1 1 1 1 0 1 1 1 1 1 2 1 1 1 2 1 1 2 1 2 1 1 2 1 1 2 2 1 2 2 1 2 2 1 3 1 1 3 0 2 2 2 3 3 1 3 4 0 3 3 1 3 3 6 3 3 13 2       7300       9700      66000 
1683	  80006	0 1 0 0 1 0 0 1 1 0 1 1 0 1 1 0 1 1 0 1 1 0 1 1 1 1 0 1 1 1 1 1 1 1 1 1 1 1 1 1 1 1 1 1 1 1 1 1 2 1 1 2 1 0 2 1 1 2 1 1 2 1 2 3 1 0 2 1 1 2 2 0 1 3 4 3 3 1 2 3 2 2 3 2 3 4 0 6 1 14      13333      60000      10000 
4050	  66672	0 1 0 0 1 0 0 1 1 0 1 1 0 1 1 0 1 1 0 1 1 0 1 1 1 1 0 1 1 1 1 1 1 1 1 1 1 1 1 1 1 1 1 1 2 2 1 0 1 1 2 2 1 0 2 1 1 2 1 1 2 1 1 3 1 0 2 1 1 2 2 0 1 3 4 3 3 1 2 3 2 2 3 2 3 4 0 6 1 14      13334      60000      10000 
4149	  61400	0 1 0 0 1 0 1 1 0 1 1 0 1 1 0 1 1 0 1 1 0 1 1 0 0 1 1 1 1 1 1 1 1 1 1 1 1 1 1 2 1 1 0 1 2 2 1 1 1 1 1 0 1 2 0 1 2 1 1 2 1 1 2 0 1 3 1 1 2 0 2 2 4 3 1 1 3 3 2 3 2 2 3 2 0 4 3 15 1 6       8700      60100      14900 
4941	  53342	0 0 1 0 0 1 0 1 1 0 1 1 0 1 1 0 1 1 0 1 1 0 2 1 0 1 1 1 0 1 1 1 1 1 0 1 1 1 1 2 0 1 1 2 1 1 2 1 1 2 1 1 1 1 2 0 1 2 2 1 2 1 1 2 2 1 1 3 1 1 1 2 2 2 3 2 2 3 2 2 3 2 2 3 5 3 3 9 5 2      13333       6666      63334 
5238	  46676	0 0 1 0 0 1 0 1 1 0 1 1 0 1 1 0 1 1 0 1 1 0 1 1 0 1 1 1 0 1 1 1 1 1 1 1 1 1 1 2 0 1 1 1 1 1 2 1 1 2 1 1 2 1 2 0 1 2 2 1 2 1 1 2 2 1 1 3 1 1 1 2 2 2 3 2 2 3 2 2 3 2 2 3 5 3 3 9 5 2      13333       6667      63333 
11646	  44708	0 1 0 0 1 0 0 1 1 0 1 1 0 1 1 0 1 1 0 1 1 0 1 1 0 1 1 1 1 0 1 1 0 1 1 1 1 1 0 2 1 0 1 1 1 1 1 2 1 1 2 1 1 2 2 1 0 2 1 2 2 1 1 2 1 1 1 1 4 1 2 1 2 3 2 2 3 2 2 3 2 2 3 2 5 3 4 9 2 6      12941      64118       5882 
12834	  38826	0 1 0 0 1 0 1 1 0 1 1 0 1 1 0 1 1 0 1 1 0 1 1 0 1 1 0 0 1 1 0 1 1 0 1 1 0 1 1 0 1 2 2 1 1 2 1 1 2 1 1 2 1 1 0 1 2 2 1 2 1 1 2 1 1 2 4 1 1 1 2 1 2 3 2 2 3 2 2 3 2 2 3 2 4 3 5 6 2 9       5882      64118      12941 
0	 649000	1 0 0 1 0 0 1 0 0 1 0 0 1 0 0 1 0 0 1 0 0 1 0 0 1 0 0 1 1 0 1 1 0 1 1 0 1 1 0 1 2 0 1 2 0 1 2 0 1 2 0 1 2 0 1 2 0 1 2 0 1 2 0 1 2 0 1 2 0 2 2 0 3 3 4 3 3 6 3 3 6 3 3 4 4 2 1 1 2 21      63000      13500       7715 
99	 618000	1 0 1 1 0 1 0 1 1 2 0 1 3 0 1 2 0 1 2 0 1 2 0 1 1 0 1 1 1 1 1 1 1 0 1 1 0 1 1 0 2 1 1 1 1 1 1 1 2 2 1 1 1 1 2 3 0 1 2 1 0 2 1 1 2 1 2 2 1 0 2 2 2 4 2 1 3 3 5 3 3 3 3 2 1 2 4 3 2 4       7500      24500      55500 
198	 570000	1 0 1 1 0 1 1 0 1 1 0 1 1 1 1 1 1 1 1 0 1 0 1 1 2 0 1 1 1 1 1 4 0 2 0 1 0 5 0 3 0 1 1 1 1 0 2 1 1 1 1 3 1 1 1 1 1 1 2 1 0 2 1 3 1 1 4 2 1 1 1 2 1 3 3 1 3 3 2 2 3 1 0 4 1 2 4 5 5 2      11000      17000      56000 
495	 153370	0 1 0 0 1 0 1 1 0 1 1 0 0 1 0 0 1 0 0 1 0 1 1 0 0 1 0 1 1 0 1 1 0 1 1 1 1 1 0 2 1 0 2 1 0 2 1 0 2 1 0 2 1 0 2 1 1 2 1 0 2 1 1 2 1 0 2 1 0 2 2 0 1 3 5 2 3 3 2 3 3 1 3 6 1 4 3 6 1 19      13500      63000       5685 
990	 112858	1 0 1 1 0 1 1 1 0 1 0 1 1 0 1 1 0 1 1 1 0 1 0 1 1 0 1 1 1 1 1 1 1 1 1 1 1 1 1 1 1 1 1 1 1 1 1 1 1 1 2 1 1 2 0 4 1 1 2 1 1 2 1 1 2 1 1 2 1 2 2 1 2 4 4 3 3 2 3 3 2 2 4 4 4 2 2 4 1 4      50714      17143      15000 
1485	  84448	1 0 0 1 0 0 1 1 0 1 1 0 1 1 0 1 1 0 1 0 0 1 1 0 1 1 0 1 1 1 1 1 1 1 3 0 1 1 1 1 1 1 1 2 1 1 1 2 1 1 1 1 1 1 1 2 1 1 1 2 1 2 2 1 1 2 1 1 2 2 2 1 2 3 6 2 3 6 3 2 2 2 3 7 4 2 1 4 2 1      63334       6296      14074 
2673	  51250	0 0 1 0 0 1 0 1 1 0 1 1 0 1 1 0 1 1 1 0 1 0 1 1 0 1 1 1 0 1 1 1 1 0 3 1 1 1 1 1 2 1 1 2 1 1 2 1 1 1 1 1 2 1 1 2 1 2 1 1 2 1 1 2 2 1 2 1 1 1 2 2 6 3 2 6 3 2 2 2 3 6 3 2 2 0 4 1 2 4      14125       6500      62875 
2871	  42566	1 0 0 1 0 0 1 0 1 1 0 1 1 0 1 1 0 1 1 0 1 1 0 1 1 0 1 1 1 1 1 1 1 1 0 2 1 1 1 1 1 2 1 1 2 1 2 0 1 1 2 1 1 2 1 1 2 1 2 2 1 2 2 1 2 1 1 2 1 2 1 1 2 6 3 2 6 3 3 2 2 2 7 1 4 1 2 4 1 2      63333      13846       6411 
6417	  39262	1 0 0 1 0 0 1 0 1 1 0 1 1 0 1 1 0 1 1 0 1 1 0 1 1 0 1 1 1 1 1 1 1 1 0 3 1 1 0 1 1 2 1 1 2 1 2 0 1 1 2 1 1 2 1 1 2 1 2 2 1 2 1 1 2 1 1 2 1 2 1 2 2 6 3 2 6 3 3 2 2 2 7 1 4 1 2 4 1 2      63333      14073       6297 
0	  94840	1 0 0 1 0 0 1 1 0 1 1 0 1 0 1 1 0 1 1 0 1 1 0 0 1 0 0 1 1 1 1 1 0 1 1 0 1 1 0 1 2 0 1 2 0 1 2 0 1 2 0 1 2 0 1 2 0 1 2 0 1 3 0 1 3 0 1 2 0 2 1 0 3 2 2 3 2 3 2 4 8 3 1 5 4 1 2 2 3 18      63550      13225       6290 
990	  81340	0 0 1 0 0 1 1 0 1 0 1 1 0 1 1 0 0 1 0 1 1 0 1 1 0 1 1 1 0 1 1 0 1 1 0 1 1 0 1 2 0 1 2 0 1 2 0 1 2 0 1 2 0 1 2 0 1 2 1 1 3 0 1 3 0 1 2 2 1 1 0 2 2 2 3 1 4 3 4 7 2 2 1 3 1 1 4 4 19 2      12334       5334      64666 
1287	  72500	0 0 1 0 0 1 0 0 1 0 1 1 1 0 1 1 0 1 1 0 1 1 0 1 0 0 1 0 1 1 0 1 1 0 1 1 0 1 1 0 2 1 0 2 1 0 2 1 1 1 1 0 2 1 0 2 1 1 2 1 0 3 1 0 3 1 2 2 1 1 1 2 2 2 3 4 1 3 7 5 2 1 2 3 1 1 4 18 4 2       5650      12150      64850 
1386	  65720	1 0 0 1 0 0 1 0 0 1 1 0 1 0 1 1 0 1 1 0 1 1 0 1 1 0 1 1 1 1 1 1 0 1 1 0 1 1 0 1 1 2 1 2 0 1 2 0 1 2 0 1 2 0 1 2 0 1 2 2 1 3 0 1 3 0 1 2 2 2 1 1 3 2 1 3 2 2 2 5 5 3 2 2 4 1 1 2 3 18      63714      13143       6286 
1485	  51436	0 0 1 0 0 1 1 0 1 0 1 1 0 1 1 0 1 1 0 1 1 0 1 1 0 1 1 1 1 1 1 0 1 1 1 1 1 1 1 1 2 1 2 0 1 2 0 1 2 0 1 2 0 1 2 0 1 2 1 1 3 0 1 3 0 1 2 1 1 1 1 2 2 2 3 2 2 3 5 5 2 1 3 3 1 2 4 4 14 2      13571       7143      62857 
7497	  49780	0 0 1 0 0 1 1 0 1 1 0 1 1 0 1 1 0 1 1 0 1 1 0 1 1 0 1 0 1 1 0 1 1 1 1 1 0 1 1 2 1 1 2 1 1 2 1 1 3 1 1 2 1 1 0 2 1 1 2 1 2 2 1 2 2 1 1 2 1 1 1 2 2 2 3 1 2 3 5 6 2 1 2 3 1 1 4 6 9 2       4000      13778      66000 
8289	  45808	0 1 0 0 1 0 1 1 0 1 1 0 1 1 0 1 1 0 1 1 0 1 1 0 1 1 0 0 1 1 0 1 1 0 1 1 1 1 1 2 1 1 2 1 1 2 1 1 2 1 1 2 1 1 0 1 2 2 1 2 1 1 2 2 1 2 2 1 2 1 2 1 1 3 2 2 3 2 4 2 6 2 3 2 1 4 1 6 2 9       4517      65483      13548 
9477	  40892	0 1 0 0 1 0 1 1 0 1 1 0 1 1 0 1 1 0 1 1 0 1 1 0 1 1 0 0 1 1 0 1 1 0 1 1 0 1 1 0 1 2 2 1 1 3 1 1 3 1 1 2 1 1 2 1 1 2 1 2 1 1 2 2 1 2 2 1 2 1 2 1 1 3 2 1 3 2 4 2 6 2 3 2 1 4 1 6 2 9       4000      66000      13778 
0	 665200	1 0 0 1 0 0 1 0 0 1 0 0 1 0 0 1 0 0 1 0 0 1 0 0 1 0 0 1 1 0 1 1 0 1 1 0 1 1 0 1 2 0 1 2 0 1 2 0 1 2 0 1 2 0 1 2 0 1 2 0 1 2 0 1 2 0 1 2 0 2 2 0 3 3 9 3 3 4 3 3 2 3 3 2 4 2 5 1 2 20      63000      13500       8100 
297	 538182	0 1 1 1 1 1 0 1 1 0 1 1 2 0 1 1 0 1 1 0 1 1 0 1 0 1 1 1 1 1 1 0 1 1 1 1 1 0 1 1 1 1 1 1 1 1 1 1 1 3 1 1 2 1 1 1 1 2 0 1 2 2 1 2 1 1 2 0 1 1 2 2 2 1 3 2 2 3 2 2 3 2 2 3 1 6 4 8 8 1      21818       5909      58182 
396	 526364	0 1 1 1 1 1 0 1 1 0 1 1 1 0 1 1 0 1 1 0 1 1 0 1 1 1 1 1 1 1 1 0 1 1 1 1 1 0 1 1 1 1 1 1 1 1 1 1 1 3 1 1 2 1 1 1 1 2 0 1 2 2 1 2 1 1 2 0 1 1 2 2 2 1 3 2 2 3 2 2 3 2 2 3 1 6 4 8 8 1      21818       5909      58182 
495	 523456	0 1 1 1 1 1 0 1 1 0 1 1 1 0 1 1 0 1 1 0 1 1 0 1 1 1 1 1 1 1 1 0 1 1 1 1 1 0 1 1 1 1 1 1 1 1 1 1 1 2 1 1 2 1 1 1 1 2 0 1 2 2 1 2 1 1 2 0 1 1 2 2 2 1 3 2 2 3 2 3 3 2 2 3 1 6 4 8 8 1      21636       6273      56728 
594	 511822	1 1 0 0 1 0 0 1 0 0 1 0 0 1 0 0 1 0 0 1 0 1 1 0 0 1 0 1 1 1 1 1 0 1 1 1 1 1 0 1 1 1 2 1 1 2 1 1 2 1 1 3 1 1 2 1 1 1 1 2 2 1 2 1 1 2 3 1 3 2 2 0 3 3 1 3 3 6 3 3 0 2 3 1 2 3 5 2 2 12       4545      70000      10909 
792	 506000	0 1 0 0 1 0 1 1 0 0 1 0 1 1 0 1 1 0 0 1 0 0 1 0 0 1 0 1 1 1 1 1 0 1 1 1 1 1 0 1 1 1 2 1 1 2 1 1 2 1 1 2 1 1 2 1 1 2 1 2 2 1 2 2 1 2 2 1 3 2 2 0 3 3 1 2 3 6 2 3 0 3 3 1 2 3 5 2 2 12       4000      70000      11000 
990	 484000	1 0 0 1 0 0 1 0 1 1 0 0 1 0 1 1 0 1 1 0 0 1 0 0 1 0 0 1 1 1 1 0 1 1 1 1 1 0 1 1 1 1 1 1 2 1 1 2 1 1 2 1 1 2 1 1 2 1 2 2 1 2 2 1 2 2 1 2 2 2 0 2 3 1 3 3 6 2 3 1 2 3 1 3 3 5 2 2 12 2      70000      11000       4000 
1089	 117146	0 0 1 1 0 1 1 0 1 1 0 1 0 1 1 0 1 1 0 1 1 0 1 1 2 0 1 1 1 1 0 1 1 1 1 1 0 1 1 1 1 1 0 2 1 2 1 1 2 1 1 2 1 1 1 1 1 1 2 1 1 2 1 1 2 1 0 3 1 2 1 2 2 2 3 1 2 3 3 2 3 2 2 3 6 0 4 8 9 1       8571      17143      57143 
1188	 111432	1 0 0 1 1 0 1 1 0 1 1 0 1 0 1 1 0 1 1 0 1 1 0 1 1 1 0 1 1 1 1 0 1 1 1 1 1 0 1 1 1 1 1 0 2 1 2 1 1 2 1 1 2 1 1 2 1 1 1 2 1 1 2 1 1 2 1 0 3 2 2 1 3 2 2 3 1 2 3 3 2 3 2 2 4 6 0 1 8 9      57143       8571      17143 
1485	  98184	0 0 1 0 0 1 0 1 1 0 1 1 0 1 1 0 1 1 0 1 1 0 1 1 0 1 1 1 1 1 1 1 1 1 1 1 0 2 1 1 1 1 1 2 1 1 1 1 2 1 1 1 2 1 2 1 1 2 2 1 2 1 1 3 1 1 3 0 1 0 2 2 1 2 3 2 2 3 1 4 3 1 3 3 5 3 3 11 2 2      12727       7273      62727 
2079	  81822	1 0 0 1 0 0 1 0 1 1 0 1 1 0 1 1 0 1 1 0 1 1 0 1 1 0 1 1 1 1 1 1 1 1 1 1 1 0 2 1 1 1 1 1 2 1 1 1 1 1 1 1 1 2 1 1 1 1 2 2 1 2 1 1 3 1 1 3 0 2 1 2 3 2 2 3 2 2 3 1 4 3 1 3 3 5 3 2 11 2      62727      12727       7273 
2574	  73000	0 0 1 0 0 1 0 1 1 0 0 1 0 1 1 0 0 1 0 1 1 0 0 1 1 0 1 1 1 1 1 1 1 1 1 1 1 0 1 2 0 1 1 2 1 1 2 1 1 2 1 1 2 1 1 2 1 2 2 1 3 0 1 1 3 1 2 2 1 1 1 2 2 1 3 1 3 3 2 1 3 2 2 3 5 4 3 9 7 2      11500       6500      65500 
2871	  72002	0 0 1 0 0 1 0 1 1 0 1 1 0 0 1 0 1 1 0 1 1 0 1 1 0 1 1 1 1 1 1 0 1 1 1 1 1 1 1 1 1 1 1 2 1 2 0 1 1 1 1 1 2 1 1 2 1 2 1 1 2 3 1 2 1 1 2 2 1 1 1 2 2 2 3 2 1 3 2 1 3 2 2 3 5 4 3 9 7 2      13333       4000      66000 
3861	  67278	0 0 1 0 0 1 0 1 1 0 1 1 0 1 1 0 0 1 0 1 1 0 1 1 0 1 1 1 1 1 1 1 1 1 1 1 1 1 1 1 2 1 2 0 1 2 0 1 2 0 1 2 0 1 1 1 1 2 2 1 1 3 1 2 1 1 2 1 1 1 1 2 2 1 3 2 2 3 1 3 3 2 2 3 5 4 3 8 9 2      12727       5455      64546 
4059	  65000	0 1 0 0 1 0 1 1 0 1 1 0 1 1 0 1 1 0 1 1 0 1 1 0 1 1 0 1 1 1 0 1 1 1 1 1 1 1 1 1 1 1 2 1 1 0 1 2 1 1 1 2 1 1 1 1 1 1 1 2 2 1 2 2 1 2 2 1 2 1 2 1 2 3 2 1 3 2 1 3 2 2 3 2 4 3 5 7 2 9       4375      65625      13125 
5940	  63750	0 1 0 0 1 0 0 1 1 0 1 1 0 1 1 0 1 1 0 1 1 0 1 1 0 1 1 1 1 1 1 1 0 1 1 1 1 1 1 1 1 1 1 1 2 2 1 0 1 1 1 1 1 2 1 1 2 2 1 2 2 1 1 2 1 1 2 1 2 1 2 1 2 3 2 2 3 1 2 3 1 2 3 2 5 3 4 9 2 7      13125      65625       4375 
6039	  60000	1 0 0 1 0 0 1 1 0 1 1 0 1 1 0 1 1 0 1 1 0 1 0 0 1 1 0 1 0 1 1 0 1 1 0 1 1 0 1 1 3 1 1 2 1 1 1 1 1 2 1 1 1 1 1 0 2 1 1 2 1 2 2 1 2 2 1 2 2 2 1 1 3 1 2 3 1 2 3 2 2 3 2 2 3 5 5 2 8 9      66000       4000      13000 
6138	  52000	0 0 1 0 0 1 0 1 1 0 1 1 0 1 1 0 1 1 0 2 1 0 1 1 0 1 1 1 0 1 1 0 1 1 0 1 1 1 1 1 3 1 1 2 1 2 1 1 1 2 1 2 1 1 1 3 1 2 1 1 2 1 1 2 1 1 2 1 1 1 1 2 2 1 3 2 1 3 2 1 3 2 1 3 5 3 3 8 9 2      14000       4000      66000 
6534	  42096	0 1 0 0 1 0 0 1 1 0 1 1 0 1 1 0 1 1 0 1 1 0 1 1 0 1 1 1 1 0 1 1 0 1 1 0 1 1 0 1 1 3 1 1 3 1 1 2 1 1 3 1 1 3 1 1 3 2 1 1 3 1 0 2 1 1 2 1 1 1 2 1 2 3 1 2 3 1 2 3 1 2 3 2 5 3 3 9 2 6      14286      66000       3238 
7128	  36000	0 0 1 0 0 1 1 0 1 1 0 1 1 0 1 1 0 1 1 0 1 1 0 1 1 0 1 0 1 1 0 1 1 0 1 1 0 1 1 3 1 1 3 1 1 3 1 1 3 1 1 3 1 1 3 1 1 1 2 1 0 3 1 1 2 1 1 2 1 1 1 2 1 2 3 1 2 3 1 2 3 1 2 3 3 5 3 6 9 2       3200      14400      66000 
9990	  35460	0 0 1 0 0 1 1 0 1 1 0 1 1 0 1 1 0 1 1 0 1 1 0 1 1 0 1 0 1 1 0 1 1 0 1 1 0 1 1 3 1 1 3 1 1 0 2 1 3 1 1 3 1 1 3 1 1 2 2 1 1 2 1 1 2 1 2 2 1 2 1 2 1 2 3 1 2 3 1 2 3 1 2 3 3 5 3 5 9 2       3182      14547      65908 
0	 588200	1 0 0 1 0 0 1 0 0 1 0 0 1 0 0 1 0 0 1 0 0 1 0 0 1 0 0 1 1 0 1 1 0 1 1 0 1 1 0 1 2 0 1 2 0 1 2 0 1 2 0 1 2 0 1 2 0 1 2 0 1 2 0 1 2 0 1 2 0 2 2 0 3 3 5 3 3 3 3 3 3 3 3 3 4 2 3 1 2 25      63000      13500       7600 
198	 555820	0 1 0 0 1 0 0 1 0 0 1 0 2 1 0 0 1 0 0 1 0 0 1 0 0 1 0 1 1 0 1 1 0 1 1 0 0 1 1 2 1 0 1 1 0 1 1 0 0 2 0 1 1 0 1 1 0 2 1 0 3 1 0 3 1 0 2 1 0 1 2 0 3 3 4 7 2 3 1 3 3 0 3 3 4 3 6 5 2 22      11003      70000       3863 
396	 553796	0 1 1 0 1 1 1 1 1 0 1 1 1 1 0 1 1 1 1 1 1 0 1 1 0 1 1 1 1 1 1 1 0 1 1 0 1 1 1 1 1 1 1 1 1 2 1 1 2 1 0 2 1 0 2 1 0 2 1 0 2 1 1 2 1 1 2 1 1 2 2 1 2 3 0 3 3 1 3 3 1 2 3 5 2 4 1 2 1 17      15750      58500      11176 
495	 528762	0 0 1 0 0 1 1 0 1 1 0 1 0 1 1 0 1 1 1 0 1 0 1 1 0 1 1 0 1 1 0 2 1 0 1 1 0 1 1 0 2 1 0 2 1 1 1 1 1 1 1 0 2 1 0 2 1 0 1 2 0 2 1 0 2 1 0 2 1 0 2 2 5 4 2 4 2 3 2 2 3 6 3 2 3 1 4 17 2 2       7611      14691      60619 
594	 131712	0 1 0 0 1 0 1 1 0 0 1 0 0 1 0 0 1 0 1 1 0 0 1 1 0 1 0 1 1 1 0 1 1 1 1 1 1 1 1 1 1 2 1 1 1 1 1 2 1 1 1 1 1 2 1 1 1 1 1 2 1 1 3 1 1 3 1 1 3 1 2 1 1 3 3 0 3 5 2 3 1 2 3 0 1 4 2 20 1 5       8764      66000       7744 
990	  88424	0 0 1 0 0 1 0 0 1 0 1 1 0 0 1 0 0 1 1 0 1 0 0 1 0 0 1 1 1 1 0 1 1 1 1 1 0 1 1 0 3 1 1 2 1 1 2 1 3 0 1 1 1 1 1 2 1 2 2 1 1 3 1 1 3 1 1 3 1 1 1 2 1 3 3 0 4 3 2 1 3 4 0 3 0 2 4 19 5 1       9158       8000      66000 
3060	  45886	0 0 1 0 0 1 0 1 1 0 1 1 0 1 1 0 1 1 0 1 1 0 1 1 0 2 1 1 1 1 1 0 1 1 0 1 1 1 1 2 0 1 1 2 1 1 2 1 1 2 1 1 2 1 1 2 1 2 2 1 2 1 1 2 1 1 2 1 1 1 2 2 2 2 3 6 3 2 2 2 3 1 4 3 5 3 3 6 1 3      14117       6470      62943 
3951	  42000	0 1 0 0 1 0 1 1 0 1 1 0 1 1 0 2 1 0 1 1 0 1 1 0 1 1 0 0 1 1 0 1 1 0 1 1 0 1 1 2 1 1 0 1 2 3 1 1 3 1 1 3 1 1 2 1 1 1 1 2 2 1 2 1 1 2 2 1 2 1 2 1 1 3 2 4 2 6 1 3 2 1 3 2 3 3 5 4 3 5       3500      66000      14000 
4644	  37600	1 0 0 1 0 0 1 0 1 1 0 1 1 0 2 1 0 1 1 0 1 1 0 1 1 0 1 1 1 0 1 1 0 1 1 0 1 1 0 1 1 3 1 2 0 1 1 3 1 1 3 1 1 3 1 1 2 1 2 1 1 2 1 1 2 2 1 2 2 2 1 1 3 2 1 2 6 4 3 2 1 3 2 1 3 5 3 3 5 3      66000      14400       3200 
12726	  34552	1 0 0 1 0 0 1 1 0 1 1 0 1 2 0 1 1 0 1 1 0 1 1 0 1 1 0 1 0 1 1 0 1 1 0 1 1 0 1 1 3 1 1 0 2 1 3 1 1 3 1 1 3 1 1 3 1 1 2 2 1 1 2 1 1 2 1 2 2 2 1 1 3 1 2 2 3 6 3 1 2 3 1 2 3 3 5 3 3 5      65908       3182      14546 
0	 649000	1 0 0 1 0 0 1 0 0 1 0 0 1 0 0 1 0 0 1 0 0 1 0 0 1 0 0 1 1 0 1 1 0 1 1 0 1 1 0 1 2 0 1 2 0 1 2 0 1 2 0 1 2 0 1 2 0 1 2 0 1 2 0 1 2 0 1 2 0 2 2 0 3 3 3 3 3 5 3 3 4 3 3 4 4 2 5 1 2 21      63000      13500       9047 
198	 570000	0 1 1 1 1 1 0 1 1 0 1 1 0 1 1 0 1 1 0 1 1 1 0 1 1 0 1 2 1 1 0 2 1 1 2 1 1 1 1 0 2 1 0 3 1 2 0 1 3 0 1 1 1 1 1 1 1 1 2 1 2 1 1 1 2 1 1 2 1 2 0 2 4 0 3 0 3 3 2 2 3 6 1 3 3 1 4 6 8 1      15000      15000      55000 
495	 527600	1 0 1 1 0 0 1 1 0 1 0 1 1 0 1 1 0 1 1 1 1 1 1 0 1 0 1 1 1 0 1 1 0 1 1 0 1 1 0 1 1 1 1 1 0 1 2 0 1 2 0 1 1 1 1 2 0 1 2 0 1 2 0 1 2 0 1 2 1 2 2 0 3 3 1 3 3 3 3 2 1 3 1 5 4 1 3 1 6 20      62000      19000       5200 
693	 514952	0 1 1 0 0 1 0 0 1 0 1 1 0 0 1 0 0 1 0 0 1 0 1 1 0 1 1 0 0 1 1 0 1 2 0 1 0 0 1 2 0 1 2 0 1 2 0 1 2 0 1 1 1 1 1 0 1 3 0 1 3 0 1 3 0 1 4 0 1 1 0 2 1 1 3 0 3 3 2 6 3 2 3 3 4 5 3 6 19 2       9000       4316      72000 
792	  71624	0 0 1 0 0 1 0 1 1 0 1 1 0 1 1 0 1 1 0 1 1 1 0 1 0 1 1 1 0 1 1 0 1 1 0 1 1 1 1 2 1 1 2 0 1 2 0 1 2 0 1 2 1 1 2 0 1 3 0 1 3 0 1 3 0 1 2 1 1 2 0 2 3 1 3 2 2 3 3 1 3 0 5 3 2 2 4 2 21 1      13065       9194      60806 
3060	  57900	1 0 0 1 0 0 1 1 0 1 0 0 1 1 0 1 1 0 1 0 0 1 1 0 1 0 0 1 0 1 1 0 1 1 0 1 1 1 1 1 2 1 1 2 1 1 0 2 1 2 1 1 2 1 1 1 1 1 2 2 1 2 2 1 2 2 1 2 2 2 1 1 3 2 2 3 2 2 3 2 2 3 2 2 3 4 5 2 7 9      64737       5263      12632 
3258	  38478	1 0 0 1 0 0 1 1 0 1 1 0 1 1 0 1 1 0 1 0 0 1 1 0 1 1 0 1 0 1 1 0 1 1 0 1 1 0 1 1 3 1 1 3 1 1 0 2 1 3 1 1 3 1 1 2 1 1 1 2 1 2 2 1 2 2 1 2 2 2 1 1 3 1 2 3 1 2 3 1 2 3 1 2 3 4 5 2 6 9      66000       3239      14285 
3852	  33716	1 0 0 1 0 0 1 1 0 1 1 0 1 1 0 1 1 0 1 1 0 1 1 0 1 1 0 1 0 1 1 0 1 1 0 1 1 0 1 1 3 1 1 0 2 1 2 1 1 3 1 1 3 1 1 3 1 1 1 2 1 2 2 1 2 2 1 2 2 2 1 1 3 1 2 3 1 2 3 1 2 3 1 2 3 3 5 2 6 9      66000       3239      14285 
11133	  31620	0 0 1 0 0 1 0 1 1 0 1 1 0 1 1 0 1 1 0 1 1 0 1 1 0 1 1 1 0 1 1 0 1 1 0 1 1 0 1 1 3 1 2 0 1 1 3 1 1 3 1 1 3 1 1 3 1 2 2 1 2 1 1 2 2 1 2 1 1 1 1 2 2 1 3 2 1 3 2 1 3 2 1 3 5 3 3 9 6 2      14286       3238      66000 
0	 649000	1 0 0 1 0 0 1 0 0 1 0 0 1 0 0 1 0 0 1 0 0 1 0 0 1 0 0 1 1 0 1 1 0 1 1 0 1 1 0 1 2 0 1 2 0 1 2 0 1 2 0 1 2 0 1 2 0 1 2 0 1 2 0 1 2 0 1 2 0 2 2 0 3 3 7 3 3 3 3 3 6 3 3 3 4 2 2 1 2 21      63000      13500       7715 
198	 638054	0 1 1 0 1 0 0 1 0 0 1 0 0 1 0 0 1 1 0 1 0 0 1 1 0 1 0 1 1 0 1 1 0 1 1 0 1 1 0 2 1 0 2 1 0 2 1 0 2 1 0 2 1 0 2 1 0 2 1 0 2 1 0 2 1 0 2 1 1 2 2 0 3 3 3 3 3 2 3 3 3 3 3 5 2 4 6 2 1 19      13500      63000       8527 
297	 629308	1 0 0 1 0 0 1 0 0 1 0 0 1 0 0 1 0 0 1 0 0 1 0 0 1 0 0 1 0 1 1 0 1 1 0 2 1 0 1 1 0 1 1 0 2 1 0 2 1 0 2 1 0 2 1 0 2 1 1 2 1 0 2 1 2 2 1 1 2 2 0 2 3 5 3 3 7 3 3 1 3 3 0 3 4 2 2 1 23 2      70000       8174      11000 
396	 543342	0 0 1 0 0 1 0 0 1 0 0 1 0 0 1 1 0 1 1 0 1 1 0 1 0 0 1 0 1 1 0 1 1 0 1 1 0 1 1 0 2 1 0 2 1 0 2 1 0 2 1 0 2 1 0 2 1 0 2 1 0 2 1 0 2 1 0 2 1 0 2 2 3 3 3 2 3 3 3 3 3 5 3 3 7 2 3 19 2 2       6667      13334      63332 
693	 523316	0 1 1 0 1 1 0 1 1 0 1 1 0 1 0 0 1 1 0 1 0 0 1 0 0 1 0 1 1 1 1 1 0 2 1 0 1 1 1 1 1 1 2 1 0 2 1 0 2 1 0 2 1 0 2 1 0 2 1 0 2 1 0 2 1 0 2 1 1 2 2 0 3 3 1 3 3 1 3 3 2 3 3 3 2 3 7 2 2 19      13498      63004       6684 
792	 503684	0 1 1 0 1 1 0 1 1 0 1 1 1 0 1 0 1 1 1 0 1 0 1 1 0 1 1 1 1 1 1 0 1 2 0 1 1 1 1 1 1 1 2 0 1 2 0 1 2 0 1 2 0 1 2 0 1 2 0 1 2 0 1 2 0 1 2 1 1 2 0 2 3 1 3 3 1 3 3 1 3 3 3 3 1 7 3 1 18 2      14842       8030      60316 
891	 502340	0 1 1 0 1 1 0 1 1 0 1 1 0 1 1 0 1 1 0 1 0 0 1 1 0 1 0 1 1 1 1 1 0 2 1 0 1 1 1 1 1 1 2 1 0 2 1 0 2 1 0 2 1 0 2 1 0 2 1 0 2 1 0 2 1 0 2 1 1 2 2 0 3 3 1 3 3 1 3 3 2 3 3 2 2 3 7 2 2 18      13500      63000       7055 
1089	 401774	0 1 0 0 1 0 1 1 0 1 1 0 1 1 0 1 1 0 1 1 0 1 1 0 1 1 0 1 1 1 0 1 1 0 1 2 0 1 1 0 1 2 0 1 2 0 1 2 0 1 2 0 1 2 0 1 2 0 1 2 1 1 2 0 1 3 2 1 2 0 2 2 0 3 3 0 3 3 2 3 2 2 3 2 9 3 2 18 2 2       7059      62941      13530 
1287	 161500	1 0 0 1 0 1 1 0 1 1 0 1 1 0 1 1 0 1 1 1 0 1 0 1 1 0 1 1 1 1 1 1 0 1 1 0 1 1 1 1 1 1 1 2 0 1 2 0 1 2 0 1 2 0 1 2 0 1 2 0 1 2 0 1 2 0 1 2 1 2 1 0 3 2 1 3 2 1 3 4 1 3 2 3 3 3 7 2 4 18      60750      16000       5250 
1386	  60004	0 0 1 0 0 1 1 0 1 1 0 1 1 0 1 1 0 1 1 0 1 1 0 1 1 0 1 1 1 1 0 1 1 0 1 1 0 1 1 0 2 1 0 2 1 0 2 1 0 2 1 0 2 1 0 2 1 0 2 1 1 3 1 0 3 1 2 2 1 0 2 2 0 3 3 0 3 3 2 2 3 2 2 3 9 2 3 18 2 2       6667      13333      63334 
5328	  38834	0 0 1 0 0 1 1 0 1 1 0 1 1 0 1 1 0 1 1 0 1 1 0 1 1 0 1 1 1 1 0 1 1 0 1 1 0 1 1 0 2 1 0 2 1 0 2 1 0 2 1 0 2 1 0 2 1 0 3 1 1 2 1 0 3 1 2 2 1 0 2 2 0 3 3 0 3 3 2 2 3 2 2 3 9 2 3 18 2 2       7059      13529      62941 
0	 665200	1 0 0 1 0 0 1 0 0 1 0 0 1 0 0 1 0 0 1 0 0 1 0 0 1 0 0 1 1 0 1 1 0 1 1 0 1 1 0 1 2 0 1 2 0 1 2 0 1 2 0 1 2 0 1 2 0 1 2 0 1 2 0 1 2 0 1 2 0 2 2 0 3 3 6 3 3 5 3 3 3 3 3 3 4 2 5 1 2 20      63000      13500       8100 
198	 655108	0 1 0 0 1 0 0 1 0 0 1 0 0 1 0 0 1 0 1 1 0 1 1 0 0 1 0 1 1 0 1 1 0 1 1 0 1 1 0 2 1 0 2 1 0 2 1 0 2 1 0 2 1 0 2 1 0 2 1 0 2 1 0 2 1 0 2 1 0 2 2 0 3 3 6 2 3 6 2 3 4 3 3 4 2 4 3 2 1 19      13500      63000       8527 
297	 622896	1 0 0 1 0 0 1 0 0 1 0 0 1 0 0 1 0 0 1 0 1 1 0 1 1 0 0 1 0 1 1 0 1 1 0 1 1 0 1 1 0 1 1 0 2 1 1 2 1 1 2 1 0 2 1 0 2 1 1 3 1 1 2 1 2 2 2 0 2 2 0 2 3 3 3 3 0 2 2 7 2 3 3 3 3 5 2 2 18 2      72000       6556       9000 
396	 510000	0 1 1 0 1 1 0 1 1 0 1 1 0 1 1 0 1 1 0 1 1 0 1 1 0 1 1 1 1 1 1 1 1 1 0 1 1 1 1 1 1 1 2 1 1 2 1 1 2 1 1 2 1 1 2 0 1 2 1 1 2 1 1 2 1 1 3 1 1 2 0 2 3 3 3 3 1 3 3 1 3 3 1 3 2 1 4 2 14 1      15000      12500      57500 
693	 192000	1 0 1 1 0 1 0 1 1 1 0 1 1 0 1 0 1 1 1 0 1 1 0 1 0 1 1 1 1 1 1 1 1 0 1 1 1 1 1 1 1 1 1 1 1 0 2 1 1 2 1 1 2 1 0 2 1 1 2 1 1 2 1 1 2 1 1 2 1 0 2 2 5 2 3 1 2 3 1 3 3 1 4 3 1 2 4 16 2 1      10500      16500      55500 
891	 167000	1 0 1 1 0 1 1 0 1 1 0 1 1 0 1 1 0 1 1 0 1 1 0 1 1 0 1 1 1 1 1 1 1 0 1 1 1 1 1 1 1 1 1 1 1 1 2 1 1 2 1 1 2 1 0 2 1 1 2 1 1 2 1 1 2 1 1 2 1 0 2 2 3 3 3 1 3 3 1 3 3 1 3 3 1 3 4 14 3 1      10500      16500      55500 
990	 107148	0 0 1 0 0 1 1 0 1 0 1 1 1 0 1 0 1 1 1 0 1 0 1 1 0 1 1 1 1 1 1 1 1 1 1 1 1 1 1 2 0 1 1 1 1 1 1 1 2 1 1 1 1 1 1 1 1 2 1 1 1 2 1 2 1 1 1 2 1 1 1 2 5 0 3 4 1 3 2 3 3 3 2 3 5 4 3 1 12 2      11904      12809      57192 
1188	  92000	0 0 1 0 0 1 1 0 1 1 0 1 0 0 1 1 0 1 0 1 1 0 1 1 1 0 1 2 0 1 1 0 1 1 1 1 0 1 1 1 1 1 1 2 1 1 1 1 2 1 1 3 0 1 1 1 1 3 1 1 3 1 1 2 2 1 3 1 1 1 1 2 2 2 3 3 1 3 1 3 3 2 2 3 3 6 3 2 12 2       8400      11200      63600 
1980	  69634	0 1 0 0 1 0 1 1 0 1 1 0 1 1 0 1 1 0 1 1 0 0 1 1 1 1 0 1 1 1 1 1 1 1 1 1 0 1 1 1 1 1 2 1 1 1 1 1 2 1 1 1 1 2 2 1 1 1 1 2 1 1 2 1 1 2 1 1 2 2 2 1 4 3 1 6 3 0 0 3 3 4 3 1 4 3 5 0 2 11       7037      62593      14074 
2772	  45930	0 1 0 0 1 0 1 1 0 1 1 0 1 1 0 1 1 0 1 1 0 0 1 1 1 1 0 1 1 1 1 1 1 0 1 1 1 1 1 2 1 1 2 1 1 2 1 1 2 1 1 0 1 2 2 1 1 1 1 2 1 1 2 1 1 2 1 1 2 2 2 1 4 3 1 6 3 0 0 3 3 4 3 1 3 3 5 0 2 11       7037      62593      14074 
9468	  45600	0 0 1 0 0 1 1 0 1 1 0 1 1 0 1 1 0 1 1 0 1 1 0 1 1 0 1 0 1 1 0 1 1 1 1 1 0 1 1 2 1 1 2 1 1 3 1 1 2 1 1 2 1 1 2 1 1 1 2 1 2 2 1 2 2 1 2 2 1 1 1 2 2 2 3 1 2 3 1 2 3 1 2 3 4 5 3 4 10 2       4000      13200      66000 
12042	  37340	1 0 0 1 0 0 1 1 0 1 1 0 1 1 0 1 2 0 1 2 0 1 2 0 1 2 0 1 0 1 1 0 1 1 0 1 1 0 1 1 0 2 1 3 1 1 3 1 1 3 1 1 3 1 1 3 1 1 1 2 1 1 2 1 1 2 1 1 2 2 2 1 3 2 2 3 1 2 3 1 2 3 1 2 4 2 1 1 3 13      64417       3250      15833 
0	 631728	1 0 0 1 0 0 1 0 0 1 0 0 1 0 0 1 0 0 1 0 0 1 0 0 1 0 0 1 1 0 1 1 0 1 1 0 1 1 0 1 2 0 1 2 0 1 2 0 1 2 0 1 2 0 1 2 0 1 2 0 1 2 0 1 2 0 1 2 0 2 2 0 3 3 6 3 3 4 3 3 2 3 3 5 4 2 3 1 2 22      63000      13500       8636 
99	 506880	0 0 1 0 0 1 0 1 1 0 1 1 1 0 1 0 1 1 0 1 1 1 0 1 1 0 1 1 0 1 2 0 1 2 0 1 1 0 1 0 0 2 2 0 1 2 0 1 2 0 1 2 0 1 2 0 1 2 0 1 0 0 2 2 0 1 1 0 2 2 0 2 3 6 2 2 8 2 2 2 3 3 6 2 2 1 4 4 15 1      15313      10625      59375 
198	 137000	1 0 1 0 1 1 1 0 1 0 1 1 1 0 1 1 0 1 0 1 1 0 1 1 1 0 1 0 2 1 0 2 1 2 0 1 0 2 1 2 1 1 3 0 1 2 1 1 1 1 1 1 1 1 2 0 1 1 2 1 2 1 1 2 1 1 2 1 1 2 1 2 3 2 3 1 4 3 3 2 3 3 2 3 2 2 4 3 10 1      16500      17500      48500 
1089	  73336	0 1 0 0 1 0 0 1 1 0 1 1 0 1 1 0 1 1 1 1 0 1 1 0 0 1 1 1 1 1 1 1 1 1 1 1 1 1 1 1 1 2 1 1 2 1 1 2 2 1 0 1 1 2 1 1 1 2 1 1 2 1 1 1 1 3 2 1 1 1 2 2 2 3 2 2 3 2 2 3 3 2 3 3 1 4 3 12 1 3      16666      60000       6668 
3258	  70224	0 0 1 0 0 1 1 0 1 2 0 1 1 0 1 1 0 1 0 1 1 0 1 1 1 0 1 1 1 1 1 1 1 1 1 1 0 1 1 2 1 1 2 1 1 2 1 1 0 2 1 1 1 1 2 1 1 1 2 1 1 2 1 4 1 1 1 2 1 2 1 2 2 2 3 2 2 3 2 2 3 2 2 3 2 1 4 5 12 1       7111      15222      61778 
3555	  59912	0 0 1 0 0 1 1 0 1 1 0 1 1 0 1 2 0 1 0 1 1 0 1 1 1 0 1 1 1 1 0 1 1 1 1 1 1 1 1 2 1 1 2 1 1 2 1 1 2 1 1 2 1 1 2 1 1 1 2 1 1 2 1 1 2 1 1 2 1 2 1 2 2 2 3 2 2 3 2 2 3 2 2 3 4 1 4 3 12 1       6500      16682      60318 
6030	  56092	0 0 1 0 0 1 1 0 1 1 0 1 2 0 1 2 0 1 0 1 1 0 1 1 1 0 1 0 1 1 1 1 1 0 1 1 1 1 1 2 1 1 2 1 1 2 1 1 2 1 1 2 1 1 2 1 1 1 2 1 1 2 1 1 2 1 1 2 1 2 1 2 2 2 3 2 2 3 2 2 3 2 2 3 3 1 4 4 12 1       6500      16091      60909 
9684	  53000	0 0 1 0 0 1 1 0 1 1 0 1 1 0 1 1 0 1 0 1 1 0 1 1 1 0 1 1 1 1 1 1 1 0 1 1 1 1 1 2 1 1 2 1 1 2 1 1 2 1 1 2 1 1 2 1 1 1 2 1 1 2 1 1 2 1 1 2 1 2 1 2 2 2 3 2 2 3 2 2 3 2 2 3 3 1 4 5 12 1       6500      15500      61500 
10971	  50002	0 0 1 0 0 1 0 1 1 0 1 1 0 1 1 0 1 1 0 1 1 0 1 1 0 1 1 1 0 1 1 0 1 1 1 1 1 1 1 1 2 1 2 1 1 2 0 1 1 2 1 1 3 1 1 3 1 2 2 1 2 1 1 2 1 1 2 1 1 1 1 2 2 1 3 2 1 3 2 1 3 2 1 3 1 1 4 12 11 1      14091       4091      65909 
0	 649000	1 0 0 1 0 0 1 0 0 1 0 0 1 0 0 1 0 0 1 0 0 1 0 0 1 0 0 1 1 0 1 1 0 1 1 0 1 1 0 1 2 0 1 2 0 1 2 0 1 2 0 1 2 0 1 2 0 1 2 0 1 2 0 1 2 0 1 2 0 2 2 0 3 3 2 3 3 4 3 3 4 3 3 8 4 2 3 1 2 21      63000      13500       7715 
297	 605278	0 1 1 1 0 1 1 0 1 1 0 1 1 0 1 1 0 1 0 1 1 2 0 1 1 0 1 1 1 1 0 1 1 0 2 1 0 1 1 2 1 1 1 2 1 2 2 1 1 2 1 1 2 1 0 2 1 1 2 1 1 2 1 5 2 1 1 2 1 1 1 2 2 2 3 1 3 3 0 3 3 1 3 3 1 2 4 12 2 1      13819      14121      57939 
396	 125364	0 0 1 0 0 1 0 1 1 1 0 1 1 0 1 1 0 1 0 1 1 1 0 1 0 1 1 1 0 1 1 0 1 1 0 1 1 0 1 2 0 1 1 2 1 2 0 1 2 0 1 2 0 1 2 0 1 2 1 1 2 0 1 2 0 1 1 3 1 2 0 2 2 1 3 3 3 3 2 2 3 2 5 3 2 1 4 3 21 1      14725       8346      60551 
1584	 108600	0 1 1 0 1 0 0 1 1 0 1 1 1 1 0 1 1 0 1 1 0 1 1 0 1 1 0 1 1 1 2 1 0 1 1 1 1 1 1 1 1 2 1 1 1 1 1 1 1 1 1 1 1 1 1 1 2 1 1 2 2 1 1 1 1 2 1 1 2 1 2 2 3 3 1 4 3 0 2 3 3 4 2 5 3 4 1 4 2 9      16700      54400      11600 
2970	 108572	0 0 1 0 0 1 1 0 1 2 0 1 0 0 1 1 0 1 0 0 1 0 0 1 1 0 1 1 1 1 0 1 1 0 1 1 1 1 1 1 1 1 1 2 1 0 2 1 1 1 1 1 1 1 1 1 1 2 2 1 1 2 1 3 2 1 3 2 1 2 1 2 2 2 3 3 1 3 4 1 3 6 6 2 2 1 4 2 10 2       2142      14286      65716 
3366	 108000	0 0 1 0 0 1 1 0 1 1 0 1 1 0 1 1 0 1 0 0 1 0 0 1 1 0 1 1 1 1 0 1 1 0 1 1 1 1 1 1 1 1 1 2 1 0 2 1 1 1 1 1 1 1 1 1 1 2 2 1 1 2 1 3 2 1 3 2 1 2 1 2 2 2 3 3 1 3 4 1 3 6 6 2 2 1 4 2 10 2       3000      14000      66000 
4059	 105336	1 0 0 1 0 0 1 0 0 1 0 0 1 0 0 1 0 0 1 0 0 1 0 1 1 1 0 1 1 1 1 1 1 1 1 1 1 1 1 1 1 2 1 1 1 1 1 2 1 1 1 1 1 1 1 2 1 1 2 2 1 2 2 1 2 2 1 2 2 2 1 1 3 2 2 3 1 1 3 1 2 2 6 6 4 1 1 2 10 8      65999       8665       7669 
4158	  94120	0 0 1 0 0 1 0 1 1 0 0 1 0 1 1 0 1 1 0 0 1 0 1 1 0 1 1 1 1 1 1 0 1 1 1 1 1 1 1 1 1 1 1 1 1 1 1 1 1 1 1 2 0 1 1 1 1 3 0 1 2 3 1 1 4 1 2 1 1 1 1 2 2 2 3 2 1 3 2 1 3 6 6 2 1 1 4 9 9 2      12355       4115      65885 
4257	  72308	0 0 1 0 0 1 1 0 1 1 0 1 1 0 1 1 0 1 1 0 1 1 0 1 1 0 1 1 1 1 0 1 1 0 1 1 1 1 1 0 2 1 1 2 1 2 1 1 2 1 1 1 1 1 1 1 1 2 2 1 2 2 1 2 2 1 0 3 1 1 1 2 2 2 3 3 1 3 4 1 3 6 5 2 2 1 4 2 10 2       6154      13077      63846 
5733	  40008	1 0 0 1 0 0 1 0 1 1 0 1 1 0 1 1 0 1 1 0 1 1 0 1 1 0 1 1 1 1 1 1 1 1 1 1 1 1 0 1 2 0 1 2 0 1 1 2 1 1 2 1 1 2 1 1 2 1 2 1 1 2 1 1 2 1 1 3 0 2 1 1 3 2 2 3 1 4 3 1 4 2 5 5 4 1 2 2 10 3      63333      13333       6667 
11844	  40006	0 1 0 0 1 0 1 1 0 1 1 0 1 1 0 1 1 0 1 1 0 1 1 0 1 1 0 0 1 1 1 1 1 0 1 1 0 1 1 0 1 2 0 1 2 2 1 1 0 1 2 4 1 0 2 1 1 2 1 2 1 1 2 1 1 2 0 1 3 1 2 1 2 3 2 4 3 1 4 3 1 6 2 5 2 4 1 3 2 10       6666      63334      13333 
0	 520596	1 0 0 1 0 0 1 0 0 1 0 0 1 0 0 1 0 0 1 0 0 1 0 0 1 0 0 1 1 0 1 1 0 1 1 0 1 1 0 1 2 0 1 2 0 1 2 0 1 3 0 1 2 0 1 2 0 2 1 0 1 3 0 1 2 0 1 3 0 2 1 0 3 1 2 3 2 4 2 4 7 2 3 8 4 1 4 2 4 17      70000      10000       5882 
594	  86928	0 0 1 0 0 1 0 1 1 0 1 1 0 1 1 0 1 1 0 1 1 0 1 1 1 0 1 1 1 1 1 1 1 2 0 1 1 1 1 2 1 1 2 0 1 2 1 1 2 0 1 2 1 1 2 1 1 1 2 1 2 1 1 2 1 1 2 1 1 2 0 2 3 1 3 3 1 3 2 2 3 3 1 3 2 2 4 2 17 1      14231      11346      58654 
990	  80004	0 0 1 0 0 1 0 1 1 0 1 1 0 1 1 1 0 1 0 1 1 0 1 1 0 1 1 1 1 1 1 1 1 2 0 1 1 1 1 1 2 1 2 0 1 1 1 1 1 1 1 2 0 1 2 0 1 2 1 1 3 0 1 2 1 1 2 1 1 2 1 2 3 1 3 3 1 3 3 2 3 2 2 3 2 1 4 3 18 1      13334      10000      60000 
1386	  62696	0 0 1 0 0 1 0 1 1 0 1 1 1 0 1 0 1 1 0 1 1 0 1 1 0 1 1 1 1 1 1 0 1 1 1 1 1 1 1 1 2 1 2 0 1 2 0 1 1 2 1 2 1 1 1 2 1 2 1 1 3 0 1 2 1 1 2 1 1 2 0 2 3 1 3 2 2 3 3 1 3 3 1 3 2 1 4 4 17 1      13268       9808      60192 
2574	  61094	0 0 1 0 0 1 0 1 1 0 1 1 1 0 1 0 1 1 0 1 1 0 1 1 1 0 1 1 1 1 1 1 1 1 0 1 1 1 1 2 0 1 2 0 1 1 2 1 2 0 1 2 0 1 1 2 1 2 2 1 2 1 1 2 1 1 2 1 1 2 0 2 3 1 3 2 2 3 2 2 3 3 1 3 2 1 4 4 18 1      14818       8909      60364 
3069	  60696	1 0 0 1 0 0 1 0 1 1 0 1 1 0 1 1 1 0 1 0 1 1 0 1 1 0 1 1 1 1 1 1 1 1 1 1 1 1 1 1 1 2 1 2 0 1 1 1 1 2 0 1 2 0 1 1 2 1 2 1 1 2 1 1 2 1 1 2 1 2 2 0 3 4 0 3 3 1 3 3 1 3 3 1 4 3 0 1 2 20      60000      13449       9655 
5040	  60006	0 1 0 0 1 0 1 1 0 1 1 0 1 1 0 0 1 1 1 1 0 1 1 0 1 1 0 0 1 1 1 1 1 1 1 1 1 1 1 2 1 1 0 1 2 2 1 1 0 1 2 0 1 2 2 1 1 1 1 2 1 1 2 1 1 2 1 1 2 0 2 2 0 3 4 1 3 3 1 3 3 1 3 3 0 4 3 20 1 2       9655      60000      13449 
5436	  59640	0 0 1 0 0 1 1 0 1 1 0 1 1 0 1 0 1 1 1 0 1 1 0 1 1 0 1 1 1 1 1 1 1 0 1 1 1 1 1 0 2 1 0 2 1 2 1 1 0 2 1 0 2 1 2 1 1 1 2 1 1 2 1 1 2 1 1 2 1 2 1 2 0 4 3 1 3 3 1 3 3 1 3 3 0 3 4 20 2 1       9636      13824      59632 
9873	  53958	0 1 0 0 1 0 0 1 1 0 1 1 0 1 1 1 1 0 0 1 1 0 1 1 0 1 1 1 1 1 1 1 1 1 1 1 1 1 1 1 1 2 2 1 0 1 1 1 1 1 2 2 1 0 1 1 1 2 1 1 3 1 0 2 1 1 3 1 0 2 2 0 3 3 1 3 3 1 3 3 1 3 3 1 3 4 0 2 1 20      13277      60168       9664 
0	 665200	1 0 0 1 0 0 1 0 0 1 0 0 1 0 0 1 0 0 1 0 0 1 0 0 1 0 0 1 1 0 1 1 0 1 1 0 1 1 0 1 2 0 1 2 0 1 2 0 1 2 0 1 2 0 1 2 0 1 2 0 1 2 0 1 2 0 1 2 0 2 2 0 3 3 6 3 3 6 3 3 3 3 3 5 4 2 2 1 2 20      63000      13500       8100 
99	 610932	0 0 1 0 0 1 1 0 1 0 0 1 1 0 1 1 0 1 1 0 1 0 0 1 1 0 1 0 0 1 1 0 1 1 0 1 1 0 1 2 0 1 1 0 1 3 0 1 1 0 1 1 0 1 1 0 1 2 0 1 2 0 1 2 2 1 2 0 1 3 0 2 1 4 3 5 3 2 1 5 3 1 3 3 4 11 3 2 14 3      11651       1582      72000 
198	 604598	1 0 0 1 0 0 1 0 1 1 1 0 1 1 1 1 0 1 1 0 1 1 0 0 1 1 1 1 0 0 1 1 1 1 0 1 1 0 1 1 1 2 1 0 1 1 0 3 1 0 1 1 0 1 1 0 1 1 0 2 1 0 2 1 1 2 1 1 2 2 1 3 3 5 1 2 6 5 3 2 1 3 1 1 3 2 4 3 18 2      72000       2117      12941 
297	 531600	0 1 1 0 0 1 0 1 1 0 1 1 0 1 1 0 1 1 0 1 1 0 0 1 0 1 1 1 1 1 1 1 1 1 1 1 0 1 1 1 1 1 2 1 1 2 1 1 2 2 1 1 2 1 1 2 1 2 2 1 2 2 1 2 2 1 2 1 1 2 1 2 1 3 3 6 3 2 2 3 3 3 1 3 5 2 3 3 2 3      12800       2400      69600 
495	 524000	1 0 0 1 0 0 1 0 0 1 0 0 1 0 0 1 1 0 1 1 0 1 0 0 1 1 0 1 1 1 1 1 1 1 1 1 1 1 0 1 1 1 1 2 2 1 2 2 1 2 2 1 2 1 1 2 1 1 2 2 1 2 2 1 2 2 1 2 2 2 2 2 3 3 1 2 4 6 3 1 2 3 2 3 3 2 5 3 2 3      70000       2000      13000 
594	 110000	1 0 0 1 0 0 1 0 1 1 2 0 1 1 0 1 1 0 1 1 0 1 1 0 1 1 0 1 0 1 1 0 1 1 0 1 1 0 1 1 0 2 1 0 2 1 0 2 1 0 2 1 0 2 1 0 2 1 1 2 1 0 3 1 0 2 1 1 2 2 0 2 3 1 3 2 6 3 3 1 3 3 1 3 4 8 0 2 16 2      60000       8125      15000 
891	  85716	0 0 1 0 0 1 0 1 1 0 1 1 0 1 1 0 1 1 0 1 1 0 0 1 0 0 1 1 1 1 1 1 1 1 1 1 1 1 1 1 1 1 1 2 1 1 2 1 1 2 1 1 1 1 1 2 1 2 2 1 2 2 1 2 2 1 2 2 1 1 1 2 2 2 3 7 2 2 2 2 3 3 1 3 5 4 3 4 3 3      12857       5714      64286 
1089	  78000	1 0 0 1 0 0 1 1 0 1 1 0 1 1 0 1 1 0 1 1 0 1 1 0 1 1 0 1 1 1 1 1 1 1 0 1 1 1 1 1 0 2 1 3 1 1 2 1 1 1 1 1 2 1 1 1 1 1 2 2 1 2 2 1 0 3 1 2 2 2 2 1 3 1 2 2 5 6 3 1 2 3 1 2 3 4 5 3 3 4      66000       4000      13000 
2079	  66668	0 0 1 0 0 1 1 0 1 1 0 1 1 0 1 1 0 1 1 0 1 1 0 1 1 0 1 1 1 1 1 1 1 0 1 1 1 1 1 2 1 1 2 1 1 2 1 1 2 1 1 2 1 1 1 1 1 0 3 1 2 1 1 1 2 1 2 2 1 2 1 2 2 2 3 4 6 2 1 2 3 0 3 3 3 5 3 4 5 3       6667      13333      63333 
2277	  47200	1 0 0 1 0 0 1 0 1 1 0 1 1 0 1 1 0 1 1 0 1 1 0 1 1 0 1 1 1 0 1 1 0 1 1 0 1 1 0 1 1 3 1 1 2 1 1 1 1 1 2 1 2 0 1 1 2 1 2 2 1 2 2 1 2 2 1 2 2 2 1 1 3 2 1 2 6 5 3 2 2 3 2 1 3 5 4 3 5 3      66000      13200       4000 
9567	  40000	0 1 0 0 1 0 1 1 0 1 1 0 1 1 0 1 1 0 1 1 0 1 1 0 1 1 0 0 1 1 0 1 1 0 1 1 0 1 1 0 1 2 3 1 1 2 1 1 2 1 1 2 1 1 3 1 1 2 1 2 2 1 2 2 1 2 2 1 2 1 2 1 1 3 2 4 2 6 2 3 2 1 3 2 3 3 5 3 3 5       4000      66000      14000 
11052	  34858	1 0 0 1 0 0 1 0 1 1 0 1 1 0 1 1 0 1 1 0 1 1 0 1 1 0 1 1 1 0 1 1 0 1 1 0 1 1 0 1 1 3 1 1 3 1 1 3 1 1 2 1 2 0 1 1 3 1 2 1 1 2 2 1 2 2 1 2 2 2 1 1 3 2 1 2 6 4 3 2 1 3 2 1 3 5 3 3 5 3      66000      14143       3286 
0	 631728	1 0 0 1 0 0 1 0 0 1 0 0 1 0 0 1 0 0 1 0 0 1 0 0 1 0 0 1 1 0 1 1 0 1 1 0 1 1 0 1 2 0 1 2 0 1 2 0 1 2 0 1 2 0 1 2 0 1 2 0 1 2 0 1 2 0 1 2 0 2 2 0 3 3 3 3 3 3 3 3 8 3 3 3 4 2 3 1 2 22      63000      13500       8636 
297	 617728	0 1 0 0 1 0 0 1 0 1 1 0 0 1 0 0 1 0 0 1 0 0 1 0 0 1 0 0 1 1 0 1 1 0 1 1 0 1 1 0 1 2 0 1 2 0 1 2 0 1 2 0 1 2 1 1 2 0 1 2 0 1 2 0 1 2 0 1 2 0 2 2 3 3 3 3 3 3 6 3 3 3 3 3 3 4 2 22 1 2       8636      63000      13500 
495	 104794	0 0 1 0 0 1 1 0 1 1 0 1 1 0 1 0 1 1 1 0 1 0 1 1 0 1 1 1 1 1 1 0 1 1 1 1 1 0 1 2 1 1 1 1 1 1 1 1 2 0 1 2 0 1 2 0 1 2 0 1 2 1 1 3 0 1 3 0 1 1 0 2 3 1 3 2 2 3 1 4 3 2 2 3 1 2 4 4 22 1      13696       7391      62608 
594	  88644	0 0 1 0 0 1 0 1 1 0 1 1 1 0 1 1 0 1 1 0 1 0 1 1 1 0 1 0 1 1 0 1 1 1 1 1 0 1 1 0 2 1 0 2 1 2 1 1 0 2 1 0 2 1 0 2 1 0 3 1 0 2 1 0 3 1 1 2 1 0 2 2 1 3 3 0 3 3 7 0 3 3 1 3 2 1 4 21 4 1       7727      13864      62272 
2763	  85180	0 0 1 0 0 1 1 0 1 1 0 1 0 0 1 1 0 1 1 0 1 0 1 1 1 0 1 0 1 1 1 1 1 1 1 1 1 1 1 1 1 1 2 1 1 0 2 1 2 1 1 0 2 1 0 2 1 2 2 1 1 2 1 2 2 1 2 2 1 1 1 2 3 1 3 2 2 3 1 1 3 4 1 3 1 1 4 10 13 1       5792      12090      64910 
2862	  62004	0 0 1 0 0 1 1 0 1 1 0 1 1 0 1 1 0 1 1 0 1 1 0 1 1 0 1 0 1 1 0 1 1 0 1 1 0 1 1 0 2 1 1 1 1 1 2 1 1 1 1 1 2 1 0 2 1 2 2 1 2 2 1 1 2 1 2 2 1 1 1 2 4 1 3 1 2 3 1 2 3 4 1 3 1 1 4 12 12 1       4000      13833      66000 
3753	  54004	0 0 1 0 0 1 0 1 1 0 1 1 0 1 1 0 1 1 0 1 1 0 1 1 0 1 1 1 0 1 1 0 1 1 0 1 1 0 1 2 0 1 1 1 1 1 2 1 1 2 1 2 1 1 2 0 1 2 2 1 2 2 1 2 1 1 2 2 1 1 1 2 1 4 3 2 1 3 2 1 3 2 2 3 1 1 4 12 12 1      13833       4000      66000 
8487	  39726	0 0 1 0 0 1 0 1 1 0 1 1 0 1 1 0 1 1 0 1 1 0 1 1 0 1 1 1 0 1 1 0 1 1 0 1 1 0 1 1 3 1 1 3 1 2 0 1 1 3 1 1 2 1 1 2 1 2 2 1 2 1 1 2 1 1 2 2 1 1 1 2 2 1 3 2 1 3 2 1 3 2 1 3 1 1 4 13 10 1      13863       3379      66000 
0	 649000	1 0 0 1 0 0 1 0 0 1 0 0 1 0 0 1 0 0 1 0 0 1 0 0 1 0 0 1 1 0 1 1 0 1 1 0 1 1 0 1 2 0 1 2 0 1 2 0 1 2 0 1 2 0 1 2 0 1 2 0 1 2 0 1 2 0 1 2 0 2 2 0 3 3 6 3 3 4 3 3 4 3 3 5 4 2 2 1 2 21      63000      13500       7715 
198	 619250	0 1 1 0 1 1 0 1 0 0 1 1 0 1 1 0 1 1 0 1 1 0 1 1 0 1 1 1 1 1 1 1 0 1 1 0 1 1 0 2 1 0 2 1 0 2 1 0 2 1 1 2 1 1 2 1 1 2 1 1 2 1 0 2 1 0 2 1 1 2 2 0 3 3 3 3 3 2 3 3 4 3 3 2 2 4 1 2 1 16      13500      63000      10125 
396	 546252	1 0 1 1 0 1 1 0 1 1 0 1 1 0 1 1 0 1 1 0 1 1 0 1 1 0 1 1 1 1 0 1 1 0 1 1 0 1 1 0 2 1 0 2 1 0 2 1 1 2 1 1 2 1 1 2 1 1 2 1 0 2 1 0 2 1 1 2 1 0 2 2 2 3 3 2 3 3 4 3 3 2 3 3 1 2 4 16 2 1      11874      15937      58126 
693	 110386	0 0 1 0 0 1 0 1 1 1 0 1 1 0 1 1 0 1 1 0 1 1 0 1 1 0 1 1 1 1 1 1 1 1 1 1 1 1 1 1 1 1 1 1 1 1 2 1 0 2 1 1 2 1 1 2 1 1 2 1 1 2 1 1 2 1 1 2 1 2 1 2 0 4 3 3 3 3 1 3 3 1 3 3 1 3 4 15 2 1      12952      14333      57048 
891	 108000	0 0 1 0 0 1 1 0 1 1 0 1 1 0 1 1 0 1 1 0 1 1 0 1 1 0 1 1 1 1 0 2 1 1 1 1 1 1 1 1 1 1 0 2 1 1 1 1 0 2 1 1 2 1 1 1 1 1 2 1 2 2 1 1 2 1 1 2 1 0 3 2 1 3 3 2 2 3 3 3 3 1 3 3 1 2 4 15 4 1      11000      14000      59000 
2178	  74700	0 0 1 0 0 1 1 0 1 1 0 1 1 0 1 1 0 1 1 0 1 1 0 1 1 0 1 1 1 1 1 1 1 1 1 1 1 1 1 2 1 1 0 2 1 1 1 1 0 2 1 1 2 1 1 2 1 1 2 1 1 2 1 1 2 1 1 2 1 1 2 2 2 2 3 1 3 3 1 3 3 1 3 3 2 2 4 14 5 1      10816      13878      59184 
4248	  74292	0 1 0 0 1 0 0 1 1 0 1 1 0 1 1 0 1 1 0 1 1 0 1 1 0 1 1 1 1 1 1 1 1 1 1 1 1 1 1 2 1 0 1 1 1 1 1 2 1 1 1 2 1 0 1 1 1 2 1 1 2 1 1 2 1 1 3 1 0 2 2 0 3 3 1 3 3 2 3 3 1 3 3 1 2 4 2 5 1 16      13272      60198       9590 
4743	  65264	0 0 1 0 0 1 1 0 1 1 0 1 1 0 1 1 0 1 1 0 1 1 0 1 1 0 1 1 1 1 1 1 1 1 1 1 1 1 1 2 1 1 0 2 1 2 1 1 0 2 1 2 1 1 0 2 1 1 2 1 2 2 1 0 3 1 2 2 1 0 2 2 2 2 3 2 2 3 1 3 3 0 3 3 1 2 4 14 6 1       9474      14473      60526 
5040	  62632	0 0 1 0 0 1 1 0 1 1 0 1 1 0 1 1 0 1 1 0 1 1 0 1 1 0 1 1 1 1 1 1 1 1 1 1 1 1 1 1 1 1 0 2 1 2 1 1 0 2 1 2 1 1 1 2 1 1 2 1 2 2 1 0 3 1 1 2 1 0 2 2 2 2 3 2 2 3 1 3 3 2 2 3 1 2 4 13 7 1       9212      14208      60788 
6327	  62330	0 0 1 0 0 1 1 0 1 1 0 1 1 0 1 1 0 1 1 0 1 1 0 1 1 0 1 1 1 1 1 1 1 1 1 1 1 1 1 2 1 1 2 1 1 2 1 1 1 1 1 1 1 1 1 2 1 1 2 1 0 3 1 0 3 1 1 2 1 0 2 2 1 3 3 2 2 3 1 3 3 2 2 3 1 2 4 13 7 1       9767      13256      60233 
7317	  60008	1 0 0 1 0 0 1 0 1 1 0 1 1 0 1 1 0 1 1 0 1 1 0 1 1 0 1 1 1 1 1 1 1 1 1 1 1 1 1 1 1 1 1 1 2 1 1 2 1 1 1 1 1 1 1 1 2 1 3 0 1 3 0 1 2 1 1 2 1 2 2 1 3 3 1 3 3 1 3 3 1 3 3 1 4 2 1 1 6 14      60000      13333      10000 
7812	  55928	0 1 0 0 1 0 1 1 0 1 1 0 1 1 0 1 1 0 1 1 0 1 1 0 1 1 0 1 1 1 1 1 1 1 1 1 1 1 1 2 1 1 1 1 1 1 1 1 2 1 1 2 1 1 0 1 2 1 1 2 0 1 3 1 1 2 1 1 2 0 2 2 1 3 3 1 3 3 1 3 3 1 3 3 1 4 2 15 1 6       9444      60555      12964 
13635	  53550	0 0 1 0 0 1 0 1 1 0 1 1 0 1 1 0 1 1 0 1 1 0 1 1 0 1 1 1 0 1 1 1 1 1 1 1 1 0 1 1 2 1 1 2 1 1 2 1 1 2 1 1 2 1 2 0 1 2 1 1 3 0 1 2 1 1 2 1 1 2 0 2 3 1 3 3 1 3 3 1 3 3 1 3 2 1 4 6 15 1      13225       9355      60324 
0	 615960	1 0 0 1 0 0 1 0 0 1 0 0 1 0 0 1 0 0 1 0 0 1 0 0 1 0 0 1 1 0 1 1 0 1 1 0 1 1 0 1 2 0 1 2 0 1 2 0 1 2 0 1 2 0 1 2 0 1 2 0 1 2 0 1 2 0 1 2 0 2 2 0 3 3 5 3 3 4 3 3 2 3 3 3 4 2 5 1 2 23      63000      13500       8260 
396	 534000	0 1 1 0 1 1 0 1 1 0 1 1 0 1 1 0 1 1 1 0 1 0 1 1 0 1 1 1 1 1 1 1 1 2 0 1 1 1 1 1 1 1 2 0 1 2 0 1 2 2 1 2 1 1 2 1 1 2 1 1 2 1 1 2 1 1 2 1 1 2 1 2 3 2 3 2 4 3 3 2 3 3 1 3 2 2 4 2 10 1      15000      19000      51000 
495	 529596	1 0 0 1 1 0 1 1 1 1 0 1 1 1 0 1 0 0 1 1 0 1 0 0 1 0 0 1 0 1 1 1 1 1 1 1 1 0 1 1 1 1 1 1 1 1 1 1 1 0 3 1 0 2 1 1 1 1 1 2 1 1 2 1 1 3 1 1 3 2 1 2 3 3 0 3 3 3 3 1 3 3 1 2 4 1 2 1 18 5      65000       9592       8469 
693	 453640	1 0 1 0 0 1 1 0 1 1 0 1 1 0 1 1 0 1 1 0 1 1 0 1 1 0 1 0 1 1 1 1 1 1 1 1 0 1 1 1 1 1 1 1 1 1 2 1 0 3 1 0 2 1 1 2 1 1 2 1 1 2 1 1 2 1 1 3 1 1 2 2 1 3 3 1 3 3 1 3 3 1 3 3 1 2 4 18 2 1      10727      13818      59273 
1089	 101250	1 0 0 1 0 0 1 0 1 1 0 1 1 0 1 1 0 1 1 0 1 1 0 1 1 0 1 1 1 1 1 1 1 1 1 1 1 1 0 1 1 1 1 1 1 1 1 1 1 2 1 1 2 0 1 2 1 1 2 1 1 2 1 1 2 1 1 3 1 2 2 1 3 3 1 3 3 1 3 3 1 3 4 1 4 2 1 1 3 17      60000      13125      10625 
1881	  96794	0 0 1 0 0 1 1 0 1 1 0 1 1 0 1 1 0 1 1 0 1 1 0 1 1 0 1 1 1 1 1 1 1 1 1 1 0 1 1 1 1 1 1 1 1 1 1 1 1 2 1 0 2 1 1 1 1 1 2 1 1 2 1 1 2 1 1 3 1 1 2 2 1 3 3 1 3 3 1 3 3 1 4 3 1 2 4 17 4 1       9821      13214      60179 
2079	  92558	0 0 1 0 0 1 1 0 1 1 0 1 1 0 1 1 0 1 0 0 1 0 1 1 0 0 1 1 1 1 1 1 1 1 1 1 1 0 1 1 1 1 1 1 1 1 1 1 0 3 1 1 2 1 1 2 1 2 2 1 2 2 1 1 3 1 1 3 1 1 1 2 1 3 3 1 3 3 1 3 3 1 3 3 1 1 4 17 4 1      10745       8084      65001 
2475	  63432	0 0 1 0 0 1 1 0 1 1 0 1 1 0 1 1 0 1 1 0 1 1 0 1 1 0 1 1 1 1 1 1 1 1 1 1 1 1 1 1 1 1 2 1 1 1 1 1 2 1 1 0 2 1 0 2 1 2 2 1 1 2 1 1 2 1 0 3 1 1 2 2 1 3 3 1 3 3 1 3 3 1 3 3 0 3 4 16 4 1      10377      13584      59622 
3366	  58080	0 0 1 0 0 1 1 0 1 1 0 1 1 0 1 1 0 1 1 0 1 1 0 1 1 0 1 1 1 1 1 1 1 1 1 1 1 1 1 2 1 1 2 1 1 1 1 1 2 1 1 0 2 1 1 2 1 1 2 1 1 2 1 1 2 1 1 2 1 0 2 2 1 3 3 1 3 3 1 3 3 1 3 3 0 3 4 15 5 1      10192      13462      59808 
0	  93296	1 0 0 1 0 0 1 1 0 1 0 1 1 0 0 1 0 0 1 0 0 1 0 1 1 0 0 1 1 0 1 1 0 1 1 0 1 1 0 1 2 0 1 2 0 1 2 0 1 2 0 1 2 0 1 2 0 1 3 0 1 2 1 1 3 0 1 2 1 2 2 0 3 2 3 2 4 8 3 2 2 3 2 3 4 0 5 2 3 17      63000      13500       6676 
693	  78000	0 1 0 0 1 0 0 1 1 1 1 0 1 1 0 0 1 0 0 1 0 1 1 0 0 1 0 1 1 1 0 1 1 0 1 1 1 1 1 0 1 2 0 1 2 0 1 2 0 1 2 0 1 2 0 1 2 0 1 3 1 1 2 0 1 3 1 1 2 0 2 2 2 3 2 8 2 4 2 3 2 2 3 2 5 4 0 16 2 3       7000      63000      13500 
1188	  66672	0 1 0 0 1 0 0 1 1 1 1 0 1 1 0 1 1 0 1 1 0 1 1 0 0 1 0 0 1 1 0 1 1 0 1 1 0 1 1 0 1 2 0 1 2 0 1 2 0 1 2 0 1 2 0 1 2 0 1 3 1 1 2 0 1 3 1 1 2 0 2 2 1 3 2 8 2 4 2 3 2 3 3 2 4 4 0 17 2 3       6666      63334      13333 
1386	  52416	0 0 1 0 0 1 0 1 1 0 1 1 0 1 1 0 1 1 0 0 1 0 1 1 1 0 1 1 0 1 1 0 1 1 0 1 1 0 1 1 2 1 2 0 1 2 0 1 2 0 1 2 0 1 2 0 1 3 0 1 2 1 1 2 1 1 2 1 1 2 0 2 2 2 3 4 8 2 2 2 3 2 2 3 0 4 4 5 14 2      13104       6208      63792 
2376	  52000	1 0 0 1 0 0 1 0 1 1 0 1 1 0 1 1 0 1 1 0 1 1 0 1 1 0 0 1 1 1 1 1 0 1 1 0 1 1 0 1 1 2 1 2 0 1 2 0 1 2 0 1 2 0 1 2 0 1 3 0 1 2 1 1 3 0 1 3 0 2 2 0 3 2 2 2 4 8 3 2 2 3 2 2 4 0 4 2 4 14      63000      13500       7000 
5238	  49420	0 1 0 0 1 0 1 1 0 1 1 0 1 1 0 1 1 0 1 1 0 1 1 0 1 1 0 1 1 1 1 1 1 0 1 1 1 1 1 2 1 1 2 1 1 2 1 1 2 1 1 1 1 1 2 1 1 1 1 2 2 1 2 2 1 2 2 1 2 1 2 1 2 3 2 3 2 6 2 3 2 2 3 2 0 4 2 4 2 9       6470      62941      14119 
6426	  46674	1 0 0 1 0 0 1 1 0 1 1 0 1 1 0 1 1 0 1 1 0 1 1 0 1 0 0 1 0 1 1 0 1 1 0 1 1 1 1 1 2 1 1 2 1 1 2 1 1 2 1 1 2 1 1 2 1 1 1 2 1 2 2 1 2 2 1 1 2 2 2 1 3 2 2 2 4 6 3 2 2 3 2 2 4 0 2 2 5 9      63333       6667      13333 
6822	  44000	0 0 1 0 0 1 0 1 1 0 1 1 0 1 1 0 1 1 0 1 1 0 1 1 0 1 1 1 0 1 1 0 1 1 0 1 1 0 1 1 2 1 1 2 1 1 2 1 1 2 1 1 2 1 1 3 1 2 1 1 2 2 1 2 2 1 2 2 1 1 1 2 2 2 3 6 5 2 2 1 3 2 1 3 1 1 4 10 4 2      13200       4000      66000 
7416	  41780	0 0 1 0 0 1 0 1 1 0 1 1 0 1 1 0 1 1 0 1 1 0 1 1 0 1 1 1 0 1 1 0 1 1 0 1 1 0 1 1 3 1 2 0 1 1 2 1 1 2 1 1 3 1 1 2 1 2 2 1 2 2 1 2 1 1 2 2 1 1 1 2 2 1 3 6 5 2 2 1 3 2 1 3 1 1 4 9 6 2      13779       3998      66000 
0	 478006	1 0 0 1 0 0 1 0 0 1 0 0 1 0 0 1 0 0 1 0 0 1 0 0 1 0 0 1 1 0 1 1 0 1 1 0 1 1 0 1 2 0 1 2 0 1 2 0 1 2 0 1 2 0 1 2 0 2 0 0 1 3 1 1 2 1 1 3 0 2 2 0 3 1 2 3 2 3 2 3 9 3 3 1 3 3 8 2 4 17      69294      10353       5882 
495	  90000	0 0 1 0 0 1 0 0 1 0 1 1 1 0 1 0 1 1 1 0 1 1 0 1 1 0 1 0 1 1 0 1 1 0 1 1 0 1 1 0 2 1 0 2 1 0 2 1 0 2 1 0 2 1 0 2 1 0 2 1 0 2 1 1 2 1 0 3 1 0 1 2 2 2 3 2 2 3 9 4 2 1 2 3 7 4 3 16 0 3       5500      13000      64000 
792	  74404	1 0 0 1 0 0 1 0 0 1 0 0 1 0 0 1 1 0 1 0 0 1 0 0 1 0 0 1 0 1 1 0 1 1 1 1 1 0 1 1 0 2 1 0 2 1 0 2 1 1 2 1 0 2 1 0 2 1 0 3 1 0 3 1 2 2 1 0 3 2 1 1 3 0 3 3 3 1 2 10 4 3 1 2 3 7 4 3 15 0      66000       5466      11334 
1089	  63400	0 1 0 0 1 0 0 1 1 0 1 1 0 1 0 0 1 1 0 1 0 0 1 1 0 1 1 1 1 0 1 1 0 1 1 0 1 1 0 2 1 0 2 1 0 2 1 0 2 1 0 2 1 0 2 1 0 2 1 2 2 1 1 2 1 1 2 1 1 1 2 1 2 3 1 2 3 1 5 2 7 3 3 0 4 3 6 1 3 16      13616      66000       4274 
5022	  61672	0 0 1 0 0 1 0 0 1 0 1 1 0 1 1 0 1 1 0 1 1 0 1 1 0 1 1 1 0 1 1 0 1 1 0 1 1 0 1 1 1 1 2 0 1 2 0 1 2 0 1 2 0 1 2 0 1 2 2 1 2 1 1 2 1 1 2 2 1 2 0 2 2 1 3 3 0 3 5 7 2 3 0 3 4 6 3 0 15 3      12916       5833      64168 
8289	  46002	1 0 0 1 0 0 1 1 0 1 1 0 1 1 0 1 1 0 1 1 0 1 1 0 1 1 0 1 0 1 1 0 1 1 0 1 1 1 1 1 3 1 1 1 1 1 3 1 1 2 1 1 2 1 1 2 1 1 2 2 1 2 2 1 2 2 1 2 2 2 1 1 3 1 2 3 1 2 2 4 6 3 2 2 3 4 5 3 0 6      66000       3999      13667 
10269	  42672	0 0 1 0 0 1 0 1 1 0 1 1 0 1 1 0 1 1 0 1 1 0 1 1 0 1 1 1 0 1 1 0 1 1 0 1 1 1 1 1 2 1 1 2 1 1 3 1 1 2 1 1 2 1 1 2 1 2 2 1 2 2 1 2 2 1 2 2 1 1 1 2 2 1 3 2 1 3 6 4 2 2 2 3 5 4 3 6 0 3      13667       4000      66000 
10566	  37780	1 0 0 1 0 0 1 1 0 1 1 0 1 1 0 1 1 0 1 1 0 1 1 0 1 1 0 1 0 1 1 0 1 1 0 1 1 0 1 1 2 1 1 2 1 1 3 1 1 3 1 1 2 1 1 2 1 1 2 2 1 2 2 1 2 2 1 2 2 2 1 1 3 1 2 3 1 2 2 5 6 3 1 2 3 4 5 3 0 6      66000       3445      13666 
11853	  32000	0 1 0 0 1 0 1 1 0 1 1 0 1 1 0 1 1 0 1 1 0 1 1 0 1 1 0 0 1 1 0 1 1 0 1 1 0 1 1 3 1 1 3 1 1 3 1 1 3 1 1 3 1 1 2 1 1 2 1 2 1 1 2 2 1 2 2 1 2 1 2 1 1 3 2 1 3 2 4 2 6 1 3 2 3 3 5 0 3 6       3500      66000      14000 
0	 665200	1 0 0 1 0 0 1 0 0 1 0 0 1 0 0 1 0 0 1 0 0 1 0 0 1 0 0 1 1 0 1 1 0 1 1 0 1 1 0 1 2 0 1 2 0 1 2 0 1 2 0 1 2 0 1 2 0 1 2 0 1 2 0 1 2 0 1 2 0 2 2 0 3 3 4 3 3 6 3 3 5 3 3 3 4 2 4 1 2 20      63000      13500       8100 
198	 646916	1 1 0 0 1 0 1 1 0 0 1 0 1 1 0 1 1 0 1 1 0 1 1 0 0 1 0 0 1 1 1 1 1 1 1 1 1 1 1 1 1 1 0 1 2 1 1 2 0 1 2 1 1 2 0 1 2 4 1 2 2 1 2 1 1 2 1 1 2 1 2 2 4 3 3 1 3 3 1 3 3 3 3 3 0 4 2 12 1 3      13455      63000       9182 
297	 105820	0 1 1 0 1 1 0 1 1 0 1 1 0 1 1 0 1 1 0 1 1 0 1 1 0 1 1 1 1 1 1 1 1 1 1 1 2 0 1 2 0 1 2 0 1 1 1 1 2 1 1 1 1 1 2 3 0 1 2 1 3 0 1 3 0 1 2 1 1 2 1 2 3 2 3 2 3 3 4 1 3 3 2 3 2 3 4 2 9 2      16592      16455      49361 
594	 102796	1 0 0 1 0 0 1 1 0 1 0 1 1 1 0 1 0 0 1 1 0 1 0 1 1 0 0 1 1 1 1 1 1 1 1 1 1 0 1 1 1 1 1 0 2 1 0 2 1 0 2 1 1 1 1 1 2 1 1 2 1 0 3 1 1 2 1 0 3 2 0 2 3 0 3 3 1 3 3 1 3 3 4 1 4 4 0 1 21 4      63000       7984      12334 
1980	  60446	1 0 0 1 0 0 1 0 1 1 1 0 1 0 1 1 0 1 1 0 1 1 1 0 1 0 1 1 1 0 1 1 0 1 1 1 1 1 0 1 1 2 1 2 0 1 2 0 1 2 0 1 1 2 1 2 0 1 2 2 1 2 0 1 2 1 1 3 0 2 2 0 3 3 0 3 3 0 3 3 0 3 1 4 4 0 4 1 5 21      62889      13556       7111 
3267	  57456	0 0 1 0 0 1 0 1 1 0 0 1 0 1 1 0 1 1 0 1 1 1 0 1 0 1 1 1 0 1 1 0 1 0 2 1 1 0 1 2 1 1 2 0 1 2 0 1 2 0 1 1 2 1 2 0 1 2 2 1 2 1 1 2 1 1 3 0 1 2 0 2 3 0 3 3 0 3 3 0 3 2 2 3 0 4 4 5 22 1      13406       6808      63192 
4842	  51432	0 1 0 0 1 0 1 1 0 1 1 0 1 1 0 1 1 0 1 1 0 1 1 0 1 1 0 1 1 1 0 1 1 1 1 1 1 1 1 2 1 1 0 1 2 0 1 2 0 1 2 0 1 2 0 1 2 1 1 2 1 1 2 1 1 2 1 1 2 0 2 2 0 3 3 1 3 3 1 3 3 1 3 3 1 4 2 22 1 3       7970      60677      14661 
5931	  44264	0 0 1 0 0 1 0 1 1 0 1 1 0 1 1 0 1 1 0 1 1 0 1 1 0 1 1 1 0 1 1 1 1 1 1 1 1 0 1 1 2 1 2 0 1 2 0 1 2 0 1 2 0 1 1 1 1 3 0 1 2 2 1 2 1 1 2 1 1 2 0 2 3 0 3 3 0 3 2 2 3 2 2 3 2 0 4 5 22 1      13404       6808      63192 
6129	  43840	0 0 1 0 0 1 1 0 1 1 0 1 1 0 1 1 0 1 1 0 1 1 0 1 1 0 1 1 1 1 1 1 1 1 1 1 0 1 1 2 1 1 0 2 1 0 2 1 0 2 1 0 2 1 0 2 1 0 3 1 1 2 1 1 2 1 1 2 1 0 2 2 2 2 3 0 3 3 2 2 3 1 2 3 0 2 4 22 5 1       6808      13404      63192 
7218	  43562	1 0 0 1 0 0 1 1 0 1 1 0 1 1 0 1 1 0 1 1 0 1 0 1 1 1 0 1 0 1 1 1 1 1 1 1 1 0 1 1 2 1 1 0 2 1 0 2 1 0 2 1 0 2 1 0 2 1 0 3 1 1 2 1 1 2 1 1 2 2 0 2 3 2 2 3 0 3 3 2 2 3 2 2 4 2 1 1 21 5      62889       7111      13556 
0	 665200	1 0 0 1 0 0 1 0 0 1 0 0 1 0 0 1 0 0 1 0 0 1 0 0 1 0 0 1 1 0 1 1 0 1 1 0 1 1 0 1 2 0 1 2 0 1 2 0 1 2 0 1 2 0 1 2 0 1 2 0 1 2 0 1 2 0 1 2 0 2 2 0 3 3 5 3 3 3 3 3 4 3 3 6 4 2 4 1 2 20      63000      13500       8100 
99	 653080	0 0 1 0 0 1 0 1 1 0 2 1 0 1 1 0 2 1 0 0 1 0 1 1 0 0 1 0 2 1 0 2 1 0 1 1 0 1 1 0 1 1 0 1 1 0 2 1 0 1 1 0 1 1 1 1 1 0 3 1 0 0 2 0 2 1 0 0 2 0 1 2 7 0 3 2 1 3 2 1 3 8 3 2 3 3 3 19 8 1       5904      12404      68596 
198	 649000	1 0 0 1 0 0 1 0 0 1 0 0 1 0 0 1 0 0 1 0 0 1 0 0 1 0 0 1 0 1 1 0 1 1 0 1 1 0 1 1 0 2 1 0 2 1 0 2 1 0 2 1 0 2 1 0 2 1 1 2 1 0 2 1 0 2 1 1 2 2 0 2 3 4 3 3 3 3 3 4 3 3 6 3 4 4 2 1 19 2      63000      10000      13500 
297	 551430	1 0 1 1 0 1 1 0 1 1 0 1 0 1 1 1 0 1 1 0 1 1 0 1 1 0 1 1 1 1 0 1 1 0 1 1 0 1 1 1 2 1 0 2 1 1 1 1 1 2 1 1 2 1 0 2 1 1 2 1 1 2 1 1 2 1 0 2 1 1 2 2 1 3 3 5 3 3 2 3 3 1 3 3 2 2 4 14 2 1      13571      17857      54286 
495	 502944	0 0 1 1 0 1 1 0 1 1 0 1 1 0 1 1 0 1 1 0 1 1 0 1 1 0 1 0 1 1 0 2 1 0 1 1 1 1 1 1 1 1 1 2 1 1 2 1 1 2 1 0 2 1 0 2 1 1 2 1 1 2 1 0 2 1 1 2 1 1 2 2 3 3 3 1 3 3 2 3 3 1 3 3 1 2 4 17 2 1      11176      15588      58824 
693	 480000	1 0 1 1 0 1 1 0 1 1 0 1 1 0 1 1 0 1 1 0 1 1 0 1 1 0 1 0 1 1 1 1 1 1 1 1 1 1 1 1 1 1 1 1 1 1 2 1 1 2 1 1 2 1 1 2 1 1 2 1 1 2 1 1 2 1 1 2 1 1 2 2 1 3 3 1 3 3 1 4 3 1 3 3 2 2 4 13 3 1      13000      15000      57000 
792	 476114	1 0 0 1 0 1 1 1 0 1 1 1 1 0 1 1 1 0 1 1 0 1 1 1 1 0 1 1 1 1 1 1 1 1 1 1 1 0 2 1 1 1 1 1 2 1 1 1 1 2 0 1 1 1 1 2 0 1 1 3 1 1 3 1 2 1 1 2 0 2 2 0 3 1 4 3 2 2 3 0 6 3 2 2 4 2 2 1 11 4      58189      16805       9239 
1089	 117000	1 1 0 1 1 0 1 1 0 1 1 0 1 1 0 1 1 0 1 1 0 1 0 1 1 0 1 1 0 2 1 1 1 1 1 1 1 1 1 1 1 1 1 1 1 1 1 1 1 2 1 1 0 2 1 2 1 1 1 2 1 1 2 1 2 1 1 1 2 2 1 2 3 1 3 3 1 3 3 1 3 3 2 3 4 1 3 1 13 4      53857      12143      17071 
1782	  93670	1 0 1 1 0 0 1 0 1 1 0 1 1 0 1 1 0 1 1 0 2 1 0 2 1 0 1 1 1 1 1 1 1 1 1 1 1 1 0 1 1 2 1 1 1 1 1 2 1 1 1 1 1 1 1 2 0 1 2 1 1 2 1 1 2 1 1 2 1 2 2 0 3 3 1 3 3 1 3 3 1 3 4 0 4 2 2 1 6 13      56625      16917       9375 
2673	  77716	0 1 0 0 1 0 1 1 0 1 1 0 1 1 0 1 1 0 1 1 0 2 1 0 1 1 0 1 1 1 1 1 1 0 1 1 0 1 1 2 1 1 2 1 1 2 1 1 2 1 1 2 1 1 2 1 1 1 1 2 1 1 2 1 1 2 1 1 2 0 2 2 1 3 3 1 3 3 0 3 3 0 3 4 1 4 2 13 1 7       8501      59998      15641 
2772	  71250	0 0 1 0 0 1 0 1 1 0 1 1 0 1 1 0 1 1 0 1 1 0 1 1 1 0 1 1 1 1 1 1 1 1 1 1 1 1 1 1 1 1 2 0 1 1 2 1 1 2 1 1 1 1 1 2 1 2 1 1 2 1 1 2 1 1 2 1 1 1 2 2 3 1 3 3 1 3 3 1 3 4 0 3 2 2 4 6 13 1      13750      10625      59375 
3366	  68400	1 0 0 1 0 0 1 1 0 1 1 0 1 1 0 1 1 0 1 1 0 1 1 0 1 1 0 1 0 1 1 1 1 1 0 1 1 1 1 1 2 1 1 1 1 1 2 1 1 2 1 1 2 1 1 2 1 1 1 2 1 1 2 1 3 1 1 1 2 2 0 2 3 1 3 3 1 3 3 0 4 3 0 4 4 1 2 1 13 7      60200       9800      13200 
3465	  66672	0 1 0 0 1 0 0 1 1 0 1 1 0 1 1 0 1 1 0 1 1 0 1 1 0 1 1 1 1 1 1 1 1 1 1 1 1 1 1 1 1 2 1 1 1 1 1 1 1 1 2 2 1 1 1 1 1 3 1 0 2 1 1 1 1 3 2 1 1 2 2 0 3 3 1 3 3 1 2 3 2 4 3 0 3 4 0 6 1 14      13333      60000      10000 
7605	  55858	0 1 0 0 1 0 0 1 1 0 1 1 0 1 1 0 1 1 0 1 1 0 1 1 0 1 1 1 1 1 1 1 0 1 1 1 1 1 1 1 1 2 1 1 2 1 1 2 1 1 2 2 1 0 1 1 1 3 1 0 2 1 1 1 1 3 2 1 1 2 2 0 3 3 1 3 3 1 2 3 2 3 3 1 3 4 0 7 1 13      13293      60122       9756 
9090	  55492	0 0 1 0 0 1 1 0 1 1 0 1 1 0 1 1 0 1 1 0 1 1 0 1 1 0 1 0 1 1 1 1 1 1 1 1 1 1 1 1 1 1 2 1 1 2 1 1 1 1 1 2 1 1 0 2 1 1 2 1 1 2 1 3 1 1 0 3 1 0 2 2 1 3 3 1 3 3 1 3 3 1 3 3 0 3 4 15 6 1       9355      13226      60322 
0	 601504	1 0 0 1 0 0 1 0 0 1 0 0 1 0 0 1 0 0 1 0 0 1 0 0 1 0 0 1 1 0 1 1 0 1 1 0 1 1 0 1 2 0 1 2 0 1 2 0 1 2 0 1 2 0 1 2 0 1 2 0 1 2 0 1 2 0 1 2 0 2 2 0 3 3 4 3 3 2 3 3 7 3 3 1 4 2 4 1 2 24      63000      13500       7916 
297	  97174	0 1 0 0 1 0 0 1 0 0 1 1 0 1 1 0 1 0 0 1 0 1 1 0 0 1 0 1 1 0 1 1 0 1 1 0 1 1 0 1 1 1 1 1 2 2 1 0 2 1 0 2 1 0 2 1 0 3 1 0 2 1 1 3 1 1 3 1 0 2 2 0 2 3 2 2 3 1 0 3 6 3 3 0 1 4 3 6 1 23      12329      64346       6160 
1980	  77932	0 0 1 0 0 1 0 0 1 0 0 1 0 0 1 0 0 1 0 0 1 0 0 1 1 0 1 0 2 1 0 2 1 0 1 1 0 1 1 2 1 1 2 1 1 1 2 1 1 2 1 1 2 1 1 2 1 1 3 1 2 2 1 1 3 1 2 2 1 0 2 2 1 3 3 2 2 3 2 1 3 1 3 3 1 1 4 20 4 1       9178       7611      65996 
2079	  60000	0 1 0 0 1 0 0 1 1 0 1 1 0 1 1 0 1 0 0 1 1 1 1 0 0 1 1 1 1 0 1 1 0 1 1 0 1 1 0 1 1 2 2 1 0 2 1 0 2 1 0 2 1 0 2 1 0 3 1 0 2 1 1 2 1 1 3 1 0 2 2 0 2 3 2 2 3 1 0 3 6 3 3 0 1 4 2 6 1 22      13125      63750       6250 
4644	  53000	0 1 0 0 1 0 1 1 0 1 1 0 1 1 0 1 1 0 1 1 0 1 1 0 1 1 0 1 1 1 0 1 1 0 1 1 0 1 1 0 1 2 2 1 1 1 1 1 2 1 1 1 1 1 0 1 2 2 1 2 2 1 2 2 1 2 2 1 2 1 2 1 2 3 2 1 3 2 1 3 2 1 3 2 1 4 1 13 1 12       4000      66000      13500 
5832	  50004	0 0 1 0 0 1 1 0 1 1 0 1 1 0 1 1 0 1 1 0 1 1 0 1 1 0 1 0 1 1 1 1 1 0 1 1 0 1 1 0 2 1 3 1 1 2 1 1 0 2 1 2 1 1 1 1 1 2 2 1 1 2 1 2 2 1 2 2 1 1 1 2 1 2 3 2 2 3 1 2 3 1 2 3 1 1 4 12 12 1       4000      13833      66000 
7317	  48284	0 1 0 0 1 0 1 1 0 1 1 0 1 1 0 1 1 0 1 1 0 1 1 0 1 1 0 1 1 1 0 1 1 0 1 1 0 1 1 2 1 1 2 1 1 0 1 2 2 1 1 0 1 2 2 1 1 2 1 2 2 1 2 1 1 2 2 1 2 1 2 1 2 3 2 1 3 2 2 3 2 1 3 2 1 4 1 11 1 12       4565      65434      13695 
8901	  48264	0 1 0 0 1 0 0 1 1 0 1 1 0 1 1 0 1 1 0 1 1 0 1 1 0 1 1 1 1 1 1 1 0 1 1 0 1 1 0 1 1 2 1 1 2 2 1 0 1 1 2 2 1 0 1 1 2 2 1 2 2 1 2 2 1 1 2 1 2 1 2 1 2 3 2 2 3 1 2 3 2 2 3 1 1 4 1 12 1 11      13696      65435       4565 
12654	  45856	1 0 0 1 0 0 1 0 1 1 0 1 1 0 1 1 0 1 1 0 1 1 0 1 1 0 1 1 1 0 1 1 0 1 1 0 1 1 1 1 1 3 1 1 2 1 2 0 1 1 1 1 1 2 1 1 2 1 2 2 1 2 2 1 2 2 1 2 2 2 1 1 3 2 1 3 2 1 3 2 1 3 2 1 4 1 1 1 13 10      66000      13384       4000 