
0	 615960	1 0 0 1 0 0 1 0 0 1 0 0 1 0 0 1 0 0 1 0 0 1 0 0 1 0 0 1 1 0 1 1 0 1 1 0 1 1 0 1 2 0 1 2 0 1 2 0 1 2 0 1 2 0 1 2 0 1 2 0 1 2 0 1 2 0 1 2 0 2 2 0 3 3 6 3 3 1 3 3 2 3 3 6 4 2 4 1 2 23      63000      13500       8260 
198	 589144	0 1 0 1 1 0 2 1 1 5 0 1 0 1 0 0 1 0 0 1 0 1 1 0 0 1 1 0 1 1 3 1 1 1 1 1 1 1 1 1 1 2 2 1 0 0 1 2 0 1 2 0 1 2 1 1 1 1 1 2 1 1 2 1 1 2 2 1 2 1 2 2 2 3 3 2 3 3 1 3 3 1 3 3 2 4 2 10 2 2      12071      63000       9643 
396	 512916	1 0 1 1 0 1 0 1 1 1 1 1 1 1 1 0 1 1 1 0 1 1 0 1 1 0 1 1 1 1 1 1 1 1 1 1 1 1 1 1 1 1 1 1 1 0 2 1 0 2 1 1 1 1 1 2 1 1 2 1 1 2 1 1 2 1 0 3 1 1 2 2 1 3 3 1 2 3 1 2 3 2 3 3 1 3 4 17 1 1      12318      14702      55894 
495	 470774	0 0 1 0 0 1 1 0 1 0 1 1 1 0 1 1 0 1 1 0 1 1 0 1 1 0 1 0 1 1 0 1 1 1 1 1 1 1 1 1 1 1 1 2 1 1 1 1 0 2 1 1 2 1 1 2 1 1 2 1 1 2 1 1 2 1 0 3 1 1 2 2 1 3 3 4 3 3 1 3 3 1 3 3 1 2 4 17 2 1      11346      14231      58654 
990	 159000	0 0 1 1 0 1 0 1 1 4 1 0 1 0 1 1 0 1 1 0 1 1 0 1 1 0 1 1 1 1 2 0 1 1 1 1 1 1 1 1 2 1 1 1 1 0 2 1 1 2 1 1 2 1 1 2 1 1 2 1 1 2 1 2 1 1 0 3 1 1 2 2 2 3 3 1 3 3 1 3 3 1 3 3 2 2 4 10 2 2      12000      16500      54000 
1683	 139000	0 0 1 0 0 1 1 0 1 0 1 1 1 0 1 1 0 1 1 0 1 1 0 1 1 0 1 0 1 1 0 1 1 1 1 1 1 1 1 1 2 1 1 1 1 1 2 1 1 1 1 1 2 1 0 2 1 1 2 1 1 2 1 1 2 1 0 3 1 1 3 2 1 3 3 4 1 3 1 3 3 1 3 3 1 2 4 17 3 1       9500      11500      60500 
2178	 128216	1 1 0 1 1 0 1 1 0 1 0 1 1 1 0 1 1 0 1 1 0 1 2 0 1 0 1 1 1 1 1 0 1 1 1 1 1 1 1 1 1 1 1 1 1 1 1 1 1 1 1 1 0 2 1 0 2 1 1 2 1 1 2 1 1 2 1 0 3 2 0 3 3 1 3 3 4 1 3 2 3 3 1 3 4 1 3 1 15 3      54054      11473      17946 
2277	 101668	0 0 1 0 0 1 1 0 1 0 1 1 1 0 1 1 0 1 1 0 1 1 0 1 1 0 1 0 1 1 1 1 1 1 1 1 2 0 1 1 2 1 1 1 1 1 2 1 0 2 1 1 2 1 1 2 1 1 2 1 1 2 1 1 2 1 0 3 1 0 3 2 1 3 3 3 1 3 2 3 3 1 3 3 1 2 4 16 3 1      11250      13542      59374 
3762	  93000	1 0 0 1 0 0 1 0 0 0 5 2 1 1 0 1 1 0 1 0 0 1 1 0 1 0 0 1 1 1 1 1 1 1 0 2 1 1 0 1 1 2 1 1 1 1 1 2 1 1 2 1 1 2 1 1 2 1 2 2 1 2 2 1 2 2 1 2 2 2 1 2 3 1 3 3 2 1 3 1 3 3 1 3 4 0 2 2 11 3      66000      11000       6500 
4554	  89336	0 0 1 0 0 1 0 1 1 1 5 0 0 0 1 1 0 1 0 0 1 0 0 1 1 0 1 1 1 1 1 1 1 1 1 1 0 1 1 2 1 1 1 1 1 1 1 1 1 1 1 1 1 1 0 2 1 2 2 1 2 2 1 2 2 1 4 1 1 2 1 2 4 1 3 2 2 3 4 1 3 2 2 3 3 0 4 3 11 2       5750      12083      64917 
8694	  71414	0 1 0 0 1 0 1 1 0 0 1 0 0 1 0 1 1 0 0 1 0 1 1 0 0 1 1 0 1 1 1 1 1 0 1 1 0 1 1 2 1 1 0 1 2 2 1 1 2 1 1 2 1 1 2 1 1 2 1 2 1 1 2 1 1 2 2 1 2 1 2 1 2 3 2 2 3 2 2 3 2 2 3 2 1 4 1 12 1 12       5647      64706      12294 
9486	  70000	0 1 0 0 1 0 1 1 0 1 1 0 1 1 0 1 1 0 1 1 0 1 1 0 1 1 0 1 1 1 1 1 1 1 1 1 1 1 1 0 1 2 2 1 1 2 1 1 1 1 1 1 1 1 1 1 1 1 1 2 2 1 2 2 1 2 1 1 2 0 2 2 2 3 2 2 3 2 2 3 2 1 3 2 1 4 1 10 1 12       6000      64000      13000 
9783	  58670	1 0 0 1 0 0 1 1 0 1 1 0 1 1 0 1 1 0 1 1 0 1 1 0 1 1 0 1 0 1 1 1 1 1 1 1 1 1 1 1 2 1 1 2 1 1 2 1 1 1 2 1 2 1 1 0 2 1 2 2 1 1 2 1 1 2 1 1 2 2 1 1 3 1 2 3 1 2 3 2 2 3 2 2 4 1 1 1 10 12      65333       4667      14000 
9981	  56600	0 1 0 0 1 0 1 1 0 1 1 0 1 1 0 1 1 0 1 1 0 1 1 0 1 1 0 0 1 1 0 1 1 1 1 1 1 1 1 2 1 1 1 1 1 2 1 1 0 1 2 2 1 1 0 1 2 2 1 2 1 1 2 2 1 2 1 1 2 1 2 1 1 3 2 2 3 2 1 3 2 2 3 2 1 4 1 12 1 12       4468      65532      13404 
0	 649000	1 0 0 1 0 0 1 0 0 1 0 0 1 0 0 1 0 0 1 0 0 1 0 0 1 0 0 1 1 0 1 1 0 1 1 0 1 1 0 1 2 0 1 2 0 1 2 0 1 2 0 1 2 0 1 2 0 1 2 0 1 2 0 1 2 0 1 2 0 2 2 0 3 3 4 3 3 6 3 3 6 3 3 4 4 2 1 1 2 21      63000      13500       7715 
99	 646910	0 1 1 0 0 1 1 0 1 1 0 1 1 0 1 0 1 1 1 0 1 1 0 1 0 1 1 1 0 1 1 0 1 1 0 1 1 0 1 1 0 1 2 0 1 2 0 1 2 0 1 2 0 1 1 0 1 2 0 1 2 0 1 2 0 1 2 0 1 2 0 2 2 1 3 3 6 3 2 6 3 2 4 3 2 1 4 2 21 1      19545       8545      61455 
198	 593200	0 0 1 0 1 1 0 1 1 1 0 1 0 1 1 1 0 1 0 0 1 0 1 1 1 0 1 1 0 1 1 0 1 1 0 1 1 0 1 2 0 1 2 0 1 2 0 1 1 0 1 2 0 1 1 0 1 2 0 1 2 0 1 2 0 1 2 0 1 1 0 2 2 2 3 2 4 3 3 6 3 3 4 3 0 5 4 6 17 1      18000       5600      63000 
297	 581906	1 1 0 0 1 0 0 1 0 1 1 0 1 1 0 1 1 0 0 1 0 0 1 1 0 1 0 0 1 1 0 1 1 1 1 1 1 1 1 0 1 2 0 1 2 0 1 2 0 1 2 0 1 2 1 1 2 0 1 2 0 1 2 0 1 2 1 1 2 0 2 1 2 3 3 5 3 3 4 3 3 1 3 3 1 4 2 21 1 2       9047      63000      13500 
396	 578076	1 0 1 1 0 1 1 0 1 0 1 1 1 0 1 0 1 1 0 1 1 1 0 1 0 1 1 0 1 1 0 1 1 0 1 1 0 1 1 0 1 1 0 2 1 0 2 1 0 1 1 0 2 1 0 1 1 0 2 1 0 2 1 0 2 1 0 2 1 0 1 2 2 2 3 4 2 3 5 3 3 4 2 3 5 1 4 17 6 1       4963      22926      58074 
693	 507054	0 1 1 0 0 1 1 0 1 1 0 1 0 0 1 0 1 1 1 0 1 1 0 1 0 1 1 1 0 1 1 0 1 1 0 1 1 0 1 1 0 1 1 0 1 2 0 1 1 0 1 2 0 1 2 0 1 2 0 1 2 0 1 2 0 1 2 0 1 2 0 2 2 1 3 1 6 3 1 6 3 2 4 3 1 1 4 8 21 1      17464       3655      63536 
990	 148928	1 0 1 1 0 1 1 0 1 1 0 1 1 0 1 1 0 1 1 1 0 1 1 0 1 0 1 1 1 0 1 1 0 1 1 0 1 1 1 1 2 0 1 1 1 1 1 1 1 2 0 1 2 0 1 2 0 1 2 0 1 2 0 1 2 0 1 2 1 2 2 0 3 2 1 3 1 5 3 2 3 3 2 2 4 1 1 1 8 19      61154      15846       4846 
1386	  97628	0 1 0 0 1 0 1 1 0 1 1 0 1 1 0 1 1 0 0 1 1 0 1 1 0 1 1 0 1 1 0 1 1 0 1 1 1 1 1 1 1 1 2 1 1 1 1 1 1 1 1 0 1 2 0 1 2 1 1 2 0 1 2 0 1 3 1 1 2 0 2 2 2 3 2 5 3 1 2 3 2 2 3 2 1 4 1 18 1 8       6190      63810      13096 
4050	  84382	0 0 1 0 0 1 1 0 1 1 0 1 1 0 1 1 0 1 1 0 1 1 0 1 0 1 1 1 1 1 1 1 1 1 1 1 1 1 1 2 1 1 1 1 1 1 1 1 0 2 1 1 1 1 1 2 1 1 2 1 2 2 1 1 2 1 2 2 1 0 2 2 1 2 3 2 2 3 2 2 3 1 2 3 2 1 4 12 10 1       6875      13437      63125 
4842	  83756	0 1 0 0 1 0 1 1 0 1 1 0 1 1 0 1 1 0 1 1 0 1 1 0 0 1 1 1 1 1 1 1 1 1 1 1 1 1 1 2 1 1 1 1 1 1 1 1 0 1 2 1 1 1 1 1 1 1 1 2 2 1 2 1 1 2 2 1 2 0 2 2 1 3 3 2 3 2 2 3 2 1 3 2 2 4 1 12 1 10       6875      63125      13437 
5040	  75492	0 1 0 0 1 0 0 1 0 0 1 1 0 1 0 0 1 1 0 1 0 0 1 0 1 1 0 1 1 1 1 1 1 0 1 1 0 1 1 2 1 1 2 1 1 2 1 1 2 1 1 2 1 1 2 1 1 2 1 2 2 1 2 2 1 2 1 1 2 1 2 1 2 3 2 2 3 2 2 3 2 2 3 2 0 4 2 11 1 11       6774      63548      12904 
9189	  61262	1 0 0 1 0 0 1 1 0 1 1 0 1 0 0 1 1 0 1 1 0 1 1 0 1 1 0 1 0 1 1 0 1 1 1 1 1 1 1 1 1 1 1 0 2 1 0 2 1 1 1 1 2 1 1 1 1 1 1 2 1 2 2 1 2 2 1 2 2 2 1 1 3 2 2 3 2 2 3 2 2 3 2 2 4 2 1 1 11 12      64375       5625      12812 
13932	  48000	0 1 0 0 1 0 0 1 1 0 1 1 0 1 0 0 1 1 0 1 1 0 1 1 0 1 1 1 1 0 1 1 0 1 1 0 1 1 0 1 1 2 2 1 0 2 1 0 1 1 1 1 1 2 1 1 2 2 1 2 2 1 2 2 1 2 2 1 2 1 2 1 2 3 2 2 3 2 2 3 2 2 3 2 1 4 2 12 1 10      13000      64000       6000 
0	 117484	1 0 0 1 0 0 1 0 0 1 0 0 1 0 0 1 0 0 1 0 0 1 0 0 1 0 1 1 1 0 1 1 0 1 1 0 1 1 0 1 2 0 1 2 0 1 2 0 1 2 0 1 2 0 1 2 0 1 3 0 1 3 0 1 2 0 1 3 0 2 2 0 3 3 3 3 2 3 2 4 7 3 1 5 4 1 2 2 2 21      63706      13147       6014 
594	  93204	0 1 0 0 1 0 1 1 0 1 1 0 0 1 0 0 1 0 0 1 0 1 1 0 1 1 0 0 1 1 0 1 1 0 1 1 0 1 1 0 1 2 0 1 2 0 1 2 0 1 2 0 1 2 0 1 2 0 1 3 0 1 3 0 1 2 0 1 3 0 2 2 2 3 3 3 3 2 7 2 4 4 3 1 1 4 1 21 2 2       5979      64434      12783 
1089	  57144	1 0 0 1 0 0 1 0 1 1 0 1 1 0 1 1 0 0 1 0 1 1 0 1 1 0 1 1 1 1 1 1 0 1 1 0 1 1 0 1 2 0 1 1 1 1 2 0 1 2 0 1 2 0 1 2 0 1 3 0 1 3 0 1 2 1 1 3 0 2 2 0 3 3 0 3 2 2 2 4 8 3 1 4 4 1 1 2 3 18      63716      13140       6286 
1485	  53340	0 1 0 0 1 0 0 1 1 0 1 1 0 1 1 0 1 1 0 1 1 0 1 1 0 1 1 1 1 1 1 1 0 1 1 0 1 1 0 2 1 0 1 1 1 2 1 0 2 1 0 2 1 0 2 1 0 3 1 0 3 1 0 2 1 1 3 1 0 2 2 0 3 3 0 2 3 2 4 2 8 1 3 4 1 4 1 3 2 17      13333      63334       6666 
4248	  45168	1 0 0 1 0 0 1 1 0 1 1 0 1 1 0 1 1 0 1 1 0 1 1 0 1 1 0 1 1 1 1 1 1 1 0 1 1 0 1 1 0 2 1 1 1 1 0 2 1 0 2 1 0 2 1 0 2 1 0 3 1 0 3 1 1 2 1 0 3 2 0 2 3 0 3 3 2 2 2 7 4 3 4 1 4 2 1 2 16 3      62903       7097      13548 
6624	  38578	1 0 0 1 0 0 1 0 1 1 0 1 1 0 1 1 0 1 1 0 1 1 0 1 1 0 1 1 1 1 1 1 0 1 1 1 1 1 0 1 2 0 1 1 2 1 2 0 1 2 0 1 2 0 1 2 0 1 3 0 1 3 0 1 2 1 1 2 1 2 2 0 3 3 0 3 2 2 2 4 7 3 1 4 4 1 2 2 4 14      62857      13571       7143 
0	 665200	1 0 0 1 0 0 1 0 0 1 0 0 1 0 0 1 0 0 1 0 0 1 0 0 1 0 0 1 1 0 1 1 0 1 1 0 1 1 0 1 2 0 1 2 0 1 2 0 1 2 0 1 2 0 1 2 0 1 2 0 1 2 0 1 2 0 1 2 0 2 2 0 3 3 9 3 3 4 3 3 2 3 3 2 4 2 5 1 2 20      63000      13500       8100 
297	 572382	0 1 1 1 1 1 1 0 1 1 1 1 1 1 1 1 0 1 1 0 1 0 1 1 0 1 1 1 1 1 1 0 1 1 1 1 1 0 1 1 1 1 1 1 1 2 0 1 1 3 1 2 2 1 1 1 1 2 0 1 1 2 1 2 1 1 2 0 1 1 2 2 2 1 3 2 2 3 2 2 3 2 2 3 1 6 4 7 8 1      21905       8809      56190 
396	 534378	0 1 1 1 0 1 0 1 1 0 1 1 0 1 1 0 1 1 0 1 1 0 1 1 0 1 1 1 0 1 1 1 1 1 0 1 1 0 1 2 0 1 1 1 1 2 0 1 2 1 1 2 0 1 2 0 1 2 1 1 2 0 1 2 1 1 2 1 1 2 0 2 3 4 3 3 3 3 3 1 3 3 3 3 2 1 4 2 16 1      15937      11874      58126 
990	 472864	0 1 1 0 1 1 0 1 1 0 1 1 0 1 1 0 1 1 0 1 1 0 1 1 1 1 1 1 1 1 1 1 1 1 1 1 1 1 1 1 1 1 1 1 1 1 1 1 1 1 1 2 1 1 2 1 1 2 1 1 2 1 1 2 1 1 2 1 1 2 1 2 3 2 3 3 2 3 3 2 3 3 2 3 3 1 4 4 9 1      13216      19642      50356 
1287	 133000	0 0 1 0 0 1 1 0 1 1 0 1 1 0 1 0 0 1 0 0 1 0 0 1 1 0 1 0 1 1 0 1 1 1 1 1 1 1 1 1 1 1 1 1 1 1 2 1 1 2 1 1 2 1 1 2 1 1 2 1 1 2 1 1 2 1 2 2 1 2 1 2 2 2 3 3 3 3 2 2 3 2 2 3 2 6 3 12 4 2       8000      12500      63000 
1386	 104000	0 0 1 0 0 1 0 1 1 0 1 1 0 1 1 0 1 1 0 1 1 1 0 1 0 1 1 1 1 1 1 1 1 1 1 1 1 1 1 1 2 1 1 1 1 1 1 1 1 2 1 1 1 1 1 1 1 2 1 1 2 1 1 2 1 1 2 1 1 2 1 2 3 2 3 3 2 3 3 1 3 3 2 3 5 3 3 4 9 2      14000      12000      58000 
2376	  80000	1 0 0 1 0 0 1 1 0 1 1 0 1 1 0 1 1 0 1 1 0 1 0 1 1 1 0 1 1 1 1 1 1 1 1 1 1 1 1 1 2 1 1 1 1 1 2 1 1 1 1 1 1 1 1 2 1 1 1 2 1 1 2 1 1 2 1 1 2 2 1 2 3 1 3 3 2 3 3 1 3 3 1 3 3 3 5 2 10 4      59375      10625      13750 
5238	  70324	0 1 0 0 1 0 0 1 1 0 1 1 0 1 1 0 1 1 0 1 1 1 1 0 0 1 1 1 1 1 1 1 1 1 1 1 1 1 1 1 1 2 1 1 2 1 1 1 2 1 0 1 1 2 2 1 0 1 1 2 1 1 2 2 1 2 2 1 1 2 2 0 3 3 1 3 3 1 3 3 1 3 3 1 5 3 3 4 2 11      13142      60285       9714 
6327	  61382	1 0 0 1 0 0 1 1 0 1 1 0 1 1 0 1 1 0 1 1 0 1 0 1 1 1 0 1 0 1 1 1 1 1 1 1 1 1 1 1 2 1 1 2 1 1 1 1 1 0 2 1 2 1 1 0 2 1 3 1 1 3 1 1 1 2 1 1 2 2 0 2 3 1 3 3 1 3 3 1 3 3 1 3 3 3 5 2 11 4      60000       9655      13449 
7614	  56672	1 0 0 1 0 0 1 1 0 1 1 0 1 1 0 1 1 0 1 1 0 1 0 1 1 1 0 1 0 1 1 0 1 1 1 1 1 1 1 1 2 1 1 2 1 1 2 1 1 0 2 1 2 1 1 0 2 1 3 1 1 3 1 1 1 2 1 1 2 2 0 2 3 1 3 3 0 3 3 1 3 3 1 3 3 3 5 2 12 4      60000       8333      15000 
0	 588200	1 0 0 1 0 0 1 0 0 1 0 0 1 0 0 1 0 0 1 0 0 1 0 0 1 0 0 1 1 0 1 1 0 1 1 0 1 1 0 1 2 0 1 2 0 1 2 0 1 2 0 1 2 0 1 2 0 1 2 0 1 2 0 1 2 0 1 2 0 2 2 0 3 3 5 3 3 3 3 3 3 3 3 3 4 2 3 1 2 25      63000      13500       7600 
495	 554000	0 1 1 0 1 1 0 1 1 0 1 1 0 1 1 0 1 1 0 1 1 0 1 1 0 1 1 1 1 0 1 1 0 1 1 1 1 1 1 1 1 2 2 1 1 2 1 1 2 1 1 2 1 0 2 1 1 2 1 1 3 1 1 2 1 1 2 1 1 2 2 1 3 3 0 3 2 5 3 3 3 3 3 2 2 4 1 2 2 9      15000      57000      13000 
693	 490872	1 0 1 1 0 1 1 0 1 1 0 1 1 0 1 1 0 1 1 0 1 0 1 1 0 1 1 1 1 1 1 1 1 1 1 1 0 2 1 1 1 1 1 2 1 1 2 1 1 1 1 1 1 1 1 2 1 4 2 0 1 2 1 1 2 1 1 3 1 1 1 2 2 3 3 2 3 3 1 3 3 2 3 3 2 2 4 9 2 2      16522      12174      53478 
990	 484548	0 1 1 0 1 1 0 1 1 0 1 1 0 1 1 0 1 1 0 1 1 0 1 1 0 1 1 1 1 1 1 1 1 1 1 1 1 1 1 1 1 1 1 1 1 1 1 1 1 1 1 2 1 1 2 1 1 2 1 1 2 1 1 2 1 1 3 1 1 3 1 2 4 1 3 4 1 3 3 1 3 3 2 3 2 2 4 2 11 1      14091      18182      51818 
1386	 474214	1 0 1 1 0 1 1 0 1 0 1 1 1 0 1 1 0 1 1 1 1 1 0 1 0 1 1 0 1 1 1 1 1 1 1 1 1 1 1 1 1 1 1 1 1 1 1 1 1 1 1 2 1 1 2 1 1 2 2 1 2 2 1 2 2 1 1 2 1 0 1 2 1 2 3 3 1 3 1 2 3 2 2 3 2 1 4 8 12 1       4737      14737      65263 
1485	 473080	1 0 1 1 0 1 1 0 1 0 1 1 1 0 1 1 0 1 1 1 1 1 0 1 0 1 1 1 1 1 1 1 1 1 1 1 1 1 1 1 1 1 1 1 1 1 1 1 1 1 1 1 1 1 1 1 1 1 2 1 1 2 1 2 2 1 1 2 1 1 1 2 2 2 3 3 1 3 2 2 3 2 2 3 2 1 4 8 12 1       6922      13462      63078 
1584	 453484	1 0 1 1 0 1 1 0 1 1 0 1 1 0 1 1 0 1 1 0 1 1 0 1 1 0 1 1 1 1 1 1 1 1 1 1 1 1 1 1 1 1 1 1 1 1 1 1 1 1 1 1 1 1 1 2 1 1 2 1 1 2 1 1 2 1 1 3 1 2 2 1 3 4 1 3 4 1 3 4 1 3 3 2 4 2 2 1 3 11      53044      13478      16956 
1683	 222000	0 1 0 0 1 0 0 1 0 1 1 0 0 1 0 0 1 1 1 1 0 0 1 0 1 1 0 1 1 1 1 1 1 1 1 1 0 1 1 1 1 1 1 1 1 1 1 1 1 1 1 1 1 1 1 1 1 6 0 3 1 1 2 2 1 3 2 1 3 1 2 3 2 3 4 1 3 4 2 3 2 3 3 3 0 4 2 10 2 2      12000      65000       7000 
1782	 214000	1 0 0 1 0 0 1 0 0 1 1 0 1 0 0 1 0 1 1 1 0 1 0 0 1 1 0 1 1 1 1 1 1 1 1 1 1 0 1 1 1 1 1 1 1 1 1 1 1 1 1 1 1 1 1 1 1 0 6 3 1 1 2 1 1 3 1 2 3 2 1 3 3 2 4 3 1 4 3 2 2 3 3 3 4 1 2 2 10 2      65000      12000       7000 
1881	 105616	0 1 1 0 1 1 1 0 1 1 0 1 0 1 1 0 1 1 0 1 1 1 0 1 0 1 1 1 1 1 1 1 1 1 1 1 1 1 1 1 1 1 1 1 1 1 1 1 1 1 1 1 1 1 2 1 1 2 1 1 2 1 1 2 1 1 2 1 1 2 1 2 3 2 3 5 3 2 3 2 3 3 2 3 2 3 4 2 9 2      16316      16491      49474 
3852	  81280	1 0 0 1 0 0 1 1 0 1 1 0 1 0 0 1 1 0 1 1 0 1 1 0 1 1 0 1 1 1 1 1 1 1 1 1 1 1 1 1 1 1 1 0 2 1 1 1 1 1 2 1 2 1 1 1 1 1 1 2 1 1 2 1 2 2 1 2 2 2 2 1 3 1 2 3 1 2 3 1 2 3 2 2 4 1 1 1 12 12      65532       4468      13404 
4644	  60590	0 1 0 0 1 0 1 1 0 1 1 0 0 1 0 1 1 0 1 1 0 1 1 0 1 1 0 0 1 1 1 1 1 0 1 1 1 1 1 1 1 1 0 1 2 2 1 1 2 1 1 1 1 1 0 1 2 1 1 2 1 1 2 2 1 2 2 1 2 1 2 1 2 3 2 2 3 2 2 3 2 2 3 2 1 4 1 12 1 12       5294      64706      12647 
6030	  46882	1 0 0 1 0 0 1 0 1 1 0 1 1 0 1 1 0 1 1 0 1 1 0 1 1 0 1 1 1 0 1 1 0 1 1 0 1 1 0 1 1 2 1 2 0 1 1 2 1 1 2 1 1 1 1 2 0 1 2 2 1 2 1 1 2 2 1 2 2 2 1 1 3 2 2 3 2 2 3 2 2 3 2 2 4 1 1 1 12 11      64376      12813       5624 
0	 649000	1 0 0 1 0 0 1 0 0 1 0 0 1 0 0 1 0 0 1 0 0 1 0 0 1 0 0 1 1 0 1 1 0 1 1 0 1 1 0 1 2 0 1 2 0 1 2 0 1 2 0 1 2 0 1 2 0 1 2 0 1 2 0 1 2 0 1 2 0 2 2 0 3 3 3 3 3 5 3 3 4 3 3 4 4 2 5 1 2 21      63000      13500       9047 
198	 591668	0 0 1 1 0 1 1 0 1 1 0 1 1 0 1 1 0 1 1 0 1 0 1 1 1 0 1 0 1 1 0 1 1 0 1 1 0 1 1 0 2 1 0 2 1 0 2 1 0 2 1 0 2 1 0 2 1 0 2 1 0 2 1 0 2 1 0 2 1 0 2 2 7 2 3 1 3 3 5 3 3 4 3 3 2 2 4 16 2 1      11875      17291      55418 
297	 553098	1 1 0 0 1 0 1 1 0 1 1 0 0 1 1 1 1 0 1 1 0 3 1 0 1 1 0 1 1 1 0 1 1 1 1 1 0 1 1 2 1 1 1 1 1 2 1 1 0 1 2 0 1 2 3 1 2 1 1 2 2 1 2 0 1 2 0 1 3 1 2 2 3 3 2 1 3 3 3 3 2 2 3 2 1 4 2 9 1 6      10516      56322      16839 
396	 115004	1 0 0 1 0 0 1 0 1 1 1 0 1 0 1 1 0 0 1 0 1 1 0 0 1 0 0 1 1 1 1 1 1 1 1 1 1 1 0 1 2 1 1 2 0 1 2 0 1 2 0 1 2 0 1 1 1 1 3 0 1 3 0 1 2 1 1 2 1 2 2 0 3 2 4 3 2 2 3 2 3 3 3 1 3 3 6 2 2 16      63000      12336       8083 
891	  80000	0 0 1 0 0 1 1 0 1 1 0 1 0 1 1 0 1 1 0 1 1 0 1 1 1 0 1 1 1 1 1 1 1 0 1 1 0 1 1 1 1 1 2 1 1 2 1 1 1 2 1 2 1 1 2 1 1 3 1 1 3 1 1 3 1 1 1 2 1 2 1 2 2 2 3 2 2 3 2 2 3 4 1 3 4 4 3 1 10 2       8000      15000      61000 
2862	  68636	0 1 0 0 1 0 0 1 1 0 1 1 1 1 0 1 1 0 1 1 0 1 1 0 0 1 1 1 1 0 1 1 1 1 1 0 1 1 0 1 1 2 1 1 1 1 1 2 1 1 2 1 1 2 1 1 2 1 1 3 1 1 3 1 1 3 2 1 1 1 2 2 2 3 2 2 3 2 2 3 2 1 3 4 4 3 5 11 2 0      14106      62417       7265 
3060	  66670	0 0 1 0 0 1 0 1 1 0 2 1 1 0 1 0 1 1 1 0 1 1 0 1 0 1 1 1 0 1 1 0 1 1 0 1 1 0 1 1 2 1 2 0 1 1 2 1 1 2 1 1 2 1 1 2 1 1 4 1 1 3 1 1 3 1 2 1 1 1 1 2 2 2 3 2 2 3 2 2 3 1 4 3 4 5 3 11 0 2      14074       7035      62594 
3357	  60744	1 0 0 1 0 0 1 1 0 1 1 0 1 0 1 1 1 0 1 0 1 1 0 1 1 1 0 1 0 1 1 0 1 1 1 1 1 0 1 1 2 1 1 0 2 1 2 1 1 2 1 1 2 1 1 2 1 1 4 1 1 3 1 1 3 1 1 1 2 2 1 1 3 2 2 3 2 2 3 2 2 3 4 1 3 5 4 2 0 11      62592       7038      14074 
8586	  54000	1 0 0 1 0 0 1 1 0 1 1 0 1 0 1 1 1 0 1 1 0 1 0 1 1 1 0 1 0 1 1 1 1 1 0 1 1 0 1 1 2 1 1 0 2 1 2 1 1 2 1 1 2 1 1 2 1 1 3 1 1 1 2 1 4 1 1 1 2 2 2 1 3 2 2 3 2 2 3 2 2 3 4 1 3 5 4 2 0 11      63000       6500      14000 
0	 649000	1 0 0 1 0 0 1 0 0 1 0 0 1 0 0 1 0 0 1 0 0 1 0 0 1 0 0 1 1 0 1 1 0 1 1 0 1 1 0 1 2 0 1 2 0 1 2 0 1 2 0 1 2 0 1 2 0 1 2 0 1 2 0 1 2 0 1 2 0 2 2 0 3 3 7 3 3 3 3 3 6 3 3 3 4 2 2 1 2 21      63000      13500       7715 
198	 565944	0 1 0 1 1 0 0 1 0 1 1 0 1 1 0 1 1 0 0 1 1 0 1 1 0 1 0 1 1 0 1 1 0 2 1 0 1 1 0 1 1 0 1 1 0 1 1 0 1 1 0 1 1 0 1 1 0 2 1 0 2 1 0 2 1 0 2 1 0 1 2 0 1 3 3 1 3 6 2 3 8 2 3 2 2 4 4 10 1 17      17068      65864       2556 
297	 543778	0 1 1 1 1 0 0 1 1 1 1 0 1 1 0 1 1 1 0 1 1 0 1 1 0 1 1 1 1 1 1 1 1 1 1 1 1 1 0 1 1 0 1 1 2 1 1 2 1 1 0 2 1 1 1 1 1 2 1 1 2 1 1 2 1 1 2 1 1 1 2 2 1 3 3 1 3 5 2 3 2 2 3 2 2 4 3 10 1 6      19111      61889       4500 
396	 526000	0 1 1 1 0 1 0 1 1 1 1 1 1 1 1 1 0 1 0 1 1 0 1 1 0 1 1 1 1 1 1 1 1 1 1 1 1 1 1 1 1 1 1 2 1 1 1 1 1 1 1 1 1 1 1 1 1 2 0 1 2 1 1 2 1 1 2 1 1 1 0 2 2 2 3 1 2 3 2 1 3 2 1 3 2 4 4 10 11 1      15000       6000      64000 
495	 497098	0 1 1 0 1 1 1 1 1 0 1 1 1 1 1 1 1 1 0 0 1 0 0 1 0 1 1 1 1 1 1 1 1 1 2 1 1 1 1 1 1 1 1 1 1 1 1 1 1 2 1 1 1 1 1 1 1 2 2 1 2 1 1 2 1 1 2 1 1 1 1 2 2 1 3 2 1 3 2 2 3 2 3 3 1 2 4 11 8 1      19676          1      63549 
594	 144224	0 1 0 0 1 0 0 1 0 0 1 0 0 1 0 0 1 1 1 1 0 0 1 0 1 1 0 0 1 1 0 1 1 0 1 1 1 1 1 0 1 2 1 1 2 0 1 2 1 1 1 1 1 2 0 1 2 0 1 2 1 1 2 1 1 2 1 1 2 1 2 2 5 2 5 7 2 4 1 3 2 0 3 3 1 4 2 18 3 0       5056      63000      14000 
1683	 116400	0 1 0 0 1 0 0 1 0 0 1 1 0 1 0 0 1 1 1 1 0 1 1 0 1 1 0 0 1 1 0 1 1 0 1 1 1 1 1 0 1 2 0 1 2 0 1 2 1 1 1 1 1 2 0 1 2 1 1 2 1 1 2 1 1 2 1 1 2 1 2 1 5 2 5 7 2 4 1 3 2 0 3 3 1 4 2 17 3 0       6800      63000      14000 
1782	  84144	1 0 0 1 0 0 1 0 1 1 1 0 1 0 1 1 0 1 1 1 0 1 0 0 1 1 0 1 1 1 1 1 1 1 1 1 1 1 1 1 2 1 1 2 1 1 1 1 1 1 1 1 1 1 1 2 1 1 1 2 1 1 2 1 1 2 1 2 2 2 1 1 3 2 2 3 2 2 3 2 2 3 2 2 4 2 1 1 10 11      63104       6896      13448 
3456	  78068	1 0 0 1 0 0 1 0 1 1 1 0 1 0 1 1 0 1 1 1 0 1 1 0 1 1 0 1 0 1 1 1 1 1 0 1 1 0 1 1 1 1 1 2 1 1 2 1 1 2 1 1 1 1 1 1 1 1 1 2 1 1 2 1 2 2 1 2 2 2 1 1 3 2 2 3 2 2 3 2 2 3 2 2 4 2 1 1 11 11      63548       6452      13226 
3654	  72260	1 0 0 1 0 0 1 1 0 1 0 1 1 1 0 1 1 0 1 0 1 1 0 1 1 0 1 1 1 0 1 1 1 1 1 0 1 1 0 1 1 1 1 1 2 1 1 2 1 1 2 1 1 2 1 1 1 1 2 1 1 2 1 1 2 1 1 2 2 2 1 1 3 2 2 3 2 2 3 2 2 3 2 2 4 1 2 1 11 11      63548      13226       6452 
4248	  69382	1 0 0 1 0 0 1 0 1 1 0 1 1 0 1 1 0 1 1 0 0 1 0 1 1 0 1 1 1 0 1 1 1 1 1 1 1 1 1 1 1 1 1 1 2 1 1 1 1 1 1 1 2 0 1 1 1 1 2 2 1 2 2 1 2 2 1 2 2 2 1 1 3 2 2 3 3 0 3 2 2 3 2 2 4 1 1 1 12 11      64375      12812       5625 
12123	  52504	0 1 0 0 1 0 0 1 1 0 1 1 0 1 1 0 1 1 0 1 0 0 1 1 0 1 1 1 1 0 1 1 0 1 1 0 1 1 0 1 1 2 1 1 2 1 1 2 1 1 2 2 1 0 1 1 2 2 1 2 2 1 2 2 1 2 2 1 2 1 2 1 2 3 1 3 3 0 2 3 2 2 3 2 1 4 1 12 1 11      12813      64376       5624 
0	 665200	1 0 0 1 0 0 1 0 0 1 0 0 1 0 0 1 0 0 1 0 0 1 0 0 1 0 0 1 1 0 1 1 0 1 1 0 1 1 0 1 2 0 1 2 0 1 2 0 1 2 0 1 2 0 1 2 0 1 2 0 1 2 0 1 2 0 1 2 0 2 2 0 3 3 6 3 3 5 3 3 3 3 3 3 4 2 5 1 2 20      63000      13500       8100 
198	 655108	0 1 0 0 1 0 0 1 0 0 1 0 0 1 0 0 1 0 1 1 0 1 1 0 0 1 0 1 1 0 1 1 0 1 1 0 1 1 0 2 1 0 2 1 0 2 1 0 2 1 0 2 1 0 2 1 0 2 1 0 2 1 0 2 1 0 2 1 0 2 2 0 3 3 6 2 3 6 2 3 4 3 3 4 2 4 3 2 1 19      13500      63000       8527 
297	 634000	1 0 0 1 0 1 1 0 0 1 0 1 1 0 0 1 0 0 1 0 1 1 0 0 1 1 0 1 1 0 1 1 0 1 1 0 1 1 0 1 2 0 1 2 0 1 2 0 1 2 0 1 1 1 1 2 0 1 2 0 1 2 1 1 2 0 1 2 0 2 2 0 3 3 6 3 3 5 3 3 2 3 3 1 4 2 4 1 2 19      63000      13500      10000 
396	 510000	1 0 1 1 0 1 1 0 1 1 0 1 1 0 1 1 0 1 1 0 1 1 0 1 1 0 1 1 1 1 1 1 1 0 1 1 1 1 1 1 1 1 1 2 1 1 2 1 1 2 1 1 2 1 0 2 1 1 2 1 1 2 1 1 2 1 1 3 1 0 2 2 3 3 3 1 3 3 1 3 3 1 3 3 1 2 4 14 2 1      12500      15000      57500 
693	 488572	0 1 1 1 0 1 0 1 1 1 0 1 0 1 1 0 1 1 0 1 1 0 1 1 0 1 1 1 1 1 1 1 1 1 1 1 1 1 1 1 1 1 2 0 1 2 0 1 1 1 1 2 1 1 2 0 1 2 1 1 2 1 1 2 1 1 3 1 1 2 0 2 2 4 3 3 2 3 3 1 3 3 1 3 2 1 4 2 15 1      15000      12857      57143 
792	 144000	1 0 1 1 0 1 1 0 1 1 0 1 1 0 1 1 0 1 1 0 1 1 0 1 0 1 1 1 1 1 1 1 1 1 1 1 0 1 1 1 2 1 0 2 1 0 2 1 0 2 1 1 1 1 0 2 1 1 2 1 0 2 1 0 2 1 0 2 1 1 2 2 1 3 3 2 3 3 1 3 3 1 3 3 3 2 4 19 2 1       9000      16500      57000 
1980	  93338	1 0 0 1 0 0 1 1 0 1 1 0 1 0 1 1 1 0 1 0 1 1 0 1 1 0 1 1 1 1 1 1 0 1 1 1 1 1 1 1 1 1 1 1 1 1 1 1 1 1 2 1 1 1 1 1 2 1 1 2 1 1 2 1 2 2 1 1 3 2 3 0 3 3 1 3 3 1 3 3 1 3 3 1 4 3 0 1 6 14      60000      13333      10000 
2277	  73784	0 1 0 0 1 0 2 1 0 1 1 0 1 1 0 1 1 0 1 1 0 1 1 0 0 1 1 1 1 1 1 1 1 1 1 1 1 1 1 1 1 1 0 1 2 0 1 2 0 1 2 1 1 1 0 1 2 1 1 2 1 1 2 0 1 2 1 1 2 0 2 2 1 3 3 1 3 3 1 3 3 1 3 3 2 4 2 20 1 3       8689      57542      16229 
3564	  68334	0 1 0 0 1 0 1 1 0 1 1 0 0 1 0 1 1 0 0 1 0 0 1 0 1 1 0 0 1 1 1 1 1 0 1 1 1 1 1 2 1 1 2 1 1 2 1 1 2 1 1 2 1 1 1 1 1 2 1 2 2 1 2 2 1 2 2 1 2 1 2 1 2 3 2 3 3 1 2 3 2 2 3 2 3 4 0 4 1 16       5418      65000      12083 
7011	  46000	0 0 1 0 0 1 1 0 1 1 0 1 1 0 1 1 0 1 1 0 1 1 0 1 1 0 1 0 1 1 0 1 1 0 1 1 0 1 1 1 1 1 3 1 1 3 1 1 3 1 1 2 1 1 2 1 1 2 2 1 1 2 1 2 2 1 2 2 1 1 1 2 1 2 3 1 2 3 1 2 3 1 2 3 1 1 4 8 14 1       4000      13000      66000 
8595	  38288	1 0 0 1 0 0 1 1 0 1 1 0 1 1 0 1 1 0 1 1 0 1 1 0 1 1 0 1 0 1 1 0 1 1 0 1 1 0 1 1 3 1 1 2 1 1 2 1 1 2 1 1 2 1 1 3 1 1 2 2 1 2 2 1 2 2 1 2 2 2 1 1 3 1 2 3 1 2 3 1 2 3 1 2 4 1 1 1 7 14      66000       4000      13286 
0	 631728	1 0 0 1 0 0 1 0 0 1 0 0 1 0 0 1 0 0 1 0 0 1 0 0 1 0 0 1 1 0 1 1 0 1 1 0 1 1 0 1 2 0 1 2 0 1 2 0 1 2 0 1 2 0 1 2 0 1 2 0 1 2 0 1 2 0 1 2 0 2 2 0 3 3 6 3 3 4 3 3 2 3 3 5 4 2 3 1 2 22      63000      13500       8636 
99	 537148	0 0 1 0 0 1 0 1 1 0 1 1 1 0 1 0 1 1 0 1 1 1 0 1 0 0 1 2 0 1 1 0 1 1 0 1 1 0 1 2 0 1 2 0 1 2 0 1 2 0 1 2 0 1 2 0 1 3 0 1 1 0 2 2 0 1 2 0 1 2 0 2 3 7 2 1 8 3 2 2 3 3 6 2 2 1 4 2 14 2      13500       9071      63000 
693	 534884	0 1 1 0 1 0 0 1 1 0 1 1 1 1 0 0 1 1 0 1 1 1 1 0 1 1 1 1 1 0 1 1 0 1 1 0 1 1 0 2 1 0 2 1 0 2 1 0 2 1 0 2 1 0 2 1 0 3 1 0 1 2 0 2 1 0 2 1 0 2 2 0 3 2 6 1 3 8 2 3 2 3 2 5 2 4 1 2 2 14      14878      60244       9269 
1386	 498000	1 1 0 1 0 0 1 1 0 1 1 0 1 1 1 1 1 0 1 1 0 1 1 0 1 1 0 1 1 1 1 1 1 1 1 1 1 1 1 1 1 1 1 1 1 1 1 1 1 1 1 1 1 1 1 2 0 1 1 2 1 1 2 1 1 2 1 1 2 2 2 1 2 3 6 3 2 2 4 1 2 2 3 5 4 1 3 2 7 5      56000      14000      14000 
2277	 495600	1 0 1 1 0 1 1 0 1 1 0 1 1 0 1 1 1 1 0 1 1 1 0 1 1 0 1 1 1 1 1 1 1 1 1 1 1 1 1 1 1 1 1 1 1 2 1 1 1 1 1 1 1 1 1 1 1 1 2 1 1 2 1 1 2 1 1 2 1 1 1 2 1 4 3 1 4 3 1 4 3 1 4 3 4 2 4 10 3 1      18500      14700      50900 
2970	 492860	0 1 1 0 1 1 0 1 1 0 1 1 0 1 1 1 1 1 1 0 1 0 1 1 0 1 1 1 1 1 1 1 1 1 1 1 1 1 1 1 1 1 1 1 1 2 1 1 1 1 1 1 1 1 1 1 1 1 2 1 2 1 1 2 1 1 2 1 1 1 1 2 4 1 3 4 1 3 4 1 3 4 1 3 2 4 4 3 10 1      14287      18571      51427 
3168	 492612	1 0 1 1 0 1 1 0 1 1 0 1 1 0 1 1 1 1 1 1 0 1 0 1 1 0 1 1 1 1 1 1 1 1 1 1 1 1 1 1 1 1 1 1 1 1 1 1 1 1 1 1 1 1 1 1 1 1 2 1 1 2 1 1 2 1 1 2 1 2 1 1 3 4 1 3 4 1 3 4 1 3 4 1 4 2 4 1 3 11      53040      13481      16956 
3366	 491820	1 1 0 1 1 0 1 1 0 1 1 0 1 1 0 1 1 1 1 0 1 1 1 0 1 1 0 1 1 1 1 1 1 1 1 1 1 1 1 1 1 1 1 1 1 1 1 2 1 1 1 1 1 1 1 1 1 1 1 2 1 1 2 1 1 2 1 1 2 2 2 1 3 1 3 3 1 4 3 1 4 3 1 4 4 4 2 1 10 3      48546      18182      16545 
3465	 472184	1 1 0 1 1 0 1 1 0 1 1 0 1 1 0 1 1 1 1 0 1 1 1 0 1 1 0 1 1 1 1 1 1 1 1 1 1 1 1 1 1 1 1 1 1 1 1 1 1 1 1 1 1 1 1 1 1 1 1 2 1 1 2 1 1 2 1 1 2 2 2 1 3 1 4 3 1 4 3 1 4 3 1 4 4 4 2 1 10 3      48546      18182      16545 
3762	 159836	0 1 1 0 1 1 0 1 1 0 1 1 0 1 1 1 1 0 1 1 0 0 1 1 0 1 1 1 1 1 1 1 1 0 1 2 1 1 1 1 1 1 1 1 1 1 1 1 2 1 0 1 1 1 1 1 1 2 1 1 2 1 1 2 1 1 2 1 1 1 2 2 4 3 1 4 3 1 3 3 1 5 2 1 2 4 4 3 2 11      17146      55271      10729 
4158	 151000	1 0 1 1 0 1 1 0 1 1 0 1 1 0 1 1 1 0 1 1 0 1 0 1 1 0 1 1 1 1 1 1 1 1 0 2 1 1 1 1 1 1 1 1 1 1 1 1 1 2 0 1 1 1 1 1 1 1 2 1 1 2 1 1 2 1 1 2 1 2 1 2 3 4 1 3 4 1 3 3 1 3 5 1 4 2 4 1 3 11      49700      17000      16300 
4653	 104176	1 1 0 1 1 0 1 1 0 1 1 0 1 1 0 1 1 0 1 0 1 1 1 0 1 1 0 1 1 1 1 1 1 1 1 1 1 1 1 1 1 1 1 1 2 1 1 1 1 2 0 1 1 1 1 1 1 1 1 2 1 1 2 1 1 2 1 1 2 2 1 2 3 1 4 3 1 4 3 1 4 3 1 4 4 3 2 1 11 3      49478      16522      16261 
9873	  87060	1 0 0 1 0 0 1 0 0 1 0 0 1 0 0 1 0 0 1 0 0 1 0 0 1 0 1 1 1 0 1 1 1 1 1 0 1 1 1 1 2 1 1 1 2 1 1 1 1 1 2 1 1 1 1 1 1 1 3 1 1 2 2 1 2 2 1 2 2 2 1 1 3 2 2 3 1 3 3 2 2 2 6 6 4 1 1 2 9 9      65885       8825       7645 
10566	  82000	0 0 1 0 0 1 1 0 1 1 0 1 1 0 1 1 0 1 1 0 1 1 0 1 1 0 1 1 1 1 1 1 1 0 1 1 1 1 1 1 1 1 1 1 1 3 1 1 1 1 1 1 1 1 1 1 1 2 2 1 2 2 1 2 2 1 2 2 1 1 1 2 1 2 3 1 3 3 1 2 3 5 6 2 1 1 4 6 9 2       4000      13000      66000 
10764	  80000	0 0 1 0 0 1 1 0 1 1 0 1 1 0 1 1 0 1 1 0 1 1 0 1 1 0 1 1 1 1 1 1 1 0 1 1 1 1 1 1 1 1 1 1 1 2 1 1 1 1 1 1 1 1 2 1 1 2 2 1 2 2 1 2 2 1 2 2 1 1 1 2 1 2 3 1 3 3 1 2 3 5 6 2 1 1 4 6 9 2       4284      12858      65716 
10863	  76776	1 0 0 1 0 0 1 1 0 1 1 0 1 1 0 1 1 0 1 1 0 1 1 0 1 1 0 1 1 1 1 1 1 1 0 1 1 1 1 1 1 1 1 1 1 1 2 1 1 1 1 1 2 1 1 2 1 1 1 2 1 2 2 1 2 2 1 2 2 2 1 1 3 1 2 3 1 3 3 1 2 2 5 6 4 1 1 2 6 9      65485       4515      13549 
12249	  60000	0 0 1 0 0 1 1 0 1 1 0 1 1 0 1 1 0 1 1 0 1 1 0 1 1 0 1 1 1 1 1 1 1 0 1 1 1 1 1 1 1 1 2 1 1 1 1 1 2 1 1 0 2 1 2 1 1 2 2 1 1 2 1 2 2 1 2 2 1 1 1 2 1 2 3 2 2 3 2 2 3 4 6 2 1 1 4 6 9 2       4517      13548      65483 
0	 649000	1 0 0 1 0 0 1 0 0 1 0 0 1 0 0 1 0 0 1 0 0 1 0 0 1 0 0 1 1 0 1 1 0 1 1 0 1 1 0 1 2 0 1 2 0 1 2 0 1 2 0 1 2 0 1 2 0 1 2 0 1 2 0 1 2 0 1 2 0 2 2 0 3 3 4 3 3 6 3 3 5 3 3 5 4 2 1 1 2 21      63000      13500       7715 
99	 563000	1 0 1 0 1 1 0 0 1 1 0 1 1 0 1 1 0 1 1 0 1 0 1 1 0 1 1 1 0 1 1 0 1 1 0 1 1 0 1 2 0 1 2 0 1 2 0 1 1 0 1 1 0 1 2 0 1 2 0 1 2 0 1 2 0 1 2 0 1 1 0 2 3 3 3 1 4 3 2 5 3 3 8 2 1 2 4 4 17 2      16500       5000      64500 
396	 558000	1 0 1 0 1 1 0 0 1 1 0 1 1 0 1 1 0 1 1 0 1 0 1 1 0 1 1 1 0 1 1 0 1 1 0 1 1 0 1 1 0 1 2 0 1 2 0 1 1 0 1 1 0 1 2 0 1 2 0 1 2 0 1 2 0 1 2 0 1 1 0 2 3 3 3 1 4 3 2 5 3 4 8 2 1 2 4 4 17 2      16500       5000      64500 
495	 532000	0 1 1 0 1 1 1 0 1 0 1 1 1 0 1 0 1 1 0 1 1 0 1 1 0 1 1 1 1 1 1 1 1 1 1 1 1 1 1 1 1 1 2 1 1 2 0 1 2 1 1 2 1 1 2 1 1 2 1 1 2 2 1 2 2 1 3 1 1 2 1 2 3 1 3 3 1 3 2 1 3 2 1 3 2 5 3 2 10 2       8857      13571      63286 
594	 526368	1 1 0 0 1 1 0 1 1 1 1 0 0 1 1 1 1 1 1 1 1 1 1 0 1 1 0 1 1 1 1 1 1 1 1 1 1 1 1 1 1 1 1 1 1 1 1 1 1 1 2 1 1 1 1 1 1 1 1 2 1 1 2 2 1 2 1 1 3 1 2 2 1 3 3 1 3 3 2 3 3 1 3 3 5 3 2 10 2 1      15454      55458      14544 
693	 490000	1 1 0 0 1 0 0 1 1 1 1 0 0 1 1 1 1 0 1 1 0 1 1 0 1 1 0 1 1 1 1 1 1 1 1 1 1 1 1 1 1 1 1 1 2 1 1 2 1 1 2 1 1 2 1 1 2 1 1 2 1 1 2 2 1 2 1 1 3 1 2 2 1 3 3 1 3 3 2 3 2 1 3 2 5 3 2 10 2 2      14000      62000       8000 
990	 192000	1 1 0 0 1 0 1 1 0 1 1 0 0 1 1 1 1 0 1 1 0 1 1 0 1 1 0 1 1 1 1 1 1 1 1 1 1 1 1 1 1 1 1 1 1 1 1 2 1 1 1 1 1 2 1 1 2 1 1 2 1 1 2 1 1 2 1 1 2 1 2 2 1 3 3 1 3 4 1 3 3 2 3 4 5 3 2 10 2 2      12000      54000      16500 
1089	 174000	1 1 0 1 1 0 1 1 0 1 1 0 0 1 1 1 1 0 1 1 0 1 1 0 1 1 0 1 1 1 1 1 1 1 1 1 1 1 1 1 1 1 1 1 1 0 1 2 1 1 1 1 1 2 1 1 2 1 1 2 2 1 2 1 1 2 1 1 2 1 2 2 1 3 3 1 3 4 1 3 3 1 3 4 5 3 2 10 2 2      14000      52000      15000 
1188	 139000	0 1 1 0 1 1 0 1 1 0 1 1 1 1 0 0 1 1 0 1 1 0 1 1 0 1 1 1 1 1 1 1 1 1 1 1 1 1 1 1 1 1 1 1 1 2 1 1 1 1 1 2 1 1 2 1 1 2 1 1 2 1 1 2 1 1 2 1 1 2 2 1 3 3 1 4 3 1 3 3 2 4 3 1 2 3 5 2 2 9      16250      49500      16500 
1287	 121250	1 0 0 1 0 0 1 1 0 1 0 1 1 1 0 1 0 1 1 0 1 1 0 1 1 0 1 1 1 1 1 1 1 1 1 1 1 1 1 1 1 1 1 2 1 1 2 1 1 1 1 1 1 1 1 2 1 1 2 1 1 2 2 1 1 2 1 2 1 2 2 1 3 3 1 3 3 1 3 3 1 2 5 2 4 0 5 2 4 10      59375      13750      10625 
1683	 100000	1 0 0 1 0 0 1 0 1 1 1 0 1 0 1 1 1 0 1 1 0 1 1 0 1 1 0 1 1 1 1 1 1 1 1 0 1 1 1 1 2 0 1 1 2 1 1 1 1 1 1 1 1 2 1 1 2 1 1 3 1 2 1 1 2 2 1 1 2 2 1 2 3 1 3 3 1 4 3 1 4 3 1 4 3 5 2 2 10 2      60827      14167       8338 
2574	  83750	0 1 0 0 1 0 0 1 1 1 1 0 0 1 1 1 1 0 1 1 0 1 1 0 1 1 0 1 1 1 1 1 1 1 1 1 1 1 1 1 1 1 2 1 1 1 1 1 2 1 1 1 1 1 0 1 2 1 1 2 1 1 2 1 1 2 1 1 2 2 2 1 0 3 4 1 3 3 1 3 3 3 2 6 5 4 0 10 2 4      10625      59375      13750 
2871	  82258	1 0 0 1 0 0 1 1 0 1 0 1 1 1 0 1 0 1 1 0 1 1 0 1 1 0 1 1 1 1 1 1 1 1 1 1 1 1 1 1 2 1 1 1 1 1 1 1 1 1 1 1 1 1 1 2 1 1 1 2 1 1 2 1 1 2 1 2 1 2 2 1 3 4 1 3 4 1 3 4 1 3 4 1 3 3 5 2 2 10      55555      12222      14444 
3564	  78750	1 0 0 1 0 0 1 0 1 1 1 0 1 0 1 1 1 0 1 1 0 1 1 0 1 1 0 1 1 1 1 1 1 1 1 1 1 1 1 1 1 1 1 2 1 1 1 1 1 1 2 1 1 1 1 0 2 1 1 2 1 1 2 1 2 2 1 1 2 2 1 2 3 1 3 3 1 3 3 1 3 2 4 5 4 4 0 2 10 4      59375      10625      13750 
3960	  78290	0 0 1 0 0 1 0 1 1 1 0 1 0 1 1 1 0 1 1 0 1 1 0 1 1 0 1 1 1 1 1 1 1 1 1 1 1 1 1 1 1 1 1 1 1 1 1 1 1 2 1 2 1 1 0 2 1 1 2 1 1 2 1 2 2 1 1 2 1 0 2 2 1 3 3 1 3 3 1 3 3 4 5 2 4 0 4 11 4 2       9714      13143      60286 
4455	  69146	1 0 0 1 0 0 1 1 0 1 0 1 1 1 0 1 0 1 1 0 1 1 0 1 1 0 1 1 1 1 1 1 1 1 1 1 1 1 1 1 1 2 1 1 1 1 2 0 1 1 1 1 1 2 1 2 0 1 2 1 1 2 1 1 2 1 1 2 1 2 2 0 3 3 1 3 3 1 3 3 1 2 5 5 4 0 4 2 4 11      60286      13143       9714 
8991	  63228	0 0 1 0 0 1 1 0 1 0 1 1 1 0 1 0 1 1 0 1 1 0 1 1 0 1 1 1 1 1 1 1 1 1 1 1 1 1 1 1 2 1 1 2 1 1 1 1 1 2 1 1 2 1 2 0 1 2 1 1 2 1 1 2 1 1 2 1 1 2 0 2 3 1 3 3 1 3 3 1 3 5 4 2 0 4 4 5 9 2      13549      10322      59678 
0	 164668	1 0 0 1 0 0 1 0 0 1 1 0 1 0 0 1 0 0 1 0 0 1 0 0 1 0 0 1 1 0 1 1 0 1 1 0 1 1 0 1 2 0 1 2 0 1 2 0 1 2 0 1 2 0 1 2 0 1 2 0 1 3 0 1 3 0 1 2 0 2 1 0 3 3 3 3 2 4 3 0 6 2 4 8 4 2 4 2 3 17      64000      13000       6333 
693	 119724	0 0 1 0 1 1 0 1 1 1 0 1 0 1 1 0 1 1 0 1 1 0 1 1 0 1 1 1 0 1 1 0 1 1 0 1 1 0 1 2 0 1 1 1 1 2 0 1 2 0 1 1 1 1 2 0 1 2 1 1 3 0 1 3 0 1 2 0 1 2 0 2 3 1 3 2 3 3 0 5 3 4 7 2 2 2 4 4 14 2      15572       7143      58857 
2268	 109824	0 0 1 0 0 1 0 1 1 0 1 1 0 0 1 1 0 1 0 0 1 0 0 1 0 1 1 0 1 1 0 1 1 0 1 1 0 1 1 0 2 1 0 2 1 0 2 1 0 2 1 0 2 1 0 2 1 1 2 1 0 3 1 0 3 1 0 2 1 0 2 2 2 2 3 1 3 3 5 0 3 2 2 3 4 1 4 26 3 1       6792      13396      63208 
3555	 103712	0 1 0 0 1 0 1 1 0 1 1 0 0 1 0 0 1 1 0 1 0 1 1 0 1 1 0 1 1 0 1 1 0 1 1 0 1 1 0 2 1 0 2 1 0 2 1 0 2 1 0 2 1 0 2 1 0 2 1 1 2 1 0 3 1 0 3 1 0 1 2 0 2 3 2 3 3 1 0 3 5 2 3 2 0 4 4 4 1 26      13148      63704       6296 
4743	  94000	0 0 1 0 0 1 0 1 1 0 1 1 0 1 1 0 0 1 0 1 1 0 1 1 0 1 1 1 1 1 1 1 1 1 1 1 1 1 1 1 2 1 1 1 1 1 2 1 2 1 1 1 2 1 1 2 1 2 2 1 2 1 1 2 2 1 2 3 1 1 1 2 2 2 3 2 3 3 2 0 3 6 4 2 1 1 4 9 3 2      13500       4500      65500 
4842	  82668	1 0 0 1 0 0 1 1 0 1 1 0 1 1 0 1 1 0 1 0 0 1 1 0 1 1 0 1 1 1 1 1 1 1 1 1 1 1 1 1 1 1 1 1 1 1 2 1 1 1 2 1 1 1 1 1 1 1 2 2 1 2 2 1 3 2 1 2 2 2 1 1 3 1 2 3 2 2 3 1 2 2 4 6 4 1 1 2 6 9      66000       4000      13667 
6723	  80000	0 1 0 0 1 0 0 1 1 0 1 1 0 1 1 0 1 1 0 1 1 0 1 1 0 1 1 1 1 1 1 1 1 1 1 1 1 1 1 1 1 1 1 1 1 1 1 2 2 1 1 1 1 1 1 1 1 2 1 1 2 1 2 2 1 3 2 1 2 1 2 1 2 3 1 2 3 2 2 3 1 6 2 4 1 4 1 9 2 6      13500      65500       4500 
7515	  56000	1 0 0 1 0 0 1 0 1 1 0 1 1 0 1 1 0 1 1 0 1 1 0 1 1 0 1 1 1 0 1 1 0 1 1 0 1 1 1 1 1 3 1 1 3 1 1 2 1 1 1 1 1 1 1 1 2 1 3 0 1 2 2 1 2 2 1 2 2 2 1 1 3 2 1 3 2 2 3 2 1 2 6 4 4 1 1 2 9 6      66000      13777       4000 
8604	  46400	0 0 1 0 0 1 0 1 1 0 1 1 0 1 1 0 1 1 0 1 1 0 1 1 0 1 1 1 0 1 1 0 1 1 0 1 1 0 1 1 3 1 1 2 1 1 3 1 2 0 1 1 1 1 1 3 1 2 0 1 2 2 1 2 2 1 2 2 1 1 1 2 2 1 3 2 2 3 2 1 3 6 4 2 1 1 4 9 7 2      13800       3400      66000 
10188	  36668	1 0 0 1 0 0 1 0 1 1 0 1 1 0 1 1 0 1 1 0 1 1 0 1 1 0 1 1 1 0 1 1 0 1 1 0 1 1 0 1 1 2 1 1 3 1 1 3 1 2 0 1 1 2 1 1 3 1 2 2 1 2 1 1 2 2 1 2 2 2 1 1 3 2 1 3 2 1 3 2 1 2 6 4 4 1 1 2 9 6      66000      14000       3666 
0	 665200	1 0 0 1 0 0 1 0 0 1 0 0 1 0 0 1 0 0 1 0 0 1 0 0 1 0 0 1 1 0 1 1 0 1 1 0 1 1 0 1 2 0 1 2 0 1 2 0 1 2 0 1 2 0 1 2 0 1 2 0 1 2 0 1 2 0 1 2 0 2 2 0 3 3 6 3 3 6 3 3 3 3 3 5 4 2 2 1 2 20      63000      13500       8100 
198	 657000	0 1 1 0 1 1 0 0 1 0 0 1 0 0 1 1 0 1 0 0 1 0 0 1 1 0 1 1 0 1 1 0 1 1 0 1 1 0 1 2 0 1 2 0 1 2 0 1 2 0 1 2 0 1 2 0 1 2 0 1 2 0 1 2 0 1 2 0 1 2 0 2 3 6 3 3 5 3 1 2 3 3 5 3 2 2 4 2 20 1      13500       9500      63000 
297	 620000	1 0 0 1 0 0 1 0 0 1 0 1 1 0 1 1 0 0 1 0 0 1 0 0 1 0 1 1 1 0 1 1 1 1 2 0 1 1 0 1 1 1 1 2 0 1 2 0 1 2 0 1 2 0 1 2 0 1 2 0 1 2 0 1 2 1 1 2 1 2 2 1 3 3 5 3 3 6 3 3 2 3 3 1 4 2 2 1 2 18      63000      13500      10000 
396	 593000	1 1 0 1 1 0 1 0 0 1 0 1 1 1 1 1 1 0 1 0 1 1 0 0 1 0 1 1 1 1 1 0 1 1 1 1 1 1 1 1 0 2 1 1 1 1 1 2 1 1 2 1 1 1 1 1 2 1 1 2 1 1 2 1 0 2 1 1 2 2 0 1 3 3 3 3 1 3 3 2 3 3 1 3 4 2 1 1 18 2      63000      10000      13500 
594	 135184	1 1 0 1 1 0 1 0 1 1 0 1 1 0 1 1 0 1 1 1 0 1 1 0 1 1 0 1 1 1 1 0 1 1 0 1 1 0 1 1 0 2 1 0 2 1 0 2 1 1 1 1 0 2 1 0 2 1 1 2 1 1 2 1 1 2 1 1 2 2 1 2 3 4 1 3 2 3 3 2 2 3 2 3 4 1 1 1 19 3      56872       9128      16564 
990	 106002	0 1 0 0 1 0 0 1 1 1 1 0 0 1 1 0 1 1 0 1 1 1 1 0 1 1 0 1 1 1 0 1 1 0 1 1 0 1 1 1 1 1 1 1 1 0 1 2 2 1 1 0 1 2 1 1 2 1 1 2 1 1 2 0 1 3 1 1 2 1 2 2 3 3 2 3 3 2 1 3 3 2 3 2 2 4 2 18 1 3       9715      57577      15851 
2178	 105600	0 1 0 0 1 0 0 1 0 0 1 0 0 1 0 0 1 0 1 1 0 1 1 0 1 1 0 0 1 1 0 1 1 1 1 1 1 1 1 1 1 1 2 1 1 1 1 1 1 1 1 1 1 1 1 1 1 2 1 2 2 1 2 2 1 2 2 1 2 5 1 5 1 3 2 3 3 3 1 3 2 2 3 2 5 3 5 5 3 5       2800      66000      14000 
2277	 104000	0 0 1 0 0 1 1 0 1 0 0 1 0 0 1 0 0 1 1 0 1 1 0 1 1 0 1 0 1 1 0 1 1 1 1 1 1 1 1 2 1 1 2 1 1 1 1 1 1 1 1 1 1 1 1 1 1 2 2 1 2 2 1 1 2 1 2 2 1 4 5 1 1 2 3 3 3 3 1 2 3 2 2 3 5 5 3 5 5 3       4000      13000      66000 
2574	 100000	0 1 0 0 1 0 1 1 0 0 1 0 1 1 0 0 1 0 1 1 0 1 1 0 1 1 0 0 1 1 0 1 1 1 1 1 1 1 1 1 1 1 2 1 1 2 1 1 1 1 1 1 1 1 1 1 1 1 1 2 2 1 2 2 1 2 2 1 2 4 1 5 1 3 2 3 3 3 1 3 2 1 3 2 5 3 5 5 3 5       4000      66000      13600 
2673	  76924	1 0 0 1 0 0 1 1 0 1 0 0 1 1 0 1 1 0 1 1 0 1 0 0 1 1 0 1 0 1 1 1 1 1 1 1 1 0 1 1 1 1 1 1 1 1 1 1 1 0 2 1 1 1 1 1 1 1 2 2 1 2 2 1 2 2 1 2 2 1 5 5 3 1 2 3 2 2 3 2 2 3 2 2 3 5 5 3 5 5      65385       4615      12308 
3366	  67276	0 0 1 0 0 1 1 0 1 1 0 1 1 0 1 1 0 1 1 0 1 1 0 1 1 0 1 0 1 1 1 1 1 1 1 1 0 1 1 1 1 1 2 1 1 2 1 1 0 2 1 0 2 1 2 1 1 1 2 1 2 2 1 2 2 1 1 2 1 4 5 1 1 2 3 2 2 3 2 2 3 1 2 3 5 5 3 5 4 3       5454      12727      64546 
3861	  60004	0 0 1 0 0 1 1 0 1 1 0 1 1 0 1 1 0 1 1 0 1 2 0 1 1 0 1 0 1 1 1 1 1 0 1 1 0 1 1 1 1 1 2 1 1 1 2 1 2 1 1 2 1 1 2 1 1 1 2 1 1 2 1 1 2 1 1 2 1 3 5 1 2 2 3 2 2 3 2 2 3 2 2 3 4 5 3 4 5 3       6666      13333      63334 
3960	  53338	0 1 0 0 1 0 0 1 1 0 1 1 0 1 1 0 1 1 0 1 1 0 1 1 0 1 1 1 1 0 1 1 1 1 1 1 1 1 0 1 1 1 1 1 2 2 1 1 1 1 2 1 1 2 1 1 2 2 1 1 2 1 1 2 1 1 2 1 1 5 1 3 2 3 2 2 3 2 2 3 2 2 3 2 5 3 4 5 3 4      13333      63333       6667 
4752	  51430	1 0 0 1 0 0 1 1 0 1 1 0 1 1 0 1 1 0 1 1 0 1 1 0 1 1 0 1 0 1 1 1 1 1 0 1 1 0 1 1 2 1 1 0 2 1 2 1 1 1 1 1 1 1 1 2 1 1 1 2 1 2 2 1 2 2 1 1 2 1 4 5 3 2 2 3 2 2 3 2 2 3 2 2 3 4 5 3 4 5      64286       5714      12857 
4851	  42860	1 0 0 1 0 0 1 1 0 1 1 0 1 1 0 1 1 0 1 1 0 1 1 0 1 1 0 1 0 1 1 0 1 1 0 1 1 0 1 1 0 2 1 2 1 1 2 1 1 2 1 1 2 1 1 2 1 1 1 2 1 1 2 1 2 2 1 1 2 1 4 5 3 2 2 3 2 2 3 2 2 3 2 2 3 4 5 3 4 5      64286       5714      12857 
0	 631728	1 0 0 1 0 0 1 0 0 1 0 0 1 0 0 1 0 0 1 0 0 1 0 0 1 0 0 1 1 0 1 1 0 1 1 0 1 1 0 1 2 0 1 2 0 1 2 0 1 2 0 1 2 0 1 2 0 1 2 0 1 2 0 1 2 0 1 2 0 2 2 0 3 3 3 3 3 3 3 3 8 3 3 3 4 2 3 1 2 22      63000      13500       8636 
198	 607000	1 0 0 1 0 0 1 1 0 1 1 0 1 0 0 1 0 0 1 0 0 1 0 0 1 0 0 1 0 1 1 1 1 1 1 1 1 0 1 1 0 2 1 0 2 1 0 2 1 0 2 1 0 2 1 0 2 1 0 2 1 0 2 1 0 2 1 1 2 2 0 2 3 4 3 3 2 3 3 6 3 3 2 3 4 3 2 1 20 2      63000       9500      13500 
297	 558126	0 0 1 0 1 1 0 1 1 0 1 1 1 0 1 0 1 1 0 1 1 0 1 1 0 1 1 1 1 1 1 0 1 1 0 1 1 0 1 2 1 1 1 1 1 2 0 1 2 1 1 2 1 1 2 0 1 2 1 1 2 1 1 2 0 1 2 0 1 2 0 2 3 3 3 3 1 3 3 4 3 3 3 3 2 1 4 2 16 1      15937      11874      58126 
495	 554378	0 1 1 0 1 1 0 1 1 0 1 1 1 1 1 1 1 1 0 1 1 0 1 1 0 1 1 1 1 0 1 1 0 1 1 0 1 1 0 1 1 1 2 1 1 2 1 1 2 1 1 2 1 0 1 1 1 2 1 1 2 1 1 2 1 0 2 1 1 2 2 0 3 3 1 3 3 2 3 3 1 3 3 4 2 4 1 2 1 16      15937      58126      11874 
594	 484214	1 1 0 1 0 0 1 0 0 1 0 0 1 1 1 1 1 0 1 1 0 1 0 0 1 0 0 1 0 1 1 0 1 1 0 1 1 0 1 1 0 2 1 0 2 1 0 2 1 0 2 1 0 2 1 0 2 1 1 2 1 0 3 1 0 2 1 0 3 2 0 2 3 4 2 3 2 1 3 1 2 3 6 1 3 5 3 2 19 4      67370       5263      11315 
792	 182500	1 1 0 1 1 0 1 1 0 1 1 0 1 1 0 1 1 0 1 1 0 1 1 0 1 1 0 1 0 1 1 0 1 1 0 1 1 0 1 1 0 2 1 0 2 1 0 2 1 0 2 1 0 2 1 0 2 1 1 2 1 0 2 1 0 2 1 0 2 2 0 2 3 2 3 3 2 3 3 1 3 3 4 3 4 4 2 1 19 2      54000       9250      18000 
990	 101336	1 0 0 1 0 0 1 0 1 1 0 0 1 0 1 1 0 0 1 0 1 1 0 0 1 0 1 1 1 0 1 1 0 1 1 0 1 1 0 1 2 0 1 2 0 1 1 1 1 2 0 1 2 0 1 2 0 1 3 0 1 3 0 1 3 0 1 3 0 2 1 0 3 1 2 3 1 6 3 2 0 3 1 5 3 3 6 2 6 18      66000      12000       4222 
1683	  82500	0 1 0 0 1 0 0 1 1 0 1 1 0 1 1 0 1 1 0 1 1 0 1 1 0 1 1 1 1 0 1 1 0 1 1 0 1 1 0 1 1 1 1 1 2 2 1 0 2 1 0 2 1 0 2 1 0 3 1 0 3 1 0 3 1 0 3 1 0 1 2 0 1 3 2 1 3 5 2 3 0 1 3 4 4 3 5 6 2 16      12000      66000       4750 
2475	  67556	0 0 1 0 0 1 0 1 1 0 0 1 0 1 1 0 1 1 0 1 1 0 0 1 0 1 1 1 0 1 1 0 1 1 0 1 1 0 1 2 0 1 2 0 1 2 0 1 2 0 1 2 0 1 2 0 1 3 0 1 3 0 1 3 0 1 3 0 1 1 0 2 1 3 3 1 4 3 2 0 3 0 6 3 4 6 3 5 18 2      12000       4889      66000 
3168	  65000	0 1 0 0 1 0 1 1 0 1 1 0 1 1 0 1 1 0 1 1 0 0 1 0 1 1 0 1 1 1 0 1 1 0 1 1 1 1 1 1 1 1 2 1 1 2 1 1 2 1 1 1 1 1 2 1 1 2 1 2 0 1 3 2 1 2 2 1 2 1 2 1 2 3 2 2 3 2 1 3 2 1 3 2 4 3 5 7 2 9       4375      65625      13125 
3960	  58668	0 0 1 0 0 1 1 0 1 1 0 1 1 0 1 1 0 1 1 0 1 1 0 1 1 0 1 1 1 1 0 1 1 0 1 1 1 1 1 2 1 1 2 1 1 2 1 1 2 1 1 2 1 1 2 1 1 1 2 1 0 3 1 2 2 1 2 2 1 1 1 2 3 1 3 1 2 3 1 2 3 1 2 3 4 5 3 5 10 2       6132      11734      66000 
5337	  58338	1 0 0 1 0 0 1 0 1 1 0 1 1 0 1 1 0 1 1 0 1 1 0 1 1 0 1 1 1 1 1 1 0 1 1 0 1 1 1 1 1 2 1 1 2 1 1 2 1 1 2 1 1 2 1 1 2 1 2 1 1 3 0 1 2 2 1 2 2 2 1 1 3 2 3 3 2 1 3 2 1 3 2 1 3 5 4 2 9 5      65833      14166       4168 
6228	  58000	0 1 0 0 1 0 1 1 0 1 1 0 0 1 0 1 1 0 1 1 0 1 1 0 1 1 0 1 1 1 1 1 1 0 1 1 0 1 1 1 1 1 3 1 1 2 1 1 2 1 1 0 1 2 1 1 1 2 1 2 2 1 2 2 1 2 2 1 2 1 2 1 1 3 2 1 3 2 1 3 2 1 3 2 4 3 5 8 2 9       4000      66000      13000 
6327	  46316	0 0 1 0 0 1 0 1 1 0 1 1 0 1 1 0 1 1 0 1 1 0 1 1 0 1 1 1 0 1 1 0 1 1 0 1 1 0 1 1 3 1 1 3 1 2 1 1 1 3 1 1 3 1 1 2 1 2 1 1 2 1 1 2 1 1 2 2 1 1 1 2 2 3 3 2 1 3 2 1 3 2 1 3 5 3 3 9 5 2      14736       3158      65790 
10071	  40008	0 1 0 0 1 0 0 1 1 0 1 1 0 1 1 0 1 1 0 1 1 0 1 1 0 1 1 1 1 0 1 1 0 1 1 1 1 1 0 2 1 0 1 1 2 1 1 2 1 1 2 1 1 2 1 1 2 2 1 2 2 1 1 2 1 1 2 1 2 1 2 2 2 3 2 2 3 2 2 3 2 2 3 2 5 3 3 9 2 5      13334      63334       6666 
0	 649000	1 0 0 1 0 0 1 0 0 1 0 0 1 0 0 1 0 0 1 0 0 1 0 0 1 0 0 1 1 0 1 1 0 1 1 0 1 1 0 1 2 0 1 2 0 1 2 0 1 2 0 1 2 0 1 2 0 1 2 0 1 2 0 1 2 0 1 2 0 2 2 0 3 3 6 3 3 4 3 3 4 3 3 5 4 2 2 1 2 21      63000      13500       7715 
198	 646000	1 0 1 1 0 1 1 0 1 0 1 1 1 0 1 0 1 1 0 1 1 1 0 1 1 0 1 0 1 1 0 1 1 1 1 1 0 1 1 0 1 1 0 2 1 0 2 1 0 2 1 0 2 1 0 2 1 0 2 1 0 2 1 0 2 1 0 3 1 0 2 2 1 3 3 1 3 3 4 1 3 4 3 3 5 1 4 20 2 1       8000      19000      62000 
297	 594000	1 0 1 1 1 1 1 0 0 1 0 0 1 0 1 1 0 0 1 0 1 1 0 1 1 0 0 1 1 1 1 1 1 1 1 0 1 1 0 1 2 0 1 2 0 1 2 1 1 2 1 1 2 0 1 2 0 1 2 0 1 2 0 1 2 1 1 2 0 2 2 0 3 3 2 3 3 0 3 3 4 3 2 4 4 2 2 1 2 20      63000      13500       9500 
396	 588184	0 0 1 0 1 1 0 1 1 0 1 1 1 0 1 0 1 1 1 1 1 0 1 1 0 1 1 1 0 1 1 1 1 1 1 1 1 1 1 1 1 1 2 3 1 2 1 1 2 1 1 2 1 1 2 0 1 2 1 1 2 1 1 2 1 1 2 1 1 1 2 2 3 1 3 3 3 3 3 2 3 3 1 3 2 0 4 2 12 1      14184      13818      57816 
594	 574200	1 1 0 1 1 1 1 1 0 1 1 0 1 1 0 1 0 0 1 1 0 1 1 0 1 1 0 1 0 1 1 0 1 1 1 1 1 0 1 1 0 2 1 0 2 1 0 2 1 1 2 1 0 2 1 0 2 1 0 2 1 0 2 1 0 2 1 0 2 2 0 2 3 1 3 3 1 3 3 4 3 3 2 2 4 4 2 1 20 2      63000       8100      13500 
693	 570000	1 0 0 1 1 1 1 0 1 1 0 1 1 1 0 1 0 1 1 1 1 1 0 1 1 0 1 1 1 0 1 1 1 1 1 1 1 1 1 1 1 1 1 2 3 1 2 1 1 1 1 1 1 1 1 2 0 1 2 1 1 2 1 1 2 1 1 2 1 2 1 2 3 3 1 3 3 3 3 3 2 3 3 1 4 2 0 1 3 12      57500      15000      12500 
792	 544000	1 0 1 1 0 1 1 0 1 1 0 1 1 1 0 1 0 1 1 1 1 1 0 1 1 0 1 1 1 0 1 1 1 1 1 1 1 1 1 1 1 1 1 1 2 1 2 1 1 2 1 1 2 1 1 2 0 1 2 1 1 2 1 1 2 1 1 2 1 2 1 2 3 3 2 3 3 3 3 3 1 3 3 1 4 2 0 1 3 12      57000      15000      13000 
990	 470000	1 0 0 1 0 1 1 1 0 1 1 0 1 1 0 1 1 0 1 1 0 1 1 0 1 1 0 1 0 1 1 1 1 1 1 1 1 1 1 1 1 1 1 2 1 1 1 2 1 1 2 1 1 2 1 0 2 1 1 2 1 1 2 1 1 2 1 1 2 2 2 1 3 1 3 3 3 3 3 1 3 3 1 3 4 1 2 1 13 4      57500      12500      15000 
1584	 181340	1 0 0 1 1 0 1 0 1 1 0 1 1 0 1 1 0 1 1 0 1 1 0 1 1 0 1 1 1 1 1 1 1 1 1 1 1 1 1 1 1 1 1 1 1 1 1 1 1 1 1 1 2 1 1 2 1 1 2 1 1 2 1 1 3 1 1 2 1 2 2 2 3 3 1 3 3 3 3 3 1 3 3 1 4 2 1 1 4 12      54933      11067      15067 
1683	 165604	0 1 0 0 1 1 1 1 0 1 1 0 1 1 0 1 1 0 1 1 0 1 1 0 1 1 0 1 1 1 1 1 1 1 1 1 1 1 1 1 1 1 1 1 1 1 1 1 1 1 1 1 1 2 1 1 2 1 1 2 1 1 2 1 1 3 1 1 3 2 2 1 1 3 3 3 3 3 1 3 3 1 3 3 1 4 2 12 1 4      15067      54933      11066 
1881	  80000	1 0 0 1 0 0 1 1 0 1 1 0 1 1 0 1 1 0 1 1 0 1 1 0 1 1 0 1 0 2 1 1 1 1 1 1 1 1 1 1 1 2 1 2 1 1 1 2 1 1 1 1 1 2 1 0 2 1 1 2 1 1 2 1 1 2 1 1 2 2 2 1 3 1 3 3 3 1 3 1 3 3 1 3 4 1 2 1 13 6      59375      10625      13750 
2673	  73340	0 1 0 0 1 0 1 1 0 1 1 0 1 1 0 1 1 0 1 1 0 1 1 0 1 1 0 1 1 1 1 1 1 1 1 1 1 1 1 1 1 2 2 1 1 0 1 2 1 1 2 1 1 2 0 1 2 1 1 2 1 1 2 1 1 2 1 1 2 1 2 1 1 3 3 3 3 1 1 3 3 1 3 3 1 4 2 14 1 6      10000      60000      13333 
3168	  66674	0 0 1 0 0 1 1 0 1 1 0 1 1 0 1 1 0 1 1 0 1 1 0 1 1 0 1 1 1 1 1 1 1 1 1 1 1 1 1 1 1 1 1 1 1 2 1 1 0 2 1 1 2 1 0 2 1 1 2 1 0 3 1 0 3 1 2 2 1 2 1 2 1 3 3 3 1 3 1 3 3 1 3 3 1 2 4 14 6 1      10000      13333      60000 
3465	  60006	0 1 0 0 1 0 1 1 0 1 1 0 1 1 0 1 1 0 1 1 0 1 1 0 1 1 0 1 1 1 0 1 1 1 1 1 1 1 1 2 1 1 2 1 1 0 1 2 1 1 1 0 1 2 0 1 2 0 1 3 1 1 2 2 1 2 1 1 2 2 2 1 1 3 3 4 3 1 1 3 3 1 3 3 0 4 3 14 1 6       9999      59998      13336 
6327	  53336	0 1 0 0 1 0 1 1 0 1 1 0 1 1 0 1 1 0 1 1 0 1 1 0 1 1 0 1 1 1 1 1 1 1 1 1 1 1 1 1 1 1 2 1 1 0 1 2 2 1 1 0 1 2 0 1 2 0 1 3 1 1 2 1 1 2 1 1 2 2 2 1 1 3 3 4 3 1 1 3 3 1 3 3 0 4 3 14 1 6       9999      59998      13336 
0	 615960	1 0 0 1 0 0 1 0 0 1 0 0 1 0 0 1 0 0 1 0 0 1 0 0 1 0 0 1 1 0 1 1 0 1 1 0 1 1 0 1 2 0 1 2 0 1 2 0 1 2 0 1 2 0 1 2 0 1 2 0 1 2 0 1 2 0 1 2 0 2 2 0 3 3 5 3 3 4 3 3 2 3 3 3 4 2 5 1 2 23      63000      13500       8260 
396	 550000	0 1 1 0 1 1 0 1 1 0 1 1 0 1 1 0 1 1 0 1 1 0 1 1 0 1 1 1 1 1 1 1 1 1 1 1 1 1 1 1 1 1 2 0 1 1 1 1 1 1 1 1 1 1 2 1 1 2 1 1 2 1 1 2 2 1 3 1 1 2 1 2 4 1 3 3 4 3 4 1 3 4 1 3 2 1 4 2 10 1      15000      19000      51000 
594	 207000	0 1 1 0 1 1 0 1 1 0 1 1 0 1 1 1 0 1 0 1 1 0 1 1 1 0 1 1 1 1 1 1 1 1 0 1 1 0 1 2 1 1 2 1 1 2 0 1 2 1 1 2 0 1 2 1 1 2 0 1 2 1 1 2 0 1 2 1 1 1 1 2 3 3 3 3 2 3 2 1 3 3 1 3 2 1 4 2 18 1      16500       9000      57000 
990	 124000	1 1 0 1 1 0 1 1 0 1 1 0 1 1 0 1 1 0 1 1 0 1 1 0 1 1 0 1 0 1 1 1 1 1 1 1 1 1 1 1 0 2 1 1 2 1 0 2 1 0 2 1 0 2 1 1 2 1 1 2 1 1 2 1 1 2 1 1 2 2 0 2 3 1 3 3 1 3 3 1 3 3 2 3 4 2 2 1 17 2      55500      10500      16500 
1881	  72342	0 1 0 0 1 0 2 1 0 1 1 0 1 1 0 1 1 0 0 1 1 1 1 0 1 1 0 1 1 1 0 1 1 1 1 1 0 1 1 2 1 1 0 1 2 0 1 2 0 1 2 0 1 2 0 1 2 1 1 2 1 1 2 1 1 2 1 1 2 0 2 2 1 3 3 1 3 3 1 3 3 2 3 3 1 4 2 21 1 2       9047      58906      15547 
2871	  69056	0 1 0 0 1 0 0 1 1 0 1 1 0 1 1 0 1 1 1 1 0 0 1 1 0 1 1 1 1 1 1 1 0 1 1 1 1 1 0 1 1 2 2 1 0 2 1 0 2 1 0 2 1 0 2 1 0 2 1 2 2 1 1 2 1 1 2 1 1 2 2 0 3 3 1 3 3 1 3 3 1 3 3 2 2 4 1 2 1 21      15000      60000       9048 
3762	  63232	0 0 1 0 0 1 0 2 1 0 1 1 0 2 1 0 1 1 1 0 1 0 1 1 0 1 1 1 1 1 1 0 1 1 1 1 1 0 1 2 0 1 2 0 1 2 0 1 2 0 1 2 0 1 2 0 1 2 1 1 2 1 1 2 1 1 2 1 1 2 1 2 3 1 3 3 1 3 3 1 3 3 1 3 2 2 4 1 21 1      16613       9839      56774 
6327	  60630	0 0 1 0 0 1 1 0 1 1 0 1 2 0 1 1 0 1 0 1 1 1 0 1 1 0 1 1 1 1 0 1 1 1 1 1 0 1 1 0 2 1 0 2 1 0 2 1 0 2 1 0 2 1 0 2 1 1 2 1 1 2 1 1 2 1 1 2 1 1 2 2 1 3 3 1 3 3 1 3 3 1 3 3 2 2 4 22 1 1       9385      16461      57078 
6426	  54580	0 1 0 0 1 0 1 1 0 1 1 0 1 1 0 1 1 0 0 1 1 0 1 1 1 1 0 1 1 1 1 1 1 1 1 1 1 1 1 2 1 1 0 1 2 0 1 2 0 1 2 0 1 2 0 1 2 1 1 2 1 1 2 1 1 2 1 1 2 1 2 2 1 3 3 1 3 3 1 3 3 1 3 3 2 4 2 20 1 1      10339      56779      16441 
6624	  50840	1 0 0 1 0 0 1 1 0 1 1 0 1 1 0 1 1 0 1 0 1 1 1 0 1 1 0 1 1 1 1 0 1 1 1 1 1 1 1 1 0 2 1 0 2 1 0 2 1 0 2 1 0 2 1 0 2 1 1 2 1 1 2 1 1 2 1 1 2 2 0 2 3 1 3 3 1 3 3 1 3 3 1 3 4 1 2 1 24 1      60000       8542      15000 
7020	  47704	1 0 0 1 0 0 1 1 0 1 1 0 1 1 0 1 1 0 1 0 1 1 1 0 1 1 0 1 1 1 1 1 1 1 1 1 1 1 1 1 0 2 1 0 2 1 0 2 1 0 2 1 0 2 1 0 2 1 1 2 1 1 2 1 1 2 1 1 2 2 0 2 3 1 3 3 1 3 3 1 3 3 1 3 4 2 2 1 22 1      57078       9385      16461 
0	 139560	1 0 0 1 0 0 1 0 0 1 0 0 1 0 0 1 0 0 1 0 0 1 0 0 1 0 0 1 1 0 1 1 0 1 1 0 1 1 0 1 2 0 1 2 0 1 2 0 1 2 0 1 2 0 1 2 0 1 2 0 1 3 0 1 3 0 1 3 0 2 2 0 3 1 4 3 1 7 3 2 3 3 3 3 3 2 7 2 4 18      66000      12000       5555 
495	 133338	1 0 0 1 0 0 1 1 0 1 0 1 1 1 0 1 0 0 1 0 0 1 0 0 1 0 1 1 1 1 1 1 1 1 1 1 1 1 0 1 2 0 1 2 0 1 2 0 1 2 0 1 2 0 1 2 0 1 2 0 1 3 1 1 3 0 1 2 1 2 2 0 3 2 1 3 2 1 3 0 7 3 2 2 4 1 4 1 5 20      63334      13333       6667 
891	 114830	0 1 0 0 1 0 0 1 1 0 1 0 0 1 1 0 1 1 0 1 1 1 1 0 1 1 0 1 1 1 1 1 0 1 1 1 1 1 0 2 1 0 2 1 0 2 1 1 2 1 0 2 1 0 2 1 0 2 1 0 2 1 1 3 1 0 2 1 0 1 2 1 1 3 5 2 3 1 1 3 4 3 3 1 3 3 5 4 2 17      13000      64000       5883 
2178	 108848	0 1 0 0 1 0 0 1 0 1 1 0 0 1 0 1 1 0 1 1 0 1 1 0 0 1 0 0 1 1 0 1 1 0 1 1 0 1 1 1 1 1 1 1 2 0 1 2 0 1 2 0 1 2 0 1 2 1 1 2 0 1 3 1 1 3 0 1 2 0 2 2 3 3 1 1 3 2 2 3 1 3 3 2 6 3 4 19 2 5       4632      66000      12000 
2871	 102112	1 0 0 1 0 0 1 0 0 1 1 0 1 0 0 1 1 0 1 1 0 1 1 0 1 0 0 1 0 1 1 0 1 1 0 1 1 0 1 1 1 1 1 1 1 1 0 2 1 0 2 1 0 2 1 0 2 1 1 2 1 0 3 1 1 3 1 0 2 2 0 2 3 3 1 3 1 2 3 2 2 3 3 2 3 6 4 2 19 5      66000       4632      12000 
3564	  85456	0 0 1 0 0 1 1 0 1 1 0 1 0 0 1 1 0 1 1 0 1 1 0 1 1 0 1 1 1 1 0 1 1 0 1 1 0 1 1 1 1 1 2 1 1 0 2 1 0 2 1 0 2 1 0 2 1 1 2 1 0 3 1 1 2 1 0 2 1 0 2 2 1 2 3 1 2 3 1 2 3 3 2 3 5 4 3 19 5 2       4091      14091      65909 
3861	  77274	1 0 0 1 0 0 1 0 1 1 0 1 1 0 1 1 0 1 1 0 1 1 0 1 1 0 1 1 1 0 1 1 0 1 1 0 1 1 0 1 1 1 1 1 1 1 2 0 1 2 0 1 2 0 1 2 0 1 2 1 1 3 0 1 2 1 1 2 0 2 2 0 3 2 1 3 2 1 3 2 2 3 2 2 3 4 6 2 5 19      65909      14091       4091 
4950	  46680	1 0 0 1 0 0 1 1 0 1 1 0 1 0 0 1 1 0 1 1 0 1 1 0 1 1 0 1 0 1 1 0 1 1 1 1 1 0 1 1 2 1 1 2 1 1 2 1 1 0 2 1 0 2 1 0 2 1 1 2 1 0 3 1 2 2 1 2 2 2 0 2 3 2 2 3 0 3 3 2 2 3 2 2 3 1 6 2 17 3      63334       6666      13333 
0	 158672	1 0 0 1 0 0 1 0 0 1 0 0 1 0 0 1 0 0 1 0 0 1 0 0 1 0 0 1 1 0 1 1 0 1 1 0 1 1 0 1 2 0 1 2 0 1 2 0 1 2 0 1 2 0 1 2 0 1 2 0 1 2 0 1 2 0 1 3 0 2 2 0 3 2 2 3 2 4 2 3 9 3 3 2 3 3 8 3 2 17      66000      12000       4334 
693	 134802	0 1 0 0 1 0 0 1 1 0 1 1 0 1 1 0 1 0 0 1 0 0 1 1 0 1 1 1 1 0 1 1 0 1 1 0 1 1 0 2 1 0 2 1 0 2 1 0 2 1 0 2 1 0 2 1 0 2 1 0 2 1 0 2 1 0 3 1 0 2 2 0 2 3 1 2 3 3 3 2 8 3 3 2 3 3 8 2 3 15      12467      65066       4934 
792	 128800	0 1 1 0 0 1 0 1 1 0 1 1 0 1 1 0 1 1 0 1 1 0 1 1 0 1 1 1 1 1 1 1 1 1 1 1 1 1 1 2 0 1 2 0 1 1 1 1 1 1 1 2 0 1 2 1 1 2 2 1 2 1 1 2 1 1 2 1 1 2 1 2 2 3 3 3 1 3 3 2 3 4 0 3 4 4 3 2 11 2      16400      11200      54800 
1485	 124838	0 1 0 0 1 0 0 1 0 0 1 0 0 1 0 0 1 1 0 1 1 0 1 0 1 1 0 1 1 1 1 1 1 1 1 1 1 1 1 1 1 1 1 1 1 1 1 2 1 1 2 1 1 2 1 1 2 2 1 2 2 1 2 2 1 1 2 1 3 1 2 2 2 3 2 2 3 2 4 2 5 1 3 3 5 3 3 8 3 1       9609      65162       7648 
1584	 124286	0 1 0 0 1 0 0 1 0 0 1 0 0 1 0 0 1 1 0 1 1 0 1 0 1 1 0 1 1 1 1 1 1 1 1 1 1 1 1 1 1 1 1 1 1 1 1 1 1 1 2 1 1 2 1 1 2 2 1 2 2 1 2 2 1 1 2 1 3 1 2 2 2 3 2 2 3 2 4 2 5 1 3 3 5 3 4 8 3 1       9643      65000       7857 
1980	 107716	1 0 0 1 0 0 1 2 0 1 1 0 1 0 1 1 1 0 1 1 0 1 1 0 1 0 1 1 1 1 1 1 1 1 1 1 1 1 1 1 2 1 1 2 1 1 2 1 1 1 1 1 1 1 1 1 1 1 1 2 1 1 2 1 1 2 1 1 2 2 2 1 3 1 2 3 2 2 3 4 2 3 3 1 3 4 5 2 3 9      61786       6500      15214 
2277	 105884	1 1 0 1 1 0 1 1 0 1 1 0 1 1 0 1 1 0 1 1 0 1 1 0 1 1 0 0 1 1 0 1 1 0 1 1 0 1 1 0 1 1 0 1 1 0 1 2 0 1 1 0 1 1 0 1 1 0 1 2 0 1 2 0 1 2 0 1 2 0 2 1 1 3 2 1 3 2 7 3 2 1 3 2 8 3 5 15 2 9          0      65881      16471 
2376	 105456	1 1 0 1 1 0 1 1 0 1 1 0 1 1 0 1 1 0 1 1 0 1 1 0 1 1 0 1 1 1 1 1 1 1 1 1 1 1 1 1 1 1 1 1 1 1 1 2 1 1 1 1 1 1 1 1 1 1 1 2 2 1 2 1 1 2 1 1 2 1 2 1 3 3 2 3 3 2 2 3 2 3 3 2 3 3 5 3 2 9        728      65272      16364 
2574	 102358	0 0 1 0 0 1 0 0 1 0 0 1 0 0 1 0 0 1 0 0 1 0 0 1 0 0 1 1 1 1 1 1 1 1 1 1 1 1 1 1 1 1 2 1 1 1 2 1 2 1 1 2 1 1 2 1 1 2 2 1 3 2 1 2 2 1 3 2 1 2 1 2 2 2 3 2 2 3 4 2 3 3 2 3 3 5 3 2 9 2        588      16471      65294 
2673	  91430	1 0 0 1 0 0 1 0 1 1 0 0 1 0 1 1 0 1 1 0 0 1 0 1 1 1 0 1 1 1 1 1 1 1 1 1 1 1 1 1 1 2 1 1 1 1 1 2 1 1 2 1 1 2 1 1 2 1 2 2 1 2 2 1 2 1 1 2 2 2 1 1 3 2 2 3 2 2 2 4 6 3 1 2 3 6 2 3 7 1      64285      11429       7143 
2772	  74076	0 0 1 0 0 1 0 1 1 0 1 1 0 1 1 0 1 1 0 1 1 0 1 1 1 0 1 1 1 1 1 1 1 1 1 1 1 1 1 2 0 1 1 2 1 2 1 1 1 1 1 1 1 1 1 2 1 1 2 1 2 2 1 2 1 1 2 1 1 1 2 2 1 4 3 2 2 3 1 4 3 2 2 3 5 3 3 10 2 2      14074       7038      62592 
4248	  68000	1 0 0 1 0 0 1 1 0 1 1 0 1 1 0 1 1 0 1 1 0 1 0 0 1 1 0 1 0 1 1 1 1 1 1 1 1 0 1 1 1 1 1 0 2 1 1 1 1 2 1 1 2 1 1 2 1 1 2 2 1 1 2 1 1 2 1 2 2 2 1 1 3 2 2 3 2 2 3 1 2 3 2 2 3 4 5 2 8 9      66000       4000      13000 
6525	  58826	0 1 0 0 1 0 1 1 0 1 1 0 1 1 0 1 1 0 1 1 0 1 1 0 1 1 0 0 1 1 0 1 1 1 1 1 0 1 1 2 1 1 2 1 1 2 1 1 1 1 1 2 1 1 1 1 1 1 1 2 0 1 3 2 1 2 2 1 2 2 2 1 2 3 2 1 3 2 2 3 2 2 3 2 4 3 5 6 2 9       5882      64118      12941 
6624	  55792	0 1 0 0 1 0 1 1 0 1 1 0 1 1 0 1 1 0 1 1 0 0 1 0 1 1 0 0 1 1 1 1 1 0 1 1 0 1 1 2 1 1 0 1 2 2 1 1 0 1 2 2 1 1 2 1 1 2 1 2 1 1 2 1 1 2 2 1 2 1 2 1 2 3 2 2 3 2 3 3 1 2 3 2 4 3 5 7 2 9       5263      64737      12632 
6921	  46672	0 1 0 0 1 0 1 1 0 1 1 0 1 1 0 1 1 0 1 1 0 1 1 0 1 1 0 0 1 1 0 1 1 1 1 1 0 1 1 0 1 2 2 1 1 2 1 1 1 1 1 2 1 1 2 1 1 1 1 2 1 1 2 2 1 2 2 1 2 2 2 1 2 3 2 2 3 2 2 3 2 2 3 2 4 3 5 5 2 9       6666      63334      13333 
0	 665200	1 0 0 1 0 0 1 0 0 1 0 0 1 0 0 1 0 0 1 0 0 1 0 0 1 0 0 1 1 0 1 1 0 1 1 0 1 1 0 1 2 0 1 2 0 1 2 0 1 2 0 1 2 0 1 2 0 1 2 0 1 2 0 1 2 0 1 2 0 2 2 0 3 3 4 3 3 6 3 3 5 3 3 3 4 2 4 1 2 20      63000      13500       8100 
198	 646916	1 1 0 0 1 0 1 1 0 0 1 0 1 1 0 1 1 0 1 1 0 1 1 0 0 1 0 0 1 1 1 1 1 1 1 1 1 1 1 1 1 1 0 1 2 1 1 2 0 1 2 1 1 2 0 1 2 4 1 2 2 1 2 1 1 2 1 1 2 1 2 2 4 3 3 1 3 3 1 3 3 3 3 3 0 4 2 12 1 3      13455      63000       9182 
396	 621000	1 1 0 1 0 0 1 0 0 1 0 0 1 1 0 1 1 0 1 1 0 1 1 0 1 0 0 1 1 1 1 1 1 1 1 1 1 1 1 1 1 1 1 1 2 1 1 2 1 0 2 1 1 2 1 1 2 1 4 2 1 1 2 1 1 2 1 1 2 2 1 2 3 3 3 3 1 3 3 1 3 3 3 3 4 0 2 1 12 3      63000      13500       9000 
495	 558000	0 1 0 0 1 0 0 1 0 0 1 1 0 1 1 0 1 1 0 1 1 0 1 1 0 1 1 1 1 0 1 1 1 1 1 0 1 1 0 1 1 1 2 1 0 2 1 0 2 1 1 2 1 0 2 1 0 2 1 0 2 1 1 2 1 1 2 1 1 2 2 0 3 3 3 3 3 2 3 3 1 3 3 2 2 4 5 3 1 17      13500      63000      10000 
693	 551000	1 1 0 1 1 0 0 1 0 1 1 0 1 1 0 1 1 0 1 1 0 1 1 0 1 1 0 1 1 1 1 1 1 0 1 1 0 1 1 1 1 1 0 1 2 1 1 2 1 1 2 0 1 2 0 1 2 0 1 2 1 1 2 1 1 2 1 1 2 0 2 2 1 3 3 1 3 3 1 3 3 2 3 3 4 4 2 17 1 3      10000      63000      13500 
792	 544000	0 1 1 0 1 1 0 0 1 0 1 1 0 1 1 0 1 1 0 1 1 0 1 1 0 1 1 1 1 1 1 1 1 1 1 1 1 0 1 1 1 1 2 0 1 2 1 1 2 1 1 2 0 1 2 0 1 2 0 1 2 1 1 2 1 1 2 1 1 2 1 2 3 1 3 3 1 3 3 1 3 3 1 3 2 3 4 3 17 1      13500      10000      63000 
891	 501160	0 1 1 0 1 1 0 1 1 0 1 1 0 1 1 1 0 1 0 1 1 0 1 1 0 1 1 1 0 1 1 0 1 1 0 1 1 1 1 1 1 1 1 1 1 2 0 1 2 0 1 1 1 1 2 1 1 3 1 1 2 0 1 3 1 1 2 1 1 2 0 2 3 1 3 3 1 3 3 1 3 3 2 3 1 4 4 3 17 1      16730      10192      56540 
990	 192870	0 0 1 0 1 1 0 1 1 0 1 1 0 1 1 0 1 1 0 1 1 0 1 1 0 1 1 1 0 1 1 0 1 1 0 1 1 1 1 1 1 1 1 1 1 2 0 1 2 0 1 2 1 1 2 1 1 2 1 1 2 0 1 2 1 1 2 1 1 2 0 2 3 3 3 3 1 3 3 1 3 3 4 3 2 1 4 4 16 1      16431       8071      57141 
1287	 143000	1 0 1 1 0 1 1 0 1 1 0 1 1 0 1 1 0 1 0 1 1 1 0 1 1 0 1 1 1 1 0 1 1 0 1 1 1 1 1 1 1 1 1 1 1 1 1 1 1 2 1 1 2 1 1 2 1 1 2 1 0 2 1 1 2 1 1 2 1 1 1 2 1 3 3 1 3 3 1 3 3 1 3 3 1 3 4 17 4 1       9000      16500      57000 
2178	 136072	1 0 1 1 0 1 1 0 1 1 0 1 1 0 1 1 0 1 1 1 0 1 0 1 1 0 1 1 1 1 1 1 0 1 1 0 1 1 1 1 1 1 1 1 1 1 1 1 1 2 1 1 2 1 1 2 1 1 2 1 1 2 1 1 2 1 1 2 1 2 1 1 3 3 1 3 3 1 3 3 1 3 3 1 4 3 1 1 4 16      56134      16500       9866 
2277	 114368	0 1 1 0 1 1 0 1 1 0 1 1 0 1 1 0 1 1 1 1 0 0 1 1 0 1 1 1 1 1 1 1 1 1 1 1 1 1 1 1 1 1 1 1 1 1 1 2 1 1 1 2 1 0 2 1 0 2 1 1 2 1 1 2 1 1 2 1 1 2 2 1 3 3 2 3 3 1 3 3 2 3 3 2 3 4 1 4 1 12      17000      52728      13272 
4059	  94534	1 1 0 1 1 0 1 1 0 1 1 0 1 1 0 1 1 0 0 1 1 1 1 0 1 1 0 1 1 1 1 1 1 1 1 1 1 1 1 1 1 1 2 1 1 2 1 1 1 1 1 0 1 2 0 1 2 1 1 2 1 1 2 1 1 2 1 1 2 1 2 2 1 3 3 1 3 3 1 3 3 1 3 3 1 4 3 14 1 4      11068      54932      17529 
6138	  56180	1 0 0 1 0 0 1 0 1 1 0 1 1 0 1 1 0 1 1 1 0 1 0 1 1 0 1 1 1 0 1 1 1 1 1 1 1 1 1 1 1 2 1 1 2 1 1 2 1 1 2 1 2 0 1 2 0 1 2 1 1 2 1 1 2 1 1 2 1 2 2 0 3 3 1 3 3 1 3 3 1 3 3 1 4 3 0 1 4 17      60000      13404       9787 
6435	  56176	0 1 0 0 1 0 0 1 1 0 1 1 0 1 1 0 1 1 1 1 0 0 1 1 0 1 1 1 1 0 1 1 1 1 1 1 1 1 1 1 1 2 1 1 2 1 1 2 1 1 2 2 1 0 2 1 0 2 1 1 2 1 1 2 1 1 2 1 1 2 2 0 3 3 1 3 3 1 3 3 1 3 3 1 3 4 0 4 1 17      13405      60000       9787 
0	 665200	1 0 0 1 0 0 1 0 0 1 0 0 1 0 0 1 0 0 1 0 0 1 0 0 1 0 0 1 1 0 1 1 0 1 1 0 1 1 0 1 2 0 1 2 0 1 2 0 1 2 0 1 2 0 1 2 0 1 2 0 1 2 0 1 2 0 1 2 0 2 2 0 3 3 5 3 3 3 3 3 4 3 3 6 4 2 4 1 2 20      63000      13500       8100 
198	 633644	1 1 0 1 0 0 1 1 0 1 0 0 1 1 0 1 1 0 1 1 0 1 1 0 1 1 0 1 1 1 1 1 1 1 0 1 1 1 1 1 1 2 1 1 2 1 1 2 1 2 2 1 1 2 1 1 2 1 2 2 1 1 2 1 1 2 1 1 2 2 2 2 3 1 3 3 2 3 3 2 3 3 1 3 4 1 2 1 11 2      63000      15546       9000 
396	 631644	1 1 0 0 1 0 1 1 0 0 1 0 1 1 0 1 1 0 1 1 0 1 1 0 1 1 0 1 1 1 1 1 1 0 1 1 1 1 1 1 1 1 1 1 2 1 1 2 2 1 2 1 1 2 1 1 2 2 1 2 1 1 2 1 1 2 1 1 3 2 2 2 1 3 3 2 3 3 2 3 3 1 3 3 1 4 2 11 1 2      15546      63000       9000 
495	 576472	1 0 1 0 1 1 0 1 1 0 1 1 0 1 1 1 0 1 0 1 1 0 1 1 0 1 1 1 0 1 1 0 1 1 0 1 1 0 1 2 0 1 2 0 1 2 0 1 2 0 1 2 0 1 1 1 1 2 1 1 2 0 1 2 1 1 2 0 1 2 0 2 3 6 3 3 1 3 3 1 3 3 6 3 1 1 4 2 17 1      15588      11176      58824 
594	 548774	0 1 1 1 0 1 0 1 1 0 1 1 0 1 1 0 1 1 0 1 1 0 1 1 0 1 1 1 1 1 1 1 1 2 0 1 1 1 1 1 1 1 2 1 1 2 1 1 2 1 1 2 1 1 2 1 1 2 2 1 2 1 1 2 1 1 2 1 1 2 2 2 3 1 3 3 2 3 3 2 3 3 1 3 1 1 4 2 11 1       9295      16069      56659 
891	 521820	0 1 1 1 0 1 0 1 1 1 0 1 0 1 1 0 1 1 0 1 1 0 1 1 0 1 1 1 1 1 1 1 1 1 1 1 1 1 1 1 1 1 1 1 1 2 1 1 2 2 1 2 1 1 2 1 1 1 2 1 2 1 1 2 1 1 3 1 1 2 1 2 4 1 3 3 2 3 2 2 3 3 1 3 2 1 4 2 11 1      14090      18182      51818 
990	 508224	1 0 1 0 0 1 1 0 1 0 1 1 1 0 1 1 0 1 1 0 1 1 0 1 1 0 1 1 1 1 1 1 1 1 1 1 1 1 1 1 1 1 1 1 1 1 1 1 1 1 1 1 1 1 1 2 1 2 2 1 1 3 1 1 2 1 1 3 1 2 2 2 1 4 3 1 4 3 2 2 3 1 3 3 1 2 4 12 3 1      16222       8446      59998 
1089	 502000	1 0 1 0 0 1 1 0 1 0 1 1 1 0 1 1 0 1 1 0 1 1 0 1 1 0 1 1 1 1 1 1 1 1 1 1 1 1 1 1 1 1 1 1 1 1 1 1 1 1 1 1 1 1 1 1 1 2 2 1 1 3 1 1 2 1 1 3 1 2 2 2 1 4 3 1 4 3 2 2 3 1 3 3 1 3 4 12 3 1      16125       9125      59125 
1188	 460440	0 1 1 0 1 1 0 1 1 0 1 1 0 1 1 0 1 1 0 1 1 0 1 1 0 1 1 1 1 1 1 1 1 2 0 1 1 1 1 1 1 1 1 1 1 1 1 1 1 1 1 1 1 1 1 1 1 1 2 1 3 1 1 2 1 1 3 1 1 2 1 2 4 1 3 3 2 3 2 2 3 4 1 3 4 1 4 3 11 1      13478      16956      53044 
1485	 208000	1 0 1 1 0 1 0 1 1 0 1 1 0 1 1 0 1 1 0 1 1 0 1 1 1 0 1 1 1 1 1 1 1 1 1 1 1 1 1 1 1 1 1 1 1 2 1 1 2 1 1 1 1 1 2 1 1 2 2 1 2 2 1 2 1 1 2 2 1 2 2 2 3 1 3 3 1 3 2 2 3 3 1 3 2 1 4 3 11 1      11000      16500      55000 
1782	 148458	0 1 1 0 1 1 0 1 1 1 1 0 0 1 1 0 1 1 0 1 1 0 1 1 0 1 1 1 1 1 1 1 1 1 1 1 1 1 1 1 1 1 1 1 1 1 1 1 1 1 1 1 1 1 2 1 1 2 1 1 2 1 1 2 1 1 2 1 1 2 2 2 4 3 1 4 3 1 3 3 2 3 3 1 3 4 1 3 1 12      16498      51045      14955 
2079	 113336	0 0 1 0 0 1 0 1 1 1 0 1 0 1 1 0 1 1 0 1 1 0 1 1 0 1 1 1 1 1 1 1 1 1 1 1 1 1 1 1 1 1 2 1 1 1 1 1 1 1 1 2 1 1 1 1 1 2 1 1 2 1 1 2 2 1 3 1 1 1 2 2 4 1 3 4 1 3 2 2 3 4 1 3 2 2 4 3 12 1      11111      15555      56667 
2475	 109600	0 1 0 0 1 0 0 1 1 1 1 0 0 1 1 0 1 1 0 1 1 0 1 1 0 1 1 1 1 1 1 1 1 1 1 1 1 1 1 1 1 1 1 1 1 1 1 1 2 1 1 1 1 1 1 1 1 2 1 1 2 1 1 1 1 2 3 1 1 1 2 2 4 3 1 4 3 1 3 3 2 5 3 1 2 4 2 3 1 12      12800      54400      15600 
2970	  98468	1 0 0 1 0 0 1 1 0 1 0 1 1 1 0 1 1 0 1 1 0 1 1 0 1 1 0 1 1 1 1 1 1 1 1 1 1 1 1 1 1 1 1 1 1 1 1 1 1 1 1 1 1 2 1 1 1 1 1 2 1 1 2 1 2 2 1 1 2 2 2 1 3 1 4 3 1 4 3 2 3 3 1 4 4 2 2 1 12 4      55385      14615      12308 
3069	  93854	0 1 0 0 1 0 0 1 1 1 1 0 0 1 1 0 1 1 0 1 1 0 1 1 0 1 1 1 1 1 1 1 1 1 1 1 1 1 1 1 1 1 1 1 1 1 1 1 2 1 1 1 1 1 1 1 1 2 1 1 2 1 1 1 1 2 3 1 1 1 2 2 4 3 1 4 3 1 3 3 2 4 3 1 2 4 2 4 1 12      12308      55385      14615 
3960	  89238	0 1 0 0 1 0 1 1 0 0 1 1 1 1 0 1 1 0 1 1 0 1 1 0 1 1 0 1 1 1 1 1 1 1 1 1 1 1 1 1 1 1 1 1 1 1 1 2 1 1 1 1 1 1 1 1 2 1 1 2 1 1 2 2 1 1 1 1 2 2 2 1 1 3 4 1 3 4 2 3 3 1 3 4 2 4 2 12 1 4      14615      55385      12308 
0	 601504	1 0 0 1 0 0 1 0 0 1 0 0 1 0 0 1 0 0 1 0 0 1 0 0 1 0 0 1 1 0 1 1 0 1 1 0 1 1 0 1 2 0 1 2 0 1 2 0 1 2 0 1 2 0 1 2 0 1 2 0 1 2 0 1 2 0 1 2 0 2 2 0 3 3 4 3 3 2 3 3 7 3 3 1 4 2 4 1 2 24      63000      13500       7916 
396	 565718	1 0 0 1 0 1 1 0 1 1 0 0 1 0 0 1 0 0 1 0 0 1 0 1 1 0 0 1 1 1 1 1 1 1 2 0 1 1 1 1 1 1 1 2 0 1 2 1 1 2 1 1 2 0 1 2 0 1 2 0 1 2 1 1 2 0 1 2 1 2 2 0 3 3 1 3 3 2 3 3 5 3 3 1 4 2 1 1 2 21      63000      13500       9047 
495	 518994	0 0 1 0 0 1 0 0 1 0 0 1 0 0 1 0 0 1 0 0 1 0 0 1 0 0 1 0 1 1 0 1 1 0 1 1 0 1 1 1 2 1 1 2 1 1 2 1 0 2 1 0 2 1 1 2 1 0 2 2 1 2 1 2 2 1 3 2 1 0 2 2 0 3 3 0 3 3 7 3 2 0 3 3 2 2 4 23 2 1       8551       6666      70000 
594	 504290	1 0 1 1 0 1 1 0 1 0 1 1 1 0 1 1 0 1 1 0 1 1 0 1 1 0 1 0 1 1 0 1 1 0 1 1 0 1 1 1 1 1 1 2 1 1 2 1 1 2 1 1 2 1 1 2 1 0 2 1 1 2 1 1 2 1 1 3 1 0 1 2 0 3 3 0 3 3 2 3 3 0 3 3 1 2 4 22 2 1       8571      15000      61429 
693	 167000	0 1 1 0 1 1 1 0 1 0 1 1 0 1 1 0 1 1 0 1 1 0 1 1 0 1 1 1 0 1 1 1 1 1 1 1 1 1 1 2 0 1 1 1 1 2 0 1 2 0 1 2 0 1 2 0 1 2 0 1 2 0 1 2 1 1 2 0 1 2 0 2 3 2 3 3 1 3 3 4 3 3 1 3 2 1 4 2 20 1      18000       9250      54000 
891	 132500	1 0 1 1 0 1 1 0 1 1 0 1 1 0 1 1 0 1 1 0 1 1 0 1 1 0 1 1 1 0 1 1 1 1 1 1 1 1 1 1 2 0 1 1 1 1 2 0 1 2 0 1 2 0 1 2 0 1 2 0 1 2 0 1 2 1 1 3 0 2 2 0 3 3 2 3 3 1 3 3 3 3 3 1 4 2 1 1 2 20      56500      16750       9500 
1089	 105370	0 0 1 0 0 1 0 0 1 1 0 1 0 1 1 0 1 1 0 0 1 0 0 1 0 1 1 1 0 1 1 0 1 1 0 1 1 0 1 2 0 1 1 1 1 2 1 1 2 0 1 2 0 1 2 1 1 2 0 1 2 1 1 2 1 1 2 2 1 1 1 2 2 0 3 3 0 3 5 7 2 3 0 3 1 2 4 3 22 2      13000       5137      64000 
1386	 100500	0 1 0 0 1 0 0 1 1 1 1 0 1 1 0 1 1 0 0 1 0 0 1 0 1 1 0 0 1 1 0 1 1 1 1 1 0 1 1 1 1 1 1 1 1 1 1 1 0 1 2 0 1 2 1 1 2 0 1 2 0 1 3 2 1 2 2 1 2 0 2 2 0 3 3 0 3 3 8 2 4 0 3 3 1 4 1 20 2 3       5650      64000      13000 
2673	  96078	0 0 1 0 0 1 1 0 1 0 1 1 0 1 1 0 1 1 0 1 1 0 1 1 0 1 1 1 1 1 1 1 1 1 1 1 1 1 1 1 1 1 1 1 1 1 1 1 1 2 1 2 1 1 2 1 1 2 1 1 3 1 1 2 1 1 2 1 1 2 0 2 3 0 3 4 0 3 3 1 3 3 1 3 1 2 4 4 17 1      13214       9821      60179 
2772	  90008	0 1 0 0 1 0 1 1 0 0 1 1 0 1 1 0 1 1 0 1 1 0 1 1 0 1 1 1 1 1 1 1 1 1 1 1 1 1 1 1 1 1 1 1 1 1 1 1 1 1 1 2 1 1 2 1 1 2 1 1 3 1 1 2 1 1 2 1 1 2 2 0 3 3 1 4 3 0 3 3 1 3 3 1 1 4 2 4 1 17      13214      60179       9821 
2970	  67276	0 0 1 0 0 1 0 1 1 1 0 1 1 0 1 1 0 1 1 0 1 1 0 1 1 0 1 1 1 1 1 1 1 1 1 1 1 1 1 1 1 1 2 1 1 1 2 1 1 1 1 1 1 1 1 1 1 1 2 1 0 3 1 1 2 1 0 3 1 2 1 2 1 3 3 1 3 3 1 3 3 1 3 3 1 2 4 16 5 1       9635      13096      60359 
4059	  65094	0 1 0 0 1 0 1 1 0 0 1 1 0 1 1 0 1 1 0 1 1 0 1 1 0 1 1 1 1 0 1 1 1 1 1 1 1 1 1 1 1 2 1 1 1 1 1 2 1 1 2 1 1 1 1 1 1 2 1 1 2 1 2 3 1 0 3 1 0 2 2 0 3 3 1 3 3 1 3 3 1 3 3 1 2 4 1 5 1 16      13092      60363       9636 
6822	  57964	1 0 0 1 0 0 1 1 0 1 0 1 1 0 1 1 0 1 1 0 1 1 0 1 1 0 1 1 1 0 1 1 1 1 1 0 1 1 1 1 1 2 1 1 2 1 1 2 1 1 2 1 1 2 1 1 1 1 2 1 1 2 1 1 3 0 1 3 0 2 2 0 3 3 1 3 3 1 3 3 1 3 3 1 4 2 1 1 5 16      60206      13264       9592 