
0	 654000	0 1 2 0 2 1 0 1 3 1 1 0 0 0 3 0 2 0 0 1 2 0 2 0 2 0 1 0 2 1 1 2 0 0 1 2 1 1 1 1 2 0 1 1 1 0 0 4 2 0 1 1 1 1 1 0 2 1 0 3 0 3 0 0 3 0 3 0 0 2 1 2 0 6 2 3 2 3 4 4 0 3 3 2 6 0 5 9 0 0      31500      31500      24750 
99	 563500	1 0 1 1 1 0 0 2 1 2 0 0 1 0 1 1 1 1 1 0 1 2 0 0 0 1 2 1 1 1 1 0 2 2 1 0 1 0 2 0 0 3 1 0 2 0 4 0 1 1 1 3 0 0 1 1 1 0 0 3 1 1 2 0 3 1 1 0 2 1 0 4 0 6 3 4 0 4 4 5 0 4 3 1 3 8 0 4 3 3      33000      22625      30000 
198	 534000	1 0 1 1 1 0 0 2 1 2 0 0 1 0 1 1 0 1 1 0 1 2 0 0 0 1 2 1 1 1 1 0 2 2 0 0 1 0 2 0 0 3 1 0 2 0 5 0 1 1 1 3 0 0 1 1 1 0 0 3 1 0 2 0 4 1 1 0 2 1 0 4 0 7 3 3 0 4 4 5 0 4 3 1 4 8 0 4 3 3      36000      18000      30500 
0	 694000	0 2 1 0 1 1 0 1 2 0 0 5 1 1 1 0 2 0 0 2 0 1 1 0 1 1 0 2 0 0 0 2 0 1 2 0 2 0 0 1 1 1 0 2 1 0 2 1 1 1 1 1 0 4 3 0 1 1 1 2 1 0 6 1 2 0 0 2 4 1 2 2 1 5 2 5 1 1 3 2 4 3 3 1 4 3 1 8 0 0      36000      40000      14000 
99	 529334	1 0 2 3 0 0 1 1 0 3 0 0 0 1 2 0 2 0 0 2 0 0 1 1 3 0 0 1 1 1 1 0 3 0 1 2 0 2 0 2 0 3 1 1 1 1 1 1 0 2 0 0 1 3 0 2 0 3 0 2 2 1 1 2 1 1 1 2 0 0 2 4 2 4 0 1 3 4 1 3 4 4 3 0 3 3 4 6 2 3      23333      45556      17444 
0	 659000	2 0 0 2 0 0 0 2 0 0 0 3 0 0 3 2 0 0 1 1 1 2 0 0 1 1 0 2 0 1 2 1 0 0 1 2 2 1 0 1 0 3 1 2 0 1 2 0 2 1 0 3 0 0 0 2 1 1 2 0 0 3 0 2 1 1 0 2 1 0 5 0 2 4 1 2 2 7 1 2 8 2 2 4 0 5 5 8 0 1      31500      34000      22000 
99	 539780	0 1 1 0 0 3 0 2 0 1 1 0 1 0 2 0 2 0 1 1 0 0 1 2 0 1 3 1 0 2 0 2 1 0 0 4 1 1 1 2 1 0 2 0 1 1 1 1 1 2 0 1 2 0 0 2 1 1 2 1 2 1 0 1 1 2 0 3 0 5 0 0 5 2 0 5 1 2 2 1 7 0 5 3 1 5 4 8 1 1      31110      33555      20445 
198	 518002	0 1 1 0 1 1 1 1 1 0 3 0 3 0 0 0 0 2 0 0 2 3 0 0 0 0 2 0 3 0 2 0 1 4 0 0 1 1 1 1 0 2 1 0 2 2 2 0 1 1 1 1 1 1 1 3 0 0 1 2 0 0 3 0 0 3 0 1 2 4 2 0 4 3 2 0 2 5 3 4 2 3 3 2 2 8 0 5 1 4      22666      26667      35000 
0	 560000	1 0 1 1 0 1 0 2 1 0 4 0 0 1 2 1 1 1 1 0 1 1 0 1 1 0 1 2 0 0 0 2 2 1 0 2 0 2 2 0 2 2 2 0 1 1 0 2 1 1 1 1 1 1 0 3 1 1 1 2 1 2 2 1 2 1 0 4 0 3 1 0 2 4 3 3 2 3 5 1 0 4 1 2 2 4 5 6 1 1      41500      22500      21500 
99	 537000	0 1 1 0 0 2 0 3 0 1 1 1 1 2 0 1 2 0 2 0 0 2 0 0 0 1 2 1 2 0 2 0 1 3 0 0 0 1 2 1 0 2 0 3 1 2 0 1 2 1 0 1 0 2 0 4 0 2 2 0 1 3 0 0 3 1 2 2 0 2 1 2 0 1 7 2 2 4 3 2 3 4 0 3 5 5 0 2 0 7      31500      23333      30667 
0	 610000	0 1 1 1 2 0 2 0 0 1 2 0 1 2 0 0 3 0 0 0 2 1 0 1 2 0 0 0 4 0 2 1 0 1 1 1 0 2 1 1 1 1 1 0 2 0 1 2 3 0 0 0 4 0 1 3 0 2 2 0 1 3 0 3 1 1 0 0 3 1 0 4 4 3 2 3 1 3 3 0 4 2 1 5 0 3 7 6 1 2      31500      21000      33000 
99	 552744	1 1 0 1 0 1 1 1 0 2 0 0 0 1 3 0 2 1 2 0 0 1 1 0 0 3 0 0 2 1 1 0 3 2 0 0 1 1 1 1 2 0 2 1 0 1 1 1 0 2 2 2 0 0 0 1 4 2 0 1 1 2 0 0 4 0 1 2 0 2 1 3 3 0 7 2 1 6 2 4 2 1 6 1 3 3 5 7 0 0      40500      28884      16186 
0	 666000	1 1 0 1 1 1 0 2 1 0 2 1 0 3 0 1 0 1 2 1 0 1 1 0 1 2 0 0 2 1 0 2 1 2 0 0 2 0 0 1 2 0 1 0 2 1 1 1 2 1 0 0 1 4 1 1 1 2 1 0 2 1 0 2 0 1 1 2 1 3 0 2 3 1 4 2 4 2 3 2 5 3 1 3 2 4 4 2 3 6      39000      24000      24000 
99	 644000	1 0 1 0 1 1 0 0 3 1 1 1 1 0 2 3 0 0 1 1 1 2 1 0 2 0 1 0 1 2 0 3 0 1 1 1 2 1 0 2 1 0 0 3 0 0 0 3 0 0 3 2 1 0 2 0 1 1 2 1 1 1 2 2 0 1 0 0 3 1 3 1 3 5 0 2 7 0 0 5 3 2 0 6 3 3 4 7 1 1      30000      27000      30000 
198	 550000	0 1 1 1 1 0 1 2 0 0 1 2 3 0 0 1 0 2 2 0 1 2 0 1 0 1 2 3 0 0 3 0 0 0 2 0 0 2 0 2 1 0 1 2 0 2 1 0 0 2 1 1 2 0 2 0 2 1 1 2 0 3 0 2 1 0 1 1 2 0 2 3 2 4 0 4 2 2 2 1 7 2 0 9 4 2 5 0 7 0      25000      40000      20000 
0	 593000	2 0 0 0 0 3 1 0 2 1 1 0 1 0 2 0 2 0 0 1 2 0 2 0 1 0 3 1 2 0 1 1 1 3 0 0 0 1 3 0 2 2 2 0 1 2 1 0 0 2 1 1 0 4 3 0 0 2 1 1 0 3 0 2 1 0 3 0 1 1 3 0 3 3 1 2 4 1 2 3 3 3 2 3 2 2 7 3 5 1      30500      35000      20000 
99	 158000	1 0 1 0 0 2 2 0 0 0 2 1 2 0 0 2 0 0 0 1 2 1 0 1 0 2 1 2 0 0 0 4 0 1 2 0 1 1 1 0 1 3 1 0 2 1 0 2 2 0 1 0 2 2 0 0 3 2 0 1 1 2 1 1 0 2 0 4 1 1 3 2 2 5 2 1 7 2 3 2 3 3 2 3 5 2 2 7 0 1      36000      18000      27000 
0	 654800	0 2 0 1 0 3 1 1 0 1 0 2 1 1 0 0 1 3 0 1 2 0 1 3 1 1 0 0 3 0 1 1 1 1 1 0 1 1 1 1 2 0 2 0 1 0 2 1 0 2 2 1 1 1 0 2 2 3 0 0 2 1 0 2 1 0 0 2 3 1 2 3 0 5 4 5 1 0 4 0 3 3 3 1 4 2 5 6 2 1      39600      32400      16200 
99	 550000	0 1 2 1 1 0 1 1 0 1 0 2 2 0 1 0 2 0 1 1 0 1 1 0 1 1 0 2 1 0 1 1 1 0 1 2 2 1 0 0 3 0 1 1 1 2 0 1 0 2 1 1 0 3 1 1 1 0 2 2 2 0 2 0 3 1 2 1 0 0 4 1 0 3 7 1 2 7 0 4 5 5 1 2 5 3 0 9 0 0      31600      33600      19200 
198	 182000	1 0 2 0 1 1 2 0 1 1 0 2 0 2 0 1 0 2 0 2 0 2 0 1 2 0 1 0 2 0 3 0 0 1 1 1 2 0 1 3 0 1 0 1 3 0 0 5 1 1 2 1 2 0 0 2 1 2 1 0 3 0 1 1 1 2 3 0 1 0 4 0 6 1 1 1 4 3 0 6 0 0 5 2 3 2 6 3 4 2      27000      36000      18000 
0	 556668	0 2 1 1 0 1 1 1 1 0 3 0 1 0 1 0 2 1 0 0 3 2 0 0 0 1 2 1 1 1 1 1 1 3 0 0 0 0 3 0 0 3 2 1 0 1 1 1 3 0 0 1 1 1 1 0 2 3 0 0 2 2 0 3 0 0 3 0 0 1 4 1 1 2 5 0 0 7 1 2 5 2 7 0 3 8 0 5 3 2      33333      22500      30000 
99	 513896	0 2 1 1 0 1 1 2 0 1 2 0 1 0 1 0 2 1 0 2 1 2 0 0 0 0 2 2 1 0 2 0 1 1 0 2 1 2 0 0 0 3 1 1 1 0 3 1 0 0 3 0 2 2 0 2 2 1 0 2 0 2 2 2 0 1 2 2 0 1 1 3 0 2 6 3 3 2 2 7 1 6 0 1 5 4 1 7 0 1      34632      18684      32105 
0	 587336	0 1 1 0 0 3 1 1 0 0 2 0 2 0 0 2 0 0 0 1 2 1 1 0 0 1 2 1 1 1 2 1 0 1 0 2 0 3 0 0 2 2 3 0 0 0 2 1 1 2 0 0 0 4 0 3 0 1 1 2 0 3 1 1 2 0 3 0 1 0 2 4 3 0 6 4 3 0 3 5 0 5 0 3 3 5 1 5 0 6      32666      32000      22000 
288	  53162	1 0 0 1 0 0 1 0 1 1 1 0 1 0 1 1 0 1 1 0 1 1 0 1 1 0 1 1 1 0 1 1 1 1 1 0 1 1 0 1 2 0 1 2 0 1 2 0 1 2 0 1 2 0 1 2 0 1 3 0 1 3 0 1 3 0 1 3 0 2 2 0 3 1 4 3 1 4 3 2 2 3 0 6 4 1 2 1 6 17      62105      13947       7895 
0	 650000	1 1 0 1 0 2 0 1 3 2 0 0 2 0 0 0 2 0 2 0 0 0 1 2 0 1 2 1 1 0 2 0 2 0 2 0 2 0 0 0 2 1 1 1 1 1 1 1 0 4 0 1 1 1 2 0 1 1 1 2 0 3 1 0 2 4 2 0 2 1 3 1 6 0 0 0 3 10 0 6 2 6 0 2 4 3 0 4 3 2      36500      36000      13500 
99	 523600	3 0 0 0 0 2 0 1 1 0 2 0 0 0 2 2 1 0 0 1 1 2 0 1 0 2 1 0 1 2 1 2 0 4 0 0 1 0 2 1 2 0 0 1 2 0 3 0 0 2 1 0 0 3 0 2 1 0 2 1 2 0 2 3 1 0 2 0 2 1 0 4 0 3 4 5 0 4 5 4 0 3 1 4 7 2 2 0 9 0      20800      31500      31500 
198	 173000	1 0 1 0 3 0 2 0 0 1 0 1 0 1 2 2 0 0 2 0 0 1 0 1 1 2 0 1 0 2 0 0 3 2 0 0 1 2 0 0 2 2 1 1 1 1 3 0 1 0 2 0 3 1 0 2 2 1 2 1 1 1 2 2 0 1 2 0 1 3 1 1 1 3 5 4 2 1 4 2 1 1 4 4 6 1 1 0 7 6      38000      19500      25000 
0	 561114	1 1 0 1 1 0 1 0 3 0 0 3 0 2 0 0 2 0 1 1 1 0 2 0 0 1 2 0 1 2 2 1 0 1 2 0 0 0 4 0 2 1 0 1 3 1 1 2 3 0 0 0 3 0 1 1 1 2 1 0 0 3 0 0 1 3 2 1 0 0 3 2 3 4 0 2 5 1 4 0 5 4 2 2 4 0 7 9 0 0      31111      33334      21111 
99	 538000	2 1 0 0 1 1 0 0 2 4 0 0 2 1 0 2 0 1 0 0 2 0 0 2 1 1 1 1 1 1 1 1 1 2 1 0 1 1 1 1 3 0 2 0 1 0 3 0 0 1 2 2 0 1 0 3 0 3 0 1 2 2 0 1 2 1 0 1 2 1 2 2 2 4 2 1 4 3 0 2 5 6 2 1 3 4 3 2 1 6      23000      27000      35000 
198	 515000	1 0 0 0 2 2 1 1 0 1 0 2 1 0 2 1 0 2 1 1 1 1 1 1 1 1 0 1 1 1 1 1 0 1 1 0 1 0 3 1 1 1 1 2 0 1 2 0 1 2 0 1 1 2 1 1 2 1 2 1 1 2 0 1 1 4 2 0 0 2 1 3 4 0 1 1 6 5 3 2 3 3 2 2 3 4 2 3 4 2      55000      22500       7500 
0	 627500	1 0 2 1 0 1 0 2 1 0 1 2 1 0 1 1 0 2 0 2 1 2 0 0 1 0 1 1 2 0 0 4 0 2 0 0 0 1 3 1 1 1 1 2 0 1 0 2 0 0 4 2 0 0 1 0 2 2 0 1 0 3 2 0 2 4 1 3 0 0 2 4 4 4 0 3 1 4 2 7 1 2 5 1 6 0 1 6 0 1      42500      20000      23750 
99	 571750	1 0 1 1 0 1 1 2 0 2 1 0 1 0 1 1 1 1 1 2 0 0 0 2 2 0 1 0 2 1 0 4 0 0 0 2 3 1 0 1 1 1 1 2 1 3 0 1 5 0 0 0 0 2 1 1 1 1 0 2 2 3 0 4 1 0 0 3 1 4 3 0 0 3 4 4 1 3 1 5 2 1 5 2 1 0 6 0 1 6      20125      22750      42875 
198	 523600	0 2 0 0 0 2 0 1 1 2 0 1 0 2 0 2 1 0 2 1 0 0 2 0 0 1 1 0 0 3 2 0 1 0 1 2 1 2 0 1 2 0 1 1 1 1 2 0 1 1 1 0 1 2 2 1 1 2 0 2 1 1 2 2 1 1 1 2 0 0 1 4 2 2 4 4 4 1 5 1 3 3 4 1 5 4 1 2 1 7      21520      34240      28960 
0	 619334	0 1 2 0 1 2 1 1 1 0 2 0 1 1 0 1 1 0 2 0 1 1 1 0 1 1 0 0 1 3 1 1 0 1 1 1 0 1 3 1 1 1 1 0 4 2 0 1 2 0 0 1 1 1 2 1 0 0 3 0 0 2 2 2 0 2 2 1 1 0 3 4 2 4 1 2 3 3 1 4 6 4 2 1 4 4 2 7 0 0      40500      33333      12889 
99	 546000	0 1 2 0 1 2 1 0 2 0 2 0 1 1 0 1 1 0 2 0 1 1 1 0 1 1 0 0 1 4 1 1 0 1 1 1 0 1 4 1 1 1 1 1 3 2 0 1 2 0 1 1 1 1 3 0 0 0 3 0 0 2 2 2 0 2 2 1 0 0 3 4 2 4 0 3 3 3 1 4 5 4 2 0 3 4 2 6 1 1      39000      34000      12000 
198	 530000	1 1 0 0 2 0 0 2 0 2 1 0 1 0 2 0 1 1 0 1 1 0 2 0 2 0 1 1 0 2 1 0 2 0 1 2 1 1 1 1 1 1 1 1 1 2 0 2 1 1 1 2 1 1 2 0 2 1 2 0 2 2 0 2 2 0 1 0 3 2 3 0 3 5 0 3 2 3 4 0 5 4 2 3 2 6 1 0 2 7      20000      35000      30000 
0	 583000	0 1 1 0 2 0 0 2 0 1 1 0 0 2 0 2 0 0 0 2 1 0 2 0 2 0 1 1 0 3 0 2 1 0 2 1 1 1 1 0 3 0 3 0 0 1 2 0 0 0 4 0 0 4 0 3 0 0 2 2 2 1 1 1 1 2 3 0 0 2 1 3 3 1 5 3 3 1 5 0 3 2 3 4 1 5 4 9 0 0      31500      31500      22500 
99	 531000	1 0 1 3 0 0 0 2 0 0 0 2 0 1 1 0 2 0 2 1 0 1 2 0 0 1 1 1 1 1 1 1 1 3 0 1 0 1 2 3 1 0 1 0 2 0 1 2 1 1 1 0 0 3 2 1 1 0 0 3 0 0 3 2 2 0 2 0 2 3 2 1 7 2 1 2 5 1 5 3 1 1 6 1 1 6 2 0 0 8      19000      31500      35000 
198	 510250	1 0 1 1 0 1 2 0 1 0 1 1 2 0 1 1 1 1 1 2 0 0 1 1 1 2 0 0 2 1 1 1 1 1 3 0 2 0 1 0 0 2 1 1 1 0 0 2 1 3 0 2 0 1 3 0 1 2 1 1 2 1 1 1 0 2 3 0 1 1 2 2 4 1 3 1 2 4 3 2 3 0 0 6 3 6 2 2 10 0      20250      23875      40500 
0	 594296	0 2 0 0 0 3 1 1 0 2 0 0 1 0 2 2 0 1 1 1 0 2 0 0 2 1 0 1 1 1 1 0 2 3 0 0 1 1 1 0 2 1 2 1 0 0 0 4 0 3 1 1 1 2 1 1 1 1 1 2 1 2 0 1 1 2 0 0 5 2 3 0 2 4 1 0 6 2 2 4 2 1 5 1 3 1 7 8 0 1      32469      31583      20250 
99	 566000	2 1 0 1 1 0 0 0 2 0 1 1 0 0 3 0 1 1 1 0 2 5 0 0 2 0 1 1 2 0 2 0 2 0 2 0 0 2 0 0 1 2 4 0 1 2 0 2 0 2 1 0 0 3 0 1 2 2 1 1 4 1 0 4 1 0 2 1 1 3 1 2 1 5 0 1 4 2 0 1 6 1 5 1 4 3 3 0 5 3      15750      38250      31500 
0	 534000	0 2 0 1 0 1 0 1 3 1 1 1 1 1 0 1 1 0 0 2 1 0 2 1 1 1 0 2 0 0 1 0 2 2 0 0 1 2 0 1 1 2 1 1 1 1 1 1 0 1 3 1 0 3 1 0 3 0 2 3 2 0 1 1 1 2 2 0 2 2 2 1 5 0 3 3 3 2 2 4 2 0 6 3 3 6 0 6 1 1      38893      29463      17179 
99	 517300	2 0 1 0 1 1 1 1 0 0 2 0 1 1 1 1 0 2 0 1 2 0 2 0 1 1 0 0 2 0 2 1 0 0 2 0 0 2 0 1 1 1 0 2 0 0 0 4 2 1 0 4 0 0 3 0 1 0 2 1 1 1 2 0 1 3 0 1 3 2 0 5 1 5 0 2 2 5 0 6 0 5 0 5 3 4 3 10 0 2      23950      40500      20250 
0	 595432	2 0 0 0 3 0 1 2 0 1 0 1 1 0 1 1 2 0 0 0 2 1 0 1 0 1 2 0 1 2 1 0 2 0 1 2 2 0 1 1 3 0 0 0 3 0 4 0 0 1 2 1 0 2 2 0 1 0 0 3 4 0 0 0 3 1 1 2 1 3 1 1 1 6 2 3 0 5 3 5 0 1 4 3 5 3 2 7 0 2      31145      22713      31855 
99	 527868	0 0 2 0 3 0 0 2 1 1 0 1 1 0 1 0 2 1 2 0 0 1 0 1 2 1 0 2 1 0 2 0 1 2 1 0 1 0 2 0 3 1 3 0 0 0 4 0 2 1 0 2 0 1 1 0 2 3 0 0 0 0 3 1 3 0 1 2 1 1 1 3 2 6 1 5 0 2 0 5 4 3 4 2 2 3 5 2 0 7      32200      20534      30800 
198	 510000	2 0 0 1 0 1 1 1 0 1 0 2 0 1 2 1 1 0 2 0 0 2 1 0 0 1 2 1 1 1 1 0 2 1 1 1 0 3 0 0 3 0 1 2 0 1 1 1 1 1 2 1 1 1 1 0 3 2 1 0 0 2 2 0 1 3 2 1 0 2 0 4 4 1 3 3 1 5 3 4 0 2 2 5 6 1 2 0 10 0      35000      30000      20000 
0	 665334	0 3 0 0 2 0 1 1 0 0 1 2 0 2 0 2 0 0 0 1 2 0 2 1 2 0 0 0 2 1 1 1 0 2 0 1 1 0 2 0 1 3 2 0 2 2 0 1 2 0 1 2 0 1 2 0 1 1 2 0 0 4 2 0 3 1 2 1 0 2 1 3 1 2 7 6 0 0 1 4 4 1 5 2 2 4 5 7 0 0      39999      32001      16333 
99	 563252	2 0 0 1 0 1 1 2 0 1 0 1 2 0 0 1 2 0 1 2 0 0 1 2 0 2 1 1 2 1 0 0 3 2 0 0 1 0 2 1 0 2 0 0 3 0 3 1 0 3 2 0 1 3 2 0 0 2 1 0 2 0 1 2 1 0 1 0 2 1 3 2 2 7 1 5 0 1 0 6 4 3 3 2 2 2 6 6 1 1      40500      17938      27187 
198	 523668	2 0 0 1 1 0 1 0 2 1 1 0 2 0 0 1 0 2 1 0 2 0 2 1 0 1 2 1 0 2 0 3 0 2 0 0 1 2 0 1 2 0 0 3 1 0 1 3 0 2 2 0 3 1 2 0 0 2 0 1 2 1 0 2 0 1 1 2 0 1 2 3 2 1 7 5 1 0 0 5 6 3 2 3 2 6 2 6 1 1      40500      26666      18167 
0	 578574	1 1 0 1 1 0 0 2 1 2 0 0 0 2 1 1 0 2 0 2 1 1 1 1 0 3 0 1 1 1 2 0 1 1 0 2 1 0 2 2 0 1 1 1 1 1 1 1 1 0 3 0 2 3 1 1 1 0 0 7 0 3 1 2 1 0 0 4 0 3 0 1 5 0 0 2 5 0 1 4 6 2 4 2 4 3 1 6 0 2      45000      27857      14286 
99	 542000	2 0 0 1 1 0 2 0 0 0 0 3 2 0 0 1 2 0 0 3 0 1 0 1 1 0 1 2 0 0 2 0 0 0 2 2 2 0 0 1 1 1 1 2 0 0 3 1 3 0 0 1 2 0 0 3 1 3 0 0 1 1 2 0 0 4 2 0 1 1 4 1 3 0 5 2 2 4 3 3 2 0 5 5 4 5 1 1 3 7      38000      21750      25000 
198	 201336	0 1 1 0 1 1 1 2 0 2 0 1 1 2 0 2 0 1 1 2 0 0 1 1 0 3 0 1 1 1 0 0 2 2 0 1 3 0 1 0 0 2 1 1 1 1 1 1 3 0 1 3 2 0 1 1 1 7 0 0 1 3 0 0 1 2 0 4 0 1 0 3 1 0 5 1 5 2 5 4 1 1 4 3 2 3 4 1 0 6      15666      25000      41000 