
0	9711250	3 4 8 21 16 1 17 1 18 1 20 1 25 1 26 1 0 1 0 1 0 1 0 1 0 1 0 1 0 1 0 1 0 1 0 1 0 1 10 1 11 1 23 1 24 1 2 1 2 1 2 1 29 1 9 1 9 1 9 1 5 1 6 1 7 1 27 1 13 2 13 2 13 2 12 9 14 9 15 9 22 13 28 13      70000       1875 
99	9482000	4 19 6 11 15 29 18 1 20 12 21 1 22 1 25 1 3 1 17 1 0 1 0 1 0 1 0 1 0 1 0 1 0 1 0 1 0 1 0 1 0 1 8 1 29 1 16 1 5 2 11 1 0 14 7 1 10 1 2 1 2 28 20 2 9 9 24 9 26 9 15 9 23 9 27 15 28 9 23 13 22 13 25 13     207000      90000 
198	7918000	14 4 6 23 7 10 22 28 25 1 29 1 0 1 0 1 0 1 0 1 0 1 0 1 0 1 0 1 0 1 0 1 0 1 0 1 0 1 0 24 20 1 5 1 0 1 15 19 27 17 0 25 12 1 16 1 18 1 16 24 9 28 29 2 9 21 9 26 11 9 26 2 3 16 8 21 22 17 15 27 3 13 18 13     126000     135000 
693	7898000	8 5 19 20 7 10 4 28 18 14 24 11 0 16 29 5 8 1 13 21 0 1 0 2 0 1 16 20 0 1 0 1 0 1 0 1 0 28 0 1 0 1 0 1 0 1 0 26 26 1 0 25 6 1 17 1 2 8 18 23 10 2 18 2 12 1 3 9 9 18 22 2 27 28 15 13 29 9 24 13 27 13 25 22     126000     135000 
891	7490000	25 20 4 5 7 5 27 23 11 12 23 16 28 4 17 17 24 8 0 1 0 6 0 26 20 1 0 27 9 1 4 1 0 1 0 1 0 1 16 1 0 1 0 1 0 1 0 3 17 1 0 1 4 1 18 1 0 1 16 26 11 2 29 9 10 21 5 29 12 9 19 16 29 9 15 5 14 9 24 28 12 13 25 22     137000     115000 
990	5606000	26 14 10 19 19 5 25 3 17 16 11 20 27 17 6 26 24 8 0 14 18 22 1 1 23 1 0 27 0 1 4 29 0 1 0 1 20 1 23 1 0 1 0 1 0 1 0 1 14 1 7 1 0 1 28 28 20 1 11 26 21 1 29 2 25 21 28 29 28 9 14 16 17 23 15 5 29 9 24 13 12 13 25 13     115000      92000 
1188	5590000	26 14 10 19 19 5 25 3 17 16 11 20 27 17 6 26 24 8 0 14 18 22 1 1 23 1 0 27 0 1 4 29 0 1 0 1 20 1 23 24 0 1 0 1 0 1 0 1 14 1 7 1 0 1 28 28 20 1 11 26 21 1 29 2 25 21 28 29 28 9 14 16 17 23 15 5 29 9 24 13 12 13 25 13     107000     100000 
1386	3850084	8 20 20 5 15 15 3 5 18 22 6 21 28 11 14 25 29 1 27 1 16 1 0 2 0 23 29 23 12 27 0 1 0 1 0 1 0 1 0 11 19 1 0 1 0 1 0 3 26 1 0 24 12 28 17 4 28 1 22 1 10 5 2 24 3 1 5 9 20 9 14 2 14 9 18 9 7 17 29 3 12 26 25 13      93333     113666 
1881	3601000	19 23 20 2 4 10 7 27 25 16 23 26 16 15 21 10 24 1 28 17 0 11 29 1 4 18 29 14 0 1 0 1 28 1 27 1 11 1 0 22 24 22 0 1 0 1 22 1 25 1 18 25 26 1 23 29 6 1 11 26 11 2 15 8 7 2 5 9 27 2 28 2 17 28 15 13 14 9 24 3 12 13 25 13      94500      63000 
2673	3364000	19 23 20 2 4 10 7 27 25 16 23 26 16 15 21 10 24 1 28 17 0 11 29 1 4 18 29 14 0 26 29 1 28 1 27 1 11 1 0 22 24 22 0 1 0 1 22 1 25 1 18 25 26 1 23 29 6 1 11 26 11 2 15 8 7 2 5 9 27 2 28 2 17 28 15 13 14 9 24 3 12 13 25 13      90000      63000 
2871	3324000	20 11 5 16 25 4 7 27 25 4 14 26 14 15 24 2 24 8 3 19 17 21 29 1 23 6 29 14 10 26 12 23 17 28 27 1 18 6 0 0 24 14 0 1 0 1 22 1 25 1 18 25 26 1 23 1 6 1 11 26 11 14 29 19 25 21 5 9 28 9 28 16 29 28 27 13 29 9 24 28 15 13 23 22      90000      63000 
3069	2962000	14 23 29 2 25 3 20 6 5 20 23 20 18 8 15 13 24 1 16 12 17 1 1 1 26 18 4 8 10 7 0 1 28 26 27 1 11 29 15 22 24 1 0 1 0 1 22 1 25 1 7 1 27 1 29 28 22 23 11 26 19 19 15 3 25 21 28 21 27 9 26 9 17 28 15 9 29 9 24 9 12 13 15 22      81000      63000 
3663	2944000	14 23 29 2 25 3 20 6 5 20 23 20 18 8 15 13 24 1 16 12 17 1 3 14 26 18 4 8 10 7 0 1 28 26 27 1 11 29 15 22 24 1 0 1 0 1 22 1 25 1 7 1 27 1 29 28 22 23 11 26 19 19 15 3 25 21 28 21 27 9 26 9 17 28 15 9 29 9 24 9 12 13 15 22      81000      63000 
3762	2650000	19 17 9 13 20 17 25 27 5 16 18 20 15 0 3 10 21 10 7 23 24 25 29 14 24 18 29 6 20 27 12 1 24 4 1 28 27 29 0 16 28 14 0 1 27 1 22 1 25 1 19 25 26 1 23 28 6 1 22 26 11 2 15 8 25 21 26 3 27 2 26 16 17 28 27 9 29 9 24 3 27 13 18 22      72000      63000 
5148	2580000	27 6 10 11 6 21 25 20 17 24 18 20 7 11 3 20 21 21 28 14 27 25 29 1 28 18 12 13 8 16 4 16 28 26 14 10 21 29 0 8 24 1 24 1 27 1 0 1 25 1 27 25 26 1 23 28 22 23 11 2 11 2 29 3 25 21 5 21 19 2 26 9 29 28 27 14 29 9 24 28 12 13 15 22      90000      45000 
0	10040000	6 7 14 15 24 25 26 27 29 0 0 0 0 0 0 0 0 0 0 0 0 0 0 0 0 0 0 0 0 0 0 0 0 0 0 0 0 0 0 0 0 0 0 0 1 0 11 0 17 0 18 0 20 0 23 2 3 2 12 2 22 2 9 2 9 2 5 9 16 9 21 9 28 9 13 13 13 13 4 13 8 13 10 13      60000          0 
99	9650000	5 8 14 24 23 6 26 0 0 0 27 0 8 0 2 0 0 0 0 0 27 0 27 0 0 0 0 0 0 0 26 0 26 0 0 0 8 0 0 0 0 0 0 0 0 0 4 0 0 0 22 0 3 0 19 1 17 16 9 29 9 2 10 2 12 9 21 9 7 9 27 9 9 9 11 9 25 8 15 13 18 27 21 27      57500          0 
198	9120000	21 7 27 8 24 25 26 1 29 5 0 0 0 2 3 0 0 0 0 0 0 0 0 0 0 0 0 0 0 0 0 0 0 0 0 0 0 0 0 29 0 0 0 0 14 0 16 0 19 0 10 0 28 0 22 6 18 0 29 0 12 2 3 2 9 2 20 9 7 2 4 9 17 9 25 15 11 9 25 9 23 13 25 28     207000      81000 
396	9102000	21 7 22 18 24 15 11 29 15 5 17 0 0 15 24 0 0 0 0 0 0 0 0 0 0 0 0 0 0 0 0 0 0 0 0 8 29 0 16 29 0 0 0 0 1 0 16 0 20 0 28 0 28 0 23 6 18 23 10 2 26 2 3 12 9 14 10 9 27 2 9 9 10 6 19 15 4 3 25 9 13 13 24 28     207000      81000 
693	9056000	21 7 22 18 24 15 11 29 15 5 17 0 0 11 24 0 0 0 0 0 0 0 27 0 0 0 0 0 0 0 0 0 0 0 0 8 29 0 16 29 0 0 0 0 1 0 16 0 20 0 28 0 28 0 23 6 18 23 10 2 26 2 3 12 9 14 10 9 27 2 9 9 10 6 19 15 4 3 25 9 13 13 24 28     207000      81000 
792	7936000	14 4 26 27 8 25 1 11 26 0 0 21 5 19 0 0 0 10 0 7 0 0 0 0 0 14 16 0 26 0 0 0 0 0 0 0 0 0 0 0 7 0 0 0 5 0 0 0 0 0 26 0 22 23 5 5 22 2 15 6 12 1 3 2 22 20 24 24 25 28 6 27 6 14 29 13 4 9 29 9 28 18 17 13     126000     135000 
891	7516000	26 1 24 5 17 1 8 0 29 16 15 14 0 0 4 0 21 0 0 0 2 0 25 0 0 5 29 25 16 19 0 0 0 0 14 24 14 0 8 0 0 0 29 0 0 0 23 0 0 0 1 0 28 0 22 0 10 0 29 2 18 6 3 12 15 8 20 20 9 19 4 27 22 14 11 27 8 9 7 9 13 13 26 28     137000     115000 
990	6066000	10 7 28 26 25 1 26 0 17 20 24 14 0 0 21 0 15 0 0 0 0 0 11 0 0 0 0 0 0 0 0 0 0 3 0 22 0 0 0 0 28 0 29 0 0 0 0 0 0 0 26 0 24 0 23 16 28 23 14 0 29 19 11 4 12 25 18 9 27 2 8 2 10 28 6 27 5 3 25 9 26 13 25 25     126000      90000 
1089	5652000	15 12 8 26 29 12 29 0 17 20 24 0 0 0 0 0 0 0 0 0 0 0 19 0 0 26 0 0 0 0 0 19 0 3 0 0 0 0 7 0 28 0 29 0 0 0 22 0 29 0 0 0 24 0 14 5 28 23 23 0 6 1 21 2 9 25 16 18 27 28 5 9 22 28 11 27 4 9 25 14 10 13 26 13     115000      92000 
1287	4756000	2 6 20 23 21 21 1 15 18 0 29 29 27 0 0 0 13 18 0 0 25 27 0 0 0 25 16 0 0 0 0 0 0 0 0 0 0 0 17 14 7 0 0 28 0 0 0 0 5 0 28 0 24 0 24 0 22 0 7 8 22 6 11 12 2 8 10 20 26 19 8 27 23 29 19 13 4 3 25 9 26 13 28 13     103500      81000 
1485	4709000	24 18 25 27 12 10 24 16 15 8 29 14 27 8 21 0 1 7 20 24 0 0 0 0 0 0 0 0 9 0 0 27 6 20 0 0 28 0 0 16 0 0 0 0 0 0 22 0 0 0 17 11 12 0 20 5 23 23 7 0 26 29 3 2 1 14 1 9 26 28 4 9 7 9 29 7 28 9 25 9 13 4 19 28     103500      81000 
1683	4490000	2 12 15 26 14 23 26 3 27 24 7 26 27 8 0 0 25 0 0 0 0 0 0 18 23 10 20 0 0 0 0 0 15 28 0 2 0 0 17 28 24 19 0 0 27 0 0 0 5 0 28 0 28 0 16 0 8 8 4 29 29 23 11 2 19 2 24 26 7 21 29 12 22 28 6 7 1 9 25 13 26 25 25 13      90000      90000 
1782	4470000	10 14 15 21 14 14 1 18 27 8 28 18 27 8 16 25 17 25 24 0 0 0 26 0 0 5 20 0 28 0 0 0 15 25 0 2 0 24 11 28 0 19 6 0 0 0 0 0 5 0 21 0 28 21 0 12 23 0 29 29 26 23 3 2 3 2 18 9 20 21 18 24 22 9 29 7 4 9 27 9 26 13 25 13      90000      90000 
2178	4106000	17 21 24 5 8 19 29 4 13 27 6 14 10 2 1 22 1 0 27 0 29 0 11 0 0 29 0 0 3 15 12 0 0 26 0 0 6 21 25 29 7 0 29 28 7 0 2 0 17 0 21 0 6 23 7 0 22 23 16 29 6 26 3 21 3 14 10 24 18 19 28 17 24 28 15 20 3 9 25 9 26 25 27 28      81000      90000 
2277	3850084	3 26 24 9 17 5 20 7 18 7 19 15 27 4 24 7 29 3 17 0 0 0 0 24 0 10 22 2 24 19 0 0 21 3 23 0 1 0 0 6 24 0 0 0 0 23 22 0 29 0 0 0 11 0 23 27 23 23 16 0 29 27 15 12 17 14 18 23 17 12 8 27 7 28 29 15 4 28 25 9 26 13 25 28     113666      93333 
2772	3602000	24 23 25 14 8 14 8 12 4 14 21 26 18 20 28 7 25 29 14 10 20 24 5 17 18 27 3 22 27 4 16 27 16 1 16 0 6 21 15 21 28 0 29 11 0 0 0 0 29 0 24 0 28 1 16 0 26 8 26 0 6 23 19 21 10 2 1 26 26 28 29 27 10 28 29 15 1 19 25 9 26 18 19 13      69000      90000 
2970	3358000	22 18 21 24 17 23 19 16 15 11 19 14 5 13 19 6 26 8 13 24 20 0 11 0 0 27 10 8 8 2 26 27 18 16 16 0 0 17 12 14 28 0 29 4 0 0 16 0 1 0 24 0 28 0 27 27 1 23 29 20 29 23 3 12 1 2 24 9 26 28 28 12 7 28 29 27 4 3 25 9 26 25 27 25      90000      63000 
3267	3310000	1 18 11 3 22 13 11 13 24 14 19 17 7 8 10 29 16 6 7 9 11 0 22 0 0 17 16 20 27 10 26 0 18 16 16 0 5 27 16 28 24 26 29 2 7 0 22 0 15 0 21 29 24 1 27 18 23 23 26 29 29 2 3 21 12 2 1 20 1 28 28 19 24 28 5 15 4 19 25 9 26 25 27 25      72000      81000 
3663	2990000	10 8 25 5 13 16 11 4 22 7 27 12 6 20 18 6 17 14 23 0 20 0 28 19 15 11 22 0 25 2 19 0 14 1 8 21 16 27 26 21 28 0 29 0 0 0 7 0 29 0 24 29 24 1 27 18 23 12 26 0 26 29 19 5 20 2 1 26 9 28 29 24 7 28 29 27 1 3 25 9 26 23 25 25      81000      63000 
4059	2570000	24 12 20 4 16 14 6 16 5 7 19 26 18 8 10 9 17 2 6 8 11 2 15 14 0 21 22 14 13 0 28 19 7 20 8 21 21 17 25 16 24 26 29 4 7 0 22 0 27 0 21 29 28 0 27 27 23 12 26 20 6 23 3 6 12 2 1 26 1 28 29 12 24 28 29 15 4 3 25 9 26 27 25 25      95000      40000 
4554	2226000	29 4 20 2 3 24 5 18 5 15 3 12 3 5 17 7 17 27 14 8 11 13 3 10 22 26 23 20 27 2 28 25 11 1 8 17 29 21 25 16 14 13 7 28 7 0 22 0 27 0 24 29 24 1 27 27 23 23 7 29 6 23 20 21 6 2 23 26 26 28 29 19 24 28 29 15 28 19 25 9 26 23 19 25      45000      81000 
4752	2214000	29 4 3 24 22 24 10 13 5 15 23 14 3 5 22 7 11 8 14 29 11 18 3 25 26 27 22 20 2 2 26 25 19 1 8 17 29 21 25 16 14 10 7 4 7 0 22 0 27 0 21 0 24 0 27 27 23 12 26 29 6 23 20 21 6 8 1 26 1 28 28 19 24 28 29 27 28 19 25 9 26 25 19 25      36000      90000 
0	9770000	1 3 5 6 24 25 27 0 13 0 13 0 9 0 13 0 19 0 0 0 0 0 0 0 0 0 0 0 0 0 0 0 0 0 0 0 0 0 0 0 9 0 11 0 22 0 2 0 9 0 2 0 4 2 10 2 12 2 14 2 26 2 7 9 8 9 17 9 18 9 20 9 15 28 16 13 21 13 23 13 19 13 19 13      35000          0 
99	9375000	5 7 8 23 19 16 27 12 26 0 23 0 24 0 0 0 23 0 0 0 24 0 0 0 26 0 24 0 0 0 0 0 0 0 26 0 0 0 0 0 0 0 0 0 6 0 15 0 24 0 25 0 0 0 20 2 2 22 18 2 1 9 18 9 9 9 11 14 10 18 26 21 29 13 13 13 4 13 13 13 17 13 23 13      57500          0 
297	9102000	17 11 11 16 28 10 27 24 14 7 0 0 0 3 12 0 0 0 0 0 0 0 0 0 0 0 9 0 0 0 0 0 0 0 16 0 0 0 28 0 19 0 0 0 16 0 26 0 24 0 8 0 2 0 1 0 4 29 1 0 5 2 25 2 22 9 20 6 23 29 17 9 18 20 22 21 21 13 13 13 21 15 29 13     207000      81000 
495	8676000	17 11 11 26 28 10 27 24 14 7 0 0 0 3 12 0 0 0 0 0 15 0 0 0 0 0 9 0 0 0 0 0 0 0 16 0 0 0 28 0 19 0 0 0 16 0 26 0 24 0 8 0 2 0 1 0 4 29 1 0 5 2 25 2 22 9 20 6 23 29 17 9 18 20 22 21 21 13 13 13 21 15 29 13     207000      72000 
792	7490000	13 4 28 24 25 26 3 28 0 10 0 0 0 0 0 0 19 22 0 0 19 0 0 0 0 0 0 11 9 0 0 0 26 0 5 0 0 0 0 0 1 0 4 0 7 0 0 0 19 0 12 0 16 0 28 0 20 23 16 2 29 8 24 25 23 21 15 6 10 0 26 15 1 17 27 29 27 10 13 13 14 13 18 13     152000     100000 
990	5998000	25 16 25 11 7 23 27 12 1 7 3 27 0 0 12 0 0 0 0 0 24 0 0 0 0 0 0 0 0 0 4 14 12 0 0 0 0 0 17 0 19 0 15 0 8 0 16 0 24 0 23 22 20 21 29 0 28 25 24 6 6 2 25 2 18 21 27 6 10 29 26 14 29 9 29 27 28 5 18 13 26 15 14 13     126000      90000 
1089	5720000	26 9 25 11 25 21 7 16 17 23 21 0 22 0 0 0 24 8 0 0 19 0 0 0 0 26 0 11 26 22 0 24 26 0 5 0 0 5 17 0 1 0 0 0 7 0 28 0 19 0 12 25 4 22 28 0 18 3 14 16 29 1 27 12 23 20 15 6 10 2 26 15 29 17 16 21 27 14 23 7 14 14 20 13     126000      81000 
1287	3850084	2 12 8 17 26 23 22 23 15 7 10 0 22 5 14 0 0 19 21 0 0 25 21 0 0 5 0 11 0 16 0 20 0 24 0 0 0 0 26 0 0 4 28 0 0 0 0 0 27 0 0 0 3 0 29 2 3 11 24 2 10 2 28 2 18 21 11 1 10 2 3 9 28 19 24 12 29 27 23 6 25 26 29 13      93333     113666 
1980	3762000	25 4 12 22 25 21 9 8 27 3 26 5 7 0 21 0 26 0 0 0 29 0 0 0 26 1 22 14 3 0 28 1 24 0 20 23 26 0 8 0 15 4 27 0 0 0 28 0 27 0 12 11 11 0 28 0 8 23 12 16 10 1 25 2 24 20 19 24 23 17 23 26 29 19 24 29 29 28 28 24 6 19 18 13      81000      81000 
2475	3706000	28 26 9 7 16 26 6 23 18 23 25 0 17 18 20 25 2 19 10 0 5 1 27 2 0 1 12 11 15 0 17 23 0 24 16 0 26 16 28 0 27 22 15 0 6 0 4 0 10 0 19 0 27 0 28 2 4 4 1 20 10 0 28 15 24 21 27 2 23 2 3 21 18 4 24 29 29 8 29 6 25 14 29 13      72000      90000 
2871	3655500	21 1 12 19 9 29 17 23 4 16 8 14 7 0 29 0 6 6 0 0 20 0 0 24 26 27 10 0 20 22 0 0 26 13 11 23 0 0 28 0 0 22 0 0 25 0 16 0 24 0 19 0 27 0 28 2 15 11 16 17 10 0 27 5 24 21 19 28 18 11 3 26 29 19 24 29 29 27 14 25 25 19 14 13      92250      67500 
2970	3312000	12 18 12 1 7 29 6 23 22 16 8 26 23 18 29 6 21 9 1 10 12 1 25 0 22 5 10 22 20 22 17 0 8 24 0 0 0 19 28 0 27 22 0 0 25 0 4 0 24 0 19 0 27 0 28 2 3 11 17 16 18 0 28 15 23 20 27 2 28 11 3 26 29 19 24 21 29 14 23 6 25 26 14 13      69000      81000 
3465	3310000	12 18 12 1 7 29 6 7 22 16 8 26 23 18 29 6 21 9 29 10 12 1 25 0 22 5 10 22 20 22 17 0 8 24 29 0 0 19 28 0 27 22 0 0 25 0 4 0 24 0 19 0 27 0 28 2 3 11 17 16 18 0 28 15 23 20 27 2 28 11 3 26 29 19 24 21 29 14 23 6 25 26 14 13      69000      81000 
3861	2968000	25 4 6 15 28 10 14 22 24 2 4 12 23 29 14 22 20 19 3 22 7 11 25 23 2 27 10 0 0 0 5 3 19 3 0 23 26 16 8 17 27 4 15 0 25 0 4 0 27 0 19 16 21 0 28 0 8 11 24 20 18 1 28 15 23 21 27 28 18 17 27 26 29 20 24 29 29 9 28 24 25 26 14 13      63000      81000 
4455	2816000	25 18 11 5 17 8 14 22 24 2 7 12 23 4 1 22 12 19 23 9 12 3 25 23 2 18 10 6 29 22 20 3 14 27 21 23 26 24 8 17 22 22 3 0 25 0 4 0 27 0 19 16 21 26 28 21 7 23 11 20 10 1 23 15 24 21 27 28 28 17 27 26 29 19 14 29 29 9 28 6 25 26 24 13      57000      81000 
4554	2612000	5 16 6 11 7 18 14 3 23 8 9 12 10 29 2 15 26 19 3 22 7 11 25 24 25 27 10 22 0 16 17 29 26 24 17 3 14 9 8 24 3 13 28 0 25 0 4 0 27 0 19 0 21 0 28 19 7 23 24 20 18 1 23 15 28 20 27 28 28 17 27 26 29 19 24 21 29 14 28 24 25 26 14 13      63000      72000 
5049	2550000	2 15 27 11 2 14 19 17 11 8 16 9 5 7 0 10 26 19 18 22 12 0 25 0 24 27 0 22 8 22 6 3 28 20 17 23 26 24 8 24 27 13 3 0 25 0 4 0 27 0 0 16 17 26 28 21 7 26 24 26 10 1 27 15 23 21 27 28 23 17 28 26 29 20 14 29 29 9 28 24 25 26 29 13      81000      54000 
0	9940000	5 8 10 14 28 0 0 0 0 0 0 0 0 0 0 0 0 0 0 0 0 0 0 0 0 0 0 0 0 0 0 0 0 0 0 0 0 0 0 0 1 0 11 0 17 0 21 0 3 0 4 0 12 0 23 25 24 2 27 2 29 2 9 9 6 9 15 9 18 9 13 9 13 13 7 13 16 13 20 13 22 13 26 13      70000          0 
99	9576000	4 7 6 7 7 22 2 0 0 0 26 0 7 0 26 0 26 0 0 0 0 0 0 0 0 0 0 0 0 0 26 0 0 0 0 0 0 0 0 0 3 0 1 0 16 0 12 0 25 0 29 0 2 0 14 2 8 21 27 0 23 2 9 9 24 9 9 9 15 9 10 17 13 20 13 13 18 13 19 9 26 28 11 26      46000          0 
198	9220000	13 11 3 19 20 21 24 0 29 0 8 0 29 0 9 0 23 0 1 0 17 0 28 0 0 0 0 0 27 0 0 0 0 0 0 0 0 0 0 0 4 0 0 0 6 2 1 0 0 0 29 0 10 14 7 0 29 0 28 2 23 2 2 23 26 9 25 9 9 9 5 9 15 12 8 14 12 9 15 22 14 28 16 29      70000          0 
297	9120000	6 4 22 15 20 18 16 3 21 0 29 0 10 28 0 0 0 0 0 0 0 0 0 0 4 0 25 0 0 0 0 0 0 0 0 0 5 0 0 0 0 0 0 0 0 0 27 0 7 0 28 0 1 0 18 0 2 11 8 8 23 2 24 22 29 17 12 2 9 9 26 9 19 13 20 9 8 13 14 29 22 9 26 13     207000      81000 
396	9074000	6 4 22 15 20 18 16 3 21 0 0 0 10 28 0 0 0 0 0 0 0 0 0 0 4 0 25 24 0 0 0 0 0 0 0 0 5 0 0 0 0 0 0 0 0 0 27 0 7 0 28 0 1 0 18 0 2 11 8 8 23 2 24 22 29 17 12 2 9 9 26 9 19 13 20 9 8 13 14 29 22 9 26 13     207000      81000 
495	8940000	14 4 27 17 22 18 12 0 29 0 29 0 10 28 0 0 0 0 0 0 0 0 0 29 0 0 25 0 20 0 0 0 29 0 0 0 5 0 0 0 3 0 11 0 0 0 24 0 25 0 19 0 1 0 18 0 2 2 28 8 23 2 15 9 29 3 16 2 9 2 26 2 7 21 22 18 8 13 28 13 27 13 23 13      70000          0 
792	8456000	12 8 24 1 20 9 17 4 14 19 3 17 0 12 5 0 27 22 0 0 0 0 0 0 0 18 8 0 0 0 0 0 0 0 0 0 21 0 0 0 23 0 11 0 0 0 10 0 7 0 0 0 21 0 18 0 18 2 16 0 23 22 15 9 29 0 25 14 9 29 11 9 7 6 22 9 13 9 28 9 19 28 26 22     207000      63000 
891	6046000	6 4 19 20 15 17 12 7 5 11 4 10 0 0 0 0 24 0 14 0 0 29 28 0 18 14 27 0 0 26 0 0 0 0 3 6 0 0 0 0 23 0 0 0 26 0 4 0 0 0 2 0 0 0 12 11 24 16 27 0 23 24 9 11 23 23 25 9 25 7 1 27 19 8 14 29 22 29 4 13 21 9 28 25     126000      90000 
1188	3850084	26 18 19 17 26 22 27 1 24 11 12 5 12 28 28 10 17 21 14 8 0 16 0 23 0 0 25 0 0 6 0 0 0 0 0 18 18 0 0 0 0 0 11 0 0 0 0 0 29 0 24 29 11 0 4 25 24 21 26 8 7 16 28 3 5 9 25 2 9 20 11 11 19 9 27 13 16 13 28 13 27 9 15 25     102000     150000 
1584	3546000	10 5 24 19 25 8 17 14 15 26 7 1 3 15 0 15 25 0 11 5 27 27 2 0 16 0 12 19 0 28 21 0 0 0 0 4 6 0 14 2 3 12 13 0 26 0 25 0 29 0 24 0 21 0 10 21 29 0 28 1 29 24 8 3 23 0 22 2 23 20 26 16 16 9 20 20 5 29 18 13 27 9 28 13      94500      63000 
2079	3352000	8 8 7 20 26 15 27 16 19 3 10 1 17 12 24 0 26 0 14 13 0 25 28 9 0 0 6 19 5 24 22 0 0 0 27 4 28 27 29 0 0 0 28 0 0 0 0 0 0 0 29 0 21 12 18 0 11 21 24 1 25 12 15 4 16 0 26 2 23 25 29 12 19 19 10 20 23 29 28 9 19 18 21 13      90000      63000 
2673	3209000	10 8 15 19 11 4 21 3 19 11 2 27 9 24 24 15 3 4 1 8 5 22 14 17 0 0 6 19 27 24 12 16 0 0 27 17 28 27 15 22 13 0 28 0 26 0 25 0 6 0 29 12 21 0 18 0 20 27 27 8 23 24 28 11 29 0 25 28 23 25 26 10 7 6 10 16 8 29 28 20 19 18 17 25     103500      45000 
3663	2892500	6 16 26 19 22 5 2 10 13 3 3 29 5 15 24 23 24 20 8 13 19 4 14 23 26 16 1 7 0 24 9 0 28 25 27 10 18 20 23 0 25 0 21 0 0 0 10 0 12 0 11 29 21 0 18 4 20 0 20 1 29 24 15 14 17 0 16 28 25 25 29 11 19 5 7 16 23 29 28 9 27 18 26 25     110250      31500 
4851	2618000	15 2 14 20 22 20 6 15 18 26 13 2 6 6 24 11 25 20 1 5 19 4 14 2 10 16 21 7 8 24 22 16 13 3 18 17 18 27 12 28 26 0 21 0 0 0 10 0 12 0 9 29 26 0 22 0 24 0 27 1 23 24 24 3 29 25 28 14 23 25 29 11 17 19 27 16 23 29 28 14 27 28 26 25      72000      63000 
0	9920000	4 5 6 10 14 21 23 24 28 0 0 0 0 0 0 0 0 0 0 0 0 0 0 0 0 0 0 0 0 0 0 0 0 0 0 0 0 0 1 0 3 0 12 0 27 0 29 0 2 0 15 2 16 2 22 2 9 2 9 2 9 9 9 9 11 9 18 9 20 9 25 9 13 9 13 13 7 13 8 13 17 13 26 13      70000          0 
99	9650000	4 6 14 11 25 15 27 7 20 22 29 0 0 0 0 0 0 0 28 0 0 0 27 0 28 0 0 0 28 0 22 0 0 0 0 0 0 0 0 0 0 0 0 0 14 0 18 0 0 5 5 0 0 0 16 0 9 23 21 2 10 2 12 28 17 2 28 2 3 1 1 8 5 13 13 26 27 13 13 13 27 13 19 13      57500          0 
198	9380000	1 7 21 28 0 0 9 0 25 0 19 0 25 0 9 0 25 0 0 0 0 0 0 0 0 0 2 0 13 0 0 0 19 0 0 0 0 0 19 0 25 0 8 0 22 0 8 0 16 0 24 25 14 26 2 0 11 0 3 0 23 2 15 29 27 2 25 19 5 9 10 2 15 13 13 9 20 9 4 15 12 13 18 13      46000          0 
396	8980000	16 10 8 23 23 0 24 28 24 0 13 6 27 4 27 0 11 0 15 6 24 0 27 0 0 0 0 0 0 0 13 0 10 0 25 0 4 0 1 17 0 0 0 0 21 0 5 0 0 0 0 2 2 0 23 0 3 2 9 0 14 10 24 5 17 9 6 29 12 9 6 4 17 9 20 18 7 27 22 23 26 13 16 28      70000          0 
495	7490000	17 7 11 10 3 8 29 20 29 4 0 0 0 26 8 0 0 0 24 0 0 0 0 0 29 0 0 0 25 0 3 0 0 0 0 0 0 0 1 0 0 0 0 0 0 0 24 0 27 0 18 0 28 26 1 28 2 25 9 0 14 22 24 0 19 27 5 9 9 22 21 9 15 9 6 13 12 23 7 16 12 13 27 13     102000     150000 
792	5063000	6 14 8 3 15 6 29 6 23 6 11 0 25 0 0 0 9 0 0 0 23 0 21 26 0 29 0 0 17 0 0 0 27 0 28 0 0 0 0 17 0 0 15 0 0 0 24 0 0 0 11 0 1 26 27 22 4 2 11 24 7 25 10 0 15 18 28 12 20 29 27 24 15 28 19 29 29 25 5 28 20 13 16 13      90000     103500 
891	4470000	6 14 8 3 15 6 29 6 23 6 29 0 25 26 0 0 9 0 0 0 23 0 21 26 0 24 0 0 17 0 0 0 27 0 28 0 0 0 0 17 0 0 15 0 0 0 24 0 0 0 11 0 1 26 27 22 4 2 11 24 7 25 10 0 15 18 28 12 20 29 27 24 15 28 19 29 29 25 5 28 20 13 16 13      90000      90000 
1287	3850084	20 11 26 29 14 3 17 29 6 23 18 12 11 29 0 0 0 0 0 0 6 15 4 26 6 22 28 12 1 0 28 0 26 0 0 0 0 0 0 0 0 7 5 0 8 0 24 0 28 0 25 18 10 27 22 11 4 10 12 2 17 9 19 2 23 12 9 0 5 17 27 9 17 28 21 3 24 25 8 9 20 13 16 13     113666      93333 
1881	3730000	16 1 29 2 26 29 5 8 13 10 29 26 25 23 26 0 0 0 23 9 23 28 0 29 6 24 17 0 0 0 11 0 21 0 6 0 23 7 0 0 29 24 0 0 18 0 24 0 27 0 18 0 21 27 25 5 4 6 3 2 14 2 12 0 22 12 28 9 5 29 27 3 15 28 19 29 20 25 5 23 15 28 17 23      90000      72000 
1980	3726000	19 3 23 21 15 8 7 6 10 7 19 2 25 26 22 0 23 0 0 0 23 14 0 4 29 24 28 0 0 0 28 26 12 29 22 1 26 0 17 0 0 19 0 0 0 0 24 0 28 0 29 18 7 27 25 27 20 15 9 24 7 17 12 7 21 2 28 0 5 11 27 24 17 20 21 26 21 25 26 6 15 29 16 13      81000      81000 
2277	3378000	19 20 29 21 15 18 28 29 10 10 19 2 1 26 4 0 0 0 0 0 24 29 16 0 11 24 17 0 1 11 11 0 12 29 6 15 26 7 23 22 1 19 0 0 5 0 24 0 28 0 29 0 7 27 25 27 4 14 11 2 25 17 10 0 21 2 28 9 20 10 27 9 8 28 23 3 1 25 26 22 25 27 16 13      72000      81000 
2970	3344000	15 8 10 5 4 27 28 13 10 10 19 27 1 29 12 12 12 0 0 0 7 29 15 23 29 24 10 1 21 9 16 0 26 0 22 0 26 3 23 25 6 0 29 0 20 0 24 0 18 0 7 0 14 27 25 22 20 14 11 2 25 25 12 0 17 2 28 9 22 10 27 9 26 28 23 26 24 23 5 18 25 28 16 13      90000      63000 
3069	3193000	10 14 9 3 21 26 28 29 23 10 17 2 5 29 27 9 8 15 3 0 24 6 13 29 0 14 26 0 1 3 0 0 12 29 2 0 1 7 22 22 6 7 15 0 18 0 24 0 18 0 18 18 28 27 23 27 4 22 11 1 16 25 10 0 15 12 28 0 20 29 27 9 15 28 19 26 24 25 26 9 25 29 29 23      90000      58500 
4059	2982000	25 3 7 24 29 10 8 29 7 18 0 22 24 29 11 16 12 10 21 0 24 23 13 0 19 5 6 5 0 20 18 1 26 20 12 0 24 7 24 29 1 7 15 0 4 0 24 0 28 17 18 18 28 27 27 27 4 22 11 24 19 17 19 18 14 2 28 0 23 29 27 9 15 28 21 26 27 25 26 9 25 29 16 23      81000      63000 
4158	2962000	17 12 8 8 5 26 4 2 3 10 23 22 24 10 26 19 29 14 4 0 24 18 21 23 29 5 17 0 1 11 16 0 16 20 27 15 6 7 24 27 6 21 15 0 0 0 24 0 28 0 29 0 28 27 25 27 4 6 11 24 25 25 10 0 21 2 28 3 5 29 27 9 15 28 28 26 24 25 26 19 25 27 29 13      54000      90000 
4752	2656000	10 12 14 3 6 4 26 14 14 14 23 17 3 29 9 10 21 14 4 10 21 1 13 13 29 8 17 0 22 11 16 23 0 18 27 15 22 6 29 29 29 12 15 0 24 0 24 0 28 0 18 0 28 27 16 27 4 6 11 24 25 25 19 20 17 2 28 7 5 29 27 9 15 28 20 26 29 25 26 19 25 27 27 23      72000      63000 
4950	2580000	10 12 14 3 6 4 26 14 14 14 23 17 3 29 9 10 21 14 4 10 21 1 13 13 29 8 17 0 22 11 16 23 0 18 27 15 22 6 29 29 29 12 15 0 24 0 24 0 28 0 18 0 28 27 16 27 24 6 11 24 25 25 19 20 17 2 28 7 5 29 27 26 15 28 20 26 29 25 26 19 25 27 27 23      72000      63000 
5346	2578000	3 20 8 3 27 11 4 1 14 18 23 22 12 18 26 6 8 12 19 0 5 23 13 13 28 8 17 0 22 19 7 0 16 20 29 4 6 21 24 29 29 21 15 0 24 0 14 0 28 0 29 0 28 27 11 27 4 22 2 24 25 25 10 20 14 2 28 22 23 29 27 9 15 28 20 26 24 25 26 9 25 27 16 23      81000      54000 
0	9800000	1 12 25 27 29 0 0 0 0 0 0 0 0 0 0 0 0 0 0 0 0 0 0 0 0 0 0 0 0 0 0 0 0 0 0 0 4 0 5 0 8 0 18 0 21 0 24 0 6 0 7 0 17 0 22 0 9 0 10 0 14 0 15 2 16 2 20 2 26 2 13 2 13 9 13 9 3 13 11 13 23 13 28 13      70000          0 
99	9395000	5 11 21 11 8 0 26 0 2 27 27 0 9 0 27 0 0 0 26 0 0 0 0 0 26 0 0 0 0 0 0 0 0 0 0 0 27 0 0 0 0 0 1 0 0 0 25 0 0 0 10 0 6 0 12 0 28 0 18 3 4 29 15 2 26 2 24 7 23 9 11 9 20 9 13 9 13 13 16 13 27 13 19 13      57500          0 
297	9180000	8 6 27 29 10 17 27 0 26 0 17 0 29 0 29 0 15 0 29 24 0 0 0 0 1 0 26 0 0 0 0 0 12 0 0 29 29 0 10 0 0 0 2 0 21 0 0 0 0 0 26 0 5 0 18 0 3 22 4 27 7 9 13 23 28 20 9 19 14 9 27 9 9 9 11 9 12 13 25 13 14 13 14 26      70000          0 
396	9140000	8 6 27 29 10 17 27 0 26 0 17 0 29 0 29 0 15 0 29 24 0 0 0 0 1 0 26 0 0 0 15 0 12 0 0 29 29 0 10 0 0 0 2 0 21 0 0 0 0 0 26 0 5 0 18 0 3 22 4 27 7 9 13 23 28 20 9 19 14 9 27 9 9 9 11 9 12 13 25 13 14 13 14 26      70000          0 
495	9046000	25 15 1 16 20 18 21 20 10 6 24 12 0 0 27 0 7 0 0 0 0 0 27 0 0 0 0 0 23 0 0 20 0 0 24 0 0 0 4 28 0 0 22 0 0 0 17 0 26 0 20 0 28 0 24 0 11 0 14 5 14 6 8 2 3 2 28 2 26 9 6 9 29 9 8 9 29 13 28 13 19 13 28 13     207000      81000 
594	8388000	15 6 23 6 18 20 9 0 28 12 12 0 0 0 26 0 0 0 0 0 7 0 27 14 0 0 13 0 0 0 25 0 0 0 0 0 29 0 0 0 4 13 28 0 0 0 24 0 1 0 5 0 6 0 19 0 8 0 11 3 11 11 16 9 22 14 21 1 10 29 20 2 21 9 3 9 1 11 20 13 17 13 29 13     207000      63000 
693	6082000	5 26 16 11 29 15 23 22 26 14 28 0 0 0 23 0 12 0 7 0 0 0 0 0 24 0 29 0 0 0 0 0 24 7 0 12 0 0 25 2 18 25 0 0 0 0 5 0 1 0 14 0 0 0 14 0 20 0 4 3 24 6 21 23 27 6 17 2 27 8 3 9 9 9 3 9 25 13 10 20 19 13 28 13     126000      90000 
792	5684000	19 26 16 15 11 4 27 21 10 28 28 17 0 0 29 0 0 18 20 24 0 0 22 0 0 0 15 0 0 12 0 0 0 7 0 0 29 12 28 2 0 0 17 0 25 0 26 0 17 0 0 0 1 22 23 0 18 11 14 0 17 6 5 3 16 2 21 2 21 24 11 9 8 21 11 27 27 13 25 13 14 24 20 13     135000      72000 
990	5652000	25 20 29 24 1 27 10 0 5 29 2 0 0 0 22 26 12 0 23 0 20 0 0 0 0 0 1 0 7 0 0 0 0 0 0 0 29 27 0 0 23 24 18 0 21 0 18 0 28 0 1 0 29 0 17 0 16 0 11 8 27 0 5 9 4 28 3 19 10 6 6 9 21 9 26 14 3 13 20 25 15 13 28 27      92000     115000 
1188	4773000	28 10 16 5 3 8 7 18 1 23 25 0 0 16 29 0 24 0 20 0 0 0 26 0 1 29 26 0 0 0 3 26 0 0 0 0 27 0 0 12 29 0 1 0 0 0 0 0 28 0 11 0 17 0 24 0 18 0 19 3 7 26 21 9 9 18 10 19 6 15 20 9 22 2 14 23 27 4 16 20 25 10 28 13     103500      81000 
1683	4755000	8 10 4 29 21 20 20 0 24 19 28 17 28 4 29 0 4 10 16 7 0 0 0 0 0 0 15 19 27 0 0 0 0 0 0 8 27 18 29 0 0 10 17 0 7 0 0 0 25 0 29 0 13 0 24 0 23 0 3 5 23 1 29 12 9 2 28 19 6 28 26 9 22 28 11 2 11 13 26 25 25 13 14 13     103500      81000 
1980	3850084	7 20 29 5 16 1 14 5 28 23 8 3 15 19 25 0 24 27 16 24 6 0 0 0 12 20 14 0 0 0 0 0 0 0 0 0 29 0 0 0 3 0 6 0 23 0 0 0 29 0 7 0 10 0 2 17 16 0 26 26 7 15 2 17 25 18 3 17 6 21 20 9 22 2 11 27 21 4 26 28 25 13 28 18      93333     113666 
2574	3782000	27 3 25 1 16 17 6 5 10 10 24 20 1 14 18 8 16 26 23 1 0 0 7 16 21 0 26 19 12 12 29 12 0 0 0 0 27 24 17 0 2 28 15 0 23 0 25 0 23 0 11 0 4 0 17 0 1 0 21 0 19 15 18 17 9 20 15 8 24 28 22 29 22 29 1 27 11 25 26 13 8 10 28 13      72000      90000 
2673	3708000	27 20 23 11 28 20 14 5 24 22 1 19 3 7 21 16 24 26 0 5 25 21 28 15 0 0 16 0 9 12 29 26 0 0 0 29 27 3 0 0 0 18 28 0 23 0 25 0 18 0 29 0 8 0 17 0 18 0 10 0 24 5 29 9 20 20 26 8 6 17 26 9 22 2 27 27 25 4 26 20 25 19 28 13      81000      81000 
2970	3690000	27 13 23 19 28 7 14 9 24 22 12 19 3 17 21 5 24 19 2 29 4 21 28 15 8 16 20 0 27 12 29 27 11 0 0 29 19 10 0 21 21 18 28 0 25 0 25 0 18 0 29 0 11 0 24 0 18 0 26 0 24 15 29 15 20 20 26 1 6 17 26 29 22 29 27 23 27 21 26 20 25 19 28 13      81000      81000 
3168	3424000	18 12 16 6 21 1 14 27 11 22 28 4 7 0 6 13 24 14 26 29 19 21 20 15 2 0 3 0 0 5 22 27 17 0 25 0 19 5 0 12 0 5 28 0 0 0 27 0 28 0 29 0 17 0 24 0 23 0 26 20 24 0 29 9 20 5 3 14 23 16 26 29 22 2 27 9 25 4 25 28 8 10 28 18      72000      81000 
3267	3030000	27 8 12 16 9 14 6 13 13 19 0 12 7 7 4 0 24 27 26 5 25 21 28 15 28 0 26 0 6 3 29 7 23 1 25 29 27 0 4 17 3 29 13 0 23 0 25 0 29 0 29 0 23 0 17 0 23 12 26 5 24 11 2 15 20 28 28 5 24 17 26 19 22 2 27 9 25 22 24 20 25 10 20 18      54000      90000 
4455	2946000	16 28 15 29 13 24 6 21 13 19 1 9 7 28 15 28 24 27 3 5 4 21 3 15 17 1 12 18 6 29 3 7 27 4 0 7 27 14 16 4 28 29 11 0 0 0 7 0 28 0 29 0 23 0 24 0 23 0 26 3 24 11 14 8 5 25 26 5 26 17 26 19 22 2 27 23 25 22 25 20 25 10 20 18      72000      72000 
5049	2632000	28 6 20 29 9 16 28 16 15 13 3 17 13 12 24 8 24 19 28 5 14 4 3 15 21 0 6 14 21 12 17 7 27 1 18 29 22 16 27 6 2 8 17 0 0 0 25 0 28 0 29 0 11 0 19 0 23 0 26 0 24 11 14 15 12 25 26 5 26 10 26 29 22 2 27 23 27 25 24 1 25 10 20 18      72000      63000 
5742	2464000	28 2 20 5 3 19 6 16 25 3 13 10 17 28 27 7 13 24 22 15 4 2 29 18 10 9 12 15 21 29 17 7 23 1 0 6 18 16 27 9 28 8 13 0 20 0 7 0 28 0 29 0 11 0 19 18 23 0 26 5 24 0 14 7 8 14 26 5 24 17 26 29 5 2 27 23 27 25 25 1 25 19 28 13      90000      40500 
0	9820000	5 10 15 16 20 21 29 0 0 0 9 0 0 0 13 0 0 0 13 0 0 0 9 0 0 0 2 0 9 0 0 0 0 0 0 0 0 0 1 0 12 0 14 0 23 0 28 0 2 0 2 2 3 2 18 2 13 2 4 2 6 2 7 25 8 9 11 9 17 9 22 9 26 27 19 13 19 13 19 13 19 13 19 13      30000          0 
198	9780000	10 23 1 0 18 26 27 20 0 0 0 0 0 0 0 0 0 0 13 0 0 0 29 0 0 0 0 0 9 0 0 0 0 0 0 0 0 0 0 0 0 0 0 0 11 0 3 0 17 0 24 2 29 0 28 0 2 0 4 0 9 9 13 2 14 12 20 9 21 9 25 9 15 21 7 13 16 13 5 13 22 13 19 13      70000          0 
297	9480000	2 12 14 28 4 24 13 0 26 0 9 0 0 0 0 0 0 0 0 0 0 0 0 0 0 0 0 0 28 22 20 0 24 0 24 0 6 0 11 0 0 0 5 0 6 0 3 0 5 0 26 17 25 6 11 25 29 16 18 2 27 2 21 22 23 9 3 2 15 2 1 12 8 9 8 2 19 13 7 13 19 13 18 13      50000          0 
396	9420000	3 20 17 6 17 21 8 15 2 0 24 0 24 0 10 0 26 0 0 0 0 0 21 0 0 0 0 0 22 0 0 0 0 0 0 0 0 0 5 0 0 0 0 0 0 0 0 0 26 0 25 0 7 10 16 0 11 4 27 2 18 0 21 1 10 2 12 2 29 2 13 19 26 21 14 25 24 13 27 11 28 13 23 13      70000          0 
495	9320000	9 8 24 6 11 29 15 0 10 0 0 0 28 0 0 0 0 0 0 0 28 0 0 0 0 0 0 0 22 11 0 2 25 0 1 22 0 0 5 24 5 0 0 0 22 0 27 0 26 0 25 0 24 28 12 3 6 4 27 2 21 1 5 1 17 2 2 2 7 2 13 14 18 20 27 25 25 13 23 11 19 13 25 13      70000          0 
594	8632000	20 7 10 11 17 11 16 0 6 5 0 0 0 0 15 0 0 0 22 0 0 0 0 0 0 0 8 0 25 0 27 0 0 14 0 0 0 0 0 0 0 0 0 0 18 0 19 0 26 0 23 25 1 0 22 3 4 26 21 28 29 2 13 29 14 0 21 22 12 6 22 12 24 9 24 10 8 7 6 28 28 13 19 23     207000      72000 
693	7490000	22 7 24 0 5 0 24 6 25 17 0 0 29 0 11 0 0 0 9 0 4 0 0 0 0 0 0 0 28 0 0 24 25 0 0 0 0 17 0 0 17 0 0 3 16 0 27 0 26 0 25 0 5 21 12 8 29 27 25 28 20 19 10 1 17 2 2 2 12 2 15 14 18 0 23 25 24 13 27 11 26 13 27 13     152000     100000 
990	6360000	23 7 20 7 11 8 1 14 10 26 21 0 25 0 3 0 12 0 4 0 11 0 0 0 0 0 16 0 0 0 27 0 25 8 15 0 0 20 29 0 0 0 0 0 26 0 6 0 28 0 0 0 5 0 8 25 28 17 11 28 6 21 14 29 14 2 29 2 15 22 18 9 24 20 24 12 27 13 29 28 6 13 19 13     135000      90000 
1089	5043000	27 3 18 1 11 29 0 7 8 17 21 0 20 0 10 0 0 0 0 0 15 0 20 0 9 0 16 0 25 24 29 0 25 26 0 14 0 20 0 0 0 28 23 0 22 0 0 0 26 0 27 0 29 28 21 24 4 27 21 28 7 2 5 2 14 9 23 2 12 2 28 25 12 20 6 19 23 26 9 13 19 13 18 13      90000     103500 
1287	4699000	3 6 24 15 20 29 15 7 20 25 21 18 4 0 13 0 26 0 29 4 11 0 0 0 0 0 0 0 21 5 0 17 27 0 15 0 27 0 0 21 1 0 8 0 26 0 19 0 26 0 12 3 15 0 23 25 29 10 27 28 24 19 5 9 17 4 29 23 17 2 28 17 10 9 22 9 25 16 23 13 28 13 25 14     103500      81000 
1386	4663000	24 17 16 18 11 14 26 7 10 16 6 13 29 0 2 0 0 0 7 0 19 0 22 0 3 12 0 0 25 9 27 0 25 0 29 0 27 17 28 0 4 0 15 25 0 0 12 0 26 0 21 0 29 12 0 27 29 21 7 28 1 9 9 1 23 0 23 24 29 1 17 8 20 9 24 12 7 3 5 13 28 13 18 13     103500      81000 
1584	3850084	5 17 20 14 6 20 15 2 12 23 16 0 7 0 26 9 17 0 0 18 0 0 21 0 0 0 1 0 25 0 29 0 8 0 0 0 0 0 24 0 4 0 15 0 22 0 0 0 20 0 23 0 29 19 22 0 4 27 13 28 10 2 3 28 17 0 29 24 17 1 15 25 20 9 4 19 25 28 27 11 26 13 19 13     113666      93333 
1683	3708000	4 20 21 15 25 21 15 29 6 25 19 5 7 1 0 0 3 27 14 0 11 0 14 20 24 23 0 29 6 0 26 0 25 0 0 27 0 0 7 13 11 22 0 0 18 0 19 0 26 0 8 3 26 0 20 0 29 21 23 12 24 16 22 9 17 4 23 2 29 26 28 16 10 20 24 19 27 28 29 28 28 4 19 14      81000      81000 
2574	3690000	25 20 16 15 7 15 17 1 6 22 16 18 10 3 3 19 8 27 29 0 5 1 28 20 24 0 21 0 28 1 9 5 24 0 0 0 27 15 11 0 4 0 0 0 25 0 19 0 26 0 12 3 20 15 20 0 29 21 27 12 10 23 18 6 22 4 23 2 29 26 28 14 25 0 24 19 26 7 29 13 28 4 25 14      81000      81000 
2871	2966000	6 20 28 26 20 15 12 4 14 16 23 9 26 1 26 0 24 18 16 3 0 9 0 0 24 11 21 25 12 14 27 0 25 29 29 27 23 17 8 21 0 0 5 0 27 0 0 0 26 0 25 0 29 21 20 25 29 19 27 28 10 0 22 16 17 6 23 2 29 9 28 7 10 0 24 22 25 24 8 28 28 14 19 13      63000      81000 
3168	2948000	6 20 28 26 20 15 12 4 14 16 23 9 26 1 26 0 24 18 16 3 0 9 0 0 24 11 21 25 12 14 27 0 25 29 29 27 23 17 8 15 0 0 5 0 27 0 0 0 26 0 25 0 29 21 20 25 29 19 27 28 10 0 22 16 17 6 23 2 29 9 28 7 10 0 24 22 25 24 8 28 28 14 19 13      63000      81000 
3762	2330000	6 20 28 26 20 15 12 4 14 16 23 9 26 1 26 0 24 18 5 3 0 9 0 0 24 11 21 25 12 14 27 0 25 29 29 27 23 17 8 15 0 0 5 0 27 0 0 0 26 0 25 0 29 21 20 25 29 19 27 28 10 0 22 16 17 6 23 2 29 9 28 7 10 0 24 22 25 24 8 28 28 14 19 13      45000      81000 
0	10000000	1 5 14 20 27 0 2 0 2 0 13 0 13 0 0 0 0 0 0 0 0 0 0 0 0 0 19 0 0 0 0 0 0 0 0 0 0 0 0 0 0 0 0 0 0 0 10 0 15 17 18 28 4 2 12 2 16 2 23 2 24 29 9 9 9 9 13 9 7 9 8 9 3 9 11 9 21 22 25 26 19 13 19 13      35000          0 
99	9700000	5 6 14 16 18 22 25 0 0 0 22 0 0 0 9 0 0 0 0 0 0 0 0 0 9 0 0 0 0 0 0 0 22 0 0 0 0 0 0 0 0 0 4 0 10 0 11 0 24 0 2 0 13 0 2 2 3 2 12 2 20 2 26 2 28 2 1 2 15 9 17 9 21 9 23 9 27 29 13 13 7 13 8 13      60000          0 
297	9436000	11 26 18 22 23 0 3 0 0 0 13 0 0 0 0 0 0 0 0 0 25 0 0 0 0 0 0 0 9 0 0 0 1 0 0 0 0 0 0 0 5 0 12 0 23 0 0 24 2 0 2 0 16 27 7 0 20 2 8 25 2 29 6 29 11 24 10 9 11 9 20 21 28 9 4 9 17 28 15 14 19 13 15 13      90000     207000 
396	9280000	5 19 25 20 23 8 11 17 24 0 26 0 28 0 25 0 23 0 0 0 13 0 0 0 0 0 0 0 0 0 7 0 0 0 0 0 0 0 15 0 0 0 0 0 28 0 0 24 1 0 1 7 3 16 10 23 27 0 25 29 4 2 16 0 6 0 9 9 28 9 20 2 12 9 4 9 28 13 22 24 14 13 18 13      70000          0 
693	8900000	27 26 12 22 5 26 28 11 22 0 28 23 21 9 26 0 10 0 21 0 17 0 18 0 24 0 9 0 0 0 0 0 6 0 0 0 0 0 0 0 28 0 3 0 20 25 0 0 8 0 16 0 22 7 14 0 0 0 2 25 24 2 24 0 13 28 26 9 26 9 27 9 19 9 4 9 15 29 15 13 19 22 19 13      70000          0 
792	6983000	11 14 29 11 18 24 12 11 26 7 15 0 28 0 18 0 10 0 0 12 21 0 0 0 17 0 9 0 0 0 0 0 0 0 3 0 0 15 0 0 1 0 0 0 28 0 18 24 26 0 1 0 20 16 27 0 15 2 25 2 1 2 23 2 6 25 20 9 27 25 25 9 22 9 4 9 5 20 22 8 19 13 29 13     135000     103500 
990	6420000	5 22 24 19 5 1 28 17 23 17 26 0 7 27 20 0 10 0 0 12 3 0 0 0 14 0 0 0 10 0 0 0 0 0 29 9 20 24 0 0 0 0 0 0 20 0 0 0 27 11 16 0 16 16 2 0 4 0 25 18 24 14 10 25 21 25 26 2 8 25 6 9 15 9 29 8 28 13 15 14 14 13 25 13     135000      90000 
1089	5728000	5 25 29 20 15 22 8 0 0 17 26 0 28 0 4 0 21 0 18 23 0 0 26 0 7 0 15 25 0 0 27 0 0 0 0 0 0 0 15 0 0 0 20 0 0 0 14 0 19 0 12 15 22 0 14 23 3 0 29 22 10 29 24 2 6 0 9 23 27 6 14 9 19 28 1 28 11 13 22 24 14 28 16 11     103500     103500 
1188	5606000	5 26 29 19 4 1 26 17 23 0 29 2 10 18 3 17 10 8 22 7 0 0 0 0 14 0 21 0 10 0 0 0 2 0 1 0 20 24 0 0 0 27 0 0 27 0 0 24 0 0 12 28 15 16 7 24 4 0 25 3 10 14 16 2 21 6 26 23 28 9 6 9 25 5 1 11 28 29 21 13 14 28 29 13     115000      92000 
1287	5043000	2 25 5 8 14 27 8 0 0 7 11 0 28 0 24 0 8 0 1 0 3 0 26 0 17 0 15 0 0 0 0 0 5 0 29 0 0 0 0 0 0 0 20 0 0 0 0 24 19 0 18 15 4 7 14 23 20 24 25 25 10 29 10 12 6 0 26 23 27 22 29 9 21 28 15 19 11 23 28 13 27 13 16 13     103500      90000 
1584	4490000	25 13 5 19 4 27 8 15 12 3 27 0 28 26 24 0 17 0 29 23 25 0 7 11 26 0 8 0 3 0 0 0 0 7 16 0 0 1 25 15 0 0 0 0 0 0 0 0 4 0 1 0 12 10 3 23 25 18 29 14 10 16 24 2 21 0 26 23 22 20 27 9 28 9 4 9 1 28 6 24 19 28 29 10      90000      90000 
1683	4126000	29 4 29 6 5 27 18 0 4 8 27 20 29 27 20 0 11 0 0 0 25 0 26 0 26 0 0 0 0 17 0 0 0 7 16 0 0 26 7 15 0 0 0 0 0 0 0 24 1 7 21 7 12 13 14 24 25 0 25 23 3 21 24 2 20 23 26 23 10 9 22 9 28 9 29 9 28 8 28 24 19 28 29 10      90000      81000 
2079	3850084	29 6 5 11 5 19 8 29 23 22 21 0 26 26 3 0 17 21 13 27 7 0 18 0 14 12 0 0 20 0 27 0 21 0 18 20 20 24 0 28 0 0 29 0 0 0 0 0 20 13 17 15 22 8 14 0 4 4 25 26 1 16 10 0 12 2 26 23 10 24 29 9 25 28 1 9 9 20 22 24 22 28 29 13     113666      93333 
2574	3730000	3 5 9 11 24 23 17 11 16 4 26 8 21 26 6 0 27 0 29 27 24 0 23 0 14 0 0 13 12 17 6 0 19 0 29 2 0 0 28 15 0 0 0 0 0 0 0 0 0 7 20 16 15 18 14 24 25 0 25 25 1 16 27 10 6 0 18 23 28 25 26 6 22 16 29 9 28 22 18 1 8 28 29 13      90000      72000 
2673	3710000	2 4 1 17 11 9 8 6 3 4 17 23 26 26 24 0 17 0 5 23 13 8 24 27 21 12 0 0 21 0 27 0 18 12 9 20 23 0 15 0 24 0 29 0 0 0 0 24 20 7 21 28 29 0 14 0 25 3 25 25 16 16 20 0 6 2 26 23 27 20 29 28 25 16 4 9 28 28 22 24 19 28 29 10      90000      72000 
2970	3392000	9 12 16 17 6 23 18 6 7 16 19 27 20 26 3 0 11 0 26 20 21 8 8 0 14 15 0 0 28 17 27 0 5 12 26 0 24 26 0 15 5 0 23 0 27 0 22 24 9 0 21 0 22 1 3 23 13 0 25 25 16 2 21 0 10 2 26 23 27 25 29 6 25 16 4 27 28 20 22 24 29 28 29 29      99000      54000 
3168	3364000	9 4 10 17 5 10 28 11 3 21 26 2 7 26 13 13 17 21 4 0 23 15 23 0 4 0 1 0 20 0 10 0 0 0 18 0 0 0 18 0 22 27 0 0 12 0 22 24 8 0 19 28 29 25 14 22 8 24 25 25 1 19 14 0 6 0 20 23 27 24 26 22 18 16 29 28 28 20 22 24 27 28 29 29      72000      81000 
3366	3310000	13 12 18 8 3 14 10 17 4 28 19 13 26 26 26 0 11 0 5 21 7 12 24 8 14 15 0 0 21 3 27 0 0 17 24 0 0 24 0 28 0 23 21 0 29 0 26 0 8 0 19 16 29 0 3 0 25 0 25 25 1 16 27 2 6 23 26 23 27 20 20 22 19 28 29 9 28 16 22 24 8 15 29 29      81000      72000 
3762	3072000	1 4 12 18 6 12 5 19 7 25 26 10 20 26 19 0 6 20 1 23 10 10 24 27 11 4 14 0 3 0 9 2 29 12 24 20 0 17 11 25 22 0 29 0 0 0 22 24 8 13 21 15 22 8 14 0 7 0 25 25 1 16 27 2 21 23 26 23 27 24 26 22 25 28 29 9 28 20 28 24 27 28 29 14      63000      81000 
4059	2795000	2 8 16 8 6 8 26 5 3 26 12 13 9 17 19 4 11 12 26 7 28 19 26 8 15 11 7 8 21 0 27 0 11 12 24 0 24 0 15 28 5 23 0 0 10 0 22 0 13 18 17 28 29 18 14 0 8 24 25 23 1 19 27 25 6 23 20 23 27 25 18 28 25 16 4 9 28 23 22 24 22 15 29 29     112500      27000 
4158	2580000	1 4 10 5 11 23 29 18 15 9 29 25 24 26 26 22 26 2 16 16 4 25 18 27 6 0 21 8 21 29 27 14 3 6 24 0 24 23 18 13 17 27 0 0 12 0 0 2 8 7 5 15 29 8 14 0 7 24 25 23 1 16 20 25 21 13 26 23 27 25 26 22 19 28 1 9 28 20 28 24 8 28 29 29      90000      45000 
4455	2502000	20 12 11 15 3 16 0 6 7 10 29 2 12 2 15 0 26 12 27 6 23 10 26 18 13 9 7 1 0 3 10 0 0 4 0 2 24 26 0 25 0 28 29 0 10 0 5 0 8 13 17 28 29 18 14 22 8 24 25 23 1 16 27 25 21 23 26 23 27 24 26 22 25 28 4 9 28 16 22 24 19 28 29 29      90000      40500 
4653	2240000	1 12 19 9 11 7 17 11 10 19 17 13 10 26 15 23 19 21 5 16 10 25 18 26 14 0 11 4 21 11 27 2 11 12 24 20 24 26 3 15 0 28 29 0 27 0 22 0 16 0 13 28 25 8 14 22 8 24 25 25 3 16 27 2 6 0 20 23 27 20 26 6 18 28 29 9 28 23 28 24 19 28 29 29      63000      63000 
0	10040000	8 10 15 18 20 22 26 29 0 0 0 0 0 0 0 0 0 0 0 0 0 0 0 0 0 0 0 0 0 0 0 0 0 0 0 0 0 0 0 0 0 0 6 0 25 0 28 0 1 2 3 2 12 2 16 2 24 2 9 9 9 9 11 9 17 9 21 9 23 9 27 9 13 13 13 13 4 13 5 13 7 13 14 13      60000          0 
99	9760000	16 27 14 29 16 18 20 0 0 0 0 0 9 0 17 0 0 0 10 0 0 0 0 0 9 0 1 0 0 0 12 0 0 0 0 0 0 0 11 0 2 0 0 0 3 0 8 6 8 0 2 2 10 2 4 0 5 22 25 9 7 9 9 28 10 2 23 9 16 9 21 9 15 9 13 24 1 13 13 13 13 13 19 13      30000          0 
198	9720000	17 23 18 3 1 6 27 29 23 0 0 0 0 0 25 0 0 0 0 0 23 0 0 0 0 0 0 0 0 0 0 0 0 0 19 0 0 0 0 0 0 0 4 0 6 0 10 0 7 0 5 2 23 0 2 0 11 8 18 22 27 26 4 9 28 9 14 15 24 17 13 18 13 16 21 19 11 13 20 10 19 13 17 13      45000          0 
297	9460000	8 4 28 29 18 19 20 21 29 0 27 0 19 0 0 0 2 0 0 0 0 0 0 0 0 0 0 0 20 0 0 0 0 0 28 0 0 0 0 0 1 0 7 0 0 28 0 0 15 22 3 0 10 0 26 2 9 0 11 25 17 0 24 2 28 9 16 2 17 2 27 9 27 6 4 23 29 13 5 13 4 13 14 13      70000          0 
396	9300000	8 18 15 22 13 19 15 0 29 0 9 0 6 0 0 0 2 0 0 0 23 0 24 0 29 0 16 0 0 0 0 0 0 0 0 0 0 0 0 29 2 0 1 0 7 0 0 17 14 0 3 0 10 0 20 2 26 0 11 0 17 0 24 2 24 24 16 26 25 2 6 9 27 9 4 5 18 18 12 13 17 13 21 14      70000          0 
495	9138000	6 11 16 5 7 22 27 24 4 5 0 12 0 0 0 0 0 0 0 0 21 0 0 0 0 0 0 0 0 0 0 0 0 0 29 0 0 0 0 0 23 0 21 0 0 0 28 0 0 0 0 0 8 0 23 15 3 14 22 18 16 14 9 28 9 17 9 2 24 9 19 10 25 9 13 3 29 20 1 20 6 13 26 13     207000      81000 
693	6943000	6 10 15 20 25 25 15 26 0 0 0 0 9 12 0 0 0 0 0 0 29 0 0 18 0 2 29 0 0 8 29 0 0 24 0 0 19 0 0 0 28 0 5 0 7 0 28 0 0 0 2 2 21 0 6 0 16 0 27 0 11 0 3 28 7 24 1 24 23 20 21 9 29 9 22 17 27 26 15 29 4 11 14 13     135000     103500 
792	5998000	25 25 21 24 28 27 7 25 29 0 0 4 1 7 0 0 5 0 0 0 0 29 17 0 10 0 29 0 8 0 26 0 26 0 0 0 0 0 0 0 29 11 3 0 0 0 0 0 14 0 16 0 24 6 15 0 17 0 2 29 22 14 17 27 9 12 28 18 25 2 27 26 20 9 12 17 28 13 10 29 23 18 19 14     135000      81000 
1089	5622000	19 14 23 7 25 5 5 26 19 16 11 0 5 0 28 0 18 0 0 13 17 18 24 0 24 2 29 0 4 0 24 0 26 0 17 0 0 0 0 0 0 0 5 0 25 0 24 0 3 0 15 0 21 27 15 26 3 14 10 22 8 14 29 28 2 24 1 10 23 9 21 9 1 23 12 14 29 20 28 13 6 9 27 13     115000      92000 
1485	5043000	8 23 26 20 7 15 19 25 19 10 22 0 0 0 14 6 18 29 29 0 0 8 8 8 1 10 0 0 0 8 24 0 0 12 0 0 0 21 0 28 0 11 5 0 7 16 28 0 17 0 4 0 0 25 23 0 12 25 27 29 29 0 3 18 7 2 28 9 24 26 27 26 29 16 6 27 29 9 21 13 23 13 14 13     103500      90000 
1683	4681000	25 9 25 20 7 15 19 17 14 10 4 0 0 0 0 4 0 29 26 13 3 8 24 8 1 11 0 0 0 8 24 0 26 24 0 0 0 29 20 0 14 11 5 0 7 16 28 0 17 0 15 0 0 27 23 22 12 22 27 22 29 0 22 18 28 2 1 10 23 26 27 26 29 26 6 27 1 26 21 27 6 28 6 13     103500      81000 
1782	3850084	8 23 6 24 23 8 15 16 19 18 11 20 0 0 15 0 15 29 26 0 1 29 0 28 7 0 0 0 9 6 0 0 22 3 0 28 21 21 14 0 28 11 5 0 0 0 28 0 19 0 12 25 4 27 6 0 28 20 18 29 28 0 28 2 19 24 15 10 25 9 27 16 11 16 12 17 28 26 21 11 24 11 14 13     113666      93333 
2079	3744000	21 14 9 24 3 10 27 4 19 5 27 3 12 2 0 0 22 1 26 16 0 0 15 0 25 29 0 0 0 0 24 0 22 28 0 8 26 19 17 28 0 11 0 13 7 0 28 0 7 0 12 0 23 5 22 0 29 25 26 29 28 12 29 2 28 24 7 2 23 18 27 26 28 25 20 27 20 26 21 2 6 28 27 13      81000      81000 
2178	3744000	21 14 9 24 21 10 27 4 19 5 20 3 12 2 0 0 22 1 26 16 0 0 15 0 25 29 22 0 0 0 24 21 22 28 0 8 26 19 17 28 0 11 0 13 7 0 28 0 7 0 12 0 23 5 22 0 29 25 26 29 28 12 29 2 28 24 7 2 23 18 27 26 28 25 20 27 20 26 21 2 6 28 27 13      81000      81000 
2475	3742000	28 20 15 23 17 25 27 15 19 5 23 3 4 14 10 0 22 21 6 16 5 15 15 0 25 29 0 0 0 0 3 28 0 13 22 8 0 19 11 0 0 16 0 13 7 0 28 0 7 0 19 0 22 8 26 0 29 0 25 29 24 0 17 2 7 24 1 2 25 18 27 25 26 9 12 27 29 26 28 2 24 28 27 13      72000      90000 
2871	3384000	21 25 7 16 25 15 27 5 19 22 1 0 9 0 8 14 21 13 24 25 5 11 24 0 20 17 22 2 19 20 3 0 26 18 0 23 13 4 20 22 0 0 0 0 0 0 28 0 7 0 19 0 6 27 15 0 29 0 26 23 28 0 29 3 11 29 29 27 23 29 27 26 29 9 12 27 28 10 21 11 24 28 14 13      72000      81000 
3069	3330000	6 19 15 29 7 5 29 9 24 10 3 23 26 2 14 15 23 16 27 12 3 22 14 0 25 17 25 20 22 0 24 0 22 8 27 17 0 22 11 28 0 0 1 0 0 0 28 0 7 0 16 25 23 5 26 0 6 25 26 16 4 0 28 18 11 24 1 3 25 18 27 26 27 21 7 27 29 28 21 29 24 28 27 13      63000      90000 
3168	3320000	21 25 7 17 25 15 10 5 0 22 23 0 9 18 8 14 11 1 24 25 16 14 24 0 20 17 0 2 19 20 24 0 26 18 0 12 26 4 20 28 20 0 0 13 0 0 28 0 6 0 19 0 6 26 15 0 29 0 26 10 9 0 22 3 11 29 29 27 23 26 27 26 29 9 20 27 28 28 21 11 24 21 27 13      81000      72000 
3465	3028000	23 8 5 8 25 21 1 0 19 18 20 9 12 23 29 25 20 1 14 10 3 29 18 17 25 20 0 2 19 0 24 0 0 24 0 15 4 0 17 19 0 0 1 20 22 28 28 0 7 0 12 8 0 26 22 0 6 25 27 16 28 0 29 27 9 4 1 14 24 2 27 26 27 26 29 17 28 28 21 11 23 28 24 13      63000      81000 
4356	2463000	6 1 21 22 5 9 16 19 6 12 5 10 3 23 11 1 12 20 14 10 3 18 2 0 25 20 9 0 0 4 24 15 14 24 0 17 0 23 0 11 24 4 0 0 22 28 28 0 7 0 16 25 23 8 22 0 7 25 26 29 5 0 28 2 21 29 29 9 24 2 4 26 27 26 15 27 29 28 21 27 24 28 27 13      40500      90000 
6336	2406000	6 1 21 22 26 9 16 19 6 12 5 10 3 23 11 1 12 20 14 10 3 18 2 0 25 20 9 0 0 4 24 15 14 24 0 17 0 23 29 11 24 4 0 0 22 28 28 0 7 0 16 25 23 8 22 0 7 25 26 29 5 0 28 2 21 29 29 9 24 2 4 26 27 26 15 27 29 28 21 27 24 28 27 13      40500      90000 
0	9880000	5 10 16 25 0 0 0 0 0 0 0 0 0 0 0 0 0 0 0 0 0 0 0 0 0 0 0 0 0 0 0 0 0 0 0 0 3 0 4 0 6 0 22 0 24 0 26 0 2 0 1 0 8 0 11 0 12 0 7 0 21 0 27 2 29 2 13 2 13 14 17 15 18 13 20 13 23 13 28 13 19 13 19 13      70000          0 
99	9500000	28 16 25 7 23 11 12 0 0 0 26 0 2 0 9 0 0 5 0 0 0 0 26 0 0 0 0 0 0 0 0 0 0 0 0 0 28 0 0 0 0 0 0 0 3 1 6 0 27 0 20 0 0 28 29 10 21 2 19 2 24 9 28 18 14 20 15 9 17 8 22 13 13 13 13 26 26 13 5 13 23 13 28 13      70000          0 
297	9030000	1 6 25 16 18 22 12 0 25 0 0 0 25 0 9 0 29 0 28 29 0 0 0 0 24 0 13 0 23 0 0 0 22 0 22 0 0 0 0 0 0 0 0 0 26 5 0 0 27 0 20 0 0 28 8 0 7 2 4 0 24 9 10 18 24 23 3 9 11 9 14 13 21 19 13 25 15 13 5 13 23 13 28 13      75000          0 
594	6052000	2 17 19 3 16 3 1 16 25 5 0 2 3 7 9 0 28 24 0 0 22 22 0 0 0 0 27 0 12 0 0 0 0 0 0 0 0 2 11 8 0 0 0 0 0 0 29 0 27 0 0 0 0 0 0 7 25 26 23 28 24 6 3 9 20 20 11 25 10 29 21 4 26 21 14 18 28 20 11 15 29 20 24 13     135000      81000 
792	5970000	21 18 17 12 7 29 9 4 7 0 29 0 24 0 27 0 10 0 22 0 0 0 25 27 0 0 28 0 0 0 0 0 0 26 14 16 0 0 0 0 18 8 8 0 24 18 27 0 5 24 15 24 20 0 24 0 4 0 3 25 24 2 1 29 1 20 4 24 18 28 11 9 28 26 6 26 19 25 19 9 23 13 17 13     135000      81000 
891	5682000	26 1 6 12 23 1 27 25 19 17 15 3 10 12 16 21 29 0 8 0 2 0 11 0 20 0 0 0 0 29 0 0 28 0 0 0 0 0 0 23 0 0 18 0 26 5 0 0 27 0 12 0 0 28 21 0 16 1 0 24 24 10 20 22 1 2 14 14 28 2 10 4 7 29 13 9 28 25 13 13 24 21 28 13     103500     103500 
990	4090000	21 18 12 12 29 29 9 4 7 0 29 0 24 0 27 0 10 1 22 0 0 0 25 27 0 0 28 0 0 0 0 0 0 26 14 16 0 0 0 23 18 8 8 0 24 18 27 0 5 24 15 24 20 0 24 0 28 0 3 25 24 2 1 29 1 20 4 24 18 28 11 9 28 26 6 26 19 25 19 9 23 13 17 13      90000      81000 
1584	3298000	21 23 16 12 17 29 18 8 1 0 29 11 2 5 0 0 0 12 22 0 19 0 25 27 24 3 6 7 0 0 0 0 15 26 9 0 0 0 22 23 0 8 0 0 26 18 29 0 5 24 20 24 0 0 4 27 28 0 23 25 24 27 20 29 15 20 14 21 10 28 12 29 28 26 11 28 19 25 19 24 23 13 24 13      81000      69000 
2475	3072000	19 23 9 14 17 4 6 2 1 7 29 26 18 24 6 8 26 22 8 25 19 21 25 0 20 3 6 23 0 3 22 0 0 26 21 7 20 22 28 0 16 23 0 0 15 5 29 0 27 24 15 3 0 0 24 27 28 19 7 28 24 27 10 14 5 20 15 25 14 19 12 29 28 13 11 29 8 25 19 19 23 20 24 13      81000      63000 
2673	3008000	8 23 21 15 23 15 10 16 4 7 29 10 13 12 6 9 29 9 16 12 19 21 25 27 9 3 5 28 28 0 17 0 22 26 29 3 11 0 22 0 11 23 8 0 15 19 14 0 22 24 16 24 14 29 3 27 4 0 4 25 24 27 1 18 25 12 15 2 18 19 26 4 28 26 6 28 24 25 19 27 23 20 28 20      81000      63000 
3465	2836000	17 22 16 15 12 5 3 7 19 2 26 7 13 2 27 19 4 12 16 6 0 21 23 27 24 6 22 7 28 0 25 17 7 18 9 16 11 20 22 27 1 8 0 0 23 0 29 0 27 24 15 24 0 29 21 27 14 26 5 25 24 27 10 18 15 20 14 8 18 29 26 24 21 11 29 29 28 25 28 27 27 20 28 13      72000      67500 
3762	2608000	17 17 16 17 23 5 28 9 19 8 26 6 1 2 6 9 15 12 12 1 0 21 3 14 24 6 22 28 28 0 25 17 7 26 29 16 11 28 22 20 1 8 0 10 23 0 15 0 27 24 19 24 16 29 10 27 4 26 5 25 24 27 10 18 25 20 14 25 18 29 9 29 21 29 11 29 28 25 28 27 23 13 28 13      63000      72000 
3960	2600000	15 18 9 13 8 8 28 23 12 2 23 4 16 17 3 10 29 25 16 12 19 21 1 24 23 10 5 8 28 0 28 7 22 26 14 13 11 13 6 0 13 23 22 0 23 0 29 0 27 6 19 24 0 29 3 27 14 0 5 0 24 27 1 2 15 28 14 14 25 2 11 29 21 26 29 26 24 25 28 9 26 20 28 23      45000      90000 
4257	2046000	17 23 16 23 8 8 10 16 22 21 8 8 2 17 22 12 4 4 11 6 2 24 7 14 4 10 5 7 28 13 24 7 4 5 29 3 11 28 22 8 11 8 29 10 17 19 29 0 27 15 16 24 0 28 14 27 28 26 23 25 24 27 1 18 25 28 1 25 25 29 26 29 21 26 11 26 24 25 19 9 23 20 28 23      31500      90000 
5148	1786800	26 22 9 23 8 4 28 3 22 16 8 4 7 17 12 9 6 12 11 6 15 24 21 24 4 14 19 28 28 17 5 10 7 26 29 3 27 19 22 22 11 1 29 0 23 5 27 0 27 15 16 24 0 29 21 27 28 0 23 25 24 27 10 18 25 20 15 25 18 2 26 29 21 29 11 26 28 25 19 27 23 20 28 13      34200      81000 
0	9920000	5 7 22 26 0 0 0 0 0 0 0 0 0 0 0 0 0 0 0 0 0 0 0 0 0 0 0 0 0 0 0 0 0 0 3 0 4 0 8 0 11 0 1 0 10 0 15 0 9 0 9 0 9 0 6 0 18 0 20 12 23 16 24 9 28 9 13 9 13 9 14 9 17 13 21 13 25 13 27 13 29 13 19 13      70000          0 
99	9700000	28 24 22 16 19 28 9 23 22 0 0 0 28 0 16 16 0 0 0 0 0 0 0 0 0 0 0 0 28 0 3 0 0 0 9 0 0 0 26 0 8 0 0 0 0 0 0 0 0 0 4 0 20 0 2 2 3 0 15 2 7 2 6 2 12 17 17 11 5 28 13 9 13 9 1 13 29 9 21 13 10 13 14 13      60000          0 
198	9495000	1 16 8 11 24 24 24 0 21 7 0 0 0 0 0 0 28 0 10 0 28 0 0 0 0 0 0 0 13 0 12 0 0 0 24 0 24 0 0 0 0 0 0 0 0 0 0 0 28 0 5 0 21 0 27 0 18 21 3 0 15 0 9 6 9 0 28 2 7 25 4 9 23 17 20 14 22 13 13 28 26 13 29 13      57500          0 
297	7572000	5 14 17 26 11 29 25 0 9 0 0 0 0 0 20 0 0 0 8 0 0 0 0 0 15 0 13 27 9 0 0 0 8 0 0 0 0 0 8 0 0 0 26 0 10 5 0 0 5 0 3 2 28 7 6 2 21 0 25 0 26 16 6 20 1 9 23 27 15 24 18 28 4 24 11 22 12 13 21 13 29 13 19 13     137000     115000 
594	3850084	1 24 17 12 27 26 8 25 5 0 0 23 29 25 0 0 0 0 0 0 28 19 0 0 0 0 0 0 0 0 6 0 13 0 4 22 0 0 20 24 0 0 0 0 0 0 0 0 1 7 0 0 11 15 26 25 2 0 3 4 8 19 23 2 21 10 15 2 2 9 14 9 11 9 18 14 27 21 27 28 29 11 16 27     140000     111999 
1881	3710000	9 24 15 19 25 18 17 26 24 27 1 17 28 12 27 5 7 20 0 21 5 19 21 0 0 0 0 4 23 0 28 23 8 0 10 7 14 25 17 7 26 0 0 0 0 0 11 0 1 7 0 0 5 6 26 25 6 0 11 15 6 5 23 2 2 22 3 1 24 19 17 16 29 9 26 14 29 13 27 28 29 13 29 28      72000      90000 
2277	3690000	13 12 23 26 10 20 17 25 25 26 6 7 17 11 5 21 3 19 0 23 24 0 15 4 9 0 26 28 4 0 8 2 18 0 0 28 1 25 8 20 0 0 0 0 0 0 0 0 29 10 18 0 22 12 18 29 21 0 2 28 4 1 23 0 29 22 15 14 24 24 15 16 29 24 26 15 27 29 27 28 29 13 23 27      72000      90000 
2871	3358000	20 4 5 17 10 26 10 15 24 17 28 16 23 9 12 21 11 23 14 6 20 8 21 0 27 3 25 28 11 26 8 12 15 0 26 14 13 10 8 7 19 0 0 0 10 0 0 0 28 0 5 3 22 0 14 25 4 0 11 28 18 21 24 2 29 1 15 5 24 9 17 9 29 25 26 14 25 29 27 28 29 11 16 27      90000      63000 
3168	3310000	2 1 22 26 22 18 11 17 23 14 19 6 4 17 5 21 17 1 13 0 25 21 3 0 16 20 8 3 14 21 15 12 7 0 23 0 0 28 10 7 18 18 19 0 0 0 0 0 3 0 0 3 25 15 26 25 6 0 13 28 3 1 27 0 24 27 20 5 24 24 17 9 29 17 26 9 20 29 27 28 29 11 29 28      81000      72000 
3267	3202000	14 1 23 9 8 20 1 4 25 5 7 12 23 6 11 10 7 18 8 0 25 0 25 13 8 29 13 28 0 11 26 23 24 0 3 0 0 10 17 16 26 28 0 0 0 0 0 0 28 0 4 12 28 0 26 25 2 0 3 24 8 1 27 0 2 22 15 14 19 24 15 21 29 17 26 14 19 21 27 28 29 11 29 27      58500      90000 
4158	3173000	13 8 22 11 21 0 21 1 6 14 11 5 16 16 22 5 17 2 23 19 25 29 17 13 13 27 25 3 29 24 0 20 2 10 23 12 25 17 17 7 20 28 0 0 0 0 24 0 28 0 4 26 25 18 26 25 2 0 3 28 10 19 24 0 29 22 15 22 24 24 15 9 9 17 26 14 27 29 27 28 29 11 29 27      67500      81000 
4554	3002000	15 27 16 9 26 3 18 2 13 16 11 28 23 11 9 5 21 17 13 2 6 29 25 24 5 27 7 16 4 28 25 23 12 3 10 14 0 17 20 24 0 3 0 0 10 0 0 11 1 0 4 26 22 0 26 25 12 0 11 28 8 19 24 0 2 20 20 22 19 24 4 9 29 9 26 14 25 21 27 28 29 11 29 27      81000      63000 
4653	2728000	6 16 26 19 18 13 15 25 24 4 22 19 12 14 12 5 19 18 23 20 8 7 24 24 24 0 25 16 4 5 21 20 2 10 10 13 8 10 21 15 20 5 5 0 0 0 28 0 28 0 4 26 22 23 26 25 12 0 3 28 8 1 27 0 21 27 15 8 24 9 17 16 29 17 26 14 27 29 27 28 29 11 29 27      63000      72000 
6237	2708000	6 16 26 19 18 13 15 25 24 4 22 19 12 14 12 5 19 18 23 20 8 7 22 24 24 0 25 16 4 5 21 20 2 28 10 13 8 10 21 15 20 5 5 0 0 0 28 0 28 0 4 26 22 23 26 25 12 0 3 28 8 1 27 0 21 27 15 8 24 9 17 16 29 17 26 14 27 29 27 28 29 11 29 27      63000      72000 
0	9960000	3 6 14 16 0 0 0 0 0 0 0 0 0 0 0 0 0 0 0 0 0 0 0 0 0 0 0 0 0 0 0 0 7 0 8 0 18 0 21 0 25 0 27 0 28 0 2 0 2 0 2 0 1 0 4 0 5 0 12 2 24 2 9 2 9 2 9 9 10 9 15 9 20 9 22 9 11 9 17 29 23 13 26 13      70000          0 
99	9560000	20 8 27 25 22 18 24 0 0 0 0 0 21 0 2 0 25 0 0 0 0 0 25 0 26 0 0 0 0 0 0 0 0 0 0 0 10 0 26 0 0 12 17 0 10 15 12 19 5 0 21 21 25 2 28 0 9 9 9 28 29 3 9 2 9 9 7 18 23 4 13 13 13 13 6 13 1 13 11 13 16 13 26 13      70000          0 
198	9440000	11 14 12 1 22 0 3 0 27 0 0 0 0 0 9 0 0 0 0 0 0 0 0 0 9 0 19 0 27 0 2 0 0 19 0 0 0 0 15 0 17 0 8 0 7 0 26 0 27 0 1 0 0 29 28 0 25 5 20 2 20 10 24 2 22 18 27 6 13 9 13 9 13 9 16 13 4 13 10 13 23 13 19 13      57500          0 
396	9260000	1 11 12 25 25 4 0 0 16 0 12 0 29 0 29 0 13 12 27 0 0 0 0 0 0 0 0 0 0 3 17 0 0 0 0 0 19 0 25 0 29 0 0 0 2 0 26 2 7 0 6 0 0 2 15 2 23 0 24 2 20 0 21 5 22 12 10 14 18 28 9 21 5 22 3 13 29 13 9 13 21 27 19 13      70000          0 
495	9120000	7 7 24 10 27 0 6 0 0 0 12 18 0 0 29 0 28 12 0 0 17 0 0 0 0 0 13 0 0 3 29 0 0 0 0 0 21 0 5 9 0 0 18 0 11 0 26 0 7 0 25 0 0 0 22 0 3 5 28 4 20 28 1 5 14 12 27 15 8 9 13 9 5 22 3 2 29 28 23 16 21 13 19 13     207000      81000 
594	9010000	16 11 3 1 22 14 0 3 11 19 22 0 0 0 20 0 0 7 18 0 10 27 24 0 7 0 0 24 0 0 0 0 0 19 0 0 10 10 0 0 17 0 0 0 0 0 6 0 0 0 25 0 0 0 15 8 23 6 23 2 11 28 27 26 5 29 23 5 16 17 18 12 4 21 11 9 25 13 13 25 20 28 29 13      81000     207000 
693	8840000	25 10 27 8 17 8 3 21 5 0 12 0 0 0 9 0 20 0 0 7 21 0 23 0 7 0 20 0 25 0 19 0 7 0 0 25 25 0 0 0 0 0 27 0 11 15 10 0 16 0 15 0 11 0 28 0 6 19 22 23 10 28 23 26 24 16 18 2 27 16 2 9 14 9 8 9 4 13 29 13 8 13 18 13      70000          0 
891	7490000	28 15 14 12 25 26 0 0 11 0 0 0 8 4 20 0 0 7 18 0 17 27 24 25 17 17 22 24 0 0 0 0 0 20 21 0 0 10 13 0 17 0 0 0 5 0 17 0 0 0 27 0 0 0 20 0 0 19 6 2 19 23 27 0 3 29 23 10 16 9 18 24 1 17 26 9 21 28 13 13 15 13 19 29     112000     140000 
990	6594000	20 10 3 8 29 18 24 0 11 0 21 27 14 0 0 25 0 0 24 0 18 0 0 0 0 0 26 28 0 26 0 0 0 0 0 13 0 0 0 0 17 5 0 0 0 0 7 0 21 0 25 2 5 22 19 14 6 6 12 1 4 7 27 12 9 29 9 2 16 15 29 9 16 28 14 9 11 13 23 13 10 13 23 13     103500     126000 
1089	5063000	13 4 17 1 25 19 25 23 26 20 27 0 28 0 9 25 20 0 0 0 0 0 27 6 0 7 14 0 26 0 29 0 0 0 0 10 29 29 10 1 16 0 0 0 0 0 29 0 1 0 3 0 5 22 0 2 24 1 12 2 24 28 28 26 9 0 18 16 15 15 8 27 11 13 23 20 17 13 21 25 10 13 23 12     103500      90000 
1584	4490000	12 26 27 1 25 8 4 0 26 0 24 0 23 4 0 0 13 0 8 0 29 5 0 0 26 0 15 16 0 0 18 0 7 23 21 7 28 0 25 0 0 0 0 0 0 0 0 0 26 0 25 0 0 0 17 2 24 4 12 11 24 28 20 5 4 9 29 14 16 11 29 27 27 22 26 3 6 26 21 29 10 28 19 13      90000      90000 
1782	4470000	12 26 27 1 25 20 4 0 26 0 24 0 23 4 0 0 13 0 8 0 29 5 0 0 26 0 15 16 0 0 18 0 23 23 21 7 28 0 25 0 0 0 0 0 0 0 0 0 26 0 25 0 0 0 17 2 24 4 12 11 24 28 20 5 4 9 29 14 16 11 29 27 27 22 26 3 6 26 21 29 10 28 19 13      90000      90000 
1881	3706000	26 22 25 26 25 3 25 26 26 24 0 0 29 0 20 0 0 13 0 0 4 27 11 23 28 7 2 0 19 0 12 0 0 29 27 4 20 10 24 11 17 0 0 0 14 0 29 0 21 22 8 0 7 27 0 15 18 1 6 16 4 28 28 28 24 11 29 16 6 15 8 13 5 28 26 9 21 6 23 16 29 13 23 13      90000      72000 
2277	3350000	23 2 26 21 6 21 13 16 11 15 3 0 9 22 7 29 24 0 15 0 8 11 19 0 20 26 22 13 24 0 29 0 26 5 23 17 29 29 16 11 0 0 10 0 0 0 10 0 20 0 1 0 25 0 0 4 24 19 12 0 10 28 1 28 25 18 28 14 27 16 29 12 5 15 27 9 25 26 29 15 27 28 23 13      69000      81000 
2871	3078000	3 25 28 24 4 26 25 16 26 17 1 2 9 15 9 29 24 12 0 0 26 27 19 23 26 0 22 20 28 0 20 18 11 0 20 0 10 29 24 11 0 11 0 0 28 0 29 0 14 0 29 0 7 0 14 0 24 19 20 23 10 28 27 19 8 10 18 16 6 21 8 21 5 22 27 24 21 24 28 25 10 28 19 13      63000      81000 
3861	2586000	22 1 26 11 21 4 25 17 15 19 22 2 20 19 9 3 5 12 6 0 7 13 25 18 15 0 26 7 14 9 20 29 20 6 23 11 1 28 16 6 23 11 27 0 17 0 21 0 19 0 24 0 15 0 0 15 0 25 14 20 10 28 28 18 24 10 23 16 27 9 8 24 27 13 27 24 25 26 29 29 29 28 24 26      63000      72000 
4158	2564000	22 1 26 11 21 4 25 17 15 19 22 2 20 19 9 3 5 12 6 0 7 13 25 18 15 0 26 7 14 9 20 29 20 6 23 11 28 28 16 29 23 11 27 0 17 0 21 0 19 0 24 0 15 0 0 15 0 25 14 20 10 28 28 18 24 10 23 16 27 9 8 24 27 13 27 24 25 26 29 29 29 28 24 26      63000      72000 
5346	2226000	22 1 26 11 21 4 25 17 15 19 22 2 20 19 9 3 5 12 12 0 7 13 25 18 15 0 26 7 14 9 20 29 20 6 23 11 28 28 16 29 23 11 27 0 17 0 21 0 19 0 24 0 15 0 0 15 0 25 14 20 10 28 28 18 24 10 23 16 27 9 8 24 27 13 27 24 25 26 29 29 29 28 24 26      63000      63000 
5445	2212000	22 1 26 11 21 4 25 17 15 19 22 2 20 19 9 3 5 12 12 0 7 13 25 18 15 0 2 7 14 21 20 29 20 6 23 11 28 28 16 29 23 11 27 0 17 0 21 0 19 0 26 0 15 0 0 15 0 25 14 20 10 28 28 18 24 10 23 16 27 9 8 24 27 13 27 24 25 26 29 29 29 28 24 26      63000      63000 
0	9800000	10 16 24 29 0 0 0 0 0 0 0 0 0 0 0 0 0 0 0 0 0 0 0 0 0 0 0 0 0 0 0 0 0 0 1 0 5 0 7 0 23 0 2 0 4 0 8 0 12 0 14 2 15 2 18 2 20 2 28 2 3 2 6 9 21 9 13 9 13 9 13 9 11 13 17 13 22 13 25 13 26 13 27 13      70000          0 
99	9460000	4 20 24 18 12 28 26 19 24 0 0 0 0 0 25 0 0 0 26 0 24 0 25 0 0 0 0 0 0 0 0 0 3 0 0 0 0 0 0 0 0 3 0 0 17 0 0 0 26 0 2 0 25 0 16 0 8 2 6 0 9 0 10 2 1 2 11 22 24 25 5 9 25 9 27 9 7 9 23 15 26 29 14 13      57500          0 
198	9436000	10 21 20 29 28 26 22 0 0 0 28 0 0 0 0 0 0 0 0 0 0 0 0 0 0 0 0 0 0 0 0 0 0 0 0 0 29 0 0 0 3 0 0 0 0 0 0 0 0 0 17 26 0 6 5 7 8 3 24 15 18 2 24 2 9 9 10 2 7 2 22 9 14 1 25 11 27 12 23 26 4 16 19 13     207000      90000 
396	7918000	27 17 23 14 17 21 11 3 20 7 0 0 0 0 0 0 0 0 0 0 0 0 7 0 0 0 0 0 25 0 28 0 0 0 0 0 19 0 6 0 0 0 24 0 0 0 0 10 12 25 0 0 15 0 6 5 17 1 16 15 27 12 0 27 15 4 10 25 13 2 28 9 18 29 26 13 8 26 11 22 13 13 24 29     135000     126000 
495	7490000	9 26 25 25 5 27 21 26 13 28 6 19 0 12 0 0 4 0 0 0 0 0 25 0 0 18 8 0 0 0 0 0 22 0 0 0 12 0 0 22 3 0 0 0 0 0 8 0 12 0 1 0 0 0 18 2 0 3 15 0 3 23 20 28 27 2 10 11 9 9 22 2 7 29 17 14 24 13 10 24 11 16 29 27     102000     150000 
1089	3850084	9 26 25 25 5 27 21 26 13 28 6 19 0 12 0 0 4 0 0 24 0 0 25 0 0 18 8 0 0 0 0 0 22 0 0 0 10 0 0 22 3 0 0 0 0 0 8 0 12 0 1 0 0 0 18 2 0 3 15 0 3 23 20 28 27 2 10 11 9 9 22 2 7 29 17 14 24 13 10 24 11 16 29 27     102000     150000 
2277	3406000	28 6 1 19 25 3 18 28 14 20 5 22 23 12 11 15 26 0 24 0 0 17 4 10 0 0 26 0 25 20 0 19 15 8 29 0 9 16 0 0 0 0 0 0 28 0 0 0 12 0 29 0 6 0 23 18 8 20 10 26 22 24 20 2 27 7 10 2 14 12 3 14 21 29 27 9 28 15 21 24 27 25 29 13      72000      81000 
2673	3132000	4 5 28 12 19 25 28 19 5 26 4 19 25 7 4 0 1 21 2 27 26 14 23 10 0 18 23 16 9 17 6 15 15 21 23 0 8 0 0 0 24 28 29 0 28 0 0 0 17 0 29 2 6 0 12 10 18 3 26 2 20 18 20 28 27 11 18 11 14 9 22 22 5 29 25 11 24 5 28 24 27 13 29 29      63000      81000 
4257	3040000	4 5 28 12 24 25 28 19 5 26 4 19 25 7 4 0 1 21 2 27 26 14 23 10 27 18 23 16 9 17 6 15 15 21 23 0 8 0 0 0 24 28 29 0 28 0 0 0 17 0 29 2 6 0 12 10 18 3 26 2 20 18 20 28 27 11 18 11 14 9 22 22 5 29 25 11 24 5 28 24 27 13 29 29      63000      81000 
5049	3026000	8 19 9 20 24 15 29 14 13 26 23 19 25 1 4 25 1 21 22 7 26 14 24 10 4 3 21 16 15 17 22 13 14 0 3 2 8 17 25 19 8 21 12 0 28 0 0 0 12 0 29 2 6 0 12 4 26 20 26 2 20 18 0 28 27 11 18 5 14 2 8 22 23 29 27 11 28 14 28 24 27 16 29 29      72000      72000 
5445	2930000	3 14 22 13 24 15 26 20 5 29 11 19 5 7 17 25 25 21 22 27 26 5 27 9 27 4 21 16 16 16 13 6 28 21 1 12 24 23 18 0 25 28 29 0 19 0 0 0 12 0 29 0 6 0 19 10 18 3 26 26 26 23 17 28 27 11 10 11 14 19 22 2 23 29 25 8 24 26 28 24 27 25 29 29      54000      90000 
6138	2007000	3 16 7 13 8 21 8 20 6 9 1 15 19 28 17 10 25 7 24 2 27 18 5 7 4 15 18 28 25 19 23 6 8 21 17 10 13 21 25 0 26 0 29 28 28 0 0 0 12 0 29 0 6 0 18 24 7 20 26 2 26 24 28 28 27 11 18 11 14 9 22 22 23 20 25 8 24 5 28 24 27 16 29 29      81000      40500 
0	9700000	6 15 9 0 0 0 0 0 0 0 2 0 13 0 0 0 0 0 0 0 0 0 0 0 0 0 0 0 0 0 0 0 0 0 0 0 7 0 8 0 12 0 14 0 21 0 23 0 24 0 13 0 25 0 26 0 29 27 9 28 3 2 4 2 5 2 11 9 16 9 10 13 17 13 18 13 20 13 22 13 19 13 19 13      70000          0 
99	9672000	7 6 16 18 20 11 0 0 0 0 2 0 24 0 24 0 0 0 24 0 0 0 0 0 0 24 0 0 24 0 0 0 0 0 0 0 13 0 0 0 10 0 0 0 21 0 23 0 0 0 26 0 29 0 15 28 14 0 9 5 6 2 9 2 24 12 8 9 27 9 3 22 13 13 25 13 12 9 21 13 4 13 17 13      46000          0 
198	9502000	26 14 6 20 0 27 21 7 11 0 0 0 0 0 0 0 0 0 0 0 0 0 0 0 0 0 0 0 0 0 13 29 28 0 0 0 0 26 0 0 0 0 0 0 0 0 10 0 22 0 17 0 0 0 4 23 2 19 8 28 15 2 10 25 9 2 12 2 1 1 18 28 18 24 1 29 3 13 5 13 28 13 16 13      90000     207000 
297	9420000	12 24 17 7 20 28 11 7 14 0 7 0 0 0 0 0 24 0 24 0 0 0 2 0 0 0 0 0 0 0 29 0 0 0 0 0 8 24 0 0 4 0 0 0 0 0 0 0 28 0 0 0 29 26 19 2 1 2 5 1 6 0 9 2 15 27 3 9 16 9 13 9 29 18 23 9 8 13 25 21 10 13 28 13      70000          0 
495	9060000	12 20 16 25 22 27 17 27 28 0 28 24 29 0 0 0 11 0 24 5 0 0 1 0 27 0 16 0 29 0 29 0 24 0 0 0 0 0 0 0 18 0 0 0 0 0 0 0 4 0 29 2 7 0 2 2 17 2 26 2 7 2 21 2 24 2 10 17 3 15 17 13 23 9 13 9 6 9 23 13 14 13 20 13      70000          0 
594	9050000	12 19 16 25 22 27 17 27 28 0 28 24 29 0 0 0 11 0 24 5 0 0 1 0 27 0 16 0 29 0 26 0 24 0 0 0 0 0 0 0 18 0 0 0 0 0 0 0 4 0 29 2 7 0 2 2 17 2 26 2 7 2 21 2 24 2 10 17 3 15 17 13 23 9 13 9 6 9 23 13 14 13 20 13      75000          0 
693	5606000	27 20 16 25 25 27 12 19 8 10 28 24 25 3 0 0 11 0 19 5 0 24 0 0 27 0 0 0 29 0 29 29 0 0 0 28 0 0 0 0 6 0 0 0 0 0 0 0 4 0 29 2 12 26 7 2 1 2 0 2 26 2 21 15 15 18 28 9 22 2 17 21 23 9 13 9 9 9 23 13 14 13 20 13      92000     115000 
1188	4470000	14 16 15 19 28 24 8 25 11 0 17 0 29 10 0 0 28 20 24 0 25 0 29 23 28 0 0 0 0 0 27 0 0 0 22 0 26 24 0 0 0 0 11 0 21 0 0 0 17 0 20 25 14 0 14 28 2 2 26 28 4 2 26 15 5 27 1 14 3 18 29 29 6 9 27 23 3 7 28 13 12 13 28 13      90000      90000 
1287	3850084	9 10 17 26 1 9 11 13 22 27 28 24 12 0 4 24 28 0 0 0 12 19 0 0 29 0 29 14 15 0 19 0 29 0 13 0 7 7 0 0 0 4 23 0 11 20 24 0 19 0 21 0 21 0 25 0 1 5 29 4 7 2 0 1 2 27 26 9 3 18 28 26 14 8 6 19 18 25 7 13 16 18 23 13      93333     113666 
2079	3790000	14 20 8 15 4 22 5 3 16 7 26 24 29 0 1 5 27 25 24 0 18 0 12 11 28 1 17 0 6 0 0 29 0 0 14 0 0 24 21 5 0 0 14 0 0 0 14 0 4 23 28 2 27 0 10 2 17 25 29 4 28 27 21 1 29 2 26 19 9 18 15 15 14 28 6 13 26 25 25 16 14 13 23 13      72000      90000 
2277	3600000	23 9 11 18 1 22 24 28 29 16 25 24 16 10 12 0 25 20 25 29 9 27 28 22 28 0 1 14 4 0 6 0 21 19 0 28 26 23 15 0 24 8 23 0 19 0 24 0 17 0 21 0 14 5 7 10 17 11 29 28 26 2 16 5 15 27 26 27 16 17 5 26 29 28 6 19 3 13 28 13 12 13 28 13      69000      90000 
2376	3234000	20 22 10 4 8 12 19 28 16 25 15 23 17 25 19 24 27 14 24 3 20 7 12 0 18 3 17 0 0 0 22 0 21 4 8 28 20 0 6 24 0 0 0 0 11 0 24 0 25 23 21 0 8 0 22 5 29 16 19 28 26 2 16 1 15 27 26 9 27 2 29 29 27 28 5 29 26 23 25 11 10 18 28 13      69000      81000 
3366	2620000	14 15 24 20 3 10 8 3 5 15 26 10 18 25 19 24 2 0 24 29 21 3 0 1 29 16 17 9 23 0 3 0 1 0 22 0 11 3 21 1 25 8 14 0 12 20 24 0 4 23 7 0 8 0 25 28 17 11 29 27 29 28 0 1 29 27 26 12 27 29 29 26 27 28 6 29 26 9 28 16 14 13 28 13      90000      45000 
4356	2366000	16 2 15 19 23 28 22 21 5 25 26 21 18 25 11 3 16 12 24 25 16 3 2 1 4 16 17 9 23 21 29 22 1 3 26 28 11 3 12 0 10 24 9 0 24 20 4 0 3 23 7 0 8 0 25 28 17 1 29 27 20 27 0 1 23 27 26 6 27 29 5 29 14 28 6 19 26 25 28 11 14 13 23 13      81000      45000 
4950	2234000	15 13 24 21 12 10 10 10 22 21 17 10 17 15 20 4 18 4 24 29 15 8 27 11 6 3 2 9 3 21 19 22 1 0 26 28 1 4 21 26 0 8 23 0 29 20 24 0 25 23 7 0 27 0 25 25 17 25 19 28 28 28 16 1 23 27 26 6 27 17 29 26 14 28 5 29 26 9 28 11 14 20 28 13      85500      40500 
6138	2230000	15 13 3 21 12 22 10 10 15 25 26 15 18 1 11 22 7 5 24 29 24 1 6 15 4 3 2 19 7 14 16 25 9 24 26 0 13 19 8 21 25 24 24 18 23 20 24 0 25 23 29 0 7 0 25 5 22 25 5 27 20 28 16 1 23 27 26 27 27 17 29 29 14 28 6 29 26 25 28 17 14 20 28 13      76000      50000 
0	9940000	14 20 23 28 29 0 0 0 0 0 0 0 0 0 0 0 0 0 0 0 0 0 0 0 0 0 0 0 0 0 0 0 0 0 0 0 0 0 3 0 4 0 8 0 1 0 5 27 17 2 25 2 9 2 6 2 7 9 12 9 18 9 26 9 13 9 13 9 13 9 10 13 11 13 15 13 16 13 21 13 22 13 24 13      70000          0 
99	9840000	5 21 14 10 20 20 19 29 12 0 0 0 20 0 13 0 12 0 0 0 0 0 0 0 0 0 0 0 0 0 0 0 12 0 0 0 0 0 8 0 0 0 0 0 6 0 2 0 1 0 23 0 25 2 20 2 2 0 11 2 6 2 15 2 24 2 16 2 7 18 27 17 13 12 13 22 3 9 11 13 26 13 28 13      35000          0 
198	9640000	22 21 20 10 17 23 29 27 2 0 8 0 0 0 23 0 15 0 23 0 0 0 22 0 0 22 0 0 0 0 0 0 0 9 0 0 2 0 0 0 0 0 28 0 19 0 7 0 12 25 0 16 9 1 19 6 23 2 9 2 3 0 8 2 24 9 13 9 4 2 4 9 13 26 11 9 18 9 5 13 18 13 12 13      45000          0 
297	9632000	9 4 27 28 23 18 23 14 7 19 2 0 0 0 0 0 0 2 0 0 0 0 0 0 4 0 19 0 13 0 0 0 0 0 25 0 0 0 6 0 0 0 0 0 15 0 0 19 22 0 29 20 10 2 1 0 21 2 23 0 26 2 18 2 17 21 1 21 20 9 14 9 6 10 11 24 8 13 5 12 15 13 16 13      50000       4000 
396	9436000	24 12 6 25 1 21 10 8 23 21 23 29 0 0 19 0 0 0 25 0 25 0 0 0 28 28 4 0 0 0 4 0 0 0 0 0 0 0 0 0 0 0 0 0 0 0 0 0 0 17 25 0 4 29 5 7 21 2 11 2 25 16 29 20 18 25 27 16 26 2 3 17 26 29 22 22 15 9 4 9 14 13 29 13     207000      90000 
495	9220000	3 27 22 23 24 26 29 25 22 0 7 0 23 22 27 0 25 0 21 0 25 0 0 0 0 0 0 0 0 0 0 0 0 0 23 0 0 0 10 0 0 0 0 0 0 0 26 0 0 0 4 0 6 29 0 23 18 19 27 2 16 15 11 2 5 8 2 9 1 2 20 15 8 24 14 13 15 9 12 13 25 13 17 13      70000          0 
594	6410000	3 17 6 19 27 21 28 8 0 21 23 1 0 0 0 0 5 0 25 0 25 0 0 0 28 0 18 0 0 0 0 26 15 21 0 0 0 24 0 0 19 0 0 0 0 0 0 0 0 0 25 20 4 27 14 7 21 4 2 2 24 0 29 22 8 10 20 16 20 25 25 9 26 9 11 12 26 9 16 13 25 13 29 13     135000      90000 
990	6016000	25 10 8 17 4 24 14 11 9 21 12 29 0 0 8 0 25 17 3 21 0 0 22 27 24 0 27 0 28 7 27 0 0 14 19 0 1 3 29 0 1 0 0 0 0 0 0 0 0 2 28 0 28 6 29 4 22 21 12 24 26 22 11 2 25 2 23 16 20 9 12 7 1 26 5 21 8 13 12 18 15 11 24 13     135000      81000 
1188	3850084	26 1 17 6 3 16 19 10 9 4 7 22 15 0 28 0 23 17 0 5 0 0 7 0 0 0 18 0 0 23 0 0 15 21 28 0 17 0 29 20 1 0 0 0 1 0 2 0 0 0 24 12 3 27 0 2 25 3 2 24 7 14 8 2 18 10 28 27 20 25 26 18 29 29 11 9 26 20 12 21 23 11 29 13      93333     113666 
1980	3310000	18 20 28 13 9 23 15 17 3 4 2 20 11 0 5 19 11 22 10 24 1 3 25 0 22 0 0 1 0 0 0 0 19 6 7 28 24 0 21 4 28 27 0 0 23 0 24 0 0 0 28 0 20 27 29 4 12 10 11 25 27 14 8 8 25 24 16 26 26 25 14 17 26 27 27 14 9 29 16 23 29 22 29 13      90000      63000 
2772	3176000	1 15 27 1 10 8 24 9 26 18 16 24 17 22 18 18 6 0 10 0 9 4 14 0 28 23 10 1 28 0 1 13 17 8 20 18 0 0 0 21 23 21 24 0 0 0 2 0 0 0 28 0 15 15 11 4 25 22 12 25 3 28 7 2 2 28 19 24 28 25 26 7 29 27 27 29 24 4 5 27 29 26 29 13      90000      58500 
3663	3022000	18 3 9 3 22 9 5 21 19 2 27 24 12 20 18 2 6 16 18 0 11 4 25 4 28 19 20 22 0 20 0 11 7 19 12 28 21 14 0 12 5 15 24 0 1 0 24 0 0 0 28 23 27 27 29 4 2 10 12 25 3 14 7 8 2 10 27 26 28 25 26 17 29 27 16 29 26 29 5 23 29 26 28 13      63000      81000 
3960	2930000	18 20 9 3 24 16 22 2 19 2 5 24 12 6 28 7 8 15 10 4 9 4 22 25 28 19 21 18 0 20 17 11 19 28 12 28 21 14 0 12 23 21 21 0 27 0 24 0 21 14 28 24 15 27 29 19 2 4 1 25 3 14 23 8 25 10 27 26 28 25 26 17 26 27 27 29 26 29 16 23 29 26 29 13      63000      81000 
4158	2836000	6 1 22 18 9 27 21 1 20 11 14 29 25 21 17 26 16 15 8 6 11 1 11 0 23 14 21 10 28 4 17 13 17 1 0 26 21 0 0 9 23 11 0 0 29 0 2 0 0 14 13 24 15 27 11 4 25 22 3 25 3 5 19 20 18 28 19 24 28 12 26 7 26 27 27 1 24 29 16 23 29 26 29 28      67500      72000 
4257	2760000	12 16 6 22 8 16 11 5 22 5 20 6 17 21 5 1 8 12 18 12 9 24 14 20 19 3 15 1 25 4 15 13 17 5 28 26 1 14 17 0 23 0 3 0 0 0 24 0 21 0 28 23 23 27 29 18 25 10 11 25 3 9 7 2 25 10 19 24 28 25 27 17 26 27 27 9 26 29 5 23 29 28 29 13      69000      69000 
4950	2600000	18 16 5 22 9 27 21 16 17 12 20 6 7 2 12 28 16 15 1 18 1 19 1 8 23 26 21 3 25 20 23 2 14 5 28 26 17 23 0 18 23 11 18 0 29 0 24 0 0 14 28 24 28 27 6 4 15 10 12 25 24 14 7 9 25 7 27 24 28 25 26 17 26 11 27 29 9 29 16 26 29 26 29 13      45000      90000 
5445	2312000	29 16 23 20 19 11 21 16 3 12 20 6 17 22 5 8 16 15 8 20 29 2 2 6 19 10 28 18 25 6 23 2 28 1 28 26 21 18 0 0 23 0 6 0 29 0 24 0 0 5 28 24 28 27 1 4 25 22 3 25 26 14 7 9 25 7 27 24 28 25 27 17 26 27 27 9 9 29 5 26 29 28 29 13      45000      81000 
0	9940000	3 10 15 17 22 24 26 29 0 0 0 0 0 0 0 0 0 0 0 0 0 0 0 0 0 0 0 0 0 0 0 0 0 0 0 0 0 0 0 0 0 0 6 0 14 0 21 0 2 0 1 0 8 0 12 0 16 0 20 0 25 2 9 2 5 9 7 9 23 9 27 9 28 9 13 9 13 13 4 13 11 13 18 13      70000          0 
99	9630000	1 12 16 22 24 27 29 0 13 0 21 0 13 0 13 0 21 0 0 0 7 0 0 0 0 0 9 0 0 0 0 0 0 0 9 0 0 0 0 0 0 0 15 0 2 0 2 0 4 0 8 0 10 0 11 0 28 2 9 2 3 2 5 2 6 2 14 9 17 9 25 9 26 9 7 9 18 9 20 9 21 13 23 13      35000          0 
198	9600000	3 15 26 19 29 23 18 13 26 0 0 0 0 0 0 0 0 0 26 26 0 0 0 0 27 0 0 0 23 0 27 0 0 0 0 0 0 0 6 0 27 0 0 0 21 0 17 0 0 28 14 0 0 0 7 0 9 12 17 0 26 2 4 27 8 9 3 4 22 9 1 9 11 25 5 9 23 9 20 24 16 9 27 16      57500          0 
297	9535000	3 15 26 19 29 23 18 13 26 0 0 0 0 0 0 0 0 0 26 26 0 0 0 0 27 0 18 0 23 0 27 0 0 0 0 0 0 0 6 0 27 0 0 0 21 0 17 0 0 28 14 0 0 0 7 0 9 12 17 0 26 2 4 27 8 9 3 4 22 9 1 9 11 25 5 9 23 9 20 24 16 9 27 16      57500          0 
396	9465000	6 6 19 24 12 0 26 0 27 0 26 0 26 0 0 0 0 18 8 0 0 0 0 0 0 0 25 0 25 0 9 0 0 0 0 0 11 0 2 0 0 0 0 0 29 0 0 0 25 0 28 0 26 0 3 0 25 0 7 23 16 4 15 20 12 9 5 2 22 2 13 9 3 10 6 2 14 17 13 13 1 13 14 13      57500          0 
495	8960000	24 4 1 17 10 0 7 10 11 0 23 0 2 0 5 0 20 0 25 0 0 0 25 0 6 0 10 0 0 0 0 0 12 0 0 20 0 0 26 0 28 0 0 0 6 0 29 0 3 0 26 0 16 25 19 24 24 2 9 25 16 2 21 16 23 9 21 9 6 27 26 8 15 13 13 20 20 26 22 25 14 13 25 13      70000          0 
693	7572000	6 26 1 22 5 21 25 29 17 8 10 0 23 0 0 7 0 1 0 0 0 0 0 2 0 0 0 0 26 0 0 0 0 0 0 0 0 0 7 0 11 0 20 0 15 0 18 0 28 0 22 0 12 4 20 0 29 24 18 0 14 4 16 24 12 9 4 26 27 2 13 28 16 25 13 13 27 13 3 13 16 13 19 13     137000     115000 
792	7490000	19 1 5 24 29 16 26 23 4 0 26 0 0 0 14 0 20 29 0 0 0 0 28 0 6 17 25 0 27 0 0 0 0 17 0 0 11 0 0 0 0 0 0 0 15 0 18 0 12 0 28 0 1 0 7 0 25 24 18 22 27 10 12 23 12 8 15 22 17 2 13 9 6 9 13 2 21 13 3 28 16 13 12 13     137000     115000 
891	6943000	9 14 20 27 8 21 6 27 21 0 26 14 0 29 10 0 0 1 26 0 6 26 0 0 0 18 8 18 0 0 16 0 28 15 0 20 0 0 26 0 28 12 0 0 0 0 23 0 5 0 15 0 16 11 3 24 24 12 7 25 3 2 28 27 2 2 29 2 6 29 24 17 15 25 19 4 1 20 7 26 19 13 22 13     135000     103500 
1089	5606000	16 2 3 15 24 8 6 4 12 4 5 7 7 5 29 0 0 18 0 0 0 0 25 15 12 0 26 1 0 0 17 13 11 26 0 0 27 0 0 0 28 0 0 0 29 0 10 0 0 0 14 0 28 0 29 0 4 0 2 24 4 22 23 2 2 2 20 2 21 0 25 9 28 13 25 26 23 26 13 13 19 13 27 13     115000      92000 
1188	4150000	16 2 3 15 24 8 6 4 12 4 5 7 7 5 29 0 0 18 0 27 0 0 25 15 12 0 22 1 24 0 17 13 11 26 0 0 27 0 0 0 28 0 0 0 29 0 10 0 0 0 14 0 28 0 29 0 4 0 2 24 4 22 23 2 2 2 20 2 21 0 25 9 28 13 25 26 23 26 13 13 19 13 27 13      90000      81000 
1485	3850084	20 20 9 4 28 9 27 7 3 8 26 8 11 1 22 0 0 23 24 27 1 15 0 5 10 0 0 0 0 0 28 0 0 15 16 19 19 0 21 0 0 0 0 0 0 0 17 0 19 0 18 0 24 0 23 0 28 0 8 0 14 0 20 29 2 2 18 29 26 29 14 28 6 21 19 2 23 26 28 25 12 13 25 13     113666      93333 
2475	3726000	20 26 19 15 11 4 26 16 22 9 5 8 3 13 15 2 27 14 28 14 1 0 25 14 6 0 0 0 0 12 4 28 0 21 15 3 19 0 25 24 23 13 0 0 29 0 26 0 10 0 29 0 7 0 23 0 0 0 29 23 22 17 23 18 19 2 21 24 24 29 19 22 20 10 25 2 27 13 7 28 29 27 25 25      72000      90000 
2574	3708000	29 4 7 6 5 8 21 7 3 28 17 3 2 14 25 19 11 18 1 0 9 20 0 16 13 1 6 0 0 0 17 28 0 21 0 11 27 5 22 7 28 22 0 0 29 0 26 0 8 0 24 0 24 0 23 0 24 18 29 7 14 10 12 4 4 26 18 24 24 29 4 27 15 25 19 20 27 26 28 24 21 9 23 25      81000      81000 
2673	3356000	20 5 9 10 27 23 10 21 19 12 14 8 3 6 6 10 7 14 27 14 20 19 3 11 27 4 0 18 0 0 28 28 18 21 21 0 19 0 21 29 28 22 28 0 29 0 26 0 14 0 24 0 1 0 11 0 25 0 29 24 22 17 23 27 22 2 19 2 24 2 24 16 20 25 1 26 23 26 7 17 29 15 25 13      72000      81000 
3069	3354000	29 15 28 5 8 5 21 8 28 17 13 12 21 1 7 7 25 20 0 11 9 0 0 8 22 21 10 25 15 29 17 6 0 21 0 17 25 19 1 0 28 0 24 0 29 0 3 0 16 0 24 0 24 0 23 0 24 18 29 24 27 10 23 27 19 26 18 26 24 14 4 9 28 20 19 2 27 26 22 24 19 14 27 16      81000      72000 
3465	2958000	29 8 17 0 3 12 27 7 10 13 26 4 5 8 11 17 8 25 12 14 20 13 23 15 1 0 6 2 7 21 4 13 0 5 29 6 20 9 28 11 28 0 24 0 29 0 26 0 28 0 6 0 19 0 19 0 25 0 29 26 16 27 23 27 22 26 18 24 24 14 25 22 28 9 15 26 27 26 22 24 21 9 23 14      81000      63000 
4356	2942000	10 23 17 5 11 8 21 7 10 14 26 4 27 8 20 17 8 18 12 14 20 29 0 13 16 10 6 5 24 21 17 7 0 26 3 6 20 4 25 22 28 0 28 0 29 0 4 0 28 0 6 0 19 0 15 0 16 0 29 26 14 17 23 27 22 26 18 1 24 29 25 9 28 20 2 26 27 26 22 24 21 9 25 13      90000      54000 
5940	2610000	15 2 22 1 3 5 11 9 25 4 8 12 28 8 17 15 19 16 22 17 2 10 3 13 11 7 23 19 24 0 10 7 20 26 29 6 22 9 14 22 23 21 28 0 29 0 20 0 28 0 28 0 24 0 19 0 25 18 29 4 14 27 23 27 19 26 18 24 24 29 25 22 28 25 19 26 23 26 28 24 29 27 23 14      45000      90000 
6138	2358000	17 2 11 6 4 16 21 7 14 12 9 26 27 11 13 7 8 29 6 3 22 10 3 12 10 5 6 5 15 0 1 9 25 17 29 6 20 11 1 11 23 20 28 0 29 0 26 0 28 0 24 0 19 0 23 0 27 17 29 23 16 27 23 27 19 14 18 24 24 29 25 9 28 20 2 26 23 26 28 24 29 27 25 28      90000      39000 
0	9900000	4 11 20 27 28 0 9 0 0 0 0 0 0 0 0 0 0 0 0 0 0 0 0 0 13 0 0 0 0 0 13 0 9 0 0 0 0 0 0 0 0 0 3 0 8 0 15 0 22 0 29 0 2 0 2 0 2 0 1 0 5 2 6 2 12 2 21 2 23 2 24 10 25 18 26 9 7 9 14 13 16 13 17 13      60000          0 
99	9320000	18 6 28 5 21 0 24 3 2 0 28 0 25 0 28 0 24 0 25 0 24 0 0 0 0 0 0 0 0 0 0 0 28 0 0 0 0 0 0 0 24 0 0 0 0 0 17 25 19 0 12 2 25 0 7 0 9 20 11 10 15 2 9 9 9 9 22 16 23 9 13 9 13 9 27 13 8 13 1 13 4 13 29 13      70000          0 
198	9092000	22 15 26 3 28 9 8 0 0 0 0 0 0 0 0 0 0 0 0 7 0 0 0 0 0 0 0 0 0 0 25 0 0 0 0 0 0 0 0 0 0 0 0 4 0 18 10 0 2 2 6 0 0 0 20 7 21 0 27 2 12 2 16 14 11 23 1 24 29 0 24 23 1 7 28 29 4 13 5 27 17 27 19 13     207000      81000 
495	9074000	28 8 17 27 25 20 0 0 14 0 19 0 0 0 0 0 0 0 0 7 0 0 0 0 0 0 4 0 0 0 0 0 0 0 0 0 0 0 0 0 11 4 0 0 0 0 0 0 2 0 22 0 8 12 25 2 21 20 23 18 6 2 3 0 24 9 27 16 29 9 16 15 1 29 28 10 17 13 5 27 21 13 26 13     207000      81000 
594	8344000	19 21 1 27 18 11 11 20 27 29 0 0 0 0 0 0 0 0 0 0 12 0 0 0 0 27 22 0 14 0 0 0 8 0 0 0 0 0 0 0 0 0 0 0 0 0 23 0 26 0 15 0 17 0 21 11 16 7 6 10 29 27 9 20 3 2 25 5 17 9 24 9 3 10 28 13 4 13 22 13 4 25 28 13     207000      63000 
693	6084000	19 5 24 27 29 0 0 4 23 8 28 0 28 0 0 0 26 0 0 11 0 0 0 0 0 0 0 0 21 0 0 0 0 8 0 0 0 0 0 0 29 0 26 0 15 0 10 0 22 15 6 0 25 0 11 12 5 24 1 2 12 2 22 18 20 14 22 16 17 9 19 26 25 16 25 9 7 9 3 11 27 13 19 13     135000      81000 
891	5636000	6 10 5 3 18 12 29 7 22 1 29 16 0 0 4 0 20 8 23 0 12 19 0 0 28 0 21 0 17 0 0 0 0 0 0 0 29 13 28 0 0 0 11 0 0 26 26 0 24 0 0 0 8 0 23 22 9 0 22 14 12 20 28 27 9 2 21 18 24 9 24 9 25 9 24 13 26 20 15 13 21 25 27 13     107000     100000 
990	5622000	16 19 1 28 18 9 29 23 8 17 29 16 6 0 0 0 3 0 29 27 27 24 0 0 28 0 0 0 28 0 25 0 0 0 0 17 6 0 28 10 0 15 0 0 0 0 26 0 12 0 11 22 4 0 23 0 23 7 26 14 10 27 18 5 23 28 21 2 17 9 15 9 25 18 24 12 1 20 5 9 10 13 19 13     115000      92000 
1089	4745000	24 19 24 7 6 3 29 7 12 17 27 11 13 0 29 0 0 0 0 27 0 13 0 0 0 27 4 0 2 0 25 0 0 0 0 0 10 0 20 10 28 0 0 4 22 0 26 0 12 26 22 22 1 23 3 7 23 0 26 14 10 18 20 8 23 28 28 29 16 9 21 9 25 9 28 19 1 13 15 13 5 13 28 13     103500      81000 
1386	4088000	29 6 5 19 25 20 11 24 12 23 10 15 0 0 22 0 25 27 29 27 9 0 2 0 28 0 4 0 28 0 29 0 25 0 22 18 0 0 28 10 29 3 10 4 0 0 15 0 24 26 21 22 1 23 27 10 23 0 26 8 11 18 11 4 23 0 23 14 16 9 24 10 17 10 28 20 7 13 15 21 10 9 26 13      81000      90000 
1485	3850084	11 19 19 16 2 23 10 20 0 17 14 22 20 29 4 29 0 0 29 27 12 0 0 0 22 28 0 27 0 0 15 0 0 7 0 0 0 0 0 14 26 0 0 0 8 0 24 0 24 14 24 0 25 0 3 20 6 7 23 26 10 1 18 20 27 28 27 7 17 9 21 2 25 18 22 28 7 5 5 13 25 9 14 13     113666      93333 
1980	3030000	7 8 11 16 2 18 13 9 2 4 29 3 0 0 26 27 0 16 19 27 14 0 0 0 5 0 14 27 0 0 29 26 0 0 28 29 21 0 20 0 6 16 0 0 22 0 13 0 24 14 24 22 4 0 27 12 6 19 23 8 10 1 28 0 12 3 25 29 15 9 16 23 25 18 28 28 17 5 26 1 15 13 22 13     103500      40500 
2574	3018000	7 8 11 16 2 18 13 9 2 4 29 3 0 0 26 27 0 16 19 27 14 0 0 0 5 0 14 27 23 0 29 26 0 0 28 29 21 0 20 0 6 16 0 0 22 0 13 0 24 14 24 22 4 0 27 12 6 19 23 8 10 1 28 0 12 3 25 29 15 9 16 23 25 18 28 28 17 5 26 1 15 13 22 13     103500      40500 
4455	2944000	4 1 11 4 14 24 10 9 2 21 19 23 6 20 26 27 17 28 2 27 17 0 19 5 18 14 14 27 15 0 26 14 16 26 28 20 7 5 20 28 25 16 29 0 22 0 25 0 24 26 24 22 4 23 27 20 6 0 13 8 29 21 28 27 12 3 25 29 15 7 24 23 25 25 28 28 17 14 29 9 20 13 22 29      81000      63000 
4554	2796000	7 8 11 16 2 18 13 9 9 4 29 3 0 0 26 27 0 18 19 27 14 0 0 0 5 0 14 27 23 0 29 26 0 0 28 29 21 5 20 0 6 16 0 0 22 0 13 0 24 14 24 22 4 0 27 12 6 19 23 8 10 1 28 0 12 3 25 29 15 9 16 23 25 18 28 28 17 5 26 1 15 13 22 13     103500      34500 
4851	2540000	4 1 16 16 20 6 17 15 19 2 5 7 24 3 29 29 12 11 14 27 17 12 11 1 5 9 21 27 0 12 1 14 0 27 19 29 21 13 25 10 19 0 0 8 22 0 19 0 24 26 24 0 4 0 27 12 23 0 23 26 29 21 28 27 27 3 25 29 28 9 24 23 25 18 28 28 26 5 29 28 20 13 22 25      51750      81000 
5445	2407000	8 10 8 12 28 9 27 10 7 26 19 16 11 0 16 16 16 28 14 9 14 3 9 1 5 19 9 27 17 18 2 26 19 0 15 29 21 6 24 26 21 18 29 0 6 0 25 0 24 14 24 22 4 23 27 12 23 19 23 26 29 21 28 27 27 3 25 29 15 9 24 23 25 18 28 28 17 26 26 1 20 13 22 13      90000      40500 
0	9840000	10 15 28 0 0 0 0 0 0 0 0 0 0 0 0 0 0 0 0 0 0 0 0 0 0 0 0 0 0 0 0 0 0 0 0 0 0 0 5 0 18 0 20 0 25 0 27 29 2 2 6 2 12 2 21 9 9 9 1 9 8 9 14 9 16 9 23 9 24 26 13 13 3 13 4 13 7 13 11 13 17 13 22 13      70000          0 
198	9260000	5 3 15 24 17 0 28 0 25 0 24 0 13 0 13 0 17 0 0 0 20 0 0 0 0 0 25 0 0 0 0 0 0 0 0 0 0 0 10 0 24 0 21 0 7 0 3 0 4 0 0 0 12 0 26 0 21 20 23 19 9 6 24 9 8 2 11 9 1 9 16 9 10 17 22 18 27 25 14 13 21 13 25 13      70000          0 
297	8692000	5 8 11 12 17 3 29 26 18 26 0 0 13 0 0 0 0 0 22 0 0 0 0 0 0 0 0 0 0 0 0 0 0 0 0 0 0 0 10 0 24 0 4 0 0 0 0 10 0 0 28 0 27 0 14 0 1 4 28 7 20 2 15 17 25 2 23 2 27 29 16 29 17 17 13 13 6 9 26 13 21 13 19 13     207000      72000 
693	7490000	21 23 15 12 4 19 7 28 15 26 26 0 27 0 0 7 0 0 14 0 0 0 0 29 0 0 8 0 5 0 13 0 27 24 0 0 3 15 4 0 0 0 0 0 0 0 0 0 10 0 0 22 1 0 17 20 2 0 2 0 28 11 29 3 28 9 7 2 24 9 16 9 6 18 13 11 3 25 7 13 3 13 25 27     102000     150000 
792	5682000	7 22 24 21 2 18 17 26 5 1 24 0 0 29 29 0 0 0 6 15 10 16 0 0 24 25 24 0 0 0 0 20 12 0 0 0 0 0 6 0 26 0 18 0 0 0 27 3 10 0 6 3 22 0 12 0 24 28 7 0 17 6 15 7 4 4 15 4 11 16 23 19 8 23 28 27 5 9 14 28 25 13 19 29     107000     100000 
990	5626000	25 10 3 27 21 10 20 8 12 12 24 11 26 26 15 0 0 0 0 0 0 0 23 0 0 0 23 0 0 0 0 0 0 0 29 6 8 0 14 0 24 0 28 0 19 24 27 0 10 5 6 0 1 0 17 0 29 0 4 0 28 2 17 26 10 2 18 1 7 29 16 9 9 14 24 9 3 9 25 13 17 6 22 13     135000      72000 
1188	5109000	8 17 11 19 12 21 4 3 5 15 26 24 27 14 22 1 22 0 6 0 23 0 0 0 25 25 0 0 20 0 8 20 0 0 0 29 15 0 12 0 24 0 0 0 11 0 28 0 11 5 28 0 12 0 18 0 2 0 7 29 2 6 24 2 10 2 12 23 27 29 23 9 28 9 26 23 3 29 25 28 11 16 24 13     103500      90000 
1386	4709000	8 3 19 18 21 19 22 3 5 29 26 24 27 14 22 4 22 6 28 0 0 0 0 1 25 15 24 18 20 0 24 18 27 0 0 29 0 15 26 0 24 0 28 0 17 0 0 0 10 5 28 0 1 0 24 0 11 0 7 29 17 0 15 2 27 2 16 23 27 29 23 12 17 9 24 9 7 29 25 28 4 13 19 13     103500      81000 
1584	3850084	23 5 6 18 1 21 28 10 18 12 26 20 0 0 22 4 18 0 28 0 0 0 0 11 25 0 24 18 11 21 24 0 25 0 3 29 0 0 19 0 24 0 28 0 17 0 0 0 1 5 28 0 16 0 18 0 11 2 14 29 28 2 8 2 27 2 16 27 23 9 23 9 17 9 26 15 7 29 25 28 11 11 19 13     113666      93333 
2475	3310000	15 18 6 6 26 4 13 5 12 28 1 10 27 26 22 19 24 21 29 0 0 0 22 11 9 25 28 19 20 10 0 20 23 0 23 21 27 8 28 5 3 18 22 0 17 0 0 0 0 10 18 0 6 0 5 2 8 2 5 29 14 2 15 7 10 2 29 27 23 16 23 29 28 9 26 24 3 29 25 14 25 16 24 13      81000      72000 
3465	3209000	19 5 11 21 26 4 25 26 29 28 23 16 27 26 22 3 9 14 16 22 7 12 22 0 12 17 20 19 2 0 24 1 3 10 23 21 8 20 15 5 8 28 28 0 17 0 0 0 2 10 11 0 11 0 18 25 16 2 18 29 26 2 29 7 27 2 15 27 27 19 6 29 28 9 26 24 6 29 25 28 11 18 24 13      67500      81000 
3663	2570000	9 27 11 21 10 18 13 18 7 28 15 26 15 19 29 3 18 21 29 27 25 5 29 11 1 17 6 26 0 12 24 21 19 0 23 22 23 0 14 20 24 0 28 0 0 24 0 0 0 5 28 0 4 16 5 21 8 14 25 29 22 16 24 2 27 2 12 27 27 23 26 29 17 9 26 24 6 20 25 28 25 11 24 13      72000      63000 
4653	2138500	27 6 9 17 16 9 13 19 6 10 21 19 3 15 5 3 18 21 26 4 9 4 29 0 14 17 24 19 0 1 27 2 28 0 16 7 25 12 8 5 26 15 28 0 20 0 28 0 1 10 22 0 15 13 5 21 11 27 25 29 22 12 29 7 27 2 29 27 23 23 26 29 23 9 26 24 7 29 25 28 25 16 24 20      83250      40500 
0	9800000	10 17 18 23 29 0 0 0 0 0 0 0 0 0 0 0 0 0 0 0 0 0 0 0 0 0 0 0 0 0 0 0 0 0 1 0 3 0 4 0 14 0 24 0 25 0 26 0 2 2 5 2 6 2 7 2 8 2 12 2 15 2 22 2 11 2 28 9 13 9 13 9 13 9 13 9 16 13 20 13 21 13 27 13      70000          0 
99	9740000	1 3 17 27 16 25 9 0 0 0 13 0 0 0 0 0 0 0 27 0 0 0 27 0 0 0 27 0 0 0 2 0 0 0 0 0 0 0 0 0 0 0 0 0 0 0 8 0 5 27 12 29 14 2 17 2 22 0 23 2 7 9 15 9 18 19 20 9 14 9 4 9 26 9 13 13 10 28 6 13 11 13 22 13      50000          0 
198	9440000	1 3 17 27 16 25 9 0 27 0 13 0 2 0 0 0 27 0 27 0 0 0 27 0 0 0 27 0 9 0 2 0 27 0 0 0 0 0 0 0 0 0 0 0 0 0 8 0 5 27 12 29 14 2 17 2 22 0 23 2 7 9 15 9 18 19 20 9 14 9 4 9 26 9 13 13 10 28 6 13 11 13 22 13      45000          0 
297	9390000	6 8 19 7 23 22 24 0 13 0 27 0 0 0 0 0 27 0 0 25 23 0 9 0 27 0 26 0 15 0 1 0 0 0 0 0 15 0 16 0 17 0 16 29 18 0 12 0 3 0 12 26 12 2 7 2 16 0 17 28 11 4 26 2 10 0 2 9 23 9 15 9 5 20 15 9 19 13 14 13 13 13 19 13      45000          0 
396	7572000	4 4 15 24 24 23 26 10 14 0 0 0 12 0 0 0 0 0 0 0 0 0 0 0 0 0 0 0 0 0 0 0 0 0 25 0 0 0 29 0 0 0 8 0 0 28 5 0 26 0 16 0 6 0 4 17 28 21 11 20 27 0 21 24 5 0 4 18 19 29 7 2 27 22 13 3 1 9 22 9 18 13 7 25     115000     137000 
693	5664000	1 5 17 8 24 22 14 29 10 12 21 0 28 0 0 0 0 0 0 0 16 15 0 0 0 0 27 0 29 0 0 0 0 0 27 0 25 0 24 0 0 0 19 0 0 6 27 0 22 0 23 0 6 0 26 2 3 23 18 0 27 25 11 27 4 0 20 24 14 29 5 3 26 13 13 9 11 7 22 29 23 13 28 13     126000      81000 
891	3766000	1 5 17 8 24 22 14 29 10 12 21 0 28 0 0 0 28 0 0 0 16 15 0 0 0 0 27 0 29 0 0 15 0 0 26 0 25 0 24 0 0 0 19 0 0 6 27 0 22 0 25 0 6 0 26 2 3 23 18 0 27 25 11 27 4 0 20 24 14 29 5 3 26 13 13 9 11 7 22 29 23 13 28 13      90000      72000 
1089	3746000	1 28 17 8 24 22 14 29 10 12 21 0 28 0 0 0 28 0 0 0 16 15 0 0 0 0 27 0 29 0 0 15 0 0 26 0 25 0 24 0 0 0 19 0 0 6 27 0 22 0 25 0 6 0 26 2 3 23 18 0 27 25 11 27 4 0 20 24 14 29 5 3 26 13 13 9 11 7 22 29 23 13 28 13      90000      72000 
2376	3726000	18 12 16 23 24 24 6 11 20 9 10 4 26 15 14 14 27 17 21 7 19 0 0 0 0 0 5 0 25 0 28 0 21 0 27 12 25 0 24 0 25 0 0 0 0 0 0 0 22 21 25 0 21 23 26 2 28 21 26 28 27 25 28 1 29 24 20 19 12 29 4 3 29 20 1 29 16 8 22 29 29 24 28 13      81000      81000 
2574	3690000	12 5 1 22 3 24 13 29 14 2 21 23 20 0 17 10 3 11 26 6 26 16 27 27 0 0 21 0 21 8 28 9 21 20 16 0 16 0 24 7 10 0 19 0 0 27 28 25 22 0 25 23 6 0 26 26 28 23 18 28 27 25 4 0 10 29 4 24 23 29 18 17 29 13 13 29 11 29 22 29 15 15 28 13      90000      72000 
2871	3376000	28 16 16 1 0 24 1 2 16 9 5 0 6 15 24 0 8 11 0 28 26 27 4 19 18 0 27 20 12 8 0 23 22 0 19 0 17 0 24 0 0 17 19 0 18 7 28 0 5 21 25 5 6 0 26 0 3 23 15 6 1 25 8 27 13 29 20 10 14 29 4 3 26 20 21 29 11 8 22 29 26 24 28 25      81000      72000 
3069	2808000	12 16 24 15 20 10 26 3 14 21 10 27 6 5 14 24 2 26 26 0 19 15 0 27 14 17 0 0 21 0 28 6 21 0 28 7 16 0 3 19 25 18 0 0 10 27 28 0 22 21 25 0 12 0 26 1 28 23 18 6 27 25 21 19 4 0 20 24 23 29 5 17 29 13 9 29 11 8 22 29 23 13 28 25      72000      67500 
4752	2670000	12 15 27 15 24 18 16 3 12 12 29 29 27 15 25 22 6 13 14 28 26 7 0 13 29 0 17 0 28 25 0 6 2 21 19 7 16 0 24 27 4 0 19 17 10 27 28 0 22 1 25 0 13 0 26 14 17 23 26 28 27 25 21 27 18 0 20 24 23 5 5 17 29 20 9 29 11 8 23 29 23 15 28 25      72000      63000 
5346	2466000	23 16 2 16 6 10 26 3 12 21 7 20 16 8 13 1 21 9 25 22 5 18 0 13 0 8 0 14 28 6 0 18 15 14 22 27 24 13 3 21 24 19 19 17 10 27 28 25 22 1 15 5 19 23 26 26 28 23 18 28 27 25 28 27 4 0 20 24 12 3 4 17 26 20 9 29 11 29 22 29 29 24 28 25      72000      60000 
5841	2272000	8 22 1 3 27 2 8 13 7 21 16 3 27 15 5 14 7 20 25 26 26 2 26 15 14 0 12 1 21 15 20 28 15 5 22 6 6 13 24 20 24 0 19 17 10 27 4 0 22 0 25 0 19 23 26 26 21 23 18 28 27 25 28 19 10 29 27 24 22 9 5 17 29 20 9 29 11 29 22 29 23 24 28 25      81000      45000 
0	9900000	5 10 20 24 25 29 0 0 0 0 0 0 0 0 0 0 13 0 0 0 0 0 2 0 0 0 0 0 2 0 0 0 0 0 0 0 0 0 3 0 11 0 17 0 21 0 14 0 16 0 23 26 27 2 9 2 9 2 9 2 9 9 1 9 7 9 8 9 12 9 22 9 28 13 13 13 4 13 6 13 15 13 18 13      60000          0 
99	9640000	7 1 18 21 24 0 26 0 0 0 0 2 2 0 0 0 0 0 26 0 26 0 0 0 0 0 2 0 13 0 0 0 0 0 0 0 0 0 9 0 0 0 26 0 26 0 27 0 6 0 7 0 20 0 11 0 26 19 9 0 4 22 12 2 16 2 10 2 5 2 15 9 3 9 17 9 13 9 25 14 28 13 23 13      40000          0 
198	9520000	28 25 20 18 22 10 3 0 28 0 0 8 19 0 26 0 13 0 0 0 13 0 26 0 0 0 0 0 0 16 0 0 0 0 0 0 0 0 0 0 0 0 0 0 4 0 0 1 0 0 5 26 29 0 1 2 14 9 10 2 9 2 2 9 7 9 24 17 12 9 26 2 28 13 11 9 21 9 6 26 15 28 23 13      70000          0 
297	9102000	4 7 27 23 20 1 23 29 0 0 26 0 0 0 17 0 0 0 16 0 0 0 0 0 0 0 0 0 0 0 0 0 28 0 0 0 23 0 21 0 0 0 12 0 0 0 0 0 5 0 0 0 9 0 14 0 29 0 14 3 25 10 15 26 8 2 24 9 5 6 28 9 17 9 16 18 10 13 11 13 22 13 19 13     207000      81000 
594	5668000	1 11 18 8 25 12 25 24 5 20 26 0 0 0 0 0 0 0 16 0 0 0 0 0 25 0 0 0 0 0 0 0 28 0 0 0 0 0 0 0 0 0 4 0 0 0 0 14 6 0 7 23 0 0 29 0 0 17 24 0 3 10 15 26 28 2 19 25 21 6 28 2 27 29 27 9 10 9 21 13 29 13 23 22     115000      92000 
1089	5089000	8 24 1 11 3 12 25 7 5 17 10 0 0 0 0 0 0 0 16 0 0 0 0 0 15 23 27 0 29 0 24 0 28 0 0 0 0 0 0 0 0 0 4 0 0 0 29 14 25 0 26 23 0 2 26 0 0 6 1 0 21 2 15 2 28 2 19 2 14 24 28 9 26 29 27 2 14 29 22 18 14 20 23 13     103500      90000 
1386	4727000	8 23 14 20 26 19 27 11 22 12 24 0 19 0 18 0 0 25 16 0 21 6 20 0 12 10 27 10 0 0 24 8 7 28 0 0 25 0 0 0 0 12 0 0 0 0 1 0 3 0 21 0 0 0 29 5 29 20 22 17 12 2 2 4 3 20 28 26 17 9 28 2 14 9 26 9 10 14 10 25 29 15 23 13     103500      81000 
1584	4164000	8 12 14 27 24 24 19 26 22 20 27 0 5 9 25 13 23 0 0 0 27 26 20 0 0 1 25 0 0 0 0 0 11 0 28 0 21 0 0 23 10 0 0 0 14 0 0 0 25 0 26 23 29 2 29 0 7 4 14 16 21 11 11 26 3 9 20 27 11 9 28 2 22 15 18 9 14 24 6 18 29 28 17 27      90000      81000 
1683	3850084	7 24 20 11 10 29 23 8 3 26 9 0 4 0 14 0 22 8 24 0 13 0 0 9 25 8 28 0 14 27 0 2 0 5 1 18 14 0 26 0 15 0 28 0 16 0 0 0 27 0 26 0 0 0 5 0 0 19 15 2 21 11 29 4 20 28 25 27 12 9 15 25 22 29 26 19 24 9 6 18 19 28 17 13     135000      58499 
2376	3802000	27 1 3 20 3 26 26 24 0 12 21 0 23 20 17 13 5 0 16 0 0 0 5 14 25 0 0 6 11 0 22 8 7 0 10 5 25 0 0 4 18 18 5 0 0 0 0 3 0 0 13 0 0 0 29 0 2 0 29 16 24 25 15 26 23 6 28 27 12 9 14 2 28 29 27 18 24 14 22 18 19 28 19 22      90000      72000 
2673	3708000	27 20 20 14 17 26 21 10 3 3 7 9 12 13 2 13 0 25 24 11 25 0 27 5 1 18 7 0 29 27 28 0 16 0 0 5 15 24 20 25 18 0 0 0 0 0 29 0 25 0 26 19 8 9 29 0 23 0 22 16 21 11 2 4 28 6 19 27 12 9 28 2 28 29 26 9 29 24 11 26 29 18 23 22      81000      81000 
2772	3268000	16 1 15 20 8 24 12 24 19 20 24 27 23 0 9 18 0 23 9 3 0 7 2 0 23 17 27 0 0 7 22 7 28 5 0 5 3 13 0 6 18 13 0 0 4 0 0 10 25 0 10 23 29 0 29 0 23 0 14 0 21 25 11 26 23 28 28 2 12 9 28 25 22 29 26 9 24 9 6 26 29 20 17 27      90000      58500 
4059	3012000	14 21 8 8 13 23 20 2 16 28 1 3 27 27 25 8 6 4 11 20 25 7 23 0 12 4 26 0 6 26 1 24 11 5 15 16 4 24 24 22 18 0 7 0 28 0 0 0 25 0 4 15 29 9 19 0 23 0 29 0 21 25 10 26 8 28 19 27 12 22 28 25 22 29 26 9 24 9 6 26 29 28 17 27      81000      63000 
4356	3004000	14 21 8 8 13 18 20 2 16 28 1 3 27 27 25 8 6 4 11 20 25 7 23 0 12 4 26 4 6 26 1 24 11 5 15 16 4 8 24 22 18 0 7 0 28 0 0 0 25 0 4 15 29 9 19 0 23 0 29 0 21 25 10 26 8 28 19 27 12 22 28 25 22 29 26 9 24 9 6 26 29 28 17 27      81000      63000 
4455	2446000	24 19 1 19 10 1 23 16 13 5 24 3 17 14 28 8 3 23 9 16 20 22 27 14 1 8 26 18 6 19 11 7 11 19 10 5 16 13 15 25 18 27 7 0 28 0 0 10 25 0 21 23 29 1 29 0 2 0 29 16 19 25 11 26 8 28 20 27 12 24 14 25 22 29 26 9 24 9 6 1 29 28 4 27      90000      39000 
4851	2242000	24 19 27 19 10 1 23 16 13 5 24 3 17 14 28 8 3 23 9 16 20 22 27 14 1 8 26 18 6 19 11 7 11 19 10 5 16 13 15 25 18 27 7 0 28 0 0 10 25 0 21 23 29 1 29 0 2 0 25 16 19 25 11 26 8 28 20 27 12 24 14 25 22 29 26 9 24 9 6 1 29 28 4 27      94500      31500 
5841	1817500	24 19 27 19 10 1 23 16 13 5 24 3 17 28 28 8 3 23 9 16 20 22 27 14 1 8 26 18 6 19 11 7 14 19 10 5 16 13 15 25 18 27 7 0 28 5 0 10 25 0 21 23 29 1 29 0 2 0 25 16 19 25 11 26 8 28 20 27 12 24 14 25 22 29 26 9 24 9 6 1 29 28 4 27      92250      22500 