
0	 615960	1 0 0 1 0 0 1 0 0 1 0 0 1 0 0 1 0 0 1 0 0 1 0 0 1 0 0 1 1 0 1 1 0 1 1 0 1 1 0 1 2 0 1 2 0 1 2 0 1 2 0 1 2 0 1 2 0 1 2 0 1 2 0 1 2 0 1 2 0 2 2 0 3 3 6 3 3 1 3 3 2 3 3 6 4 2 4 1 2 23      63000      13500       8260 
2664	 569400	0 1 0 0 1 0 1 1 0 1 1 0 0 1 0 1 1 0 0 1 0 0 1 0 0 1 0 1 1 0 1 1 0 1 1 0 1 1 0 2 1 0 2 1 0 2 1 0 2 1 0 1 1 0 2 1 0 2 1 0 0 2 0 2 1 0 2 1 0 1 2 0 2 3 6 3 3 1 5 2 2 4 2 6 1 4 4 2 2 23      18000      63000       5130 
3060	 530590	1 1 0 0 1 0 1 1 1 1 1 1 1 1 1 1 1 1 0 1 1 0 1 1 1 1 1 1 1 1 1 1 0 1 1 1 1 1 1 2 1 0 1 1 1 1 1 1 1 1 1 1 1 1 2 1 0 2 1 1 2 1 1 2 1 1 2 1 1 2 2 1 3 3 1 3 3 1 2 3 1 3 3 1 1 4 1 2 1 18      14994      59411      10589 
6021	  77458	1 0 0 1 0 0 1 1 0 1 1 0 1 1 0 1 1 0 1 1 0 1 1 0 1 1 0 1 1 1 1 0 1 1 1 1 1 1 1 1 0 2 1 1 2 1 1 2 1 1 2 1 1 2 1 0 2 1 1 2 1 1 2 1 1 2 1 1 2 2 1 2 3 1 3 3 1 3 3 1 3 3 1 3 4 1 2 1 18 2      59273      10727      13818 
0	 649000	1 0 0 1 0 0 1 0 0 1 0 0 1 0 0 1 0 0 1 0 0 1 0 0 1 0 0 1 1 0 1 1 0 1 1 0 1 1 0 1 2 0 1 2 0 1 2 0 1 2 0 1 2 0 1 2 0 1 2 0 1 2 0 1 2 0 1 2 0 2 2 0 3 3 4 3 3 6 3 3 6 3 3 4 4 2 1 1 2 21      63000      13500       7715 
1674	 621000	0 0 1 0 0 1 0 0 1 0 0 1 1 0 1 0 0 1 1 0 1 0 0 1 0 0 1 0 1 1 0 1 1 0 1 1 0 1 1 0 2 1 0 2 1 0 2 1 0 2 1 0 2 1 0 2 1 0 2 1 0 2 1 0 2 1 0 2 1 0 2 2 4 3 3 6 3 3 6 3 3 2 3 3 1 2 4 21 2 1       7715      13500      63000 
1872	 597432	0 0 1 0 0 1 0 0 1 0 0 1 0 0 1 0 0 1 0 0 1 0 0 1 0 0 1 1 0 1 1 0 1 1 0 1 1 0 1 2 0 1 2 0 1 2 0 1 2 0 1 2 0 1 2 0 1 2 0 1 2 0 1 2 0 1 2 0 1 2 0 2 3 1 3 3 9 3 3 2 3 3 6 2 2 5 4 2 19 2      12426       6571      65148 
1971	 593000	0 1 0 0 1 0 1 1 0 0 1 0 0 1 0 0 1 1 0 1 1 0 1 0 1 1 0 0 1 1 0 1 1 0 1 1 0 1 1 0 1 2 0 1 2 0 1 2 0 1 2 0 1 2 0 1 2 0 1 2 0 1 2 0 1 2 0 1 2 0 2 2 3 3 2 5 3 3 6 3 2 4 3 3 1 4 2 21 1 2       7715      63000      13500 
2367	 585400	0 0 1 0 0 1 0 0 1 0 0 1 0 0 1 0 1 1 0 1 1 0 0 1 0 0 1 0 1 1 0 1 1 0 1 1 0 1 1 0 1 1 0 2 1 0 2 1 0 2 1 0 2 1 0 2 1 0 3 1 0 2 1 0 2 1 0 2 1 0 2 2 4 2 3 3 3 3 6 2 3 8 3 2 1 2 4 20 2 2       5900      11000      70000 
2565	 547110	0 1 0 0 1 0 0 1 1 0 1 1 0 1 0 0 1 1 0 1 1 0 1 0 0 1 1 1 1 0 1 1 0 1 1 0 1 1 0 2 1 0 2 1 0 2 1 0 2 1 0 2 1 0 2 1 0 2 1 1 2 1 1 2 2 0 3 1 0 2 2 0 3 3 2 3 3 0 1 3 5 3 2 5 2 4 4 3 1 19      13500      63000       9289 
3357	 110400	1 0 0 1 0 0 1 0 1 1 0 0 1 0 0 1 0 1 1 1 0 1 0 1 1 0 1 1 1 0 1 1 0 1 1 0 1 1 0 1 2 0 1 2 0 1 2 0 1 2 0 1 2 0 1 2 0 1 2 0 1 3 0 1 2 0 1 3 0 2 2 0 3 2 3 3 0 6 3 1 6 2 5 3 4 2 0 2 3 20      64000      13000       5650 
9675	  70000	1 0 0 1 0 0 1 1 0 1 1 0 1 0 0 1 1 0 1 0 0 1 1 0 1 0 1 1 0 1 1 0 1 1 0 1 1 0 1 1 2 1 1 0 2 1 0 2 1 0 2 1 0 2 1 0 2 1 1 2 1 0 3 1 1 2 1 0 3 2 0 2 3 2 2 3 5 0 3 4 1 2 4 6 4 0 2 2 19 3      64000       6000      13000 
0	 117484	1 0 0 1 0 0 1 0 0 1 0 0 1 0 0 1 0 0 1 0 0 1 0 0 1 0 1 1 1 0 1 1 0 1 1 0 1 1 0 1 2 0 1 2 0 1 2 0 1 2 0 1 2 0 1 2 0 1 3 0 1 3 0 1 2 0 1 3 0 2 2 0 3 3 3 3 2 3 2 4 7 3 1 5 4 1 2 2 2 21      63706      13147       6014 
1872	 112000	1 0 0 1 0 0 1 0 0 1 0 0 1 0 0 1 0 0 1 0 0 1 0 0 1 0 0 1 0 1 1 0 1 1 0 1 1 0 1 1 0 2 1 0 2 1 0 2 1 0 2 1 0 2 1 0 2 1 0 3 1 0 3 1 0 2 1 0 3 2 0 2 3 4 1 3 5 2 3 3 2 2 9 3 4 1 1 2 20 4      66000       5000      12000 
4833	  95000	0 0 1 0 0 1 1 0 1 0 0 1 0 0 1 0 0 1 0 0 1 0 0 1 1 0 1 1 0 1 1 0 1 1 0 1 1 0 1 2 0 1 2 0 1 2 0 1 2 0 1 2 0 1 2 0 1 3 0 1 2 0 1 2 1 1 3 0 1 2 0 2 2 2 3 0 6 3 2 2 3 4 9 2 1 2 4 3 20 2      13000       5650      64000 
12825	  89060	0 0 1 0 0 1 0 1 1 0 0 1 1 0 1 0 0 1 0 0 1 1 0 1 0 1 1 0 1 1 0 1 1 0 1 1 0 1 1 0 2 1 0 2 1 0 2 1 0 2 1 0 2 1 0 2 1 0 3 1 0 2 1 1 2 1 0 3 1 0 2 2 1 2 3 6 0 3 2 2 3 9 4 2 2 1 4 19 3 2       5947      13000      64000 
0	 665200	1 0 0 1 0 0 1 0 0 1 0 0 1 0 0 1 0 0 1 0 0 1 0 0 1 0 0 1 1 0 1 1 0 1 1 0 1 1 0 1 2 0 1 2 0 1 2 0 1 2 0 1 2 0 1 2 0 1 2 0 1 2 0 1 2 0 1 2 0 2 2 0 3 3 9 3 3 4 3 3 2 3 3 2 4 2 5 1 2 20      63000      13500       8100 
693	 627108	0 0 1 0 0 1 0 0 1 1 0 1 1 0 1 1 0 1 1 0 1 0 0 1 0 0 1 0 1 1 0 1 1 0 1 1 0 1 1 0 2 1 0 2 1 0 2 1 0 2 1 0 2 1 0 2 1 0 2 1 0 2 1 0 2 1 0 2 1 0 2 2 7 3 3 4 3 3 2 3 3 1 3 3 5 2 4 19 2 1       8527      13500      63000 
792	 597000	0 1 0 0 1 1 1 1 0 1 1 0 1 1 0 0 1 0 1 1 0 1 1 0 1 1 0 0 1 1 1 1 1 1 1 1 1 1 1 1 1 2 1 1 2 2 1 2 1 1 2 2 1 2 1 1 2 1 1 2 2 1 2 2 1 2 2 1 2 2 2 1 1 3 3 2 3 3 1 3 3 1 3 3 3 3 2 8 2 2      13500      67500       4500 
1089	 535668	0 1 0 0 1 1 1 1 0 1 1 0 1 1 1 0 1 1 1 1 1 1 1 0 1 1 1 0 1 1 1 1 1 1 1 1 1 1 1 1 1 2 1 1 1 2 1 1 1 1 1 2 1 1 1 1 1 1 1 2 2 1 1 2 1 2 2 1 2 2 2 1 1 3 2 2 3 2 1 3 2 1 3 1 3 4 1 8 1 10       5834      61333      17167 
1584	 531000	0 1 0 0 1 1 1 1 0 1 1 0 1 1 1 0 1 1 1 1 1 1 1 0 1 1 1 0 1 1 1 1 1 1 1 1 1 1 1 1 1 1 1 1 1 1 1 1 1 1 1 2 1 1 1 1 1 1 1 2 3 1 1 2 1 2 2 1 2 2 2 1 1 3 2 2 3 2 1 3 3 1 3 1 3 4 1 8 1 10       7694      61194      15724 
2277	 529200	1 0 1 0 1 1 0 1 1 0 1 1 0 1 1 1 0 1 1 1 1 0 0 1 1 1 1 1 0 1 1 1 1 1 1 1 1 1 1 1 2 1 1 1 1 1 2 1 1 1 1 1 2 1 1 1 1 2 1 1 2 1 1 2 2 1 2 2 1 1 2 2 3 1 3 2 2 3 2 2 3 1 1 3 3 3 3 8 7 2      14000       5600      64400 
2574	 518890	0 1 1 0 1 1 0 1 1 0 1 1 1 1 1 0 1 1 1 1 1 1 1 1 0 1 1 1 1 1 1 1 1 1 1 1 1 1 1 1 1 1 1 1 1 1 1 1 1 1 1 2 1 1 1 1 1 2 1 1 3 1 1 2 1 1 2 1 1 2 2 1 1 3 3 2 3 3 1 3 3 1 3 3 3 3 4 9 2 2      15555      46673      23329 
3069	 513708	1 0 0 1 1 0 1 1 0 1 1 0 1 1 1 1 1 0 1 0 1 1 1 1 1 1 0 1 1 1 1 0 1 1 1 1 1 1 1 1 0 1 1 1 1 1 2 1 1 1 1 1 0 1 1 2 1 1 1 2 1 1 2 1 1 2 1 2 2 2 1 2 3 2 1 3 2 2 3 2 2 3 6 1 3 2 4 2 6 9      66445       2686      14555 
3465	 111582	0 1 0 0 1 0 0 1 0 0 1 0 1 1 0 0 1 1 1 1 0 1 1 0 0 1 1 1 1 1 1 1 1 1 1 1 1 1 1 1 1 1 1 1 1 1 1 1 1 1 1 1 1 1 1 1 1 2 1 2 3 1 1 1 1 3 2 1 2 2 2 0 1 3 3 2 3 2 1 3 3 1 3 2 5 3 4 9 2 8       8944      64996       8689 
9369	  92176	0 1 0 0 1 0 0 1 0 0 1 0 0 1 0 0 1 0 1 1 0 1 1 0 0 1 0 0 1 1 1 1 1 1 1 1 1 1 1 1 1 2 1 1 1 2 1 1 1 1 1 1 1 1 1 1 2 1 1 3 3 1 1 1 1 3 2 1 2 2 2 0 1 3 3 2 3 2 1 3 3 2 3 2 5 3 4 10 2 7       8913      64999       8696 
12735	  80000	1 0 0 1 0 0 1 1 0 1 1 0 1 1 0 1 1 0 1 1 0 1 1 0 1 0 1 1 1 1 1 1 1 1 1 1 1 1 1 1 2 1 1 2 1 1 1 1 1 1 1 1 1 1 1 1 1 1 0 3 1 3 1 1 0 3 1 1 2 2 2 0 3 1 3 3 2 2 3 0 4 3 2 2 3 5 4 2 8 7      61428       8572      12856 
0	 588200	1 0 0 1 0 0 1 0 0 1 0 0 1 0 0 1 0 0 1 0 0 1 0 0 1 0 0 1 1 0 1 1 0 1 1 0 1 1 0 1 2 0 1 2 0 1 2 0 1 2 0 1 2 0 1 2 0 1 2 0 1 2 0 1 2 0 1 2 0 2 2 0 3 3 5 3 3 3 3 3 3 3 3 3 4 2 3 1 2 25      63000      13500       7600 
1080	 121342	1 0 0 1 0 0 1 0 0 1 0 0 1 0 0 1 0 0 1 1 0 1 0 0 1 0 0 1 0 1 1 0 1 1 0 1 1 0 1 1 0 2 1 0 2 1 0 2 1 0 2 1 0 2 1 0 2 1 0 2 1 0 2 1 0 3 1 0 3 2 0 2 3 3 2 2 6 5 3 2 3 3 7 0 4 2 2 2 21 2      63000       6047      13500 
7578	  98286	0 1 0 0 1 0 0 1 0 0 1 0 0 1 1 0 1 0 1 1 0 0 1 0 0 1 0 0 1 1 0 1 1 0 1 1 0 1 1 0 1 2 0 1 2 0 1 2 0 1 2 0 1 2 0 1 2 0 1 2 0 1 2 0 1 3 0 1 3 0 2 2 3 3 2 6 2 5 2 3 2 7 3 0 2 4 1 21 2 3       5381      64000      13000 
0	 649000	1 0 0 1 0 0 1 0 0 1 0 0 1 0 0 1 0 0 1 0 0 1 0 0 1 0 0 1 1 0 1 1 0 1 1 0 1 1 0 1 2 0 1 2 0 1 2 0 1 2 0 1 2 0 1 2 0 1 2 0 1 2 0 1 2 0 1 2 0 2 2 0 3 3 3 3 3 5 3 3 4 3 3 4 4 2 5 1 2 21      63000      13500       9047 
594	 556156	1 0 1 0 0 1 0 1 1 1 0 1 1 0 1 0 1 1 1 0 1 1 0 1 1 0 1 0 1 1 1 1 1 1 1 1 1 1 1 1 1 1 1 2 1 0 2 1 1 2 1 3 2 1 1 2 1 2 1 1 1 2 1 1 2 1 2 2 1 0 2 2 1 3 3 3 3 3 1 3 3 2 2 3 2 2 4 11 3 1      13539      15539      56461 
1584	 555234	0 1 1 0 1 0 1 1 0 0 1 1 0 1 1 1 1 0 0 1 1 0 1 1 0 1 1 1 1 0 1 1 1 1 1 1 1 1 1 1 1 1 1 1 1 2 1 0 1 1 1 1 1 2 2 1 1 1 1 2 2 1 1 2 1 1 2 1 2 3 2 0 4 3 1 3 3 3 4 3 1 2 3 3 2 4 2 3 1 11      15539      56461      13539 
1782	 536000	1 0 1 1 0 0 1 1 0 1 0 1 1 0 1 1 1 0 1 0 1 1 0 1 1 0 1 1 1 0 1 1 1 1 1 1 1 1 1 1 1 1 1 1 1 1 2 0 1 1 1 1 1 1 1 2 1 1 1 2 1 2 1 1 2 1 1 2 2 2 3 0 3 4 1 3 3 3 3 4 1 3 2 3 4 2 2 1 3 12      57000      15000      13000 
1881	 530000	1 0 1 1 0 0 1 1 0 1 0 1 1 0 1 1 0 1 1 0 1 1 0 1 1 0 1 1 2 0 1 2 0 1 1 1 1 1 1 1 1 1 1 2 1 1 2 0 1 2 1 1 1 3 1 2 0 1 2 2 1 2 1 1 1 2 1 2 1 2 2 0 3 3 1 3 3 3 3 3 1 3 3 2 4 2 2 1 2 12      55000      15000      15000 
2871	 148668	1 0 0 1 0 0 1 1 0 1 0 1 1 0 1 1 1 0 1 0 1 1 0 1 1 0 1 1 2 0 1 1 1 1 1 1 1 1 1 1 1 1 1 2 1 1 2 0 1 2 1 1 2 1 1 2 1 1 1 2 1 2 1 1 2 1 1 2 2 2 3 0 3 3 2 3 3 3 3 3 1 3 1 3 4 2 2 1 2 12      56666      12167      14500 
5238	 141272	0 0 1 0 0 1 0 1 1 1 0 1 1 0 1 0 1 1 1 0 1 1 0 1 1 0 1 0 1 1 1 1 1 1 1 1 1 1 1 1 1 1 1 2 1 0 2 1 1 2 1 1 2 1 1 2 1 2 1 1 1 2 1 1 2 1 2 2 1 0 3 2 2 3 3 3 4 2 1 3 3 3 1 3 2 2 4 12 2 2      11211      13948      58788 
5436	 138848	0 0 1 0 0 1 0 1 1 1 0 1 1 0 1 0 1 1 1 0 1 1 0 1 1 0 1 0 2 1 1 1 1 1 1 1 1 1 1 1 1 1 1 1 1 0 2 1 1 2 1 1 2 1 1 2 1 2 1 1 1 2 1 1 2 1 2 2 1 0 3 2 2 3 3 3 4 2 1 3 3 3 1 3 2 2 4 12 2 2      11212      13947      58788 
6723	 138216	1 0 0 1 0 0 1 1 0 1 0 1 1 0 1 1 1 0 1 0 1 1 0 1 1 0 1 1 1 0 1 1 1 1 1 1 1 1 1 1 1 1 1 1 1 1 2 1 1 2 1 1 2 1 1 2 1 1 2 2 1 2 1 1 2 1 1 2 2 2 3 0 3 3 1 2 4 3 3 3 1 3 1 3 4 2 2 2 2 12      58790      13948      11210 
8703	 130002	0 1 0 0 1 0 0 1 1 0 1 0 0 1 1 1 1 0 0 1 0 0 1 0 0 1 0 1 1 1 1 1 1 1 1 1 1 1 1 1 1 1 2 1 1 1 1 1 2 1 1 2 1 1 2 1 1 3 1 1 2 1 2 2 1 2 2 1 2 3 2 0 3 3 3 4 2 5 3 2 6 1 3 2 2 4 1 2 3 6       7000      63333      12667 
9198	 106090	0 0 1 0 0 1 0 1 1 1 0 1 1 0 1 0 1 1 1 0 1 1 0 1 1 0 1 0 1 1 1 1 1 1 1 1 1 1 1 1 1 1 1 1 1 1 1 1 1 2 1 1 2 1 1 2 1 2 2 1 1 2 1 1 2 1 1 2 1 0 3 2 1 3 3 4 5 2 1 3 3 3 1 3 2 2 4 12 2 2      11304      13478      58697 
0	 649000	1 0 0 1 0 0 1 0 0 1 0 0 1 0 0 1 0 0 1 0 0 1 0 0 1 0 0 1 1 0 1 1 0 1 1 0 1 1 0 1 2 0 1 2 0 1 2 0 1 2 0 1 2 0 1 2 0 1 2 0 1 2 0 1 2 0 1 2 0 2 2 0 3 3 7 3 3 3 3 3 6 3 3 3 4 2 2 1 2 21      63000      13500       7715 
1278	 563600	1 0 0 1 0 0 1 0 0 1 0 0 1 0 0 1 0 0 1 0 0 1 0 0 1 0 0 1 0 1 1 0 1 1 0 1 1 0 1 1 0 1 1 0 2 1 0 2 1 0 2 1 0 2 1 0 2 1 0 2 1 0 2 1 0 2 1 0 3 2 0 2 3 3 3 3 7 3 3 0 3 3 2 3 3 10 2 2 20 2      70000       4800      11000 
1476	 559940	0 1 0 0 1 0 0 1 0 0 1 0 0 1 0 0 1 0 0 1 0 0 1 0 0 1 0 1 1 0 1 1 0 2 1 0 1 1 0 1 1 0 2 1 0 2 1 0 2 1 0 2 1 0 2 1 0 2 1 0 3 1 0 2 1 0 3 1 0 1 2 0 0 3 7 3 3 1 3 3 5 3 3 4 2 3 4 4 2 21       9760      71240       4690 
1773	 548000	0 0 1 0 0 1 0 0 1 0 0 1 0 0 1 0 0 1 0 0 1 0 0 1 0 0 1 1 0 1 1 0 1 1 0 1 1 0 1 1 0 1 2 0 1 2 0 1 2 0 1 2 0 1 2 0 1 2 0 1 3 0 1 2 0 1 3 0 1 1 0 2 0 5 3 3 5 3 3 3 3 3 6 3 2 6 3 5 17 2      11000       5000      70000 
2169	 535048	0 1 0 0 1 0 0 1 0 0 1 0 0 1 0 0 1 0 0 1 0 0 1 0 0 1 0 0 1 1 0 1 1 0 1 1 0 1 1 0 1 1 0 1 2 0 1 2 0 1 2 0 1 2 0 1 2 4 1 2 0 1 3 1 1 2 1 1 3 0 2 1 0 3 0 1 3 3 5 3 3 3 3 3 5 3 2 22 2 5       4068      71500       9500 
2565	 530224	1 0 0 1 0 0 1 1 0 1 0 0 1 0 0 1 0 0 1 0 0 1 0 0 1 0 0 1 0 1 1 0 1 1 0 1 1 0 1 1 0 1 1 0 2 1 0 2 1 0 2 1 0 2 1 0 2 1 0 2 1 0 3 1 0 2 1 0 3 2 0 1 3 6 0 3 2 3 3 3 3 3 5 3 3 7 2 2 18 5      70000       4722      11000 
2763	 508670	1 0 0 1 1 0 1 0 0 1 1 0 1 1 0 1 1 0 1 1 0 1 1 0 1 0 0 1 0 1 1 0 1 1 0 1 1 0 1 1 0 1 1 0 1 1 0 2 1 0 2 1 0 1 1 0 2 1 0 2 1 0 3 1 0 2 1 0 2 2 0 1 3 0 2 3 5 2 3 1 3 3 3 1 3 9 2 2 18 9      69890       2235      11110 
3456	 139000	1 1 0 1 1 0 1 1 0 1 1 0 1 1 0 1 1 0 1 1 0 1 1 0 1 1 0 1 1 1 1 1 1 1 1 1 1 1 1 1 1 1 1 1 1 1 1 2 1 1 2 1 1 1 1 1 2 1 1 2 1 1 2 1 1 2 0 2 2 2 2 1 3 3 2 3 3 1 3 3 2 3 3 2 4 3 2 2 1 11      32500      33500      16500 
5238	 108252	1 0 0 1 0 0 1 0 0 1 1 0 1 0 0 1 1 0 1 0 0 1 1 0 1 1 0 1 1 1 1 1 1 1 1 1 1 1 1 1 1 1 1 1 1 1 2 1 1 1 2 1 1 1 1 1 2 1 1 2 1 3 2 1 3 2 1 1 2 2 1 1 3 1 2 3 1 2 3 2 2 3 2 2 4 2 1 1 10 12      65496       3370      15067 
7119	  68826	1 0 0 1 0 0 1 0 1 1 0 1 1 0 1 1 0 1 1 0 1 1 0 1 1 0 0 1 1 1 1 1 1 1 1 1 1 1 1 1 2 0 1 1 2 1 1 1 1 2 0 1 1 1 1 1 2 1 2 1 1 2 1 1 2 1 1 2 1 2 1 1 3 2 2 3 2 2 3 2 2 3 2 2 4 1 1 1 12 12      64706      12647       5294 
9000	  43580	1 0 0 1 0 0 1 0 1 1 0 1 1 0 1 1 0 1 1 0 1 1 0 1 1 0 1 1 1 0 1 1 1 1 1 1 1 1 0 1 2 0 1 1 2 1 1 2 1 2 0 1 1 2 1 1 2 1 2 1 1 2 2 1 2 2 1 2 1 2 1 1 3 2 2 3 2 2 3 2 2 3 2 2 4 1 1 1 12 9      63571      13214       6429 
0	 665200	1 0 0 1 0 0 1 0 0 1 0 0 1 0 0 1 0 0 1 0 0 1 0 0 1 0 0 1 1 0 1 1 0 1 1 0 1 1 0 1 2 0 1 2 0 1 2 0 1 2 0 1 2 0 1 2 0 1 2 0 1 2 0 1 2 0 1 2 0 2 2 0 3 3 6 3 3 5 3 3 3 3 3 3 4 2 5 1 2 20      63000      13500       8100 
2070	 146600	0 1 0 0 1 0 0 1 0 0 1 0 0 1 0 1 1 0 1 1 0 0 1 0 0 1 0 1 1 0 1 1 0 1 1 0 1 1 0 2 1 0 2 1 0 2 1 0 2 1 0 2 1 0 2 1 0 2 1 0 2 1 0 2 1 0 2 1 0 2 2 0 1 3 6 1 3 5 3 3 3 2 3 3 4 3 5 3 2 20      13500      63000       5675 
5913	 137532	0 0 1 0 0 1 0 0 1 0 0 1 1 0 1 0 0 1 0 0 1 0 0 1 0 0 1 1 0 1 1 0 1 1 0 1 1 0 1 2 1 1 2 1 1 2 1 1 2 0 1 2 1 1 2 0 1 2 2 1 2 2 1 2 2 1 2 2 1 2 0 2 3 0 3 3 1 3 3 0 3 2 5 3 2 5 3 2 19 2      10294       6706      66000 
7497	  86678	0 1 0 0 1 0 1 1 0 0 1 0 1 1 0 1 1 0 0 1 0 0 1 0 1 1 0 0 1 1 0 1 1 0 1 1 0 1 1 1 1 2 0 1 2 1 1 2 0 1 2 1 1 2 0 1 2 1 1 2 2 1 2 1 1 2 2 1 2 0 2 2 0 3 3 1 3 3 0 3 3 4 3 1 5 3 4 19 2 2       6667      63333      13333 
0	 631728	1 0 0 1 0 0 1 0 0 1 0 0 1 0 0 1 0 0 1 0 0 1 0 0 1 0 0 1 1 0 1 1 0 1 1 0 1 1 0 1 2 0 1 2 0 1 2 0 1 2 0 1 2 0 1 2 0 1 2 0 1 2 0 1 2 0 1 2 0 2 2 0 3 3 6 3 3 4 3 3 2 3 3 5 4 2 3 1 2 22      63000      13500       8636 
1485	 578334	1 0 0 1 0 1 1 1 1 1 1 0 1 0 0 1 1 1 1 1 1 1 1 0 1 1 0 1 2 0 1 1 1 1 2 2 1 2 0 1 1 1 1 2 0 1 0 2 1 1 1 1 2 0 1 1 1 1 1 2 1 2 1 1 1 2 1 2 1 2 0 2 3 1 2 2 5 7 3 1 3 3 1 3 4 0 3 2 8 4      63000      13500       9333 
1881	 574446	1 0 0 1 0 1 1 1 1 1 1 0 1 0 0 1 1 1 1 1 1 1 1 0 1 1 0 1 1 0 1 1 1 1 2 2 1 2 0 1 1 1 1 2 0 1 0 2 1 1 1 1 2 0 1 1 1 1 1 2 1 2 1 1 2 2 1 2 1 2 0 2 3 1 2 2 5 7 3 1 3 3 1 3 4 0 3 2 8 4      63338      13331       8885 
2277	 572000	0 0 1 0 1 1 1 1 1 1 0 1 0 0 1 1 1 1 1 1 1 1 0 1 1 0 1 1 0 1 1 1 1 1 2 1 2 0 1 1 1 1 2 0 1 0 2 1 1 1 1 2 0 1 1 1 1 1 2 1 2 1 1 2 2 1 3 1 1 0 2 2 1 2 3 5 7 2 1 3 3 1 3 3 0 3 4 8 4 2      13250       8750      63500 
3168	 550000	1 1 1 1 0 1 1 0 1 1 0 1 1 0 1 1 0 1 1 0 1 1 0 1 1 0 1 1 1 1 1 1 1 1 1 1 1 1 1 1 1 1 1 1 1 1 1 1 1 1 1 1 2 1 1 2 1 1 2 1 2 2 1 1 2 1 1 2 1 2 2 2 3 4 2 3 4 2 2 4 3 2 3 3 4 2 3 2 2 4      25000      15000      45000 
3465	 540000	1 1 1 0 1 1 0 1 1 0 1 1 0 1 1 0 1 1 0 1 1 0 1 1 0 1 1 1 1 1 1 1 1 1 1 1 1 1 1 1 1 1 1 1 1 1 1 1 2 1 1 2 1 1 2 1 1 2 1 1 2 2 1 2 1 1 2 1 1 2 2 2 4 3 2 4 3 2 3 2 3 3 2 3 2 4 3 2 2 4      15000      25000      45000 
3861	 532500	1 1 1 0 1 1 0 1 1 0 1 1 0 1 1 0 1 1 0 1 1 0 1 1 0 1 1 1 1 1 1 1 1 1 1 1 1 1 1 1 1 1 1 1 1 1 1 1 1 1 1 2 1 1 2 1 1 2 1 1 2 2 1 2 1 1 2 1 1 2 2 2 5 3 2 4 3 2 3 2 3 3 2 3 2 4 3 2 2 4      13750      21250      48750 
4059	 506944	1 1 1 1 0 1 1 0 1 1 0 1 1 0 1 1 0 1 1 0 1 1 0 1 1 1 1 1 1 1 1 1 1 1 1 1 1 1 1 1 1 1 1 1 1 1 1 1 1 1 1 1 1 1 1 1 1 1 2 1 1 2 1 1 3 1 1 3 0 2 1 2 3 3 2 2 4 3 3 3 2 3 3 2 4 3 3 2 3 6      45384      15384      23846 
4554	 496158	1 1 1 1 0 1 1 0 1 1 0 1 1 0 1 1 0 1 1 0 1 1 0 1 1 1 1 1 1 1 1 1 1 1 1 1 1 1 1 1 1 1 1 1 1 1 2 1 1 1 1 1 1 1 1 1 1 1 2 1 1 2 1 1 2 1 1 3 0 2 1 2 3 3 2 2 4 3 3 3 2 3 3 2 4 3 3 2 3 6      45384      15385      23846 
4653	 490000	0 1 1 0 1 1 0 1 1 0 1 1 0 1 1 0 1 1 0 1 1 0 1 1 0 1 1 1 1 1 1 1 1 1 1 1 1 1 1 1 1 1 1 1 1 2 1 1 1 1 1 1 1 1 1 1 1 2 1 1 2 1 1 2 1 1 2 1 1 1 2 2 4 4 2 4 4 2 3 2 3 5 2 3 3 4 3 3 1 4      15000      15000      55000 
5247	 104546	0 1 1 0 1 1 0 1 1 0 1 1 0 1 1 0 1 1 0 1 1 0 1 1 0 1 1 1 1 1 1 1 1 1 1 1 1 1 1 1 1 1 1 1 1 1 1 1 2 1 1 1 1 1 1 1 1 2 1 1 2 1 1 2 1 1 2 1 1 1 2 2 4 3 2 4 3 2 2 3 3 6 2 2 3 3 4 3 3 4      16363      32728      33182 
10269	 104000	1 0 0 1 0 0 1 0 0 1 0 0 1 0 0 1 0 0 1 0 0 1 0 0 1 0 0 1 1 1 1 1 1 1 1 1 1 1 1 1 1 1 1 1 2 1 1 2 1 1 2 1 1 2 1 2 2 1 2 2 1 2 2 1 2 3 1 2 2 2 1 2 3 2 3 2 6 3 3 2 3 2 6 3 3 5 2 4 1 2      65740      16210        420 
11061	 101336	0 0 1 0 0 1 0 0 1 0 0 1 0 0 1 0 0 1 0 0 1 0 0 1 0 0 1 1 1 1 1 1 1 1 1 1 1 1 1 1 1 1 1 2 1 2 1 1 2 1 1 2 1 1 2 1 1 2 2 1 3 2 1 3 2 1 2 2 1 2 1 2 3 2 3 3 6 2 3 2 3 3 6 2 2 5 3 2 1 4        667      16000      65999 
0	 649000	1 0 0 1 0 0 1 0 0 1 0 0 1 0 0 1 0 0 1 0 0 1 0 0 1 0 0 1 1 0 1 1 0 1 1 0 1 1 0 1 2 0 1 2 0 1 2 0 1 2 0 1 2 0 1 2 0 1 2 0 1 2 0 1 2 0 1 2 0 2 2 0 3 3 4 3 3 6 3 3 5 3 3 5 4 2 1 1 2 21      63000      13500       7715 
2367	 525092	1 0 1 1 0 0 1 0 1 1 0 1 1 0 0 1 0 0 1 0 0 1 0 0 1 1 0 1 1 0 1 1 1 1 1 1 1 1 0 1 2 0 1 1 1 1 2 0 1 2 0 1 2 0 1 2 0 1 3 1 1 2 1 1 2 1 1 2 1 2 2 0 3 3 0 3 3 6 3 2 1 3 1 6 4 2 0 1 4 19      63332      13334       8596 
3258	 522782	1 0 1 1 0 1 1 0 1 1 0 1 1 0 1 1 0 1 1 0 1 1 0 1 1 1 1 1 1 1 1 1 1 0 1 1 1 1 1 0 2 1 1 1 1 1 2 1 0 2 1 1 2 1 0 2 1 1 3 1 1 2 1 0 2 1 1 2 1 0 2 2 2 3 3 1 3 3 3 2 3 1 1 3 1 2 4 16 4 1      10045      14609      60782 
4446	 517624	1 0 1 1 0 0 1 0 0 1 0 1 1 1 0 1 0 0 1 1 0 1 0 0 1 1 0 1 1 0 1 1 1 1 1 1 1 1 0 1 1 1 1 2 0 1 2 0 1 2 0 1 2 0 1 2 0 1 2 1 1 2 1 1 2 1 1 3 1 2 2 0 3 3 0 3 1 6 3 3 0 3 2 6 4 2 0 1 2 21      63332      13334       9047 
5535	 516000	1 1 0 1 1 0 1 1 0 1 1 0 1 1 0 1 1 0 0 1 1 1 1 0 0 1 1 1 1 1 1 1 1 1 1 1 1 1 1 1 1 2 1 1 1 1 1 2 1 1 2 1 1 1 0 1 2 1 1 3 1 1 2 1 1 2 1 1 2 2 2 2 4 2 3 4 2 3 3 3 2 3 3 1 5 3 2 1 4 4      19666      50334      15333 
5634	 512000	1 1 0 1 1 0 1 1 0 1 1 0 1 1 0 1 1 0 0 1 1 1 1 0 0 1 1 1 1 1 1 1 1 1 1 1 1 1 1 1 1 1 1 1 1 1 1 2 1 1 2 1 1 1 0 1 2 1 1 3 1 1 2 1 1 2 1 1 2 2 2 2 4 2 3 4 2 4 3 3 2 3 3 1 5 3 2 1 4 4      19000      51000      15000 
7119	 120800	1 1 0 1 1 0 1 1 0 1 1 0 1 1 0 1 1 0 1 1 0 1 1 0 1 0 1 1 1 1 1 1 1 1 1 1 1 1 1 1 1 1 1 1 2 1 1 1 1 1 1 1 1 2 1 1 1 0 2 4 1 2 1 1 1 2 1 1 2 2 2 1 3 2 3 3 2 3 3 3 2 3 2 3 3 3 4 3 4 4      48800      17200      16400 
9198	 105750	0 1 0 0 1 0 0 1 0 0 1 0 0 1 1 0 1 0 0 1 0 1 1 0 0 1 1 1 1 1 1 1 1 1 1 1 1 1 1 1 1 2 1 1 1 2 1 1 1 1 1 1 1 1 1 1 1 2 1 3 2 1 2 1 1 3 2 1 2 1 2 1 6 2 4 2 3 2 2 3 2 2 3 2 5 3 4 5 3 4      12750      64250       5875 
10683	  94000	1 0 0 1 0 0 1 0 0 1 0 0 1 0 1 1 0 0 1 0 1 1 1 0 1 0 1 1 1 0 1 1 1 1 1 1 1 1 1 1 2 1 1 1 2 1 1 1 1 2 1 1 1 1 1 1 1 1 2 1 1 2 2 1 1 3 1 2 2 2 1 1 2 5 6 3 2 2 3 2 2 3 2 2 3 5 4 3 5 4      64000      12000       7000 
0	 164668	1 0 0 1 0 0 1 0 0 1 1 0 1 0 0 1 0 0 1 0 0 1 0 0 1 0 0 1 1 0 1 1 0 1 1 0 1 1 0 1 2 0 1 2 0 1 2 0 1 2 0 1 2 0 1 2 0 1 2 0 1 3 0 1 3 0 1 2 0 2 1 0 3 3 3 3 2 4 3 0 6 2 4 8 4 2 4 2 3 17      64000      13000       6333 
2961	 108004	1 0 0 1 0 0 1 1 0 1 0 1 1 1 0 1 1 0 1 0 0 1 1 0 1 0 0 1 0 1 1 1 1 1 0 1 1 0 1 1 0 2 1 0 2 1 0 2 1 0 2 1 0 2 1 0 2 1 1 2 1 0 3 1 0 3 1 1 2 2 0 1 3 2 3 3 2 2 3 2 1 2 7 4 4 4 1 2 18 3      63714       6286      13143 
7506	 104584	0 0 1 0 0 1 0 0 1 1 0 1 1 0 1 0 0 1 0 0 1 0 0 1 1 0 1 0 1 1 1 1 1 1 1 1 1 1 1 1 1 1 2 1 1 1 1 1 1 1 1 1 2 1 1 1 1 3 2 1 1 2 1 2 2 1 2 2 1 1 1 2 4 6 2 2 2 3 4 2 3 2 6 2 2 1 4 6 5 3        208      16250      65834 
8001	 104000	0 1 0 0 1 0 0 1 0 1 1 0 0 1 0 0 1 0 0 1 0 0 1 0 1 1 0 1 1 1 1 1 1 1 1 1 1 1 1 1 1 1 2 1 1 2 1 1 2 1 1 1 1 1 3 1 2 2 1 2 3 1 2 3 1 2 2 1 2 1 2 1 3 2 6 2 3 2 1 3 2 4 2 6 1 4 1 3 3 5        186      65884      16279 
8199	 100000	0 1 0 0 1 0 0 1 0 1 1 0 0 1 0 0 1 0 0 1 0 0 1 0 1 1 0 1 1 1 1 1 1 1 1 1 1 1 1 1 1 1 2 1 1 2 1 1 2 1 1 2 1 1 2 1 2 2 1 2 3 1 2 3 1 2 2 1 2 1 2 1 3 2 6 2 3 2 1 3 2 4 2 6 1 4 1 3 3 5       1000      66000      15500 
8397	  91144	0 1 0 0 1 0 0 1 0 1 1 0 0 1 0 0 1 0 0 1 0 0 1 0 1 1 0 1 1 1 1 1 1 1 1 1 1 1 1 1 1 1 2 1 1 2 1 1 2 1 1 3 1 1 1 1 2 2 1 2 3 1 2 3 1 2 2 1 2 1 2 1 3 2 6 2 3 2 1 3 2 4 2 6 1 4 1 3 3 5       3284      66000      14144 
8595	  90000	1 0 0 1 0 0 1 0 0 1 0 0 1 0 0 1 0 0 1 0 0 1 0 0 1 0 0 1 1 1 1 1 1 1 1 1 1 1 1 1 1 1 1 1 1 1 1 1 1 1 1 1 1 2 1 2 1 1 2 2 1 2 2 1 2 2 1 2 2 2 1 1 2 6 6 3 2 2 3 2 2 2 6 6 4 1 1 3 5 5      65911       8637       7726 
8892	  88572	0 1 1 0 1 1 0 1 1 0 1 1 1 0 1 0 1 1 0 1 1 0 1 1 0 1 1 1 1 1 1 1 1 1 1 1 1 1 1 1 2 1 2 0 1 1 1 1 1 2 1 1 1 1 1 2 1 2 1 1 2 1 1 2 1 1 2 1 1 1 2 2 6 1 2 2 3 3 2 3 3 5 3 2 1 4 4 5 2 3      17143       7143      58571 
9090	  80000	1 0 0 1 0 0 1 0 0 1 1 0 1 1 0 1 1 0 1 1 0 1 1 0 1 1 0 1 0 1 1 0 1 1 1 1 1 1 1 1 2 1 1 1 1 1 1 1 1 1 1 1 1 1 1 1 1 1 0 3 1 2 2 1 2 2 1 2 2 2 2 1 2 4 6 3 2 2 3 2 2 2 5 6 4 1 1 3 5 5      65714       4286      12857 
0	 665200	1 0 0 1 0 0 1 0 0 1 0 0 1 0 0 1 0 0 1 0 0 1 0 0 1 0 0 1 1 0 1 1 0 1 1 0 1 1 0 1 2 0 1 2 0 1 2 0 1 2 0 1 2 0 1 2 0 1 2 0 1 2 0 1 2 0 1 2 0 2 2 0 3 3 6 3 3 6 3 3 3 3 3 5 4 2 2 1 2 20      63000      13500       8100 
891	 641000	1 1 1 1 1 0 1 1 1 1 0 1 1 1 0 1 1 1 1 1 0 1 1 0 1 1 0 1 1 1 1 1 1 1 2 1 1 1 1 1 1 2 1 1 1 1 1 2 1 1 2 1 1 2 1 1 2 1 1 2 1 1 2 1 1 2 1 1 2 2 2 2 3 2 2 3 2 2 2 4 2 3 2 3 3 4 2 3 3 2      58500      22500       4500 
1089	 621000	1 1 1 1 1 0 1 1 1 1 0 1 1 1 0 1 1 1 1 1 0 1 1 0 1 1 0 1 1 1 1 1 1 1 1 1 1 1 1 1 1 2 1 1 1 1 1 2 1 1 2 1 1 2 1 1 2 1 1 2 1 1 2 1 1 2 1 2 2 2 2 2 3 2 2 3 2 2 2 4 2 3 2 3 3 4 2 3 3 2      58500      22500       4500 
1683	 616500	1 1 1 1 1 0 1 1 1 0 1 1 1 1 0 1 1 1 1 1 0 1 1 0 1 1 0 1 1 1 1 1 1 1 1 1 1 1 1 1 1 1 1 1 1 1 1 1 1 1 2 1 1 2 1 1 2 1 1 2 1 1 2 1 1 2 2 1 2 2 2 2 2 3 2 2 3 2 4 2 4 2 3 3 4 3 2 3 3 2      22000      57500       6750 
3159	 566400	1 0 1 1 0 1 1 0 1 1 0 1 1 0 1 1 0 0 1 0 1 1 0 1 1 0 1 1 1 1 1 1 1 1 1 1 1 1 1 1 1 1 1 2 1 1 2 1 1 2 1 1 2 1 1 2 1 1 2 2 1 2 2 1 2 1 1 2 1 2 2 1 2 3 5 2 3 4 3 4 1 3 3 2 4 2 1 3 2 4      63000       6200      15600 
3555	 540000	1 1 0 1 0 1 1 0 1 1 0 1 1 1 1 1 0 1 1 1 1 1 1 1 1 1 1 1 1 1 1 1 1 1 1 1 1 1 1 1 1 1 1 1 1 1 1 1 1 1 1 1 1 1 1 1 1 1 2 1 1 2 1 1 2 1 1 1 2 2 1 2 2 5 3 2 6 3 3 1 3 3 2 3 4 1 3 3 4 2      55000      15000      15000 
3951	 535000	0 1 1 0 1 0 0 1 1 0 1 1 0 1 1 0 1 1 0 1 1 1 1 1 0 1 1 1 1 1 1 1 1 1 1 1 1 1 1 1 1 1 1 1 1 2 1 1 2 1 1 5 0 1 2 1 1 2 1 1 2 1 1 2 1 1 2 1 2 1 2 2 2 3 2 3 3 1 2 3 4 3 3 2 2 3 4 3 3 4      15000      57500      12500 
4248	 510000	1 0 1 1 0 0 1 0 0 1 0 0 1 0 1 1 0 0 1 0 1 1 0 1 1 0 1 1 1 1 1 1 1 1 1 1 1 1 1 1 1 1 1 2 1 1 2 1 1 2 1 1 2 1 1 2 1 1 2 2 1 2 2 1 2 2 1 2 1 2 2 1 2 3 5 2 3 6 3 4 1 3 3 2 4 2 1 3 2 4      63332       6297      14074 
4941	 486472	0 0 1 0 0 1 0 0 1 0 0 1 0 0 1 0 0 1 1 0 1 0 0 1 1 0 1 1 0 1 1 0 1 1 0 1 1 0 1 1 0 1 1 0 1 1 0 1 1 0 1 1 0 1 1 0 1 2 0 1 2 0 1 2 0 1 2 0 1 1 0 2 5 5 2 6 5 2 2 3 3 2 6 3 1 3 4 5 20 3      16471          0      65882 
5238	 152000	0 1 0 0 1 0 0 1 0 0 1 0 0 1 0 0 1 0 0 1 1 0 1 0 0 1 1 1 1 1 1 1 1 1 1 1 1 1 1 1 1 1 1 1 1 1 1 1 2 1 1 2 1 1 2 1 1 1 1 2 2 1 2 3 1 2 2 1 2 2 2 1 3 2 5 5 2 6 4 3 2 3 3 2 2 4 1 2 3 5       5125      64250      12750 
7020	 148572	1 0 1 1 0 1 1 0 1 1 0 1 1 0 1 1 0 1 1 0 1 1 0 1 1 0 1 1 1 1 1 1 1 1 1 1 1 1 1 1 1 1 1 1 1 1 1 1 1 1 1 1 1 1 1 1 1 1 2 1 1 2 1 1 2 1 1 2 1 2 2 2 3 3 2 3 5 1 2 4 4 3 3 2 3 3 4 3 4 4      49142      16286      16858 
7317	 117716	0 0 1 0 0 1 0 0 1 0 0 1 0 0 1 0 0 1 1 0 1 0 0 1 0 0 1 0 1 1 1 1 1 1 1 1 1 1 1 1 1 1 2 1 1 1 1 1 1 1 1 1 2 1 1 2 1 1 2 1 1 2 1 2 2 1 3 2 1 2 1 2 5 6 2 6 6 2 3 2 3 3 1 3 2 1 4 3 5 3       1426      15145      66000 
7812	  80000	1 0 0 1 0 0 1 0 1 1 0 1 1 0 1 1 0 1 1 0 1 1 0 1 1 0 1 1 1 1 1 1 1 1 1 1 1 1 1 1 1 1 1 1 2 1 1 2 1 1 2 1 1 1 1 1 1 1 3 0 1 2 1 1 3 0 1 2 1 2 1 2 2 6 4 2 6 3 3 2 2 3 1 3 4 1 3 3 5 3      62500      13750       7500 
10773	  77144	1 0 0 1 0 0 1 0 0 1 0 0 1 0 0 1 0 0 1 0 0 1 0 0 1 0 0 1 1 1 1 1 1 1 1 1 1 1 1 1 1 2 1 1 2 1 1 2 1 1 2 1 1 2 1 1 2 1 2 2 1 1 3 1 3 0 1 2 2 2 1 1 2 7 3 2 7 3 3 2 2 3 1 4 4 1 2 3 5 4      64292      11428       7140 
0	 631728	1 0 0 1 0 0 1 0 0 1 0 0 1 0 0 1 0 0 1 0 0 1 0 0 1 0 0 1 1 0 1 1 0 1 1 0 1 1 0 1 2 0 1 2 0 1 2 0 1 2 0 1 2 0 1 2 0 1 2 0 1 2 0 1 2 0 1 2 0 2 2 0 3 3 3 3 3 3 3 3 8 3 3 3 4 2 3 1 2 22      63000      13500       8636 
1674	 615960	1 0 0 1 0 0 1 0 0 1 0 0 1 0 0 1 0 0 1 0 0 1 0 0 1 0 0 1 1 0 1 1 0 1 1 0 1 1 0 1 2 0 1 2 0 1 2 0 1 2 0 1 2 0 1 2 0 1 2 0 1 2 0 1 2 0 1 2 0 2 2 0 3 3 5 3 3 1 3 3 4 3 3 4 4 2 5 1 2 23      63000      13500       8260 
2664	 562944	1 0 1 1 1 0 1 1 1 1 1 0 1 0 1 1 1 0 1 1 0 1 1 0 1 0 1 1 0 1 1 0 1 1 0 1 1 0 1 1 1 1 1 0 2 1 0 2 1 1 2 1 0 2 1 0 2 1 0 2 1 0 2 1 1 2 1 0 3 2 0 2 3 1 2 3 3 2 3 2 2 3 1 3 4 9 1 1 17 2      58824      11176      15588 
5526	 523000	1 0 0 1 0 0 1 0 0 1 0 0 1 0 0 1 0 0 1 0 0 1 0 0 1 0 0 1 1 0 1 1 0 1 1 0 1 1 0 1 2 0 1 2 0 1 2 0 1 2 0 1 2 0 1 2 0 1 3 0 1 3 0 1 2 0 1 3 0 2 2 0 3 2 8 3 1 4 3 2 5 3 2 3 4 0 4 1 6 18      63000      13500       7000 
5724	 131858	0 1 0 0 1 0 1 1 0 0 1 0 0 1 1 0 1 0 1 1 0 0 1 0 1 1 0 0 1 1 0 1 1 0 1 1 0 1 1 0 1 2 0 1 2 0 1 2 1 1 2 0 1 2 0 1 2 0 1 3 0 1 3 0 1 2 0 1 2 0 2 2 7 2 3 6 3 1 3 3 2 4 3 2 0 4 2 18 2 3       6296      63334      13333 
10566	  61442	0 1 0 0 1 0 1 1 0 0 1 0 0 1 1 1 1 0 1 1 0 1 1 0 1 1 0 0 1 1 0 1 1 0 1 1 0 1 1 2 1 1 0 1 2 0 1 2 1 1 2 0 1 2 0 1 2 0 1 3 0 1 3 1 1 2 0 1 3 0 2 2 7 2 4 4 3 1 2 3 2 4 3 1 0 4 2 16 2 3       7094      63000      13499 
0	 649000	1 0 0 1 0 0 1 0 0 1 0 0 1 0 0 1 0 0 1 0 0 1 0 0 1 0 0 1 1 0 1 1 0 1 1 0 1 1 0 1 2 0 1 2 0 1 2 0 1 2 0 1 2 0 1 2 0 1 2 0 1 2 0 1 2 0 1 2 0 2 2 0 3 3 6 3 3 4 3 3 4 3 3 5 4 2 2 1 2 21      63000      13500       7715 
297	 617970	0 1 0 0 1 0 0 1 0 0 1 0 0 1 0 0 1 0 0 1 0 0 1 0 0 1 0 1 1 0 1 1 0 1 1 0 1 1 0 2 1 0 2 1 0 1 1 0 4 0 0 1 1 0 2 1 0 2 1 0 2 1 0 2 1 0 2 1 0 1 2 0 2 3 6 3 3 4 2 3 5 3 3 8 2 4 3 5 2 16      20250      63000       1547 
990	 552716	0 0 1 1 1 1 1 1 1 1 0 1 1 0 1 1 0 1 1 0 1 1 0 1 1 0 1 0 1 1 1 1 1 1 1 1 1 1 1 1 1 1 1 2 1 2 1 1 2 4 0 1 1 1 0 1 1 1 2 1 1 2 1 1 2 1 1 2 1 2 1 2 1 2 3 3 3 3 2 2 3 1 3 3 0 2 4 11 5 2       5642      18643      62357 
1089	 180000	1 1 0 1 1 0 1 1 0 1 1 0 1 1 0 1 1 0 1 1 0 1 1 0 0 1 0 0 1 1 1 1 1 1 1 1 1 1 1 1 1 2 2 1 1 0 1 1 1 0 5 0 1 1 2 1 2 1 1 2 2 1 2 1 1 2 1 1 2 1 2 1 2 3 2 1 3 2 1 3 2 2 3 3 5 4 1 8 2 7          0      63000      18000 
1584	 164000	1 0 1 0 0 1 1 0 1 1 0 1 0 0 1 1 0 1 1 0 1 1 0 1 1 0 1 1 1 1 0 1 1 0 1 1 1 1 1 1 2 1 1 1 1 1 1 1 2 5 0 1 1 1 2 2 1 2 2 1 2 2 1 1 2 1 1 2 1 2 1 2 3 2 3 0 2 3 2 2 3 1 3 3 4 1 4 7 7 2       3000      15000      63000 
1782	 162000	0 1 0 1 1 0 1 1 0 0 1 0 0 1 0 0 1 0 0 1 0 0 1 0 0 1 0 1 1 1 1 1 1 1 1 1 1 1 1 1 1 2 1 1 1 1 1 1 2 0 5 1 1 1 1 1 2 2 1 2 2 1 2 3 1 2 3 1 2 1 2 1 2 3 2 3 3 2 2 3 2 4 3 3 2 4 1 5 2 7       1500      64500      16500 
1881	 104880	0 1 0 0 1 0 0 1 0 0 1 0 0 1 2 0 1 1 0 1 0 0 1 3 0 1 1 1 1 0 1 1 1 1 1 1 1 1 1 1 1 2 1 1 0 1 1 0 5 0 0 1 1 2 2 1 0 2 1 2 2 1 1 2 1 1 2 1 0 1 2 1 2 3 3 2 3 4 2 3 4 2 3 4 1 4 8 9 2 0      16586      65364        245 
2871	 104720	0 1 1 0 1 1 0 1 1 0 1 1 0 1 1 0 1 1 0 1 1 0 1 1 0 1 1 1 1 1 1 1 1 1 1 1 1 1 1 1 1 1 1 1 1 1 1 1 5 1 0 1 1 1 2 1 1 2 1 1 2 1 1 2 1 1 2 1 1 1 2 2 2 3 3 2 3 3 2 3 3 2 2 3 1 4 4 9 2 2      16470        588      65294 
3168	  90436	1 0 0 1 0 0 1 0 0 1 0 0 1 0 0 1 0 0 1 0 0 1 0 0 1 0 0 1 1 1 1 1 1 1 1 1 1 1 1 1 1 1 1 1 1 1 1 2 0 5 5 1 1 1 1 2 1 1 2 2 1 2 2 1 2 2 1 2 2 2 1 1 3 2 2 3 2 2 3 2 2 3 2 2 4 1 1 2 9 9      65652       8696       7826 
5931	  68428	1 0 0 1 0 0 1 0 1 1 0 0 1 0 1 1 0 1 1 0 0 1 0 1 1 0 0 1 1 1 1 1 0 1 1 1 1 1 1 1 1 1 1 2 0 1 1 1 0 5 5 1 1 1 1 1 2 1 2 2 1 2 2 1 2 2 1 2 2 2 1 1 3 2 2 3 2 2 3 2 2 3 2 2 4 1 1 2 9 7      64738      12632       5262 
0	 615960	1 0 0 1 0 0 1 0 0 1 0 0 1 0 0 1 0 0 1 0 0 1 0 0 1 0 0 1 1 0 1 1 0 1 1 0 1 1 0 1 2 0 1 2 0 1 2 0 1 2 0 1 2 0 1 2 0 1 2 0 1 2 0 1 2 0 1 2 0 2 2 0 3 3 5 3 3 4 3 3 2 3 3 3 4 2 5 1 2 23      63000      13500       8260 
1476	 584708	1 1 0 1 1 0 1 1 0 1 1 0 1 1 0 1 1 0 1 1 0 1 1 0 1 1 0 1 0 1 1 0 1 1 0 1 1 0 1 1 0 1 1 0 2 1 0 2 1 0 2 1 0 2 1 0 2 1 0 2 1 0 2 1 0 2 1 0 3 2 0 2 2 6 3 3 4 3 3 1 3 3 1 3 4 4 2 2 17 2      63059       6941      17941 
1773	 518572	0 0 1 0 1 1 0 1 1 0 1 1 0 1 1 0 1 1 0 1 1 0 1 1 0 1 1 1 0 1 1 0 1 1 1 1 1 0 1 1 1 1 2 1 1 2 0 1 2 0 1 2 1 1 2 0 1 2 1 1 2 1 1 2 1 1 3 1 1 2 1 2 3 3 3 3 1 3 3 3 3 3 2 3 2 1 4 2 15 1      15000      12857      57143 
2664	 488818	0 0 1 0 0 1 0 1 1 0 0 1 0 0 1 0 1 1 0 1 1 0 0 1 1 0 1 1 0 1 1 0 1 1 0 1 1 0 1 1 0 1 1 1 1 2 0 1 2 0 1 2 0 1 2 0 1 2 0 1 2 0 1 2 0 1 2 0 1 2 0 2 5 5 2 2 0 3 5 4 2 2 5 3 1 3 4 2 21 3      18031       2531      63595 
3159	 474288	0 0 1 1 0 1 1 0 1 1 0 1 1 0 1 1 0 1 1 0 1 1 0 1 1 1 1 0 1 1 0 1 1 1 1 1 0 1 1 1 1 1 1 1 1 0 2 1 0 2 1 1 2 1 0 2 1 1 2 1 1 2 1 1 2 1 1 2 1 1 2 2 3 5 2 1 2 3 3 5 2 2 2 3 1 1 4 15 2 3       3572      15714      65000 
4050	 153736	1 0 0 1 1 0 1 1 0 1 1 0 1 1 0 1 1 0 1 1 0 1 1 0 1 1 0 1 0 1 1 0 1 1 1 1 1 0 1 1 1 1 1 1 1 1 0 1 1 0 2 1 1 1 1 0 2 1 1 2 1 0 2 1 1 2 1 1 2 2 1 2 2 3 5 3 1 2 2 4 5 3 2 3 4 1 2 3 15 3      63533       2467      17467 
5634	 133574	0 1 0 0 1 0 0 1 0 0 1 0 0 1 0 0 1 0 0 1 0 0 1 0 0 1 0 1 1 1 1 1 1 1 1 1 1 1 1 1 1 2 1 1 1 1 1 1 1 1 1 1 1 1 1 1 1 2 1 2 3 1 2 1 1 3 2 1 2 2 2 1 6 2 6 2 3 2 5 2 5 3 3 2 2 4 1 4 3 5       2501      65714      13928 
6723	 108000	0 0 1 0 0 1 0 1 1 0 1 1 0 1 1 0 1 1 0 1 1 0 1 1 0 1 1 1 1 1 1 1 1 1 1 1 1 1 1 1 1 1 1 2 1 1 1 1 1 1 1 1 2 1 1 1 1 2 1 1 2 1 1 2 2 1 2 3 1 1 2 2 6 4 2 3 1 3 5 3 2 3 1 3 2 1 4 4 4 3      12000       8000      62000 
7119	  87062	0 1 0 0 1 0 0 1 0 0 1 0 0 1 0 0 1 0 0 1 0 0 1 0 0 1 0 1 1 1 1 1 1 1 1 1 1 1 1 1 1 1 2 1 1 2 1 1 1 1 1 1 1 1 2 1 1 2 1 2 1 1 3 1 1 3 2 1 2 1 2 1 6 2 6 2 3 2 6 2 5 2 3 2 1 4 1 5 3 5       7647      65883       8823 
8505	  76502	1 0 0 1 0 0 1 1 0 1 1 0 1 1 0 1 1 0 1 1 0 1 1 0 1 1 0 1 1 1 1 1 1 1 1 1 1 1 1 1 2 1 1 1 1 1 1 1 1 2 1 1 1 1 1 1 2 1 1 2 1 1 2 1 1 2 1 1 2 2 2 1 2 3 6 3 2 2 2 3 6 3 2 2 4 4 1 3 3 5      62941       6470      14117 
9297	  76474	0 1 0 0 1 0 1 1 0 1 1 0 1 1 0 1 1 0 1 1 0 1 1 0 1 1 0 1 1 1 1 1 1 1 1 1 1 1 1 2 1 1 1 1 1 1 1 1 2 1 1 1 1 1 1 1 2 1 1 2 1 1 2 1 1 2 1 1 2 2 2 1 3 2 6 2 3 2 3 2 6 2 3 2 4 4 1 3 3 5       6472      62941      14117 
9990	  74000	0 0 1 0 0 1 1 0 1 1 0 1 1 0 1 2 0 1 1 0 1 1 0 1 0 1 1 1 1 1 1 1 1 0 1 1 1 1 1 1 1 1 2 1 1 2 1 1 2 1 1 1 1 1 2 1 1 1 2 1 1 2 1 1 2 1 1 2 1 1 1 2 2 6 2 3 2 3 2 6 2 3 2 3 4 1 4 3 5 3       7000      16000      60000 
0	 139560	1 0 0 1 0 0 1 0 0 1 0 0 1 0 0 1 0 0 1 0 0 1 0 0 1 0 0 1 1 0 1 1 0 1 1 0 1 1 0 1 2 0 1 2 0 1 2 0 1 2 0 1 2 0 1 2 0 1 2 0 1 3 0 1 3 0 1 3 0 2 2 0 3 1 4 3 1 7 3 2 3 3 3 3 3 2 7 2 4 18      66000      12000       5555 
4923	 121954	0 0 1 0 0 1 0 0 1 1 0 1 1 0 1 1 0 1 1 0 1 1 0 1 1 0 1 0 1 1 1 1 1 0 1 1 0 1 1 1 1 1 1 2 1 0 2 1 0 2 1 0 2 1 1 2 1 1 2 1 0 2 1 0 2 1 0 2 1 0 2 2 1 3 3 3 2 3 2 2 3 1 3 3 3 4 3 21 3 2       5366      12683      64634 
5814	 119592	1 0 0 1 0 0 1 0 0 1 1 0 1 1 0 1 1 0 1 1 0 1 1 0 1 1 0 1 0 1 1 1 1 1 0 2 1 0 1 1 1 1 1 1 2 1 0 2 1 0 2 1 0 2 1 1 2 1 1 2 1 0 3 1 0 3 1 0 3 2 0 2 3 1 1 3 3 1 3 2 2 3 1 3 4 3 2 1 21 4      63000       7984      12334 
6606	 116480	0 1 0 0 1 0 0 1 0 1 1 0 1 1 0 1 1 0 1 1 0 1 1 0 1 1 0 0 1 1 1 1 1 0 1 1 0 1 1 1 1 1 1 1 1 0 1 1 0 1 2 0 1 2 1 1 1 1 1 2 0 1 2 0 1 2 0 1 2 0 2 2 1 3 2 3 3 2 2 3 2 1 2 7 3 3 5 21 3 2       2476      66000      15000 
9279	 105000	0 1 1 0 1 1 0 1 1 0 1 1 0 1 1 0 1 1 0 1 1 0 1 1 0 1 1 1 1 1 1 1 1 1 1 1 1 1 1 1 1 1 2 1 1 1 1 1 1 1 1 2 1 0 1 1 1 2 1 1 2 1 1 2 1 1 2 1 1 2 2 1 2 3 3 2 3 3 3 3 2 4 2 4 4 3 4 5 3 3      16500      50000      16000 
10764	 104446	1 1 0 1 1 0 1 1 0 1 1 0 1 1 0 1 1 0 1 1 0 1 1 0 1 1 0 1 1 1 1 1 1 1 1 1 1 1 1 1 1 1 1 1 1 1 1 1 1 1 1 1 1 2 1 1 1 1 1 2 1 1 2 0 1 3 1 1 2 2 2 1 3 3 2 3 3 2 3 3 2 3 2 5 3 3 5 3 3 5      15556      50001      16666 
11061	 102942	0 1 0 0 1 0 0 1 0 0 1 0 1 1 0 0 1 1 0 1 0 0 1 0 0 1 0 1 1 1 1 1 1 1 1 1 1 1 1 1 1 2 2 1 1 1 1 1 1 1 1 1 1 1 1 1 1 1 1 2 2 1 2 2 1 2 2 1 2 2 2 1 2 3 2 2 3 2 2 3 2 5 2 6 4 3 5 6 3 4       7059      64706      10882 
12051	  80000	0 1 0 0 1 0 0 1 0 0 1 0 1 1 0 0 1 1 0 1 0 0 1 0 1 1 0 0 1 1 1 1 1 0 1 1 1 1 1 0 1 2 2 1 1 2 1 1 2 1 1 2 1 1 1 1 1 1 1 2 2 1 2 2 1 2 2 1 2 1 2 1 2 3 2 2 3 2 2 3 2 5 2 6 4 3 5 6 3 4       6125      64750      12250 
12645	  76668	1 0 0 1 0 0 1 0 0 1 0 0 1 1 0 1 0 1 1 0 0 1 0 0 1 1 0 1 0 1 1 1 1 1 0 1 1 1 1 1 0 2 1 2 1 1 2 1 1 2 1 1 2 1 1 2 1 1 1 2 1 1 2 1 2 2 1 2 2 2 1 1 3 2 2 3 2 2 3 2 2 2 5 6 3 4 5 3 6 4      64168       6250      12499 
0	 158672	1 0 0 1 0 0 1 0 0 1 0 0 1 0 0 1 0 0 1 0 0 1 0 0 1 0 0 1 1 0 1 1 0 1 1 0 1 1 0 1 2 0 1 2 0 1 2 0 1 2 0 1 2 0 1 2 0 1 2 0 1 2 0 1 2 0 1 3 0 2 2 0 3 2 2 3 2 4 2 3 9 3 3 2 3 3 8 3 2 17      66000      12000       4334 
1872	  88000	1 0 0 1 0 0 1 0 0 1 0 0 1 0 0 1 0 0 1 0 0 1 0 0 1 0 0 1 0 1 1 0 1 1 0 1 1 0 1 1 0 2 1 0 2 1 0 2 1 0 2 1 0 2 1 0 2 1 0 2 1 0 3 1 0 3 1 0 3 2 0 1 3 2 2 3 4 1 2 9 4 3 2 2 3 8 4 3 17 1      66000       4118      12000 
4734	  75432	0 1 0 0 1 0 0 1 0 0 1 0 0 1 0 0 1 0 0 1 0 0 1 0 1 1 0 0 1 1 0 1 1 0 1 1 0 1 1 0 1 2 0 1 2 0 1 2 0 1 2 0 1 2 0 1 2 2 1 2 0 1 3 0 1 3 0 1 3 0 2 1 4 3 1 7 3 0 4 2 6 4 3 1 4 3 5 16 3 1       4572      66000      12000 
0	 665200	1 0 0 1 0 0 1 0 0 1 0 0 1 0 0 1 0 0 1 0 0 1 0 0 1 0 0 1 1 0 1 1 0 1 1 0 1 1 0 1 2 0 1 2 0 1 2 0 1 2 0 1 2 0 1 2 0 1 2 0 1 2 0 1 2 0 1 2 0 2 2 0 3 3 4 3 3 6 3 3 5 3 3 3 4 2 4 1 2 20      63000      13500       8100 
1773	 601504	1 0 0 1 0 0 1 0 0 1 0 0 1 0 0 1 0 0 1 0 0 1 0 0 1 0 0 1 1 0 1 1 0 1 1 0 1 1 0 1 2 0 1 2 0 1 2 0 1 2 0 1 2 0 1 2 0 1 2 0 1 2 0 1 2 0 1 2 0 2 2 0 3 3 4 3 3 3 3 3 6 3 3 3 4 2 2 1 2 24      63000      13500       7916 
1872	 138252	0 1 0 0 1 0 1 1 0 0 1 1 0 1 0 0 1 0 0 1 0 0 1 0 0 1 0 1 1 0 1 1 0 1 1 0 1 1 0 2 1 0 2 1 0 2 1 0 2 1 0 2 1 0 2 1 0 2 1 0 3 1 0 2 1 0 2 1 0 2 2 0 2 3 3 2 3 3 1 3 6 3 3 3 1 4 2 5 1 24      13500      63000       6229 
3456	 116170	0 0 1 0 0 1 0 0 1 0 0 1 0 1 1 0 1 1 0 1 1 0 0 1 0 1 1 0 1 1 0 1 1 0 1 1 0 1 1 0 2 1 0 2 1 0 2 1 0 2 1 0 2 1 0 2 1 0 2 1 0 3 1 0 2 1 0 3 1 0 2 2 5 1 3 5 1 3 3 1 3 4 1 3 2 1 4 23 5 1       6527      13293      63414 
0	 665200	1 0 0 1 0 0 1 0 0 1 0 0 1 0 0 1 0 0 1 0 0 1 0 0 1 0 0 1 1 0 1 1 0 1 1 0 1 1 0 1 2 0 1 2 0 1 2 0 1 2 0 1 2 0 1 2 0 1 2 0 1 2 0 1 2 0 1 2 0 2 2 0 3 3 5 3 3 3 3 3 4 3 3 6 4 2 4 1 2 20      63000      13500       8100 
1080	 523192	1 0 0 1 0 0 1 0 0 1 0 0 1 0 0 1 0 0 1 0 0 1 0 0 1 0 0 1 1 0 1 1 0 1 1 0 1 1 0 1 2 0 1 2 0 1 2 0 1 2 0 1 2 0 1 2 0 1 2 0 1 3 0 1 3 0 1 2 1 2 2 0 3 0 5 3 3 2 3 2 4 3 3 6 4 1 3 1 5 21      64610      12695       7234 
1971	 103512	0 0 1 0 0 1 0 0 1 0 0 1 1 0 1 1 0 1 0 0 1 0 0 1 0 1 1 1 0 1 1 0 1 1 0 1 1 0 1 2 0 1 2 0 1 2 0 1 2 1 1 2 0 1 2 0 1 3 0 1 3 0 1 3 0 1 3 0 1 2 0 2 0 5 3 2 3 3 1 4 3 1 4 3 0 5 4 6 19 1      12334       7526      63000 
3654	  90534	1 0 0 1 0 0 1 0 0 1 1 0 1 1 0 1 1 0 1 0 0 1 0 0 1 1 0 1 0 1 1 0 1 1 0 1 1 0 1 1 0 2 1 0 2 1 0 2 1 0 2 1 0 2 1 0 2 1 0 3 1 0 3 1 0 3 1 0 2 2 0 2 3 5 1 3 2 2 3 4 1 2 3 5 4 5 0 2 19 4      64737       5263      12632 
10746	  88258	0 0 1 0 0 1 0 0 1 0 0 1 1 0 1 1 0 1 0 0 1 0 0 1 0 0 1 1 1 1 1 1 1 1 1 1 1 1 1 0 2 1 1 1 1 1 1 1 0 2 1 2 1 1 1 1 1 2 2 1 2 2 1 2 2 1 2 2 1 1 1 2 2 2 3 2 2 3 2 1 3 6 6 2 1 1 4 9 9 2       4411      12058      65882 
0	 601504	1 0 0 1 0 0 1 0 0 1 0 0 1 0 0 1 0 0 1 0 0 1 0 0 1 0 0 1 1 0 1 1 0 1 1 0 1 1 0 1 2 0 1 2 0 1 2 0 1 2 0 1 2 0 1 2 0 1 2 0 1 2 0 1 2 0 1 2 0 2 2 0 3 3 4 3 3 2 3 3 7 3 3 1 4 2 4 1 2 24      63000      13500       7916 
3060	 565000	0 1 1 0 1 0 0 1 1 0 1 1 0 1 1 0 1 1 0 1 0 0 1 1 0 1 1 1 1 0 1 1 0 1 1 0 1 1 0 2 1 0 2 1 0 2 1 0 2 1 0 2 1 0 2 1 0 2 1 0 2 1 0 2 1 0 2 1 0 2 2 0 3 3 4 3 3 1 3 3 1 3 3 3 2 4 5 2 1 21      13500      63000       7715 
3654	 182500	0 0 1 0 0 1 0 0 1 0 0 1 0 0 1 1 0 1 0 1 1 1 0 1 0 1 1 0 1 1 0 1 1 0 1 1 0 1 1 0 2 1 0 2 1 0 2 1 0 2 1 0 2 1 1 1 1 1 2 1 0 2 1 0 2 1 0 3 1 0 2 2 6 1 3 1 2 3 3 2 3 5 2 3 4 2 4 19 5 1       7250      13500      63000 
5832	 144000	1 1 0 1 1 0 1 1 0 1 1 0 1 1 0 1 1 0 1 1 0 1 1 0 1 0 1 1 1 1 1 1 1 1 1 1 1 1 1 1 1 1 2 0 0 1 1 1 1 1 2 1 1 2 1 1 2 1 1 2 1 1 2 1 2 1 1 1 2 2 1 2 2 4 3 2 4 3 3 1 4 3 2 3 3 5 2 3 3 5      46500      19500      16500 
6624	 117600	1 1 0 1 1 0 1 1 0 1 1 0 1 1 0 1 1 0 1 1 0 1 1 0 1 1 0 1 1 1 1 1 1 1 1 1 1 1 1 1 1 1 1 1 1 1 1 1 1 1 1 1 1 1 1 1 1 1 1 2 1 1 2 1 1 2 1 0 4 2 2 2 2 3 4 3 2 4 3 3 2 3 3 2 3 4 3 3 3 5      33600      32400      16400 
7713	 105336	0 1 1 0 1 1 0 1 1 0 1 1 0 1 1 0 1 1 0 1 1 0 1 1 0 1 1 1 1 1 1 1 1 1 1 1 1 1 1 1 1 1 1 1 1 2 1 1 1 1 1 1 1 1 1 1 1 2 1 1 2 1 1 2 1 1 2 0 2 1 2 2 4 2 3 6 2 2 2 3 3 2 3 3 5 4 2 3 4 3      16333      33167      32833 