
0	2586000	0 1 2 3 4 3 5 3 16 4 8 7 7 19 12 12 9 13 10 13 10 13 11 13 14 17 15 17 17 16 18 20 20 20 21 20 22 21 19 22 25 23 25 23 25 23 25 24 25 24 26 24 26 24 26 24 26 24 6 25 27 26 27 26 28 26 28 26 29 26 29 27 29 27 29 27 29 28 29 28 29 28 29 28      81000      54000 
99	2564000	9 0 2 0 4 1 9 18 7 3 20 5 12 6 8 8 14 22 15 11 10 11 17 12 11 13 13 13 13 15 19 16 20 16 16 17 24 19 17 18 25 19 22 21 25 21 23 23 24 23 24 23 24 25 25 23 24 25 28 26 26 26 0 26 14 27 28 26 27 27 29 27 29 28 29 6 29 28 29 28 29 29 29 29      72000      63000 
585	2198000	0 9 1 10 2 11 3 12 4 13 5 13 6 14 7 14 8 15 9 15 10 16 11 26 12 17 13 2 14 26 15 18 16 19 17 19 18 20 19 20 20 21 21 21 22 22 23 22 23 23 24 23 24 24 24 24 25 24 25 25 25 25 26 25 26 26 26 26 27 26 27 27 29 27 28 27 28 28 28 28 28 29 29 29      70000      56000 
684	 735250	0 9 1 10 2 11 3 12 4 28 5 13 6 18 7 14 8 15 9 15 10 16 11 16 12 17 13 17 14 15 15 18 16 19 17 19 18 20 19 20 20 21 21 21 22 22 23 22 23 23 24 23 24 24 24 24 25 24 25 25 25 26 26 25 26 26 28 26 27 26 27 27 29 27 28 27 29 28 28 27 28 29 29 29      74250      14625 
1665	 700750	0 15 1 10 2 11 3 12 4 13 5 13 6 14 7 14 8 27 9 15 10 29 11 16 12 17 13 29 14 18 15 18 16 19 17 19 18 20 19 20 20 21 21 21 22 22 23 22 23 23 24 23 24 24 24 24 25 24 25 25 25 25 26 25 26 26 26 26 27 26 27 27 29 27 28 27 29 28 28 28 28 29 29 29      74250      14625 
0	2201600	20 1 1 4 4 7 3 9 2 11 5 13 6 13 7 13 8 14 26 14 9 15 10 15 10 16 11 16 12 16 13 20 15 20 0 21 17 21 18 22 19 22 19 23 19 23 21 24 22 24 23 24 23 24 24 24 24 25 24 25 25 25 26 25 28 25 28 26 28 27 28 27 29 27 29 27 29 27 29 28 29 29 29 29      82800      41400 
387	1609000	0 9 8 10 25 2 3 12 4 2 5 13 6 4 7 14 14 15 9 15 10 23 11 16 19 17 13 17 20 18 15 18 16 19 20 19 18 19 19 8 20 21 21 21 22 22 23 22 24 23 24 23 24 24 24 24 25 26 12 25 1 25 27 25 26 26 26 27 29 26 27 27 29 27 28 27 28 28 28 29 29 29 29 28      72000      40500 
486	1498000	0 9 1 10 2 11 3 2 4 13 5 13 6 4 7 14 17 15 9 15 10 23 11 16 12 17 13 12 14 18 15 18 16 19 21 14 18 17 19 20 20 21 21 21 22 22 23 22 23 23 24 23 24 24 24 24 25 26 25 25 1 25 26 25 26 26 26 27 29 26 27 26 27 27 8 27 28 28 28 29 28 29 29 29      72000      36000 
585	 992860	0 9 1 10 5 11 3 12 6 13 4 4 14 14 7 14 8 12 15 15 10 16 11 18 12 17 13 17 2 16 16 18 16 19 17 19 18 19 19 20 20 21 21 21 22 22 23 22 23 23 24 23 24 23 24 24 25 24 25 25 25 25 26 25 9 26 26 26 29 26 27 27 27 27 29 27 28 28 28 27 28 29 29 29      78429      16714 
1269	 921340	0 9 1 10 2 11 3 12 4 23 5 13 6 14 7 14 8 15 9 15 10 16 11 16 12 17 13 17 14 18 15 18 16 19 17 19 18 20 19 20 20 21 21 21 22 22 23 22 23 23 24 23 23 24 24 24 25 24 25 25 25 25 26 25 29 26 26 26 27 26 27 27 27 27 28 27 28 28 29 28 28 29 29 29      69999      22334 
1368	 908000	29 9 0 10 2 11 18 14 4 13 14 13 6 14 7 17 8 15 9 15 10 16 11 18 12 17 13 17 3 18 15 18 16 19 17 19 5 20 19 20 20 21 21 21 22 22 23 22 23 23 24 23 24 24 24 24 25 24 25 25 25 25 29 25 26 26 26 26 1 26 27 27 27 27 28 27 28 28 28 28 28 29 29 29      72000      21000 
2349	 870668	0 9 1 10 5 11 3 12 4 13 14 13 6 14 7 14 8 15 2 5 10 16 11 16 12 17 13 17 9 18 15 18 16 19 17 19 18 20 19 20 20 21 21 21 22 22 23 22 23 23 24 23 24 24 29 24 25 24 25 25 25 25 26 25 26 26 26 26 29 26 27 27 27 27 28 27 28 28 28 28 28 29 29 29      69999      22334 
2547	 869600	0 9 1 10 5 11 3 12 4 13 14 13 6 14 7 14 8 15 2 5 10 16 11 16 12 8 13 17 9 18 15 18 16 19 17 19 18 20 19 20 20 21 21 21 22 22 23 22 23 23 24 23 24 24 29 24 25 24 25 25 25 25 26 25 26 26 26 26 29 26 27 27 27 27 28 27 28 28 28 28 28 29 29 29      68400      23400 
0	2946000	12 2 3 2 16 2 5 4 17 4 1 6 0 7 11 7 13 8 13 8 13 8 14 9 10 12 16 14 18 14 19 15 20 18 21 19 21 20 21 21 22 22 23 23 24 23 15 23 25 24 26 24 26 24 26 25 26 25 26 25 27 25 27 26 27 26 27 27 28 27 28 28 17 28 29 28 29 28 29 28 29 28 29 29      72000      72000 
99	2580000	6 9 2 5 4 0 4 4 0 5 10 5 7 9 3 8 1 11 12 15 22 15 14 11 14 3 13 6 8 16 19 17 18 17 16 21 21 18 19 20 23 21 24 20 24 20 25 23 25 24 24 24 26 25 25 24 25 26 25 25 27 26 28 28 28 28 28 27 29 26 28 28 29 27 29 29 29 27 29 27 29 28 29 29      90000      45000 
486	1800000	0 9 1 10 2 11 3 4 4 5 5 13 6 14 7 14 8 15 9 15 10 16 11 16 12 17 13 17 14 18 19 18 16 19 16 19 18 20 19 20 23 21 21 21 22 22 25 22 25 23 24 23 24 24 24 24 25 24 25 25 25 25 26 25 26 26 26 26 27 26 27 27 29 27 28 27 28 28 29 28 28 29 29 29      72000      45000 
684	1176000	0 9 21 10 2 11 3 12 4 13 5 13 6 14 7 14 8 15 9 15 10 16 11 9 12 17 13 17 14 18 15 18 16 19 17 20 18 20 19 20 20 21 29 21 22 22 1 22 23 23 24 23 24 24 24 24 25 24 25 25 25 25 26 25 26 26 26 27 27 26 27 27 28 27 28 27 28 28 29 28 28 29 29 29      63000      36000 
1467	 770500	0 1 1 10 2 27 3 12 4 13 5 13 6 14 7 22 8 15 9 16 29 18 11 16 12 13 13 17 14 5 15 18 16 19 17 19 18 20 19 20 20 21 21 21 22 22 23 22 23 23 24 23 24 24 24 24 25 24 25 25 25 25 26 25 26 26 26 26 27 26 10 27 27 27 28 27 28 28 29 28 28 29 29 29      74250      14625 
1566	 743500	0 1 1 10 2 27 3 12 4 13 5 13 6 14 7 22 8 15 9 16 29 29 11 16 12 13 13 17 14 19 15 18 16 19 17 19 18 20 19 20 20 21 21 21 22 22 23 22 23 23 24 23 24 24 24 24 25 24 25 25 25 25 26 25 26 26 26 26 27 26 10 27 27 27 28 27 28 28 29 28 28 29 29 29      74250      14625 
0	2700000	16 0 27 1 22 3 19 4 6 5 7 5 8 9 2 10 13 11 13 12 14 12 14 12 14 12 14 13 27 13 15 15 18 15 19 17 20 17 20 18 16 20 21 20 21 21 22 23 23 24 24 24 25 25 25 25 25 25 26 26 27 26 27 26 28 26 28 26 29 26 29 28 29 28 29 28 29 28 29 29 29 29 29 29      63000      72000 
288	1275000	0 9 1 10 2 11 3 12 4 13 5 13 6 7 10 14 8 15 9 15 10 16 11 16 12 17 13 17 14 18 15 18 16 19 17 19 18 20 19 20 20 21 21 21 22 22 26 22 23 23 24 23 24 24 27 25 27 24 25 25 25 27 26 25 26 26 7 26 27 26 29 27 27 27 28 28 28 28 28 28 29 29 29 29      70000      33500 
585	1261000	0 9 1 10 2 26 3 5 4 13 5 6 6 14 7 14 8 15 9 28 10 16 11 8 12 17 13 17 14 18 15 18 16 19 17 19 18 20 19 20 20 21 21 21 22 22 26 22 23 23 24 23 24 24 24 24 25 24 25 25 25 25 26 27 26 26 7 26 27 26 29 27 27 27 28 28 28 28 28 28 29 29 29 29      72000      31500 
684	1160000	0 9 1 10 2 11 3 12 4 13 5 13 6 14 7 14 8 15 9 10 15 16 11 16 12 17 13 17 14 18 15 18 16 19 17 19 18 20 19 20 20 21 21 21 22 22 23 22 23 23 24 23 24 24 23 24 27 24 25 25 25 25 26 25 26 26 26 26 27 28 29 25 27 27 28 27 28 28 28 28 29 29 29 29      63000      36000 
981	 956000	0 9 24 23 13 11 3 12 4 13 5 13 6 14 3 1 2 15 8 2 10 16 9 16 12 17 11 25 14 21 15 18 16 19 17 19 18 20 19 20 20 21 21 21 22 22 23 22 23 23 1 23 7 24 24 24 25 24 25 26 27 25 28 25 26 26 26 26 27 28 27 27 27 27 28 27 29 28 28 28 29 29 29 29      72000      21000 
1377	 926000	0 3 29 10 1 25 23 9 4 24 5 13 6 14 3 14 9 15 8 25 10 16 11 16 12 6 13 17 14 3 15 18 16 19 17 19 18 20 19 20 20 21 21 21 22 22 7 22 23 23 24 23 24 24 24 24 2 24 14 25 25 27 26 25 25 26 26 26 27 27 27 27 27 27 28 28 28 26 28 28 29 29 29 29      72000      21000 
2160	 875340	0 9 29 10 2 11 3 12 4 13 5 13 6 14 7 14 8 15 9 15 10 16 11 14 12 17 13 12 14 18 15 18 16 19 17 19 18 20 19 20 20 21 21 21 22 22 23 22 23 23 1 23 24 24 24 24 25 24 25 25 25 25 26 25 26 26 26 26 27 26 27 27 27 27 28 27 28 28 28 28 29 29 29 29      69999      22334 
0	2236000	1 13 14 1 0 13 23 7 3 7 4 9 5 9 2 11 6 12 11 12 8 12 8 14 10 14 10 16 15 18 16 18 16 18 17 19 18 19 20 21 20 22 21 23 22 24 22 24 22 24 23 25 24 25 24 25 26 25 26 25 26 25 27 25 28 26 29 26 29 27 29 27 29 27 29 27 29 28 29 28 29 28 29 28      81000      45000 
288	1550000	0 9 1 10 7 11 3 12 5 19 4 9 6 9 2 14 8 15 9 15 10 16 11 16 12 17 13 17 14 18 15 18 16 18 17 19 18 19 20 21 20 21 21 21 22 22 23 22 23 24 24 23 24 25 24 24 25 25 25 25 25 25 26 25 26 26 26 26 27 26 27 27 29 27 28 27 28 28 28 28 29 29 29 29      81000      30000 
387	 875338	0 9 1 10 2 11 3 12 4 13 5 13 6 6 7 14 8 15 9 15 10 16 11 16 12 17 13 17 14 18 15 18 16 19 17 19 18 20 19 20 20 21 21 21 22 22 23 22 23 23 24 23 24 24 24 24 25 24 25 25 26 25 26 25 26 26 29 26 27 26 27 27 27 27 28 27 29 28 28 28 28 29 29 29      69999      22334 
1170	 875336	0 9 1 10 2 11 3 12 4 13 5 13 6 14 7 14 8 3 9 7 10 16 11 16 12 17 13 17 14 18 15 15 16 19 17 19 18 20 19 20 20 21 21 21 22 22 23 22 23 23 24 23 24 24 24 24 25 24 25 25 25 25 26 25 26 26 26 26 29 26 27 27 27 27 28 27 29 28 28 28 28 29 29 29      69999      22334 
1368	 830672	0 9 1 10 2 11 3 12 4 13 5 28 6 14 7 14 8 15 9 15 10 14 11 16 12 17 13 17 14 18 15 15 16 19 17 19 18 20 19 20 20 21 21 21 22 22 23 22 23 23 24 23 24 24 24 24 25 24 25 25 25 25 26 25 26 26 26 26 29 26 27 27 27 27 28 27 29 28 28 28 28 29 29 29      69999      22334 
2547	 824000	23 24 13 10 29 11 3 12 4 13 5 13 6 14 7 14 8 15 9 15 10 16 11 29 12 17 29 17 14 18 15 15 16 19 17 19 18 20 19 20 20 21 21 21 22 22 0 22 23 23 2 23 24 24 24 24 25 24 25 25 25 25 26 25 26 26 26 26 1 26 27 27 27 27 28 27 28 28 28 28 28 29 29 29      72000      21000 
2646	 786004	0 9 24 10 29 11 29 12 4 1 5 13 6 14 7 14 8 28 9 15 10 16 11 29 12 17 13 14 14 18 2 18 16 19 17 19 18 20 19 20 20 21 21 21 22 22 23 22 23 23 24 23 24 24 1 24 25 24 25 25 25 25 26 25 26 26 26 26 3 26 27 27 27 27 28 27 28 28 15 28 28 29 29 29      69999      22334 
0	2550000	2 13 11 3 13 3 5 4 1 4 6 6 7 8 10 8 12 11 12 14 14 15 9 15 16 15 17 16 17 16 17 16 20 18 20 18 21 19 9 19 22 21 0 22 23 23 24 24 24 24 25 24 25 24 25 24 26 25 26 25 26 26 26 26 26 27 27 27 28 27 28 28 28 28 28 28 28 29 29 29 29 29 29 29      80000      55000 
99	2486000	9 21 0 3 1 6 2 6 13 6 14 7 5 11 14 8 7 9 11 4 11 10 15 10 16 11 17 12 17 12 17 13 19 15 19 15 19 16 20 18 22 18 23 20 23 21 24 22 24 23 25 24 26 24 26 24 26 24 27 24 27 25 27 25 28 25 28 27 28 27 29 28 29 28 29 28 29 28 29 28 29 29 29 29      69000      63000 
198	2138500	0 3 21 2 23 3 2 7 4 5 15 9 5 7 9 9 8 8 3 21 12 12 10 13 11 18 12 9 14 16 15 13 17 18 20 18 20 13 6 16 23 19 19 24 25 22 25 23 24 24 22 21 25 24 25 24 26 26 26 24 26 27 1 26 27 26 27 25 28 26 28 28 28 28 29 28 29 29 29 29 29 29 29 29      83250      40500 
684	1512000	0 9 1 10 2 11 3 12 4 13 5 16 9 14 7 14 8 15 7 15 10 16 6 11 12 17 13 17 14 18 15 18 16 19 17 19 18 20 19 20 25 21 21 21 29 22 23 22 23 23 24 23 24 24 24 24 25 24 25 25 25 25 26 25 26 26 26 26 27 26 27 27 27 28 29 27 28 28 28 28 28 29 29 29      63000      45000 
783	 877500	0 9 1 10 2 6 3 12 4 8 27 13 6 14 7 12 8 15 9 21 10 16 11 16 12 19 13 9 14 18 15 13 16 19 17 19 18 20 19 16 20 21 21 21 22 22 23 24 23 23 24 21 25 24 24 24 25 24 26 25 25 25 26 25 5 26 26 26 29 26 27 27 27 28 28 27 29 27 28 28 28 28 29 29      81000      11250 
882	 874000	2 9 1 12 29 11 3 0 4 13 5 10 6 14 7 14 8 15 9 15 10 0 11 16 12 17 13 6 14 2 15 18 16 19 17 19 18 20 19 20 20 21 21 21 22 22 23 22 23 23 24 23 24 24 24 24 25 24 25 25 25 25 26 25 26 26 26 26 27 26 27 27 27 28 28 28 29 28 28 28 28 29 29 29      66000      27000 
981	 870668	0 9 1 10 6 11 28 12 2 13 5 16 9 14 7 1 8 8 3 15 10 16 11 11 12 17 13 18 14 18 15 18 16 19 17 19 18 20 19 20 20 21 21 21 22 22 23 22 23 23 4 23 24 24 24 24 25 24 25 25 25 25 26 25 26 26 28 26 27 26 27 27 27 28 29 27 28 28 29 28 28 29 29 29      69999      22334 
2538	 747500	0 9 1 10 2 11 3 12 4 13 5 13 6 18 7 14 8 15 9 15 10 16 11 25 12 24 13 17 14 18 15 18 16 19 17 19 18 20 19 20 20 21 21 21 22 22 23 22 23 23 24 23 24 24 24 24 29 24 25 25 25 25 26 25 26 26 26 26 27 26 27 27 27 27 29 27 28 28 28 28 28 29 29 29      74250      14625 
0	2516000	9 2 0 3 1 3 26 3 4 5 6 13 7 6 21 8 8 8 9 11 10 11 10 11 12 12 15 13 15 14 16 14 16 16 17 18 17 18 17 19 20 19 21 19 22 19 23 20 24 21 24 22 24 22 24 23 26 23 26 24 27 24 28 24 28 24 28 25 29 25 29 25 29 26 29 27 29 27 29 27 29 28 29 29      63000      69000 
99	1844000	3 1 23 2 5 4 6 2 11 6 4 7 12 7 8 10 9 12 14 9 13 22 10 14 12 13 11 19 16 17 12 17 15 14 15 0 16 16 18 18 22 21 20 19 24 3 20 21 23 25 24 24 24 23 28 16 25 26 25 26 28 25 29 26 29 27 27 25 28 26 28 27 29 27 29 27 29 28 29 27 29 28 29 29      63000      54000 
585	 924000	9 9 1 10 0 0 3 23 4 13 5 13 6 12 7 14 8 15 24 15 10 6 11 16 12 17 13 17 14 18 15 18 16 19 17 19 18 20 19 20 20 18 21 21 22 22 23 22 23 23 24 23 24 24 24 24 2 24 25 25 25 25 26 25 26 25 26 26 27 26 29 27 27 27 29 27 28 28 28 28 28 29 29 29      72000      21000 
783	 921336	9 9 1 10 0 11 3 23 4 13 5 13 6 12 7 14 8 15 9 15 10 16 11 16 12 6 13 17 14 7 15 18 16 19 17 19 18 20 19 20 20 21 21 21 22 22 23 22 23 23 24 23 24 24 24 24 2 24 25 25 25 25 26 25 26 26 26 26 27 26 29 27 27 27 29 27 28 28 28 28 28 29 29 29      69999      22334 
1467	 906000	0 9 29 9 1 11 3 12 4 13 5 3 6 25 7 14 8 15 9 15 10 16 11 16 12 17 13 8 2 18 15 18 16 19 17 19 18 20 19 20 20 21 21 21 22 22 23 22 23 23 24 23 24 24 24 24 14 24 25 25 25 25 26 26 26 26 26 26 27 26 27 27 27 27 28 27 29 28 28 28 28 29 29 29      72000      21000 
2061	 852000	10 9 22 28 2 14 3 12 4 3 5 13 6 14 0 14 8 22 9 15 29 14 11 16 12 17 13 17 14 18 15 18 16 1 17 19 18 20 19 20 20 21 21 21 7 22 23 22 23 23 24 23 24 24 24 24 25 24 25 25 25 25 1 25 26 26 26 26 27 26 27 29 27 27 28 27 29 28 28 28 28 29 29 29      72000      21000 
0	2236000	27 0 23 0 4 5 14 1 26 1 6 3 9 3 10 7 10 7 10 12 11 12 11 12 13 13 14 13 15 15 18 16 18 16 2 16 19 17 19 17 20 17 20 17 23 20 24 21 24 21 25 21 25 5 25 22 26 22 26 23 26 24 26 26 26 26 28 27 28 27 28 27 8 28 29 28 29 28 29 28 29 29 29 29      81000      45000 
198	2198000	0 2 15 1 23 2 11 9 9 8 4 3 1 5 10 7 19 7 10 12 11 12 18 12 13 13 14 14 20 15 18 16 23 16 18 16 24 17 24 20 20 17 20 16 23 22 25 22 24 21 26 21 25 5 25 22 26 20 26 25 25 24 27 27 19 26 27 6 28 27 28 27 28 25 29 28 29 28 29 29 29 29 29 29      63000      63000 
396	1830000	13 0 16 2 24 14 6 4 10 5 29 14 12 7 9 7 9 4 15 11 11 12 8 15 10 13 19 12 25 15 15 21 20 18 16 18 12 19 2 17 3 24 22 17 23 20 25 21 22 21 26 23 24 23 27 1 24 25 26 25 27 25 5 26 28 26 27 27 29 25 29 26 29 28 28 28 29 28 29 28 29 28 29 29      63000      54000 
882	1410000	4 9 1 10 20 11 6 12 19 13 5 13 24 7 7 14 0 15 9 11 10 16 18 16 12 13 13 17 14 15 15 18 16 19 17 19 12 20 2 20 3 21 22 21 23 22 23 21 23 23 8 23 24 24 27 24 25 24 25 25 25 25 26 25 26 26 27 26 27 26 27 27 27 27 28 28 28 28 29 28 29 29 29 29      66000      40000 
981	1408400	0 9 1 10 2 11 3 12 4 13 5 13 6 4 7 14 8 15 9 15 10 16 11 16 12 17 13 17 14 29 15 18 16 16 17 19 18 20 19 20 20 21 21 21 22 22 23 22 23 23 24 23 24 24 24 24 25 24 25 25 25 25 26 25 26 26 26 26 27 26 27 27 27 27 28 27 28 28 29 28 28 29 29 29      67200      39200 
1080	 870668	0 9 1 10 2 11 3 12 4 13 5 13 6 14 7 8 8 15 9 15 10 16 11 16 12 17 13 17 14 29 15 18 16 19 17 19 18 20 19 20 20 21 21 21 22 22 23 22 23 23 24 23 24 24 24 24 25 24 25 25 28 25 26 25 26 26 26 26 27 26 27 27 29 27 28 27 28 28 29 28 28 28 29 29      69999      22334 
1962	 846004	0 9 1 10 2 11 3 12 4 13 5 13 6 14 7 8 8 15 9 15 10 16 11 16 12 17 13 17 14 29 15 18 16 19 17 19 18 20 19 20 20 13 21 21 22 22 23 22 23 23 24 23 24 24 24 24 25 24 25 25 25 25 26 25 26 26 26 26 29 26 27 27 27 27 28 27 28 28 29 28 28 29 29 29      69999      22334 
2160	 830670	8 9 1 10 2 11 3 12 4 13 5 13 6 14 7 8 25 18 9 15 10 16 11 16 12 17 13 17 0 29 15 18 16 19 17 19 18 20 19 20 20 21 21 21 22 22 23 22 23 23 24 23 24 24 24 24 25 24 25 25 28 25 26 25 26 26 26 26 27 26 27 27 29 27 28 27 14 28 29 28 28 28 29 29      69999      22334 
0	1846000	1 0 2 0 4 3 5 3 6 3 7 4 7 4 8 10 9 10 11 10 11 13 12 13 12 14 15 14 16 15 16 15 17 15 18 17 20 18 20 18 21 19 21 19 23 22 23 22 23 22 23 24 24 24 24 24 25 24 26 24 26 25 27 25 27 25 27 26 27 26 27 28 27 28 28 29 28 29 28 29 29 29 29 29      72000      45000 
486	1836000	0 9 1 10 2 3 3 12 4 13 5 23 6 14 7 14 8 15 9 1 10 16 11 9 12 17 13 17 14 18 15 15 16 19 17 19 18 20 19 20 20 21 21 19 22 22 23 22 23 23 24 24 24 24 24 24 25 24 25 25 25 25 26 25 26 26 26 26 27 26 27 27 27 27 28 29 28 29 28 28 28 29 29 29      72000      45000 
783	1458000	0 9 1 10 2 25 3 29 4 13 5 13 6 14 7 14 8 10 9 15 10 16 11 13 12 17 13 17 14 18 15 18 16 19 17 19 18 7 19 18 20 21 21 21 22 20 23 22 23 23 24 14 24 24 24 24 25 24 27 25 25 25 26 25 26 26 26 26 27 26 27 27 27 11 28 27 28 28 28 28 29 29 29 29      72000      36000 
882	1446000	0 9 1 0 2 11 3 14 4 13 5 13 6 14 7 29 8 15 9 11 10 16 2 16 28 17 13 14 14 18 15 18 16 19 17 19 18 20 19 20 20 21 21 19 22 22 12 22 23 23 24 23 24 24 24 24 25 24 25 25 25 25 26 25 26 26 26 26 27 27 27 26 27 27 28 27 28 29 28 28 29 29 29 29      72000      36000 
1476	1374500	14 21 3 10 29 11 20 1 0 5 2 13 6 14 7 14 13 15 9 15 10 16 11 16 12 5 6 17 24 18 15 18 16 19 17 19 18 2 19 0 20 21 21 21 22 22 23 22 23 22 17 23 1 24 24 24 27 24 25 25 28 25 26 25 26 25 26 26 4 26 27 27 27 27 28 27 28 28 8 28 29 29 29 29      72000      33750 
1674	1303000	0 9 8 10 4 2 11 21 1 13 13 27 6 14 5 10 1 15 11 15 10 20 14 16 12 17 28 21 27 18 3 18 16 4 17 12 18 2 19 20 20 19 21 19 22 8 7 22 23 23 24 23 24 24 24 24 25 24 25 25 28 25 26 25 26 25 26 26 29 26 9 27 27 27 28 27 28 28 28 28 29 29 29 29      63000      40500 
2070	1277000	16 5 9 9 4 2 3 15 0 13 17 11 6 23 7 14 8 15 11 21 10 9 28 17 7 8 13 17 14 2 15 18 16 4 17 19 18 20 19 20 20 0 21 21 5 22 12 22 23 22 24 23 1 24 24 24 25 24 27 25 25 25 26 25 26 25 26 26 7 26 27 27 22 27 28 27 29 28 28 28 29 29 29 29      72000      31500 
0	2110000	21 0 1 3 6 4 1 5 6 5 11 8 11 8 11 9 13 9 16 10 16 10 17 12 19 13 19 14 19 7 20 15 21 16 21 16 22 2 22 18 22 18 23 19 25 20 17 23 25 23 25 24 26 24 26 24 26 24 27 24 27 24 28 24 28 25 28 25 29 25 29 26 29 27 29 27 29 27 29 28 29 28 29 28      42000      81000 
198	2098000	0 0 1 3 10 5 12 5 14 3 14 6 8 11 15 9 9 11 6 19 7 15 13 15 20 12 16 15 18 18 11 21 17 21 19 10 23 17 22 17 21 20 26 21 23 24 24 23 24 24 25 24 25 25 24 22 25 25 26 24 26 27 26 27 26 26 4 26 28 27 2 28 29 28 29 26 29 28 27 29 29 28 29 28      81000      42000 
684	1202000	24 9 1 10 0 11 29 12 2 13 4 13 6 7 7 14 8 15 9 15 10 12 12 11 12 17 13 16 14 18 15 15 16 19 17 19 18 19 19 20 20 21 21 21 22 22 3 22 23 23 5 23 25 24 24 24 25 26 3 22 25 25 26 24 26 26 26 25 27 27 27 27 27 27 28 27 29 28 28 28 28 29 29 29      63000      36000 
1179	 850000	0 16 1 10 2 11 9 12 4 13 5 6 6 14 7 14 8 28 29 15 10 16 11 16 12 17 13 17 14 18 15 18 16 19 17 19 18 20 19 20 20 21 21 21 22 22 3 22 23 23 24 23 24 24 24 24 25 23 26 25 25 25 26 25 26 26 26 26 27 27 27 27 27 29 29 28 28 28 28 28 28 29 29 29      72000      21000 
2448	 824670	0 9 1 10 2 11 3 12 4 13 5 13 6 14 7 12 8 28 9 15 10 16 11 16 12 17 13 17 14 13 15 18 16 19 17 19 18 20 19 20 20 21 21 21 22 22 23 22 23 23 24 23 29 24 24 24 25 24 25 25 25 25 26 25 26 26 26 26 27 27 27 27 27 27 29 28 28 28 28 28 28 29 29 29      69999      22334 
0	2300000	0 3 1 3 1 7 2 9 2 9 4 9 5 11 5 11 6 12 7 12 8 12 10 14 12 14 13 14 14 17 15 18 16 19 16 19 17 19 18 19 19 20 20 21 22 21 22 21 24 22 24 23 25 23 25 23 26 24 26 25 27 25 27 25 27 26 28 27 28 27 28 28 29 28 29 28 29 28 29 28 29 29 29 29      81000      45000 
99	2274000	2 0 20 4 3 1 0 1 5 1 23 5 6 9 9 9 9 11 13 15 13 29 14 15 16 11 10 15 16 15 17 21 12 21 18 15 18 17 24 19 21 19 4 23 25 21 25 21 20 22 24 23 24 25 25 24 26 25 26 25 8 22 27 23 28 25 28 27 7 24 29 27 28 26 29 28 29 29 29 29 29 27 29 29      81000      45000 
198	2184000	28 15 10 2 22 1 5 9 6 6 5 4 10 6 17 5 12 12 15 11 13 7 20 13 14 13 9 14 11 17 18 16 3 16 19 6 25 13 2 18 19 19 23 21 0 21 26 23 24 20 26 25 20 24 26 23 1 24 26 24 28 25 28 23 22 25 27 26 27 26 8 25 4 26 29 27 29 27 29 28 29 29 29 28      63000      63000 
585	1506000	5 9 11 10 1 6 6 5 2 13 0 13 27 14 7 12 20 11 9 15 10 16 8 16 12 17 13 17 14 16 15 18 3 19 17 19 18 23 23 20 23 21 21 21 22 22 24 24 23 20 24 23 24 24 24 24 25 24 4 25 25 25 26 25 26 26 26 26 27 26 9 27 29 27 28 28 28 28 29 28 28 29 29 29      63000      45000 
684	 954288	0 9 1 10 2 4 3 9 4 13 5 4 6 14 7 14 8 15 9 15 10 16 11 16 12 17 13 17 14 18 15 18 16 19 17 19 18 20 19 20 20 21 21 21 22 22 23 22 23 22 24 23 24 24 24 23 25 24 25 25 25 25 26 25 26 26 26 26 29 26 27 27 27 27 28 27 28 29 29 28 28 29 29 29      78429      16714 
1368	 875340	0 9 1 10 2 11 3 12 4 13 5 13 6 14 7 14 8 15 9 15 10 16 11 16 12 17 13 17 14 18 15 18 16 19 17 19 18 20 19 20 20 21 21 21 22 22 23 22 23 23 24 23 24 24 24 24 25 24 25 25 25 25 26 25 26 26 26 26 29 26 27 27 27 27 28 27 28 28 29 28 28 29 29 29      69999      22334 
1764	 875338	0 9 1 10 2 11 3 12 4 13 5 13 6 14 7 14 8 15 9 6 10 16 11 16 12 17 13 17 14 18 15 18 16 19 17 19 18 20 19 20 20 21 21 21 22 22 23 22 23 23 24 23 24 24 24 24 25 24 25 25 25 25 26 25 26 26 26 26 29 26 27 27 27 27 28 27 28 28 29 28 28 29 29 29      69999      22334 
2061	 843002	0 9 1 10 2 11 29 12 4 3 5 13 6 14 7 14 8 15 9 20 10 16 11 16 12 3 13 3 14 17 15 18 16 19 17 19 18 20 19 20 20 1 21 21 22 22 23 22 23 23 24 23 24 24 24 24 25 24 29 25 25 25 26 25 26 26 26 26 27 26 27 27 27 27 28 27 28 28 28 28 28 29 29 29      68499      23334 
2259	 824000	29 9 15 28 29 11 3 12 4 13 5 13 6 10 7 14 8 3 0 6 10 16 11 16 12 1 13 17 14 26 15 18 16 19 17 19 9 20 19 20 20 21 21 21 22 22 2 22 23 23 24 23 24 24 24 23 25 24 25 25 9 25 26 25 26 26 1 26 29 26 27 27 27 27 28 27 18 28 28 28 28 29 29 29      63000      27000 
0	1830000	4 0 6 1 14 3 8 3 11 3 10 5 12 5 14 7 15 7 16 8 16 9 17 9 18 9 20 10 20 12 21 13 21 13 23 13 23 13 23 15 23 15 24 17 24 18 25 19 25 19 27 19 26 19 26 21 26 22 2 22 11 24 28 24 28 24 28 24 28 25 29 25 29 26 29 27 29 27 29 27 29 27 29 28      63000      54000 
486	1490000	0 2 1 23 17 11 16 3 4 13 10 3 6 14 7 11 8 15 9 15 10 16 5 16 12 21 13 29 14 18 15 18 8 19 17 19 19 20 18 20 20 21 21 21 22 22 23 22 23 23 24 23 23 24 24 24 25 24 25 25 2 25 26 25 26 26 26 26 27 26 27 27 29 27 28 27 28 28 28 29 28 29 29 28      72000      36000 
585	1452000	0 9 1 10 2 11 3 12 4 13 5 13 6 14 7 14 8 15 9 15 10 16 11 17 12 10 13 17 16 7 15 18 16 19 17 19 18 20 19 20 20 21 21 21 22 25 23 22 23 23 24 23 24 24 25 24 25 24 10 25 25 25 26 24 26 26 26 27 5 26 27 26 27 27 28 28 28 28 29 28 29 29 29 29      63000      42000 
684	1291000	0 27 1 10 2 3 19 11 4 13 5 13 6 18 7 14 8 2 9 15 10 16 11 16 12 17 13 1 14 12 15 18 16 19 17 19 18 20 19 20 20 21 21 21 22 22 3 22 23 23 24 23 24 19 24 24 11 24 25 25 25 24 26 25 28 26 26 26 27 26 27 27 29 27 28 27 28 28 29 28 28 29 29 29      72000      31500 
783	1202000	0 9 1 22 2 11 3 5 4 13 5 13 6 3 7 14 8 15 9 15 10 16 11 9 12 21 13 17 14 18 15 18 16 19 17 19 18 20 19 20 20 21 21 21 0 22 23 22 23 0 24 23 24 24 24 24 25 24 25 25 25 25 26 26 26 25 26 27 27 26 29 27 27 27 28 27 29 28 28 28 28 29 29 29      72000      30000 
1377	 920000	1 6 14 8 22 11 0 12 29 13 5 13 2 14 7 14 8 10 9 15 6 16 11 0 12 17 13 17 10 18 15 13 16 19 17 13 18 20 19 20 20 21 21 21 3 22 23 22 23 23 24 23 24 24 24 24 25 24 25 25 25 25 26 8 26 26 26 3 27 26 29 27 27 27 4 27 28 28 28 28 28 29 29 29      72000      21000 
0	2238000	8 1 26 1 5 1 17 2 7 2 7 2 9 2 10 2 10 3 12 3 0 4 15 4 15 6 15 6 16 7 16 8 18 11 14 11 19 12 20 13 21 13 22 13 23 14 23 17 23 17 23 23 24 24 25 24 25 24 26 24 27 25 28 25 28 26 28 26 28 26 29 27 29 27 29 27 29 27 29 27 29 28 29 28      90000      36000 
99	2218000	8 1 26 1 5 1 17 2 7 2 7 2 9 2 10 2 21 3 12 3 0 4 15 4 15 6 15 6 16 23 16 8 18 11 14 11 19 12 20 13 21 13 22 13 23 14 23 17 23 17 23 23 24 24 25 24 25 24 26 24 27 25 28 25 28 26 28 26 28 26 29 27 29 27 29 27 29 27 29 27 29 28 29 28      90000      36000 
486	1659000	0 25 1 29 29 15 6 12 3 13 5 13 4 14 2 14 7 15 11 15 10 16 8 22 29 17 12 17 9 18 15 18 16 19 17 19 18 20 19 20 20 21 21 21 22 22 23 22 23 23 24 23 24 24 24 24 25 24 25 25 25 25 26 25 26 26 26 26 27 26 27 27 27 27 28 27 28 28 28 28 28 29 29 29      72000      40500 
585	 924000	0 6 1 10 8 11 3 12 4 13 5 13 6 14 7 14 15 15 9 15 10 11 11 16 12 17 13 17 14 18 22 18 16 19 17 19 18 0 19 20 20 21 21 21 2 22 23 24 23 23 24 23 26 24 24 24 25 20 25 24 25 25 26 25 26 26 26 26 29 26 27 27 27 27 28 27 28 28 29 28 28 29 29 29      72000      21000 
1368	 875340	0 9 10 10 2 11 3 12 4 13 13 14 6 14 7 14 8 15 9 15 5 16 11 16 12 17 1 17 14 18 15 13 16 19 17 19 18 20 19 20 20 21 21 21 22 22 23 22 23 23 24 23 24 24 24 24 25 24 25 25 25 25 26 25 29 26 26 26 27 26 27 27 27 27 28 27 28 28 29 28 28 29 29 29      69999      22334 
2448	 866000	29 9 1 29 2 11 0 12 4 13 5 13 6 14 7 14 8 15 9 15 26 16 11 16 12 17 13 17 14 0 15 18 16 19 17 19 18 20 19 20 20 21 21 21 22 22 23 22 23 23 3 23 24 24 24 24 25 24 25 25 25 25 26 25 29 26 26 26 27 26 27 27 10 27 28 27 28 28 28 28 28 29 29 29      72000      21000 
0	1637000	1 1 0 2 3 2 13 4 6 5 21 5 7 0 8 9 14 9 11 10 12 10 16 12 17 12 13 14 19 14 20 15 20 15 20 16 22 17 22 17 23 18 23 18 24 19 24 21 24 21 4 21 25 23 25 23 25 24 26 24 26 25 26 26 27 27 27 27 28 28 29 28 29 28 29 28 29 28 29 28 29 29 29 29      72000      40500 
486	1414000	0 9 1 10 6 11 9 12 2 13 5 13 3 14 8 29 29 10 4 15 7 16 11 16 12 17 13 17 14 18 15 18 16 19 17 19 18 20 19 20 20 21 21 21 22 22 23 22 23 23 24 23 24 24 24 24 25 24 25 25 25 25 26 25 26 26 26 26 27 26 27 27 27 27 28 27 28 28 28 28 28 29 29 29      66000      40000 
684	1146000	0 9 1 27 2 11 10 12 4 13 5 13 6 9 7 14 29 15 26 10 7 12 11 16 12 17 13 20 14 18 15 19 16 17 17 19 18 20 19 20 20 21 21 21 22 22 23 22 23 23 8 23 24 24 24 24 3 24 25 25 25 25 26 25 26 26 26 26 27 26 29 27 27 27 28 27 28 28 28 28 28 29 29 29      63000      36000 
1566	 908000	0 9 1 10 2 0 3 12 23 13 5 13 6 12 7 14 8 15 9 15 10 16 11 16 12 17 13 22 14 18 15 18 16 19 17 19 18 20 19 20 20 21 21 21 22 22 23 22 29 23 4 23 24 24 24 24 29 24 25 25 25 25 26 25 26 26 26 26 27 26 27 27 27 27 28 27 28 28 28 28 28 29 29 29      72000      21000 
2943	 869600	0 9 1 10 29 11 2 12 4 13 5 13 6 14 7 4 8 15 9 3 10 21 11 16 12 22 13 17 14 18 15 18 16 19 17 19 18 20 19 20 20 21 21 21 22 22 23 22 23 23 3 23 24 24 24 24 29 24 25 25 25 25 26 25 26 26 26 26 27 26 27 27 27 27 28 27 28 28 28 28 28 29 29 29      68400      23400 
0	2580000	4 0 9 0 6 1 4 1 8 2 13 2 8 2 9 3 10 5 10 5 10 6 11 6 14 7 15 11 15 12 16 12 16 13 21 14 18 17 19 18 19 18 21 20 22 20 22 22 23 23 24 24 25 24 26 25 26 25 28 25 28 25 28 26 28 26 29 26 29 27 29 27 29 27 29 28 29 28 29 28 29 28 29 29      50000      85000 
99	2212000	7 1 0 3 15 4 12 19 20 8 6 9 3 9 5 10 10 11 12 13 11 13 14 14 16 15 16 2 18 17 21 17 21 18 22 19 23 20 6 21 24 22 25 22 25 23 26 23 27 24 27 24 27 24 28 24 28 25 28 25 28 25 28 25 28 26 29 26 29 26 29 27 29 27 29 27 29 27 29 28 29 28 29 29      63000      63000 
198	2170000	5 16 4 0 17 1 3 2 1 5 2 7 8 21 6 12 11 17 16 7 19 10 18 2 15 13 20 12 10 13 8 14 15 16 18 16 19 4 25 18 25 15 24 19 19 22 22 23 24 20 24 24 11 23 9 24 23 26 26 25 27 25 28 26 28 26 27 14 29 26 21 27 29 27 29 27 29 28 29 27 29 28 29 28      72000      54000 
585	1319000	29 9 6 10 2 11 3 12 4 13 5 13 1 14 7 14 8 15 9 15 10 16 11 6 12 17 0 17 14 18 15 18 16 19 17 19 18 20 19 20 20 21 21 21 22 22 23 22 23 23 24 23 24 24 24 24 25 24 25 25 25 25 29 25 26 26 26 26 27 26 27 27 27 27 28 27 28 28 28 28 28 29 29 29      63000      40500 
684	1258500	0 9 1 10 2 11 2 12 5 28 4 13 6 14 7 14 8 15 9 15 10 12 11 16 12 12 13 17 14 18 15 18 16 19 17 19 18 20 19 20 20 21 21 21 22 22 23 22 23 23 24 23 25 20 24 24 26 24 25 25 25 25 3 25 26 26 27 26 28 26 27 27 27 27 29 27 29 28 28 28 28 28 29 29      88250      15250 
1665	 898000	29 9 1 10 2 11 15 12 4 13 5 17 6 14 7 14 8 4 13 9 10 16 11 16 12 17 29 17 14 9 15 18 16 19 17 19 18 20 19 20 20 21 21 21 22 22 23 22 23 23 24 23 24 20 24 24 0 24 25 25 25 25 3 25 26 26 26 26 27 26 27 27 27 27 28 27 28 28 28 28 28 29 29 29      68000      24000 
1764	 870668	0 9 1 10 2 11 13 12 4 13 5 13 6 16 7 14 8 10 29 15 10 16 11 16 12 17 29 20 14 6 15 18 16 19 17 19 18 20 19 20 20 21 21 21 22 22 23 22 23 23 24 23 24 24 24 24 25 24 9 25 25 25 3 25 26 26 26 26 27 26 27 27 27 27 28 27 28 28 28 28 28 29 29 29      69999      22334 
0	2580000	0 1 1 5 2 6 5 7 6 8 7 9 10 9 11 11 4 13 12 15 13 15 13 15 14 16 16 17 18 17 19 18 19 19 20 19 21 20 22 20 3 21 23 23 24 24 24 24 24 24 25 25 25 25 27 25 27 26 28 26 28 26 28 26 29 26 29 27 29 27 29 28 8 28 29 28 29 28 29 28 29 28 29 28      90000      45000 
288	1504000	0 9 1 10 2 11 3 12 4 13 5 13 6 14 11 14 8 13 9 15 10 16 11 15 12 17 13 17 14 17 15 18 16 19 20 19 18 20 7 20 20 21 21 23 22 22 24 22 23 23 24 23 25 24 24 24 27 24 25 25 25 26 28 26 26 26 29 26 29 26 29 27 27 27 28 27 28 28 29 28 28 28 29 29      63000      45000 
585	1024000	26 24 1 10 0 11 3 12 4 9 29 0 6 0 7 11 8 15 9 15 10 16 11 16 12 17 13 19 14 5 15 21 16 19 17 19 18 20 19 18 20 21 21 23 22 23 23 22 23 23 24 23 24 24 24 24 25 24 25 25 25 25 2 25 26 26 26 26 5 26 27 27 27 27 28 27 29 28 28 28 28 29 29 28      81000      15000 
684	1016000	26 24 1 10 0 11 3 20 4 9 29 0 6 1 7 11 8 15 9 15 10 16 11 16 12 17 13 19 14 5 15 21 16 19 17 19 18 20 19 18 20 21 21 23 22 23 23 22 23 23 24 23 24 24 24 24 25 24 25 25 25 25 2 25 26 26 26 26 5 26 27 27 27 27 28 27 29 28 28 28 28 29 29 28      81000      15000 
2052	 890672	0 9 1 10 2 11 3 12 4 13 5 13 6 14 7 14 8 15 9 15 10 1 11 16 12 17 13 17 14 18 15 18 16 19 17 19 18 8 19 20 20 21 21 21 22 22 23 22 23 23 24 23 24 24 24 24 25 24 25 25 25 25 26 25 26 26 26 26 27 26 29 27 27 27 28 27 29 28 28 28 28 29 29 29      69999      22334 
2250	 875338	0 9 1 10 2 11 3 12 4 13 5 13 6 14 7 14 8 9 9 15 10 2 11 16 12 17 13 22 14 18 15 18 16 19 17 19 18 20 19 20 20 21 21 21 22 22 23 22 23 23 24 23 24 24 24 24 25 24 25 25 25 25 26 25 26 26 26 26 27 26 29 27 27 27 28 27 29 28 28 28 28 29 29 29      69999      22334 
2349	 830670	0 14 1 29 2 11 29 12 4 10 5 13 6 1 7 3 8 15 3 15 10 16 11 16 12 17 13 22 14 18 15 9 16 19 17 19 18 20 19 20 20 21 21 21 22 22 23 22 23 23 24 23 24 24 24 24 25 24 25 25 25 25 26 25 26 26 26 26 9 26 27 27 27 27 28 27 29 28 28 28 28 29 29 29      69999      22334 
0	2226000	1 0 8 0 8 2 9 2 9 3 12 4 12 5 13 6 15 10 16 11 17 11 17 13 19 14 1 15 20 16 20 7 22 18 22 18 23 18 23 19 23 19 23 20 23 21 23 21 24 21 25 21 27 24 27 24 28 25 28 25 28 25 28 26 29 26 29 26 29 26 29 27 29 27 29 27 29 27 29 27 29 28 29 28      45000      81000 
387	1989000	0 9 1 10 2 2 11 12 4 13 5 13 6 14 7 14 8 29 9 8 10 16 3 16 12 17 13 2 14 18 15 18 24 19 17 19 18 20 19 20 20 21 21 24 22 23 23 22 23 23 24 23 24 24 24 24 25 24 28 24 25 25 26 25 28 26 26 26 27 26 27 27 27 27 28 28 29 28 28 28 29 29 29 29      81000      40500 
486	1418000	2 9 1 10 6 11 3 9 4 0 5 22 28 14 7 14 8 15 0 15 10 16 11 6 12 17 22 16 14 18 15 18 16 13 17 19 18 20 19 20 20 21 21 21 22 22 23 22 23 23 13 23 24 24 24 24 25 24 25 25 25 25 26 25 26 25 26 26 27 26 27 27 27 27 29 27 28 28 28 28 29 29 29 29      72000      36000 
585	1398000	0 9 1 10 2 11 14 12 4 13 5 13 6 14 7 6 8 29 1 15 10 16 11 16 12 17 22 16 3 18 15 18 16 19 17 19 18 3 19 20 20 21 21 21 22 22 23 22 23 23 24 23 24 23 24 24 9 25 25 25 25 25 26 25 26 26 26 26 27 26 27 27 27 27 29 28 28 28 28 28 28 29 29 29      63000      42000 
684	1318000	0 16 14 10 2 3 6 12 1 13 5 13 7 13 8 14 3 8 9 15 10 19 11 16 12 17 13 17 23 18 15 1 16 19 17 18 18 18 4 20 20 21 21 21 22 19 12 22 23 21 29 23 24 24 24 24 25 24 25 25 25 25 26 25 26 26 26 26 27 26 27 27 27 27 28 27 28 28 28 28 29 28 29 29      74000      30000 
882	 910000	0 9 20 10 28 3 3 12 4 24 5 13 29 14 7 16 8 15 9 15 10 16 11 16 12 17 13 5 14 18 15 18 16 19 17 19 18 20 19 20 25 21 21 21 22 22 23 22 23 23 24 23 2 24 24 24 9 24 25 25 25 25 26 25 26 26 26 26 1 26 27 27 27 27 28 27 6 28 28 28 29 29 29 29      72000      21000 
1764	 906000	0 9 1 10 2 2 3 12 4 13 5 13 29 14 7 14 8 15 9 15 10 16 11 16 12 21 13 17 14 24 15 18 16 19 17 19 18 20 19 20 20 21 21 21 22 22 23 22 23 23 24 23 24 24 24 24 6 24 25 25 25 25 26 25 26 26 26 26 27 26 27 27 27 27 29 27 28 28 28 28 28 29 29 29      72000      21000 
0	2198000	16 2 10 2 4 5 3 5 7 5 9 6 1 6 11 10 8 16 0 12 13 12 13 14 15 14 22 14 17 16 18 17 19 17 21 18 21 19 23 19 23 19 23 19 24 21 24 23 25 24 26 24 26 24 27 24 27 24 27 25 27 25 20 25 28 25 28 25 28 26 28 26 28 26 28 27 28 29 29 29 29 29 29 29      90000      36000 
585	2170000	27 1 2 2 3 4 4 5 1 5 9 15 7 6 8 14 12 16 7 12 13 0 13 9 15 14 22 6 16 17 19 18 19 17 20 18 10 16 23 19 21 10 23 19 23 21 22 25 25 24 25 24 26 24 25 24 26 25 27 24 28 26 20 25 27 25 28 26 11 26 28 26 28 27 29 28 29 29 29 28 29 28 29 29      72000      54000 
684	 990000	0 6 1 7 2 11 3 12 4 13 5 13 6 6 7 14 8 15 9 15 10 17 11 11 12 13 13 17 14 18 15 18 16 19 17 19 18 20 19 20 20 21 21 21 22 22 23 22 23 23 24 23 24 24 24 24 25 24 25 25 25 25 26 25 26 26 26 26 27 26 27 27 29 27 28 27 28 28 28 28 29 28 29 29      81000      15000 
981	 926000	0 10 1 2 2 11 3 12 4 13 5 28 6 14 7 14 8 8 9 15 10 17 11 16 12 17 13 17 14 18 15 18 16 16 17 19 18 20 19 20 20 21 21 21 22 22 23 22 23 23 24 23 24 24 24 24 25 24 29 25 25 25 26 25 28 26 26 26 5 26 27 27 27 27 29 27 28 29 28 28 28 29 29 29      72000      21000 
1179	 911600	0 9 1 29 4 16 3 12 6 13 5 13 28 6 7 14 8 15 9 12 10 16 11 20 12 17 13 17 14 2 15 18 16 19 17 19 18 20 19 20 20 21 21 21 22 22 23 22 23 23 2 23 24 24 24 24 25 24 25 25 25 25 26 25 26 26 26 26 27 26 27 27 27 27 28 27 28 29 28 29 29 29 29 29      72000      21600 
2160	 826002	29 9 1 10 2 11 3 12 4 13 5 13 6 14 7 14 8 15 9 12 10 16 11 16 12 17 13 17 14 18 15 18 16 19 17 19 18 20 19 20 20 21 21 21 22 22 23 22 23 23 24 23 24 24 24 24 0 24 25 25 25 25 29 25 26 26 26 26 27 26 27 27 27 27 28 27 28 29 28 28 28 29 29 29      69999      22334 
2556	 663500	29 9 29 11 9 9 3 12 0 13 5 13 1 6 7 14 8 15 4 24 10 16 11 20 12 26 13 17 14 18 15 18 16 19 17 19 18 20 19 20 20 21 21 21 22 22 23 22 23 23 6 23 24 24 24 24 25 24 25 25 25 25 2 25 26 26 26 26 27 26 27 27 27 27 28 27 28 29 28 29 28 29 29 29      72000      15750 
0	2604000	3 0 6 1 7 1 8 2 9 2 10 3 11 3 13 4 15 4 16 5 12 5 14 8 17 11 18 15 19 18 19 18 21 20 22 20 23 20 24 20 24 20 24 21 24 21 25 22 25 22 25 23 26 23 27 25 27 25 28 26 28 26 28 26 28 26 28 27 29 27 29 27 29 27 29 27 29 28 29 28 29 28 29 29      81000      54000 
198	2216000	20 0 7 0 5 2 5 2 9 1 7 4 6 3 8 9 10 8 13 9 12 12 17 6 10 14 17 11 17 15 23 21 19 16 21 18 19 20 13 23 25 24 24 18 22 22 25 22 25 23 25 23 24 22 27 25 25 25 26 24 27 26 29 25 27 26 28 27 27 25 27 26 29 28 29 28 29 28 29 28 29 29 29 29      45000      81000 
495	1826000	13 16 8 3 5 3 7 0 15 2 4 29 10 17 4 7 9 8 14 10 12 14 13 12 14 10 17 2 6 15 21 23 1 16 20 10 14 20 18 20 11 24 25 18 26 22 19 22 21 22 24 23 27 23 24 25 27 24 19 25 28 25 29 27 25 26 0 26 29 26 29 27 28 26 29 28 29 28 29 27 29 28 29 28      72000      45000 
1080	1418000	29 9 0 1 2 3 24 17 4 26 5 13 6 14 7 14 8 21 11 15 10 12 11 16 12 10 13 17 14 18 1 14 16 19 9 18 18 20 19 20 20 21 21 22 22 22 23 22 15 23 24 23 25 24 26 24 3 24 25 25 25 25 26 25 26 26 26 27 27 20 27 27 27 27 29 27 29 28 28 28 28 28 29 29      63000      42000 
1179	1406000	2 9 12 10 25 11 0 17 4 13 5 29 6 14 7 14 4 15 9 15 10 16 11 16 12 17 13 17 14 18 1 14 16 19 17 19 18 20 19 20 20 21 21 20 22 22 23 22 15 23 24 23 24 24 29 24 3 24 8 25 25 25 26 25 26 26 26 26 27 26 27 27 27 26 28 27 28 28 28 28 28 29 29 29      63000      42000 
1278	 984000	7 9 1 10 21 11 3 4 4 13 5 3 6 14 0 28 8 15 9 7 10 16 11 16 12 13 13 2 14 18 15 14 16 16 17 19 18 20 2 20 20 21 22 21 22 22 23 22 23 22 24 23 24 23 24 24 19 24 25 25 25 25 26 25 26 25 26 26 28 26 27 27 27 27 28 27 28 28 29 28 29 29 29 29      81000      15000 
2061	 974000	0 9 1 10 2 11 3 4 4 13 5 3 6 14 7 14 8 15 9 15 10 16 11 16 12 13 13 19 14 18 15 18 16 16 17 19 18 20 19 20 20 21 21 21 22 22 23 22 23 23 24 23 24 24 24 24 25 24 28 25 25 25 26 25 26 26 26 26 27 26 27 27 27 27 28 27 28 28 29 28 29 29 29 29      81000      15000 
2358	 839500	0 24 1 10 2 22 3 4 4 13 5 13 6 14 7 28 8 15 9 15 10 12 11 16 12 13 13 27 14 18 15 18 16 4 17 19 18 20 19 20 20 21 21 21 22 22 23 22 23 23 24 23 24 24 24 24 25 24 25 25 25 25 26 25 26 26 26 26 29 26 27 27 27 27 28 27 28 28 28 28 29 29 29 29      81000      11250 
2556	 759000	0 9 1 10 2 11 29 5 4 13 5 8 6 14 7 14 8 15 9 15 10 16 11 16 12 17 13 26 14 0 15 18 16 19 17 19 18 20 19 20 20 21 21 21 22 22 23 22 23 23 24 23 24 24 24 24 25 24 25 25 25 25 3 25 26 26 26 26 27 26 27 27 27 27 28 27 28 28 28 28 29 29 29 29      74250      14625 
2655	 747500	0 9 1 10 2 11 29 12 4 13 5 8 6 14 7 14 8 15 9 15 10 16 11 16 12 17 13 26 14 0 15 18 16 19 17 19 18 20 19 20 20 21 21 21 22 22 23 22 23 23 24 23 24 24 24 24 25 24 25 25 25 25 3 25 26 26 26 26 27 26 27 27 27 27 28 27 28 28 28 28 29 29 29 29      74250      14625 
2853	 729750	0 28 1 10 2 11 29 12 4 13 5 8 6 14 7 14 8 15 9 15 10 16 11 16 12 17 13 26 14 0 15 18 16 19 17 19 18 20 19 20 20 21 21 21 22 22 23 22 23 23 24 23 24 24 24 24 25 24 25 25 25 25 3 25 26 26 26 26 27 26 27 27 27 27 28 27 28 28 28 28 29 29 29 29      74250      14625 
0	1852000	21 0 1 2 15 3 12 4 23 5 3 5 13 5 4 6 5 8 9 9 14 10 14 10 15 10 16 11 19 11 20 12 20 12 21 13 22 16 22 7 23 17 23 17 24 18 24 18 25 19 25 19 25 19 26 20 26 20 27 22 27 23 27 24 28 24 28 24 28 25 28 26 29 26 29 26 29 27 29 28 29 28 29 29      54000      63000 
387	1353500	0 9 1 2 2 11 3 2 4 13 5 13 6 14 7 14 8 14 9 15 10 19 11 16 12 17 13 17 0 10 15 18 16 19 17 19 18 20 23 5 20 21 21 21 22 22 23 24 23 23 25 24 24 24 24 24 25 24 25 25 27 25 28 26 26 26 28 26 27 26 27 28 27 27 29 27 28 28 28 28 29 29 29 29      72000      33750 
486	1277000	0 9 1 17 2 11 3 12 4 13 5 13 6 10 11 14 8 13 9 15 10 16 11 16 12 17 22 17 14 18 15 18 16 14 17 19 18 20 19 19 20 19 21 21 22 22 23 22 24 23 24 23 24 24 24 24 5 24 25 22 25 25 7 25 26 26 26 26 27 26 27 27 29 27 28 27 29 28 28 28 28 29 29 29      72000      31500 
585	1198000	29 9 1 17 2 11 3 12 4 13 5 13 6 14 7 11 8 15 9 15 10 16 11 12 13 17 13 17 14 10 15 18 16 19 17 19 18 20 19 20 20 21 21 21 22 22 23 22 23 22 24 23 24 24 24 24 25 24 25 25 25 25 26 25 26 26 27 26 27 26 27 27 29 27 0 27 28 28 28 28 28 29 29 29      63000      36000 
783	 812000	27 9 1 10 2 11 3 12 0 13 28 13 6 14 7 14 5 4 9 15 10 16 11 16 12 17 4 9 14 8 15 18 16 12 17 19 18 20 19 20 20 21 21 21 22 22 23 22 23 23 29 23 24 24 24 24 25 24 25 25 13 25 26 25 26 26 26 26 8 25 27 27 29 27 28 27 28 28 29 28 28 29 29 29      63000      27000 
2727	 745250	0 9 1 10 2 11 3 12 4 13 5 13 6 14 7 14 8 17 9 15 10 24 11 16 12 13 13 17 14 18 15 18 16 19 17 19 18 20 19 20 20 21 21 21 22 22 23 22 23 23 29 23 24 24 24 24 25 24 25 25 25 25 26 25 26 26 26 26 27 26 27 27 27 27 28 27 28 28 29 28 28 29 29 29      74250      14625 