
0       5827.00       21042.00
1       6068.00       56800.00
2      21111.00       43336.00
3      26298.00       27106.00
4      11747.00       70902.00
5       2934.00       32060.00
6      22374.00       19168.00
7      11575.00       75001.00
8      25728.00       26786.00
9      19908.00       45000.00
10      14346.00       65235.00
11       3475.00       64000.00
12      19577.00       31251.00
13      20634.00       23425.00
14      18137.00       29287.00
15        132.00       20000.00
16      22050.00       27858.00
17        104.00       35295.00
18      22761.00       57224.00
19        431.00       23481.00