
0        172.00      588167.00
1        124.00      551501.00
2        864.00      601501.00
3      15351.00      494834.00
4       8732.00      509834.00
5       4868.00      588167.00
6       2209.00      587500.00
7      15358.00       65000.00
8        322.00      165000.00
9      10670.00      153750.00
10      12069.00      579278.00
11        320.00      596500.00
12      11620.00      157500.00
13       2137.00      511500.00
14        310.00      265000.00
15       9796.00      581501.00
16       7451.00      551501.00
17       4996.00      531501.00
18      11547.00      599000.00
19        229.00      588167.00