
0	2212000	18 13 23 2 4 3 6 3 23 8 0 9 1 10 7 11 12 11 8 11 8 13 9 5 10 14 10 15 11 16 14 16 15 16 17 16 17 18 17 19 20 19 22 20 22 21 22 21 23 21 26 24 26 24 27 24 27 24 27 25 27 25 27 25 28 25 28 26 12 26 29 27 29 28 29 28 29 28 29 28 29 28 29 28      63000      63000 
99	1989000	0 1 8 1 2 4 11 5 5 6 19 6 9 8 4 10 12 10 13 10 15 11 18 14 16 24 18 14 19 14 20 15 20 17 21 17 7 18 23 20 23 21 23 21 24 22 24 22 3 22 25 23 25 23 26 24 26 24 26 24 26 25 26 25 26 25 26 26 26 27 27 16 27 28 27 29 28 29 28 29 28 29 29 29      81000      40500 
198	1402000	1 0 1 8 13 2 29 11 6 5 6 19 8 9 10 4 10 12 10 13 11 15 14 18 17 16 14 18 14 19 15 20 17 20 17 21 18 7 3 23 21 23 21 23 22 24 22 24 22 3 23 25 23 25 24 26 24 26 24 26 25 26 25 26 25 26 26 26 27 26 16 27 28 27 29 27 29 28 29 28 29 28 29 29      31500      73500 
486	1008000	0 0 1 13 2 27 3 2 4 7 5 8 6 9 7 10 8 11 9 11 10 12 11 16 12 18 13 17 14 19 15 19 16 20 17 20 18 21 19 21 20 22 21 23 22 23 23 23 23 24 24 24 24 24 24 25 25 25 25 25 25 26 26 26 26 26 26 15 27 28 27 4 27 29 28 29 28 29 28 29 29 29 29 29      81000      15000 
585	 866000	0 22 1 0 2 0 3 13 4 7 5 8 6 9 7 14 8 11 9 11 10 12 11 16 12 18 13 17 14 19 15 19 16 20 17 20 18 21 19 21 20 22 21 23 22 23 23 23 23 24 24 24 24 24 29 25 25 25 25 26 25 1 26 26 26 26 26 15 27 28 27 4 27 29 28 29 28 29 28 29 28 29 29 29      72000      21000 
684	 846000	0 28 1 2 2 0 3 9 8 5 5 8 6 9 7 14 4 11 9 11 10 12 11 13 12 18 13 7 14 17 15 19 16 20 17 20 18 3 19 21 20 22 21 23 22 23 23 23 23 16 24 24 24 24 24 25 25 25 25 26 25 1 26 26 26 26 26 15 27 28 27 4 27 29 28 29 29 29 28 29 28 29 29 29      72000      18000 
0	1490000	2 1 1 3 6 3 20 4 7 4 9 5 8 5 11 9 13 10 14 10 15 13 15 13 15 13 0 14 17 16 17 17 18 18 19 19 16 19 22 20 22 20 23 21 23 21 23 21 24 21 24 23 25 23 25 23 26 24 26 24 26 24 12 24 27 25 27 25 28 25 28 26 29 27 29 27 29 27 29 28 29 28 29 28      72000      36000 
288	 690000	17 0 21 1 29 2 8 3 5 4 9 5 15 6 11 7 12 8 13 9 14 10 16 11 18 12 18 13 18 14 10 15 20 16 21 17 22 18 22 19 19 20 23 21 23 22 0 23 24 23 24 24 25 24 25 24 26 25 26 25 26 25 27 26 15 26 29 26 29 27 29 27 29 27 29 28 29 28 29 28 29 28 29 29      20000      70000 
486	 670000	0 17 1 21 2 29 3 8 4 5 5 9 6 15 7 11 8 12 9 13 10 14 11 16 12 18 13 19 14 18 15 10 16 20 17 21 18 22 19 22 20 19 21 23 22 23 23 0 23 24 24 24 24 25 24 25 25 26 25 26 25 26 26 27 26 15 26 29 27 29 27 29 27 29 28 29 28 29 28 29 28 29 29 29      70000      20000 
684	 650000	21 0 17 1 19 2 8 3 5 29 9 5 15 6 11 7 12 8 13 9 14 10 16 11 18 12 26 13 18 14 10 15 20 16 21 17 22 18 22 19 19 20 23 21 23 22 0 23 24 23 26 24 25 24 25 24 26 25 26 25 26 25 27 26 15 26 29 4 29 27 29 27 29 27 29 28 29 28 11 28 29 28 29 29      20000      70000 
0	2131000	1 0 3 11 11 4 5 4 0 5 9 7 6 7 12 8 13 8 13 8 13 10 16 14 17 14 18 14 19 14 20 15 21 15 22 16 2 17 23 17 23 18 24 19 24 20 24 21 25 22 25 22 26 23 10 23 28 24 28 24 28 25 29 25 29 25 29 26 29 26 29 26 29 27 29 27 29 27 29 27 29 28 29 28      72000      51750 
99	1826000	6 0 13 3 1 9 1 2 18 4 6 5 6 8 7 11 7 21 7 14 8 10 8 12 9 15 13 17 13 18 13 19 16 20 20 22 20 23 20 23 22 24 24 16 24 24 25 25 25 25 25 25 26 25 26 25 26 26 26 27 26 27 27 28 27 28 28 29 28 29 28 29 28 29 28 29 28 29 28 29 29 29 29 29      27000      90000 
198	1654000	14 3 19 4 12 5 2 5 4 6 0 0 7 8 7 9 2 10 12 11 12 13 6 13 14 15 14 17 15 18 16 20 16 20 16 21 16 1 16 22 17 23 19 24 19 24 21 25 21 25 22 25 23 25 23 25 24 26 24 26 10 26 27 16 27 27 27 27 3 28 28 28 28 28 28 29 28 29 28 29 29 29 29 29      31500      81000 
297	1547000	1 22 23 0 4 0 2 9 6 17 8 1 5 10 21 10 3 11 4 12 9 12 13 13 13 14 13 14 11 15 15 16 16 18 17 18 18 20 19 20 19 20 19 21 22 21 23 23 24 24 24 24 7 24 25 26 25 26 25 27 26 27 26 28 27 28 27 28 27 28 27 29 27 29 28 29 28 29 28 29 28 29 29 29      69000      40500 
396	1474000	14 22 23 0 1 0 2 9 6 17 8 1 5 10 21 10 3 18 4 12 12 12 13 13 13 14 13 14 11 15 15 16 16 18 17 18 18 20 19 20 19 20 19 21 22 21 23 23 24 24 24 24 7 24 25 26 25 26 25 27 26 27 26 28 27 28 27 28 27 28 27 29 27 29 28 29 9 29 28 29 28 29 29 29      72000      36000 
684	 780000	9 5 11 1 0 2 2 3 4 4 5 5 8 6 0 7 21 8 7 9 10 10 12 11 15 12 17 13 18 14 19 15 20 16 22 17 23 18 23 19 24 20 16 21 24 22 25 23 25 23 13 24 25 24 25 24 26 25 27 25 27 25 28 26 28 26 14 26 29 27 29 27 29 27 29 28 29 28 29 28 29 28 29 29      27000      63000 
0	2210000	17 0 10 1 3 2 2 6 4 10 5 11 5 12 28 13 6 13 7 13 7 16 8 16 8 17 9 18 11 18 12 18 14 18 14 19 15 19 15 19 15 20 19 20 21 20 22 20 22 21 23 21 24 23 24 23 25 24 25 24 27 25 27 25 27 25 27 25 27 26 28 26 28 26 28 26 29 27 29 29 29 29 29 29      72000      54000 
99	1695600	1 17 0 10 0 3 1 2 10 4 26 5 12 5 13 28 13 6 13 7 16 7 16 8 17 8 18 9 18 11 18 12 18 14 19 14 19 15 9 15 20 15 20 19 20 21 20 22 21 22 21 23 23 24 23 24 24 25 24 25 25 27 25 27 25 27 25 27 26 27 26 28 26 28 26 28 27 29 29 29 29 29 29 29      41400      72000 
198	1653000	4 8 5 0 5 1 5 2 6 6 7 4 2 3 15 7 11 9 11 10 19 14 12 16 12 16 13 17 13 17 13 17 14 19 14 21 18 22 18 23 16 23 20 23 20 23 20 24 21 24 21 24 22 25 22 25 25 25 25 25 25 26 26 26 26 27 26 27 27 27 27 28 28 29 28 29 28 15 28 29 28 29 28 29      40500      72000 
297	1458000	11 17 0 10 0 3 1 2 10 4 26 5 12 5 13 28 13 6 13 7 16 7 16 8 17 8 18 9 18 11 1 12 18 14 19 14 19 15 9 15 20 15 20 19 20 21 20 22 21 22 21 23 23 24 23 24 24 25 24 25 25 27 25 27 25 27 25 27 26 27 26 28 26 28 26 28 27 29 29 29 29 29 29 29      41400      63000 
396	1270000	8 8 0 5 1 5 2 5 6 6 4 7 3 2 7 15 9 11 10 11 14 19 16 12 16 12 17 18 22 13 17 13 19 14 21 14 11 18 23 18 23 16 23 20 12 20 24 20 24 21 24 21 25 22 25 22 25 25 25 25 26 25 26 26 27 26 27 26 27 27 28 27 29 28 29 28 15 28 13 28 29 28 29 28      72000      30000 
684	1214000	9 8 5 0 10 1 5 2 6 2 7 4 2 3 15 7 11 9 11 10 19 14 12 16 12 16 18 17 13 22 13 17 14 19 14 21 18 11 18 23 16 23 20 23 20 12 20 24 21 24 21 24 22 25 22 25 25 25 25 25 6 26 26 26 26 27 26 27 27 27 27 28 28 29 28 29 28 15 28 13 28 29 28 29      31500      69000 
0	1608000	5 0 8 0 3 1 26 1 2 1 4 2 24 5 6 7 6 10 7 11 9 12 9 13 10 13 11 14 12 15 13 15 14 16 16 17 16 17 18 18 18 19 21 20 21 20 23 20 24 20 24 22 25 22 25 23 25 23 25 24 26 24 19 25 26 25 27 26 28 26 28 27 28 27 29 27 29 28 29 28 29 29 29 29      63000      48000 
99	1291000	5 0 5 16 3 19 7 1 15 2 9 12 9 4 10 3 11 7 11 8 11 9 11 13 12 15 13 16 13 17 14 17 14 6 18 20 18 20 18 21 19 21 20 23 22 23 22 23 22 24 23 24 23 25 24 25 24 25 24 26 25 26 25 26 25 27 25 27 26 27 26 28 27 28 27 28 28 29 28 29 10 29 29 29      40500      63000 
576	1096000	5 0 5 16 3 19 14 1 15 2 9 12 26 4 10 3 11 7 11 8 11 9 11 13 12 15 13 16 13 17 14 17 14 6 18 20 18 20 18 21 19 21 28 23 22 23 22 23 22 24 23 24 23 25 24 25 24 25 24 26 25 26 25 26 25 27 25 27 26 27 26 28 27 28 27 28 28 29 28 29 10 29 29 29      36000      63000 
675	 924500	29 0 27 1 17 2 5 3 1 4 25 5 10 6 11 7 11 8 13 9 5 10 14 11 15 12 29 13 20 14 19 15 7 16 21 17 22 18 23 19 23 20 6 21 24 22 25 23 25 23 25 24 25 24 26 24 26 25 9 25 4 25 27 26 27 26 27 26 28 27 9 29 29 27 29 28 29 28 29 28 29 28 29 29      11250      81000 
774	 852000	29 29 29 1 28 2 3 3 21 4 5 5 6 6 10 7 9 0 1 9 15 10 17 11 18 12 29 13 19 14 19 15 19 16 20 17 22 18 22 19 22 20 23 21 23 22 28 23 24 23 24 24 24 24 25 24 25 25 26 25 26 25 26 26 27 26 0 26 4 27 8 27 29 27 29 28 29 28 29 8 29 28 29 29      10000      81000 
0	1832000	10 0 1 7 15 7 4 21 5 11 13 11 9 11 3 11 6 13 12 14 8 14 0 16 15 17 16 18 16 18 17 18 19 20 19 20 20 20 21 20 23 22 23 22 24 23 24 23 25 23 25 24 25 24 25 24 25 25 26 25 2 26 27 26 27 26 28 26 28 26 28 26 29 27 29 27 29 28 29 28 29 28 29 29      72000      45000 
288	1317000	0 7 1 0 2 11 3 4 4 6 5 1 6 8 7 9 8 12 9 12 10 13 11 15 12 15 13 16 14 17 15 19 16 19 17 20 18 20 19 21 20 23 21 23 22 24 23 25 23 25 24 26 24 27 24 27 22 27 25 27 25 28 26 28 26 28 26 28 27 29 27 29 27 29 28 29 28 29 28 29 28 29 29 29      81000      22500 
387	 742000	10 0 9 1 11 2 1 3 29 4 4 5 8 6 18 7 24 8 12 9 13 10 15 11 15 12 16 13 17 14 19 15 19 16 20 17 20 18 21 19 23 20 14 21 24 22 25 23 25 23 26 24 27 24 27 24 27 25 26 25 28 25 28 26 28 26 28 26 29 27 29 27 29 27 29 28 29 28 29 28 22 28 29 29      27000      63000 
486	 710000	20 0 22 1 9 2 29 3 11 4 7 5 18 6 4 7 29 8 10 9 10 10 12 11 13 12 15 13 16 14 14 15 17 16 17 17 19 18 19 19 19 20 19 21 21 22 23 23 24 23 24 24 24 24 25 24 25 29 25 25 25 25 26 26 27 26 27 26 29 27 29 27 29 27 29 28 29 28 29 28 29 28 29 29      20000      70000 
684	 698500	29 0 28 1 12 2 1 3 13 4 9 5 14 6 14 7 15 8 23 9 5 10 16 11 19 12 17 13 18 14 18 15 25 16 19 17 20 18 20 19 21 20 21 21 22 22 22 23 23 23 23 24 24 24 24 24 24 29 25 25 25 25 25 26 26 26 26 26 26 27 27 27 27 27 27 28 28 28 28 28 29 29 29 29      15750      72000 
0	2184000	0 3 15 3 2 4 18 6 5 7 6 7 8 8 9 11 9 11 10 12 10 12 1 13 16 13 20 14 20 14 22 15 22 16 22 17 23 17 23 17 19 18 25 19 26 21 26 21 26 22 27 22 27 23 27 24 27 24 28 24 28 24 28 24 29 25 29 25 29 25 29 25 29 25 29 26 29 27 29 27 29 28 29 28      63000      63000 
99	1852000	27 0 10 0 23 3 7 3 4 3 6 5 5 8 2 8 1 9 8 9 9 11 20 7 13 13 14 14 14 15 15 15 15 15 18 16 16 16 19 17 12 18 11 18 21 19 21 19 23 20 24 21 24 22 24 23 24 24 25 25 26 25 26 25 26 25 27 26 28 27 22 27 17 28 29 28 29 28 29 28 29 29 29 29      72000      45000 
198	1644000	0 4 9 1 3 21 5 13 28 4 2 8 6 10 1 11 18 12 7 12 8 13 9 13 11 4 11 15 11 16 12 19 14 19 14 19 16 20 17 15 17 10 17 22 17 23 18 23 20 24 20 24 21 25 22 25 22 25 22 26 23 26 24 26 24 27 24 27 25 28 26 28 26 29 26 29 27 29 27 29 28 29 28 29      63000      48000 
297	1238800	3 27 0 10 11 13 2 7 3 4 28 6 14 5 9 2 10 1 10 8 17 9 12 20 29 27 13 14 15 14 16 15 18 15 0 18 19 16 20 19 21 12 22 11 23 21 23 21 24 23 24 24 24 24 25 24 25 24 25 25 25 26 25 26 26 26 26 27 26 28 26 22 26 17 27 29 28 29 28 29 28 29 28 29      37800      63000 
585	1029146	14 0 18 1 22 2 3 3 17 4 4 5 21 6 11 7 8 8 9 9 9 10 10 11 11 12 13 13 15 14 1 15 16 16 17 17 19 18 20 19 20 20 23 21 23 22 24 23 24 23 24 24 2 24 25 24 12 25 28 25 28 25 28 26 28 26 28 26 0 27 29 27 29 27 29 28 29 28 29 28 29 28 29 29      26143      69000 
684	 792000	29 0 19 1 20 2 10 3 4 4 6 5 5 6 2 7 29 8 8 9 9 10 20 11 13 12 14 13 14 14 15 15 15 16 18 17 16 18 19 19 12 20 11 21 21 22 21 23 23 23 24 24 24 24 24 24 24 25 25 25 26 25 26 26 26 26 27 26 28 27 22 27 17 27 29 28 29 28 29 28 29 28 29 29      27000      63000 
0	2254000	27 0 23 0 25 5 4 1 4 1 6 3 9 3 10 7 10 7 10 12 11 12 11 12 13 13 14 13 15 15 18 16 18 16 2 16 19 17 19 17 20 17 20 17 23 20 24 21 24 21 25 21 25 5 25 22 26 22 26 23 26 24 26 26 26 26 28 27 28 27 28 27 8 28 29 28 29 28 29 28 29 29 29 29      81000      45000 
99	1854000	8 0 4 1 4 2 10 6 10 3 13 7 12 9 21 9 13 11 13 12 13 14 14 5 16 15 16 15 17 15 18 16 19 16 19 16 19 17 20 17 20 18 20 19 20 21 23 22 23 22 23 22 23 23 24 24 24 24 8 25 26 25 26 25 26 26 27 27 27 27 27 28 29 28 29 28 29 28 29 28 29 28 29 29      45000      72000 
198	1524000	4 0 11 2 11 3 13 5 26 5 7 6 7 8 8 8 9 9 12 9 12 10 14 10 16 12 17 12 17 15 17 15 17 16 18 21 18 20 19 20 19 1 20 22 20 13 24 23 24 23 4 23 25 23 25 24 14 24 22 25 26 25 27 26 27 26 27 26 21 27 28 27 29 27 29 27 29 28 29 28 29 28 29 28      45000      63000 
297	 862000	24 16 17 4 25 9 9 14 16 6 15 7 10 28 22 11 25 12 13 1 14 22 11 15 19 10 20 0 21 18 21 19 21 20 23 21 23 23 2 23 24 13 24 24 18 24 25 17 25 25 25 2 25 26 25 26 25 26 26 27 26 27 26 27 26 27 26 3 27 28 27 28 28 8 28 5 28 29 29 29 29 29 29 29      21000      72000 
396	 770000	16 24 4 17 9 25 14 11 6 16 7 15 28 10 11 22 12 25 1 13 22 14 15 8 10 19 0 20 18 21 19 21 20 21 21 23 23 23 23 2 13 24 24 24 24 18 17 25 25 25 2 25 26 25 26 25 26 25 24 26 27 26 27 26 27 26 3 26 28 27 28 27 8 28 5 28 29 28 29 29 29 29 29 29      72000      18000 
495	 720000	19 16 17 4 25 9 11 14 16 6 15 7 10 28 22 11 25 12 13 1 14 22 8 15 19 10 20 0 25 18 21 19 21 20 23 21 23 23 2 23 24 13 24 24 18 24 25 17 25 25 25 2 25 26 25 26 25 26 26 24 26 27 26 27 26 27 26 3 27 28 27 28 28 8 28 5 28 29 29 29 29 29 29 29      17500      72500 
0	1826000	9 2 0 2 3 3 18 11 4 11 1 13 5 12 6 12 7 15 8 15 10 15 12 15 13 16 14 16 14 17 16 9 17 21 18 21 19 21 19 22 20 22 20 22 20 23 22 23 23 24 23 24 24 24 25 25 26 25 26 25 26 25 26 25 27 25 27 26 28 27 28 27 29 27 29 28 29 28 29 28 29 28 29 29      72000      45000 
288	 667778	15 0 18 1 22 2 28 3 26 4 2 5 4 6 11 7 6 8 7 9 0 10 9 11 10 12 12 13 13 14 14 15 16 16 19 17 19 18 20 19 21 20 21 21 29 22 22 23 23 23 23 24 23 24 24 24 25 25 25 25 27 25 17 26 29 26 29 26 29 27 5 27 29 27 29 28 29 28 29 28 29 28 29 29      21111      68889 
486	 650000	15 0 20 1 22 2 28 3 18 4 2 5 4 6 11 7 6 8 26 9 0 10 9 11 10 12 12 13 13 14 14 15 16 16 3 17 19 18 20 19 21 20 21 21 29 22 22 23 23 23 23 24 29 24 24 24 25 25 25 25 27 25 17 26 29 26 29 26 29 27 5 27 29 27 29 28 29 28 29 28 29 28 29 29      19000      71000 
585	 629276	29 0 18 1 22 2 17 3 15 4 2 5 4 6 11 7 6 8 20 9 0 10 9 11 10 12 12 13 13 14 14 15 16 16 19 17 19 18 20 19 21 20 21 21 29 22 22 23 23 23 23 24 23 24 24 24 25 25 25 25 27 25 17 26 29 26 29 26 29 27 5 27 29 27 29 28 29 28 29 28 29 28 29 29      16546      70000 
0	2122000	5 0 12 0 26 0 16 1 16 2 5 3 8 4 8 6 10 6 11 8 11 14 11 9 12 9 13 10 13 15 17 18 17 19 17 7 18 21 19 21 20 21 20 22 20 23 21 23 21 23 22 24 23 24 23 24 23 25 24 25 25 26 25 27 26 27 26 27 27 28 28 28 28 28 28 28 29 28 29 28 29 29 29 29      42000      81000 
99	1929000	16 17 3 3 0 7 1 9 2 12 17 12 8 13 6 14 7 14 9 23 20 14 10 15 11 15 12 15 18 15 18 19 18 20 19 20 22 21 5 21 23 21 23 21 13 23 24 23 24 24 25 24 25 25 25 25 4 27 26 27 26 27 26 27 26 28 27 28 28 28 28 29 28 29 28 29 28 29 29 29 29 29 29 29      90000      29250 
198	1382000	27 19 8 10 20 4 3 0 6 3 6 5 7 9 7 10 7 11 8 13 9 12 11 19 13 16 13 18 13 23 13 23 14 1 14 24 15 22 15 24 16 24 16 24 17 24 17 25 18 25 20 25 20 21 21 26 21 26 22 26 12 26 23 14 25 27 26 2 27 28 27 28 27 29 28 29 28 29 28 29 29 29 29 29      42000      63000 
297	1353000	1 1 16 5 0 7 10 22 8 5 4 9 7 10 5 11 7 11 11 0 12 12 12 13 6 13 15 13 15 8 17 14 18 14 3 15 19 16 20 16 20 17 21 18 21 18 22 19 23 20 23 23 24 23 24 24 25 24 25 24 26 25 26 25 27 26 27 26 2 27 28 27 9 28 14 28 29 28 29 28 29 28 29 28      70000      33500 
396	1066000	25 26 27 16 1 0 22 10 5 8 9 4 10 7 11 5 11 7 1 11 12 12 13 12 13 6 13 15 8 15 14 17 14 18 15 3 16 19 16 20 17 20 18 21 18 21 19 22 20 23 23 23 23 24 24 24 24 25 24 25 25 26 25 26 26 27 26 27 27 2 27 28 28 9 28 14 28 29 28 29 28 29 28 29      31500      63000 
684	 916000	11 1 28 26 7 0 22 10 5 8 9 4 10 7 16 5 24 7 0 11 12 13 13 12 13 6 25 15 24 27 14 17 14 18 15 3 16 19 16 20 17 20 18 21 18 21 19 22 20 23 23 23 23 24 24 24 24 25 24 25 25 26 25 26 26 27 26 27 27 2 27 28 28 9 28 14 28 29 28 29 28 29 28 29      27000      63000 
0	2198000	12 2 1 2 0 3 20 6 16 7 23 7 4 7 17 8 5 9 8 9 11 9 11 9 13 10 13 10 14 12 15 14 19 15 22 16 23 17 23 18 24 18 24 19 25 20 26 21 26 21 26 21 26 22 27 24 27 24 27 24 28 24 28 25 28 25 29 25 29 25 29 25 29 26 29 27 29 27 29 27 29 28 29 28      63000      63000 
99	1808000	19 1 16 1 22 3 0 5 6 6 7 7 0 19 8 9 10 11 10 12 13 12 13 13 16 14 16 15 17 15 17 18 17 18 20 20 23 21 23 21 23 22 23 23 24 23 24 24 24 24 25 25 25 25 25 26 25 27 25 27 26 27 26 2 26 28 26 28 27 28 8 28 27 4 28 29 28 29 28 29 29 29 29 29      36000      81000 
198	1515644	19 25 0 22 15 29 3 7 6 5 2 5 18 11 8 12 17 12 9 12 4 13 1 10 10 14 11 14 13 17 14 16 15 16 16 17 16 20 16 20 18 21 19 21 20 7 21 23 22 23 23 7 24 24 24 24 25 24 26 24 26 24 26 25 27 25 27 25 27 26 27 26 28 26 28 26 28 27 29 27 29 27 29 28      72818      33546 
297	1374500	1 19 14 16 3 22 5 0 6 6 7 7 19 0 9 8 11 10 12 10 12 13 13 13 14 16 15 16 15 17 18 17 18 17 20 20 21 23 21 23 22 23 10 23 23 24 24 24 24 24 25 25 25 25 26 25 27 25 27 25 27 26 2 26 28 26 28 26 28 27 28 8 4 27 29 28 29 28 29 28 29 29 29 29      72000      33750 
585	1160000	29 0 29 1 29 2 5 3 6 4 0 5 19 6 11 7 11 8 22 9 12 10 15 11 29 12 9 13 15 14 18 15 18 16 20 17 21 18 21 19 22 20 23 21 23 22 24 23 24 23 16 24 25 24 26 24 27 25 27 25 27 25 2 26 28 26 28 26 28 27 28 27 4 27 29 28 29 28 29 28 29 28 29 29      19000      81000 
684	 702000	29 0 29 1 22 2 20 3 18 4 7 5 19 6 9 7 16 8 12 9 12 10 13 11 14 12 0 13 15 14 18 15 18 16 20 17 21 18 21 19 22 20 23 21 23 22 24 23 24 23 17 24 25 24 26 24 27 25 27 25 27 25 2 26 28 26 28 26 28 27 28 27 4 27 29 28 29 29 29 28 29 28 29 29      18000      72000 
0	1858000	25 0 8 0 22 1 8 1 7 2 7 2 5 3 9 4 9 5 9 6 10 7 10 11 10 12 11 14 11 15 13 16 13 16 15 16 17 18 17 19 14 19 17 21 17 22 17 22 18 23 20 23 20 24 21 24 21 25 24 26 24 26 25 27 25 27 26 27 26 27 27 28 28 28 28 28 28 29 29 29 29 29 29 29      45000      72000 
99	1660000	25 0 8 0 25 1 8 1 7 2 7 2 5 3 9 4 9 5 9 6 10 7 10 11 10 12 11 14 11 15 13 16 13 16 15 16 17 18 17 19 14 19 17 21 17 22 17 22 18 23 20 23 20 24 21 24 21 25 24 26 24 26 25 27 25 27 26 27 26 27 27 28 12 28 28 28 28 29 29 29 29 29 29 29      45000      67500 
198	1624000	23 25 0 8 26 12 1 8 2 7 2 7 3 5 4 9 5 9 6 28 7 10 11 10 12 10 14 11 15 11 16 13 16 13 16 15 18 17 19 17 19 14 21 17 22 17 22 17 23 18 23 20 24 20 24 21 25 21 26 24 26 24 27 25 27 25 27 26 27 26 28 27 28 28 28 28 29 28 29 29 29 29 29 29      63000      48000 
297	1518000	24 0 3 5 9 12 16 6 4 7 17 7 2 7 6 10 1 10 8 11 9 13 11 13 15 14 0 14 17 16 17 17 18 18 20 19 20 19 21 19 12 21 23 22 24 22 5 23 25 23 25 23 25 24 26 24 26 25 26 25 26 25 27 25 27 26 28 26 28 26 28 27 28 27 29 28 29 28 15 28 29 28 29 29      63000      45000 
585	1162000	0 2 1 2 2 22 3 6 4 12 5 9 6 10 7 11 8 16 9 13 10 14 11 14 12 15 13 17 14 26 15 18 16 19 17 20 18 20 19 20 20 21 21 21 22 21 23 8 23 25 24 7 24 26 24 27 25 22 25 27 25 27 26 28 26 28 26 28 27 28 27 28 27 29 28 29 28 29 28 29 28 29 29 29      69000      30500 
684	 972000	29 0 17 1 9 2 10 3 13 4 25 5 3 6 24 7 5 8 6 9 19 10 11 11 12 12 14 13 15 14 12 15 29 16 16 17 18 18 19 19 19 20 21 21 22 22 22 23 23 23 23 24 24 24 24 24 25 25 20 25 26 25 27 26 27 26 27 26 27 27 28 27 28 27 28 28 29 28 29 28 29 28 29 29      31500      63000 
0	1826000	24 1 5 2 24 22 1 2 6 3 7 3 8 6 9 7 10 8 10 9 11 11 13 11 14 12 14 12 15 14 22 14 16 15 16 17 19 17 20 17 21 19 21 20 23 23 18 23 25 23 25 24 25 24 26 25 26 25 26 25 0 25 27 26 28 26 28 26 28 27 28 27 4 27 29 27 29 28 29 28 29 29 29 29      81000      36000 
288	1124000	0 3 1 12 2 5 3 6 4 9 5 10 6 14 7 16 8 15 9 18 10 19 11 20 12 20 13 20 14 21 15 22 16 13 17 23 18 23 19 23 20 24 21 24 22 25 23 25 23 2 24 1 24 26 24 27 25 27 25 28 25 28 26 28 26 28 26 29 27 29 27 29 27 29 28 29 28 29 28 29 28 29 29 29      81000      19000 
387	 800000	0 3 1 12 2 5 3 6 4 9 5 10 6 14 7 16 8 15 9 18 10 19 11 20 12 20 13 20 14 21 15 22 16 13 17 23 18 23 19 23 20 24 21 24 22 25 23 25 23 2 24 1 24 26 24 27 25 27 25 28 25 28 26 28 26 28 26 29 27 29 27 29 27 29 29 29 28 29 28 29 28 29 29 29      81000      10000 
585	 766000	0 18 1 29 2 29 3 16 4 12 5 29 6 13 7 14 8 15 9 15 10 7 11 28 12 19 13 20 14 20 15 21 16 22 17 22 18 22 19 22 20 23 21 23 22 23 23 8 23 24 24 24 24 25 24 25 25 7 25 27 25 27 26 17 26 28 26 28 27 29 27 29 27 29 28 29 28 29 28 29 28 29 29 29      72000      18000 
684	 723336	0 0 1 29 2 29 3 5 4 6 5 16 6 12 7 14 8 14 9 15 10 17 11 17 12 17 13 19 14 13 15 20 16 20 17 10 18 21 19 1 20 22 21 18 22 2 23 3 23 24 24 25 24 25 24 26 25 26 25 27 25 27 26 27 26 28 26 28 27 28 27 28 27 29 29 29 28 29 28 29 28 29 29 29      73333      16667 
783	 696668	16 0 29 1 20 2 27 3 12 4 14 5 13 6 1 7 8 8 15 9 18 10 28 11 19 12 19 13 20 14 21 15 22 16 22 17 22 18 22 19 11 20 23 21 23 22 24 23 24 23 24 24 25 24 25 24 7 25 27 25 27 25 17 26 28 26 28 26 28 27 29 27 29 27 29 29 29 28 29 28 29 28 29 29      16666      73334 
0	1962672	0 3 3 5 1 5 9 2 22 7 6 7 8 9 11 9 12 10 4 10 14 10 16 11 17 13 17 13 17 13 18 13 23 13 23 15 24 15 24 15 24 16 24 18 24 19 25 19 25 19 25 20 26 20 26 20 27 21 2 21 27 21 27 22 28 22 28 24 28 25 28 25 28 26 29 27 29 27 29 28 29 28 29 28      86834      33332 
99	1798000	26 3 3 5 1 5 0 2 22 7 6 7 8 9 11 9 12 10 4 10 14 10 16 11 17 13 17 13 17 13 18 13 23 13 23 15 24 15 24 15 24 16 24 18 24 19 25 19 25 19 25 20 26 20 26 20 27 21 2 21 27 21 27 22 28 22 28 24 28 25 28 25 28 26 29 27 29 27 29 28 29 28 5 28      81000      36000 
198	1412000	0 28 1 2 17 19 0 4 6 9 12 5 8 6 9 7 1 17 10 8 11 10 13 11 19 12 14 13 2 14 15 14 15 18 15 20 16 21 18 21 18 22 20 22 21 23 22 23 22 3 23 24 23 25 23 27 24 25 24 26 24 26 24 26 25 26 25 16 25 27 25 28 25 29 27 29 27 29 28 29 28 29 28 29      42000      63000 
297	1269000	12 6 25 3 14 1 11 0 7 22 7 9 9 8 9 11 10 12 10 4 10 14 11 16 13 17 26 17 13 17 13 18 13 23 15 23 15 24 15 24 16 24 18 24 19 24 19 15 19 25 20 25 20 26 20 26 21 27 21 2 21 27 22 27 22 28 24 28 25 28 25 28 26 28 27 29 27 29 28 29 28 29 28 5      33334      70166 
585	1137000	12 6 25 3 14 1 11 0 7 22 7 9 9 8 9 11 10 12 10 4 10 14 11 16 13 17 26 17 13 17 13 18 13 23 15 23 15 24 15 24 16 24 18 24 19 24 19 15 19 25 20 25 20 26 20 26 21 27 21 2 21 27 22 27 22 28 24 28 25 28 25 28 26 28 27 29 27 29 28 29 26 29 28 5      31500      67500 
684	 756000	29 0 24 1 19 2 29 3 9 4 5 5 6 6 7 7 17 8 8 9 10 10 11 11 12 12 13 13 14 14 14 15 18 16 20 17 21 18 21 19 22 20 22 21 23 22 23 23 3 23 24 24 25 24 27 24 25 25 26 25 26 25 26 26 26 26 16 26 27 27 28 27 15 27 29 28 29 28 29 28 29 28 29 29      27000      63000 
0	2138000	0 0 5 1 17 1 3 2 4 2 9 4 7 5 13 6 8 6 11 6 12 9 12 10 13 10 14 10 14 11 18 15 19 15 19 16 22 18 22 18 23 20 23 20 23 20 23 20 24 21 25 21 26 21 26 23 16 24 27 24 27 24 27 25 28 25 28 25 28 26 28 26 28 27 29 27 29 28 29 28 29 29 29 29      81000      42000 
99	1490000	20 0 1 22 28 6 3 6 2 0 5 12 4 12 13 13 7 13 8 14 8 14 9 15 9 15 10 16 17 16 11 18 14 19 14 20 15 20 16 21 18 21 18 21 19 22 22 23 22 23 22 23 23 23 24 24 24 24 25 25 25 26 25 26 26 28 26 28 26 28 27 28 27 28 27 29 28 29 29 29 17 29 29 29      72000      36000 
198	1398000	17 22 25 0 19 6 5 2 12 4 8 23 8 7 9 5 10 1 10 3 10 14 13 15 13 16 14 9 15 17 15 21 16 18 16 20 18 20 18 19 21 23 21 23 22 23 24 24 24 24 24 25 25 25 25 26 26 26 11 26 26 11 27 27 27 27 27 27 27 12 28 28 28 28 28 29 29 29 29 29 29 29 29 29      42000      63000 
297	1261000	17 22 28 0 19 6 5 2 12 4 8 23 8 7 9 5 10 1 10 3 10 14 13 15 26 16 14 9 3 17 15 21 16 18 16 20 18 20 18 19 21 23 21 23 22 23 24 24 24 24 24 25 25 25 25 13 26 26 11 26 26 11 27 27 27 27 27 27 27 12 28 28 28 28 28 29 29 29 29 29 29 29 29 29      35000      68500 
585	 994000	17 22 28 0 24 6 5 2 12 4 8 19 8 7 9 5 10 1 10 3 10 14 13 15 26 16 14 9 3 17 15 21 25 18 16 20 18 20 18 19 21 23 21 23 22 23 24 24 24 24 24 25 25 25 25 13 26 26 11 26 26 11 27 27 27 27 27 27 27 12 28 28 28 28 28 29 29 29 29 29 29 29 29 29      31500      63000 
684	 750000	0 29 1 10 2 9 3 11 4 0 5 12 6 12 7 13 8 13 9 12 10 14 11 15 12 15 13 16 14 17 15 18 16 19 17 20 18 20 19 21 20 21 21 21 22 22 29 23 23 23 24 23 24 23 24 24 25 24 25 25 25 26 26 26 26 28 26 28 27 28 27 28 27 28 28 29 28 29 28 29 28 29 29 29      70000      20000 
783	 696668	22 0 29 1 6 2 2 3 4 4 19 5 7 6 5 7 1 8 3 9 14 10 15 11 16 12 9 13 17 14 21 15 18 16 20 17 20 18 19 19 23 20 23 21 23 22 24 29 24 23 25 24 25 24 13 24 26 25 26 25 11 25 27 26 27 26 27 26 12 27 28 27 10 27 29 28 29 28 29 28 29 28 29 29      26666      63334 
0	2178000	0 3 24 7 2 7 3 7 5 8 14 8 13 8 1 8 10 9 11 9 12 10 13 13 14 13 16 13 16 15 18 15 20 15 20 15 19 17 21 20 21 22 22 23 23 23 23 23 4 24 25 24 25 24 26 24 26 25 27 25 28 25 28 26 28 26 28 27 28 27 28 27 6 27 29 27 29 27 29 28 29 28 17 29      90000      36000 
99	1854000	7 2 10 16 9 2 7 3 1 5 8 6 11 8 0 9 11 10 12 12 12 13 13 13 14 14 15 15 17 16 19 17 21 18 21 18 22 19 23 19 24 20 24 20 24 22 24 22 24 23 24 23 25 24 25 25 25 25 26 26 26 26 26 4 27 27 27 28 27 28 28 28 28 28 28 28 29 28 29 29 29 29 29 29      54000      63000 
198	1578500	1 12 1 0 11 3 9 3 10 4 11 5 12 13 9 6 13 25 14 17 14 7 16 8 17 10 8 6 18 15 21 15 21 16 23 18 24 19 25 19 25 2 25 20 26 20 26 21 26 22 27 22 27 23 27 23 27 24 5 24 28 24 28 24 28 24 28 25 29 25 29 26 29 26 29 27 29 27 29 28 29 29 29 29      47250      63000 
486	 940000	0 16 1 18 2 11 3 7 4 0 5 23 6 0 7 10 8 5 9 13 10 14 11 1 12 15 13 15 14 17 15 17 16 17 17 17 18 19 19 21 20 21 21 22 22 20 23 23 23 24 24 24 24 25 24 2 25 6 25 26 25 26 26 27 26 27 26 4 27 29 27 29 27 29 28 29 28 29 28 29 28 29 29 29      72000      22500 
585	 850000	16 0 18 1 11 2 7 3 0 4 23 5 0 6 10 7 5 8 13 9 14 10 1 11 15 12 15 13 17 14 17 15 17 16 17 17 19 18 21 19 21 20 22 21 20 22 23 23 24 23 24 24 25 24 2 24 6 25 26 25 26 25 27 26 27 26 29 26 29 27 29 27 29 27 29 28 29 28 29 28 29 28 29 29      20000      72000 
684	 726000	9 0 29 1 7 2 20 3 5 4 12 5 19 6 17 7 10 8 11 9 29 10 16 11 13 12 14 13 3 14 15 15 16 16 22 17 18 18 19 19 21 20 21 21 6 22 23 23 0 23 24 24 25 24 25 24 25 25 4 25 26 25 26 26 28 26 28 26 29 27 29 27 29 27 29 28 29 28 29 28 29 28 29 29      21000      69000 
0	2198000	17 0 8 1 18 3 2 4 3 6 5 7 6 7 10 7 11 7 12 9 13 9 13 10 14 11 15 12 20 14 15 16 16 19 18 19 19 21 22 21 23 22 23 20 23 24 23 24 23 25 24 25 24 25 25 25 26 25 26 25 26 26 27 26 17 26 28 27 29 27 29 27 29 28 29 28 29 28 29 28 29 29 29 29      63000      63000 
99	1816000	7 1 0 20 6 6 10 16 2 9 3 9 1 9 4 9 20 10 8 11 5 11 13 12 13 12 13 12 13 8 14 17 15 18 16 19 17 19 18 20 18 21 21 22 19 22 23 22 24 22 24 23 25 23 25 23 25 24 25 24 26 24 26 25 26 26 27 26 27 26 28 26 28 27 28 27 29 27 29 28 29 28 29 29      81000      36000 
198	1336000	7 1 0 20 6 0 10 16 2 9 3 9 1 9 4 3 20 10 8 13 5 11 13 12 13 12 13 12 13 8 14 17 15 18 16 19 17 19 18 20 18 21 21 22 19 22 23 22 24 22 24 23 25 23 25 23 25 24 25 24 11 24 26 25 26 26 27 26 27 26 28 26 28 27 28 27 29 27 29 28 29 28 29 29      81000      24000 
486	 750000	19 0 13 1 16 2 14 3 18 4 0 5 11 6 15 7 17 8 5 9 20 10 21 11 9 12 21 13 22 14 22 15 22 16 23 17 29 18 23 19 20 20 18 21 24 22 24 23 24 23 25 24 25 24 27 24 27 25 28 25 28 25 28 26 10 26 29 26 29 27 29 27 29 27 29 28 29 28 29 28 29 28 29 29      18000      72000 
585	 714000	0 19 1 13 2 16 3 14 4 29 5 0 6 11 7 15 8 17 9 5 10 20 11 21 12 9 13 21 14 22 15 22 16 22 17 23 18 29 19 23 20 20 21 18 22 24 23 24 23 24 24 25 24 25 24 27 25 27 25 28 25 28 26 28 26 10 26 29 27 29 27 29 27 29 28 29 28 29 28 29 28 29 29 29      72000      18000 
684	 670000	19 0 13 1 16 2 14 3 29 4 0 5 11 6 15 7 17 8 5 9 2 10 21 11 9 12 21 13 4 14 22 15 22 16 23 17 29 18 23 19 20 20 18 21 8 22 26 23 24 23 25 24 25 24 12 24 27 25 28 25 28 25 28 26 10 26 29 26 29 27 29 27 29 27 29 28 29 28 29 28 29 28 29 29      19000      71000 
0	2025000	1 0 2 0 8 3 10 7 18 8 4 11 5 11 20 3 9 12 15 12 7 13 16 13 6 14 17 14 19 14 20 18 21 18 22 19 23 21 23 21 24 21 24 22 24 23 25 23 25 24 25 24 25 24 25 24 25 24 26 26 26 26 27 26 27 26 28 27 28 27 28 27 28 27 29 27 29 28 29 28 29 28 29 29      81000      40500 
99	1826000	23 14 0 1 3 2 3 19 10 7 4 5 9 6 9 6 11 8 13 11 13 11 14 12 14 13 0 10 15 17 15 17 16 18 16 20 17 20 18 21 19 21 28 21 20 22 22 23 23 24 24 24 24 25 24 25 25 25 26 25 27 26 27 26 27 26 4 27 28 9 29 28 29 28 29 28 29 29 29 29 29 29 29 29      45000      72000 
198	1797000	10 0 4 13 4 20 10 18 6 1 6 2 7 9 4 3 21 5 10 6 11 7 12 8 12 11 13 12 13 14 14 15 16 16 18 16 18 17 9 19 23 20 23 21 24 21 24 22 24 23 25 23 26 23 26 23 27 24 27 24 28 25 28 25 29 26 29 26 29 26 29 27 29 27 29 28 29 28 29 28 29 29 29 29      24000      91500 
297	1249334	14 0 15 13 19 4 20 18 3 1 4 2 13 10 7 3 9 5 9 6 11 7 12 8 2 11 17 12 17 14 18 15 18 16 9 16 22 17 20 19 22 20 23 21 23 21 24 22 24 23 24 23 1 23 25 23 25 24 26 24 26 25 27 25 27 26 27 26 27 26 28 27 28 27 29 28 29 28 29 28 29 29 29 29      26667      76833 
585	 706000	26 0 29 1 12 2 3 3 9 4 4 5 5 6 2 7 11 8 6 9 13 10 2 11 29 12 14 13 7 14 15 15 16 16 18 17 19 18 20 19 21 20 21 21 21 22 22 23 23 23 24 24 24 24 25 24 25 25 10 25 26 25 27 26 27 26 28 26 28 27 17 27 29 27 29 28 29 28 29 28 29 28 29 29      27000      63000 
783	 680002	26 0 8 1 12 2 3 3 9 4 4 5 5 6 2 7 11 8 6 9 13 10 22 11 29 12 14 13 7 14 15 15 16 16 18 17 19 18 20 19 21 20 21 21 21 22 22 23 23 23 24 24 24 24 25 24 25 25 10 25 26 25 27 26 27 26 28 26 28 27 17 27 29 27 29 28 29 28 29 28 29 28 29 29      31667      58333 
0	2198000	14 1 12 3 9 5 19 5 9 5 10 6 10 6 12 7 13 8 14 8 15 8 15 10 16 11 16 11 17 11 18 11 18 13 4 15 22 16 22 17 22 18 23 19 23 20 23 20 24 0 25 21 25 21 26 22 26 22 2 23 27 24 27 24 27 24 27 25 28 25 28 26 28 26 28 26 28 27 29 28 29 29 29 29      63000      63000 
99	1518000	23 2 0 10 1 11 19 4 3 9 4 9 12 10 5 11 6 18 6 14 8 15 2 16 10 16 13 17 14 17 15 18 16 19 7 19 20 20 21 20 21 22 12 22 24 23 25 23 13 24 25 24 26 24 26 24 27 24 27 24 27 25 28 25 28 26 28 26 28 27 28 27 28 27 29 28 29 28 29 28 29 28 29 28      63000      45000 
387	 940000	29 0 29 1 19 2 14 3 5 4 10 5 7 6 17 7 12 8 3 9 13 10 13 11 15 12 0 13 18 14 18 15 19 16 20 17 21 18 22 19 23 20 23 21 24 22 24 23 25 23 25 24 25 24 26 24 26 25 16 25 26 25 27 26 27 26 28 26 28 27 28 27 29 27 29 28 29 28 29 28 29 28 29 29      22500      72000 
486	 782000	29 0 11 1 9 2 14 3 5 4 10 5 29 6 17 7 12 8 3 9 13 10 13 11 15 12 0 13 18 14 18 15 19 16 20 17 21 18 22 19 16 20 23 21 24 22 24 23 25 23 25 24 25 24 26 24 26 25 26 25 26 25 27 26 27 26 28 26 28 27 28 27 29 27 29 28 29 28 29 28 29 28 29 29      27000      63000 
684	 755000	29 0 11 1 9 2 14 3 5 4 10 5 29 6 17 7 12 8 29 9 13 10 13 11 15 12 0 13 18 14 18 15 19 16 20 17 21 18 22 19 16 20 23 21 24 22 24 23 25 23 25 24 25 24 26 24 26 25 26 25 26 25 27 26 27 26 28 26 28 27 28 27 29 27 29 28 29 28 29 28 29 28 29 29      23750      66250 
783	 670000	29 0 22 1 10 2 0 9 3 4 21 5 1 29 21 7 5 8 9 3 12 10 23 11 24 12 13 13 14 14 14 15 15 16 15 17 17 18 18 19 19 20 11 21 19 22 20 23 20 23 24 24 24 24 25 24 25 25 4 25 26 25 27 26 28 26 28 26 28 27 16 27 29 27 29 6 29 28 29 28 29 28 29 29      20000      70000 
0	2186000	8 0 3 1 5 1 7 1 2 4 9 4 10 5 11 8 13 11 13 11 15 12 15 12 20 13 21 14 21 14 22 15 22 16 22 16 23 17 24 17 24 17 24 17 25 18 25 19 25 19 26 20 26 23 27 23 27 24 27 25 27 25 28 25 28 26 28 26 6 26 29 27 29 27 29 27 29 27 18 28 29 28 29 28      72000      54000 
99	1625000	16 8 1 3 1 5 8 7 4 2 4 9 5 10 8 11 11 13 11 13 12 15 12 15 13 20 14 21 14 21 15 22 16 22 16 22 19 23 17 24 17 24 17 24 18 0 19 25 19 25 20 26 23 26 23 4 24 27 25 27 25 27 25 28 26 28 26 28 26 6 27 29 27 29 27 29 27 29 28 18 28 29 28 29      40500      72000 
198	1498000	5 0 18 13 9 1 1 2 10 2 2 11 5 3 8 4 9 6 6 6 9 8 10 26 10 13 14 13 14 14 16 15 18 16 18 17 19 19 19 20 20 20 20 21 21 22 21 23 22 24 22 24 23 24 23 25 24 25 24 26 24 26 24 7 25 27 25 27 5 12 25 28 26 28 27 28 27 29 28 29 28 29 28 29      27000      81000 
486	1160000	19 0 29 1 29 2 7 3 21 4 9 5 10 6 11 7 13 8 13 9 15 10 15 11 20 12 21 13 21 14 22 15 22 16 22 17 23 18 24 19 24 20 24 21 0 22 25 23 25 23 26 24 26 24 4 24 27 25 27 25 27 25 28 26 28 26 29 26 6 27 29 27 29 27 29 28 29 28 18 28 29 28 29 29      19000      81000 
585	1046000	0 8 1 3 2 5 3 7 4 2 5 9 6 10 7 11 8 13 9 13 10 19 11 15 12 20 13 21 14 21 15 22 16 22 17 22 18 23 19 24 20 24 21 24 22 0 23 19 23 25 24 26 24 26 29 4 25 27 25 27 25 27 26 28 26 28 26 28 27 6 27 29 27 29 28 29 28 29 28 18 28 29 29 29      81000      15000 
684	 875340	9 0 10 1 11 2 12 3 13 4 13 5 14 6 14 7 15 8 15 9 17 10 16 11 17 12 27 13 18 14 18 15 19 16 19 17 20 18 20 19 21 20 21 21 22 22 22 23 23 23 23 24 24 24 24 24 24 29 25 25 25 25 25 26 26 26 26 26 26 27 27 27 27 27 27 28 28 29 28 28 29 28 29 29      22334      69999 