
0	1663000	3 0 3 0 3 10 5 1 16 2 8 13 9 4 11 5 13 6 13 7 19 9 27 11 21 27 22 12 22 12 22 14 23 15 23 15 24 15 24 15 25 15 25 18 25 16 26 17 26 19 27 20 27 20 27 21 27 22 28 23 28 23 28 24 28 24 28 25 8 25 29 25 29 25 29 26 29 26 29 28 29 28 29 29      31500      81000 
198	1490000	0 1 2 3 23 3 5 3 7 4 8 7 12 19 1 12 9 13 10 13 10 13 11 13 14 17 15 17 17 16 18 20 19 20 21 20 22 21 24 22 4 12 25 23 25 23 25 24 25 24 26 24 26 24 26 24 26 24 6 25 27 26 27 26 28 26 28 26 20 26 16 27 29 27 29 27 29 28 29 28 29 28 29 28      81000      27000 
396	1275000	24 0 3 27 6 10 10 1 7 2 4 13 14 4 22 5 17 6 17 7 17 9 18 11 19 27 26 12 16 12 21 14 8 13 22 15 1 15 11 15 16 15 5 18 24 16 24 17 3 19 9 20 8 20 26 21 27 22 27 23 27 23 2 24 28 24 28 25 28 25 28 25 29 25 29 26 29 26 29 28 29 28 29 29      35300      68200 
693	1124000	26 26 0 3 10 28 1 29 2 4 29 8 4 9 5 11 6 13 7 13 9 19 11 0 27 21 12 10 12 17 14 22 15 23 24 23 27 24 15 24 15 25 18 25 16 25 17 26 19 26 20 27 20 27 21 27 22 27 23 28 23 28 24 28 24 28 3 28 8 8 25 29 25 29 26 29 13 29 28 29 28 29 29 29      81000      15000 
792	 921000	13 11 9 3 1 3 25 8 17 10 7 19 4 7 2 20 8 12 6 19 18 25 10 13 12 14 15 15 11 29 17 27 18 16 20 2 20 9 23 19 23 4 14 21 24 22 24 22 5 22 25 23 26 24 26 24 26 24 16 24 27 24 27 25 22 25 21 0 28 26 28 27 28 27 28 27 29 28 0 29 29 29 29 29      63000      31500 
891	 910000	15 0 3 7 16 3 5 24 25 4 2 5 3 28 17 9 9 25 19 8 12 11 13 15 14 22 19 12 19 14 1 16 20 17 21 2 8 18 23 20 23 26 24 13 24 21 25 27 25 23 25 23 0 24 26 24 26 1 27 10 27 22 27 25 28 6 28 26 18 26 29 27 29 19 29 28 24 28 29 29 29 29 29 29      21000      72000 
990	 730000	0 15 7 27 3 16 24 5 4 25 5 28 28 3 9 17 25 9 8 27 11 12 15 13 22 14 12 19 14 19 16 20 17 20 2 21 18 8 20 23 26 23 13 24 21 24 27 25 23 25 23 25 24 0 24 26 1 26 10 27 22 27 25 27 6 28 26 28 26 18 27 29 19 29 28 29 28 24 29 29 29 29 29 29      72000      18000 
1188	 720000	0 25 7 7 3 28 24 29 4 24 5 5 28 9 9 19 25 25 8 8 11 11 15 15 22 12 12 12 14 14 16 16 17 17 2 27 18 18 20 20 26 25 13 13 21 21 27 23 23 23 23 23 24 23 24 24 1 27 10 10 22 27 25 25 6 6 26 26 26 26 27 27 19 19 28 28 28 28 29 29 29 29 29 29      65000      25000 
1287	 606000	0 15 7 27 3 16 24 25 4 25 5 28 28 3 9 17 25 9 8 27 11 12 15 13 22 14 12 19 14 19 16 20 17 20 2 21 18 10 20 23 26 23 13 24 21 24 27 25 23 25 23 25 24 0 24 26 1 26 10 27 22 27 25 27 6 28 26 28 26 18 27 21 19 29 28 29 28 25 29 29 29 29 29 29      72000      14000 
1386	 560000	0 11 7 27 3 16 28 25 4 25 5 28 24 14 9 17 25 9 8 27 11 12 15 13 22 14 12 19 14 19 16 20 17 20 2 21 18 10 20 23 26 23 13 24 21 15 27 25 23 25 23 25 24 0 24 26 1 26 10 27 22 27 25 27 6 28 26 28 26 18 27 21 19 29 28 29 28 25 29 29 29 29 29 29      70000      15000 
1683	 520000	0 25 7 21 3 28 24 29 4 28 5 20 28 9 9 19 25 25 8 13 11 11 15 15 22 28 12 12 14 14 16 16 17 17 2 27 18 18 20 20 26 25 13 25 21 21 27 25 23 29 23 27 24 23 24 24 1 27 10 10 22 27 25 25 6 6 26 26 26 26 27 27 19 19 28 28 28 28 29 29 29 29 29 29      70000      15000 
2169	 500000	0 11 7 27 3 16 24 25 4 25 5 28 28 27 9 17 25 9 8 27 11 12 15 13 22 14 12 19 14 19 16 20 17 20 2 21 18 10 20 13 26 28 13 24 21 15 27 25 23 25 23 25 24 28 24 26 1 26 10 27 22 27 25 27 6 28 26 28 26 18 27 21 19 29 28 29 28 25 29 29 29 29 29 29      70000      15000 
2367	 492858	22 0 19 7 16 19 22 3 11 4 28 5 14 9 29 11 9 26 24 8 12 17 13 24 28 25 16 12 19 14 20 16 20 25 21 2 10 18 28 20 23 24 25 13 15 21 25 23 25 28 25 23 4 24 26 27 26 1 27 10 27 22 14 27 28 6 28 26 18 26 21 27 17 28 29 28 25 15 29 29 29 29 29 29      15713      67145 
2466	 490000	0 11 7 27 3 16 24 25 4 25 5 28 28 27 9 17 25 9 8 27 11 12 15 13 22 28 12 19 14 19 16 20 17 20 2 21 18 10 20 23 26 28 13 24 21 15 27 25 23 25 23 25 24 14 24 26 1 26 10 27 22 27 25 27 6 28 26 28 26 18 27 21 19 29 28 29 28 25 29 29 29 29 29 29      70000      15000 
0	2622000	0 15 22 4 1 5 3 6 5 7 9 8 10 25 13 11 13 11 14 11 14 11 17 11 17 12 18 13 18 15 19 16 19 16 20 16 21 16 21 17 23 18 23 18 23 20 12 21 24 21 25 2 26 22 26 24 26 24 26 24 27 24 27 25 28 25 28 26 29 26 29 27 29 27 29 27 29 28 29 28 29 28 29 28      72000      63000 
99	1704800	0 8 2 5 18 13 3 9 4 12 4 12 6 15 7 15 21 16 8 17 10 4 10 19 10 19 11 20 17 21 13 23 14 23 14 24 16 24 16 25 15 25 18 25 19 26 20 1 22 27 22 27 23 27 24 27 24 27 25 28 25 28 26 28 26 29 26 29 1 29 9 29 28 29 28 29 29 29 29 29 5 29 29 29      72000      41400 
198	1462000	0 4 1 5 17 9 2 23 3 7 4 15 5 8 8 10 11 10 11 10 3 12 23 13 12 14 13 16 14 16 15 1 15 17 16 19 20 19 18 20 22 21 21 22 24 18 24 23 7 23 25 24 6 24 9 25 26 25 27 25 27 25 28 26 28 26 28 26 29 26 29 27 29 27 29 27 29 28 29 28 29 28 29 29      63000      45000 
396	1358000	9 5 6 1 3 15 4 4 5 3 2 6 7 7 1 8 0 3 15 20 22 10 17 11 17 14 24 16 26 18 14 18 10 12 16 26 20 22 20 24 21 24 21 24 19 25 12 25 23 13 23 17 23 2 25 27 25 27 25 19 13 28 26 28 26 28 26 28 27 28 27 28 9 28 28 29 29 29 11 29 8 29 29 29      54000      51000 
495	1172000	0 8 2 5 18 13 3 9 4 12 4 12 6 15 7 15 21 16 8 17 24 4 10 19 10 19 11 20 17 21 13 23 14 23 14 24 16 24 16 25 15 25 18 25 19 26 20 28 22 27 22 27 23 27 24 27 24 27 25 28 25 28 26 28 26 29 26 29 1 29 9 29 28 11 28 29 29 27 29 29 5 29 29 29      63000      36000 
594	 928400	9 12 2 4 25 3 26 6 17 5 7 21 23 7 11 8 23 9 15 2 22 17 17 11 17 14 24 16 18 0 14 18 10 19 16 15 20 22 20 10 21 24 26 24 19 20 12 25 23 1 23 26 23 27 25 24 25 27 25 8 13 13 26 28 26 25 26 28 27 28 27 28 27 28 28 29 29 29 29 29 29 29 29 29      28800      63000 
693	 836000	9 12 2 4 25 3 26 6 17 5 7 21 23 7 11 27 23 9 16 2 22 15 17 11 17 14 24 16 18 0 14 18 10 19 16 15 20 22 20 10 21 24 26 24 19 20 12 25 23 1 23 26 23 27 25 24 25 27 25 8 13 13 26 28 26 25 26 28 27 28 27 28 27 28 0 29 29 29 29 26 29 29 29 29      27000      63000 
792	 798000	0 4 1 12 17 9 2 7 3 14 4 2 5 8 8 25 29 3 11 10 29 15 23 13 25 24 13 0 14 16 15 1 15 17 16 19 20 19 18 20 22 21 21 22 24 18 24 23 7 23 25 24 6 24 9 6 26 5 27 25 27 25 28 26 28 26 28 11 29 26 29 27 29 27 29 27 29 28 29 28 29 28 29 29      18000      72000 
990	 750000	4 0 27 4 25 6 1 17 17 7 3 12 23 9 11 10 23 1 15 28 22 11 28 13 17 14 24 16 18 18 14 19 10 26 16 20 20 21 20 2 21 22 26 23 19 28 12 24 23 24 23 24 23 3 25 25 25 25 25 5 13 26 26 27 26 27 26 28 27 28 27 15 27 8 28 29 29 29 29 29 29 29 9 29      20000      70000 
1089	 730000	0 4 4 12 6 9 17 7 7 14 12 2 9 8 10 25 1 3 28 10 11 15 13 13 14 24 16 0 18 16 19 1 26 17 20 19 21 19 2 29 22 21 23 22 23 18 24 23 24 23 24 20 3 24 25 6 25 5 5 25 26 25 27 26 27 26 28 11 28 26 15 27 8 27 29 27 29 28 29 28 29 28 29 29      40000      50000 
1188	 710000	4 0 26 4 9 6 7 25 14 7 2 1 8 9 27 10 3 17 10 28 15 11 13 13 24 14 0 16 16 18 1 19 17 26 19 20 19 21 20 2 21 22 22 23 18 23 23 24 23 24 24 24 12 3 6 25 5 25 25 5 25 26 26 27 26 27 11 28 26 28 27 15 27 8 27 29 28 12 28 29 28 29 29 29      26666      63334 
1287	 700000	4 0 27 4 25 6 19 17 17 7 3 12 23 9 11 10 23 1 15 28 22 11 28 13 17 14 22 16 18 24 14 19 10 26 16 20 20 21 20 2 21 22 26 23 19 28 12 24 23 24 23 24 23 3 25 25 25 25 25 5 13 26 26 27 26 27 26 28 27 28 27 15 27 8 28 29 29 29 29 29 29 18 9 29      25000      65000 
1485	 670000	25 0 27 4 25 6 21 17 27 7 3 12 26 9 11 10 23 1 15 28 22 11 28 13 17 14 24 16 18 18 14 19 10 26 16 20 20 21 20 2 21 22 26 23 19 28 12 24 23 24 23 24 23 3 25 25 25 25 25 5 13 26 26 27 26 27 26 28 27 28 27 15 27 8 28 29 29 29 29 29 29 29 9 29      20000      70000 
1683	 638000	0 4 4 27 6 25 25 24 7 20 1 21 9 28 10 17 17 19 28 15 11 22 13 28 14 26 16 22 18 18 19 14 26 10 20 16 21 27 2 20 22 21 23 26 23 19 24 12 24 23 24 18 3 23 11 25 25 25 5 25 26 13 27 26 27 26 28 26 28 27 15 27 8 27 29 28 12 29 29 29 29 29 29 9      70000      18000 
1881	 620000	0 25 4 27 6 25 17 21 7 27 12 18 9 22 10 11 1 23 28 15 11 19 13 22 14 17 16 24 18 17 19 14 26 10 20 16 21 20 2 20 22 21 23 26 28 19 24 12 24 23 24 23 3 23 25 25 25 25 5 25 26 13 27 26 27 26 28 26 28 27 15 27 8 27 29 28 29 29 29 29 29 29 29 9      65000      20000 
1980	 602000	0 25 4 27 6 25 17 21 7 27 12 3 9 26 10 11 1 23 28 15 11 22 13 28 14 17 16 24 18 18 19 14 26 10 20 16 21 20 2 20 22 21 23 26 23 19 24 12 24 22 24 23 3 19 25 25 25 25 5 25 26 13 27 26 27 26 28 26 28 27 15 27 8 27 29 28 29 29 29 29 13 28 29 9      70000      18000 
2079	 560000	25 0 27 4 25 6 21 17 27 7 18 12 22 9 11 10 23 1 15 28 19 11 22 13 17 14 2 16 17 18 14 19 10 26 16 20 20 21 20 2 21 22 26 23 19 28 12 24 23 24 23 24 23 3 25 25 25 25 25 5 13 26 26 27 26 27 26 28 27 28 27 15 27 8 28 29 8 29 14 29 29 29 9 24      20000      65000 
2178	 540000	28 0 8 4 26 6 24 25 20 7 21 1 28 9 17 10 19 17 15 28 22 11 28 13 26 14 22 16 27 18 14 19 10 26 16 20 27 21 20 2 21 22 26 23 19 23 12 24 11 24 18 24 23 3 25 25 25 25 25 5 13 26 26 27 26 27 26 28 27 28 27 15 27 8 28 29 29 12 29 29 29 29 9 29      15000      70000 
2277	 175000	24 0 27 4 28 6 24 25 20 7 21 1 28 9 17 10 19 17 15 28 22 11 28 13 26 14 22 16 28 18 14 19 10 26 16 20 27 21 20 2 21 22 26 23 19 23 12 24 23 24 18 24 23 3 25 25 25 25 25 5 13 26 26 27 26 27 26 28 27 28 27 15 27 8 28 29 11 12 29 29 29 29 9 29      17500      65000 
0	1828000	2 1 4 2 25 3 4 6 7 9 7 9 8 9 18 10 10 10 12 11 12 11 13 11 13 12 15 14 16 14 16 15 17 15 17 17 0 5 19 18 21 19 21 20 22 20 23 8 24 22 25 23 26 23 27 24 27 24 27 24 28 25 28 25 28 26 29 26 29 26 29 26 29 28 29 28 29 28 29 28 29 27 29 29      54000      63000 
198	1692000	2 1 2 4 2 5 4 6 1 25 11 9 8 11 8 12 8 13 9 13 10 14 10 18 12 17 13 16 14 19 14 19 16 28 16 0 6 7 17 21 17 21 20 21 20 22 20 23 22 23 3 24 3 24 10 26 24 26 24 26 25 26 25 27 25 27 25 27 26 28 26 28 0 15 27 29 27 29 27 29 28 29 28 29      31500      81000 
297	1625000	8 1 2 2 29 0 6 4 14 14 18 6 15 7 26 8 22 9 16 5 4 10 21 10 9 12 24 13 21 2 16 15 16 11 19 17 20 18 20 19 22 21 22 20 23 20 23 22 3 23 24 23 24 24 24 24 25 25 25 25 25 26 26 27 26 27 26 28 26 28 27 28 28 28 28 29 28 29 28 27 28 29 3 29      31500      81000 
396	1194000	8 1 26 2 29 0 6 4 1 14 26 6 15 7 26 8 22 9 16 5 4 10 21 10 9 12 24 13 21 2 16 15 16 11 19 17 20 18 20 19 22 21 22 3 10 20 23 22 7 23 24 23 24 24 24 24 25 25 25 25 25 26 26 27 26 27 26 28 26 28 27 28 0 28 28 29 28 29 28 27 28 29 3 16      18000      81000 
495	 808000	25 1 16 2 6 7 5 6 18 3 12 13 12 9 29 24 14 10 1 4 20 11 19 11 19 12 21 27 9 14 2 15 22 15 23 17 23 5 23 18 17 19 8 0 24 20 25 8 25 22 20 23 27 23 27 16 27 24 13 24 27 25 10 25 28 26 28 26 28 26 29 26 29 21 29 28 29 28 29 28 29 27 29 29      27000      63000 
693	 762000	1 25 2 16 7 6 6 5 3 18 13 12 9 12 24 29 10 14 4 25 11 20 11 19 12 19 27 21 14 9 15 2 15 22 17 23 5 23 18 23 19 17 0 8 20 24 8 25 22 25 23 20 23 27 16 27 24 27 24 13 25 27 25 10 26 28 26 28 26 28 26 29 21 29 28 29 28 29 28 29 27 29 29 29      63000      27000 
792	 714000	8 1 13 26 25 0 12 4 1 14 26 6 15 7 18 8 17 9 16 5 4 10 25 29 9 12 14 13 21 2 16 15 16 11 19 17 20 18 20 19 22 21 22 3 10 20 23 22 7 23 24 23 24 24 24 24 18 25 25 25 25 26 26 27 26 27 26 28 26 28 27 24 29 28 28 29 28 29 28 27 28 29 3 16      18000      72000 
990	 710000	28 1 7 26 15 0 29 4 27 14 4 6 6 7 17 8 9 9 16 5 13 20 10 10 18 12 26 13 11 2 21 15 21 11 29 17 22 18 1 19 24 21 24 3 24 25 24 22 5 23 12 23 25 24 25 24 16 25 14 25 26 26 26 27 26 27 20 28 27 28 27 19 23 28 28 29 28 29 28 27 2 29 29 16      25000      65000 
1089	 680000	1 20 26 21 0 7 4 6 14 3 6 13 7 9 8 24 9 10 5 4 10 11 29 10 12 12 13 27 2 14 15 22 11 15 17 17 18 5 19 18 21 19 3 0 20 20 22 8 23 22 23 23 24 24 24 16 25 24 25 24 26 25 27 25 27 26 28 26 25 26 28 26 28 21 29 28 29 28 27 28 29 27 16 29      65000      25000 
1386	 588000	1 8 26 13 0 25 4 12 14 21 6 3 7 15 8 18 9 17 5 19 10 6 29 25 12 9 13 14 2 21 15 25 11 16 17 19 18 20 19 20 21 22 3 22 20 10 22 23 23 11 23 24 24 24 24 24 25 18 25 25 26 25 27 26 27 26 28 26 28 26 24 27 28 29 29 28 29 28 27 28 29 28 16 3      65500      19000 
1584	 557858	20 1 21 26 7 0 19 4 3 14 13 6 9 7 24 8 8 9 28 5 11 10 10 29 12 12 27 13 14 2 22 15 15 11 17 17 17 18 18 19 19 21 26 3 20 20 8 22 22 23 23 23 24 24 16 24 24 25 24 25 25 26 25 27 26 27 26 28 26 25 26 28 21 28 28 29 28 29 28 27 27 29 29 16      19143      65214 
1683	 544000	20 1 19 26 21 0 28 4 3 14 13 6 9 7 24 8 10 9 26 5 11 10 28 29 12 12 2 13 14 2 22 15 15 11 17 17 5 18 18 19 19 21 27 3 20 20 8 22 22 23 23 23 24 24 16 24 24 25 24 25 25 26 25 27 26 27 26 28 26 25 26 28 21 28 28 29 28 29 28 27 27 29 29 16      19143      65214 
1881	 530000	21 1 11 26 14 0 20 4 27 14 24 6 15 7 24 8 18 9 12 5 28 10 21 29 19 12 17 13 26 2 26 15 16 11 19 17 18 18 20 19 22 21 22 3 10 20 25 22 7 23 24 23 24 24 24 24 25 25 25 25 25 26 26 27 26 27 26 28 26 25 9 28 13 28 28 29 28 29 28 27 28 29 3 16      15000      70000 
1980	 512858	1 20 26 21 0 7 4 19 14 24 6 13 7 15 8 24 9 9 5 28 10 11 29 10 12 12 13 27 2 14 15 22 11 15 17 17 18 17 19 18 21 19 3 26 20 20 22 8 23 22 23 23 24 24 24 16 25 24 25 24 26 25 27 25 27 26 28 26 25 26 28 26 28 21 29 28 29 28 27 28 29 27 16 29      65714      17143 
2466	 122354	1 20 26 21 0 18 4 19 14 24 6 13 7 28 8 24 9 9 5 28 10 11 29 10 12 12 13 27 2 14 15 22 11 15 17 17 18 17 19 18 21 19 3 26 20 20 22 26 23 22 23 23 24 24 24 16 25 24 25 24 26 25 27 25 27 26 28 26 28 26 25 26 28 21 29 28 29 28 27 28 29 27 16 29      65885      16469 
0	2638000	21 8 0 9 25 9 1 9 2 11 6 12 7 12 10 14 19 14 10 14 13 14 13 14 13 15 15 15 20 15 16 16 17 17 18 17 22 18 22 19 22 20 23 21 23 23 23 24 24 25 24 26 24 26 24 26 24 26 25 26 25 27 26 27 26 4 26 28 26 28 27 28 28 28 28 28 3 5 29 29 29 29 29 29      63000      72000 
99	1610000	0 14 18 1 3 2 3 5 22 6 5 8 5 9 6 10 9 13 10 13 11 15 11 15 11 16 12 17 12 17 12 20 12 4 1 7 16 21 16 21 17 22 17 23 4 23 15 23 18 24 19 24 19 24 20 24 0 25 24 26 25 27 25 27 14 27 25 28 26 28 26 26 2 28 27 29 28 29 28 29 28 29 29 29      48000      63000 
297	1462000	14 0 1 18 2 3 5 3 6 22 8 25 9 5 10 6 13 9 13 10 15 11 15 11 23 11 17 12 17 12 20 12 4 12 7 1 21 16 21 16 22 17 0 17 23 4 23 15 24 18 24 19 24 19 24 20 25 0 26 24 27 25 27 25 27 14 28 25 28 26 26 26 28 2 29 27 29 28 29 28 29 28 29 29      63000      45000 
396	1112000	7 14 18 1 3 2 3 5 22 6 18 8 5 9 25 10 9 13 10 13 26 15 11 15 11 16 12 17 12 17 12 20 19 4 1 7 16 21 16 21 17 22 17 23 4 23 15 23 18 24 19 24 19 24 20 24 0 25 24 26 25 27 25 27 14 27 25 28 26 28 26 26 2 28 27 29 28 29 28 29 28 0 29 29      36000      63000 
594	1066000	7 14 18 1 3 2 3 5 22 6 18 8 5 9 25 10 9 13 10 13 26 15 11 25 11 16 12 17 12 17 12 20 19 4 1 7 16 21 16 21 17 22 17 23 4 23 15 23 18 24 19 24 19 24 20 24 0 25 24 26 25 27 25 27 14 27 25 28 26 28 26 26 2 28 27 29 28 29 28 29 28 0 29 29      36000      63000 
693	 932000	7 14 24 1 3 2 3 5 22 6 18 8 26 9 25 10 9 25 10 13 8 15 18 15 11 16 12 17 12 17 12 20 19 4 1 7 13 21 16 21 17 22 17 23 4 23 15 23 18 24 19 11 19 24 20 24 0 25 24 26 25 27 25 27 14 27 25 28 26 28 26 26 2 28 27 29 28 29 28 29 28 0 29 29      31500      63000 
891	 790000	24 25 14 1 19 2 25 5 16 6 21 3 9 21 18 13 11 20 2 24 4 12 5 15 13 16 28 10 15 17 26 26 17 4 17 7 1 19 21 11 20 0 22 22 23 23 12 23 24 8 24 24 6 24 25 26 25 25 25 26 26 27 7 27 28 27 27 9 29 28 29 28 29 28 29 14 29 18 29 29 29 29 29 29      18000      72000 
990	 734000	0 25 19 1 24 2 16 5 17 6 1 3 4 21 24 25 26 26 9 13 3 12 6 15 8 16 22 10 19 17 19 20 19 4 20 7 21 19 21 11 18 0 22 22 22 23 23 23 24 8 24 24 24 24 24 26 26 25 26 26 26 27 12 27 28 27 28 9 28 28 28 28 28 28 29 14 29 18 29 29 29 29 29 29       9000      81000 
1089	 663334	22 25 14 1 19 2 25 5 16 6 21 3 9 21 18 13 11 20 19 24 4 12 5 15 13 16 28 10 15 17 26 26 17 4 17 7 25 19 21 11 20 0 22 22 23 23 12 23 24 8 24 24 6 24 25 26 25 25 25 26 26 27 7 27 28 27 27 9 29 28 29 28 29 28 29 14 29 18 29 29 29 29 29 28      16667      73333 
1287	 618000	12 25 1 1 24 2 20 5 24 6 4 3 9 21 22 25 16 26 2 13 26 12 15 15 19 16 18 10 17 17 20 20 19 4 7 7 21 19 21 11 22 0 0 22 23 23 23 23 24 8 24 24 24 24 24 26 25 25 26 26 27 27 27 27 27 27 28 9 28 28 10 28 28 28 29 14 29 18 14 29 29 29 13 29      14000      72000 
1386	 610000	25 13 1 21 2 24 5 24 6 6 3 24 21 21 10 13 26 20 13 24 12 20 15 19 16 16 25 10 17 17 20 26 4 4 7 7 19 19 11 11 0 0 22 22 23 23 23 23 8 15 24 24 24 24 26 26 25 25 26 26 27 27 27 22 27 27 9 9 28 28 28 28 28 28 14 14 18 18 29 29 29 29 29 29      72000      14000 
1584	 530000	22 25 14 1 19 2 25 5 16 6 21 3 9 21 18 13 11 20 19 24 28 12 28 15 13 16 28 10 15 17 26 26 20 4 17 7 25 19 21 11 20 0 22 22 23 23 12 23 24 8 24 24 6 24 25 26 25 25 25 26 26 27 10 27 28 27 27 9 29 28 29 28 29 28 29 14 29 18 14 29 29 29 29 29      15000      70000 
1881	 528000	22 25 25 1 19 2 25 5 16 6 21 3 9 21 18 13 11 20 19 24 28 12 7 15 13 16 28 10 15 17 26 26 20 4 17 7 25 19 21 11 20 0 22 22 23 23 12 23 24 8 24 24 6 24 25 26 25 25 25 26 26 27 10 27 28 27 27 9 13 28 3 28 29 28 29 14 29 18 14 29 29 29 29 29      15500      68500 
2178	 507144	25 25 1 14 2 19 5 25 6 16 3 21 21 25 24 10 25 12 13 19 12 28 15 5 16 13 10 28 17 15 20 26 4 17 7 17 19 25 11 21 0 20 22 22 23 23 23 14 8 24 24 24 24 28 26 25 26 25 26 25 27 20 27 28 27 28 9 27 28 29 28 18 28 22 14 29 18 29 29 29 29 29 29 29      72000      12286 
2475	 485000	2 29 1 25 25 19 5 25 6 25 3 3 21 21 13 28 20 11 24 26 12 12 15 15 16 16 10 21 17 28 26 20 4 4 7 17 19 19 11 25 0 29 22 22 23 23 23 10 8 22 24 24 24 24 26 20 25 25 26 26 27 13 27 27 27 27 9 9 28 28 28 28 28 28 14 14 18 18 29 29 29 29 29 29      65000      17500 
0	2027000	1 0 3 0 4 1 5 2 6 2 9 2 12 2 13 4 13 7 14 7 14 7 16 8 17 8 18 11 18 11 19 11 10 17 20 22 21 22 22 23 23 24 23 24 23 24 24 24 24 24 25 24 25 24 26 25 26 25 26 25 27 25 27 25 27 25 28 26 28 26 28 27 28 27 15 27 29 27 29 28 29 28 29 29      90000      31500 
99	1932000	0 2 0 3 0 4 2 5 2 19 3 6 4 7 26 7 8 9 8 28 8 9 10 10 11 10 11 10 11 12 13 13 14 14 14 17 15 18 15 20 15 21 17 23 18 24 19 24 19 28 20 16 20 25 21 25 23 25 23 26 24 26 24 22 25 27 25 1 25 28 26 29 27 29 27 29 27 29 27 29 28 29 28 29      29250      90000 
198	1618000	15 16 3 3 4 4 11 5 19 6 6 9 7 12 7 13 9 13 28 14 9 14 27 0 10 17 10 18 12 18 13 19 14 10 17 20 8 21 20 22 21 23 23 23 24 23 24 24 28 24 16 25 25 25 5 26 25 26 26 26 26 27 22 27 2 27 1 28 28 28 29 28 29 28 29 15 11 29 29 29 29 29 0 29      63000      48000 
297	1092000	27 1 13 13 2 4 4 18 7 6 18 6 9 3 27 8 5 20 19 9 12 5 14 12 23 14 11 10 29 15 16 0 17 16 20 11 3 17 21 19 21 21 22 7 22 22 24 23 24 23 24 24 24 25 25 25 25 25 26 26 26 26 26 27 26 27 18 15 27 28 28 28 28 2 28 29 28 29 10 29 29 29 29 29      36000      63000 
396	1072000	25 0 1 23 5 10 7 15 6 7 6 18 12 9 13 27 14 5 4 25 15 12 17 14 19 23 19 11 20 16 23 16 3 17 23 20 2 3 4 21 25 21 25 22 13 22 26 24 2 24 26 24 27 24 27 8 27 25 8 26 28 26 28 26 0 26 9 18 10 27 11 28 16 28 29 28 29 28 29 24 29 29 29 29      54000      45000 
495	1024000	15 14 1 19 9 1 18 13 24 10 6 15 3 2 8 4 20 0 0 28 13 26 12 23 14 8 10 11 28 11 0 11 16 17 11 20 17 22 19 23 21 24 7 24 22 24 23 24 23 24 24 24 25 24 25 21 25 25 26 25 26 25 27 25 27 25 5 26 28 26 28 18 2 27 29 27 4 27 29 28 29 28 29 29      81000      15000 
594	 903600	16 1 13 13 21 4 4 18 12 6 17 6 24 3 14 8 9 20 8 9 10 5 10 12 10 14 11 10 15 15 3 0 28 16 18 11 19 17 27 19 20 21 22 7 23 22 23 28 23 23 23 24 24 25 24 25 24 25 24 26 25 26 25 27 25 27 25 15 26 28 26 28 26 2 26 29 27 29 27 29 28 29 28 29      28800      63000 
693	 844000	28 7 1 25 4 4 18 26 6 8 24 9 3 12 8 27 20 13 9 14 13 15 12 16 14 17 10 24 15 18 0 19 16 10 11 20 17 21 19 22 21 0 7 23 22 23 23 24 23 24 24 25 25 25 25 26 25 26 26 26 26 27 27 27 27 11 5 28 28 28 28 28 2 28 29 15 3 29 29 29 29 29 29 29      63000      27000 
891	 797000	1 1 25 3 2 4 4 5 25 6 27 9 7 16 12 24 13 13 21 14 14 28 14 11 15 17 6 18 17 25 17 19 5 10 18 20 20 21 9 22 3 23 22 27 22 23 23 24 24 24 24 25 19 25 25 26 25 26 16 26 26 0 26 2 26 27 27 8 27 12 27 28 28 28 28 15 28 7 28 29 29 29 29 29      13500      76500 
990	 730000	28 21 1 25 4 4 18 26 6 8 24 9 3 12 8 27 20 13 9 14 13 15 12 16 14 17 10 24 15 18 0 19 16 10 11 20 17 21 19 22 21 27 7 23 22 24 23 24 23 24 24 25 25 25 25 26 25 26 26 26 26 27 27 27 27 11 5 28 28 28 28 28 2 28 29 15 3 29 29 29 29 29 29 29      65000      25000 
1089	 710000	28 7 1 20 4 4 18 26 6 8 24 9 19 12 8 27 20 13 9 14 13 24 12 16 14 17 10 24 15 18 0 19 16 10 11 20 17 21 19 22 21 0 7 27 22 23 23 24 23 24 24 25 25 25 25 26 25 26 26 26 26 27 27 27 27 11 5 28 28 28 28 28 2 28 29 15 3 29 29 29 29 29 29 29      65000      25000 
1188	 590000	25 1 25 3 27 4 22 5 22 6 9 9 12 16 27 24 13 13 14 14 27 28 16 11 17 17 2 18 21 18 19 19 10 10 20 20 21 21 20 22 0 23 19 27 23 23 24 24 24 24 25 25 25 25 26 26 26 26 26 26 27 0 27 2 11 27 28 8 28 12 28 28 28 28 15 15 29 7 29 29 29 29 29 29      20000      65000 
1773	 578500	21 15 20 1 24 9 24 18 25 12 9 6 19 24 27 8 13 20 14 0 24 3 16 12 17 14 24 10 18 28 19 26 10 16 20 11 21 17 22 19 27 21 22 7 23 22 24 23 24 23 25 13 24 25 4 25 26 25 26 26 27 26 27 27 11 27 28 5 28 28 28 28 28 2 15 29 5 4 29 29 24 29 29 29      20875      63000 
1872	 550000	25 15 25 1 27 9 6 18 27 24 9 6 12 3 27 8 13 20 14 0 25 13 16 12 17 14 18 10 21 28 19 26 10 16 20 11 21 17 20 19 0 21 19 7 23 22 24 23 24 23 25 24 25 25 5 25 26 22 26 26 27 26 27 27 11 27 28 5 28 28 28 28 28 2 15 29 29 4 29 24 29 29 29 29      20000      65000 
1971	 510000	15 21 1 20 9 27 18 27 24 8 6 27 3 12 8 27 20 13 0 14 13 15 12 16 14 17 10 22 28 18 26 19 16 10 11 20 17 21 19 22 21 27 7 23 22 19 23 24 23 24 24 25 25 25 25 26 25 26 26 26 26 27 27 9 27 11 5 28 28 28 28 28 2 28 29 15 4 29 24 29 29 29 29 29      70000      15000 
2169	 138400	15 21 1 20 9 27 18 27 24 27 6 28 3 12 8 27 20 13 0 14 13 15 12 16 14 17 10 22 28 18 26 19 16 10 11 20 17 21 19 22 21 19 7 23 22 9 23 24 23 24 24 25 25 25 25 26 25 26 26 26 26 27 27 27 27 11 5 28 28 28 28 28 2 28 29 15 4 29 24 29 29 29 29 29      66000      16400 
2466	 122224	21 15 20 1 27 9 29 18 27 24 28 6 12 3 27 8 13 20 14 0 15 13 16 12 17 14 22 10 18 28 19 26 10 16 20 11 21 17 22 19 19 21 23 7 9 22 24 23 24 23 25 24 25 25 13 25 26 25 26 26 27 26 27 27 11 27 28 5 28 28 28 28 28 2 15 29 29 4 29 24 29 29 29 29      16666      65557 
0	2354000	0 0 1 1 20 4 2 4 3 25 3 6 5 7 6 8 7 10 8 10 11 10 12 11 12 13 12 14 13 16 14 16 15 16 18 16 18 18 18 20 9 20 19 21 21 21 21 23 22 23 23 23 17 24 24 24 24 24 25 25 26 25 26 26 27 26 28 27 29 27 29 25 29 27 29 28 29 28 29 28 29 28 29 28      90000      39000 
198	2184000	3 17 16 5 7 6 12 7 1 8 17 11 15 12 19 12 20 12 21 12 6 22 21 13 10 13 0 14 22 14 4 15 23 16 23 2 23 18 24 18 24 10 24 20 3 21 5 23 9 23 25 23 25 24 25 19 0 11 26 25 9 25 27 26 27 26 28 26 28 27 28 27 13 27 29 28 29 28 29 28 29 28 29 28      63000      63000 
297	1657000	10 1 3 12 4 4 21 0 5 29 19 7 20 10 6 8 25 8 7 9 8 10 12 5 13 14 14 15 15 16 16 18 16 18 17 19 18 19 20 21 23 22 23 23 11 24 24 24 22 24 0 24 25 25 1 25 26 25 26 26 27 25 27 26 2 26 28 26 28 27 28 27 9 27 29 28 29 28 29 29 29 29 29 29      81000      31500 
396	1275000	23 0 29 0 20 3 2 1 4 5 4 20 8 27 8 19 9 11 9 7 7 16 3 24 5 17 11 17 12 17 13 18 13 18 14 19 15 12 16 21 17 23 19 23 19 24 19 25 21 25 22 25 22 26 22 26 23 26 24 6 24 27 13 2 25 28 25 28 10 28 26 14 26 15 27 29 27 29 27 29 28 10 28 29      40000      63500 
594	 996000	10 23 3 19 4 20 21 24 5 4 19 4 20 8 6 8 25 25 7 9 18 7 12 3 13 5 14 11 15 12 24 13 16 13 17 14 18 15 26 16 23 17 23 19 11 19 24 19 22 21 0 22 25 22 1 22 26 23 26 24 27 24 27 13 2 25 28 25 28 10 28 26 9 26 29 27 29 27 29 27 29 28 29 28      63000      31500 
693	 758000	27 1 4 0 5 4 17 12 11 5 11 17 13 7 7 19 12 8 15 9 16 13 14 2 19 14 20 15 21 10 21 16 22 18 22 19 8 24 23 21 23 3 0 23 24 20 9 24 1 24 25 24 25 22 3 25 2 25 27 26 18 26 10 26 28 26 28 26 28 27 28 27 6 27 29 28 29 28 29 6 29 25 29 29      44500      46000 
990	 703334	16 10 26 3 8 4 23 21 24 5 25 19 5 18 0 6 20 25 22 7 14 8 13 12 15 13 24 14 9 15 17 24 17 16 28 17 18 25 19 20 19 23 19 23 1 11 21 24 21 22 29 0 24 25 24 1 13 26 24 26 25 27 26 27 26 2 26 28 26 28 12 28 10 9 27 29 27 27 6 29 28 29 28 29      16667      73333 
1188	 598000	28 10 19 3 15 4 27 21 7 5 9 19 19 18 27 6 27 25 13 7 21 8 21 12 16 13 17 14 18 15 18 24 18 16 0 17 14 25 20 20 20 23 22 23 22 11 23 24 12 22 24 0 24 25 24 1 24 26 24 26 25 27 26 27 26 2 26 28 26 28 26 28 26 9 27 24 27 29 11 29 28 29 28 29      14000      72000 
1386	 520000	10 28 3 19 4 15 21 13 5 10 19 9 18 19 6 27 25 27 7 13 8 21 12 21 13 16 14 17 15 27 24 18 16 18 17 0 25 14 20 20 23 20 23 22 11 22 24 23 22 12 0 24 25 24 1 24 26 24 26 27 27 25 27 26 2 26 28 26 28 26 28 26 9 26 24 27 29 27 29 11 29 28 29 28      70000      15000 
1683	 138400	16 10 24 3 26 4 23 21 22 5 28 19 28 18 16 6 20 25 22 7 14 8 13 12 15 13 24 25 9 15 24 24 17 16 28 17 18 14 19 20 20 23 19 23 11 11 21 24 21 22 29 0 24 25 24 1 13 26 24 26 25 27 26 27 26 2 26 28 26 28 12 28 10 9 27 29 27 29 14 29 28 29 28 27      16400      66000 
1980	 105336	10 25 3 24 4 26 21 23 5 22 19 28 18 28 6 16 25 20 7 22 8 14 12 13 13 15 25 24 15 9 24 24 16 17 17 28 14 18 20 19 23 20 23 19 11 11 24 21 22 21 0 26 25 24 1 24 26 29 26 24 27 25 27 26 2 26 28 26 28 26 28 12 9 10 29 27 29 27 29 14 29 28 27 28      65998      16334 
0	2139500	0 2 0 3 1 3 2 3 4 5 6 6 7 6 7 8 8 8 9 11 10 11 10 11 12 12 15 13 15 14 16 14 16 16 17 18 17 18 26 19 20 19 21 19 22 19 23 20 24 21 24 25 24 22 24 23 26 23 26 24 27 24 28 24 28 24 28 25 5 25 29 25 29 26 29 27 13 27 29 27 29 28 29 29      72000      51750 
99	1688000	0 1 17 2 20 29 5 15 14 7 7 13 7 11 7 13 9 14 16 14 10 14 11 16 25 16 12 17 15 18 18 18 19 18 22 19 21 19 4 20 1 21 2 22 3 23 23 24 23 24 24 24 24 25 25 25 26 25 26 26 26 26 26 26 26 27 6 27 8 27 27 27 27 27 28 27 28 28 29 28 29 28 29 28      72000      40500 
297	1476000	11 4 15 9 2 10 0 13 5 14 6 15 12 3 13 16 14 17 14 17 10 18 10 19 18 19 16 21 17 22 4 23 7 23 20 24 20 24 20 25 21 25 21 25 22 25 12 26 23 26 24 26 24 26 25 26 25 26 26 27 1 27 3 27 8 27 28 27 28 27 28 28 28 5 9 7 28 29 11 29 29 29 29 29      63000      45000 
396	1200000	0 24 17 15 20 6 5 24 14 29 7 8 7 13 5 11 9 13 16 13 10 13 11 17 25 13 12 17 15 17 18 18 19 18 22 19 21 20 4 21 1 21 2 22 3 2 23 23 23 23 24 24 24 24 25 25 26 25 26 25 26 26 26 26 26 26 6 26 8 27 27 27 27 27 28 28 28 28 29 28 29 28 29 28      81000      18000 
594	 902800	0 0 28 17 5 24 4 5 18 14 15 28 7 7 8 7 10 9 24 16 11 10 12 11 13 25 0 12 22 15 19 18 21 19 20 22 20 21 23 4 16 1 1 2 25 3 25 23 25 23 25 24 3 24 26 25 27 13 27 29 27 26 27 26 17 26 29 6 29 8 29 27 29 27 29 28 29 28 14 20 29 29 29 29      11700      80100 
792	 762000	12 0 10 17 6 20 4 5 16 14 8 28 9 25 14 7 1 9 13 16 13 10 13 11 13 25 17 12 27 15 12 18 18 19 19 22 20 21 21 4 21 1 22 2 2 3 0 23 23 23 24 24 24 24 25 25 25 13 25 29 26 26 26 24 26 26 26 6 27 8 27 27 27 27 15 28 28 28 28 29 28 29 28 29      18000      72000 
891	 742000	0 12 17 10 20 6 5 4 14 16 28 8 25 9 7 14 9 0 16 13 10 13 11 20 25 13 12 17 15 27 18 12 19 18 22 19 21 20 4 21 1 21 2 22 3 2 23 0 23 23 24 24 24 24 25 25 13 25 29 25 26 26 24 26 26 26 6 26 8 27 27 27 27 27 28 15 28 28 29 28 29 28 29 28      72000      18000 
990	 597000	0 11 17 10 20 19 5 4 14 16 28 8 25 9 7 14 9 26 16 17 10 13 11 20 25 13 12 13 15 27 18 12 19 18 22 19 21 20 4 21 1 21 2 22 3 2 23 0 23 23 24 24 24 22 25 25 13 25 29 25 26 26 24 26 26 26 6 26 8 27 27 27 27 27 28 15 28 28 29 28 29 28 29 28      70000      16750 
1188	 563144	4 0 20 17 29 20 11 5 22 14 16 28 7 29 27 7 27 9 13 16 19 10 15 11 12 25 25 12 17 15 9 18 18 19 19 22 20 21 21 4 21 1 22 2 2 3 14 23 23 23 5 24 24 24 25 25 25 26 25 26 10 13 14 24 26 26 26 6 27 8 27 27 27 27 28 28 28 28 28 29 28 29 28 29      19143      65214 
1386	 492858	0 13 17 20 20 29 5 11 14 22 28 16 29 7 7 27 9 27 16 13 10 19 11 15 25 12 12 25 15 17 18 9 19 18 22 19 21 20 4 21 1 21 2 22 3 28 23 14 23 23 24 24 24 24 25 25 26 25 26 25 13 10 24 14 26 26 6 26 8 27 27 27 27 27 28 28 28 28 29 25 29 28 29 28      65714      17143 
1683	 150288	13 0 27 17 29 20 11 5 22 14 16 28 23 29 20 7 27 9 13 16 19 10 15 11 12 25 25 12 17 15 9 18 18 19 19 22 20 21 21 4 21 1 22 2 28 3 14 23 23 23 24 24 24 24 25 25 25 26 25 26 10 13 14 24 26 26 26 6 27 8 27 27 27 27 28 28 28 28 25 29 28 29 28 29      16572      65856 
2556	 134120	13 0 27 17 29 20 11 5 22 14 16 28 23 29 20 7 27 9 27 16 19 10 15 11 12 25 25 12 17 15 9 18 18 19 19 22 20 21 21 4 21 1 22 2 28 3 14 23 23 23 24 24 24 24 25 25 25 26 25 26 10 13 14 24 26 26 26 6 27 8 27 27 27 27 28 28 28 28 25 29 28 29 28 29      16470      65883 
2655	 105336	0 13 17 27 20 29 5 11 14 22 28 16 29 23 7 20 9 27 16 13 10 19 11 15 18 12 12 25 15 17 25 9 19 18 22 19 21 20 4 21 1 21 2 22 3 28 23 14 23 25 24 24 24 24 25 25 26 25 26 25 13 10 24 26 26 27 6 26 8 27 27 27 27 27 28 28 28 28 29 25 29 28 29 28      65998      16334 
0	2274000	1 0 3 0 27 0 4 1 4 1 6 3 9 3 23 7 10 7 10 12 11 12 11 12 13 13 14 13 15 15 18 16 18 16 2 16 19 17 19 17 20 17 20 17 23 20 24 21 24 21 25 21 25 5 25 22 26 22 26 23 26 24 26 26 26 26 14 27 28 27 5 27 8 28 29 28 29 28 29 28 29 29 29 29      81000      45000 
99	1646000	23 15 18 0 18 10 6 1 6 2 8 2 8 2 8 3 9 4 18 5 11 7 14 9 14 11 19 11 15 12 15 13 17 13 19 16 19 16 19 16 20 17 21 19 21 20 21 22 22 23 23 24 24 24 25 24 25 25 26 25 26 25 26 25 27 25 27 26 28 26 28 27 28 27 29 28 29 28 29 28 29 28 29 29      40500      72000 
198	1366000	2 8 0 1 1 2 3 2 4 18 17 3 9 3 7 5 8 5 10 6 22 6 11 25 12 23 26 13 13 13 15 14 15 14 19 16 16 19 18 19 20 20 21 21 17 21 23 22 24 23 24 24 25 24 26 25 26 25 27 25 27 25 27 26 14 27 28 27 28 27 29 27 29 27 29 28 29 28 29 28 29 28 29 28      72000      31500 
297	1318000	11 0 4 3 4 16 20 8 5 10 12 2 3 13 8 1 2 15 9 7 6 26 17 16 0 5 10 17 13 22 14 21 15 24 16 18 22 9 18 25 19 25 19 25 20 26 21 26 23 26 23 27 23 27 23 27 24 14 24 27 6 28 24 28 11 28 25 28 25 29 25 29 26 12 27 29 28 29 28 29 7 29 29 29      51000      54000 
495	 972400	6 11 3 4 16 4 8 20 25 16 2 12 13 3 1 8 15 2 7 9 26 6 16 17 5 0 17 10 22 13 21 14 24 15 18 16 9 22 24 18 25 19 25 19 26 20 26 21 26 23 27 23 27 23 27 5 14 24 27 24 28 6 28 24 28 11 28 25 29 25 29 25 12 26 1 27 29 28 10 28 29 7 29 29      39600      54000 
594	 770000	0 11 3 4 25 4 8 20 10 5 2 12 13 3 1 8 15 2 7 9 26 6 16 17 5 0 17 10 22 13 21 14 24 15 18 16 9 22 25 18 24 19 25 19 26 20 26 21 26 1 27 23 27 23 27 23 14 24 27 24 28 6 28 24 28 11 28 26 29 25 29 25 12 26 29 27 29 28 29 28 29 7 29 29      40000      50000 
792	 750000	11 0 4 3 4 25 20 8 5 10 12 2 3 13 23 1 2 9 9 7 6 26 17 16 0 5 10 17 13 22 14 21 15 24 16 18 22 8 18 25 19 24 19 19 20 26 21 26 23 26 23 27 1 27 23 27 24 14 24 27 6 28 24 28 11 28 25 28 25 29 25 29 26 12 27 29 28 15 28 29 7 29 29 29      45000      45000 
891	 749734	22 11 3 29 21 4 28 20 0 16 2 12 13 3 1 8 8 2 7 9 26 6 25 17 5 24 17 10 22 13 21 14 4 15 18 16 9 22 24 18 25 19 25 19 26 20 26 21 26 23 27 23 27 23 27 5 14 24 27 24 28 6 28 24 28 11 28 25 0 15 29 25 12 26 1 27 29 28 10 28 29 7 29 29      39867      47533 
1377	 720000	22 11 3 29 20 4 28 20 0 23 2 12 13 3 1 8 19 2 7 9 26 6 25 17 5 24 17 10 22 13 21 14 4 15 18 16 9 24 16 18 25 19 25 19 26 20 26 21 26 23 27 23 27 8 27 5 14 24 27 24 28 6 28 24 28 11 28 25 0 15 29 25 12 26 1 27 29 28 10 23 29 7 29 29      47500      42500 
1575	 700000	6 29 25 4 8 29 20 20 25 5 27 12 13 3 20 8 15 2 11 9 21 24 16 17 18 0 17 10 22 13 21 14 19 15 4 16 9 22 24 18 25 27 25 19 26 26 26 21 5 1 27 28 27 23 12 23 14 24 27 24 28 6 28 24 28 11 28 26 29 25 29 25 23 26 1 27 29 28 10 28 29 7 29 29      25000      65000 
1971	 690002	20 29 19 4 26 29 8 20 14 5 2 12 6 3 27 8 9 2 7 9 26 6 16 17 20 0 17 10 22 13 21 14 4 15 18 16 8 22 25 18 24 27 19 19 26 26 26 21 26 1 27 28 27 23 27 23 3 24 27 24 28 6 28 24 28 11 28 26 11 25 29 25 12 25 29 27 15 28 29 28 29 7 13 29      16667      73333 
2070	 610000	29 19 4 25 29 22 20 20 5 10 12 27 3 13 8 27 2 15 9 11 20 21 17 16 0 18 10 17 13 22 14 21 15 19 16 4 22 9 18 24 27 25 19 25 26 25 21 26 1 5 28 27 23 27 23 12 24 14 24 27 6 28 24 28 11 28 26 28 25 29 25 29 26 23 27 1 28 29 28 10 7 29 29 29      70000      17500 
2169	 570000	29 10 4 25 29 22 20 25 5 23 12 27 3 13 8 27 2 15 9 11 20 21 17 16 0 18 10 17 13 22 14 21 15 19 16 4 22 9 18 24 27 25 19 25 26 25 21 26 1 5 28 27 23 27 23 12 24 14 24 27 6 28 24 28 11 28 26 28 25 25 25 29 26 19 27 1 28 29 28 10 7 29 29 29      70000      17500 
2367	 510000	20 29 29 4 27 29 19 20 29 5 5 12 29 3 29 8 22 2 9 9 21 25 27 17 12 0 13 10 14 13 15 14 16 15 17 16 18 22 19 18 20 27 21 19 22 26 23 21 23 1 4 28 24 23 24 23 25 24 25 24 11 6 26 24 10 11 26 26 27 25 27 25 27 26 28 27 28 28 28 28 28 7 29 29      17500      65000 
2466	 475716	29 20 4 29 29 27 20 19 5 29 12 18 3 29 8 29 2 22 9 9 25 21 17 27 0 12 10 13 13 14 14 15 15 16 16 17 22 18 18 19 27 20 19 21 26 22 21 23 1 28 28 4 23 24 23 27 24 25 24 25 6 11 24 26 11 10 26 26 25 27 25 27 26 27 27 28 28 28 28 28 7 28 29 29      67145      15713 
0	2186000	0 0 1 2 3 4 6 5 23 5 9 5 11 6 13 7 13 7 15 7 15 7 16 8 16 9 18 12 18 10 19 14 19 14 21 17 21 17 23 20 22 20 22 20 23 22 24 24 24 24 3 25 25 25 25 25 25 25 11 26 26 26 26 26 26 26 27 26 28 27 28 27 28 27 29 27 29 28 29 28 29 28 29 29      54000      72000 
99	1330000	0 1 24 1 4 1 26 2 5 2 7 2 8 3 2 5 10 6 13 6 9 9 14 11 12 27 16 14 17 15 19 15 19 17 20 20 21 20 22 3 23 21 23 3 23 22 24 22 25 22 25 24 25 24 26 25 26 25 26 26 18 26 15 26 27 27 6 27 28 27 28 27 28 27 11 28 29 28 29 28 29 29 29 29      81000      22500 
198	1274000	0 28 18 28 1 4 26 7 7 8 7 9 8 13 10 13 11 13 3 14 13 14 14 17 15 18 16 15 5 11 17 5 20 0 21 19 6 20 22 21 23 21 23 21 23 22 24 1 2 6 24 24 24 24 25 25 25 25 9 26 26 26 27 26 27 27 19 27 28 27 28 28 12 28 4 28 29 12 29 29 29 29 29 29      81000      22500 
297	 890000	13 27 5 17 22 10 0 12 15 8 21 9 12 20 3 27 12 13 14 24 17 15 14 7 16 16 18 2 19 18 19 21 19 19 19 4 19 5 20 23 20 6 7 22 23 0 23 24 23 24 23 3 23 25 23 25 24 25 24 11 24 26 25 26 25 26 10 27 26 28 26 28 26 28 26 14 26 1 27 29 27 29 28 29       8500      84000 
396	 776000	20 0 2 18 4 1 8 26 25 24 7 7 25 8 4 10 20 11 13 3 13 13 1 14 16 15 17 16 18 5 19 17 19 20 21 21 22 6 5 22 23 23 23 27 23 23 24 24 24 2 24 28 24 24 25 25 25 25 25 9 26 26 26 27 26 27 28 19 28 28 28 28 29 12 29 4 29 29 29 26 29 29 29 29       9000      81000 
495	 730000	0 27 18 17 1 10 26 12 28 8 19 9 8 20 10 27 11 13 3 24 13 15 14 7 15 16 16 2 20 18 17 21 20 19 21 4 6 5 22 23 23 6 23 22 23 0 24 24 2 24 24 3 24 25 25 25 25 25 9 11 26 26 27 26 27 26 19 27 28 28 28 28 12 28 4 14 29 1 29 29 29 29 29 29      27000      63000 
594	 698000	1 0 22 18 6 1 13 26 25 24 16 7 9 8 10 10 12 11 8 3 25 13 29 14 19 15 15 16 17 5 17 17 17 20 18 21 20 6 20 22 19 23 21 27 21 23 22 24 14 2 23 28 24 24 24 25 25 25 25 9 25 26 26 27 26 27 26 19 26 28 27 28 27 12 27 4 28 29 28 26 29 29 29 29      12000      76000 
792	 690000	27 0 17 17 10 10 12 12 27 8 9 9 20 20 27 24 13 13 19 15 15 26 28 7 16 16 29 2 18 18 21 21 19 19 22 4 5 5 23 23 6 6 22 22 0 23 24 24 24 24 3 3 25 25 25 25 25 25 11 11 26 26 26 27 26 26 27 27 28 28 28 28 28 28 14 14 1 1 29 29 29 29 29 29      20000      70000 
891	 590000	20 0 17 18 10 1 12 26 8 24 9 7 20 8 25 10 16 11 21 3 15 13 7 12 16 15 19 16 18 5 21 17 19 20 25 21 5 6 22 22 6 23 22 27 23 23 24 24 24 2 13 28 25 24 25 25 25 25 11 9 26 26 27 27 26 27 27 19 28 28 28 28 28 14 14 4 1 29 29 26 29 29 29 29      18000      66000 
990	 580000	22 0 25 18 28 1 13 26 25 24 16 7 9 8 10 10 12 11 8 3 4 13 29 14 19 15 15 16 17 5 17 17 25 20 18 21 20 6 20 22 19 23 21 27 21 23 22 24 14 2 23 28 24 24 11 25 25 25 25 9 28 26 26 27 26 27 26 19 26 28 27 28 27 12 27 4 28 29 28 26 29 29 29 29      15000      70000 
1089	 578000	22 0 18 17 1 10 19 12 26 8 26 9 26 20 21 24 11 13 0 15 13 27 14 7 15 16 16 2 26 18 17 21 20 19 21 4 20 5 22 23 25 6 23 22 10 23 28 24 2 24 24 3 24 25 25 25 25 25 9 11 26 26 27 27 27 26 19 27 28 28 28 28 12 28 4 14 29 1 29 29 29 29 29 29      16000      68000 
1188	 535000	26 0 18 17 7 10 19 12 26 8 28 9 26 20 21 24 11 13 22 15 13 27 20 7 15 16 16 2 7 18 17 21 25 19 21 4 20 5 22 23 26 6 23 22 10 23 28 24 2 24 24 3 24 25 25 25 14 25 9 11 26 26 27 27 27 26 19 27 28 28 28 28 12 28 4 14 29 1 29 29 29 29 29 29      17500      65000 
1287	 202000	22 0 25 18 28 1 13 26 25 24 16 7 9 8 10 10 12 11 24 3 24 13 29 12 19 15 15 16 17 5 29 17 25 20 18 21 20 6 20 22 19 23 21 27 21 23 22 24 14 2 23 28 24 24 11 25 25 25 25 9 28 26 26 27 26 27 26 19 13 28 27 28 27 14 27 4 28 29 28 26 29 29 29 29      16500      66000 
1872	 138400	0 22 18 25 1 28 26 13 24 25 7 16 8 9 10 10 11 25 3 24 13 24 12 29 15 19 16 15 5 17 17 29 20 25 21 18 6 20 22 20 23 19 27 21 23 21 24 22 2 14 28 23 24 29 25 11 25 25 9 25 26 28 27 26 27 26 19 26 28 13 28 27 14 12 4 27 29 28 26 28 29 29 29 29      66000      16400 
2070	 136800	22 0 25 18 28 1 25 26 25 24 16 7 9 8 10 10 12 11 29 3 28 13 29 12 19 15 15 16 17 5 29 17 25 20 18 21 20 6 20 22 19 23 21 27 21 23 22 24 14 2 23 28 24 24 11 25 25 25 25 9 28 26 26 27 26 27 26 19 13 28 27 28 14 14 27 4 28 29 28 26 29 29 29 29      16400      66000 
2268	 122224	0 22 18 28 1 28 26 13 24 25 7 16 8 9 10 25 11 12 3 10 13 24 12 29 15 19 16 15 5 17 17 29 20 25 21 18 6 20 22 20 23 19 27 21 23 21 24 22 2 14 28 23 24 24 25 11 25 25 9 25 26 28 27 29 27 26 19 26 28 13 28 27 14 27 4 17 29 28 26 28 29 29 29 29      65557      16666 
2466	 105600	0 22 18 25 1 28 26 14 24 25 7 16 8 24 10 10 11 25 3 21 13 24 12 29 15 19 16 15 5 17 17 29 20 22 21 18 6 20 22 20 23 19 27 21 23 25 24 28 2 14 28 23 24 29 25 11 25 25 9 25 26 28 27 26 27 26 19 9 28 13 28 27 14 12 4 27 29 28 26 28 29 29 29 29      66000      16400 
0	2190000	0 3 2 3 2 8 3 8 4 10 5 11 6 12 7 12 9 14 10 14 11 15 13 15 13 15 14 16 16 17 17 17 18 18 20 19 20 19 20 19 21 21 22 21 1 23 24 23 24 23 25 23 25 24 26 24 26 25 27 25 27 25 27 25 27 25 28 25 28 26 28 26 29 26 29 27 29 28 29 28 29 28 29 29      90000      36000 
99	1838000	1 0 25 0 3 1 4 2 7 2 7 4 18 6 9 6 10 8 12 8 13 9 13 10 16 10 17 11 5 11 19 13 21 14 22 14 22 15 23 15 23 15 23 15 24 18 26 19 26 20 26 20 26 20 26 21 27 24 27 24 27 24 27 25 27 25 28 25 28 25 28 27 6 27 29 28 14 29 29 24 29 29 29 29      81000      36000 
198	1496000	12 1 24 1 1 3 1 4 2 5 2 7 5 7 6 6 6 8 6 9 9 10 9 11 11 12 15 13 15 13 16 13 17 13 18 14 18 16 20 17 24 17 21 18 22 19 23 19 23 19 25 19 25 21 26 22 27 23 27 24 27 24 27 0 27 25 28 25 28 26 28 26 10 26 14 20 29 28 29 28 29 29 29 29      42000      63000 
297	1196800	2 7 3 0 5 11 21 1 7 5 10 16 11 3 11 16 11 8 12 10 12 4 6 14 14 15 15 17 15 12 19 18 22 18 23 19 23 19 24 19 16 20 25 20 2 29 9 9 26 21 26 13 13 22 27 23 27 6 27 24 28 24 28 24 28 25 28 25 28 25 17 25 29 26 29 26 29 26 29 27 29 27 29 28      37800      63000 
396	1110000	6 20 3 0 22 1 4 4 26 5 11 6 5 8 21 13 9 12 10 15 12 15 19 18 14 19 15 10 16 22 17 23 20 26 13 17 23 21 24 24 28 24 24 11 24 25 24 25 24 23 25 3 25 27 25 28 26 28 26 7 26 16 27 2 27 29 27 29 27 18 27 29 8 9 28 29 28 29 28 29 29 29 29 14      36000      63000 
495	 903600	6 20 18 0 22 1 0 4 26 5 11 6 5 8 21 13 9 12 7 15 12 15 19 18 14 19 15 10 16 22 17 23 20 26 13 17 23 21 24 10 24 24 24 11 24 25 24 25 24 23 25 3 25 27 25 28 26 28 26 7 26 16 27 2 27 29 27 29 27 28 27 29 8 9 28 29 28 29 28 26 29 29 29 14      28800      63000 
792	 882400	20 25 0 18 1 22 4 0 5 26 6 11 8 5 13 21 12 9 15 7 15 12 18 19 19 14 10 15 22 16 23 17 26 20 17 13 21 23 10 24 24 24 11 24 25 24 25 24 23 24 3 25 27 25 28 25 28 26 7 26 16 26 2 27 29 27 29 27 28 27 29 27 9 8 29 28 29 28 26 28 29 29 14 29      63000      28800 
891	 790002	20 25 0 18 1 28 4 4 5 25 6 7 8 13 13 9 12 10 28 12 15 27 18 13 19 1 10 16 22 25 23 19 26 21 17 15 21 22 24 20 24 23 11 23 25 24 26 26 25 26 3 26 27 26 28 11 28 27 7 27 16 27 2 27 29 27 29 27 24 28 29 28 9 25 29 17 23 14 29 29 29 29 14 29      66667      23333 
990	 756668	20 25 0 18 1 22 4 17 5 26 6 11 8 1 27 21 12 9 15 7 28 12 18 19 19 14 10 15 22 16 23 17 26 20 17 13 21 23 10 24 24 24 11 24 25 24 25 24 23 24 3 25 27 25 28 25 28 26 7 26 16 26 2 27 2 27 13 27 28 27 29 27 9 24 29 28 29 28 26 28 29 29 14 29      66666      23334 
1188	 740000	20 20 0 0 27 1 4 4 24 5 6 6 8 8 13 13 12 12 28 26 15 4 18 18 19 19 10 10 22 22 23 23 26 26 17 17 21 21 24 24 24 24 11 11 25 25 26 25 25 25 3 3 27 27 28 28 28 28 7 7 16 16 2 2 29 27 29 23 24 26 29 27 9 9 29 29 23 29 29 28 29 15 14 14      25000      65000 
1287	 676668	20 20 0 18 1 22 4 17 5 26 6 11 8 1 27 14 21 9 24 7 15 20 18 19 19 19 10 15 25 16 23 17 26 26 17 13 21 23 22 24 24 24 11 24 25 24 25 24 23 24 3 25 27 25 28 28 28 26 7 26 16 26 2 27 29 27 29 27 28 27 12 27 9 24 13 28 29 28 26 28 29 29 14 29      73333      16667 
1584	 580668	20 20 0 18 1 22 4 27 5 26 6 11 8 21 27 14 19 9 24 28 15 20 18 22 19 19 10 15 25 16 23 17 26 26 17 13 21 23 22 24 24 24 11 21 25 24 25 24 23 24 3 25 27 25 28 28 28 26 7 26 16 26 2 27 29 27 29 27 28 27 12 27 9 24 13 28 29 28 26 28 29 29 14 29      72000      14333 
1782	 558236	20 20 18 0 22 1 17 4 26 5 11 6 24 8 14 27 9 21 28 19 20 15 24 18 25 19 15 10 16 25 23 23 26 26 13 17 22 21 24 22 24 24 24 11 24 25 24 25 24 23 25 3 12 27 28 28 26 28 26 7 26 16 27 2 27 29 27 29 27 28 27 12 24 9 28 13 28 29 10 26 29 29 29 14      18236      65882 
2268	 550000	20 20 0 18 1 20 4 26 5 26 6 11 8 21 13 14 12 9 26 28 15 19 18 22 19 22 10 15 22 16 23 17 26 26 17 13 21 23 24 24 24 24 11 21 25 24 25 24 25 24 3 25 27 25 28 28 28 26 7 26 16 26 2 27 29 27 23 27 29 19 27 27 9 24 29 28 27 28 28 28 29 29 14 29      72000      14000 
0	2198000	3 0 4 2 5 5 6 8 6 9 11 9 12 10 12 15 13 10 7 21 16 11 16 13 17 14 17 16 18 17 18 17 19 15 19 21 19 22 20 22 20 23 20 23 2 23 1 24 24 24 24 24 25 25 26 25 14 25 26 25 27 25 27 25 27 26 28 26 28 27 28 28 29 28 29 28 29 28 29 29 29 29 29 29      63000      63000 
198	1780400	21 0 29 5 1 1 2 3 3 3 6 6 7 8 8 10 9 10 10 11 17 11 10 13 12 13 13 14 14 15 16 16 15 19 4 19 18 19 19 19 20 21 20 21 0 22 11 22 22 23 23 23 24 23 24 24 5 24 25 25 25 29 25 26 25 27 26 27 26 27 26 28 26 28 27 28 27 29 28 29 28 29 28 29      81000      34200 
297	1451200	0 16 2 0 4 1 6 3 7 3 25 5 9 4 25 9 12 11 5 11 13 12 14 13 18 15 18 8 19 17 20 2 20 10 20 19 20 7 22 21 23 21 23 14 10 22 24 28 24 23 24 23 16 18 25 24 25 24 25 25 26 26 26 26 26 27 26 27 27 28 27 28 28 6 29 29 29 29 29 29 29 29 29 29      25200      81000 
396	1030000	0 21 1 29 27 1 3 2 4 3 5 6 14 7 10 8 10 9 12 10 24 17 13 23 15 12 15 13 7 14 16 16 17 15 18 4 19 18 20 19 20 20 21 20 22 0 23 11 24 22 24 23 25 24 25 24 8 5 26 25 11 25 27 25 27 25 27 26 27 26 9 26 28 26 28 29 29 27 29 28 29 28 29 28      31500      63000 
495	 750000	6 21 28 29 27 1 3 2 4 3 5 6 14 2 28 8 10 9 12 10 24 17 13 23 15 12 15 13 7 14 16 16 17 15 18 4 19 18 20 19 20 29 21 20 22 0 23 11 24 22 24 23 25 24 7 24 8 5 26 25 11 25 27 25 27 25 27 26 27 26 9 26 28 26 28 29 29 27 29 28 29 28 29 28      35000      55000 
792	 742000	26 21 19 29 29 1 3 2 4 23 5 6 14 7 10 8 10 9 12 10 28 22 2 13 15 12 15 3 7 14 16 16 17 15 18 4 19 18 6 19 20 23 21 20 22 0 23 11 24 22 24 29 25 24 25 24 13 5 26 25 11 25 27 25 27 24 27 26 27 17 9 26 28 26 28 27 29 27 29 28 29 28 29 28      27000      63000 
990	 715000	6 21 28 29 27 1 3 2 4 3 5 6 21 2 24 8 10 9 12 10 24 17 13 23 19 12 15 13 7 14 16 16 17 15 18 4 19 18 20 19 20 29 21 20 22 0 23 11 24 22 24 23 14 24 7 24 8 5 26 25 11 25 27 25 27 25 27 26 27 26 9 26 28 26 28 29 29 27 29 28 29 28 29 28      32500      57500 
1089	 680000	21 26 29 19 1 29 2 3 23 4 6 5 7 14 8 21 9 10 10 12 16 28 13 2 12 15 3 28 14 7 20 16 15 17 4 18 18 19 19 6 23 20 20 21 0 22 11 23 22 24 29 24 24 25 24 25 5 13 25 26 25 11 25 27 24 27 26 27 17 27 26 9 26 28 27 29 27 29 28 29 28 29 28 29      65000      25000 
1287	 670000	1 21 28 29 22 1 27 2 4 3 5 6 14 7 28 8 10 9 12 24 24 17 29 10 15 12 15 13 7 14 16 16 17 15 18 4 19 18 20 19 20 24 21 20 22 0 23 11 24 22 24 23 25 24 7 29 8 5 26 25 11 23 27 25 27 25 27 26 27 26 9 29 28 26 28 27 13 27 29 28 29 28 29 28      20000      70000 
1773	 630000	21 26 24 28 1 2 2 29 3 15 6 19 7 14 8 28 9 10 24 12 17 24 10 13 12 29 13 15 14 3 16 16 15 17 4 18 18 19 19 22 20 20 20 21 0 22 11 23 22 27 23 24 24 25 29 7 5 8 25 29 23 11 25 27 25 27 26 27 26 27 29 9 26 21 27 28 27 29 28 29 28 29 28 29      65000      20000 
1971	 530000	21 26 29 28 1 27 2 29 23 15 6 19 7 14 8 26 9 10 10 12 29 24 13 13 12 29 3 15 14 20 16 16 15 17 4 18 18 19 19 22 23 20 20 21 0 22 11 23 22 27 29 24 24 25 24 7 5 8 25 29 25 11 25 27 24 27 26 27 17 27 26 9 26 21 27 28 27 29 28 29 28 29 28 28      70000      15000 
2367	 520000	21 14 29 28 1 22 2 27 3 4 6 19 7 14 8 28 9 10 24 12 17 24 10 29 12 15 13 15 14 5 16 16 15 17 4 18 18 19 19 20 24 20 20 21 0 22 11 23 22 21 23 24 24 25 29 27 5 8 25 26 23 11 25 27 25 27 26 27 26 27 29 9 26 28 27 28 27 13 28 29 28 29 28 29      70000      15000 
2565	 500000	21 9 29 28 1 22 2 27 3 18 6 21 7 16 8 28 9 26 24 12 17 24 10 29 12 14 13 15 14 11 16 16 15 17 4 18 18 19 19 20 24 20 20 21 0 22 11 23 22 27 23 24 24 25 29 7 5 10 25 19 23 28 25 27 25 27 26 27 26 27 29 0 26 28 27 28 27 13 28 29 28 29 28 29      70000      15000 
0	1854000	0 0 0 4 1 4 3 4 5 5 5 6 6 7 7 8 9 8 9 9 10 11 17 11 11 11 12 18 14 13 18 13 15 14 15 17 26 19 15 19 16 20 16 20 16 21 19 22 20 2 21 24 22 24 23 24 23 25 24 25 25 25 26 25 26 27 26 2 27 28 27 28 27 28 28 28 29 28 29 28 29 29 29 29      72000      45000 
198	1838000	0 0 0 4 1 12 3 4 5 5 5 6 6 7 7 8 9 8 9 9 10 11 17 11 11 11 12 18 14 13 18 13 15 14 15 17 26 19 15 19 16 20 16 20 16 21 19 22 20 2 21 24 22 24 23 24 23 25 24 25 25 25 26 25 26 27 26 2 27 28 27 28 27 28 28 28 29 28 29 28 29 29 29 29      72000      45000 
297	1284000	2 16 3 2 9 4 1 8 4 8 15 10 21 10 6 18 11 13 25 13 0 11 12 14 10 14 7 15 14 15 20 16 17 16 5 17 22 18 23 18 24 19 24 19 24 19 25 20 25 21 26 21 26 22 26 23 26 23 26 24 13 24 27 25 27 25 28 26 28 27 28 27 28 27 29 28 29 28 29 28 29 28 29 29      72000      31500 
594	1273000	2 16 3 19 9 4 1 8 4 8 15 10 21 10 6 18 11 13 25 13 0 11 12 14 10 14 7 15 14 15 20 16 17 16 5 17 22 18 23 18 24 19 24 19 24 19 25 20 25 21 26 21 26 22 26 23 26 23 26 24 13 24 27 25 27 25 28 26 28 27 28 27 28 27 29 28 29 28 29 28 29 28 29 29      72000      31500 
693	 790000	12 17 6 5 5 24 8 25 10 6 10 2 11 20 7 28 9 12 8 14 14 13 16 15 17 15 2 9 18 1 19 16 20 18 21 7 21 19 4 29 22 22 0 21 23 4 23 23 24 24 24 24 13 3 29 11 25 26 25 26 25 27 25 27 26 27 26 27 26 29 1 28 15 28 27 3 27 0 28 29 28 29 28 29      45000      45000 
990	 716668	24 24 6 10 5 6 3 26 10 17 29 11 11 14 7 15 14 16 15 16 16 22 0 29 17 13 2 18 18 24 19 19 20 19 9 20 21 21 4 21 22 9 29 22 23 23 23 24 8 24 24 25 13 25 29 25 25 4 12 26 25 10 25 24 26 28 26 28 26 3 1 12 27 2 27 29 27 29 28 29 28 29 28 29      76667      13333 
1287	 710000	24 21 6 28 5 6 3 28 10 17 29 11 11 14 7 15 14 24 15 16 16 13 24 29 17 11 2 18 18 27 19 19 20 19 9 20 21 27 4 21 22 9 0 22 23 23 23 24 8 24 24 25 13 25 29 25 25 4 12 26 25 10 25 1 26 28 26 28 26 3 1 12 27 29 27 29 27 29 28 0 28 29 28 29      70000      20000 
1386	 690000	28 24 7 6 24 5 9 3 17 10 11 29 14 11 28 7 15 14 8 15 5 16 20 0 13 17 18 2 24 18 19 19 19 20 20 9 27 21 21 4 16 22 22 29 23 23 24 23 24 8 25 24 25 13 25 29 4 25 26 12 10 25 1 25 28 26 28 26 3 26 12 1 29 27 29 27 29 27 0 28 29 28 29 28      20000      70000 
1485	 620000	24 20 6 10 5 22 3 26 10 17 29 11 11 14 7 15 14 16 15 24 16 0 0 29 17 13 2 18 18 24 19 19 20 19 9 20 21 21 4 21 22 9 29 22 23 28 23 24 8 24 24 25 13 25 29 25 25 4 12 26 25 10 25 24 26 28 26 28 26 3 1 12 27 2 27 29 27 29 28 29 28 29 28 29      70000      15000 
1584	 615000	24 17 6 8 5 6 3 21 10 17 29 27 11 14 7 15 14 22 15 20 16 5 0 20 17 13 2 18 18 24 19 19 20 19 9 16 21 27 4 21 22 9 29 22 23 23 23 24 8 24 24 25 13 26 29 24 25 4 12 26 25 10 25 1 26 28 26 28 26 3 1 12 27 29 27 28 27 29 28 11 28 29 28 29      65500      19000 
1683	 597500	21 24 20 6 28 5 28 3 17 10 22 29 14 11 15 7 24 14 16 15 13 16 29 0 11 17 18 2 27 18 19 19 19 20 20 9 24 21 21 4 9 22 22 29 23 23 24 23 24 8 25 24 25 13 25 29 4 25 26 12 10 25 1 25 28 26 28 26 3 26 12 1 29 27 29 27 29 27 0 28 29 28 29 28      16750      70000 
1782	 550000	24 20 6 27 5 22 3 26 10 17 29 11 11 14 7 15 14 16 15 24 16 24 0 24 17 13 2 18 18 14 19 19 20 19 9 20 21 21 4 21 22 9 29 22 23 28 23 24 8 24 24 25 13 25 29 25 25 4 12 26 25 10 25 24 26 28 26 28 26 3 1 12 27 2 27 29 27 29 28 29 28 29 28 29      70000      15000 
1881	 530000	18 20 6 10 5 22 3 26 10 17 29 11 11 14 7 15 14 16 15 25 16 24 0 29 17 13 2 18 24 24 19 19 20 19 9 20 21 21 4 21 22 9 29 22 23 28 23 24 8 24 24 25 13 25 29 28 25 4 12 26 25 24 25 24 26 28 26 28 26 27 1 12 27 2 27 29 27 29 28 29 28 29 28 29      70000      15000 
2079	 510000	18 20 6 10 5 22 3 26 10 17 29 11 11 23 7 15 24 16 15 25 16 24 0 14 17 13 2 18 28 24 19 19 20 19 9 20 21 21 4 21 22 9 29 22 23 28 23 24 8 24 24 25 13 25 29 28 25 4 12 26 25 24 25 24 26 28 26 28 26 27 1 12 27 2 27 29 27 29 28 29 28 29 14 29      70000      15000 
2178	 153600	18 20 6 27 5 22 3 26 10 17 29 11 11 14 7 15 14 16 15 24 16 24 0 28 17 13 2 18 24 14 19 19 20 19 9 20 21 21 4 21 22 9 29 22 23 28 23 24 8 24 24 25 13 25 29 25 25 18 12 26 25 10 25 24 26 28 26 28 26 23 1 12 27 28 27 29 27 29 28 29 28 29 28 29      66000      16400 
0	2125500	16 0 0 3 1 3 1 3 2 3 26 5 4 8 4 18 5 8 19 8 6 8 6 9 7 12 7 12 9 12 11 13 15 13 10 14 16 14 19 14 20 15 20 17 21 17 21 18 23 22 23 22 25 22 25 23 25 24 25 24 27 24 27 24 27 26 27 26 28 26 28 26 28 27 28 28 28 28 29 29 29 29 29 29      72000      51750 
99	1874000	3 0 18 5 1 5 2 6 2 6 2 7 5 7 9 7 11 3 4 10 12 10 13 26 14 11 9 13 16 14 20 8 15 15 0 16 19 17 19 17 23 21 23 21 8 22 23 23 24 24 24 24 24 24 24 24 25 26 25 26 25 27 26 27 27 27 20 27 22 27 18 28 29 28 29 28 29 28 29 28 29 28 29 28      72000      45000 
198	1341000	20 1 0 2 2 8 4 9 6 12 7 17 12 28 3 13 10 19 10 15 11 5 11 18 16 18 16 19 17 19 15 20 21 20 21 20 21 22 21 23 21 25 5 25 14 8 22 25 9 3 23 26 23 26 29 27 24 27 1 27 24 27 24 27 24 28 25 13 25 29 25 14 26 29 26 29 27 29 28 29 28 29 28 29      63000      40500 
396	1335000	0 22 2 23 7 10 1 2 9 29 10 3 5 5 21 29 13 6 13 0 15 9 16 7 17 11 28 12 17 1 6 23 12 14 20 16 21 16 21 18 19 18 22 20 23 18 23 4 14 19 24 21 24 24 24 24 24 25 25 25 25 8 3 26 26 26 26 13 27 27 27 27 18 17 28 28 28 28 8 28 29 15 29 29      23500      80000 
495	 994000	26 22 20 23 15 10 10 2 22 29 11 3 0 5 13 29 9 27 16 0 6 9 17 7 19 11 21 12 24 1 23 23 24 14 24 16 24 6 24 18 24 28 24 20 25 18 25 4 25 19 26 21 26 24 26 24 27 25 27 25 27 8 27 26 15 26 5 13 6 27 29 27 29 17 29 28 29 28 29 28 29 15 29 29      15000      81000 
693	 832000	3 22 0 23 20 10 2 2 4 29 4 3 4 5 6 29 4 6 6 0 8 9 9 7 11 11 11 12 12 1 1 23 13 14 7 25 5 16 19 27 21 24 21 20 22 18 10 4 23 19 23 21 24 24 25 24 14 25 26 25 26 8 26 26 26 26 26 13 26 27 27 27 28 17 28 28 28 28 29 28 29 15 29 29       9000      81000 
792	 814000	3 22 0 23 20 10 2 2 4 29 4 3 4 5 6 29 4 6 6 0 8 9 9 7 17 11 11 12 12 1 1 23 13 14 7 25 5 16 19 27 21 24 21 20 22 18 10 4 23 19 23 21 24 24 25 24 14 25 26 25 26 8 26 26 26 26 26 13 26 27 27 27 28 17 28 28 28 28 29 28 29 15 29 29       9000      81000 
891	 716668	26 22 20 23 26 10 20 2 22 29 11 3 25 5 13 29 9 27 16 0 25 9 17 7 19 11 21 12 24 1 23 23 24 14 24 16 24 6 24 18 24 28 24 20 25 18 25 4 25 19 26 21 26 24 26 24 27 25 27 25 27 8 27 26 15 26 14 13 6 27 29 27 29 17 29 28 29 28 29 28 29 15 29 29      16667      73333 
1089	 680000	22 22 26 23 10 10 2 2 29 29 29 3 5 5 29 29 6 6 0 0 9 9 7 7 11 11 12 12 22 1 23 23 14 14 19 25 16 16 26 27 28 24 20 20 18 18 4 4 19 19 21 21 24 24 24 24 25 25 25 25 8 8 26 26 26 26 13 13 27 27 27 27 17 17 28 28 28 28 28 28 15 15 29 29      25000      65000 
1188	 556668	22 22 23 26 10 10 2 2 29 29 3 29 5 5 29 29 6 26 0 0 9 9 7 21 11 11 12 12 1 22 23 23 14 14 25 19 16 16 27 26 24 28 20 20 18 18 4 4 19 19 21 21 24 20 24 24 25 25 25 25 8 8 26 26 26 26 13 13 27 27 27 27 17 17 28 28 28 28 28 28 15 15 29 29      66667      16667 
1287	 536668	22 22 26 23 10 10 2 2 29 29 29 3 22 5 29 29 26 6 0 0 9 9 21 7 11 11 12 12 29 1 23 23 14 14 19 25 16 16 26 27 28 24 20 20 18 18 4 4 19 19 21 21 20 24 24 24 25 25 25 25 8 8 26 26 26 26 13 13 27 27 27 27 17 17 28 28 28 28 28 28 15 15 29 29      16666      66668 
1773	 500000	22 22 23 26 10 10 2 16 29 29 3 29 5 3 29 29 6 26 0 28 9 20 7 21 11 11 12 12 1 22 23 23 14 14 25 19 16 16 27 26 24 28 20 9 18 18 4 26 19 19 21 21 24 20 24 24 25 25 25 25 8 8 26 26 26 26 13 13 27 27 27 27 17 17 28 28 28 28 28 28 15 15 29 29      70000      15000 
1872	 462500	22 9 23 26 10 10 2 29 29 29 3 29 5 22 29 29 6 26 0 26 9 22 7 21 11 11 12 12 1 24 23 23 14 14 25 19 16 16 27 26 24 28 20 20 18 18 4 4 19 19 21 21 24 20 24 24 25 25 25 25 8 28 26 26 26 26 13 13 27 27 27 27 17 17 28 28 28 28 28 28 15 15 29 29      66250      16250 
2367	 121600	22 22 28 23 10 29 26 10 29 29 29 3 22 5 29 29 26 6 18 0 9 9 21 7 11 11 12 12 29 1 23 23 26 14 19 25 16 16 26 27 28 24 20 20 18 18 14 4 19 19 21 21 20 24 24 24 25 25 25 25 14 8 26 26 26 26 13 13 27 27 27 27 17 17 28 28 28 28 28 28 15 15 29 2      16400      66000 
2664	 105600	22 9 23 26 29 10 10 29 29 29 3 27 5 22 29 29 6 26 0 26 9 22 7 21 11 11 12 12 1 24 23 23 14 14 25 19 16 16 27 26 24 28 20 20 18 18 4 13 19 19 21 21 24 20 24 24 25 25 25 25 8 28 26 29 26 26 13 26 27 17 27 27 17 17 28 28 28 28 28 28 15 15 2 29      66000      16400 
0	1637000	1 1 3 2 3 2 6 4 6 5 7 5 18 0 8 9 8 9 11 10 12 10 16 12 17 12 13 14 19 14 20 15 20 15 20 16 22 17 22 17 23 18 23 18 24 19 24 21 24 21 25 21 25 23 4 23 25 13 26 24 26 25 26 26 27 27 27 27 28 28 29 28 0 28 29 28 29 28 29 28 29 29 29 29      72000      40500 
99	1511432	0 0 1 2 25 3 18 3 6 5 9 5 14 5 11 8 12 9 13 9 15 10 17 11 28 14 16 15 2 15 8 16 20 17 21 17 23 18 24 19 24 20 25 21 25 22 22 23 26 23 26 23 7 23 27 24 27 25 4 26 19 26 10 27 28 27 5 27 3 28 29 28 29 28 29 28 29 28 29 28 29 28 29 28      98286      10428 
198	1309000	1 0 5 1 5 25 4 18 3 6 10 9 6 14 9 11 9 12 7 13 12 15 14 17 14 28 15 16 16 2 16 8 17 20 19 21 19 23 20 24 20 24 21 25 2 25 22 22 18 26 23 26 23 7 13 27 24 27 24 4 24 19 25 10 26 28 26 5 26 3 27 29 27 29 28 29 28 29 28 29 28 29 29 29      31500      72000 
297	1080000	0 26 1 2 25 24 18 24 6 5 9 21 14 5 11 8 12 9 13 9 15 10 17 11 28 14 16 15 2 15 8 16 20 17 21 17 23 18 24 19 24 20 25 21 25 22 22 23 26 23 26 23 7 23 27 24 27 25 4 26 19 26 10 27 28 27 5 27 3 28 29 28 29 28 29 28 29 28 29 28 29 28 29 28      81000      15000 
396	 951000	1 0 0 1 2 25 5 18 22 6 26 9 6 14 6 11 8 12 8 13 19 15 9 17 23 28 12 16 13 2 11 26 16 20 17 21 18 23 18 24 18 24 20 25 20 25 21 22 23 26 23 26 24 7 24 27 24 27 25 4 25 19 15 10 27 28 27 5 27 3 28 29 28 29 28 28 10 29 3 29 29 29 14 29      31500      63000 
594	 894000	0 26 1 2 25 16 18 24 6 5 9 21 14 24 11 20 23 12 13 9 15 10 17 11 28 14 16 15 2 15 8 16 20 17 21 17 12 18 24 19 24 20 25 21 25 22 22 23 26 23 26 23 7 23 27 24 27 25 4 26 19 26 10 27 28 27 5 27 3 28 29 28 29 28 29 28 29 28 13 28 29 28 29 28      69000      23000 
693	 784000	0 21 1 27 25 25 18 18 6 23 9 9 14 14 11 25 12 12 13 26 28 15 17 17 15 28 16 16 2 26 8 8 20 20 21 21 23 23 24 24 24 24 25 25 23 11 22 22 26 26 26 26 7 7 27 27 27 27 4 4 19 19 10 10 28 28 5 5 3 3 29 29 28 13 24 25 29 29 29 28 29 29 29 29      63000      27000 
792	 770000	0 0 27 1 25 25 18 18 6 6 9 9 14 14 11 11 12 12 13 13 15 28 17 17 28 15 16 16 2 2 8 8 20 20 21 21 23 23 24 24 24 24 25 25 25 23 22 22 26 26 26 26 7 7 27 27 27 27 4 4 19 19 10 10 28 28 5 5 3 3 28 26 29 28 29 24 29 29 27 29 29 29 29 29      30000      60000 
990	 710000	26 0 24 1 16 25 24 18 21 6 21 9 24 14 26 11 12 12 9 13 10 15 11 17 14 28 13 16 15 2 16 8 17 20 17 21 18 23 19 24 20 24 24 25 22 25 23 22 23 26 23 26 23 7 24 27 25 27 26 4 26 19 27 10 27 28 27 5 28 3 28 28 28 23 28 29 28 27 28 29 28 29 28 29      20000      70000 
1089	 676668	18 0 10 1 20 25 19 18 24 6 21 9 9 14 13 11 17 12 14 13 28 15 26 17 24 28 15 16 5 2 16 8 17 20 19 21 21 23 22 24 22 24 23 25 24 25 24 22 24 26 4 26 26 7 23 27 28 27 25 4 26 19 26 10 26 28 27 5 27 3 27 28 28 23 28 29 28 27 29 29 29 29 23 29      16667      73333 
1188	 594000	18 0 21 1 20 25 19 18 24 6 24 9 9 14 13 11 20 12 14 13 28 15 26 17 24 28 15 16 5 2 16 8 17 20 19 21 21 23 22 24 22 24 23 25 24 25 24 22 24 26 4 26 26 7 23 27 28 27 25 4 26 19 26 10 26 28 27 5 27 3 27 28 28 29 28 23 28 29 29 27 29 29 23 29      14000      72000 
1386	 524288	0 18 1 21 25 20 18 19 6 24 9 24 14 9 11 13 12 20 13 14 15 28 17 26 28 24 16 15 2 19 8 16 20 17 21 19 23 21 24 22 24 22 25 16 25 24 22 24 26 24 26 24 7 26 27 26 27 28 4 25 19 26 10 26 28 26 5 27 3 27 28 27 23 28 29 28 27 28 29 29 29 26 29 23      72000      12286 
1683	 168000	0 18 1 21 25 20 18 10 6 24 9 24 14 9 11 13 12 20 13 14 15 28 17 26 28 24 16 15 2 19 8 12 20 17 21 19 23 21 24 22 24 22 25 16 25 24 22 24 26 24 26 24 7 26 27 26 27 28 4 25 19 26 10 26 28 26 5 15 3 27 28 27 23 28 29 28 27 28 29 11 29 26 29 23      66000      16000 
2169	 165336	18 0 21 1 20 25 10 18 24 6 24 9 9 14 13 11 20 12 14 13 28 15 26 17 23 28 15 16 19 2 12 8 17 20 19 21 21 23 22 24 22 24 16 25 24 25 24 22 24 26 24 26 26 7 26 27 28 27 25 4 26 19 26 10 26 28 15 5 27 3 27 28 28 29 28 23 28 29 11 27 26 29 23 29      16334      66000 
2268	 121336	0 18 1 21 18 20 12 10 6 24 9 24 14 9 11 13 25 20 13 14 15 28 17 13 28 24 16 15 2 19 8 12 20 17 21 19 23 21 24 22 24 22 25 16 25 24 22 24 26 24 26 29 7 26 27 26 27 28 4 25 19 26 10 26 28 26 5 15 3 27 28 27 29 28 23 28 29 28 27 11 29 26 29 23      66000      16334 
2664	 120668	20 0 28 1 24 25 18 18 24 6 24 9 9 14 13 11 20 12 14 13 25 15 26 17 10 28 15 16 19 2 16 8 17 20 19 21 21 23 22 24 22 24 21 25 24 25 12 22 24 26 24 26 26 7 26 27 28 27 25 4 26 19 26 10 26 28 27 5 11 3 27 28 28 29 28 23 28 29 29 27 26 29 23 29      16334      66000 
0	2198000	0 2 1 7 3 8 4 9 5 11 21 12 6 12 8 12 9 12 10 12 10 13 11 14 13 14 13 15 18 15 18 15 19 17 22 17 24 19 16 19 24 19 24 20 4 20 5 21 26 22 26 23 27 23 27 23 27 24 27 24 27 25 28 25 28 25 28 25 28 26 28 26 16 26 29 27 29 28 29 28 29 29 29 29      63000      63000 
99	2148000	0 0 1 11 17 2 3 2 4 4 25 4 8 17 9 29 10 6 10 6 12 11 14 11 15 13 16 13 11 14 18 14 18 16 19 16 19 23 20 20 7 20 21 20 22 20 22 21 23 22 5 22 24 23 24 24 26 24 26 24 26 25 26 25 26 25 26 27 27 27 27 27 27 28 27 29 27 29 28 29 28 29 28 29      81000      42000 
198	1468000	25 0 1 7 1 9 2 9 0 10 3 10 4 21 5 13 5 22 24 14 6 15 5 15 6 16 8 17 12 18 25 19 12 19 13 20 14 20 25 22 16 27 17 23 18 24 20 24 21 26 23 26 23 26 11 26 24 26 24 27 25 27 4 28 7 28 26 27 11 29 0 29 27 29 28 29 28 29 28 29 28 29 28 29      63000      45000 
297	1104000	2 1 7 5 22 18 9 4 11 12 12 6 12 9 22 10 12 20 12 13 13 2 3 17 14 0 8 3 15 21 15 11 1 15 17 24 19 24 19 24 19 16 29 18 20 25 21 25 22 25 23 14 23 23 8 26 24 10 7 26 25 26 25 27 25 27 25 27 26 28 26 28 26 28 27 28 28 16 28 29 29 29 29 29      36000      63000 
495	1054670	0 0 25 3 7 1 11 5 12 5 28 17 13 7 14 8 15 8 18 10 3 11 16 13 27 4 19 23 20 2 21 16 22 17 25 18 6 19 8 20 24 21 25 22 25 23 25 24 25 24 4 24 26 14 4 25 27 27 27 9 27 26 27 26 27 26 28 26 28 26 28 15 28 28 29 6 29 12 29 29 29 29 29 28      26333      72000 
792	 947000	2 1 7 5 22 18 9 4 11 12 23 6 12 9 22 10 12 20 17 13 13 2 17 11 14 0 8 3 27 21 15 11 1 15 17 24 19 24 19 24 19 16 29 18 20 25 21 25 22 24 23 14 23 23 8 26 24 10 7 26 25 26 25 27 25 27 25 27 26 28 26 28 26 28 27 28 28 16 28 29 29 29 29 29      31500      63000 
891	 816000	22 0 12 14 25 1 26 19 10 6 4 3 27 4 27 15 11 5 14 7 22 29 28 8 15 9 28 23 22 10 20 13 20 16 28 12 21 17 22 20 22 21 22 18 22 23 22 2 23 11 24 24 24 24 25 25 13 24 26 19 26 25 26 25 26 26 26 26 27 28 27 27 27 27 27 28 28 28 28 29 28 29 29 29      11333      81000 
990	 710000	18 0 21 14 6 1 10 6 5 25 28 3 17 4 2 15 9 5 20 7 11 18 23 2 13 9 15 10 16 23 16 13 19 16 20 12 22 17 23 20 4 21 21 22 24 23 25 11 26 8 26 24 3 24 27 24 27 28 27 19 27 25 12 25 28 26 28 26 1 26 14 27 29 27 29 28 29 28 29 29 29 29 29 29      20000      70000 
1287	 685000	0 16 14 15 1 7 6 20 25 19 3 22 4 1 15 14 5 18 7 11 18 13 2 27 9 22 10 2 23 20 13 21 16 2 12 25 17 6 20 8 21 24 22 25 23 25 11 25 8 25 24 4 24 17 24 4 28 27 19 27 25 27 25 27 26 27 26 28 26 28 27 28 27 28 28 29 28 29 29 29 29 29 29 29      77500      12500 
1386	 598574	0 16 14 15 1 12 6 20 25 19 3 22 4 1 15 14 5 18 7 19 18 13 2 27 9 22 10 21 23 20 13 21 16 2 12 25 17 6 20 8 21 24 22 25 23 25 11 25 8 25 24 27 24 17 24 4 28 27 19 27 25 27 25 27 26 27 26 28 26 28 27 28 27 28 28 29 28 29 29 29 29 29 29 29      75000      11429 
1485	 578000	0 18 14 21 1 22 6 20 25 19 3 28 4 8 15 27 5 9 7 17 18 11 2 23 9 13 10 15 23 16 13 16 16 19 12 20 17 22 20 23 21 4 22 21 23 24 11 25 8 26 24 10 24 3 24 27 28 27 19 27 25 27 25 12 26 28 26 28 26 1 27 14 27 29 28 29 28 29 29 29 29 29 29 29      72000      14000 
1971	 510000	0 18 14 21 1 22 6 15 25 19 3 28 4 27 15 27 5 9 7 17 18 11 2 20 9 13 10 15 23 16 13 16 16 19 12 20 17 22 20 23 21 28 22 21 23 24 11 25 8 26 24 10 24 3 24 27 28 27 19 27 25 27 25 12 26 28 26 28 26 1 27 14 27 29 28 29 28 29 29 29 29 29 29 29      70000      15000 
0	2025000	0 23 1 5 2 26 5 7 6 8 7 9 10 9 11 11 4 13 12 15 13 8 13 15 14 16 16 17 18 17 19 22 19 19 20 19 21 20 22 20 3 21 23 23 24 24 24 24 24 24 25 25 25 25 27 25 27 26 28 26 28 26 28 26 29 26 29 27 29 27 29 28 29 28 29 28 29 28 29 28 29 28 29 28      81000      40500 
99	1317000	2 15 9 1 3 1 3 3 4 3 11 7 8 8 6 10 14 13 14 13 5 14 16 15 17 16 17 7 17 18 18 19 18 20 19 21 13 21 20 21 25 15 22 21 23 22 23 22 24 24 24 24 25 24 26 25 26 25 26 25 0 25 27 26 27 26 10 26 28 26 28 27 28 27 12 28 29 28 29 28 29 29 29 29      72000      31500 
297	1282000	2 15 9 1 7 1 3 3 4 3 11 7 8 8 6 10 14 13 14 13 5 14 16 15 1 16 17 7 17 29 18 19 18 20 19 21 13 21 20 21 25 15 22 21 23 22 23 22 24 24 24 24 25 24 26 25 26 25 26 25 0 25 27 26 27 26 10 26 28 26 28 27 28 27 12 28 29 28 29 28 29 29 29 29      75000      28500 
396	 904668	15 2 5 9 1 7 3 3 3 4 7 11 8 8 12 6 13 14 13 14 27 5 15 16 16 1 7 17 29 17 19 18 20 18 4 19 21 13 21 20 15 25 27 22 22 23 22 23 24 24 24 24 24 25 25 21 25 26 25 26 25 0 26 27 26 27 26 10 26 28 27 28 27 28 28 12 28 29 28 29 29 15 29 29      21333      72000 
495	 862000	2 15 7 1 21 1 3 3 4 12 11 7 8 8 6 2 14 13 14 1 5 14 16 15 15 16 17 24 17 29 18 19 18 20 19 27 13 21 20 27 25 15 22 21 23 22 23 22 24 24 24 24 25 24 9 25 26 25 26 25 0 25 27 26 27 26 10 26 28 26 28 27 28 27 12 28 29 28 29 28 29 29 29 29      72000      21333 
594	 846000	2 15 7 1 21 1 3 3 4 12 11 7 8 8 6 26 14 13 14 1 5 14 16 15 15 16 17 24 17 29 18 19 18 20 19 27 13 21 20 27 25 15 22 21 23 22 23 22 24 24 24 24 25 24 9 25 26 25 26 25 0 25 27 26 27 26 10 26 28 26 28 27 28 27 12 28 29 28 29 28 29 29 29 29      72000      18000 
693	 832668	27 2 1 9 22 7 24 3 17 4 7 11 8 8 10 6 13 14 13 14 14 5 27 16 16 1 7 17 29 19 18 18 20 18 21 19 21 13 21 20 15 25 21 22 12 23 22 23 24 24 24 24 24 25 25 21 25 26 25 26 25 0 26 27 26 27 26 10 26 28 27 28 27 28 28 12 28 29 28 29 29 15 29 29      21333      72000 
891	 778000	16 2 9 9 25 7 23 3 24 4 7 11 24 8 10 6 13 14 21 27 14 5 4 16 5 1 7 17 18 17 19 29 20 18 1 19 21 13 27 20 15 25 21 22 22 23 22 23 24 24 24 24 24 25 7 21 25 26 25 26 25 0 26 27 26 27 26 10 26 28 27 28 27 28 28 12 28 29 28 29 29 15 29 29      18000      72000 
990	 760000	2 2 9 7 7 21 3 3 4 4 11 11 8 8 6 6 24 27 14 14 24 5 16 26 1 15 17 17 25 12 18 1 25 18 19 19 13 13 20 20 25 25 22 22 23 23 23 23 24 24 24 24 25 25 21 9 26 26 26 26 0 0 27 27 27 27 10 10 28 28 28 28 28 28 12 12 29 29 29 16 15 29 29 29      25000      65000 
1089	 712400	15 2 27 9 6 7 24 3 17 4 27 11 8 8 24 6 7 14 13 21 14 5 27 16 16 1 25 15 29 17 20 18 20 18 21 19 21 13 21 20 15 25 21 22 22 23 22 23 24 24 24 24 24 25 25 26 25 26 25 26 25 0 11 27 26 27 26 10 26 28 27 28 27 28 28 12 28 29 28 29 29 29 29 19      17200      72000 
1188	 654000	24 2 24 7 28 1 3 3 28 4 18 11 20 8 0 6 13 14 16 26 14 5 12 16 19 15 24 17 17 21 19 25 20 18 7 19 21 13 27 20 15 25 21 22 22 23 22 23 24 24 24 24 24 25 4 9 25 26 25 26 25 0 9 27 26 27 26 10 26 28 27 28 27 28 28 12 28 29 28 29 29 27 29 29      12000      76000 
1386	 642000	2 19 7 29 1 1 3 8 4 18 11 7 28 28 6 20 14 13 26 24 5 14 17 15 15 16 16 24 21 29 25 19 18 20 19 17 13 21 20 27 25 15 22 21 23 22 23 22 24 24 24 24 25 24 9 25 26 25 26 25 0 25 27 26 27 26 10 26 8 26 28 27 28 27 12 28 29 28 29 28 27 29 29 29      72000      14000 
1485	 510000	20 2 9 7 24 4 24 3 21 1 11 11 8 28 19 6 24 14 14 26 24 5 16 16 28 15 17 17 28 21 18 25 29 18 19 19 13 13 20 20 22 25 22 22 23 23 23 23 24 24 24 24 25 25 21 9 26 26 26 26 2 0 27 27 27 27 10 10 28 8 28 28 28 28 12 12 29 29 29 29 15 27 29 29      15000      70000 
2169	 121600	2 20 7 9 1 24 3 24 4 21 11 11 28 29 6 19 14 14 26 14 5 24 17 16 15 28 16 17 21 28 25 18 18 29 19 19 13 13 20 20 25 22 22 22 23 16 23 23 24 24 24 24 25 25 9 21 26 26 26 26 0 24 27 27 27 27 10 10 8 28 28 28 28 28 12 12 29 29 29 29 27 15 29 29      66000      16400 
2268	 105600	20 2 9 7 24 1 24 3 21 4 11 11 29 28 19 6 24 14 24 26 25 5 16 17 28 15 17 16 28 21 18 25 29 18 19 19 13 13 20 20 22 25 22 22 13 23 23 23 24 24 24 24 25 25 21 9 26 26 26 26 14 0 27 27 27 27 10 10 28 8 28 28 28 28 12 12 29 29 29 29 15 27 29 29      16400      66000 
0	1619000	1 0 8 0 8 2 9 2 9 3 12 4 12 5 13 6 15 10 16 11 17 11 17 13 19 14 19 15 24 16 20 7 22 18 22 18 23 18 22 19 23 19 23 20 1 21 23 21 24 21 25 21 27 24 27 24 28 25 28 25 28 25 28 26 29 26 29 26 14 26 29 27 29 27 29 27 29 27 29 27 29 28 29 28      40500      72000 
99	1148000	24 1 0 8 22 8 2 9 3 9 4 12 5 12 6 13 10 15 11 16 11 17 13 17 14 19 15 19 16 24 7 20 18 22 18 17 18 23 19 22 28 23 20 23 10 1 21 23 21 24 21 25 24 27 24 27 25 28 25 28 25 28 26 28 26 29 26 29 26 14 27 29 27 29 27 29 27 29 27 29 28 29 28 29      63000      36000 
684	 672860	1 0 8 1 21 2 9 3 20 4 12 5 6 6 13 7 15 8 16 9 17 10 18 11 19 12 19 13 8 14 20 15 22 16 17 17 23 18 22 19 23 20 23 21 1 22 23 23 24 23 25 24 27 24 27 24 28 25 28 25 28 25 28 26 29 26 29 26 14 27 29 27 29 27 29 28 29 28 29 29 29 28 29 29      14286      75714 
882	 660000	0 18 1 8 2 20 3 7 4 29 5 28 6 12 7 13 8 15 9 16 10 9 11 21 12 19 13 19 14 24 15 20 16 22 17 17 18 23 19 22 20 23 21 23 22 1 23 23 23 24 24 25 24 27 24 27 25 28 25 28 25 9 26 28 26 29 26 29 27 14 27 29 27 29 28 29 28 29 29 29 28 29 29 29      77500      12500 
981	 555720	21 0 29 1 21 2 9 3 20 4 26 5 6 6 13 7 15 8 16 9 17 10 18 11 16 12 19 13 8 14 20 15 22 16 17 17 23 18 22 19 23 20 19 21 1 22 23 23 24 23 25 24 27 24 27 24 28 25 28 25 28 25 28 26 29 26 29 26 14 27 29 27 29 27 29 28 29 28 29 29 29 28 29 29      13572      72142 
1377	 505200	0 21 1 29 2 21 3 9 4 11 5 26 6 20 7 13 8 15 9 16 10 17 11 18 12 16 13 19 14 8 15 20 16 22 17 17 18 28 19 22 20 10 21 19 22 1 23 23 23 24 24 25 24 27 24 27 25 28 25 28 25 28 26 28 26 29 26 29 27 14 27 29 27 29 28 29 28 29 29 29 28 29 29 29      72000      13600 
1575	 154224	21 0 26 1 21 2 9 3 11 4 26 5 20 6 13 7 15 8 16 9 17 10 18 11 16 12 19 13 18 14 20 15 22 16 17 17 28 18 22 19 10 20 19 21 13 22 23 23 24 23 25 24 12 24 27 24 28 25 28 25 28 25 28 26 29 26 29 26 14 27 29 27 29 27 29 28 29 28 29 29 29 28 29 29      16444      66000 
2358	 105884	21 0 26 1 21 2 9 3 11 4 26 5 20 6 13 7 15 8 27 9 25 10 24 11 16 12 19 13 18 14 20 15 22 16 17 17 28 18 22 19 10 20 19 21 13 22 23 23 24 23 25 24 12 24 27 24 28 25 28 25 28 25 28 26 29 26 29 26 14 27 29 27 29 27 29 28 29 29 29 28 29 28 29 29      16471      65881 
0	2948000	2 0 2 0 4 1 4 1 5 3 5 7 6 13 7 13 8 14 9 14 10 17 12 20 12 20 15 20 15 22 11 22 16 22 17 23 18 23 19 23 19 23 20 24 21 24 21 24 24 25 24 25 24 25 24 25 24 25 26 25 26 27 26 27 26 27 26 28 26 28 27 28 28 28 28 29 29 29 29 29 29 29 29 29      81000      63000 
99	1775250	17 1 1 1 5 3 22 2 7 4 7 21 7 6 7 8 9 10 10 0 11 12 17 13 12 13 2 14 13 14 14 16 4 18 15 19 15 20 15 20 15 22 6 23 18 23 19 23 19 9 20 24 21 24 8 24 25 24 25 25 26 25 26 26 26 27 11 27 27 27 28 27 28 28 28 28 5 29 28 16 28 29 29 29      46125      68625 
198	1528000	0 1 3 8 2 2 7 2 5 2 18 4 9 5 27 6 7 27 23 6 10 4 13 6 4 14 16 14 16 15 26 18 21 18 17 19 11 19 19 20 20 21 12 22 22 22 22 22 24 23 24 23 24 25 14 25 25 25 25 26 25 26 1 26 15 26 28 26 28 27 29 27 8 27 29 27 29 28 29 28 29 28 29 28      81000      27000 
297	1272000	3 1 26 1 5 3 22 2 7 4 7 21 7 6 29 8 9 10 10 0 11 12 17 13 12 13 2 24 13 14 14 16 4 18 17 19 15 20 15 20 15 22 6 23 18 23 19 23 0 9 20 24 21 24 8 24 25 24 25 25 26 25 26 26 26 27 11 27 27 27 28 27 28 28 28 28 5 29 28 16 28 29 29 29      45000      58500 
495	1152000	1 19 21 14 2 21 3 7 4 10 6 10 7 12 8 11 9 18 10 14 5 16 20 17 12 19 13 15 13 20 13 21 15 21 16 22 17 23 18 24 11 24 19 24 29 24 22 25 22 25 23 25 23 26 24 26 25 27 25 27 9 27 0 27 26 1 14 28 26 28 6 2 26 29 27 29 27 29 28 29 28 29 28 29      63000      36000 
594	 805800	24 26 23 1 20 3 22 2 24 4 7 21 7 6 7 8 9 10 10 0 11 12 17 28 12 13 2 14 25 13 14 16 4 18 15 19 15 20 15 17 15 22 6 23 18 29 19 23 19 9 20 24 21 28 8 24 25 24 25 25 26 25 26 26 26 5 11 27 27 27 16 27 28 11 28 28 5 29 28 16 28 29 29 29      26800      63300 
891	 690000	24 26 23 1 20 3 22 2 25 4 7 21 7 6 7 8 9 10 10 0 11 12 17 28 12 13 21 14 25 13 14 26 4 18 15 19 15 20 15 17 15 22 6 23 18 29 19 23 19 9 20 24 21 28 8 24 25 24 25 25 26 25 26 26 26 5 3 27 27 27 16 27 28 11 28 28 5 29 28 16 28 29 29 29      22500      67500 
1089	 683334	24 26 23 1 20 3 22 2 25 4 7 21 7 6 7 8 9 10 10 0 11 12 17 28 2 13 21 14 25 13 14 26 4 18 15 19 15 20 15 17 15 22 6 23 18 29 19 23 19 9 20 24 21 28 8 24 25 24 25 25 12 25 26 26 26 5 3 27 27 27 16 27 28 11 28 28 5 29 28 16 28 29 29 29      23333      66667 
1188	 670000	24 26 23 1 20 3 22 2 25 4 24 21 7 6 7 8 9 10 10 0 11 12 17 28 12 13 27 14 25 13 14 26 4 18 15 19 15 20 15 17 15 22 21 23 18 29 19 23 19 9 20 24 21 28 8 24 25 24 25 25 26 25 26 26 7 5 3 27 27 27 16 27 28 11 28 28 5 29 28 16 28 29 29 29      23334      66666 
1674	 666000	26 8 10 21 11 2 12 3 28 4 13 6 14 7 26 1 26 9 15 10 16 5 16 20 17 12 17 27 18 23 18 13 19 15 19 16 20 17 20 18 21 11 21 19 22 29 22 22 23 29 23 14 24 23 24 24 24 25 25 25 25 24 25 0 26 27 26 25 26 26 27 24 27 26 27 29 28 27 28 28 29 28 29 28      12000      76000 
1872	 580000	8 9 21 10 2 11 3 12 4 26 6 13 7 14 1 14 9 15 10 15 5 29 20 16 12 17 27 17 23 18 13 26 15 19 16 19 17 20 18 20 11 21 19 21 29 22 22 22 29 23 14 23 23 24 24 28 25 24 25 25 24 25 0 25 27 26 25 26 26 26 24 27 26 27 29 27 27 28 28 28 28 29 28 29      70000      15000 
1971	 156000	8 26 21 10 2 11 3 12 4 28 6 13 7 14 1 26 9 26 10 15 5 16 20 16 12 17 27 17 23 18 13 28 15 19 16 19 17 20 18 20 11 21 19 21 29 22 22 22 29 23 14 9 23 29 24 24 25 24 25 25 24 25 0 29 27 26 25 26 26 26 24 27 26 27 29 27 27 28 28 28 28 29 28 29      66000      16500 
2169	 105600	8 26 21 10 2 11 3 12 4 28 6 13 7 14 1 28 9 26 10 15 5 16 20 16 12 26 27 17 23 18 13 28 15 19 16 19 17 20 18 20 11 21 19 21 29 22 22 22 29 23 14 9 23 29 24 24 25 24 25 25 24 25 0 29 27 26 25 26 26 26 24 27 26 27 29 29 27 28 28 28 28 29 28 29      66000      16400 
0	2570000	0 0 2 1 2 3 2 3 2 4 5 4 8 5 16 5 12 6 13 8 7 9 14 10 26 11 14 12 15 13 16 13 18 13 18 15 19 17 21 17 22 19 22 19 23 20 24 20 24 21 24 21 7 23 24 24 25 25 25 26 25 26 25 27 27 27 27 27 28 27 28 27 28 27 28 28 29 28 29 28 29 28 29 29      50000      85000 
99	1764500	5 19 5 0 1 2 11 3 6 4 10 5 12 6 12 7 13 19 13 8 14 9 2 10 16 11 16 12 17 13 17 13 18 13 3 13 20 14 20 15 21 15 21 18 22 22 23 23 24 9 4 23 25 24 25 24 25 24 25 24 26 24 26 25 27 25 27 25 27 25 27 26 28 26 1 29 29 28 29 28 29 28 29 28      51750      63000 
198	1434000	19 5 0 5 2 1 3 11 4 6 5 10 6 12 7 12 19 13 8 26 9 14 10 2 11 16 27 16 29 17 13 17 13 18 21 3 14 20 15 20 15 21 18 21 22 22 23 23 9 24 23 4 24 25 24 25 24 25 24 25 24 26 25 26 25 27 25 27 25 27 26 27 26 28 29 1 28 29 28 29 28 29 28 29      63000      45000 
396	1303000	2 1 0 4 10 5 25 19 12 7 12 7 7 15 14 11 14 11 14 13 1 13 5 19 16 15 28 3 5 16 8 17 20 18 21 18 23 19 23 20 24 21 24 21 3 22 4 22 26 22 26 23 26 24 10 24 6 24 9 25 27 25 9 25 28 25 28 26 28 26 17 27 29 27 29 27 29 27 29 27 29 28 29 29      63000      40500 
495	 960860	3 5 0 5 1 19 9 26 18 6 21 10 5 12 17 22 4 7 8 13 12 14 16 2 29 16 26 16 20 0 19 17 11 18 22 3 10 20 23 20 23 21 6 21 24 22 14 9 24 24 24 4 25 25 25 25 25 25 26 25 26 26 15 26 2 15 27 27 27 27 28 27 13 28 28 1 7 8 28 29 29 29 29 29      78429      16714 
594	 730000	3 21 0 1 1 3 9 18 18 6 21 7 5 8 17 9 4 22 8 19 12 14 16 14 29 15 26 16 20 13 19 20 11 23 22 24 10 24 23 2 23 25 6 25 24 10 14 26 24 17 24 27 25 27 25 27 25 27 26 27 26 12 15 28 2 28 27 28 27 4 28 11 13 5 28 29 7 29 28 29 29 29 29 29      70000      20000 
693	 698000	3 27 0 5 1 19 9 10 18 28 21 27 5 12 17 22 4 7 8 13 12 14 16 2 29 16 26 16 20 0 19 17 11 18 22 3 10 20 23 20 23 21 6 21 24 22 14 9 24 24 24 19 25 25 25 25 25 25 26 25 26 26 15 26 2 15 27 27 27 27 28 27 13 28 28 1 7 8 28 29 29 29 29 29      76000      12000 
990	 570000	27 3 28 0 19 1 10 9 28 18 27 21 12 5 22 17 28 4 13 8 14 12 27 16 16 29 16 26 0 20 17 19 18 11 3 22 20 10 20 23 21 23 21 6 22 24 9 14 24 24 19 24 25 25 25 25 25 25 25 26 26 26 26 15 15 2 27 27 27 27 27 28 28 13 1 28 11 7 29 28 29 29 29 29      15000      70000 
1476	 538000	3 27 0 28 1 19 9 10 18 28 21 27 5 12 17 21 13 11 8 13 12 14 16 2 26 29 29 16 20 29 19 17 11 18 22 28 10 20 23 20 23 22 6 21 24 22 14 9 24 24 4 19 25 25 25 28 25 25 26 25 26 26 15 26 2 15 27 27 27 27 28 27 24 28 28 1 7 8 28 29 29 29 29 29      70000      14000 
1575	 520000	27 3 28 0 19 1 10 9 28 18 27 21 12 5 22 17 28 13 13 8 29 12 27 16 16 26 16 29 28 20 17 19 18 11 3 22 20 10 20 23 21 23 21 6 22 24 9 14 24 24 19 4 14 25 25 25 25 25 25 26 26 26 26 15 15 2 27 27 27 27 27 28 28 24 1 28 11 7 29 28 29 29 29 29      15000      70000 
1674	 510000	27 3 28 0 19 1 10 9 28 18 27 21 12 5 22 17 28 13 13 8 29 12 27 16 16 26 16 29 14 20 17 19 18 11 24 22 20 10 20 23 21 23 21 6 22 24 9 14 24 24 19 4 14 25 13 25 25 25 25 26 26 26 26 15 15 2 27 27 27 27 27 28 28 24 1 28 11 7 29 28 29 29 29 29      15000      70000 
1773	 475716	3 27 0 28 1 19 9 10 18 28 21 27 5 12 17 21 4 11 8 13 12 14 16 23 29 29 26 16 20 29 19 17 11 18 22 28 10 20 23 20 23 22 6 21 24 22 14 9 24 24 24 19 25 25 25 28 25 27 26 25 26 26 15 26 2 15 27 27 27 27 28 27 13 28 28 13 7 8 28 29 29 29 29 29      67145      15713 
2367	 139200	3 27 0 28 1 19 9 10 18 28 21 27 5 12 17 16 13 28 8 13 12 29 16 27 26 16 29 22 20 14 19 17 11 18 22 24 10 20 23 20 23 21 6 21 24 22 14 9 24 24 4 19 25 14 25 13 25 25 26 25 26 26 15 29 2 15 27 27 27 27 28 27 24 28 28 23 7 11 28 29 29 29 29 29      66000      16400 
2466	 105600	3 27 0 28 1 19 9 10 18 28 21 15 5 12 17 21 13 11 8 27 12 14 16 23 26 29 29 16 20 29 19 17 11 18 22 28 10 20 23 20 23 22 6 21 24 22 14 9 24 24 4 19 25 25 25 28 25 27 26 25 26 26 15 26 2 15 27 27 27 27 28 27 24 28 28 13 7 24 28 29 29 29 29 29      66000      16400 
0	2564000	1 0 1 2 18 5 2 4 6 4 7 4 17 4 10 8 19 9 11 9 13 11 14 12 15 12 16 13 16 15 18 15 20 15 20 17 23 19 23 20 23 21 23 21 24 22 24 22 25 22 26 22 26 24 26 24 3 25 27 25 27 25 27 25 27 25 28 26 14 26 28 27 29 28 29 28 29 28 29 28 29 28 29 29      72000      63000 
99	1724000	7 0 5 1 11 2 0 2 10 2 10 7 8 12 3 4 14 6 13 6 22 8 15 14 2 21 28 18 16 18 17 18 9 18 19 20 23 20 23 22 21 23 24 23 24 23 25 23 25 24 25 25 26 25 26 25 26 26 27 26 27 26 27 27 28 27 1 27 20 27 6 27 29 28 4 28 29 28 29 28 29 29 12 29      93375      20250 
198	1410000	14 2 23 17 5 9 8 18 9 10 1 11 8 13 4 13 12 8 7 14 10 11 17 14 0 15 19 15 20 16 3 16 21 2 6 19 22 20 18 20 24 21 24 21 25 22 25 23 25 23 25 23 26 24 12 24 28 24 28 26 13 26 11 26 29 26 29 27 29 27 29 27 29 27 29 27 29 27 29 28 29 28 29 28      63000      42000 
297	1353200	7 9 5 0 11 4 0 1 18 5 10 9 8 9 3 22 14 14 13 14 22 22 15 11 2 16 28 17 16 17 17 12 9 18 19 18 23 19 23 19 21 20 24 3 24 8 25 23 25 29 25 24 26 24 26 25 26 25 27 25 27 25 27 26 28 26 1 26 20 27 6 27 29 15 4 28 29 28 29 28 29 28 12 28      90000      14400 
495	 734000	0 7 21 5 4 11 5 0 13 10 8 10 9 8 11 3 24 14 14 13 16 22 17 15 18 18 19 28 21 16 2 17 20 9 22 19 1 23 23 23 24 21 24 24 24 24 25 25 26 25 26 25 26 26 15 26 27 26 3 27 28 27 28 27 28 28 28 1 29 20 29 6 29 2 29 4 29 28 29 29 29 29 29 12      18000      72000 
693	 676668	0 7 21 5 4 11 24 0 13 17 8 10 9 8 20 3 24 14 14 13 16 22 19 15 18 18 19 28 21 16 2 17 20 9 22 19 1 23 23 23 24 21 24 24 24 24 25 25 12 25 26 25 26 26 15 26 27 26 3 27 28 27 28 27 28 28 28 1 29 20 29 6 29 2 29 4 29 28 29 29 29 29 29 12      16667      73333 
990	 582000	18 13 5 17 11 16 0 4 10 9 28 18 8 8 3 29 14 11 24 15 22 14 15 17 2 2 28 6 16 23 17 10 9 21 19 19 23 24 23 19 21 3 24 20 24 20 25 21 25 22 25 22 13 22 26 25 26 26 27 26 27 26 27 26 28 26 1 10 20 27 6 28 7 28 4 28 29 28 29 29 29 29 12 29      72000      14000 
1575	 554000	13 18 21 5 16 11 26 0 9 10 18 28 8 8 29 3 26 14 15 24 1 22 17 15 17 2 6 28 23 16 10 17 0 9 19 19 24 23 19 23 3 21 20 24 20 24 21 25 22 25 14 25 22 13 25 26 12 26 26 27 26 27 26 27 26 28 10 1 27 20 28 6 28 7 28 4 28 29 29 29 29 29 29 12      14000      72000 
1674	 500000	24 13 5 24 11 16 0 13 28 9 10 18 8 26 3 29 14 11 18 15 22 14 15 17 2 17 28 6 16 23 17 29 9 21 19 19 23 24 23 19 21 3 24 20 24 20 25 21 25 12 25 22 13 22 26 25 26 26 27 26 27 26 27 26 28 26 1 10 20 27 6 28 7 28 4 28 29 28 29 29 29 29 12 29      70000      15000 
1872	 490000	13 18 24 5 16 11 13 0 9 10 18 28 26 8 29 3 11 14 15 24 14 22 17 15 28 2 6 28 23 16 29 17 21 9 19 19 24 23 19 23 3 21 20 24 20 24 21 25 12 25 22 25 22 13 25 26 26 26 26 27 26 27 26 27 26 28 10 1 27 20 28 6 28 7 28 4 28 29 29 29 29 29 29 12      15000      70000 
2169	 137600	13 18 17 5 16 11 13 0 9 10 18 28 26 8 29 3 11 14 15 24 14 22 17 15 28 2 16 28 23 16 29 17 21 9 19 19 24 23 19 23 25 21 20 24 20 24 21 25 12 25 22 25 22 13 25 26 26 26 26 27 26 27 26 27 26 28 10 1 27 20 28 6 28 7 28 4 28 29 29 29 29 29 29 12      16400      66000 
2268	 105600	18 13 5 27 11 16 0 13 10 9 28 18 8 26 3 29 14 11 24 15 22 14 15 17 2 28 28 24 16 23 17 29 9 21 19 19 23 24 23 19 21 25 24 20 24 20 25 21 25 12 25 22 13 22 26 25 26 26 27 26 27 26 27 26 28 26 1 10 20 27 6 28 7 28 4 28 29 28 29 29 29 29 12 29      66000      16400 