
0	 615960	1 0 0 1 0 0 1 0 0 1 0 0 1 0 0 1 0 0 1 0 0 1 0 0 1 0 0 1 1 0 1 1 0 1 1 0 1 1 0 1 2 0 1 2 0 1 2 0 1 2 0 1 2 0 1 2 0 1 2 0 1 2 0 1 2 0 1 2 0 2 2 0 3 3 6 3 3 1 3 3 2 3 3 6 4 2 4 1 2 23      63000      13500       8260 
297	 602004	1 0 0 1 0 0 1 0 0 1 0 0 1 0 0 1 0 0 1 0 0 1 0 0 1 0 0 1 0 1 1 0 1 1 0 1 1 0 1 1 0 1 1 0 2 1 0 2 1 0 2 1 0 2 1 0 2 1 0 2 1 0 2 1 0 3 1 0 2 2 0 2 2 6 3 3 1 3 3 2 3 3 6 3 4 4 2 2 23 2      69996       5666      11004 
495	 227000	0 1 0 0 1 0 0 1 0 0 1 0 0 1 0 0 1 0 0 1 1 0 1 0 0 1 0 1 1 0 1 1 0 1 1 0 1 1 0 1 1 0 1 1 0 2 1 0 2 1 0 2 1 0 2 1 0 2 1 0 2 1 0 2 1 1 2 1 0 2 2 0 3 3 1 4 2 5 3 3 4 4 2 7 2 4 5 2 3 18      16250      64750       2500 
990	 122002	0 1 1 0 1 1 0 1 1 1 1 0 0 1 1 0 1 1 0 1 1 0 1 1 0 1 1 1 1 1 1 1 1 1 1 1 1 1 1 1 1 1 1 1 1 1 1 1 2 1 0 2 1 1 2 1 1 2 1 1 2 1 1 2 0 4 2 1 1 1 2 2 2 4 0 3 3 1 4 3 1 4 3 1 3 4 2 3 1 11      16333      49500      16500 
2961	 116000	0 1 1 0 1 1 0 1 1 0 1 1 0 0 1 0 0 1 0 0 1 0 0 1 0 0 1 1 1 1 1 1 1 1 1 1 1 1 1 1 1 1 1 1 1 1 1 1 1 1 1 1 1 1 1 1 1 2 2 1 2 4 1 2 2 1 2 2 1 1 2 2 2 1 3 2 3 3 2 3 3 2 3 3 1 3 4 14 3 1      16000          0      66000 
3456	 109336	1 0 0 1 0 0 1 1 0 1 0 0 1 0 0 1 1 0 1 1 0 1 1 0 1 0 0 1 1 1 1 1 1 1 1 1 1 1 1 1 1 1 1 1 1 1 1 1 1 1 1 1 1 1 1 1 1 1 2 2 1 2 2 1 2 2 1 2 2 2 1 1 3 3 2 3 5 2 3 2 2 3 5 2 4 2 1 1 2 14      65996        840      15166 
4050	 108000	1 0 0 1 0 0 1 0 1 1 0 0 1 0 0 1 0 0 1 0 1 1 0 0 1 0 0 1 1 1 1 1 1 1 1 1 1 1 1 1 1 1 1 1 1 1 1 1 1 1 1 1 1 2 1 1 1 1 2 2 1 2 2 1 2 2 1 2 2 2 1 1 3 2 1 3 2 2 3 2 1 3 2 2 4 1 1 1 14 13      66000      12000       4000 
4446	 105000	0 1 0 0 1 0 1 1 0 0 1 0 0 1 0 1 1 0 1 1 0 1 1 0 0 1 0 1 1 1 1 1 1 1 1 1 1 1 1 1 1 1 1 1 1 2 1 1 1 1 1 1 1 1 1 1 1 2 1 2 2 1 2 2 1 2 2 1 2 1 2 1 2 3 2 5 3 2 2 3 2 5 3 2 2 4 1 2 1 14       2500      65000      15000 
4743	 100000	0 0 1 0 0 1 1 0 1 1 0 1 1 0 1 0 0 1 1 0 1 0 0 1 1 0 1 1 1 1 1 1 1 1 1 1 1 1 1 1 1 1 1 1 1 1 1 1 1 1 1 1 1 1 1 1 1 2 2 1 2 2 1 2 2 1 1 2 1 1 1 2 1 2 3 1 2 3 2 2 3 2 2 3 1 1 4 12 14 1       4000      12000      66000 
5535	  94158	0 0 1 0 0 1 1 0 1 1 0 1 1 0 1 1 0 1 1 0 1 0 0 1 1 0 1 1 1 1 1 1 1 1 1 1 1 1 1 1 1 1 1 1 1 1 1 1 1 1 1 1 1 1 1 1 1 1 3 1 2 2 1 2 2 1 1 2 1 1 1 2 1 2 3 1 2 3 2 2 3 2 2 3 1 1 4 12 13 1       4000      12769      66000 
6030	  92572	0 1 0 0 1 0 1 1 0 1 1 0 1 1 0 1 1 0 1 1 0 1 1 0 1 1 0 1 1 1 1 1 1 1 1 1 1 1 1 1 1 1 1 1 1 1 1 1 1 1 1 1 1 1 1 1 1 1 1 2 2 1 2 1 1 2 2 1 2 1 2 1 1 3 2 1 3 2 2 3 2 2 3 2 1 4 1 11 1 14       4000      66000      12143 
6228	  82860	1 0 0 1 0 0 1 1 0 1 1 0 1 1 0 1 1 0 1 1 0 1 1 0 1 1 0 1 1 1 1 1 1 1 1 1 1 1 1 1 1 1 1 1 1 1 1 1 1 1 2 1 1 1 1 1 1 1 1 2 1 2 2 1 1 2 1 2 2 2 1 1 3 1 2 3 1 2 3 2 2 3 2 2 4 1 1 1 11 13      65718       4282      12860 
6624	  58750	0 1 0 0 1 0 0 1 1 0 1 1 0 1 1 0 1 1 0 1 1 0 1 1 0 1 1 1 1 0 1 1 1 1 1 0 1 1 0 1 1 2 1 1 2 1 1 2 1 1 1 1 1 2 1 1 1 2 1 2 3 1 0 2 1 2 2 1 2 1 2 1 2 3 1 2 3 1 2 3 2 2 3 2 1 4 1 13 1 10      13125      65625       4375 
7119	  57500	0 1 0 0 1 0 1 1 0 1 1 0 1 1 0 1 1 0 1 1 0 1 1 0 1 1 0 0 1 1 1 1 1 0 1 1 0 1 1 2 1 1 2 1 1 2 1 1 1 1 1 2 1 1 2 1 1 1 1 2 0 1 3 2 1 2 2 1 2 1 2 1 1 3 2 1 3 2 2 3 2 2 3 2 1 4 1 10 1 13       4375      65625      13125 
7614	  48320	1 0 0 1 0 0 1 1 0 1 1 0 1 1 0 1 1 0 1 1 0 1 1 0 1 1 0 1 0 1 1 0 1 1 0 1 1 0 1 1 2 1 1 2 1 1 3 1 1 2 1 1 2 1 1 2 1 1 1 2 1 0 3 1 2 2 1 2 2 2 1 1 3 1 2 3 1 2 3 1 2 3 2 2 4 1 1 1 10 13      66000       4000      13384 
7911	  47080	1 0 0 1 0 0 1 1 0 1 1 0 1 1 0 1 1 0 1 1 0 1 1 0 1 1 0 1 0 1 1 0 1 1 0 1 1 0 1 1 2 1 1 2 1 1 2 1 1 2 1 1 2 1 1 2 1 1 2 2 1 0 3 1 2 2 1 2 2 2 1 1 3 1 2 3 1 2 3 1 2 3 2 2 4 1 1 1 10 13      66000       4000      13385 
8604	  45544	1 0 0 1 0 0 1 0 1 1 0 1 1 0 1 1 0 1 1 0 1 1 0 1 1 0 1 1 1 0 1 1 0 1 1 0 1 1 0 1 1 2 1 1 2 1 1 2 1 1 3 1 1 2 1 1 2 1 2 2 1 2 2 1 2 2 1 2 2 2 2 0 3 2 1 3 2 1 3 2 1 3 2 1 4 1 1 1 13 9      66000      13692       4000 
10782	  44310	0 1 0 0 1 0 1 1 0 1 1 0 1 1 0 2 1 0 1 1 0 1 1 0 1 1 0 0 1 1 0 1 1 0 1 1 0 1 1 2 1 1 2 1 1 2 1 1 0 1 2 2 1 1 2 1 1 2 1 2 2 1 2 2 1 2 2 1 2 1 2 1 1 3 2 1 3 2 1 3 2 1 3 2 1 4 1 10 1 13       4000      66000      13385 
10980	  43088	0 1 0 0 1 0 0 1 1 0 1 1 0 1 1 0 1 1 0 1 1 0 1 1 0 1 1 1 1 0 1 1 0 1 1 1 1 1 0 1 1 2 1 1 2 1 1 2 2 1 0 1 1 2 1 1 2 2 1 2 2 1 2 2 1 2 2 1 2 1 2 1 2 3 1 2 3 1 2 3 1 2 3 1 1 4 1 13 1 10      13384      66000       4000 
13059	  39088	0 1 0 0 1 0 0 1 1 0 1 1 0 1 1 0 1 1 0 1 1 0 1 1 0 1 1 1 1 0 1 1 0 1 1 0 1 1 0 1 1 2 1 1 3 2 1 0 1 1 2 1 1 2 1 1 2 2 1 2 2 1 2 2 1 2 2 1 2 1 2 1 2 3 1 2 3 1 2 3 1 2 3 1 1 4 1 13 1 10      13384      66000       4000 
0	 649000	1 0 0 1 0 0 1 0 0 1 0 0 1 0 0 1 0 0 1 0 0 1 0 0 1 0 0 1 1 0 1 1 0 1 1 0 1 1 0 1 2 0 1 2 0 1 2 0 1 2 0 1 2 0 1 2 0 1 2 0 1 2 0 1 2 0 1 2 0 2 2 0 3 3 4 3 3 6 3 3 6 3 3 4 4 2 1 1 2 21      63000      13500       7715 
99	 630730	1 1 0 1 1 0 1 0 0 1 0 0 1 1 0 1 0 0 1 1 0 1 0 0 1 1 0 1 0 1 1 1 1 1 0 1 1 1 1 1 1 2 1 1 2 1 1 2 1 2 2 1 1 2 1 1 2 1 2 2 1 1 2 1 1 2 1 3 2 2 2 2 3 2 3 3 1 3 3 1 3 3 2 3 4 1 2 1 12 2      68724      14727       3276 
198	 550000	0 1 0 0 1 0 0 1 0 1 1 0 0 1 0 0 1 0 0 1 0 0 1 0 0 1 0 1 1 0 1 1 0 1 1 0 1 1 0 2 1 0 1 1 0 2 1 0 2 1 0 2 1 0 2 1 0 2 1 0 2 1 0 2 1 0 2 1 0 1 2 0 3 3 5 2 3 5 2 3 4 3 3 2 2 3 9 5 2 17      11000      70000       5000 
495	 548086	1 0 1 1 1 1 0 1 1 1 0 1 1 0 1 1 0 1 1 1 1 1 0 1 0 1 1 1 0 1 1 0 1 0 1 1 1 1 1 1 1 1 0 2 1 1 1 1 4 1 1 1 1 1 0 2 1 2 1 1 0 3 1 2 3 1 3 1 1 1 2 2 2 1 3 1 1 3 3 1 3 3 1 3 0 1 4 8 13 1       6986      12192      65617 
693	 489540	1 1 0 1 1 0 1 1 0 0 1 1 0 1 0 1 1 0 1 1 0 1 1 0 0 1 0 1 1 1 0 1 1 0 1 1 1 1 1 0 1 2 1 1 1 1 1 2 1 1 2 1 1 2 1 1 2 1 1 2 1 1 2 1 1 2 1 1 2 1 2 1 1 3 3 1 3 2 2 3 2 1 3 3 1 4 2 18 1 5       8808      63000      11691 
792	 211000	1 0 1 1 0 1 1 0 1 0 1 1 1 0 1 1 0 1 1 0 1 0 1 1 1 0 1 0 1 1 1 1 1 1 1 1 1 1 1 1 1 1 1 1 1 1 1 1 1 2 1 1 2 1 1 2 1 2 2 1 1 2 1 1 2 1 2 2 1 1 2 2 2 3 3 1 2 3 2 2 3 2 3 3 1 2 4 11 5 1      10500      16500      55500 
1188	 193000	0 1 1 0 1 1 0 1 1 1 0 1 0 1 1 0 1 1 0 1 1 1 0 1 0 1 1 1 0 1 1 1 1 1 1 1 1 1 1 1 1 1 2 1 1 1 1 1 1 1 1 1 1 1 2 1 1 2 2 1 2 1 1 2 1 1 2 2 1 2 1 2 3 2 3 3 1 3 2 2 3 3 2 3 2 1 4 5 11 1      16500      10500      55500 
1584	 180000	0 1 0 0 1 1 0 1 1 1 1 0 0 1 1 0 1 1 0 1 1 0 1 1 0 1 1 1 1 0 1 1 0 1 1 1 1 1 1 1 1 1 2 1 1 1 1 1 1 1 1 1 1 1 2 1 1 2 1 1 2 1 2 2 1 2 2 1 2 1 2 2 4 3 1 3 3 1 3 3 1 3 3 1 2 4 1 5 1 13      16500      57250       8750 
1782	 175000	0 1 1 0 1 1 0 1 1 1 0 1 0 1 1 0 1 1 0 1 1 1 0 1 0 1 1 1 0 1 1 1 1 1 1 1 1 1 1 1 1 1 2 1 1 1 1 1 1 1 1 1 1 1 1 1 1 2 2 1 2 1 1 2 1 1 2 2 1 2 1 2 3 2 3 3 1 3 2 2 3 3 2 3 2 1 4 6 11 1      16500      10500      55500 
2079	 166000	0 1 1 0 1 1 0 1 1 1 0 1 0 1 1 0 1 1 0 1 1 0 1 1 0 1 1 1 1 1 1 0 1 1 1 1 1 1 1 1 1 1 1 1 1 1 1 1 1 1 1 1 1 1 2 1 1 2 1 1 2 1 1 2 1 1 2 1 1 2 2 2 3 1 3 3 1 3 4 1 3 3 2 3 2 1 4 5 13 1      16500      10500      55500 
2277	 158322	1 0 1 1 0 1 1 0 1 0 1 1 1 0 1 1 0 1 1 0 1 1 0 1 1 0 1 1 1 1 1 1 1 1 1 1 1 1 1 1 1 1 1 1 1 1 1 1 1 1 1 1 1 1 1 1 1 1 2 1 1 2 1 2 2 1 1 2 1 1 2 2 1 4 3 1 4 3 1 3 3 1 3 3 1 2 4 13 5 1      10947      16526      55053 
2376	 156504	1 0 1 1 0 1 1 0 1 1 1 0 1 0 1 1 0 1 1 0 1 1 0 1 1 0 1 1 1 1 1 1 1 1 1 1 1 1 1 1 1 1 1 2 1 1 1 1 1 1 1 1 1 1 1 1 1 1 2 1 1 2 1 1 1 2 1 2 1 2 2 1 3 4 1 3 4 1 3 3 1 3 3 1 4 2 1 1 5 13      55042      16500      10958 
2475	 142500	1 1 0 1 1 0 1 1 0 0 1 1 1 1 0 1 1 0 1 1 0 1 1 0 1 1 0 1 1 1 1 1 1 1 1 1 1 1 1 1 1 1 2 1 1 1 1 1 1 1 1 1 1 1 1 1 1 1 1 2 1 1 2 1 1 2 1 1 2 1 2 2 1 3 4 1 3 4 1 3 3 1 3 3 1 4 2 13 1 5      10750      55250      17000 
2673	 118832	1 1 0 1 1 0 1 1 0 1 0 1 1 1 0 1 1 0 1 1 0 1 1 0 1 0 1 1 0 1 1 0 1 1 1 1 1 1 1 1 2 1 1 1 1 1 1 1 1 1 1 1 1 1 1 0 2 1 1 2 1 1 2 1 1 2 1 2 2 2 2 1 3 1 3 3 1 3 3 2 3 3 1 3 4 1 2 1 14 6      57176       8823      16550 
3564	  89088	1 0 1 0 0 1 1 0 1 0 1 1 1 0 1 1 0 1 1 0 1 2 0 1 1 0 1 1 1 1 1 1 1 1 1 1 1 1 1 1 1 1 1 1 1 0 2 1 1 1 1 2 1 1 1 1 1 1 2 1 1 2 1 1 2 1 1 2 1 1 2 2 1 3 3 1 3 3 1 3 3 1 3 3 2 2 4 13 6 1       9375      16917      56625 
5148	  82922	1 1 0 1 0 0 1 1 0 1 0 1 1 1 0 1 1 0 1 1 0 1 1 0 1 1 0 1 1 1 1 1 1 1 1 1 1 1 1 1 2 1 1 1 1 1 0 2 1 1 1 1 2 1 1 1 1 1 1 2 1 1 2 1 1 2 1 1 2 2 1 2 3 1 3 3 1 3 3 1 3 3 1 3 4 2 2 1 13 6      56625       9375      16917 
5346	  70006	0 0 1 0 0 1 0 1 1 1 0 1 0 1 1 0 1 1 0 1 1 0 1 1 0 1 1 1 1 1 1 1 1 1 1 1 1 1 1 1 1 1 1 2 1 1 2 1 1 1 1 1 2 1 1 1 1 2 1 1 2 1 1 2 1 1 2 1 1 2 0 2 3 1 3 3 1 3 3 1 3 3 1 3 2 2 4 7 13 1      13438       9687      60000 
5742	  68512	0 0 1 0 0 1 1 0 1 0 1 1 1 0 1 1 0 1 1 0 1 1 0 1 1 0 1 1 1 1 1 1 1 1 1 1 1 1 1 2 1 1 2 1 1 2 1 1 2 1 1 1 1 1 1 1 1 1 2 1 1 2 1 1 2 1 1 2 1 0 2 2 1 3 3 1 3 3 1 3 3 1 3 3 2 2 4 12 7 1      10424      13620      59572 
6732	  62504	0 0 1 0 0 1 0 1 1 1 0 1 0 1 1 0 1 1 0 1 1 0 1 1 0 1 1 1 1 1 1 1 1 1 1 1 1 0 1 2 0 1 1 2 1 1 2 1 1 2 1 1 1 1 1 2 1 2 1 1 2 1 1 2 1 1 2 1 1 1 2 2 3 1 3 3 1 3 3 1 3 3 1 3 2 1 4 7 13 1      13438       9687      60000 
13428	  61894	0 1 0 0 1 0 0 1 1 1 1 0 0 1 1 0 1 1 0 1 1 0 1 1 0 1 1 1 1 1 1 1 1 1 1 0 1 1 0 2 1 0 1 1 2 1 1 2 1 1 2 1 1 2 1 1 2 2 1 1 2 1 1 2 1 1 2 1 1 1 2 2 3 3 1 3 3 1 3 3 1 3 3 1 2 4 1 7 1 13      13437      60000       9687 
13626	  45716	0 1 0 0 1 0 0 1 1 0 1 1 0 1 1 0 1 1 0 1 1 0 1 1 0 1 1 1 1 0 1 1 0 1 1 0 1 1 0 1 1 2 2 1 0 1 1 3 1 1 2 1 1 2 1 1 2 2 1 1 2 1 2 2 1 2 2 1 2 1 2 1 2 3 1 3 3 0 2 3 1 2 3 1 6 3 0 7 2 13      13714      66000       4000 
0	 106094	1 0 0 1 0 0 1 0 0 1 0 0 1 1 0 1 0 0 1 0 0 1 0 0 1 0 0 1 1 0 1 1 0 1 1 0 1 1 0 1 2 0 1 2 0 1 2 0 1 2 0 1 2 0 1 2 0 1 3 0 1 3 0 1 3 0 1 3 0 2 2 0 3 2 3 3 1 4 2 4 7 3 1 6 4 1 2 2 2 20      63914      13043       6304 
1089	  93688	0 1 0 0 1 0 0 1 0 1 1 0 0 1 1 0 1 0 0 1 0 0 1 0 0 1 0 0 1 1 0 1 1 0 1 1 0 1 1 0 1 2 0 1 2 0 1 2 0 1 2 0 1 2 0 1 2 0 1 3 0 1 3 0 1 3 0 1 3 0 2 2 3 3 2 4 3 1 7 2 4 5 3 1 2 4 1 20 2 2       6316      63684      13158 
1485	  88428	0 1 0 0 1 0 1 1 0 0 1 1 1 1 0 0 1 1 0 1 1 0 1 0 0 1 0 2 1 0 1 1 0 1 1 0 1 1 0 2 1 0 2 1 0 2 1 0 2 1 0 2 1 0 2 1 0 3 1 0 3 1 0 3 1 0 3 1 0 2 2 0 1 3 3 1 3 3 5 2 7 0 3 5 0 4 2 2 2 19      11000      66000       6631 
1683	  66756	1 0 0 1 0 0 1 0 1 1 0 1 1 1 0 1 0 1 1 0 1 1 0 1 1 0 1 1 1 1 1 1 0 1 1 0 1 1 0 1 1 1 1 2 0 1 2 0 1 2 1 1 2 0 1 2 0 1 3 0 1 3 0 1 3 0 1 2 1 2 1 1 3 2 2 3 3 1 2 4 7 3 2 2 4 1 2 2 2 17      62988      12982       7533 
6210	  50594	0 1 0 0 1 0 1 1 0 1 1 0 1 1 0 1 1 0 1 1 0 1 1 0 1 1 0 1 1 1 1 1 1 1 1 1 1 1 1 1 1 1 2 1 1 2 1 1 2 1 1 0 1 2 2 1 1 1 1 2 1 1 2 1 1 2 1 1 2 2 2 1 2 3 2 2 3 2 3 2 6 2 3 2 4 3 5 3 3 5       6471      62941      14117 
8685	  45456	1 0 0 1 0 0 1 2 0 1 1 0 1 1 0 1 1 0 1 1 0 1 1 0 1 1 0 1 1 1 1 0 1 1 0 1 1 1 1 1 2 1 1 2 1 1 2 1 1 2 1 1 0 2 1 2 1 1 1 2 1 1 2 1 2 2 1 1 2 2 2 1 3 2 2 3 2 2 2 3 6 3 2 2 3 3 5 3 3 5      62728       6364      14544 
9675	  42388	1 0 0 1 0 0 1 1 0 1 1 0 1 1 0 1 1 0 1 1 0 1 1 0 1 1 0 1 1 1 1 0 1 1 0 1 1 1 1 1 2 1 1 2 1 1 2 1 1 2 1 1 0 2 1 2 1 1 2 2 1 1 2 1 2 2 1 1 2 2 2 1 3 2 2 3 2 2 2 3 6 3 2 2 3 3 5 3 3 5      62941       6470      14117 
0	 665200	1 0 0 1 0 0 1 0 0 1 0 0 1 0 0 1 0 0 1 0 0 1 0 0 1 0 0 1 1 0 1 1 0 1 1 0 1 1 0 1 2 0 1 2 0 1 2 0 1 2 0 1 2 0 1 2 0 1 2 0 1 2 0 1 2 0 1 2 0 2 2 0 3 3 9 3 3 4 3 3 2 3 3 2 4 2 5 1 2 20      63000      13500       8100 
297	 623200	1 0 0 1 0 0 1 0 0 1 0 0 1 0 0 1 0 1 1 0 1 1 0 0 1 1 0 1 1 0 1 1 0 1 1 0 1 1 0 1 2 0 1 2 0 1 2 0 1 2 0 1 2 1 1 2 0 1 2 0 1 2 0 1 2 0 1 2 0 2 2 0 3 2 9 3 3 3 3 3 1 3 3 2 4 2 4 1 2 20      63000      13500       8100 
495	 618000	1 0 0 1 0 0 1 1 1 1 1 1 1 1 1 1 1 0 1 1 1 1 0 0 1 0 0 1 1 1 1 0 1 1 1 1 1 1 1 1 1 1 1 2 2 1 1 2 1 1 1 1 3 1 1 0 1 1 1 2 1 3 1 1 1 2 1 2 1 2 2 2 3 2 2 3 2 3 3 1 1 3 2 2 4 2 1 1 8 9      63000       4500      18000 
594	 528556	0 0 1 1 0 1 1 0 1 1 1 1 1 0 1 1 0 1 1 0 1 0 1 1 0 0 1 0 1 1 0 1 1 0 1 1 0 1 1 1 1 1 0 2 1 1 1 1 0 2 1 1 2 1 0 1 1 0 2 1 1 2 1 0 2 1 0 2 1 0 2 2 6 4 2 3 2 3 1 3 3 2 3 3 2 1 4 18 4 2       4586      17724      63276 
693	 120000	0 0 1 0 0 1 1 0 1 1 0 1 1 0 1 1 0 1 1 0 1 1 0 1 0 1 1 1 0 1 1 1 1 1 1 1 1 1 1 1 1 1 1 1 1 1 1 1 1 2 1 1 2 1 1 2 1 2 1 1 1 3 1 2 2 1 1 2 1 1 2 2 2 3 3 3 1 3 2 3 3 2 3 3 1 4 4 9 5 1      18181       9091      55455 
1980	 112914	0 1 1 0 1 1 1 0 1 1 0 1 1 0 1 1 0 1 1 0 1 1 0 1 0 2 1 1 1 1 1 1 1 1 1 1 1 1 1 1 2 1 1 1 1 1 2 1 1 1 1 1 1 1 1 1 1 1 2 1 1 2 1 1 3 1 1 2 1 1 1 2 2 3 3 3 1 3 2 3 3 2 3 3 3 1 4 9 5 1      19114      11013      52911 
2277	 110528	1 0 1 1 0 1 0 1 1 0 1 1 0 1 1 0 1 1 0 1 1 1 0 1 2 0 1 1 1 1 1 1 1 1 1 1 1 1 1 2 1 1 1 1 1 1 1 1 1 1 1 1 1 1 1 1 1 3 1 1 2 1 1 2 1 1 2 1 1 2 1 2 3 2 3 2 3 3 3 2 3 3 2 3 2 3 4 2 10 1      13316      20368      49684 
2772	 110004	1 1 0 1 1 0 1 1 0 1 0 1 1 0 1 1 0 1 1 0 1 1 1 0 1 1 0 1 1 1 1 1 1 1 1 1 1 1 1 1 1 1 1 1 1 1 1 1 1 1 1 1 1 1 1 1 1 1 1 2 1 2 1 1 2 1 1 3 1 2 2 1 3 3 2 3 2 3 3 3 2 3 3 2 4 1 3 1 5 10      53438      12188      16562 
3069	 105534	1 1 0 1 1 0 1 0 1 1 0 1 1 0 1 1 0 1 1 0 1 1 0 1 1 1 0 1 0 1 1 1 1 1 1 1 1 1 1 1 1 1 1 1 1 1 1 1 1 1 1 1 2 1 1 2 1 1 1 2 1 3 1 1 1 2 1 2 1 2 2 1 3 3 2 3 1 3 3 3 2 3 3 2 4 4 1 1 5 9      52896      11034      19103 
3366	 102760	1 0 1 1 0 1 1 1 0 1 1 0 1 1 0 1 1 0 1 1 0 1 1 0 1 0 1 1 1 1 1 1 1 1 1 1 1 1 1 1 1 2 1 1 2 1 1 2 1 1 1 1 1 1 1 1 1 1 1 2 1 1 2 1 1 2 1 1 2 2 2 1 3 1 4 3 3 1 3 2 3 3 2 3 4 3 1 1 9 5      51725      18275      12760 
3663	 102500	0 0 1 0 0 1 0 1 1 0 1 1 0 1 1 0 1 1 0 1 1 1 0 1 1 0 1 1 1 1 1 1 1 1 1 1 1 1 1 1 1 1 1 2 1 1 1 1 2 1 1 1 1 1 2 1 1 2 1 1 2 1 1 2 1 1 2 1 1 2 1 2 4 1 3 2 3 3 2 2 3 2 2 3 1 3 4 7 10 1      13125      13125      56875 
4455	  71432	0 0 1 0 0 1 1 0 1 1 0 1 1 0 1 1 0 1 1 0 1 0 1 1 0 1 1 1 1 1 1 1 1 1 1 1 1 1 1 1 1 1 2 1 1 1 1 1 2 1 1 0 2 1 2 1 1 1 2 1 1 2 1 1 2 1 1 2 1 0 2 2 2 6 2 3 2 3 2 2 3 2 2 3 3 1 4 9 6 2       7143      15714      60715 
5445	  70616	1 0 0 1 0 0 1 1 0 1 1 0 1 1 0 1 1 0 1 1 0 1 0 1 1 0 1 1 0 1 1 1 1 1 1 1 1 1 1 1 2 1 1 2 1 1 2 1 1 0 2 1 1 1 1 1 1 1 1 2 1 1 2 1 1 2 1 1 2 2 1 2 2 3 6 3 2 2 3 2 2 3 2 2 4 2 1 2 10 6      62654       7143      13877 
7119	  64000	1 0 0 1 0 0 1 1 0 1 1 0 1 1 0 1 1 0 1 1 0 1 0 1 1 0 1 1 0 1 1 1 1 1 1 1 1 1 1 1 1 1 1 2 1 1 2 1 1 0 2 1 2 1 1 2 1 1 1 2 1 2 2 1 1 2 1 1 2 2 0 2 2 3 6 3 2 2 3 2 2 3 2 2 4 2 1 2 9 6      62000       8000      14000 
7317	  60006	1 0 0 1 0 0 1 1 0 1 1 0 1 1 0 1 1 0 1 1 0 1 0 1 1 0 1 1 0 1 1 1 1 1 1 1 1 1 1 1 2 1 1 1 1 1 0 2 1 0 2 1 2 1 1 2 1 1 1 2 1 1 2 1 1 2 1 2 2 2 1 1 2 3 6 3 2 2 3 2 2 3 2 2 4 2 1 2 10 6      62728       7272      13637 
7515	  56000	0 1 0 0 1 0 1 1 0 1 1 0 1 1 0 1 1 0 1 1 0 0 1 1 0 1 1 0 1 1 1 1 1 1 1 1 1 1 1 2 1 1 2 1 1 2 1 1 0 1 2 2 1 1 2 1 1 1 1 2 1 1 2 1 1 2 1 1 2 0 2 2 3 2 6 2 3 2 2 3 2 2 3 2 2 4 1 9 2 6       8000      62000      14000 
0	 588200	1 0 0 1 0 0 1 0 0 1 0 0 1 0 0 1 0 0 1 0 0 1 0 0 1 0 0 1 1 0 1 1 0 1 1 0 1 1 0 1 2 0 1 2 0 1 2 0 1 2 0 1 2 0 1 2 0 1 2 0 1 2 0 1 2 0 1 2 0 2 2 0 3 3 5 3 3 3 3 3 3 3 3 3 4 2 3 1 2 25      63000      13500       7600 
198	 484450	1 0 1 0 0 1 0 1 1 0 1 1 0 1 1 0 1 1 0 1 1 0 1 1 0 1 1 1 1 1 1 1 1 1 0 1 1 0 1 1 1 1 2 0 1 2 0 1 2 0 1 2 0 1 2 1 1 2 0 1 3 0 1 3 0 1 3 0 1 2 0 2 1 5 3 2 3 3 3 1 3 3 1 3 2 3 4 2 18 1      15278      10555      59444 
495	 476122	1 1 1 0 1 0 1 1 0 1 1 0 1 1 0 1 1 0 1 1 0 1 1 0 1 1 0 1 1 1 1 1 1 0 1 1 1 1 1 1 1 1 0 1 2 0 1 2 0 1 2 0 1 2 1 1 2 0 1 2 1 1 3 0 1 3 0 1 3 0 2 2 5 3 1 2 3 2 1 3 3 1 3 3 1 4 2 18 1 2      10554      59446      15277 
891	 151480	1 1 0 1 1 0 1 1 0 1 1 0 1 1 0 1 0 0 1 0 0 1 1 0 1 1 0 1 0 1 1 0 1 1 1 1 1 0 1 1 1 1 1 0 2 1 1 1 1 1 1 1 0 2 1 0 2 1 0 2 1 0 2 1 0 2 1 1 2 2 1 2 3 2 2 3 1 2 2 1 6 3 1 3 3 1 4 3 23 2      63574       2426      16738 
1287	 120668	1 0 1 1 0 1 1 0 1 1 0 1 1 0 1 1 0 1 1 0 1 1 0 1 1 0 1 1 1 1 1 1 1 1 1 1 1 1 1 1 1 1 1 1 1 1 1 1 2 1 1 1 1 1 0 2 1 1 2 1 1 2 1 0 3 1 1 2 1 1 2 2 2 3 3 1 4 3 2 3 3 1 4 3 1 3 4 12 3 1      15000      16333      51000 
1683	  93340	0 0 1 0 0 1 1 0 1 1 0 1 1 0 1 1 0 1 1 0 1 1 0 1 0 1 1 0 2 1 1 1 1 1 1 1 1 1 1 1 1 1 1 1 1 1 1 1 1 1 1 1 2 1 1 2 1 1 2 1 1 2 1 1 2 1 1 3 1 1 2 2 2 3 3 1 4 3 1 4 3 2 3 3 2 2 4 14 1 1      15185      12592      54816 
3159	  89172	1 0 0 1 0 0 1 0 1 1 0 1 1 0 1 1 0 1 1 0 1 1 0 1 1 0 1 1 1 0 1 1 1 1 1 1 1 1 1 1 1 2 1 2 1 1 2 1 1 1 1 1 1 1 1 1 1 1 2 1 1 2 1 1 2 1 1 2 1 2 1 0 3 2 2 3 2 1 2 7 1 3 2 2 3 6 2 3 2 13      65694      13472       4306 
3258	  87432	0 1 0 0 1 0 1 1 0 1 1 0 1 1 0 1 1 0 1 1 0 1 1 0 1 1 0 0 1 2 1 1 1 1 1 1 1 1 1 1 1 2 1 1 2 1 1 2 2 1 1 1 1 2 1 1 1 1 1 2 1 1 2 1 1 2 1 1 2 0 2 2 1 3 3 1 3 3 1 3 3 1 3 3 2 4 2 15 1 3      11893      58107      14500 
3951	  64824	0 1 0 0 1 0 0 1 1 0 1 1 0 1 1 0 1 1 0 1 1 0 1 1 0 1 1 1 1 1 1 1 1 1 1 1 1 1 1 1 1 2 2 1 1 2 1 0 2 1 0 2 1 0 1 1 1 2 1 1 3 1 0 2 1 1 2 1 1 2 2 1 3 3 1 3 3 1 3 3 1 3 3 1 2 4 2 3 1 17      13704      59444      10556 
0	 649000	1 0 0 1 0 0 1 0 0 1 0 0 1 0 0 1 0 0 1 0 0 1 0 0 1 0 0 1 1 0 1 1 0 1 1 0 1 1 0 1 2 0 1 2 0 1 2 0 1 2 0 1 2 0 1 2 0 1 2 0 1 2 0 1 2 0 1 2 0 2 2 0 3 3 3 3 3 5 3 3 4 3 3 4 4 2 5 1 2 21      63000      13500       9047 
396	 532750	0 1 1 0 0 1 0 0 1 0 0 1 0 0 1 0 0 1 0 1 1 0 0 1 0 0 1 0 1 1 0 1 1 0 1 1 0 1 1 0 2 1 0 2 1 0 2 1 0 2 1 0 2 1 0 2 1 0 2 1 0 3 1 0 3 1 0 3 1 0 2 2 3 2 3 4 1 3 6 2 3 6 3 2 3 2 4 20 1 2       7025      13500      63000 
495	 532422	1 0 0 1 0 1 1 0 1 1 0 0 1 0 1 1 0 1 1 0 1 1 0 1 1 0 1 1 1 0 1 1 1 1 1 1 1 1 0 1 1 1 1 2 1 1 2 1 1 2 0 1 2 1 1 2 0 1 2 0 1 2 0 1 2 1 1 2 1 2 2 1 3 3 1 3 3 3 3 3 1 3 3 1 4 2 1 1 3 19      63000      13500       9289 
594	  85628	1 0 0 1 0 0 1 1 0 1 1 0 1 1 0 1 1 0 1 1 0 1 1 0 1 1 0 1 0 1 1 1 1 1 0 1 1 1 1 1 0 2 1 0 2 1 0 2 1 0 2 1 0 2 1 0 2 1 1 2 1 0 3 1 1 2 1 0 2 2 0 2 3 3 3 3 2 3 3 2 2 3 3 2 4 1 2 1 20 3      60414       8760      14793 
693	  71040	1 0 0 1 0 0 1 0 1 1 0 1 1 0 1 1 0 1 1 0 1 1 0 1 1 0 1 1 1 0 1 1 1 1 1 1 1 1 1 1 2 0 1 2 0 1 2 1 1 2 0 1 2 1 1 2 0 1 2 1 1 3 0 1 2 1 1 2 1 2 2 1 3 3 1 3 2 3 3 3 1 3 3 1 4 2 1 1 2 19      59828      13448      10172 
2169	  66338	0 0 1 0 0 1 0 1 1 0 1 1 0 1 1 0 1 1 0 1 1 0 1 1 0 1 1 1 1 1 1 1 1 1 1 1 1 1 1 1 1 1 1 1 1 2 1 1 2 0 1 2 0 1 2 1 1 3 0 1 3 0 1 3 0 1 3 0 1 2 0 2 2 2 3 6 3 2 2 2 3 1 3 3 1 2 4 2 15 2      12500       8667      62500 
2268	  57936	0 1 0 0 1 0 1 1 0 1 1 0 1 1 0 1 1 0 1 1 0 1 1 0 1 1 0 1 1 1 1 1 1 1 1 1 1 1 1 0 1 2 0 1 2 2 1 1 0 1 2 0 1 2 0 1 2 0 1 3 0 1 3 1 1 2 1 1 2 1 2 2 1 3 3 3 3 2 1 3 3 1 3 3 1 4 2 19 1 2      10172      59828      13448 
0	 649000	1 0 0 1 0 0 1 0 0 1 0 0 1 0 0 1 0 0 1 0 0 1 0 0 1 0 0 1 1 0 1 1 0 1 1 0 1 1 0 1 2 0 1 2 0 1 2 0 1 2 0 1 2 0 1 2 0 1 2 0 1 2 0 1 2 0 1 2 0 2 2 0 3 3 7 3 3 3 3 3 6 3 3 3 4 2 2 1 2 21      63000      13500       7715 
198	 638054	0 1 1 0 1 0 0 1 0 0 1 0 0 1 0 0 1 1 0 1 0 0 1 1 0 1 0 1 1 0 1 1 0 1 1 0 1 1 0 2 1 0 2 1 0 2 1 0 2 1 0 2 1 0 2 1 0 2 1 0 2 1 0 2 1 0 2 1 1 2 2 0 3 3 3 3 3 2 3 3 3 3 3 5 2 4 6 2 1 19      13500      63000       8527 
297	 635824	0 1 1 0 1 1 0 1 1 0 1 1 0 1 1 1 1 1 0 2 1 0 1 1 0 1 1 1 1 1 1 0 1 1 1 1 1 1 1 1 1 1 2 1 1 2 1 1 2 1 1 2 2 1 2 1 1 2 1 1 2 0 1 2 0 1 2 1 1 2 0 2 3 1 3 3 2 3 3 1 3 3 2 3 2 3 4 2 11 1      18000      14728      54000 
396	 628000	1 0 0 1 0 0 1 0 1 1 1 0 1 0 1 1 0 0 1 0 0 1 0 0 1 0 0 1 1 1 1 0 1 1 0 1 1 0 1 1 0 2 1 0 2 1 0 2 1 0 2 1 1 2 1 1 1 1 0 2 1 0 2 1 1 2 1 0 2 2 1 1 3 3 3 3 1 3 3 7 3 3 4 3 4 2 2 1 19 2      63000      10000      13500 
495	 567300	0 0 1 0 0 1 1 0 1 0 0 1 0 0 1 0 0 1 0 1 1 1 1 1 1 0 1 0 1 1 1 1 1 0 1 1 0 1 1 1 1 1 0 2 1 1 2 1 1 2 1 0 2 1 0 2 1 0 2 1 1 2 1 0 2 1 0 2 1 0 2 2 1 2 3 6 3 2 3 3 3 5 3 3 2 2 4 17 2 2       7470      13500      63000 
693	 505000	0 1 0 0 1 1 1 1 0 0 1 0 0 1 0 1 1 1 0 1 0 0 1 0 0 1 0 1 1 1 1 1 1 1 1 1 1 1 1 1 1 1 1 1 1 2 1 1 2 1 2 2 1 1 3 1 1 3 1 2 2 1 2 2 1 2 2 1 2 2 2 1 2 3 2 3 3 2 2 3 2 3 3 2 2 4 1 2 1 11          0      65000      17500 
792	 475460	1 1 0 1 1 1 1 1 0 1 1 0 1 1 0 1 1 1 1 1 0 1 1 0 1 1 0 1 1 1 0 1 1 1 1 1 1 1 1 1 1 1 1 1 2 1 1 1 1 1 1 2 1 1 1 1 1 1 1 2 0 1 2 1 1 2 1 1 2 0 2 1 1 3 2 2 3 2 1 3 2 2 3 2 3 4 1 11 1 11       4105      65005      15440 
990	 474002	0 1 1 0 1 1 1 0 1 0 1 1 0 1 1 1 1 1 0 1 1 0 1 1 1 1 1 1 1 1 1 1 1 1 1 1 1 1 1 1 1 1 1 1 1 1 1 1 1 1 1 1 1 1 1 1 1 2 1 1 2 1 1 2 1 1 1 2 1 1 2 2 2 3 3 3 2 3 2 3 3 2 3 3 1 4 4 11 2 1      18000      17333      47334 
1089	 124000	0 0 1 0 0 1 0 0 1 0 0 1 0 0 1 0 1 1 0 0 1 0 1 1 1 0 1 1 1 1 1 1 1 1 1 1 1 1 1 1 1 1 2 1 1 2 1 1 2 1 1 2 1 1 2 1 1 2 1 1 2 2 1 2 2 1 2 2 1 1 1 2 3 2 3 3 2 3 3 2 3 2 2 3 2 1 4 4 13 1       6500      14000      63000 
1287	 106108	0 1 0 0 1 0 0 1 1 0 1 0 1 1 0 0 1 1 0 1 0 1 1 0 0 1 1 1 1 0 1 1 0 1 1 0 1 1 0 2 1 0 2 1 0 2 1 0 2 1 0 2 1 1 1 1 2 2 1 1 2 1 1 2 1 1 2 1 1 1 2 0 1 3 5 5 2 5 2 3 2 2 3 1 2 4 0 4 2 19      13001      63999       5263 
2277	  55432	1 0 0 1 0 0 1 0 1 1 0 1 1 1 0 1 0 1 1 0 1 1 1 0 1 0 1 1 1 0 1 1 0 1 1 0 1 1 0 1 2 0 1 2 0 1 2 0 1 2 0 1 2 0 1 1 2 1 2 1 1 2 1 1 2 1 1 2 1 2 1 1 3 1 4 2 5 6 3 2 2 3 3 0 4 2 0 2 3 18      63714      13143       6286 
7794	  50720	0 0 1 0 0 1 0 0 1 1 0 1 1 0 1 1 0 1 1 0 1 1 0 1 1 0 1 0 1 1 1 1 1 1 1 1 1 1 1 2 1 1 0 2 1 0 2 1 2 1 1 2 1 1 2 1 1 1 2 1 1 2 1 2 2 1 2 2 1 1 1 2 2 2 3 2 2 3 1 2 3 2 2 3 2 1 4 9 12 1       6429      13214      63571 
10764	  44292	0 1 0 0 1 0 0 1 0 0 1 1 0 1 1 0 1 1 0 1 1 0 1 1 0 1 1 1 1 0 1 1 1 1 1 0 1 1 1 1 1 2 2 1 0 2 1 0 1 1 2 1 1 2 1 1 2 2 1 1 2 1 1 2 1 2 2 1 2 1 2 1 2 3 2 2 3 2 2 3 2 2 3 2 1 4 2 12 1 9      13214      63571       6429 
0	 665200	1 0 0 1 0 0 1 0 0 1 0 0 1 0 0 1 0 0 1 0 0 1 0 0 1 0 0 1 1 0 1 1 0 1 1 0 1 1 0 1 2 0 1 2 0 1 2 0 1 2 0 1 2 0 1 2 0 1 2 0 1 2 0 1 2 0 1 2 0 2 2 0 3 3 6 3 3 5 3 3 3 3 3 3 4 2 5 1 2 20      63000      13500       8100 
198	 172888	0 0 1 0 0 1 1 0 1 0 0 1 0 0 1 0 0 1 1 0 1 0 0 1 0 0 1 1 0 1 1 0 1 1 0 1 1 0 1 2 0 1 2 0 1 2 0 1 2 0 1 2 0 1 2 0 1 2 0 1 2 0 1 2 0 1 3 0 1 2 0 2 3 3 3 1 4 3 0 9 3 4 6 2 2 3 4 3 17 2      13500       6676      63000 
891	 160360	0 1 0 1 1 0 0 1 1 1 1 0 1 1 0 1 1 0 0 1 1 1 1 0 1 1 0 1 1 1 0 1 1 1 1 1 1 1 1 1 1 2 0 1 2 0 1 2 0 1 2 0 1 2 0 1 2 0 1 2 0 1 2 0 1 2 0 1 3 1 2 2 1 3 3 2 3 1 5 3 0 5 2 4 2 4 2 16 2 3       7118      58882      16118 
990	 149000	1 0 0 1 0 0 1 0 1 1 0 1 1 0 0 1 0 1 1 1 0 1 0 1 1 0 1 1 1 1 1 1 1 1 1 1 1 1 1 1 2 1 1 2 1 1 2 1 1 2 1 1 2 1 1 2 1 1 2 2 1 2 2 1 2 1 1 3 1 2 2 1 3 3 2 3 1 1 3 0 2 3 5 1 4 2 1 1 3 13      63000       6500      14000 
1089	  86676	0 1 0 0 1 0 0 1 1 1 1 0 0 1 0 0 1 0 0 1 1 1 1 0 1 1 0 0 1 1 0 1 1 0 1 1 0 1 1 0 1 2 0 1 2 0 1 2 0 1 2 0 1 2 0 1 2 0 1 2 1 1 2 0 1 3 0 1 3 0 2 2 3 3 2 4 3 1 7 3 0 7 2 4 0 4 2 17 2 3       6667      63332      13334 
3951	  81670	1 0 0 1 0 0 1 1 0 1 1 0 1 1 0 1 1 0 1 1 0 1 1 0 1 1 0 1 0 1 1 1 1 1 1 1 1 1 1 1 1 1 1 2 1 1 1 1 1 2 1 1 1 1 1 1 1 1 2 2 1 2 2 1 2 2 1 1 2 2 1 1 3 1 2 3 0 3 3 1 2 2 1 7 4 0 2 2 13 7      65833       4167      13452 
4050	  79528	0 0 1 0 0 1 1 0 1 1 0 1 1 0 1 1 0 1 1 0 1 1 0 1 1 0 1 0 1 1 1 1 1 1 1 1 1 1 1 1 1 1 2 1 1 1 1 1 2 1 1 2 1 1 1 1 1 1 2 1 2 2 1 2 2 1 1 2 1 1 1 2 1 2 3 0 3 3 1 2 3 1 7 2 0 2 4 13 7 2       4167      13452      65833 
4347	  77386	0 0 1 0 0 1 1 0 1 1 0 1 1 0 1 1 0 1 1 0 1 1 0 1 1 0 1 0 1 1 1 1 1 1 1 1 1 1 1 1 1 1 2 1 1 1 1 1 2 1 1 2 1 1 2 1 1 1 2 1 1 2 1 2 2 1 1 2 1 1 1 2 1 2 3 0 3 3 1 2 3 1 7 2 0 2 4 13 7 2       4167      13453      65833 
4743	  77354	1 0 0 1 0 0 1 1 0 1 1 0 1 1 0 1 1 0 1 1 0 1 1 0 1 1 0 1 0 1 1 1 1 1 1 1 1 1 1 1 1 1 1 1 1 1 2 1 1 1 2 1 2 1 1 2 1 1 1 2 1 2 2 1 1 2 1 1 2 2 2 1 3 1 2 3 0 3 3 1 2 2 1 7 4 0 2 2 13 6      64699       5301      13615 
7119	  51580	0 0 1 0 0 1 1 0 1 1 0 1 1 0 1 1 0 1 1 0 1 1 0 1 1 0 1 0 1 1 1 1 1 0 1 1 0 1 1 2 1 1 2 1 1 2 1 1 2 1 1 2 1 1 0 2 1 2 2 1 2 2 1 1 2 1 1 2 1 2 1 2 2 2 3 0 3 3 1 2 3 1 7 2 0 2 4 12 6 2       5790      13684      64210 
7911	  46674	1 0 0 1 0 0 1 0 1 1 0 1 1 0 1 1 0 1 1 0 1 1 0 1 1 0 1 1 1 0 1 1 1 1 1 0 1 1 0 1 1 2 1 1 2 1 1 2 1 1 2 1 1 2 1 2 0 1 2 2 1 2 1 1 2 1 1 3 0 2 1 2 3 2 2 3 3 0 3 2 1 2 7 2 4 2 0 2 5 13      63333      13333       6667 
10287	  46670	0 1 0 0 1 0 1 1 0 1 1 0 1 1 0 0 1 0 1 1 0 1 1 0 1 1 0 1 1 1 1 1 1 0 1 1 0 1 1 2 1 1 2 1 1 2 1 1 2 1 1 2 1 1 0 1 2 2 1 2 1 1 2 1 1 2 0 1 3 1 2 1 2 3 2 0 3 3 2 3 2 2 2 7 0 4 2 13 2 5       6667      63334      13332 
0	 631728	1 0 0 1 0 0 1 0 0 1 0 0 1 0 0 1 0 0 1 0 0 1 0 0 1 0 0 1 1 0 1 1 0 1 1 0 1 1 0 1 2 0 1 2 0 1 2 0 1 2 0 1 2 0 1 2 0 1 2 0 1 2 0 1 2 0 1 2 0 2 2 0 3 3 6 3 3 4 3 3 2 3 3 5 4 2 3 1 2 22      63000      13500       8636 
99	 180674	0 0 1 0 0 1 0 1 1 0 1 1 0 0 1 0 1 1 0 1 1 1 0 1 0 0 1 1 0 1 1 0 1 1 0 1 1 0 1 2 0 1 2 1 1 2 0 1 2 0 1 2 0 1 2 0 1 3 0 1 2 0 1 2 0 1 2 0 1 2 0 2 2 6 3 3 8 2 2 2 3 2 6 3 2 1 4 3 14 2      13499       6166      63002 
891	 149604	0 0 1 1 0 1 1 0 1 1 0 1 1 0 1 1 0 1 1 0 1 0 1 1 1 0 1 0 1 1 0 1 1 0 1 1 0 1 1 0 2 1 1 2 1 0 2 1 0 2 1 0 2 1 0 2 1 0 3 1 0 2 1 0 2 1 0 2 1 0 2 2 5 2 3 8 3 2 2 2 3 4 2 3 1 2 4 14 3 2       8267      16134      57733 
1782	 131668	0 1 0 0 1 0 0 1 0 1 1 0 1 1 0 1 1 0 1 1 0 0 1 1 0 1 1 0 1 1 0 1 1 0 1 1 0 1 1 0 1 2 1 1 1 1 1 1 0 1 2 0 1 2 0 1 2 0 1 3 0 1 2 0 1 2 0 1 2 0 2 2 6 3 2 8 2 4 2 3 2 5 3 1 1 4 1 14 2 5       6166      63000      13502 
1980	 121286	1 0 1 1 0 1 1 0 1 1 0 1 1 0 1 1 0 1 1 0 1 1 1 0 1 0 1 1 1 1 1 1 1 1 1 1 1 1 1 1 2 1 1 2 0 1 2 1 1 1 1 1 2 0 1 2 0 1 2 1 1 2 1 1 2 1 1 2 1 2 2 0 3 2 2 2 3 6 3 2 2 3 2 2 4 2 2 2 5 9      56643      16500       9357 
2178	 112500	1 0 0 1 0 0 1 1 0 1 2 0 1 0 1 1 1 0 1 1 0 1 0 1 1 1 0 1 0 1 1 0 1 1 0 1 1 0 1 1 2 1 1 0 2 1 0 2 1 0 2 1 0 2 1 0 2 1 0 3 1 0 2 1 0 2 1 0 2 2 0 2 3 4 2 2 8 3 3 3 2 3 4 2 4 1 2 2 14 3      60000       8125      15000 
2970	  73000	1 0 0 1 0 0 1 0 1 1 0 1 1 0 1 1 0 1 1 0 1 1 0 1 1 0 1 1 1 1 1 1 1 1 1 0 1 1 1 1 2 0 1 2 0 1 2 0 1 1 2 1 2 1 1 2 0 1 2 1 1 2 2 1 2 1 1 2 1 2 2 0 3 2 2 2 4 6 3 2 3 3 2 2 4 2 2 2 5 9      60500      14500       9500 
3069	  56668	1 0 0 1 0 0 1 0 1 1 0 1 1 0 1 1 0 1 1 0 1 1 0 1 1 0 1 1 1 1 1 1 1 1 1 0 1 1 1 1 2 0 1 2 0 1 2 0 1 2 1 1 2 0 1 2 0 1 2 2 1 2 2 1 2 2 1 2 1 2 2 0 3 2 2 2 4 6 3 2 2 3 2 2 4 1 2 2 5 10      61666      14167       8334 
0	 649000	1 0 0 1 0 0 1 0 0 1 0 0 1 0 0 1 0 0 1 0 0 1 0 0 1 0 0 1 1 0 1 1 0 1 1 0 1 1 0 1 2 0 1 2 0 1 2 0 1 2 0 1 2 0 1 2 0 1 2 0 1 2 0 1 2 0 1 2 0 2 2 0 3 3 2 3 3 4 3 3 4 3 3 8 4 2 3 1 2 21      63000      13500       7715 
198	 631054	1 0 0 1 0 0 1 0 1 1 0 0 1 0 1 1 0 0 1 0 0 1 0 0 1 0 0 1 1 0 1 1 0 1 1 1 1 1 0 1 2 0 1 2 0 1 2 0 1 2 1 1 2 0 1 2 0 1 2 0 1 2 1 1 2 0 1 2 0 2 2 1 3 3 1 3 3 2 3 3 8 3 3 3 4 2 3 1 2 19      63000      13500       8527 
297	 592002	0 1 1 1 0 1 1 0 1 0 1 1 1 0 1 1 0 1 1 0 1 0 1 1 1 0 1 0 1 1 1 1 1 0 1 1 0 1 1 1 1 1 1 1 1 0 2 1 1 1 1 1 2 1 0 2 1 0 2 1 1 2 1 0 2 1 0 3 1 0 2 2 4 3 3 5 3 3 1 3 3 4 2 3 1 2 4 15 2 1      12666      16333      57334 
396	 537500	0 0 1 0 0 1 0 1 1 0 0 1 1 0 1 1 0 1 0 1 1 0 0 1 0 0 1 1 0 1 1 1 1 2 0 1 1 0 1 2 0 1 1 1 1 2 0 1 2 0 1 2 0 1 2 0 1 2 0 1 3 0 1 2 0 1 2 0 1 2 0 2 3 6 2 2 5 3 3 1 3 2 1 3 1 6 4 2 19 2      13500       6750      63000 
594	 181000	0 1 0 0 1 0 0 1 1 0 1 0 1 1 0 1 1 0 0 1 1 0 1 0 0 1 0 1 1 0 1 1 1 1 1 0 1 1 0 2 1 0 2 1 1 2 1 0 2 1 0 2 1 0 2 1 0 2 1 0 3 1 0 2 1 0 2 1 0 2 2 0 3 2 6 2 3 5 3 3 1 2 3 1 1 4 6 2 2 19      13500      63000       6750 
891	 118056	0 0 1 0 0 1 0 1 1 1 0 1 0 0 1 1 0 1 0 1 1 0 0 1 0 1 1 1 0 1 1 1 1 1 0 1 1 0 1 2 0 1 1 1 1 2 0 1 2 0 1 2 0 1 2 0 1 3 0 1 2 0 1 2 0 1 3 0 1 2 0 2 4 6 2 1 5 3 3 1 3 3 1 3 0 5 4 2 19 2      13500       6684      63000 
2079	  84000	0 1 0 0 1 0 0 1 1 0 1 1 0 1 1 0 1 1 0 1 1 0 1 1 0 1 1 1 1 1 1 1 1 1 1 1 1 1 1 1 1 1 1 1 1 1 1 2 1 1 2 1 1 1 1 1 2 3 1 0 3 1 0 2 1 1 2 1 2 2 2 1 4 3 0 3 3 1 4 3 0 3 3 1 3 4 1 3 1 15      14000      58000      12000 
2574	  71494	0 0 1 0 0 1 1 0 1 1 0 1 1 0 1 1 0 1 1 0 1 1 0 1 1 0 1 1 1 1 1 1 1 1 1 1 1 1 1 1 2 1 1 1 1 2 1 1 2 1 1 1 1 1 2 1 1 1 2 1 0 3 1 0 3 1 2 1 1 1 1 2 0 4 3 1 3 3 0 4 3 1 3 3 1 2 4 15 5 1      10213      13404      59787 
6813	  68896	0 0 1 0 0 1 0 1 1 0 1 1 0 1 1 0 1 1 0 1 1 0 1 1 0 1 1 1 1 1 1 1 1 1 1 1 1 1 1 1 1 1 1 1 1 1 1 1 1 2 1 1 1 1 1 2 1 2 1 1 3 0 1 3 0 1 1 3 1 1 1 2 4 0 3 3 1 3 4 0 3 3 1 3 2 1 4 6 15 1      12964       9444      60555 
8397	  67372	1 0 0 1 0 0 1 0 1 1 0 1 1 0 1 1 0 1 1 0 1 1 0 1 1 0 1 1 1 1 1 1 0 1 1 0 1 1 0 1 1 2 1 1 1 1 1 1 1 1 2 1 1 2 1 1 2 1 2 1 1 3 0 1 3 0 1 1 3 2 1 1 3 4 0 3 3 1 3 4 0 3 3 1 4 2 1 1 6 16      61053      12632       8947 
9090	  60006	0 1 0 0 1 0 0 1 1 0 1 1 0 1 1 0 1 1 0 1 1 0 1 1 0 1 1 1 1 1 1 1 1 1 1 1 1 1 1 1 1 2 1 1 1 1 1 2 2 1 0 1 1 1 1 1 2 2 1 1 3 1 0 3 1 0 1 1 2 1 2 2 3 3 1 3 3 1 4 3 0 3 3 1 2 4 1 6 1 14      13333      60000      10000 
0	 126750	1 0 0 1 0 0 1 0 0 1 0 0 1 0 1 1 0 0 1 0 0 1 0 0 1 0 0 1 1 0 1 1 0 1 1 0 1 1 0 1 2 0 1 2 0 1 2 0 1 2 0 1 2 0 1 2 0 1 2 0 1 3 0 1 2 0 1 2 0 2 2 0 3 2 3 3 2 3 3 1 6 2 4 8 3 4 5 3 2 16      66000      12000       3625 
594	 121000	0 1 0 0 1 0 0 1 0 0 1 0 1 1 0 1 1 0 0 1 0 0 1 0 0 1 0 0 1 1 0 1 1 0 1 1 0 1 1 0 1 2 0 1 2 0 1 2 0 1 2 0 1 2 0 1 2 0 1 2 0 1 3 0 1 2 0 1 2 0 2 2 2 3 2 3 3 2 6 3 1 8 2 4 5 3 4 16 3 2       3625      66000      12000 
792	  68002	0 0 1 0 0 1 1 0 1 1 0 1 1 0 1 1 0 1 1 0 1 1 0 1 1 0 1 0 1 1 0 1 1 0 1 1 0 1 1 1 1 1 0 2 1 0 2 1 0 2 1 0 2 1 0 2 1 1 2 1 0 3 1 0 2 1 1 2 1 0 2 2 2 2 3 0 3 3 4 1 3 7 5 2 5 4 3 14 1 3       5333      12667      64667 
1782	  61056	0 0 1 0 0 1 1 0 1 1 0 1 1 0 1 1 0 1 1 0 1 1 0 1 1 0 1 0 1 1 0 1 1 0 1 1 0 1 1 3 1 1 0 2 1 0 2 1 0 2 1 0 2 1 0 2 1 2 2 1 0 3 1 0 3 1 1 2 1 0 2 2 2 2 3 1 2 3 4 1 3 6 5 2 4 4 3 12 1 3       6316      13158      63684 
1980	  55792	1 0 0 1 0 0 1 0 1 1 0 1 1 0 1 1 0 1 1 0 1 1 0 1 1 0 1 1 1 0 1 1 0 1 1 1 1 1 0 1 1 2 1 2 0 1 2 0 1 2 0 1 2 0 1 2 0 1 2 2 1 3 0 1 3 0 1 2 1 2 2 0 3 2 2 3 2 1 3 1 4 2 5 6 3 4 4 3 1 12      63684      13158       6316 
7191	  52000	1 0 0 1 0 0 1 0 1 1 0 1 1 0 1 1 0 1 1 0 1 1 0 1 1 0 1 1 1 0 1 1 0 1 1 0 1 1 0 1 1 2 1 1 2 1 2 0 1 1 2 1 1 1 1 1 2 1 2 2 1 2 1 1 2 2 1 2 2 2 1 1 3 2 2 3 2 1 3 2 1 2 6 5 3 5 4 3 5 5      66000      13200       4000 
0	 665200	1 0 0 1 0 0 1 0 0 1 0 0 1 0 0 1 0 0 1 0 0 1 0 0 1 0 0 1 1 0 1 1 0 1 1 0 1 1 0 1 2 0 1 2 0 1 2 0 1 2 0 1 2 0 1 2 0 1 2 0 1 2 0 1 2 0 1 2 0 2 2 0 3 3 6 3 3 6 3 3 3 3 3 5 4 2 2 1 2 20      63000      13500       8100 
198	 583780	1 0 1 1 0 1 1 0 1 0 1 1 0 1 1 1 0 1 1 0 1 0 1 1 1 0 1 0 1 1 0 1 1 0 1 1 0 1 1 0 2 1 0 2 1 0 2 1 0 2 1 0 2 1 0 2 1 0 2 1 0 2 1 0 2 1 0 2 1 0 2 2 6 3 3 4 3 3 2 3 3 5 1 3 1 2 4 18 1 1      11555      18000      54000 
396	 563000	1 0 0 1 0 0 1 0 0 1 1 0 1 1 1 1 0 0 1 0 1 1 1 1 1 0 0 1 1 0 1 1 0 1 1 0 1 1 0 1 2 0 1 2 0 1 2 0 1 2 0 1 2 0 1 2 0 1 2 0 1 2 0 1 2 0 1 2 0 2 2 0 3 3 2 2 3 6 3 3 3 3 1 5 3 2 8 3 1 15      63000      13500       6750 
495	 498000	1 1 0 1 1 0 1 1 0 1 0 0 1 1 0 1 1 0 1 1 0 1 1 0 1 1 0 1 0 1 1 1 1 1 1 1 1 0 1 1 0 2 1 0 2 1 1 2 1 0 2 1 0 2 1 0 2 1 1 2 1 0 3 1 1 2 1 1 2 2 0 2 3 4 2 3 2 1 3 1 3 3 4 2 3 1 4 2 16 3      63000       7000      14000 
594	  82106	1 0 0 1 0 0 1 1 0 1 0 1 1 1 0 1 1 0 1 1 0 1 1 0 1 1 0 1 1 1 1 1 1 1 1 1 1 1 1 1 0 2 1 0 2 1 0 2 1 0 2 1 0 2 1 0 2 1 1 2 1 0 3 1 1 2 1 1 2 2 0 2 3 4 1 3 4 1 3 1 3 3 3 2 4 1 4 1 16 3      56711      10921      16184 
5814	  75000	0 1 0 0 1 0 0 1 1 0 1 1 0 1 0 0 1 1 0 1 0 0 1 1 0 1 1 1 1 0 1 1 0 1 1 0 1 1 0 1 1 2 1 1 1 1 1 1 1 1 1 1 1 1 1 1 2 2 1 2 2 1 2 2 1 2 2 1 2 2 2 0 2 3 2 6 2 5 2 3 2 2 3 2 5 3 5 5 3 5      12500      65000       5000 
6309	  64000	0 1 0 0 1 0 1 1 0 1 1 0 1 1 0 1 1 0 1 1 0 1 1 0 1 1 0 0 1 1 0 1 1 0 1 1 1 1 1 1 1 1 1 1 1 0 1 2 2 1 1 1 1 1 2 1 1 1 1 2 2 1 2 2 1 2 2 1 2 1 2 1 1 3 2 5 2 6 2 3 2 1 3 2 5 3 5 5 3 5       4000      66000      13000 
11943	  44800	0 1 0 0 1 0 0 1 1 0 1 1 0 1 1 0 1 1 0 1 1 0 1 1 0 1 1 1 1 0 1 1 0 1 1 0 1 1 0 1 1 2 1 1 1 2 1 0 1 1 2 1 1 2 1 1 2 2 1 2 2 1 2 2 1 2 2 1 2 1 2 1 2 3 1 6 2 5 2 3 2 2 3 1 5 3 4 5 3 4      13200      66000       4000 
0	 631728	1 0 0 1 0 0 1 0 0 1 0 0 1 0 0 1 0 0 1 0 0 1 0 0 1 0 0 1 1 0 1 1 0 1 1 0 1 1 0 1 2 0 1 2 0 1 2 0 1 2 0 1 2 0 1 2 0 1 2 0 1 2 0 1 2 0 1 2 0 2 2 0 3 3 3 3 3 3 3 3 8 3 3 3 4 2 3 1 2 22      63000      13500       8636 
198	 584812	0 1 0 0 1 0 0 1 0 0 1 0 0 1 0 1 1 0 1 1 0 0 1 0 0 1 0 0 1 1 0 1 1 0 1 1 0 1 1 0 1 2 0 1 2 0 1 2 0 1 2 0 1 2 0 1 2 0 1 2 1 1 2 1 1 2 0 1 2 0 2 2 3 3 3 3 3 3 7 3 3 2 3 3 2 4 2 21 1 2       9047      63000      13500 
396	 538196	0 1 1 0 1 1 0 1 1 0 1 1 0 1 1 0 1 1 0 1 1 1 0 1 1 0 1 1 1 1 2 0 1 1 1 1 1 0 1 1 1 1 2 1 1 2 1 1 2 1 1 2 1 1 2 0 1 2 1 1 2 0 1 2 1 1 1 2 1 2 0 2 3 2 3 3 2 3 3 0 3 3 2 3 1 3 4 2 15 1      16857      12666      56286 
693	 517722	0 1 0 1 1 0 1 1 0 0 1 0 1 1 0 1 1 0 1 1 0 1 1 1 1 1 0 1 1 1 1 1 1 1 1 1 1 1 1 1 1 1 1 1 1 1 1 2 1 1 2 1 1 2 1 1 2 2 1 2 2 1 2 1 1 2 1 1 3 0 2 2 1 3 3 1 3 3 0 3 3 1 3 3 1 4 2 15 1 2      13418      63000       7861 
792	 508500	0 0 1 1 0 1 1 0 1 0 0 1 1 0 1 1 0 1 1 0 1 1 0 1 1 0 1 1 1 1 1 1 1 1 1 1 1 1 1 1 1 1 1 1 1 1 2 1 1 2 1 1 2 1 1 2 1 2 2 1 2 2 1 1 2 1 1 2 1 0 3 2 1 4 3 1 3 3 0 3 3 1 3 3 1 2 4 15 2 1      13500       7250      63000 
891	 108934	0 1 0 0 1 0 0 1 1 0 1 0 0 1 1 0 1 1 0 1 1 1 1 0 0 1 1 0 1 1 1 1 1 1 1 1 1 1 1 1 1 1 2 1 1 2 1 1 2 1 1 2 1 1 2 1 1 2 1 2 1 1 2 3 1 1 3 1 1 2 2 1 3 3 1 3 3 1 3 3 1 3 3 1 2 4 1 2 1 15       7858      63000      13419 
1782	 105280	0 0 1 0 0 1 0 1 1 1 0 1 0 1 1 0 1 1 0 1 1 1 0 1 1 0 1 0 1 1 1 1 1 1 1 1 1 1 1 2 1 1 1 1 1 1 1 1 1 1 1 1 1 1 2 1 1 2 2 1 2 2 1 2 1 1 3 1 1 1 1 2 3 1 3 2 2 3 4 1 3 4 1 3 3 1 4 2 15 1       8616      13472      60688 
2079	  90672	1 0 0 1 0 0 1 1 0 1 1 0 1 0 1 1 0 1 1 0 0 1 1 0 1 1 0 1 0 1 1 1 1 1 1 1 1 2 0 1 2 1 1 1 1 1 2 1 1 2 1 1 2 1 1 2 1 1 3 1 1 1 2 1 1 2 1 2 2 2 2 1 3 2 2 3 2 2 3 3 0 3 3 2 4 2 1 1 2 16      63333       7000      12667 
2772	  88572	0 0 1 0 0 1 1 0 1 1 0 1 0 1 1 0 1 1 0 0 1 1 0 1 1 0 1 1 1 1 1 1 1 1 1 1 2 0 1 2 1 1 2 1 1 1 1 1 1 1 1 1 1 1 2 1 1 2 1 1 3 1 1 3 1 1 1 2 1 1 1 2 2 2 3 2 2 3 3 1 3 2 2 3 2 1 4 3 17 1       8393      11250      63571 
2970	  85026	0 0 1 0 0 1 1 0 1 1 0 1 0 1 1 0 1 1 1 0 1 1 0 1 1 0 1 0 1 1 1 1 1 1 1 1 2 0 1 1 1 1 2 1 1 1 1 1 1 1 1 2 1 1 2 1 1 1 2 1 1 2 1 1 2 1 3 1 1 2 1 2 3 1 3 2 2 3 5 0 3 2 2 3 2 1 4 2 17 1       8244      11799      62928 
3267	  71154	0 1 0 0 1 0 1 1 0 1 1 0 0 1 1 0 1 1 1 1 0 1 1 0 1 1 0 0 1 1 1 1 1 0 1 1 2 1 0 2 1 1 2 1 1 1 1 1 2 1 1 1 1 1 2 1 1 3 1 1 3 1 1 3 1 1 1 1 2 1 2 1 2 3 2 2 3 2 3 3 1 2 3 2 2 4 1 2 1 17       8319      63273      11770 
0	 649000	1 0 0 1 0 0 1 0 0 1 0 0 1 0 0 1 0 0 1 0 0 1 0 0 1 0 0 1 1 0 1 1 0 1 1 0 1 1 0 1 2 0 1 2 0 1 2 0 1 2 0 1 2 0 1 2 0 1 2 0 1 2 0 1 2 0 1 2 0 2 2 0 3 3 6 3 3 4 3 3 4 3 3 5 4 2 2 1 2 21      63000      13500       7715 
198	 522000	1 0 1 0 1 1 1 0 1 0 1 1 0 1 1 0 1 1 1 0 1 0 2 1 1 0 1 1 1 1 0 1 1 0 1 1 2 0 1 1 3 1 1 1 1 2 1 1 1 1 1 1 1 1 1 1 1 2 1 1 2 1 1 2 1 1 1 2 1 2 0 2 3 1 3 0 0 4 4 5 2 1 3 3 3 2 4 8 9 1      12000      14000      58000 
297	 128010	0 1 0 0 1 0 0 1 0 0 1 0 0 1 0 0 1 0 0 1 0 0 1 0 0 1 0 0 1 1 0 1 1 0 1 1 0 1 1 0 1 2 0 1 2 0 1 2 0 1 2 0 1 2 0 1 2 0 1 2 0 1 3 0 1 2 0 1 3 0 2 2 6 2 4 4 3 1 4 3 2 5 3 2 1 4 1 22 2 4       4545      66000      12000 
792	  67400	0 1 0 0 1 0 0 1 0 0 1 0 0 1 1 0 1 1 0 1 0 0 1 1 0 1 0 1 1 0 1 1 0 1 1 0 1 1 0 2 1 1 2 1 0 2 1 0 2 1 0 2 1 0 2 1 0 3 1 0 3 1 0 2 1 0 3 1 0 1 2 1 6 2 5 1 3 4 2 3 2 1 3 4 1 4 1 3 2 21      12192      65616       5342 
4032	  62610	0 1 0 0 1 0 0 1 1 0 1 1 0 1 1 0 1 1 0 1 1 0 1 1 0 1 1 1 1 1 1 1 0 1 1 1 1 1 0 1 1 2 1 1 2 2 1 0 1 1 2 1 1 1 1 1 2 2 1 1 2 1 2 2 1 1 2 1 2 2 2 0 2 3 2 2 3 2 2 3 1 2 3 1 1 4 1 12 1 11      13695      65434       4566 
0	 615960	1 0 0 1 0 0 1 0 0 1 0 0 1 0 0 1 0 0 1 0 0 1 0 0 1 0 0 1 1 0 1 1 0 1 1 0 1 1 0 1 2 0 1 2 0 1 2 0 1 2 0 1 2 0 1 2 0 1 2 0 1 2 0 1 2 0 1 2 0 2 2 0 3 3 5 3 3 4 3 3 2 3 3 3 4 2 5 1 2 23      63000      13500       8260 
396	 558000	0 1 0 0 1 1 1 1 1 0 1 1 1 1 0 0 1 0 1 1 0 1 1 0 0 1 0 0 1 1 0 1 1 0 1 1 1 1 1 0 1 2 0 1 2 2 1 2 0 1 2 1 1 2 2 1 1 1 1 2 1 1 2 2 1 2 2 1 2 0 2 2 3 3 1 5 2 3 2 3 2 3 3 3 2 4 2 11 2 3       9000      63000      12000 
594	 554500	0 1 0 0 1 1 1 1 1 0 1 1 1 1 0 0 1 0 1 1 0 1 1 0 0 1 0 0 1 1 0 1 1 0 1 1 1 1 1 0 1 2 0 1 2 1 1 2 0 1 2 1 1 2 2 1 1 1 1 2 1 1 2 2 1 2 2 1 2 1 2 2 3 3 1 5 2 3 2 3 2 3 3 3 2 4 2 11 2 3      10250      63000      10250 
693	 507144	0 1 0 1 1 0 1 1 0 0 1 1 1 1 0 1 1 1 1 1 0 1 1 0 1 1 0 1 1 1 1 1 1 1 1 1 1 1 1 1 1 1 1 1 1 1 1 2 1 1 2 1 1 2 0 1 2 1 1 2 1 1 2 1 1 2 1 1 3 1 2 2 1 3 2 5 2 4 3 3 2 1 3 3 1 4 2 10 2 2      12856      57144      12858 
990	 506800	0 1 1 1 0 1 1 0 1 1 0 1 1 0 1 1 0 1 1 0 1 1 0 1 1 0 1 1 1 1 1 1 1 1 1 1 1 1 1 1 1 1 1 1 1 1 1 1 1 2 1 1 2 1 0 2 1 1 2 1 1 2 1 1 3 1 1 3 1 1 2 2 1 4 3 4 3 2 3 2 3 1 3 3 1 2 4 10 2 2      14300      12800      55700 
1089	 487780	1 0 0 1 0 0 1 1 0 1 1 0 1 1 0 1 1 0 1 1 1 1 0 1 1 0 1 1 1 1 1 1 1 1 1 1 1 1 1 1 1 2 1 2 1 1 2 1 1 2 1 1 2 1 1 2 1 1 2 2 1 2 1 1 2 1 1 2 1 2 1 1 3 1 1 2 3 6 3 2 3 3 3 1 4 2 1 2 2 10      63333       6297      14074 
1188	 149500	1 0 0 1 0 0 1 0 0 1 1 0 1 0 0 1 1 0 1 0 1 1 0 1 1 0 1 1 1 1 1 1 1 1 1 1 1 1 1 1 1 1 1 1 1 1 1 1 1 2 1 1 2 1 1 2 1 1 2 2 1 2 1 1 2 1 1 3 1 2 2 1 3 2 1 2 4 6 3 2 3 3 4 1 4 2 2 2 2 10      63000       7250      12500 
1584	 132000	0 0 1 0 0 1 0 1 1 0 1 1 1 0 1 0 1 1 1 0 1 0 0 1 1 0 1 1 1 1 1 1 1 1 1 1 1 1 1 2 1 1 2 0 1 1 1 1 1 2 1 1 2 1 1 2 1 2 2 1 1 2 1 2 2 1 1 3 1 1 2 2 1 1 3 6 4 2 2 3 3 1 4 3 1 2 4 9 2 2      13000       7000      63000 
1782	 106572	0 0 1 0 0 1 0 0 1 1 0 1 0 0 1 1 0 1 0 1 1 0 1 1 0 1 1 0 1 1 1 1 1 1 1 1 1 1 1 1 1 1 1 1 1 1 2 1 1 1 1 2 1 1 1 1 1 2 2 1 3 1 1 3 1 1 3 1 1 2 1 2 2 2 3 4 6 2 2 2 3 4 1 3 2 1 4 3 10 2       7282      13215      63002 
2673	  95838	0 0 1 0 0 1 1 0 1 1 0 1 0 1 1 1 0 1 0 1 1 0 1 1 0 1 1 1 1 1 1 1 1 1 1 1 1 1 1 1 1 1 2 1 1 1 1 1 1 1 1 1 1 1 2 1 1 2 1 1 2 1 1 2 1 1 2 1 1 1 2 2 3 2 3 4 5 2 2 3 3 4 0 3 3 1 4 2 11 2      13125      12708      56980 
3267	  92000	0 0 1 0 0 1 0 1 1 0 1 1 1 0 1 0 1 1 0 0 1 0 1 1 0 1 1 1 1 1 1 1 1 1 1 1 1 1 1 1 2 1 1 1 1 2 1 1 1 1 1 1 1 1 1 1 1 2 1 1 2 2 1 2 2 1 2 2 1 1 1 2 2 2 3 6 4 2 2 2 3 2 2 3 1 1 4 8 7 2      13000       6000      64000 
3861	  80032	0 0 1 0 0 1 0 1 1 0 1 1 1 0 1 0 1 1 0 2 1 0 1 1 0 1 1 1 1 1 1 1 1 1 1 1 1 1 1 1 1 1 1 2 1 1 2 1 1 1 1 1 1 1 1 2 1 2 1 1 2 1 1 3 0 1 2 2 1 1 1 2 2 2 3 6 3 2 2 2 3 2 2 3 1 1 4 8 7 2      13333       6666      63333 
4554	  73358	0 1 0 0 1 0 0 1 1 0 1 1 1 1 0 0 1 1 0 1 1 0 1 1 0 1 1 1 1 1 1 1 1 1 1 1 1 1 1 1 1 1 1 1 2 1 1 2 1 1 1 1 1 1 1 1 2 2 1 1 2 1 1 3 1 0 2 1 2 1 2 1 2 3 2 6 2 4 2 3 2 2 3 2 1 4 1 8 2 7      13333      63333       6666 
6426	  71430	1 0 0 1 0 0 1 1 0 1 1 0 1 1 0 1 0 0 1 1 0 1 1 0 1 1 0 1 0 1 1 1 1 1 1 1 1 1 1 1 0 2 1 2 1 1 1 1 1 2 1 1 1 1 1 1 1 1 1 2 1 1 2 1 2 2 1 2 2 2 1 1 3 1 2 2 5 6 3 2 2 3 2 2 4 1 1 2 8 9      65714       4286      12857 
8406	  70000	1 0 0 1 0 0 1 0 1 1 0 1 1 0 0 1 0 1 1 0 1 1 0 1 1 0 1 1 1 0 1 1 0 1 1 0 1 1 0 1 1 2 1 1 2 1 2 1 1 1 1 1 1 1 1 1 1 1 2 1 1 2 2 1 2 2 1 2 2 2 1 1 3 2 1 2 6 5 3 2 2 3 2 2 4 1 1 2 9 9      66000      13000       4000 
8604	  56000	0 1 0 0 1 0 1 1 0 1 1 0 1 1 0 1 1 0 0 1 0 1 1 0 1 1 0 0 1 1 0 1 1 0 1 1 0 1 1 3 1 1 0 1 2 2 1 1 1 1 1 2 1 1 1 1 1 1 1 2 2 1 2 2 1 2 2 1 2 1 2 1 1 3 2 5 2 6 2 3 2 2 3 2 1 4 1 8 2 9       4000      66000      13000 
9990	  50000	0 0 1 0 0 1 1 0 1 1 0 1 1 0 1 1 0 1 1 0 1 1 0 1 1 0 1 0 1 1 0 1 1 0 1 1 0 1 1 2 1 1 1 1 1 1 1 1 0 2 1 2 1 1 2 1 1 2 2 1 2 2 1 2 2 1 2 2 1 1 1 2 1 2 3 5 6 2 2 2 3 1 2 3 1 1 4 8 9 2       4000      13000      66000 
0	 575182	1 0 0 1 0 0 1 0 0 1 0 0 1 0 0 1 0 0 1 0 0 1 0 0 1 0 0 1 1 0 1 1 0 1 1 0 1 1 0 1 2 0 1 2 0 1 2 0 1 2 0 1 2 0 1 2 0 1 3 0 1 3 0 1 3 0 1 3 0 2 2 0 3 0 4 3 3 7 3 1 3 3 3 3 4 1 7 1 4 18      64217      11928       9337 
297	 545000	1 0 0 1 0 0 1 0 0 1 0 0 1 0 1 1 0 0 1 0 0 1 0 1 1 0 0 1 0 1 1 0 1 1 1 1 1 0 1 1 0 2 1 0 2 1 0 3 1 0 2 1 0 2 1 0 2 1 0 2 1 0 3 1 0 3 1 0 3 2 0 2 3 8 0 3 3 2 3 4 1 3 4 2 4 4 1 1 18 4      63000       7500      13500 
396	 507862	1 0 0 1 1 0 1 0 0 1 1 0 1 1 0 1 1 0 1 0 0 1 0 0 1 0 0 1 0 1 1 1 1 1 0 1 1 0 1 1 1 2 1 1 2 1 1 2 1 1 2 1 0 2 1 1 2 1 1 3 1 0 3 1 1 3 1 1 3 2 0 2 3 2 0 3 1 3 3 1 1 3 1 3 4 4 1 1 20 4      65001       9018       8660 
594	 191000	1 0 1 1 0 1 0 1 1 1 0 1 1 0 1 1 0 1 0 1 1 0 1 1 1 0 1 0 1 1 1 1 1 0 1 1 0 1 1 1 2 1 1 2 1 1 1 1 1 2 1 0 2 1 1 2 1 1 2 1 0 2 1 1 2 1 1 2 1 0 2 2 2 2 3 1 3 3 1 3 3 1 2 3 4 2 4 18 2 1       9000      16500      57000 
990	 112622	1 0 0 1 0 0 1 1 0 1 0 0 1 0 0 1 1 0 1 1 0 1 1 0 1 1 0 1 1 1 1 1 1 1 0 2 1 1 1 1 1 1 1 1 1 1 1 1 1 1 2 1 1 2 1 1 2 1 1 3 1 1 3 1 1 3 1 1 3 2 0 2 3 2 0 3 1 4 3 2 2 3 1 3 4 2 0 1 16 5      63791      10874       8445 
1386	  96960	1 0 0 1 0 0 1 0 0 1 1 0 1 1 0 1 1 0 1 0 0 1 0 0 1 0 0 1 0 1 1 1 1 1 0 1 1 0 1 1 1 1 1 1 2 1 1 1 1 1 2 1 0 2 1 1 2 1 1 3 1 1 3 1 1 3 1 1 3 2 0 2 3 3 1 3 1 3 3 1 2 3 1 3 4 2 0 1 21 5      65933       8135       8644 
3060	  62860	0 1 0 0 1 0 0 1 1 0 1 1 1 1 0 0 1 1 0 1 1 0 1 1 0 1 1 1 1 1 1 1 1 1 1 0 1 1 1 1 1 1 1 1 2 1 1 1 1 1 2 2 1 1 1 1 2 2 1 1 3 1 0 3 1 0 2 1 1 2 2 0 3 3 1 3 3 1 3 3 1 3 3 1 2 4 1 4 1 17      13216      60177       9821 
6516	  60772	1 0 0 1 0 0 1 0 1 1 0 1 1 1 0 1 0 1 1 0 1 1 0 1 1 0 1 1 1 1 1 1 0 1 1 0 1 1 1 1 1 2 1 1 2 1 1 2 1 1 1 1 1 1 1 1 2 1 2 1 1 3 0 1 3 0 1 2 1 2 2 0 3 3 1 3 3 1 3 3 1 3 3 1 4 2 1 1 5 17      60483      13171       9039 
7605	  56928	1 0 0 1 0 0 1 0 1 1 0 1 1 1 0 1 0 1 1 0 1 1 0 1 1 0 1 1 1 0 1 1 0 1 1 0 1 1 0 1 1 2 1 1 2 1 1 2 1 1 2 1 1 2 1 1 2 1 2 1 1 3 0 1 3 0 1 2 1 2 2 0 3 3 1 3 3 1 3 3 1 3 3 1 4 2 1 1 5 17      60483      13171       9039 
8496	  54816	0 0 1 0 0 1 0 1 1 0 1 1 0 1 1 0 1 1 0 1 1 0 1 1 0 1 1 1 1 1 1 0 1 1 1 1 1 1 1 1 2 1 1 2 1 2 0 1 2 0 1 1 2 1 1 2 1 2 1 1 2 1 1 2 1 1 2 1 1 2 0 2 3 1 3 3 1 3 3 1 3 3 1 3 2 1 4 6 15 1      12967       9443      60553 
0	 172800	1 0 0 1 0 0 1 0 0 1 0 0 1 0 0 1 0 0 1 0 0 1 0 0 1 0 0 1 1 0 1 1 0 1 1 0 1 1 0 1 2 0 1 2 0 1 2 0 1 2 0 1 2 0 1 2 0 1 2 0 1 3 0 1 3 0 1 2 0 2 1 0 3 2 3 3 2 4 2 3 10 3 3 2 4 2 5 2 3 18      63000      13500       5800 
297	 139126	1 0 0 1 0 0 1 1 0 1 0 0 1 1 0 1 1 0 1 0 0 1 0 0 1 0 0 1 0 1 1 1 1 1 1 1 1 1 1 1 0 2 1 1 2 1 0 2 1 1 2 1 0 2 1 1 2 1 1 2 1 1 3 1 1 3 1 2 2 2 1 1 3 2 2 3 4 1 2 5 4 3 1 3 4 3 1 2 12 4      63000       9312      10563 
396	 117500	0 1 0 0 1 0 1 1 0 0 1 0 1 1 0 1 1 0 0 1 0 0 1 0 0 1 0 0 1 1 1 1 1 1 1 1 1 1 1 0 1 2 1 1 1 0 1 2 1 1 1 0 1 2 1 1 2 1 1 2 1 1 3 1 1 3 2 1 2 1 2 1 2 3 2 4 3 1 5 2 5 1 3 3 3 4 1 12 2 5       7250      63000      13250 
693	 107556	1 0 0 1 0 0 1 0 0 1 0 0 1 0 0 1 0 0 1 0 0 1 0 1 1 0 0 1 1 1 1 1 0 1 1 0 1 1 0 1 2 0 1 2 0 1 2 0 1 2 0 1 2 0 1 2 0 1 2 0 1 3 0 1 3 1 1 2 1 2 1 0 3 2 2 3 1 4 2 4 10 3 3 2 4 1 2 2 4 18      65112      12444       5555 
1386	 106000	0 1 0 0 1 0 0 1 0 0 1 0 0 1 0 0 1 0 0 1 0 0 1 0 0 1 0 1 1 1 0 1 1 0 1 1 0 1 1 0 1 2 0 1 2 0 1 2 0 1 2 0 1 2 0 1 2 0 1 2 0 1 3 1 1 3 2 1 2 0 2 1 2 3 2 4 3 1 10 2 4 2 3 3 2 4 1 18 2 4       5000      66000      12000 
1485	  77940	0 0 1 0 0 1 0 1 1 0 1 1 0 1 1 0 1 1 0 0 1 0 1 1 0 1 1 1 1 1 1 1 1 1 1 1 1 1 1 1 1 1 2 0 1 1 1 1 1 2 1 2 1 1 1 1 1 3 0 1 2 1 1 2 2 1 2 2 1 1 1 2 2 2 3 2 2 3 7 2 2 2 2 3 1 1 4 6 11 2      12711       6967      63548 
3060	  73340	0 1 0 0 1 0 0 1 1 0 1 1 0 1 1 0 1 1 0 1 1 0 1 1 0 1 1 1 1 1 1 1 1 1 1 1 1 1 1 1 1 1 2 1 0 1 1 1 1 1 2 2 1 1 1 1 1 3 1 0 2 1 1 2 1 2 2 1 2 1 2 1 2 3 2 2 3 2 7 2 1 2 3 2 1 4 1 6 2 11      13333      63333       6667 
4545	  66672	1 0 0 1 0 0 1 1 0 1 1 0 1 1 0 1 1 0 1 1 0 1 0 1 1 1 0 1 1 1 1 1 1 1 1 1 1 1 1 1 1 1 1 0 2 1 2 1 1 2 1 1 2 1 1 1 1 1 0 3 1 1 2 1 2 2 1 1 2 2 1 1 3 2 2 3 2 2 2 1 7 3 2 2 4 1 1 2 11 6      63334       6666      13334 
10260	  62000	0 0 1 0 0 1 1 0 1 1 0 1 1 0 1 1 0 1 1 0 1 1 0 1 1 0 1 0 1 1 0 1 1 1 1 1 1 1 1 2 1 1 1 1 1 0 2 1 2 1 1 2 1 1 1 1 1 2 2 1 1 2 1 2 2 1 1 2 1 1 1 2 1 2 3 1 2 3 5 6 2 2 2 3 1 1 4 8 9 2       4000      13000      66000 
10359	  53336	0 0 1 0 0 1 0 1 1 0 1 1 0 1 1 0 1 1 0 1 1 1 0 1 0 1 1 1 0 1 1 1 1 1 1 1 1 0 1 2 0 1 2 0 1 1 2 1 1 2 1 1 2 1 1 2 1 3 0 1 2 1 1 2 2 1 2 1 1 1 1 2 2 2 3 2 2 3 7 1 2 1 4 3 1 1 4 6 11 2      13334       6666      63334 
0	 665200	1 0 0 1 0 0 1 0 0 1 0 0 1 0 0 1 0 0 1 0 0 1 0 0 1 0 0 1 1 0 1 1 0 1 1 0 1 1 0 1 2 0 1 2 0 1 2 0 1 2 0 1 2 0 1 2 0 1 2 0 1 2 0 1 2 0 1 2 0 2 2 0 3 3 4 3 3 6 3 3 5 3 3 3 4 2 4 1 2 20      63000      13500       8100 
198	 646916	1 1 0 0 1 0 1 1 0 0 1 0 1 1 0 1 1 0 1 1 0 1 1 0 0 1 0 0 1 1 1 1 1 1 1 1 1 1 1 1 1 1 0 1 2 1 1 2 0 1 2 1 1 2 0 1 2 4 1 2 2 1 2 1 1 2 1 1 2 1 2 2 4 3 3 1 3 3 1 3 3 3 3 3 0 4 2 12 1 3      13455      63000       9182 
396	 604556	0 1 0 0 1 0 0 1 0 0 1 0 0 1 1 0 1 0 0 1 0 0 1 0 0 1 0 1 1 0 1 1 0 1 1 0 1 1 1 2 1 1 2 1 1 2 1 0 2 1 0 2 1 1 2 1 1 2 1 1 2 1 1 2 1 1 2 1 1 2 2 0 3 3 3 3 3 0 3 3 2 3 3 5 2 4 4 2 1 18      12000      63000      10722 
495	 603708	1 1 0 1 1 0 0 1 0 0 1 0 0 1 1 1 1 0 1 1 0 1 1 0 1 1 0 1 1 0 1 1 0 1 1 0 1 1 1 1 1 1 3 1 1 2 1 0 2 1 0 2 1 1 1 1 1 2 1 1 2 1 1 2 1 1 2 1 1 2 2 0 2 3 3 2 3 0 1 3 2 3 3 5 1 4 4 2 1 18      13206      63000      10588 
594	 573572	1 0 1 0 1 1 0 1 1 1 1 1 1 0 1 1 0 1 1 0 1 1 0 1 0 1 1 1 1 1 1 1 1 1 1 1 1 1 1 1 1 1 1 1 1 1 2 1 1 2 1 1 2 1 1 2 1 2 1 1 1 2 1 1 2 1 1 3 1 1 2 2 3 3 3 1 2 3 1 3 3 3 2 3 0 1 4 12 3 1      13819       8428      60893 
792	 546000	1 1 0 1 0 1 1 0 1 1 1 1 1 1 0 1 1 0 1 1 0 1 1 0 1 0 1 1 1 1 1 1 1 1 1 1 1 1 1 1 1 1 1 1 1 1 1 1 1 1 1 1 1 2 1 1 2 1 2 1 1 1 2 1 1 2 1 1 3 2 1 2 3 3 3 3 1 2 3 1 3 3 3 2 4 0 2 1 12 4      56000      14000      14000 
891	 527336	0 1 1 1 1 1 1 0 1 1 0 1 1 0 1 1 0 1 1 0 1 0 1 1 1 0 1 0 1 1 0 1 1 0 1 1 1 1 1 1 1 1 1 1 1 0 3 1 0 2 1 1 2 1 1 2 1 1 2 1 1 2 1 1 2 1 1 2 1 0 2 2 2 1 3 0 3 3 1 3 3 4 3 3 2 1 4 17 3 1      10333      14667      60333 
1089	 477504	0 1 0 1 1 1 1 1 0 1 1 0 1 1 0 1 1 0 1 1 0 1 1 0 1 1 0 0 1 1 0 1 1 0 1 1 1 1 1 1 1 1 1 1 2 0 1 2 0 1 2 1 1 2 1 1 2 1 1 2 1 1 2 1 1 2 1 1 2 0 2 2 2 3 2 0 3 3 1 3 3 3 3 3 2 4 2 17 1 3      10312      59688      15000 
1188	 476880	0 1 0 1 1 1 1 1 0 1 1 0 1 1 0 1 1 0 1 1 0 1 1 0 1 1 0 0 1 1 0 1 1 0 1 2 1 1 1 1 1 1 1 1 1 0 1 2 0 1 2 1 1 2 1 1 2 1 1 2 1 1 2 1 1 2 1 1 2 0 2 2 2 3 2 0 3 3 1 3 3 3 3 3 2 4 2 17 1 3      10312      59688      15000 
1584	 172000	1 0 1 1 0 1 1 0 1 1 0 1 1 0 1 1 0 1 1 0 1 1 0 1 1 0 1 1 1 1 0 2 1 1 1 1 0 1 1 1 1 1 1 1 1 0 2 1 0 2 1 1 1 1 1 1 1 1 2 1 1 2 1 0 3 1 0 3 1 0 3 2 1 3 3 0 3 3 1 3 3 3 3 3 2 2 4 18 2 1      10000      16000      56000 
1782	 146000	0 1 1 0 1 1 0 1 1 1 0 1 0 1 1 0 1 1 0 1 1 0 1 1 1 0 1 1 1 1 1 1 1 1 1 1 1 1 1 1 1 1 2 1 1 1 1 1 1 1 1 1 1 1 1 1 1 1 2 1 2 1 1 2 1 1 2 1 1 2 1 2 3 2 3 4 1 3 3 1 3 3 2 3 2 1 4 5 12 1      16125      12125      53875 
2574	  74724	1 0 0 1 0 0 1 1 0 1 1 0 1 1 0 1 1 0 1 1 0 1 1 0 1 1 0 1 1 1 1 1 1 1 1 1 1 1 1 1 1 1 1 1 1 1 1 2 1 0 2 1 1 2 1 1 2 1 1 2 1 1 2 1 1 2 1 1 2 2 1 2 3 1 3 3 1 3 3 1 3 3 1 3 4 1 2 1 16 4      59623      10377      13585 
4644	  53494	1 0 0 1 0 0 1 1 0 1 1 0 1 1 0 1 1 0 1 1 0 1 1 0 1 1 0 1 1 1 1 1 1 1 1 1 1 1 1 1 2 1 1 2 1 1 1 1 1 2 1 1 0 2 1 0 2 1 1 2 1 1 2 1 1 2 1 1 2 2 0 2 3 1 3 3 1 3 3 1 3 3 1 3 4 0 3 1 16 5      60000       9535      13488 
0	 665200	1 0 0 1 0 0 1 0 0 1 0 0 1 0 0 1 0 0 1 0 0 1 0 0 1 0 0 1 1 0 1 1 0 1 1 0 1 1 0 1 2 0 1 2 0 1 2 0 1 2 0 1 2 0 1 2 0 1 2 0 1 2 0 1 2 0 1 2 0 2 2 0 3 3 5 3 3 3 3 3 4 3 3 6 4 2 4 1 2 20      63000      13500       8100 
198	 586000	0 1 0 1 1 0 1 1 0 0 1 0 0 1 0 1 1 0 1 1 0 1 1 0 0 1 0 0 1 1 1 1 1 0 1 1 0 1 1 1 1 2 1 1 2 1 1 2 1 1 2 1 1 2 0 1 2 0 1 2 1 1 2 1 1 2 0 1 2 0 2 2 4 3 3 1 3 3 1 3 3 2 3 3 2 4 2 19 1 2      10000      63000      13500 
297	 540800	1 0 1 1 0 1 1 0 1 2 1 1 1 0 1 2 0 1 1 0 1 2 0 1 1 0 1 2 0 1 2 1 1 0 1 1 2 1 1 1 1 1 0 2 1 2 1 1 0 2 1 0 2 1 0 2 1 3 2 1 0 2 1 0 2 1 1 2 1 2 2 2 0 3 3 1 2 3 1 2 3 3 4 2 1 5 3 9 2 3       5400      15400      64600 
495	 515012	0 1 1 1 0 1 1 0 1 1 0 1 1 0 1 1 0 1 1 0 1 1 0 1 1 0 1 0 1 1 1 1 1 0 1 1 0 1 1 1 1 1 1 1 1 1 2 1 1 1 1 1 2 1 0 2 1 0 2 1 1 2 1 1 3 1 0 3 1 0 2 2 3 3 3 1 3 3 1 3 3 2 3 3 1 2 4 18 2 1      10555      15278      59445 
693	 486004	1 0 1 0 1 1 0 1 1 0 1 1 0 1 1 0 1 1 0 1 1 0 1 1 1 0 1 1 1 1 1 1 1 1 0 1 1 0 1 1 1 1 2 1 1 1 1 1 2 1 1 2 1 1 3 1 1 2 1 1 2 1 1 2 1 1 2 1 1 2 0 2 3 1 3 3 1 3 2 1 3 3 1 3 2 1 4 2 18 1      13818      10727      59273 
990	 476544	0 1 1 1 0 1 1 0 1 1 0 1 1 0 1 1 0 1 1 0 1 1 0 1 1 0 1 1 1 1 1 1 1 0 1 1 0 1 1 1 1 1 1 2 1 1 1 1 1 1 1 1 2 1 1 2 1 1 2 1 1 2 1 1 3 1 1 3 1 0 2 2 1 3 3 1 3 3 1 3 3 1 3 3 1 2 4 17 2 1      11346      14231      58654 
1089	 152500	0 0 1 0 0 1 0 0 1 0 1 1 1 0 1 1 0 1 1 0 1 1 0 1 1 0 1 2 0 1 0 1 1 1 1 1 1 1 1 1 1 1 1 2 1 2 1 1 1 2 1 1 2 1 1 2 1 1 2 1 2 2 1 2 2 1 1 2 1 2 2 2 1 3 3 1 2 3 2 2 3 0 4 3 2 5 3 12 2 2       8792      10250      63000 
1188	 137116	0 1 1 0 1 1 0 1 1 1 1 0 0 1 1 0 1 1 0 1 1 0 1 1 0 1 1 0 1 2 1 1 1 1 1 0 1 1 0 1 1 1 2 1 1 1 1 1 2 1 1 2 1 0 2 1 0 2 1 1 2 1 1 2 1 1 2 1 1 2 2 0 3 3 1 2 3 1 3 3 1 3 3 1 5 3 1 2 2 18      16222      58778       7222 
1287	 103874	1 0 0 1 0 0 1 0 1 1 1 0 1 0 1 1 0 1 1 0 1 1 0 1 1 0 1 1 1 1 1 1 1 1 1 1 1 1 1 1 1 1 1 1 1 1 1 1 1 2 1 1 1 1 1 2 1 1 2 1 1 2 1 1 2 2 1 2 1 2 1 2 3 3 1 3 2 2 3 2 2 3 5 0 3 6 2 2 2 12      58711      13548      11290 
2376	 101294	0 0 1 0 0 1 0 1 1 1 0 1 0 1 1 0 1 1 0 1 1 0 1 1 0 1 1 1 1 1 1 1 1 1 1 1 1 1 1 1 1 1 1 1 1 2 1 1 2 1 1 1 1 1 2 1 1 1 2 1 2 1 1 2 1 1 2 1 1 1 2 2 3 1 3 2 2 3 2 2 3 5 0 3 6 2 3 2 12 2      13548      11290      58711 
2673	  66250	0 1 0 0 1 0 1 1 0 1 1 0 1 1 0 1 1 0 1 1 0 1 1 0 1 1 0 1 1 1 1 1 1 1 1 1 1 1 1 0 1 2 2 1 1 2 1 1 2 1 1 1 1 1 1 1 1 2 1 2 1 1 2 1 1 2 1 1 2 2 2 1 0 3 3 2 3 2 2 3 2 0 2 7 2 3 6 10 3 2       6250      63750      13125 
4149	  61254	1 0 0 1 0 0 1 0 1 1 0 0 1 0 1 1 0 1 1 0 1 1 0 1 1 0 1 1 1 1 1 1 0 1 1 1 1 1 1 1 1 1 1 2 0 1 1 2 1 1 2 1 1 1 1 1 2 1 2 1 1 3 0 1 2 1 1 2 2 2 1 1 3 3 0 3 2 2 3 2 2 2 7 2 3 6 2 3 1 12      63854      12813       6302 
7803	  52600	1 0 0 1 0 0 1 0 1 1 1 0 1 0 1 1 0 1 1 0 1 1 0 1 1 0 1 1 1 0 1 1 0 1 1 1 1 1 0 1 1 2 1 2 0 1 1 2 1 1 2 1 1 2 1 1 2 1 2 1 1 2 1 1 2 1 1 2 2 2 1 1 3 3 0 3 2 2 3 2 2 2 7 2 3 6 1 3 1 12      63700      13300       6300 
0	 601504	1 0 0 1 0 0 1 0 0 1 0 0 1 0 0 1 0 0 1 0 0 1 0 0 1 0 0 1 1 0 1 1 0 1 1 0 1 1 0 1 2 0 1 2 0 1 2 0 1 2 0 1 2 0 1 2 0 1 2 0 1 2 0 1 2 0 1 2 0 2 2 0 3 3 4 3 3 2 3 3 7 3 3 1 4 2 4 1 2 24      63000      13500       7916 
495	 110270	0 1 0 0 1 0 0 1 0 0 1 0 0 1 0 0 1 0 0 1 0 1 1 0 0 1 0 0 1 1 1 1 1 0 1 1 0 1 1 0 1 2 0 1 2 0 1 2 0 1 2 0 1 2 0 1 2 0 1 2 1 1 2 0 1 3 1 1 3 0 2 2 3 3 1 2 3 3 7 2 5 1 3 3 2 4 0 23 2 2       5391      66000      12000 
891	 108768	1 0 0 1 0 0 1 0 0 1 0 0 1 1 0 1 0 0 1 1 0 1 1 0 1 1 0 1 0 1 1 0 1 1 0 1 1 0 1 1 0 2 1 1 2 1 1 2 1 0 2 1 0 2 1 1 2 1 0 2 1 2 2 1 1 3 1 0 3 2 0 2 3 2 1 3 0 3 2 7 5 3 0 3 4 2 0 2 21 2      66000       5904      12000 
1188	  88000	0 1 0 0 1 0 1 1 0 1 1 0 1 1 0 1 1 0 1 1 0 0 1 0 1 1 0 1 1 1 1 1 1 0 1 1 0 1 1 2 1 1 2 1 1 1 1 2 0 1 2 0 1 2 1 1 2 0 1 2 0 1 3 1 1 2 0 1 3 0 2 2 0 3 3 1 3 3 0 3 3 0 3 3 1 4 2 25 1 2       7600      63000      13500 
1386	  40000	0 1 0 0 1 0 1 1 0 1 1 0 1 1 0 1 1 0 1 1 0 1 1 0 1 1 0 1 1 1 1 1 1 0 1 1 0 1 1 2 1 1 2 1 1 0 1 2 0 1 2 0 1 2 0 1 2 1 1 2 0 1 3 1 1 2 0 1 3 0 2 2 0 3 3 0 3 3 0 3 3 0 3 3 2 4 1 25 1 3       7038      62962      13696 