
0     146894.00     1536800.00
1     144195.00     1471800.00
2     119663.00     1546800.00
3     128706.00     1675300.00
4     103407.00     1528134.00
5      91479.00     1478800.00
6     129912.00     1457800.00
7     116226.00     1305800.00
8     125411.00     1501800.00
9      69663.00     1421800.00
10     121699.00     1578468.00
11      74523.00     1697800.00
12     124316.00     1417800.00
13      88137.00     1546800.00
14     148101.00     1456800.00
15     109698.00     1629678.00
16      65969.00     1511300.00
17     125240.00     1342634.00
18     147831.00     1561800.00
19     135541.00     1457800.00