
0     91579.00     1666000.00
1     15611.00     1696800.00
2     54590.00     1633800.00
3     67164.00     1600468.00
4    101267.00     1610800.00
5     74953.00     1679200.00
6    110696.00     1637800.00
7    137683.00     1676300.00
8    124946.00     1616800.00
9    130582.00     1579800.00
10    179530.00     1572800.00
11     92699.00     1766800.00
12    142059.00     1507800.00
13    171580.00     1777468.00
14     12683.00     1616800.00
15     19173.00     1671134.00
16    146092.00     1603800.00
17    125467.00     1613620.00
18    172195.00     1669134.00
19     17224.00     1654800.00