
0     86019.00     2582300.00
1    111260.00     2843800.00
2    106866.00     2507400.00
3     43959.00     2305134.00
4     97848.00     2476800.00
5    109065.00     2953800.00
6     73474.00     2837800.00
7     96284.00     2479800.00
8     90668.00     2591800.00
9    116397.00     2205300.00
10     69349.00     2804800.00
11     56033.00     2763800.00
12    145409.00     2643800.00
13     33556.00     2390800.00
14     67223.00     2667800.00
15    143957.00     2623800.00
16    124553.00     2758800.00
17    123924.00     2602800.00
18     74282.00     2570200.00
19      5152.00     2844200.00