
0	1114000	0 2 3 9 4 9 6 10 7 10 7 10 8 10 12 2 23 11 1 11 5 12 13 14 20 15 15 16 18 17 18 17 19 17 19 18 16 18 21 20 23 21 22 23 24 24 25 24 14 24 25 24 25 24 26 25 26 25 26 25 27 25 27 26 13 26 28 26 28 26 28 27 28 27 29 27 29 28 29 22 29 29 29 20      63000      36000 
297	 993000	1 0 3 2 3 23 4 5 4 7 18 8 0 9 12 9 13 23 13 10 13 20 13 11 17 14 17 15 16 17 14 18 20 28 19 21 21 22 22 24 5 25 23 25 23 12 24 19 24 25 10 26 24 26 24 26 24 26 25 6 19 27 26 27 26 28 11 28 26 1 27 16 27 15 27 29 28 29 16 29 28 29 28 29      31500      63000 
396	 946000	1 0 3 2 3 7 4 5 4 28 15 8 22 9 18 9 13 3 13 10 13 6 13 11 17 14 21 15 16 17 11 18 20 20 19 21 21 22 19 24 23 25 23 25 23 12 24 25 24 12 24 26 24 26 14 26 24 26 25 6 19 27 26 27 26 28 26 28 10 1 27 16 27 23 27 29 28 29 4 29 28 29 28 29      30000      63000 
693	 751000	8 7 0 4 13 6 1 8 21 24 3 9 17 14 7 25 14 15 5 1 5 0 9 27 4 19 10 20 10 21 12 3 11 22 15 23 27 23 16 23 16 24 16 24 17 25 18 25 18 25 19 26 20 26 22 13 2 27 24 27 24 27 25 6 26 29 12 26 26 11 28 29 28 29 28 2 28 29 28 29 28 29 28 29      40500      49500 
891	 710002	21 0 24 3 24 4 25 1 13 7 24 23 16 8 13 12 15 17 10 11 27 5 28 17 18 29 20 15 19 24 21 18 22 20 22 19 23 16 23 21 23 2 23 22 24 24 24 25 24 14 25 25 25 6 25 26 25 26 26 26 14 27 26 27 26 13 27 10 27 23 27 28 27 28 5 9 28 29 28 29 28 28 29 29      16667      73333 
1089	 670000	29 0 19 3 27 4 20 1 16 7 25 24 27 8 17 12 28 17 10 11 29 15 28 13 18 20 20 15 21 24 29 18 12 5 22 19 23 16 23 21 23 2 23 22 24 24 11 25 24 14 25 25 25 6 25 26 25 26 19 26 26 27 26 27 26 13 14 10 27 23 27 28 27 28 9 9 28 29 28 29 28 28 29 29      20000      70000 
1188	 648000	0 24 3 9 4 11 6 20 21 24 19 22 8 10 12 2 17 21 1 11 5 12 13 14 20 16 15 27 18 15 18 29 2 17 19 23 16 24 10 23 23 21 22 23 24 5 25 24 14 24 25 24 26 24 26 25 26 25 7 25 27 25 27 6 13 11 28 26 28 26 28 27 28 27 29 27 9 28 29 22 29 23 29 20      63000      24000 
1287	 604672	22 0 21 3 29 4 24 1 10 7 27 23 29 8 28 12 16 17 28 11 27 5 14 25 28 20 18 15 25 24 27 18 17 19 29 19 18 16 20 21 21 2 26 22 24 24 24 25 24 14 24 25 24 6 13 26 8 15 11 26 25 27 26 27 26 13 26 10 26 23 27 28 27 28 27 9 28 29 22 29 29 28 20 29      14333      72000 
1485	 550000	0 21 3 29 4 24 1 29 7 27 23 24 8 16 12 13 17 15 11 10 5 26 2 28 20 18 15 27 24 29 18 21 19 22 19 16 16 12 21 28 20 23 22 17 24 24 25 25 14 24 25 25 6 25 26 25 26 25 26 9 27 14 27 26 13 24 10 27 23 27 28 27 28 22 9 11 29 28 29 28 28 28 29 29      65000      20000 
1683	 510000	0 29 3 19 4 27 1 16 7 21 24 15 8 27 12 17 17 18 11 12 15 29 13 27 20 27 23 16 24 21 18 29 5 22 19 14 16 23 21 28 2 22 22 25 24 24 25 11 14 24 25 25 6 25 26 25 26 25 26 19 27 10 27 13 20 26 10 14 23 25 28 27 28 27 9 9 29 28 29 28 28 28 29 29      70000      15000 
1881	 490000	24 0 6 3 27 4 4 6 23 7 17 1 19 8 23 12 24 17 27 11 13 5 12 13 27 20 17 15 16 25 20 18 20 19 21 29 21 16 22 21 23 23 23 22 23 24 24 2 22 14 24 25 24 25 24 26 24 26 25 26 19 27 11 27 18 28 15 10 26 28 27 28 27 28 27 9 9 24 16 29 14 29 10 29      15000      70000 
2178	 105456	0 24 3 26 4 27 6 28 7 23 1 25 8 19 12 23 17 29 11 27 5 13 13 12 20 27 15 17 25 16 18 20 19 20 29 21 16 21 21 22 23 23 22 23 24 23 2 24 14 22 25 24 25 24 26 24 26 24 26 25 27 19 27 11 28 18 10 15 28 26 28 27 28 27 9 27 24 9 29 16 29 14 29 10      65909      16364 
0	1598000	22 0 3 19 6 2 6 2 6 3 26 1 10 4 10 5 10 7 13 21 14 9 15 9 15 11 8 11 16 12 21 12 20 16 23 17 23 17 23 17 24 18 24 18 13 18 25 19 26 20 26 20 27 22 7 24 28 24 28 24 28 24 8 25 28 25 29 14 29 25 29 26 29 27 29 27 29 27 29 28 29 28 29 29      48000      63000 
99	1211000	0 3 1 8 16 6 2 7 3 4 6 23 5 9 8 13 7 17 10 15 11 20 12 15 14 17 14 18 14 19 16 19 18 23 20 16 20 24 21 24 21 25 21 25 22 25 22 12 22 26 24 9 24 26 24 26 2 11 24 27 0 27 25 27 25 28 25 28 26 5 1 10 28 13 28 29 28 29 28 29 29 29 29 29      31500      69000 
297	1134000	2 7 27 27 7 0 8 8 8 1 8 15 9 2 10 3 21 12 11 6 24 5 11 28 13 4 15 26 24 13 16 16 19 15 23 16 22 24 24 17 24 28 25 17 10 27 26 18 27 18 6 19 28 20 28 23 28 29 26 20 14 21 28 21 29 22 12 23 24 25 18 25 29 25 29 14 29 26 29 26 29 26 9 27      36000      63000 
396	 921000	24 10 0 2 0 4 3 18 3 7 28 8 5 8 6 24 6 9 22 26 9 11 26 13 24 14 13 14 16 1 13 15 20 15 16 12 17 17 19 18 19 19 21 20 21 21 12 5 23 22 24 23 25 23 25 24 25 25 10 25 7 25 28 26 28 26 2 27 29 27 29 27 29 28 29 28 29 28 29 27 11 16 29 29      31500      63000 
495	 827000	0 2 0 3 1 4 1 5 23 7 27 11 18 10 1 12 6 8 9 13 5 14 11 25 12 17 14 18 16 9 2 20 26 22 17 23 19 24 19 24 26 23 20 24 21 25 22 0 22 26 13 26 25 15 25 27 26 16 26 6 27 28 27 28 27 19 27 21 27 28 28 29 28 1 28 29 29 29 29 27 29 25 29 29      11250      81000 
594	 808000	7 22 19 0 2 6 29 6 3 6 1 13 4 26 5 10 16 10 21 26 15 28 9 23 11 15 11 26 12 9 12 21 16 23 8 23 17 23 17 23 18 24 18 24 28 10 19 25 20 26 20 26 22 27 13 22 24 28 24 26 24 27 25 8 25 28 14 14 25 23 26 0 27 29 27 28 27 29 28 29 28 29 29 29      63000      27000 
693	 710000	0 4 25 3 8 27 2 6 3 13 1 26 26 10 5 10 7 23 21 16 13 6 15 26 11 19 11 8 14 2 12 21 16 20 9 23 17 23 17 23 18 24 18 24 22 4 19 25 9 26 20 0 22 27 24 7 24 28 24 28 5 28 25 28 25 28 14 12 25 29 26 1 27 29 27 29 27 29 28 29 28 15 29 29      50000      40000 
990	 609600	27 2 21 3 14 4 27 5 29 7 28 11 18 10 27 12 17 8 22 13 5 14 27 25 20 17 19 18 16 9 2 20 27 22 17 23 19 24 19 24 21 23 20 24 21 25 22 0 22 26 13 26 25 15 25 27 26 16 26 6 27 28 27 28 27 19 27 21 27 28 28 29 28 1 28 29 29 29 29 27 29 25 29 26       6800      81000 
1287	 563336	24 2 21 3 14 4 27 5 29 7 26 11 18 10 11 12 17 8 22 13 5 14 27 25 20 17 19 18 16 9 2 20 27 22 17 23 19 24 19 24 21 23 20 24 21 25 22 0 22 26 13 26 15 15 25 27 26 16 26 6 27 28 27 28 27 19 27 21 27 28 28 29 28 1 28 29 29 29 29 27 29 25 29 26      10334      73666 
1386	 510000	18 2 21 3 14 4 27 5 26 7 27 11 28 10 12 12 24 8 9 13 27 14 23 25 20 17 26 18 16 19 22 20 29 22 17 23 19 24 19 24 26 23 20 24 21 25 15 0 22 26 13 26 25 15 25 27 26 16 26 6 11 28 27 28 26 9 27 21 27 28 28 29 28 1 28 10 29 29 29 27 29 25 29 29      15000      70000 
1584	 503600	2 20 3 4 4 14 5 11 7 23 11 9 10 18 12 29 8 26 13 26 14 26 25 28 17 21 18 17 9 16 20 2 22 26 23 17 24 19 24 19 23 26 24 20 25 21 0 22 26 22 26 13 15 24 27 25 16 26 6 26 28 27 28 10 19 27 21 28 28 15 29 28 1 28 29 28 29 29 27 29 25 29 27 29      72000      12800 
1782	 482728	2 29 3 12 4 14 5 24 7 13 11 26 10 27 12 28 8 17 13 18 14 28 25 27 17 20 18 19 9 16 20 14 22 27 23 17 24 9 24 19 23 21 24 20 25 21 0 22 26 22 26 13 15 15 27 25 16 29 6 28 28 27 28 27 19 27 21 27 28 27 29 28 1 28 29 28 29 29 27 29 25 29 26 29      73182      10454 
1881	 136668	2 21 3 11 4 14 5 24 7 23 11 24 10 18 12 15 8 26 13 27 14 26 25 28 17 21 18 28 9 16 20 20 22 26 23 17 24 19 24 19 23 26 24 20 25 15 0 22 26 22 26 13 15 25 27 10 16 26 6 26 28 9 28 12 19 27 21 27 28 27 29 28 1 28 29 28 29 29 27 29 25 27 29 27      66000      16334 
1980	 121600	2 18 3 21 4 14 29 27 7 26 11 10 10 28 12 12 8 24 13 25 14 14 25 23 17 20 18 28 9 16 20 22 22 29 23 17 24 19 24 19 23 26 24 20 25 21 0 15 26 22 26 13 15 25 27 26 16 16 6 26 28 11 28 9 19 26 21 27 28 26 29 28 1 28 5 28 29 29 27 29 25 29 27 29      66000      16400 
0	1698000	2 0 4 1 4 12 5 2 6 7 7 8 8 15 8 9 9 10 10 1 11 23 12 10 13 11 13 16 13 16 14 17 14 17 15 18 17 18 17 19 18 20 19 3 20 21 21 23 22 24 3 24 22 25 23 26 24 26 0 27 24 27 25 27 25 28 25 28 25 28 26 28 27 26 28 29 29 29 29 29 29 29 29 29      63000      48000 
198	1367000	16 0 1 1 3 16 5 3 1 4 20 6 7 21 8 2 8 13 9 27 10 17 11 24 12 17 12 17 13 17 13 18 15 19 15 20 15 20 18 20 19 21 20 22 20 22 10 23 24 24 24 23 24 23 25 7 25 25 6 25 26 26 26 26 14 27 2 28 27 14 27 28 28 28 9 29 5 29 28 29 11 29 29 29      40000      63500 
396	 802000	16 0 29 1 3 16 12 3 1 4 4 6 7 21 8 2 8 13 9 27 10 17 11 24 12 5 28 27 13 17 26 18 15 19 15 20 15 20 18 20 19 21 20 22 20 22 10 23 24 24 24 23 24 23 25 7 25 25 6 25 26 26 26 26 14 27 2 28 27 14 27 28 28 28 9 29 5 29 28 29 11 29 29 25      36000      54000 
594	 770000	1 0 3 1 25 5 4 23 7 3 8 2 9 27 27 6 10 8 11 9 25 26 12 13 12 14 6 14 13 14 28 26 15 15 16 26 16 17 18 17 19 19 20 18 21 20 22 20 22 21 0 23 24 23 24 23 2 24 25 24 25 24 7 25 28 29 28 26 11 26 29 4 29 27 29 27 10 27 29 28 29 28 5 28      45000      45000 
693	 758000	0 16 1 29 16 3 26 12 4 15 6 4 21 7 2 8 13 8 27 9 17 10 24 11 5 12 27 28 17 13 18 26 19 15 23 15 20 29 20 18 21 19 22 12 22 20 11 10 24 24 23 24 23 24 7 25 25 25 25 6 26 26 26 26 27 14 28 2 14 27 28 27 28 28 29 9 3 5 29 28 29 9 25 29      54000      36000 
891	 745000	1 7 3 1 25 26 4 2 7 3 8 2 9 21 27 6 10 8 11 9 12 26 12 13 6 14 13 14 26 17 15 15 17 0 27 16 16 5 18 23 19 19 20 18 21 29 22 20 22 21 0 23 24 23 24 23 4 24 25 24 25 24 28 25 28 26 28 26 11 26 29 25 29 27 29 27 10 27 29 28 29 28 5 28      47500      42500 
990	 730004	1 28 3 2 25 26 23 2 7 3 8 2 9 21 27 24 10 14 11 26 12 26 12 13 6 14 13 14 26 17 15 15 17 9 27 16 16 27 18 23 19 19 20 18 21 14 22 20 22 21 0 23 24 23 24 23 4 24 25 24 25 24 28 26 28 26 28 26 11 26 29 25 29 27 29 27 10 27 29 28 29 28 5 28      66666      23334 
1287	 676000	28 1 19 3 26 25 20 23 6 7 13 2 21 9 24 27 14 8 26 11 25 12 13 12 14 6 14 13 17 26 15 15 9 17 16 27 27 16 11 18 19 19 18 20 10 21 20 22 21 22 14 0 23 24 3 24 24 4 24 25 24 25 26 28 26 28 26 28 26 23 25 29 27 29 27 29 27 10 28 29 28 29 28 5      24000      63000 
1872	 622000	0 9 1 10 2 11 3 12 4 13 5 13 6 14 7 29 8 15 9 15 10 16 11 16 12 17 29 29 14 18 15 18 16 19 17 19 18 20 19 20 20 21 21 21 22 22 23 22 23 23 24 23 24 24 24 24 25 24 25 29 25 25 26 25 26 26 26 13 27 29 27 27 27 27 28 27 28 13 28 28 28 29 29 29      63000      21000 
1971	 260000	0 9 1 10 2 11 3 29 4 19 5 13 6 14 7 29 8 15 9 15 10 16 11 15 26 22 13 17 14 18 29 15 16 29 17 19 18 20 19 20 20 21 21 21 22 22 23 29 23 23 24 25 24 24 24 24 25 24 25 26 25 25 12 25 26 26 26 26 27 12 27 27 27 27 28 27 28 28 28 28 28 29 29 29      63000      21000 
2466	 150500	0 9 1 10 2 11 3 15 4 19 5 13 6 14 7 29 8 16 9 15 10 16 11 15 26 22 13 17 14 18 29 15 16 29 17 19 18 20 19 20 20 21 21 21 22 22 23 29 23 23 24 29 24 29 24 24 25 24 25 13 25 29 12 25 26 26 26 26 27 12 27 27 27 23 28 27 28 15 28 28 28 29 29 29      65500      16750 
0	2264000	0 3 1 3 2 5 3 7 4 7 5 7 6 7 8 8 10 8 11 9 12 9 13 9 14 9 16 14 17 16 18 16 19 17 19 18 23 20 25 20 25 21 25 21 26 21 26 21 26 21 26 22 26 22 26 22 27 23 27 23 27 24 27 24 15 24 28 24 28 24 29 25 29 25 29 25 29 27 29 27 29 28 29 28      81000      45000 
99	1249000	1 26 2 4 2 16 3 5 3 5 4 7 21 7 6 10 8 11 16 11 9 13 12 13 13 15 14 11 14 18 15 18 23 19 17 0 17 27 18 20 18 21 19 0 20 23 20 23 8 23 22 23 22 24 24 27 24 25 24 26 25 27 25 27 9 27 25 28 26 28 26 28 10 28 27 29 28 29 28 29 29 29 29 12      67000      36500 
198	 983000	0 15 1 4 2 10 5 4 22 4 6 7 8 7 8 0 24 9 28 12 9 11 29 11 12 13 10 14 3 16 15 16 17 16 17 18 19 18 21 19 21 20 21 21 23 22 23 23 24 18 13 24 24 24 14 20 25 25 25 25 3 25 26 26 26 26 27 26 27 26 11 27 28 27 28 27 28 27 29 27 29 20 29 29      63000      31500 
396	 710000	26 1 4 28 16 2 5 6 5 3 7 4 7 21 10 6 24 8 11 16 13 9 27 12 15 13 11 14 18 14 28 15 19 25 0 17 26 17 29 29 21 18 0 19 23 20 23 20 23 8 23 22 24 22 27 24 25 24 26 24 27 25 27 25 27 9 2 25 3 26 28 26 28 10 29 27 1 28 29 28 29 29 12 29      40000      50000 
882	 690000	26 1 4 28 16 2 5 6 25 3 7 4 7 21 10 6 24 8 11 16 13 9 27 12 15 13 11 14 8 14 28 15 19 28 0 17 26 17 29 29 21 18 0 19 23 20 23 20 23 18 23 22 24 22 27 24 25 24 26 24 27 25 27 25 27 9 2 25 3 26 5 26 28 10 29 27 1 28 29 28 29 29 12 29      40000      50000 
1080	 670000	15 0 22 1 10 2 4 5 4 22 26 6 7 8 19 8 9 24 17 28 12 9 11 29 0 16 14 24 16 10 16 15 24 17 18 12 21 19 19 18 25 28 21 21 22 23 5 23 23 11 24 13 13 24 20 14 25 25 25 25 25 26 4 20 26 26 26 3 26 27 27 27 27 28 27 28 27 7 6 29 28 29 29 29      25000      65000 
1278	 610500	9 0 27 1 2 2 20 5 29 22 29 6 22 8 28 16 21 24 29 28 10 9 11 19 12 12 13 24 14 10 15 15 16 17 17 25 18 19 24 18 20 28 21 21 22 23 23 23 23 11 24 13 24 4 24 14 3 25 25 25 25 26 26 20 26 26 26 3 27 27 27 27 27 26 28 28 6 7 28 29 28 29 29 29      22750      63000 
1377	 510000	0 9 1 10 2 11 3 12 4 24 5 13 29 24 7 14 8 15 9 2 10 16 11 22 12 17 23 17 29 26 15 18 16 19 17 19 18 20 19 20 20 21 21 21 22 29 23 22 14 23 24 24 24 24 6 24 25 24 25 25 25 25 26 27 26 27 26 26 27 29 27 27 13 27 28 27 28 28 28 28 28 29 29 29      66666      16667 
2745	 167200	29 0 10 1 16 2 24 3 24 4 29 5 23 29 18 7 15 8 27 9 16 10 22 11 17 12 17 23 26 29 18 15 19 16 19 17 20 18 20 19 21 20 21 21 29 22 22 23 23 14 24 24 24 24 24 6 24 25 25 25 12 25 27 26 27 26 26 26 29 27 27 27 9 13 27 28 11 28 14 28 13 28 29 29      16400      66000 
2844	 105336	0 15 1 9 2 10 3 11 4 12 5 27 29 24 7 29 8 28 9 13 10 16 11 22 12 26 23 17 29 26 15 18 16 19 17 19 18 20 19 20 20 21 21 21 22 29 23 22 14 23 24 24 24 24 6 24 25 24 25 25 25 29 26 27 26 25 26 17 27 29 27 27 13 27 28 27 28 27 28 14 28 24 29 29      65998      16334 
0	1624000	27 1 0 4 0 5 16 8 2 8 2 9 3 9 4 10 6 10 10 10 13 22 14 12 28 12 17 13 18 14 18 15 19 15 24 15 21 16 22 17 23 17 23 17 23 19 7 20 24 20 25 21 25 21 25 23 26 24 26 24 28 24 11 25 28 25 28 26 11 26 29 27 29 27 1 27 29 28 29 5 29 29 29 29      63000      48000 
99	1257000	3 6 3 0 5 1 24 2 20 4 11 5 11 6 25 7 12 25 13 7 10 8 14 9 15 10 15 11 15 12 16 13 16 14 17 18 17 9 17 18 17 19 17 20 19 21 19 22 21 23 22 24 23 24 23 25 23 27 24 26 24 26 25 26 25 27 26 27 26 28 26 28 27 28 27 28 28 29 28 29 28 29 29 29      40500      63000 
198	1108000	2 3 2 23 3 10 26 4 6 4 7 5 8 6 9 8 10 9 11 11 12 24 15 0 17 13 17 13 18 25 18 12 19 15 19 16 19 16 20 1 20 23 21 14 21 24 14 24 22 24 22 25 23 25 23 25 25 26 27 26 27 26 27 26 0 27 28 5 28 27 29 28 29 28 29 28 29 28 29 28 29 28 29 7      45000      54000 
297	 786000	16 3 3 0 5 1 24 2 20 4 11 5 21 6 16 7 12 25 13 25 10 8 18 9 15 10 15 11 15 12 16 13 16 14 17 14 23 9 17 18 17 19 17 20 7 21 19 22 21 23 22 24 23 24 23 25 23 27 24 26 24 26 25 26 25 27 26 27 26 28 26 24 27 28 27 28 28 29 28 29 28 29 29 29      27000      63000 
396	 748000	3 16 3 0 5 1 8 2 20 4 21 25 11 6 28 7 12 25 13 7 10 8 14 5 15 10 15 11 15 12 16 13 16 14 4 18 17 9 22 18 17 19 17 20 19 21 19 22 21 23 22 24 23 24 23 25 23 27 24 26 24 26 25 26 25 27 26 27 26 28 9 28 27 28 27 24 3 29 28 29 28 29 29 29      27000      63000 
594	 684506	14 5 2 4 24 15 3 0 6 4 29 5 17 6 9 7 10 9 25 11 12 28 15 8 13 24 17 7 18 23 26 13 18 23 19 3 19 16 20 1 20 10 21 14 21 24 16 24 22 24 22 25 23 25 23 25 25 26 12 26 27 26 27 26 0 27 28 27 28 27 29 28 29 28 29 8 2 24 29 28 11 28 29 1      46668      40083 
1368	 540000	24 0 10 1 11 29 9 3 13 4 24 5 14 6 29 7 15 8 24 9 29 10 16 11 17 12 28 13 18 14 18 15 19 16 19 29 20 18 20 19 21 20 21 21 22 22 22 23 23 23 12 24 24 17 24 24 24 25 25 25 25 25 25 26 26 26 26 26 26 27 27 27 27 2 27 28 28 28 28 27 29 28 29 29      15000      70000 
1566	 505000	14 0 24 1 24 24 28 3 28 4 29 5 17 6 9 7 10 8 28 9 29 10 15 11 18 12 17 13 26 14 26 15 25 16 19 29 19 18 20 19 20 20 21 21 21 22 16 23 22 23 22 24 23 17 23 24 25 25 12 25 27 25 27 26 13 26 28 26 28 27 29 27 29 2 29 28 2 28 29 27 11 28 29 29      17500      65000 
1764	 480000	9 11 10 0 25 1 29 2 25 4 28 5 25 6 14 7 28 25 15 3 16 8 29 24 17 10 20 16 16 15 18 13 19 14 19 17 28 9 20 18 21 19 21 20 22 21 22 22 23 23 12 24 24 24 11 25 24 27 25 26 25 26 25 26 2 27 26 27 26 12 27 28 13 28 27 28 28 29 28 29 29 23 29 29      16000      67000 
1962	 207200	14 0 24 1 24 24 28 3 24 4 29 5 17 6 9 7 10 8 11 28 27 10 15 11 18 12 29 13 26 14 26 15 25 16 19 29 19 18 20 19 20 20 21 21 21 22 16 23 22 23 22 24 23 17 23 24 25 25 12 25 9 25 27 26 13 26 28 26 28 27 29 27 29 2 29 28 9 28 29 27 9 28 29 29      18400      63200 
2061	 138670	9 11 28 0 11 1 25 2 29 4 25 5 19 6 14 7 15 25 29 3 29 8 16 24 29 10 16 16 20 28 18 13 29 14 19 17 20 9 29 18 21 19 21 20 22 21 22 22 23 23 29 24 10 24 24 25 24 27 25 26 25 26 25 26 26 27 27 27 17 12 27 28 13 28 12 28 14 29 17 29 29 23 29 15      16445      65998 
2259	 105600	0 18 1 10 29 11 3 21 4 13 5 24 6 25 7 28 8 15 9 24 10 29 11 14 12 17 13 29 14 18 15 20 16 19 29 19 18 20 19 29 20 21 21 16 22 22 23 22 23 23 24 12 17 24 24 24 25 24 25 28 25 24 26 25 26 28 26 26 27 26 27 9 2 27 28 27 28 28 27 28 28 29 29 29      66000      16400 
0	1674000	2 2 4 24 20 4 10 5 11 6 13 12 14 7 14 1 17 19 17 8 18 24 19 8 20 8 20 9 21 10 21 13 22 13 22 13 3 13 24 15 25 15 25 15 25 0 25 16 25 16 25 18 1 21 26 22 26 22 26 23 27 23 28 23 11 24 29 26 9 26 29 27 29 27 29 27 29 27 29 28 3 28 29 28      40500      72000 
99	 763334	21 2 0 14 15 3 1 4 2 5 25 6 3 27 4 7 6 10 7 12 8 12 9 14 10 16 9 16 13 18 13 29 26 19 17 19 18 19 20 17 20 21 29 21 22 22 0 11 23 24 23 24 23 24 24 25 24 26 25 11 25 27 25 15 26 5 26 28 26 28 8 28 27 29 27 14 27 29 28 29 28 29 28 1      46667      43333 
585	 676000	9 1 12 27 27 19 4 23 5 9 24 1 6 10 7 26 8 27 10 7 25 12 13 13 14 28 25 14 15 26 17 15 17 16 16 27 18 19 18 20 19 21 20 27 2 21 22 21 22 21 23 23 24 23 24 23 3 1 25 24 26 24 26 20 0 25 11 26 27 26 28 28 28 28 28 29 29 29 29 28 29 29 11 29      63000      22750 
684	 670000	0 29 1 21 2 29 3 9 4 29 5 29 6 27 7 7 8 10 9 12 10 12 11 20 12 16 13 16 14 18 15 29 16 19 17 29 18 19 19 17 20 21 21 29 22 22 23 24 23 24 24 23 24 29 24 25 25 26 25 11 25 27 26 15 26 5 26 28 27 28 27 28 27 29 28 14 28 29 28 29 28 13 29 1      71000      19000 
981	 599288	20 0 21 1 29 2 9 3 22 4 29 5 25 6 12 7 10 8 20 9 29 10 4 11 16 12 16 13 18 14 29 15 19 16 29 17 19 18 17 19 21 20 29 21 22 22 24 23 24 23 23 24 29 24 25 24 26 25 11 25 27 25 15 26 5 26 28 26 28 27 28 27 29 27 14 28 29 28 29 28 13 28 1 29      18786      64143 
1179	 498000	20 0 21 1 29 2 9 3 22 4 29 5 25 6 12 7 10 8 20 9 29 10 28 11 16 12 28 29 18 14 29 15 19 16 29 17 19 18 17 19 21 20 29 21 22 22 24 23 24 23 23 24 13 24 25 24 26 13 11 25 27 25 15 26 5 26 28 26 28 27 28 27 29 27 14 28 29 25 29 28 13 28 6 29      16000      68000 
1962	 495000	20 0 21 1 29 2 9 3 28 4 22 5 25 6 12 7 10 8 20 9 29 10 27 11 16 12 28 29 18 14 29 15 19 16 29 17 19 18 17 19 21 20 29 21 22 22 24 23 24 23 23 24 13 24 25 24 26 13 11 25 27 25 15 26 5 26 28 26 28 27 28 27 29 27 14 28 29 25 29 28 13 28 14 29      17500      65000 
2061	 105884	0 20 1 21 2 29 3 9 4 28 5 22 6 25 7 12 8 10 9 20 10 29 11 27 12 16 29 28 14 18 15 29 16 19 17 29 18 19 19 17 20 21 21 29 22 22 23 24 23 24 24 23 24 13 24 25 13 26 25 11 25 27 26 15 26 29 26 28 27 28 27 28 27 26 28 29 25 29 28 29 28 13 29 14      65881      16471 
0	1363500	22 1 0 25 16 3 1 5 3 5 4 21 6 12 7 2 10 12 9 12 11 12 12 13 13 14 14 2 16 26 18 17 18 19 20 19 17 19 22 19 15 19 23 20 23 21 8 21 24 23 25 23 26 24 26 24 27 25 27 25 27 25 11 25 27 26 10 24 28 15 28 26 28 24 28 28 29 29 29 29 29 29 29 29      72000      33750 
99	1136000	5 23 0 16 2 4 4 8 7 8 9 10 6 20 3 10 13 11 17 11 19 14 21 14 22 15 22 16 12 16 23 17 24 18 24 18 25 19 25 19 25 20 25 20 9 21 26 23 27 23 15 24 27 24 27 24 1 24 28 3 12 26 28 26 14 26 28 26 28 26 28 27 13 27 28 28 28 28 29 29 29 29 29 18      63000      36000 
297	 776668	26 22 7 0 25 16 3 1 5 3 21 4 12 6 2 7 12 10 12 9 12 11 13 29 14 13 2 14 26 16 17 18 9 18 19 20 19 17 19 22 19 15 20 23 21 23 21 8 23 24 6 25 24 26 24 26 25 27 25 27 25 27 25 11 26 27 24 10 15 28 26 28 8 28 28 28 29 29 5 24 4 29 29 29      33333      56667 
495	 700668	22 26 0 7 16 25 1 3 3 5 4 21 6 28 7 2 10 12 9 12 11 12 29 13 13 14 14 2 16 20 18 17 18 9 20 19 17 27 22 19 15 19 23 20 23 21 8 21 24 23 25 6 26 24 26 24 27 25 27 25 27 25 11 25 27 26 10 24 28 15 28 26 28 8 28 28 29 29 24 5 29 4 29 29      54000      33334 
882	 695000	0 9 1 10 2 11 3 12 4 29 5 13 6 14 7 29 8 15 9 15 10 16 11 29 12 17 13 3 14 18 15 18 16 19 17 19 18 20 19 20 20 21 21 21 22 29 23 22 23 29 24 23 24 24 24 24 25 24 25 29 25 25 26 25 26 26 26 26 27 26 27 27 27 27 28 27 28 28 28 29 28 29 29 29      66250      23750 
981	 605000	0 9 1 10 2 11 3 12 4 13 5 14 6 14 7 14 8 15 9 22 10 7 11 16 12 17 13 17 29 25 15 18 16 19 17 29 18 20 19 20 20 21 21 21 4 22 23 22 23 23 24 22 24 24 24 24 25 5 25 29 25 25 26 19 26 26 26 26 27 29 27 27 27 27 28 14 28 28 28 29 28 29 29 29      63000      22500 
1278	 576000	0 9 1 10 2 11 3 27 4 13 5 14 6 14 7 14 8 15 9 22 10 7 11 16 12 6 13 17 29 25 15 18 16 19 17 29 18 20 19 20 20 21 21 21 4 22 23 22 23 23 24 22 24 24 24 24 25 29 25 29 25 25 26 19 26 26 26 26 27 29 27 27 27 12 28 14 28 28 28 29 28 29 29 29      63000      22500 
1377	 152500	0 9 1 10 2 11 3 12 22 13 5 14 6 14 7 14 8 15 9 22 10 29 11 16 12 17 13 17 29 25 15 18 16 19 17 29 18 20 19 20 20 21 21 21 4 13 23 22 23 23 24 28 24 24 24 24 25 14 25 29 25 25 26 19 26 26 26 26 27 29 27 29 27 27 28 14 28 28 28 29 28 29 29 29      65500      16750 
1575	 122224	0 9 1 23 24 14 3 17 4 25 5 14 6 13 7 14 8 28 9 24 10 15 11 16 12 28 13 14 29 25 15 18 16 19 17 12 18 20 19 20 20 21 21 21 22 22 23 11 23 15 24 22 2 24 24 28 25 26 25 29 25 28 26 19 26 26 26 10 27 29 27 27 27 13 28 14 28 28 29 29 28 29 29 29      65557      16666 
1872	 104446	9 0 24 1 23 24 27 3 16 4 17 5 28 6 14 7 29 8 28 9 17 10 25 11 28 12 14 13 25 29 18 15 19 16 12 17 20 18 20 19 21 20 21 21 22 22 14 23 15 23 22 24 11 2 24 24 14 25 10 25 28 25 19 26 26 26 26 26 29 27 27 27 13 27 14 28 28 28 29 29 29 28 29 29      16669      65554 
0	1744000	1 0 3 5 4 0 4 1 4 1 6 27 9 3 23 7 10 7 10 12 11 12 11 12 13 13 14 24 15 15 18 16 18 16 2 16 19 17 19 17 20 9 20 17 23 20 24 21 24 27 25 21 25 5 25 22 26 22 26 23 26 24 26 26 26 26 14 27 28 27 28 27 8 28 29 28 29 28 29 28 29 29 29 29      69000      45000 
99	1351000	1 0 4 0 6 3 8 15 2 4 9 4 13 5 11 7 14 7 14 7 15 8 12 25 16 21 17 12 17 14 21 19 18 19 18 5 19 23 20 13 20 23 20 23 22 23 22 23 10 2 24 24 24 24 25 25 25 26 26 26 26 26 27 27 27 27 3 27 28 29 28 29 28 29 28 16 28 29 28 29 29 29 29 29      72000      31500 
297	1259000	0 15 2 3 3 5 4 6 7 7 8 0 9 14 9 10 11 12 5 13 17 13 17 1 18 14 18 15 18 16 20 16 20 18 21 19 21 19 27 22 22 23 22 24 22 24 23 25 23 25 24 25 4 26 24 26 24 27 2 27 12 27 10 28 25 28 6 28 25 29 25 8 26 29 26 29 27 29 28 29 28 29 28 11      49500      54000 
396	 771668	5 0 6 1 14 2 7 3 23 3 9 17 9 17 24 12 10 7 10 8 5 11 12 19 16 23 29 1 13 14 13 16 4 20 15 18 15 21 15 21 17 22 18 24 19 22 0 23 20 24 23 24 4 25 24 29 25 26 25 8 25 27 26 27 6 27 26 28 26 28 26 28 27 29 27 29 28 25 28 11 28 2 29 29      40500      49666 
693	 738000	8 0 20 3 4 22 28 25 27 4 27 6 19 19 12 7 24 28 15 10 16 2 16 15 19 11 28 13 21 14 20 21 23 16 27 17 21 18 21 8 22 24 14 20 24 12 24 23 25 23 25 24 25 25 26 25 26 26 26 26 0 26 27 27 27 27 28 9 13 28 28 1 29 24 29 28 29 29 29 5 29 29 29 29       9000      81000 
792	 520000	0 11 3 20 22 22 25 28 4 9 6 10 19 19 7 12 28 18 10 15 2 16 15 16 11 19 13 28 14 21 21 20 16 27 17 27 18 21 8 17 24 22 20 14 12 27 23 24 23 25 24 25 25 25 25 26 26 26 26 26 26 0 27 27 27 27 9 28 28 13 1 28 24 29 28 29 29 29 5 29 29 27 29 29      70000      15000 
1089	 121600	0 11 3 20 22 13 25 28 4 9 6 10 19 19 7 12 28 18 10 15 2 16 15 16 11 19 13 28 14 21 21 20 16 27 17 27 18 21 8 17 24 22 20 14 12 27 23 24 23 25 24 25 25 23 25 28 26 26 26 26 26 22 27 27 27 27 9 28 28 13 1 28 24 29 28 29 29 29 5 29 29 27 29 29      66000      16400 
1188	 105600	0 11 3 20 22 13 25 28 4 9 6 10 19 19 7 12 28 18 10 15 2 16 15 16 11 19 13 28 14 21 21 20 16 27 17 27 18 21 8 17 24 22 20 14 12 27 23 24 23 25 24 25 25 23 25 28 26 26 26 26 26 22 27 27 27 27 9 28 28 24 1 28 24 29 28 29 29 29 5 29 29 27 29 29      66000      16400 
0	1559000	1 0 1 2 2 3 4 3 5 4 5 4 10 22 11 6 17 7 11 8 17 10 12 12 13 12 23 12 13 15 14 15 15 22 15 9 16 18 17 18 18 18 19 19 20 19 21 20 23 21 24 21 24 24 25 24 25 25 25 16 25 25 26 26 9 27 26 27 14 27 26 28 26 28 28 28 29 23 29 28 29 29 29 29      40500      69000 
99	1063000	24 0 1 17 2 4 2 4 3 6 3 9 5 10 5 11 6 12 8 12 8 13 21 15 28 14 10 16 11 16 13 17 13 18 13 7 14 19 15 19 18 20 23 20 23 21 23 22 9 22 24 22 24 23 24 24 24 25 25 25 26 25 26 1 26 27 26 27 26 27 26 27 27 28 27 29 28 29 28 29 28 29 29 28      34500      63000 
396	 760000	0 8 16 5 1 6 3 6 4 15 5 7 18 2 28 9 8 9 0 10 12 1 21 11 12 11 13 13 14 19 20 4 14 19 15 20 29 22 16 23 17 10 17 24 18 27 20 24 21 24 3 25 7 25 22 25 22 26 24 26 24 26 25 26 25 27 26 27 27 28 27 23 28 29 28 29 28 23 28 29 29 29 2 29      45000      45000 
495	 720000	24 0 28 26 2 4 2 4 3 6 3 9 5 10 5 11 6 12 8 12 8 13 21 15 28 14 10 16 25 16 13 17 13 18 13 7 14 19 15 19 18 20 23 20 23 21 23 17 9 22 24 22 24 23 24 24 24 25 25 25 26 25 26 1 26 27 11 27 26 27 26 27 27 28 7 29 28 29 28 29 28 29 29 28      35000      55000 
792	 660000	24 0 1 2 2 3 19 29 0 17 25 4 20 14 11 6 17 7 11 8 24 10 12 22 13 23 23 12 13 27 14 15 13 22 15 9 16 5 29 26 18 18 19 19 20 26 21 20 1 21 24 21 24 24 13 24 25 25 25 16 25 25 1 26 9 27 26 27 7 27 11 28 26 28 28 28 29 23 10 28 29 29 29 29      24000      63000 
1575	 591000	0 24 2 1 3 24 29 8 17 29 4 25 14 20 6 11 7 28 8 11 10 24 22 12 23 13 12 23 27 19 15 14 22 13 9 15 5 16 26 29 18 18 19 19 26 20 20 17 21 1 21 24 24 24 24 13 25 25 16 25 25 25 26 1 27 9 27 13 27 11 28 11 28 26 28 6 23 10 28 26 29 29 29 29      64875      20250 
1674	 579200	0 24 2 3 3 2 29 6 17 26 4 25 14 20 6 11 7 17 8 11 10 24 22 12 23 13 12 23 27 13 15 14 22 13 9 15 5 16 26 29 18 18 19 19 26 20 20 21 1 21 21 24 24 24 24 13 25 25 16 25 25 25 26 19 27 9 27 26 27 29 28 11 28 11 28 28 23 24 28 10 29 29 29 29      63000      20800 
1773	 519290	0 9 1 16 2 10 3 29 4 13 5 3 6 12 7 14 8 29 9 15 10 16 11 29 12 29 13 17 14 18 15 18 16 19 17 19 18 20 19 29 20 21 21 21 22 22 23 22 23 29 24 23 24 24 24 24 25 20 25 25 25 11 26 25 26 6 26 26 27 26 27 29 27 27 28 27 28 29 28 28 28 29 29 29      64143      18786 
2169	 510000	9 0 7 1 24 2 29 29 13 4 24 5 12 6 14 7 29 3 15 9 16 10 20 11 17 12 29 13 24 14 18 15 19 16 19 17 20 18 29 19 21 20 21 21 22 22 22 23 23 23 4 24 24 26 24 24 24 25 25 25 11 25 25 8 26 26 26 26 5 27 27 27 10 27 27 28 29 28 28 28 29 28 29 29      17334      65332 
2466	 105888	0 9 1 13 2 10 3 29 4 13 5 29 6 12 7 14 8 29 9 15 10 16 11 29 12 29 13 17 14 18 15 29 16 19 17 19 18 20 19 29 20 21 21 21 22 22 23 22 23 29 24 23 24 24 24 24 25 20 25 25 25 11 26 25 26 29 26 26 27 26 27 29 27 27 28 27 28 29 28 28 28 29 29 29      65882      16471 
0	1434000	5 0 8 1 11 22 11 2 12 3 15 5 18 6 18 6 19 6 16 6 21 6 21 9 22 10 23 10 4 7 24 13 25 13 25 14 25 14 25 15 26 16 26 17 26 18 26 18 12 19 27 19 28 20 28 20 2 23 28 23 4 24 28 24 29 24 29 25 9 26 29 26 8 27 29 27 29 27 29 28 29 28 29 17      45000      63000 
99	1080000	2 0 3 0 4 0 5 4 22 3 6 2 7 7 1 2 22 6 19 8 14 9 15 9 28 10 27 20 17 11 21 12 26 12 23 13 24 13 24 14 20 15 24 15 25 16 25 16 25 18 5 18 26 19 27 21 27 21 28 23 28 23 28 24 11 24 10 24 29 17 8 25 29 26 29 26 29 26 29 27 29 28 29 28      55500      40500 
297	 827000	0 2 0 3 25 4 4 5 3 22 18 6 7 7 2 1 6 22 8 19 9 14 9 27 10 28 20 27 11 17 12 21 12 26 13 23 13 24 14 24 15 20 15 21 16 25 16 25 18 25 18 5 19 26 21 27 13 27 23 28 23 28 24 28 24 11 24 10 17 29 25 8 26 23 26 29 26 29 27 29 28 29 28 1      40500      50400 
396	 782224	27 2 0 3 25 4 4 5 3 22 29 6 7 7 2 1 6 22 8 19 9 14 0 15 10 28 20 27 11 17 12 21 12 26 13 23 13 9 14 24 15 20 15 24 16 25 16 25 18 25 1 5 19 26 21 27 21 27 23 28 23 28 24 28 24 11 24 10 17 29 25 8 26 29 26 29 26 29 27 18 28 13 28 29      43888      47224 
495	 776670	25 0 3 0 4 0 5 4 22 3 9 2 7 7 1 2 22 6 19 8 14 5 15 9 23 10 27 20 17 11 21 12 26 12 23 13 24 13 24 14 12 15 20 28 25 16 25 16 25 18 6 18 26 19 27 21 27 27 28 23 28 23 28 24 11 24 10 24 29 17 8 25 1 26 29 26 29 26 29 27 29 28 29 28      46667      43333 
594	 730000	2 27 3 29 4 0 5 4 22 3 6 29 7 7 1 2 22 6 19 8 15 9 21 25 28 10 27 20 17 11 21 12 26 12 23 14 9 13 24 14 20 25 24 15 16 16 25 14 25 18 5 1 26 19 27 23 27 21 28 23 28 23 28 24 11 24 10 24 0 17 8 25 29 26 29 26 29 26 18 27 13 28 29 28      50000      40000 
891	 684000	2 27 3 26 4 12 5 4 22 3 6 29 7 7 1 2 22 6 19 28 15 9 21 25 28 10 27 20 17 11 21 12 26 12 23 14 9 13 24 14 20 25 24 15 16 16 25 14 25 18 5 25 26 19 27 23 27 8 28 23 28 23 28 24 11 24 10 24 0 17 8 25 29 26 29 26 29 26 18 27 13 20 29 24      63000      27000 
1188	 656000	27 2 26 3 19 4 4 5 18 22 29 6 7 7 2 1 25 22 28 19 9 15 12 21 10 28 20 26 11 17 12 21 12 27 14 23 13 9 14 24 25 20 15 24 16 3 14 25 5 25 25 16 19 26 23 27 14 27 23 28 23 28 24 28 24 11 24 10 17 0 25 8 26 29 26 29 26 29 27 18 20 13 24 29      26000      63000 
1773	 651430	2 27 3 26 4 12 5 4 22 18 6 29 7 28 1 23 22 25 19 8 15 9 21 7 28 10 26 20 17 11 21 12 27 12 23 14 9 13 24 14 20 25 24 15 3 16 25 14 25 19 16 25 26 19 27 23 27 14 28 23 28 23 28 24 11 24 10 24 0 17 8 25 29 26 29 26 29 26 18 27 13 20 29 24      63570      25715 
2169	 613000	24 12 3 25 4 27 16 28 22 11 18 2 7 25 13 24 22 2 19 2 14 29 15 20 23 10 27 20 17 19 21 12 26 12 23 13 0 9 24 14 21 15 20 3 25 16 25 28 25 18 6 8 26 19 27 26 27 27 28 23 28 4 28 24 11 24 10 24 29 17 8 12 1 26 9 26 5 26 29 0 29 28 29 28      63000      22750 
2268	 490000	0 17 1 27 2 13 27 16 4 18 5 26 6 28 7 27 8 22 9 19 10 22 11 15 12 0 13 27 14 27 15 21 16 20 17 26 18 24 19 19 20 20 21 14 22 21 23 3 23 25 24 12 24 29 24 27 29 27 25 28 25 28 26 28 26 11 26 10 29 29 3 9 27 23 25 29 28 18 28 29 28 29 29 28      70000      15000 
0	1700000	1 4 26 4 2 5 7 5 7 9 8 10 8 10 9 12 9 12 11 12 21 12 6 15 3 12 15 13 18 14 18 16 19 16 17 17 21 18 22 19 23 19 24 20 25 20 0 22 27 23 11 23 27 23 28 24 28 24 28 25 28 25 29 25 29 26 29 26 29 13 29 26 29 24 14 27 29 27 29 27 29 27 29 28      63000      48000 
99	1284000	2 0 4 1 4 3 5 5 24 2 6 9 6 7 11 8 13 10 14 11 15 16 17 16 17 16 18 15 18 18 24 19 20 19 20 20 21 12 21 22 21 22 23 29 23 23 14 23 24 24 25 24 25 25 13 17 26 25 26 25 26 25 26 26 27 26 27 26 27 27 14 27 27 28 27 28 29 28 29 28 13 29 29 29      31500      72000 
297	 855336	23 0 23 25 26 2 23 11 19 6 23 7 6 4 17 9 9 3 10 12 25 12 25 27 25 13 13 5 11 19 22 14 20 15 20 18 21 20 21 21 8 22 23 24 23 26 24 24 24 25 24 17 24 26 24 1 25 23 25 27 25 27 26 16 26 28 26 28 26 28 26 28 27 10 27 29 27 29 27 29 28 29 28 8      11333      81000 
495	 814000	2 0 4 1 4 3 5 5 24 2 6 9 24 7 11 8 4 10 14 11 15 16 17 16 17 13 18 15 18 6 24 19 20 19 18 20 21 12 21 22 21 22 18 29 23 23 14 23 24 24 9 24 25 25 13 17 26 25 26 21 26 25 26 26 27 26 27 10 27 27 14 27 27 28 12 28 29 28 29 28 13 29 29 29      27000      63000 
792	 690000	14 0 21 25 19 2 11 11 6 6 7 7 4 4 9 9 27 3 12 28 28 12 27 24 13 13 5 5 19 19 28 14 15 15 18 18 20 20 21 21 22 22 24 24 26 26 24 24 25 25 17 17 26 26 1 1 23 23 27 27 27 27 16 16 28 25 28 28 28 26 28 28 10 10 29 29 29 29 29 29 29 23 8 8      20000      70000 
891	 550000	0 18 25 19 2 23 11 23 6 15 7 25 4 17 9 11 3 9 12 10 12 14 27 22 13 25 5 13 19 19 14 22 15 20 18 20 20 21 21 21 22 8 24 23 26 23 24 24 25 24 17 24 26 24 1 24 23 25 27 25 27 23 16 26 28 26 28 26 28 26 28 26 10 27 29 24 29 27 29 27 29 16 8 25      70000      16000 
1089	 500000	22 0 26 25 19 2 11 11 20 6 26 7 26 4 9 9 25 3 12 24 21 12 15 27 13 13 28 5 19 19 14 14 15 15 18 18 20 20 21 21 22 25 24 24 26 26 24 24 25 25 17 17 26 26 5 1 23 23 27 27 27 27 16 16 28 28 28 23 28 28 28 28 10 10 29 22 29 29 29 29 29 29 8 8      17500      65000 
1287	 170000	18 0 19 25 23 2 16 11 15 6 25 7 29 4 27 9 9 3 17 12 14 26 22 27 25 13 13 5 19 19 22 14 20 15 20 18 21 20 21 21 23 22 23 24 23 26 24 24 24 25 24 17 24 26 24 1 25 23 25 27 23 27 11 16 10 28 26 28 26 28 26 28 27 10 24 29 27 29 12 29 16 29 25 8      16500      66000 
1485	 105456	0 18 25 19 2 23 11 16 6 15 7 25 4 29 9 27 3 9 12 17 26 14 27 22 13 25 5 13 19 19 14 22 15 20 18 20 20 21 21 21 22 23 24 23 26 23 24 24 25 24 17 24 26 24 1 24 23 25 27 25 27 23 16 11 28 10 28 26 28 25 28 26 10 27 29 24 29 28 29 12 29 16 8 25      65909      16364 
0	1609000	0 0 0 4 1 4 3 4 5 5 5 6 6 7 7 8 9 8 9 9 10 11 11 2 11 26 12 18 17 13 14 13 15 14 15 17 23 19 18 19 16 20 16 18 16 21 19 22 20 24 21 24 22 24 23 24 23 25 24 25 25 25 26 25 26 27 26 2 27 28 27 28 27 28 28 28 29 28 10 28 29 29 29 29      72000      40500 
198	 987000	0 24 4 0 4 1 20 3 5 3 6 5 7 6 8 7 8 9 27 9 11 10 2 11 26 12 18 12 13 17 13 14 14 15 17 15 19 23 19 18 20 16 18 16 21 29 22 19 24 20 1 21 24 22 24 23 25 23 25 24 25 25 25 26 27 26 2 26 28 27 28 27 28 27 28 28 28 29 28 10 29 29 29 29      40500      55500 
396	 921116	24 0 0 4 1 4 3 20 3 5 5 6 6 7 7 8 9 8 9 22 10 29 11 2 11 26 12 13 17 13 14 13 15 14 15 17 23 19 18 19 16 20 26 18 16 21 19 22 20 24 21 12 22 24 23 24 23 25 24 25 25 25 26 25 26 27 26 2 27 28 27 28 27 28 28 28 29 28 10 28 29 29 29 29      56454      37638 
594	 899500	24 0 0 19 1 4 3 4 3 5 5 6 6 12 7 8 9 3 26 9 10 11 11 2 23 23 12 18 17 13 14 13 29 14 15 17 27 23 18 19 16 20 16 7 13 21 19 22 20 24 21 8 22 24 23 24 23 25 24 25 25 25 26 25 26 15 26 2 27 28 27 28 27 28 28 28 29 28 10 28 29 29 29 29      54000      38250 
693	 889000	0 24 26 0 4 1 20 3 5 3 6 5 7 6 8 7 8 4 22 9 29 10 2 11 28 11 27 12 13 17 13 14 14 15 17 15 19 23 19 18 20 16 18 26 21 16 22 19 24 20 12 21 24 22 24 23 25 23 25 24 25 25 25 26 27 26 2 26 9 27 28 27 28 27 28 28 28 29 28 10 29 29 29 29      40500      54000 
891	 770000	3 26 4 11 9 27 25 5 11 4 12 7 12 25 20 8 13 9 13 23 24 10 14 10 22 15 17 19 18 16 2 16 15 17 21 18 29 19 26 25 1 20 24 25 3 22 0 13 25 23 7 23 26 24 6 24 12 24 27 6 27 21 27 26 28 26 1 2 8 29 29 27 29 14 29 28 5 28 29 28 29 0 29 28      31667      58333 
1089	 690000	3 26 4 28 9 27 24 11 11 4 20 7 12 25 29 8 13 9 27 23 24 10 14 5 22 15 17 19 18 16 2 16 15 17 21 18 29 19 26 25 1 20 24 25 3 22 0 13 25 23 7 23 26 24 6 24 12 24 27 6 27 21 27 26 28 26 1 2 8 25 29 27 29 14 29 28 5 28 29 28 10 0 29 28      40000      50000 
1386	 643334	0 24 26 21 4 16 15 7 5 29 6 5 23 16 8 7 26 25 22 22 1 10 3 11 28 27 27 12 10 13 13 27 14 17 17 15 19 23 19 18 20 16 18 16 21 7 14 3 24 20 12 21 24 22 24 23 25 23 25 24 11 26 25 26 27 26 2 26 9 27 29 27 9 23 28 28 28 29 28 20 29 29 29 29      63333      22500 
1683	 562000	26 28 21 0 24 2 24 3 22 5 28 1 29 6 8 7 8 9 9 13 18 4 25 26 20 11 24 12 29 17 13 14 24 15 17 15 19 25 19 18 20 24 25 16 21 16 22 19 14 20 8 21 24 22 24 23 25 23 25 28 25 25 25 26 27 26 8 10 28 27 8 27 11 27 28 28 28 29 28 24 29 29 29 29      14000      72000 
1782	 560002	26 28 21 0 24 2 24 3 22 5 28 1 29 6 8 7 8 9 9 13 18 4 25 26 20 11 24 12 29 17 13 14 24 15 17 15 19 25 19 18 20 24 25 16 21 16 22 19 14 20 8 21 24 22 24 23 25 23 25 28 25 25 25 26 27 26 8 10 28 27 8 27 11 27 28 28 10 29 28 24 29 29 29 29      14333      72000 
2079	 560000	28 28 21 0 24 2 24 3 22 5 28 1 29 6 26 7 8 9 9 13 18 4 25 26 20 11 24 12 29 17 13 14 23 15 17 15 19 25 19 18 20 24 25 16 21 16 22 19 14 20 8 21 24 22 24 23 25 23 25 28 25 25 25 26 27 26 8 10 28 27 8 27 11 27 12 28 10 29 28 24 29 29 29 29      17500      70000 
2277	 554000	15 13 22 0 29 14 29 3 0 1 25 5 24 6 23 7 24 2 11 28 20 17 26 25 24 11 21 12 29 21 13 9 14 24 17 15 19 23 19 18 20 28 18 16 21 16 22 19 10 20 24 8 24 22 24 4 25 23 25 24 25 25 25 26 27 26 2 26 28 27 28 27 9 27 28 28 28 29 28 10 29 29 29 29      14000      72000 
0	1332000	1 2 4 3 6 4 6 5 7 8 7 0 9 9 10 9 12 9 13 10 15 11 16 11 17 12 18 14 18 14 18 16 20 17 21 17 21 17 22 19 22 19 22 19 23 23 8 23 25 24 26 24 26 24 27 24 27 15 27 21 13 25 1 25 27 25 28 20 28 25 28 26 28 26 29 29 29 27 29 27 29 28 29 28      40500      63000 
198	1014800	1 0 2 0 11 15 3 26 5 5 5 4 6 6 2 7 7 14 8 8 20 9 12 10 25 11 15 11 9 13 17 13 19 16 19 16 22 17 18 19 18 25 21 21 23 22 20 23 16 23 26 24 26 24 28 24 28 24 28 24 28 24 28 25 29 25 14 25 29 26 29 26 29 27 10 27 12 27 3 27 29 27 29 4      54000      41400 
297	 989000	1 4 1 26 1 5 22 6 24 7 2 27 28 9 2 10 18 9 3 12 4 0 19 21 6 15 8 15 7 16 8 16 11 18 11 19 12 19 10 20 13 21 13 22 14 23 17 23 17 23 23 25 24 24 24 25 24 25 24 26 25 27 5 28 26 3 26 28 26 28 20 14 26 29 27 29 27 29 27 29 28 29 28 29      40500      55500 
396	 746000	0 2 15 22 3 2 4 18 4 8 19 5 27 25 6 11 6 27 7 12 24 3 27 16 9 19 28 19 12 20 10 21 13 7 13 22 14 23 15 23 1 23 17 23 17 10 26 25 18 5 16 25 20 25 21 25 22 25 24 25 11 26 24 26 24 27 24 28 26 28 26 9 27 14 28 29 28 8 29 28 29 29 29 29      54000      36000 
882	 690000	16 0 10 1 11 2 12 3 13 4 20 5 14 6 14 7 15 8 15 9 8 10 29 11 22 12 17 13 24 14 18 15 19 16 19 17 24 18 20 19 21 20 21 21 22 22 13 23 23 23 23 24 24 29 24 24 24 25 25 25 25 25 25 26 26 26 26 26 26 27 27 27 27 27 27 28 28 29 28 28 29 28 29 29      12000      76000 
981	 610000	4 0 26 1 22 2 6 3 7 4 27 5 25 6 10 7 20 8 26 9 25 27 21 11 15 12 12 13 16 14 16 15 18 16 19 17 19 18 20 19 21 20 22 21 2 22 0 23 23 23 25 24 24 24 25 24 25 25 13 25 27 29 28 26 3 29 28 26 28 27 14 26 29 27 29 28 17 10 29 28 29 28 29 29      14000      72000 
1278	 525000	0 28 1 17 2 20 3 21 4 26 5 28 6 12 7 13 8 15 9 14 10 19 11 25 12 19 13 14 14 20 15 29 16 22 17 28 18 11 19 10 20 16 21 21 22 26 23 26 23 26 24 28 29 22 24 28 25 9 25 18 25 24 26 26 26 29 24 26 27 16 27 29 27 18 28 29 29 8 28 29 28 29 29 29      72500      12500 
1377	 502000	0 28 1 26 2 22 3 9 4 11 5 27 6 25 7 10 8 20 9 26 27 25 11 21 12 15 13 12 14 16 15 16 16 18 17 19 18 19 19 20 20 21 21 22 22 25 23 0 23 25 24 25 24 24 24 25 25 25 25 13 29 27 26 28 29 24 26 28 27 28 26 14 27 29 28 29 10 17 28 29 28 29 29 29      70000      14000 
1476	 105600	0 28 1 21 2 18 3 15 4 17 5 26 6 25 7 20 8 9 9 12 10 28 11 16 12 19 13 19 14 20 15 21 16 28 17 22 18 16 19 29 20 29 21 23 22 10 23 25 23 24 24 25 29 25 24 25 25 25 24 27 25 26 26 11 26 27 26 24 27 28 27 13 27 14 28 29 29 22 28 28 28 29 29 29      66000      16400 
0	1005000	0 25 2 1 3 1 3 19 4 5 6 9 9 5 10 6 11 8 11 8 13 12 27 12 14 12 19 13 17 13 18 14 20 15 20 15 25 15 21 16 23 16 24 16 24 17 10 18 24 21 25 21 25 21 26 22 27 22 27 22 28 23 28 23 28 23 28 24 7 26 29 26 29 26 29 26 29 26 29 26 29 27 29 27      63000      31500 
387	 758000	0 9 1 10 2 11 3 12 4 7 5 13 6 14 7 14 8 15 9 16 10 16 11 16 12 17 13 17 29 29 15 18 29 19 17 19 18 20 19 20 20 24 21 21 22 22 23 22 23 25 4 23 24 24 24 24 25 24 25 25 14 25 26 25 26 26 26 26 27 26 27 27 27 27 28 27 28 28 28 28 28 29 29 29      63000      27000 
486	 705000	0 9 1 10 2 11 3 12 4 13 5 13 6 21 7 14 8 29 9 15 10 16 11 16 12 17 13 12 14 18 15 18 29 29 17 19 18 20 19 20 20 29 21 21 22 22 23 22 23 16 24 23 24 24 24 24 25 24 25 25 25 25 26 25 26 16 26 26 27 26 27 27 27 27 28 29 28 28 28 28 28 29 29 29      67500      22500 
585	 700000	9 0 10 1 11 2 12 3 13 4 13 5 21 6 14 7 29 8 15 9 16 10 16 11 17 12 12 13 6 14 18 15 29 29 19 17 20 18 20 19 29 20 21 21 22 22 22 23 16 23 23 24 24 24 24 24 24 25 25 25 25 25 25 26 16 26 26 26 26 27 27 27 27 27 29 28 28 28 28 28 29 28 29 29      22500      67500 
684	 603000	9 0 10 1 11 2 12 3 21 4 19 5 21 6 14 7 15 8 16 9 16 10 16 11 29 12 17 13 29 29 18 15 19 29 16 17 20 18 20 19 24 20 5 21 22 22 22 23 25 23 23 4 24 24 24 24 24 25 25 25 25 14 25 26 3 26 26 26 26 27 27 27 13 27 27 28 28 28 28 28 29 28 29 29      22500      63000 
783	 495000	0 26 1 29 2 5 3 20 4 19 5 15 6 20 7 29 8 29 9 19 10 10 11 28 12 13 13 14 14 16 15 21 16 17 17 18 18 29 19 21 20 29 21 22 22 22 23 23 23 9 24 24 24 24 24 29 25 3 25 17 25 25 26 25 26 26 26 27 27 27 27 12 27 29 28 11 28 29 28 29 28 29 29 29      65000      17500 
1080	 180000	0 9 1 25 2 24 3 10 4 29 5 13 6 14 7 24 8 24 9 15 10 29 11 13 12 17 13 12 16 14 15 18 29 29 17 19 18 20 19 20 20 29 21 21 22 22 23 22 23 16 24 23 24 24 14 24 25 24 25 11 25 25 26 21 26 16 26 26 27 26 27 29 27 27 28 19 28 28 28 27 28 29 29 29      63000      18000 
1278	 139500	26 0 29 1 20 2 16 3 19 4 15 5 20 6 29 7 29 8 19 9 10 10 29 11 13 12 14 13 18 14 21 15 17 16 18 17 29 18 21 19 29 20 22 21 22 22 23 23 9 23 24 24 24 24 29 24 14 25 17 25 25 25 25 26 26 26 27 26 27 27 12 27 29 27 11 28 29 28 29 28 29 28 29 29      16750      65500 
1377	 121500	0 26 1 10 2 27 3 20 4 19 5 15 6 20 7 29 8 29 9 19 10 24 11 28 12 29 13 14 14 16 15 21 16 17 17 18 18 29 19 21 20 29 21 22 22 22 23 23 23 9 24 13 24 24 24 29 25 29 25 17 25 25 26 25 26 26 26 15 27 27 27 12 27 29 28 11 28 29 28 29 28 29 29 29      65500      16750 
1575	 105886	0 9 1 25 2 24 3 10 4 29 5 24 6 29 7 24 8 24 9 15 10 29 11 13 12 17 13 12 14 14 15 18 16 29 17 19 18 20 19 20 20 29 21 21 22 22 23 22 23 29 26 23 24 29 24 24 25 24 25 11 25 25 26 21 29 16 26 26 27 26 27 29 27 27 28 19 28 28 28 27 28 17 29 29      65883      16470 
0	2184000	0 25 7 1 9 1 9 2 10 3 10 3 11 4 13 25 22 5 14 5 15 6 15 6 16 6 17 8 18 12 19 12 19 12 20 13 20 14 22 14 23 16 23 17 24 18 24 21 26 21 8 23 26 23 26 23 26 25 27 24 27 25 28 26 28 11 28 26 29 26 29 27 29 27 29 28 29 28 29 24 29 28 29 28      63000      63000 
99	1218000	1 3 0 14 2 27 3 11 6 11 7 12 8 20 9 17 11 13 13 1 14 15 15 16 16 18 5 19 19 20 18 20 22 21 22 21 23 24 23 24 12 24 24 24 24 21 24 24 25 6 25 25 26 25 26 26 27 26 4 26 27 27 17 27 28 28 28 28 28 28 10 25 29 29 29 29 29 29 29 29 29 29 29 29      72000      30000 
198	 834000	1 20 0 14 2 27 3 11 6 21 7 26 8 20 9 17 11 13 13 1 14 15 15 16 16 18 5 19 19 20 18 20 22 21 22 21 23 24 23 21 12 24 27 24 24 21 24 24 25 20 25 25 26 25 26 26 27 26 4 26 27 27 17 27 28 28 28 28 28 28 10 25 29 29 29 29 29 29 29 25 29 29 29 29      72000      20000 
297	 690000	3 0 19 19 5 2 7 4 9 6 9 28 20 4 25 7 11 8 26 10 24 12 12 13 13 22 27 14 15 14 16 21 23 15 18 16 8 10 23 17 23 17 23 22 24 18 24 11 24 1 5 20 0 21 25 24 26 25 3 25 27 26 6 26 28 19 28 26 1 27 29 27 29 27 29 25 29 28 2 28 29 28 29 29      40000      50000 
684	 680000	1 14 0 25 2 26 3 11 6 9 7 28 8 20 9 17 11 2 13 5 14 29 15 16 16 18 5 19 19 20 18 20 22 21 22 21 23 7 23 21 12 24 27 24 24 21 24 24 25 20 25 12 26 25 26 23 27 26 4 26 27 26 17 27 28 10 28 28 28 28 10 25 29 3 29 24 29 15 8 25 29 4 13 28      65000      25000 
783	 634000	14 1 25 0 26 2 11 3 9 6 28 7 20 8 17 9 2 11 5 13 29 14 16 15 18 16 17 5 20 19 20 18 21 22 21 22 27 23 21 23 24 12 24 27 21 24 24 24 20 25 12 25 25 26 23 26 26 27 26 4 26 27 27 17 10 28 28 28 28 28 25 10 3 29 24 29 15 29 25 19 4 29 28 13      25000      63000 
882	 549000	19 0 20 1 14 2 3 3 6 29 7 5 8 6 9 7 24 4 13 9 21 10 15 11 16 12 21 13 19 14 18 15 22 16 22 17 29 18 23 19 12 20 20 21 24 22 24 23 25 23 25 8 26 24 26 24 27 25 11 25 27 25 17 26 28 26 28 26 24 27 10 27 29 27 29 28 29 28 29 28 29 28 29 29      20500      63000 
981	 181500	0 9 1 10 2 11 3 29 4 12 5 13 6 14 7 27 8 15 9 15 29 25 11 16 12 17 13 25 14 18 15 18 16 19 17 19 18 20 19 29 20 21 21 21 22 22 23 22 23 23 24 23 24 24 24 24 25 29 25 25 10 25 26 25 26 29 26 29 27 26 27 29 27 27 28 20 28 28 28 28 28 29 29 29      65500      16750 
1080	 145000	9 0 10 1 11 2 29 3 12 4 13 5 14 6 27 7 18 8 15 9 25 29 16 11 17 12 25 13 25 14 26 15 19 16 19 17 20 18 29 19 21 20 21 21 22 22 22 23 23 23 23 24 24 24 24 24 29 25 25 25 25 10 25 26 29 26 29 26 26 27 29 27 27 27 20 28 28 28 28 28 29 28 29 29      17500      65000 
1575	 122224	0 9 1 10 2 11 3 29 4 12 5 13 6 14 7 29 8 25 9 15 29 25 11 16 12 18 13 25 14 17 15 18 16 19 17 19 18 20 19 29 20 21 21 21 22 22 23 22 23 26 24 23 24 24 24 24 25 29 25 25 10 25 26 25 26 29 26 29 27 26 27 29 27 27 28 20 28 17 28 28 28 29 29 29      66000      16444 
2457	 105886	9 0 10 1 11 2 29 3 12 4 13 5 14 6 29 7 25 8 15 9 25 29 16 11 18 12 25 13 27 14 18 15 19 16 19 17 20 18 29 19 21 20 21 21 22 22 22 23 26 23 23 24 24 24 24 24 29 25 25 25 25 10 25 26 29 26 29 26 26 27 29 27 27 27 20 28 17 28 28 28 29 28 29 29      16470      65883 
0	1305000	0 1 1 17 2 26 5 7 6 8 7 9 10 9 11 11 4 23 12 15 13 15 13 15 14 16 16 17 18 17 19 18 26 19 20 19 21 20 22 22 3 21 23 23 24 24 24 24 24 24 25 25 25 25 27 25 27 26 28 26 8 26 28 26 29 26 29 27 29 27 14 28 29 28 29 9 29 28 29 28 29 28 29 28      72000      31500 
198	1304000	0 3 1 3 7 4 2 28 26 8 7 9 5 11 5 12 6 13 25 15 10 15 10 16 21 18 14 19 13 19 15 20 17 20 14 21 16 22 17 22 19 23 20 23 23 23 24 6 24 23 24 24 9 25 24 25 25 18 26 2 8 26 26 26 26 4 27 27 27 27 28 27 28 28 11 28 29 29 1 29 29 29 12 29      54000      49500 
297	1110000	2 28 5 2 7 4 10 7 9 3 6 22 12 13 1 9 8 16 15 12 15 12 16 4 17 17 18 14 19 25 11 15 13 19 20 19 21 19 14 18 22 20 22 28 0 21 23 22 23 23 24 23 24 24 24 25 25 25 26 25 26 26 26 26 27 11 27 27 27 27 27 28 28 16 28 3 28 29 29 29 29 29 29 10      63000      36000 
396	1058000	0 0 23 1 16 2 14 5 4 6 4 7 10 10 28 11 27 4 8 12 8 17 12 13 13 9 15 16 15 18 15 19 17 26 28 20 18 21 19 22 19 3 19 23 20 24 21 24 22 24 22 25 22 25 23 27 23 27 24 28 9 8 25 28 25 29 26 29 26 29 26 14 26 29 27 26 27 29 28 29 28 25 28 29      27000      72000 
495	 752000	22 0 3 1 4 7 28 2 14 26 5 7 11 5 12 5 13 6 0 25 15 10 16 10 18 21 28 14 19 13 20 15 20 17 21 3 22 16 24 17 23 19 23 20 23 25 6 24 23 9 24 24 25 9 25 24 18 25 2 8 26 8 26 26 4 26 27 27 27 27 27 28 28 28 28 11 29 29 29 1 29 29 29 12      49666      40500 
693	 730000	22 0 3 1 4 7 28 2 14 26 5 7 11 5 12 5 13 6 0 25 15 10 16 10 18 21 28 14 19 13 20 15 20 17 21 3 22 16 24 17 17 19 23 20 23 25 6 24 23 9 24 24 25 9 25 24 18 25 2 8 26 8 26 26 4 26 27 27 27 27 27 28 28 28 28 11 29 29 29 1 29 29 29 12      50000      40000 
891	 630000	0 27 13 1 15 23 5 18 6 6 7 1 10 26 11 9 4 1 12 19 17 10 28 13 9 27 16 12 22 16 19 27 26 17 20 18 21 18 15 19 3 27 23 20 24 23 24 21 24 21 25 22 25 22 27 23 27 23 28 24 8 20 28 18 29 25 11 26 14 27 14 26 2 28 26 28 29 28 29 28 25 26 29 18      70000      18000 
1377	 628430	0 9 1 10 2 11 3 12 4 29 5 13 6 24 7 14 8 15 29 15 10 16 11 16 12 17 13 17 29 18 15 18 16 19 17 19 18 20 19 20 20 21 21 21 22 22 23 22 23 23 14 23 24 24 24 24 25 24 9 25 25 25 26 25 26 26 26 26 27 26 27 27 27 27 28 27 28 28 28 25 28 29 29 29      65214      19143 
1476	 554000	22 15 23 1 23 2 26 5 4 6 23 7 21 10 16 11 20 4 8 12 26 17 3 13 13 9 18 16 6 18 15 19 17 26 28 20 18 21 23 22 19 3 19 23 20 24 21 24 12 24 14 25 22 25 23 27 23 27 24 28 9 8 25 28 25 29 26 28 26 29 26 14 26 29 27 26 27 0 28 29 28 25 28 27      14000      72000 
1575	 530000	26 15 23 1 16 2 11 5 4 6 29 7 10 10 23 11 20 4 14 12 23 17 12 13 26 9 21 16 5 18 15 19 17 26 1 20 18 21 19 22 24 3 19 23 20 24 21 24 13 24 22 25 22 25 23 27 23 27 24 28 9 8 25 28 25 29 26 28 26 29 26 14 26 29 27 26 27 0 28 29 28 25 28 27      16000      68000 
1971	 480000	26 15 23 1 16 2 11 5 18 6 0 7 10 10 16 11 20 4 23 12 23 17 12 13 26 9 21 16 28 18 15 19 17 26 28 20 18 21 19 22 24 3 19 23 20 24 21 24 13 24 22 25 22 25 23 27 23 27 24 28 9 8 25 28 25 29 26 28 26 29 26 14 26 29 27 26 14 0 28 29 28 25 28 27      15000      70000 
2070	 154400	26 15 23 1 16 2 11 5 18 6 24 7 10 10 16 11 20 4 23 12 23 17 12 13 26 9 21 16 28 18 15 19 17 26 28 20 18 21 19 22 24 3 19 23 20 24 21 24 13 24 22 25 22 25 23 27 23 27 24 28 9 8 25 28 25 29 26 28 26 29 26 14 26 29 27 26 14 0 28 29 28 25 28 27      16400      66000 
2169	 121178	21 15 23 1 27 2 11 5 26 6 25 7 10 10 16 11 20 4 23 12 23 17 29 13 26 29 23 16 28 18 15 19 17 26 28 20 18 21 19 22 24 3 19 23 20 24 21 24 13 24 22 25 22 25 23 27 12 27 24 28 9 8 25 28 25 29 26 28 26 9 26 14 26 29 27 26 14 0 28 29 28 25 28 27      16471      65882 
0	1122000	1 22 8 0 8 2 9 2 9 3 12 4 12 5 13 6 15 10 16 11 17 11 17 13 17 14 28 15 24 16 20 7 22 18 22 14 23 18 23 19 23 19 23 20 23 21 23 24 24 21 25 21 27 24 1 24 28 25 28 25 28 25 28 26 29 26 29 26 29 26 29 27 29 27 29 27 29 27 29 10 29 28 29 28      36000      63000 
198	 818000	28 22 8 0 8 2 23 9 9 3 12 4 12 5 13 6 15 10 16 11 17 11 17 13 17 14 28 15 24 16 20 7 22 18 22 14 23 18 23 19 23 19 23 20 7 29 23 24 24 21 25 21 27 24 3 1 8 25 28 25 28 25 28 26 29 26 29 26 29 26 29 27 12 24 29 27 29 27 29 10 29 28 29 28      27000      63000 
396	 780000	2 0 3 0 16 1 17 3 6 9 7 4 8 4 12 4 9 5 10 15 25 7 18 10 18 11 1 12 19 13 13 8 20 14 21 15 22 15 5 16 23 17 24 19 25 20 25 21 14 23 25 24 26 24 27 24 27 24 28 24 28 25 6 26 28 26 28 26 29 26 2 23 29 23 29 26 11 27 22 27 29 27 29 28      55000      35000 
594	 754000	4 1 8 17 2 3 5 5 25 6 6 26 7 8 10 9 10 9 11 11 12 15 13 18 14 18 15 19 16 19 7 20 27 21 17 21 28 22 29 22 20 23 20 23 23 13 23 12 24 27 24 27 24 27 24 28 24 28 25 2 25 14 25 4 25 16 25 0 26 29 26 29 26 24 26 26 27 29 28 29 28 29 28 3      36000      54000 
792	 730000	1 4 7 8 3 2 5 5 17 6 26 6 8 23 9 10 9 10 11 11 15 12 18 13 18 14 19 15 19 16 20 7 21 27 21 17 22 28 22 1 23 28 25 20 13 23 12 23 27 24 27 24 27 24 28 24 28 24 2 25 14 24 4 25 16 25 0 25 29 26 3 26 29 26 29 26 0 27 29 28 29 28 29 28      50000      40000 
1377	 618000	3 0 10 28 16 1 29 4 24 27 13 3 1 12 14 7 15 27 17 5 24 8 24 9 2 10 22 28 28 16 18 11 19 18 19 17 20 19 20 20 21 25 21 21 22 2 22 22 11 23 23 23 24 24 24 25 24 25 25 15 25 26 25 26 26 26 9 27 26 6 27 28 27 24 27 14 28 29 28 13 29 29 29 29      14000      72000 
1575	 484000	0 3 28 10 1 16 4 29 27 24 3 13 12 12 7 14 27 15 5 17 8 24 9 24 10 2 28 22 16 28 11 18 18 19 17 19 19 20 20 20 25 21 21 21 2 22 22 29 23 11 23 23 24 24 25 24 25 24 15 25 26 25 26 28 26 26 27 9 6 26 28 29 24 28 14 27 29 28 13 28 29 29 29 29      67000      16000 
1674	 475000	21 0 9 21 16 1 27 4 20 27 24 3 29 12 12 7 29 20 10 5 19 8 18 9 17 10 28 28 19 16 24 11 20 18 21 17 22 19 29 28 23 25 26 24 15 2 25 22 14 23 25 23 26 24 4 25 27 25 28 15 28 26 13 26 28 26 28 27 29 6 14 28 29 24 29 14 11 29 22 13 29 27 29 29      17500      65000 
1773	 154400	28 0 28 28 11 1 12 4 29 19 24 3 14 12 17 7 15 27 29 5 14 8 16 9 17 10 24 28 29 16 18 11 19 18 19 17 20 27 20 20 21 25 21 21 22 2 22 22 24 23 23 23 24 24 24 25 24 25 25 15 10 26 25 26 9 26 26 27 13 6 27 28 27 24 27 14 28 29 28 13 29 29 29 29      16400      66000 
1971	 121600	0 9 28 11 1 29 4 12 27 28 3 24 12 14 7 23 27 15 5 29 8 28 9 16 10 28 28 17 16 29 11 24 18 19 17 19 19 20 20 20 25 21 21 21 2 22 22 22 23 24 23 13 24 24 25 24 25 24 15 25 26 18 26 25 26 16 27 26 6 26 28 15 24 27 14 10 29 28 13 28 29 29 29 29      66000      16400 
2070	 105600	0 9 28 11 1 29 4 12 27 28 3 24 12 14 7 23 27 15 5 29 8 28 9 16 10 19 28 17 16 29 11 24 18 24 17 19 19 20 20 20 25 21 21 21 2 22 22 22 23 24 23 13 24 24 25 28 25 24 15 25 26 18 26 25 26 27 27 26 6 26 28 15 24 27 14 10 29 28 13 28 29 29 29 29      66000      16400 
0	1643000	0 1 0 1 17 2 4 2 18 3 7 4 7 5 8 5 8 6 23 6 13 8 13 8 15 9 15 10 16 10 17 11 18 11 19 12 19 14 18 24 20 15 22 16 22 24 22 23 23 19 24 20 25 21 25 21 25 24 26 25 26 25 26 26 27 26 28 27 28 27 29 27 29 27 29 28 29 28 29 28 29 29 14 29      40500      72000 
99	 979000	0 1 0 1 17 2 23 12 18 3 7 4 7 17 8 5 8 6 26 6 13 8 13 8 23 9 15 10 16 10 17 11 18 11 28 12 19 14 18 24 20 15 22 16 22 24 22 23 23 19 24 20 25 21 25 21 25 24 26 25 13 25 26 26 27 26 28 27 28 27 29 27 29 27 29 28 29 28 29 28 9 29 14 29      31500      63000 
486	 725600	0 9 1 20 2 11 3 12 4 29 5 13 6 14 7 14 8 15 9 15 29 29 11 16 12 17 13 10 14 18 15 18 16 19 17 19 18 20 19 20 20 21 21 21 22 22 23 22 23 29 24 23 10 24 24 24 25 24 25 25 25 25 26 25 26 26 26 26 27 26 27 27 27 24 28 27 28 28 28 28 28 29 29 29      63000      25200 
585	 556000	22 0 10 1 29 2 12 3 13 4 2 5 14 6 19 7 15 8 11 9 29 10 16 11 29 12 17 13 18 14 29 15 29 16 19 17 20 18 20 19 21 20 21 21 22 22 29 23 23 23 4 24 24 24 29 24 24 25 25 25 9 25 25 26 3 26 26 26 26 27 14 27 27 27 27 28 28 28 28 28 29 28 29 29      21000      63000 
981	 121500	0 22 1 10 2 29 3 12 4 13 5 29 6 14 7 19 8 15 9 29 10 29 11 16 12 29 13 17 14 18 15 29 16 29 17 19 18 20 19 20 20 21 21 21 22 22 23 29 23 23 24 14 24 24 24 29 25 24 25 25 25 9 26 25 26 26 26 11 27 26 27 29 27 27 28 27 28 16 28 28 28 29 29 29      65500      16750 
1179	 105888	0 29 1 10 2 29 3 12 4 13 5 29 6 14 7 19 8 15 9 29 10 29 11 16 12 29 13 17 14 18 15 29 16 29 17 19 18 20 19 20 20 21 21 21 22 22 23 29 23 23 24 14 24 24 24 29 25 24 25 25 25 9 26 25 26 26 26 11 27 26 27 29 27 27 28 27 28 22 28 28 28 29 29 29      65882      16471 
1575	 105600	0 15 1 10 2 11 3 12 4 18 5 26 6 29 7 14 8 15 9 28 10 25 11 16 12 27 13 17 14 28 15 13 16 19 17 28 18 20 19 20 20 21 21 21 22 22 23 22 23 23 24 29 24 9 24 24 29 24 25 25 25 25 26 25 26 25 26 19 27 26 27 29 27 27 29 25 28 28 28 28 28 29 29 29      66000      16400 
0	1624000	1 0 3 5 4 17 4 7 2 9 8 9 9 10 10 13 11 13 11 13 12 14 12 14 12 14 13 15 14 15 16 18 22 16 17 18 21 19 6 20 23 20 23 20 24 20 24 20 25 21 26 22 26 23 26 24 27 24 2 7 0 25 28 25 28 25 28 25 28 26 28 27 29 27 5 27 29 19 29 28 29 28 29 29      63000      48000 
99	1138000	1 0 3 5 4 17 4 7 2 18 8 9 9 10 10 13 11 13 11 25 12 14 24 21 12 14 13 15 14 15 16 18 22 16 17 18 15 21 6 25 23 20 23 20 24 20 24 27 19 21 26 22 26 23 26 24 27 24 2 7 0 25 28 25 28 25 28 25 28 26 28 27 29 27 5 27 29 19 29 28 29 28 29 29      63000      36000 
198	1122000	1 0 3 5 4 17 4 7 2 18 8 9 9 10 10 13 11 13 11 25 12 19 24 21 12 14 13 15 14 8 16 18 22 16 17 18 15 21 6 25 23 20 23 20 24 20 24 27 19 21 26 22 26 23 26 24 27 24 2 7 0 25 28 25 28 25 28 25 28 26 28 27 29 27 5 27 29 19 29 28 29 28 29 29      63000      36000 
297	 946000	19 1 27 3 17 4 7 4 18 2 1 26 10 9 2 10 13 11 25 11 14 12 21 24 25 12 15 13 27 14 18 16 16 22 18 17 21 15 25 6 20 23 20 23 20 24 6 24 21 19 22 26 23 26 24 26 24 27 7 2 25 0 25 28 25 9 25 28 26 28 27 28 27 29 27 5 19 29 28 8 28 29 29 29      32857      63000 
396	 710000	0 1 5 3 17 4 29 7 3 2 9 8 10 9 13 10 13 11 25 11 6 12 23 24 26 12 18 1 15 14 8 16 16 22 18 17 21 15 25 6 20 28 19 23 20 24 14 24 21 19 22 26 23 26 24 26 24 27 7 2 4 0 25 28 25 28 25 28 26 27 27 28 27 29 27 5 19 29 28 29 28 29 29 29      50000      40000 
981	 550502	0 9 1 10 2 11 3 12 4 13 5 13 6 29 7 14 8 15 9 29 10 16 11 19 25 7 29 17 14 18 15 29 16 19 17 29 18 20 19 20 20 21 21 21 22 22 23 22 23 8 24 23 24 24 24 24 12 13 25 25 25 25 26 25 26 26 26 26 27 25 27 27 27 27 28 13 28 29 28 28 28 29 29 29      63166      20251 
1377	 537500	9 0 10 1 26 2 12 3 13 4 13 5 13 6 14 7 15 8 25 9 26 10 19 11 7 29 17 29 18 14 16 15 19 16 29 17 20 18 20 19 21 20 21 21 22 22 22 23 8 23 13 24 24 24 24 24 13 12 25 25 25 25 25 26 11 26 13 26 25 27 27 27 27 27 13 28 29 28 28 28 29 28 29 29      16250      67500 
1476	 139144	0 9 1 10 2 11 3 12 4 13 5 13 6 29 7 14 8 15 9 29 10 13 11 19 25 18 29 17 14 18 15 29 16 19 17 29 18 20 19 20 20 21 21 21 22 22 23 22 23 17 24 23 24 29 24 24 12 13 25 25 25 16 26 14 26 26 26 26 27 25 27 27 27 27 28 13 28 29 28 28 28 29 29 29      65856      16572 
1575	 122356	0 9 1 10 2 11 3 12 4 13 5 13 6 29 7 14 8 15 9 29 10 13 11 19 25 18 29 29 14 18 15 29 16 19 17 29 18 20 19 20 20 21 21 21 22 22 23 22 23 17 24 23 24 29 24 24 12 13 25 25 25 16 26 14 26 26 26 26 27 25 27 27 27 27 28 13 28 29 28 28 28 29 29 29      65882      16471 
1674	 105884	9 0 10 1 11 2 12 3 13 4 13 5 29 6 24 7 15 8 29 9 13 10 19 11 18 25 29 29 18 14 29 15 19 16 29 17 20 18 20 19 21 20 21 21 22 22 22 23 17 23 23 24 29 24 24 24 13 12 25 25 16 25 14 26 26 26 26 26 25 27 27 27 27 27 13 28 29 28 28 28 29 28 29 29      16471      65882 
0	2212000	0 4 2 8 3 8 3 17 5 8 7 8 8 9 10 11 11 12 11 14 12 15 14 24 15 17 16 18 16 19 21 19 20 19 22 27 22 20 23 20 18 20 23 21 1 22 6 23 10 24 25 24 25 24 13 25 26 25 13 26 27 26 27 26 27 26 28 26 28 26 28 28 9 28 29 28 29 28 29 28 29 28 29 29      63000      63000 
99	1337200	3 22 3 0 4 2 8 20 8 5 9 28 9 6 10 7 10 7 11 7 16 11 14 12 14 12 15 29 15 13 17 13 18 14 20 16 20 17 21 18 22 19 22 19 23 19 4 19 24 19 26 21 26 23 26 23 26 23 26 24 1 24 27 24 27 24 27 25 1 25 28 25 29 25 29 27 29 27 29 28 29 28 29 28      41400      63000 
198	1068000	1 2 19 0 20 4 3 4 6 5 7 26 26 9 8 10 9 3 10 11 11 12 25 12 13 13 14 14 15 25 15 17 16 6 16 17 17 17 18 18 23 19 22 20 24 21 24 21 0 22 24 23 25 23 25 24 5 23 27 25 27 26 2 26 27 26 28 26 28 27 28 27 28 21 29 28 29 28 29 29 29 29 29 29      63000      36000 
297	 822000	0 13 1 0 4 23 19 2 5 2 6 28 8 3 18 3 11 6 11 9 14 9 12 10 15 10 16 16 20 13 7 13 21 15 29 17 22 17 22 4 23 20 24 3 24 21 24 17 25 28 25 10 25 23 18 23 26 23 26 27 26 24 19 24 27 12 27 25 28 2 28 25 28 26 29 27 29 27 29 28 29 28 14 9      63000      27000 
396	 812000	13 1 0 21 0 4 29 19 22 5 24 6 3 8 3 2 6 11 9 11 9 14 10 12 10 15 16 16 13 20 13 7 15 21 17 28 17 3 4 22 20 23 20 24 21 24 17 24 22 25 23 25 23 25 23 18 23 26 27 26 9 26 24 19 12 27 25 27 25 28 25 28 26 28 27 29 27 29 18 29 10 29 28 14      27000      63000 
693	 686000	1 13 21 0 4 0 19 29 5 22 6 24 8 10 2 10 11 6 11 9 14 9 12 23 15 10 16 16 20 13 7 13 21 15 28 17 3 17 22 17 23 20 24 20 24 13 24 17 25 22 25 23 25 23 18 0 26 23 26 27 26 9 19 24 27 12 27 25 28 25 28 27 28 26 29 27 29 27 29 18 29 10 14 28      64000      24000 
990	 642126	1 13 21 0 4 0 19 10 5 22 6 24 8 10 2 26 11 9 11 9 14 9 12 23 15 10 16 16 20 13 7 13 21 15 28 17 3 17 22 17 23 20 24 20 24 13 24 17 25 22 25 23 25 23 18 0 26 23 26 27 26 9 19 24 27 12 27 25 28 25 28 27 28 27 29 27 29 27 29 18 29 10 14 28      64937      20250 
1575	 510000	9 0 29 1 29 2 12 3 13 4 25 5 27 6 25 7 15 8 15 9 29 10 16 11 17 12 25 13 27 14 18 15 19 16 19 17 20 18 20 19 21 20 21 21 22 22 22 23 14 23 23 24 24 24 24 24 24 25 25 25 25 29 25 26 26 26 26 26 11 27 27 29 27 27 27 28 4 28 28 28 29 28 10 29      16667      66666 
1872	 495716	9 0 29 1 29 2 16 3 13 4 25 5 27 6 25 7 25 8 15 9 29 10 20 11 17 12 25 13 27 14 18 15 19 16 19 17 16 18 20 19 21 20 21 21 22 22 22 23 14 23 23 24 24 24 24 24 14 25 25 25 12 29 25 26 26 26 26 26 11 27 27 29 27 27 27 28 4 28 28 28 29 28 10 29      17143      65714 
2070	 136668	0 27 1 29 2 29 3 12 4 13 5 25 6 27 7 9 8 22 9 15 10 29 11 16 12 17 13 25 14 27 15 18 16 19 17 19 18 20 19 20 20 21 21 21 22 13 23 22 23 14 24 23 24 24 24 24 25 29 25 25 29 25 26 25 26 26 26 25 27 11 29 27 27 27 28 27 28 25 28 28 28 29 29 10      66000      16334 
2169	 122668	0 14 1 29 2 29 3 19 4 13 5 25 6 27 7 25 8 25 9 15 10 18 11 20 12 17 13 25 14 28 15 18 16 29 17 19 18 16 19 20 20 21 21 21 22 22 23 22 23 27 24 23 24 24 24 9 25 14 25 25 29 12 26 25 26 26 26 26 27 11 29 27 27 27 28 27 28 27 28 24 28 29 29 10      65998      16334 
2268	 105336	0 14 1 29 2 29 3 19 4 13 5 25 6 27 7 25 8 25 9 15 10 18 11 20 12 17 13 25 14 28 15 18 16 29 17 19 18 16 19 20 20 21 21 21 22 22 23 22 23 27 24 23 24 24 24 9 25 29 25 25 29 12 26 25 26 26 26 26 27 11 29 27 27 27 28 27 28 27 28 24 28 29 29 10      65998      16334 