    0    1    0    1    1    0    1    1    0    0    2    0    0    2    0    7    0    5    0    2    4
    1    0    0    1    0    1    1    0    1    2    0    0    2    0    0    0    5    7    2    4    0
    0    0    1    0    1    1    0    2    1    0    1    2    0    1    2    2    0    2    7    4    0
    1    0    0    1    0    1    1    0    1    2    0    0    2    0    0    0    5    7    2    4    0
    0    1    0    1    1    0    1    1    0    0    2    0    0    2    0    7    0    5    0    2    4
    1    0    0    1    0    1    1    0    1    2    0    0    2    0    0    0    5    7    2    4    0
    1    0    0    1    0    1    1    0    1    2    0    0    2    0    0    0    5    7    2    4    0
    0    1    0    0    1    1    0    1    1    0    2    0    0    2    0    5    0    7    4    2    0
    0    1    0    0    1    1    0    1    1    0    2    0    0    2    0    5    0    7    4    2    0
    1    0    0    1    0    1    1    0    1    2    0    0    2    0    0    0    5    7    2    4    0
    0    1    0    0    1    0    0    1    0    3    1    0    3    1    0    2    0    9    1    4    0
    0    1    0    1    1    0    2    1    0    1    2    0    1    2    0    4    0    5    0    2    4
    0    0    1    1    0    1    1    0    1    0    0    2    0    0    2    7    5    0    0    4    2
    1    0    0    1    0    1    1    0    1    2    0    0    2    0    0    0    5    7    2    4    0
    1    0    0    1    0    1    1    0    1    2    0    0    2    0    0    0    5    7    2    4    0
    1    0    0    1    0    0    1    0    1    2    0    0    2    0    0    1    3    8    1    6    0
    1    0    0    1    1    0    1    1    0    2    0    0    2    0    0    0    7    5    2    0    4
    1    0    0    1    0    1    1    0    1    2    0    0    2    0    0    0    5    7    2    4    0
    0    0    1    0    1    1    0    1    1    0    0    2    0    0    2    2    0    2    7    7    0
    1    0    0    1    0    1    1    0    1    2    0    0    2    0    0    0    5    7    2    4    0
