
0            42      666500    1    0    0    0    3    2    0    1    2    1    2    2    1    1    2    3    1    0    3    1    1 287500.00      0.00 127500.00
0           127      611500    1    0    0    0    3    2    0    1    2    1    2    1    1    1    2    3    1    0    3    1    2 279998.00  26668.00 116666.00
0           211       57224    1    0    0    0    3    1    0    1    2    1    2    1    1    1    2    3    1    0    3    1    3 249444.00  51668.00 100000.00
0           296       46540    1    0    0    0    3    1    0    1    2    1    3    1    1    1    2    3    1    0    3    0    3 250769.00  47693.00 106154.00
0           170       46540    1    0    0    0    3    1    0    1    2    1    3    1    1    1    2    3    1    0    3    0    3 250769.00  47693.00 106154.00
0            33      165004    1    0    0    0    2    1    0    0    3    0    3    3    1    1    2    3    2    0    4    1    0 242666.00  76000.00  90666.00
0           101      117000    1    0    0    0    2    1    0    0    2    0    3    3    1    1    2    3    2    0    4    1    1 231000.00  53500.00 122500.00
0           180       54445    1    0    0    0    3    1    0    0    2    0    3    3    1    0    2    3    2    0    4    1    1 238890.00  41665.00 130000.00
0           257       31250    1    0    0    0    4    1    0    0    2    0    3    3    1    0    2    3    2    0    4    0    1 242500.00  36250.00 130000.00
0         10337       27500    1    0    0    0    4    1    0    0    2    0    0    4    1    0    2    3    2    0    4    3    0 250000.00  32500.00 125000.00
0         13475       24375    1    0    0    0    4    0    0    1    2    0    0    5    1    1    2    3    1    0    4    2    0 243125.00  63750.00 100000.00
1          6752       24375    1    0    0    0    4    0    0    1    2    0    0    5    1    1    2    3    1    0    4    2    0 243125.00  63750.00 100000.00
0            39      319282    1    0    2    0    1    0    0    1    0    4    1    0    0    1    3    1    3    1    3    2    3  70714.00 235714.00 102142.00
0           117      140000    1    0    2    0    1    0    0    1    0    4    1    0    0    1    3    0    3    1    4    2    3  75000.00 237500.00  87500.00
0           189       87500    1    0    2    0    1    0    0    1    0    3    1    0    0    1    3    0    3    1    5    2    3  72500.00 237500.00  87500.00
0           320       70002    1    0    3    0    1    0    0    1    0    3    1    0    0    1    4    0    3    0    5    2    2  90000.00 266667.00  58333.00
0           430       55002    0    0    3    0    1    0    0    1    0    4    1    0    0    1    3    0    3    0    5    2    3  63333.00 266666.00  83333.00
0           657       53750    0    0    4    0    1    0    0    1    0    3    1    0    0    1    4    0    3    0    6    2    1  84028.00 266666.00  62500.00
0          1166       35670    1    0    5    0    1    0    0    1    0    2    1    0    1    1    4    0    3    0    5    2    0 113334.00 266666.00  27334.00
0          1485       19517    1    0    4    0    1    0    0    1    0    2    1    0    1    1    4    0    3    1    5    2    0 117742.00 255645.00  33064.00
0         34820       11000    0    1    1    0    1    1    0    0    4    2    1    0    2    1    0    0    4    1    5    1    2 157250.00 183750.00  65000.00
2         17431       11000    0    1    1    0    1    1    0    0    4    2    1    0    2    1    0    0    4    1    5    1    2 157250.00 183750.00  65000.00
0            45      787692    2    0    0    0    1    0    0    2    0    0    2    1    1    1    4    3    1    3    3    2    1 163333.00 237620.00  24761.00
0           127      698375    2    0    0    0    1    0    0    2    0    0    2    1    0    1    4    3    1    3    4    2    1 125000.00 229500.00  67625.00
0           199      296500    2    0    0    0    1    0    0    1    0    0    2    1    0    1    4    3    1    3    4    3    1 112500.00 234000.00  58000.00
0           268      186625    2    0    0    0    1    0    0    1    0    0    2    1    0    1    4    3    1    4    4    3    0 112500.00 234000.00  57125.00
0           338       98339    2    0    0    0    1    0    0    1    0    0    2    1    1    1    4    3    1    4    3    3    0 132666.00 234000.00  33333.00
0           408       55000    2    0    0    0    1    0    0    1    0    0    2    0    1    1    4    3    1    5    3    3    0 125000.00 250000.00  35000.00
0           469       33668    2    0    1    0    1    0    0    1    0    0    2    0    1    1    3    3    1    5    3    3    0 106667.00 259999.00  44000.00
0          1357       33088    3    0    1    0    1    0    0    1    0    0    2    0    1    1    2    0    1    5    5    3    1  46809.00 252127.00 109574.00
0          2567       18413    4    0    1    0    1    0    0    1    0    0    2    0    0    1    2    2    0    6    3    4    0  31818.00 251137.00 122728.00
3          1303       18413    4    0    1    0    1    0    0    1    0    0    2    0    0    1    2    2    0    6    3    4    0  31818.00 251137.00 122728.00
0            41     1016500    1    1    0    0    2    1    0    0    1    0    3    2    1    1    1    1    2    4    6    0    0 183334.00  41666.00 234000.00
0           110      851500    1    1    0    0    1    1    0    1    1    0    3    2    1    1    1    1    2    4    6    0    0 183334.00  66666.00 200000.00
0           184      186335    1    1    0    0    1    1    0    1    1    0    3    2    1    2    1    1    1    4    6    0    0 183333.00  82000.00 152000.00
0           284       91250    1    1    0    0    1    1    0    1    1    0    2    2    1    2    1    1    1    4    6    1    0 165000.00 110000.00 131250.00
0           389       19763    1    1    0    0    1    1    0    1    1    0    2    2    1    2    1    1    0    4    6    2    0 152381.00  92857.00 161905.00
4           220       19763    1    1    0    0    1    1    0    1    1    0    2    2    1    2    1    1    0    4    6    2    0 152381.00  92857.00 161905.00
0            23       55000    1    0    0    1    0    0    1    0    0    1    5    1    1    0    2    2    0    2    2    4    4 260000.00  23750.00 121250.00
0            76       32060    1    0    0    1    0    0    1    0    0    1    5    1    1    0    2    2    1    2    2    3    4 255010.00  22940.00 130290.00
0          2924       28638    1    1    0    1    1    0    1    1    0    0    3    2    1    0    2    2    2    2    3    1    3 190911.00  63638.00 154543.00
0          3586       28572    1    1    0    1    1    0    1    1    0    0    1    2    0    1    2    2    2    2    4    2    3  63572.00 191424.00 154288.00
0          4180       27188    0    1    0    0    1    0    0    1    0    0    1    2    0    1    2    1    2    2    8    2    3  27812.00 255008.00 122496.00
0         16811       21250    0    1    0    0    1    0    0    1    0    0    1    5    1    1    3    0    3    1    8    1    0 106250.00 250000.00  50000.00
0         19267       15264    0    1    0    0    1    0    0    1    0    0    2    0    1    0    8    0    3    1    8    1    0 106218.00 250259.00  49223.00
0         31026       15004    0    1    0    0    1    0    0    1    0    0    2    0    0    1    5    0    3    1    9    0    3 105556.00 250000.00  50000.00
5         15521       15004    0    1    0    0    1    0    0    1    0    0    2    0    0    1    5    0    3    1    9    0    3 105556.00 250000.00  50000.00
0            41       89300    1    0    0    0    2    1    0    1    2    2    0    0    1    0    4    3    1    0    2    5    2 233400.00  99800.00  67100.00
0           116       66029    1    0    0    0    2    1    0    1    2    2    0    0    1    0    3    3    1    0    2    5    3 242711.00  71869.00  85763.00
0           769       56875    1    0    0    0    2    0    0    2    0    2    0    0    1    1    4    3    0    1    2    4    4 250000.00 127500.00  30625.00
0           844       17000    1    0    0    0    2    0    0    2    0    2    0    0    1    1    4    3    0    2    2    4    3 248500.00 127500.00  31000.00
0         30424       16563    1    0    0    0    0    2    0    4    1    2    0    0    1    0    2    3    2    0    2    3    4 245312.00  33125.00 127500.00
6         15228       16563    1    0    0    0    0    2    0    4    1    2    0    0    1    0    2    3    2    0    2    3    4 245312.00  33125.00 127500.00
0            39      196667    3    0    0    0    1    0    0    1    0    1    1    3    2    1    1    0    2    3    3    3    2  83333.00 255000.00  70000.00
0           116       61668    3    0    0    0    1    0    0    1    0    1    1    3    2    1    1    1    2    3    2    3    2  83335.00 273332.00  56667.00
0           498       49286    2    0    1    0    1    0    0    1    0    2    1    1    2    1    1    1    2    4    2    3    2  97144.00 260000.00  45714.00
0          1201       15001    2    0    0    0    1    0    0    1    0    2    1    0    2    1    0    1    2    6    2    3    3 120001.00 259999.00  26667.00
7           616       15001    2    0    0    0    1    0    0    1    0    2    1    0    2    1    0    1    2    6    2    3    3 120001.00 259999.00  26667.00
0            25     1964000    1    0    1    1    0    0    2    0    0    0    4    0    1    0    1    2    2    2    2    3    5 255000.00 112500.00 195000.00
0            87      133000    1    0    1    1    0    0    1    0    0    0    4    0    2    0    1    2    2    2    2    3    5 234000.00 125000.00  41000.00
0           155       65000    1    0    1    1    0    0    1    0    0    0    3    0    2    0    1    2    2    2    2    4    5 250000.00 150000.00      0.00
0           709       62000    1    0    0    1    0    0    1    0    1    0    4    0    2    0    0    2    2    2    2    3    6 247750.00 125000.00  38250.00
0           771       29287    1    0    0    1    0    0    1    0    0    0    4    1    2    0    0    2    2    2    2    3    6 250000.00 114286.00  42857.00
0          2245       28096    1    0    0    1    2    0    1    0    0    2    2    0    2    1    0    2    1    2    0    3    7 248332.00   3334.00 155714.00
0          2315       20000    1    1    0    1    2    0    1    0    0    2    2    0    2    1    0    2    0    2    0    3    7 245000.00   5000.00 155000.00
0          2387       16112    1    1    0    1    2    0    1    0    0    2    2    0    2    2    0    2    0    2    0    2    7 244446.00   5554.00 155556.00
0          2452       11250    1    1    0    1    2    0    1    1    0    2    2    0    2    2    0    2    0    2    0    1    7 243750.00   6250.00 156250.00
0          2603        5001    1    1    0    1    2    0    1    2    0    2    2    0    2    2    0    2    0    2    0    0    7 242857.00   7143.00 157143.00
8          1322        5001    1    1    0    1    2    0    1    2    0    2    2    0    2    2    0    2    0    2    0    0    7 242857.00   7143.00 157143.00
0            38      504001    1    0    1    2    0    0    0    3    0    1    0    2    4    0    0    1    3    2    0    3    4 125000.00  86667.00 207500.00
0           105      504000    1    0    1    2    0    0    0    2    0    1    0    2    4    0    0    1    3    2    0    4    4 125000.00 117000.00 162500.00
0           224      235002    1    0    1    2    0    0    0    2    0    1    0    3    4    0    0    1    4    1    0    3    4 125000.00 141112.00 141666.00
0           283      100000    1    0    1    2    0    0    0    2    0    0    0    3    4    0    0    1    4    1    1    3    4 125000.00 130000.00 150000.00
0          4496       60000    1    0    1    3    0    0    1    1    0    0    0    3    4    0    1    0    5    0    0    3    4  85000.00 160000.00 160000.00
0          4638       34092    1    0    1    2    0    0    1    1    0    1    0    3    3    0    1    0    5    0    1    3    4 125454.00 160000.00 123638.00
0          6023       33001    2    0    0    2    0    0    1    1    0    1    0    3    3    0    1    0    5    0    0    3    5 125333.00 160000.00 124000.00
0         18557       31366    1    0    0    0    2    1    1    0    0    0    4    1    2    0    0    3    0    1    2    3    6 252727.00 114544.00  41819.00
0         18675       29287    1    0    0    0    2    1    1    0    0    0    4    2    2    0    0    3    0    1    2    3    5 250000.00  92858.00  64285.00
0         18993       19287    1    0    0    0    2    1    1    0    0    0    5    0    2    0    0    3    0    1    2    2    7 250000.00 100000.00  57143.00
9          9508       19287    1    0    0    0    2    1    1    0    0    0    5    0    2    0    0    3    0    1    2    2    7 250000.00 100000.00  57143.00
0           723      140000    2    0    1    0    1    0    1    1    0    1    1    2    0    2    0    2    0    6    3    4    0  55000.00 231000.00 115000.00
0           794      108335    3    0    1    0    1    0    1    1    0    1    1    2    0    2    0    2    0    6    2    4    0  36000.00 250000.00 121333.00
0           870       86179    3    0    1    0    1    0    1    1    0    1    1    2    0    2    0    1    0    6    3    4    0  41175.00 244119.00 126471.00
0           950       54134    4    0    1    0    1    0    0    1    0    1    1    2    0    2    0    1    0    6    3    4    0  30435.00 252174.00 128261.00
0          1022       18413    4    0    1    0    1    0    0    1    0    0    1    2    0    2    0    2    0    6    3    4    0  31818.00 251137.00 122728.00
0         11077       17086    4    0    0    0    1    0    0    1    0    1    1    2    0    2    0    4    0    6    0    4    1  62500.00 252083.00  91667.00
0         37308       16250    2    0    1    0    1    0    0    1    0    2    1    1    0    2    0    4    0    7    1    4    0  95000.00 251250.00  60000.00
10         18668       16250    2    0    1    0    1    0    0    1    0    2    1    1    0    2    0    4    0    7    1    4    0  95000.00 251250.00  60000.00
0            46      766001    2    0    0    0    2    0    1    2    0    1    0    3    2    0    1    0    2    3    3    3    2 129917.00 114750.00 190166.00
0           128      560000    2    0    0    0    2    0    0    2    0    1    0    3    2    0    1    1    2    3    3    3    2 161000.00 127500.00 128000.00
0           277      192143    2    1    0    0    2    0    0    2    0    1    0    2    2    0    2    1    1    3    3    3    2  65714.00 130000.00 201429.00
0           350       68750    2    1    0    0    2    0    0    2    0    1    0    2    1    0    2    1    1    3    4    3    2  72500.00 127500.00 213750.00
0           431       19708    2    1    0    0    2    0    0    2    0    1    0    2    1    0    2    0    1    3    5    3    2  52942.00 129411.00 223529.00
0          5788       17188    4    1    0    0    2    0    0    2    0    0    0    2    0    0    2    2    0    3    3    4    2  30625.00 127500.00 249063.00
11          2911       17188    4    1    0    0    2    0    0    2    0    0    0    2    0    0    2    2    0    3    3    4    2  30625.00 127500.00 249063.00
0            37       80625    1    0    0    0    2    1    0    0    4    0    4    2    1    1    2    3    1    0    4    1    0 251875.00  92500.00  65000.00
0           116       47224    1    0    0    0    2    1    0    0    3    0    4    2    1    1    2    3    1    0    4    1    1 239444.00  81667.00  86667.00
0           274       37858    1    0    0    0    2    1    0    1    2    0    4    2    1    1    2    3    0    1    4    1    1 235715.00  78573.00  92854.00
0          9296       33890    1    0    0    0    2    1    0    1    2    0    5    1    1    0    3    3    0    1    4    1    1 233333.00  82222.00  88889.00
0         16269       29513    1    0    0    0    2    1    0    2    1    1    2    0    0    3    6    3    0    0    4    0    1 268627.00 115686.00  25490.00
0         17080       29125    1    0    0    0    2    0    0    2    0    1    2    0    0    3    5    3    0    1    4    0    3 257375.00 127500.00  23500.00
0         17241       28334    1    0    0    0    2    0    0    2    0    1    2    0    0    3    3    3    0    2    4    0    4 240000.00 130000.00  36666.00
0         37835       13697    1    0    0    0    2    0    0    2    0    1    2    0    0    2    7    3    0    2    4    1    0 243478.00 128260.00  34783.00
12         18934       13697    1    0    0    0    2    0    0    2    0    1    2    0    0    2    7    3    0    2    4    1    0 243478.00 128260.00  34783.00
0            40      964000    2    0    0    0    1    1    0    2    0    1    1    0    2    1    0    1    2    3    3    2    5 137500.00 312500.00  12500.00
0           125      561500    2    0    0    0    1    1    0    2    0    1    2    0    2    1    0    1    2    3    3    1    5 165000.00 167500.00  87500.00
0           208      543167    2    0    0    0    1    1    0    2    0    1    2    1    2    1    0    1    2    3    3    1    4 158889.00 132222.00 122778.00
0           294      178500    2    0    0    0    1    1    0    2    0    1    2    1    2    2    0    1    1    3    3    1    4 125000.00 123250.00 157250.00
0           387      147084    2    0    0    0    1    1    0    3    0    1    2    1    2    2    0    1    1    3    3    0    4 129667.00  95333.00 177750.00
0           648       96667    2    0    0    0    1    1    0    4    0    1    2    1    3    2    0    1    0    3    2    0    4 123334.00  65000.00 213333.00
0           804       68751    2    0    0    0    1    1    0    3    0    1    2    1    3    1    0    1    1    3    2    1    4 137500.00  86668.00 184583.00
0          1701       53250    2    0    0    0    0    1    0    5    0    1    3    1    4    0    0    1    0    3    1    1    4 125000.00  52000.00 230750.00
0          2257       51669    2    1    0    0    0    1    1    3    0    0    4    1    6    0    0    0    0    3    0    1    4  83333.00  60000.00 260000.00
0          2433       40000    2    1    0    0    0    1    1    4    0    1    3    1    5    0    0    0    0    3    0    1    4 100000.00  40000.00 265000.00
0          3652       37858    2    0    0    0    0    1    1    3    0    1    3    1    4    0    0    0    2    3    1    1    4 125000.00  46428.00 235714.00
0          9317       37500    2    1    0    0    0    1    0    3    0    0    3    1    5    1    0    0    1    3    2    0    4  82500.00  87500.00 237500.00
0         18021       30000    2    1    0    0    0    1    1    2    0    0    3    1    4    2    0    0    1    3    2    0    4  80000.00  90000.00 235000.00
0         31882       25715    2    0    0    0    0    1    2    0    0    0    7    1    4    0    0    0    2    3    1    0    4 125000.00  36607.00 243750.00
0         34908       24048    2    1    0    0    0    1    2    1    0    1    4    1    4    2    0    0    0    3    0    1    4 109524.00  30952.00 266668.00
0         37810       16767    2    0    0    0    0    1    2    0    0    1    5    1    4    0    0    0    1    3    0    3    4 125000.00  23529.00 257354.00
13         18921       16767    2    0    0    0    0    1    2    0    0    1    5    1    4    0    0    0    1    3    0    3    4 125000.00  23529.00 257354.00
0            38      332500    1    0    1    1    0    1    2    0    0    0    4    0    0    1    2    0    3    2    5    1    3 117000.00 135000.00 157500.00
0           114      158334    1    0    1    1    0    1    3    0    0    0    4    0    0    1    2    0    3    2    4    1    3  86667.00 125000.00 188333.00
0           391      127500    0    0    1    1    0    1    2    1    0    0    4    0    1    0    2    0    3    2    5    1    3  55500.00 125000.00 225000.00
0           463      125000    0    0    1    0    0    1    3    1    0    0    4    0    1    0    2    0    3    2    5    1    3  45000.00 125000.00 250000.00
0           571       48637    0    0    1    0    0    1    3    1    0    1    4    0    0    0    2    0    3    2    5    1    3  49091.00 112727.00 247273.00
0           696       20001    0    0    1    0    0    1    3    1    0    0    5    0    0    0    2    0    3    2    6    0    3  58333.00 100000.00 250000.00
0          1114       11669    0    0    1    0    0    1    3    0    0    1    6    0    0    0    2    1    3    2    4    0    3  86666.00  68889.00 251112.00
14           569       11669    0    0    1    0    0    1    3    0    0    1    6    0    0    0    2    1    3    2    4    0    3  86666.00  68889.00 251112.00
0            23       66251    1    0    0    0    2    0    0    0    6    2    0    1    2    0    0    2    2    2    2    5    0 231250.00 127500.00  43333.00
0            77       29287    1    0    0    0    2    0    0    0    7    2    0    0    2    0    0    2    2    2    2    5    0 250000.00 120000.00  37143.00
0           770       20000    1    0    0    0    2    1    0    0    4    2    0    0    2    0    0    2    2    2    2    5    2 250000.00  94000.00  65000.00
0          1391       19121    1    0    0    0    2    0    0    1    5    2    0    0    2    0    0    2    2    1    2    4    3 250000.00 130588.00  25883.00
0         13544       15296    1    0    0    0    5    1    0    0    2    2    0    0    2    0    0    2    1    2    2    3    4 250000.00  24706.00 131470.00
15          6789       15296    1    0    0    0    5    1    0    0    2    2    0    0    2    0    0    2    1    2    2    3    4 250000.00  24706.00 131470.00
0            32       42000    1    0    0    0    2    1    0    2    1    0    3    4    1    2    0    3    0    1    4    0    2 253000.00 108000.00  44000.00
0           109       28334    1    0    0    0    2    1    0    2    1    0    3    3    1    2    1    3    0    1    4    0    2 240000.00  93334.00  73332.00
0           894       13697    1    0    0    0    2    0    0    2    0    0    2    7    1    2    0    3    0    2    4    1    0 243478.00 128260.00  34783.00
16           465       13697    1    0    0    0    2    0    0    2    0    0    2    7    1    2    0    3    0    2    4    1    0 243478.00 128260.00  34783.00
0            35       29250    1    0    0    0    4    0    1    0    0    1    1    2    2    0    0    2    2    2    2    2    5 250000.00  63750.00  94500.00
0         24353       27500    2    0    0    1    4    0    2    0    0    0    0    2    2    0    1    2    2    2    0    3    4 125000.00  32500.00 250000.00
17         12195       27500    2    0    0    1    4    0    2    0    0    0    0    2    2    0    1    2    2    2    0    3    4 125000.00  32500.00 250000.00
0            27       87000    4    0    0    0    0    3    0    1    0    2    0    4    0    2    0    1    3    0    2    3    2  62500.00 250000.00  93500.00
0            91       72501    4    0    0    0    0    3    0    1    0    3    0    4    0    2    0    0    3    0    2    3    2  62500.00 266667.00  85000.00
0           244       45003    4    0    0    0    0    3    0    1    0    4    0    3    0    2    0    0    3    0    1    3    3  62500.00 262500.00  83333.00
0          1719       33781    2    0    0    1    0    4    0    1    0    4    0    1    0    2    0    0    3    1    2    3    3 116334.00 254445.00  34666.00
0          1792       27500    2    0    0    1    0    4    0    1    0    4    0    0    0    2    0    0    3    2    2    3    3 125000.00 250000.00  32500.00
0          1995       19334    2    0    0    1    0    5    0    1    0    4    0    0    0    2    0    0    3    1    2    3    3 125000.00 257334.00  26000.00
0          7871       17500    2    0    0    0    0    1    0    0    1    4    0    0    0    0    2    1    6    2    2    3    3 125000.00  27084.00 256248.00
0         14515       16250    3    1    0    0    0    1    0    0    1    3    1    1    0    0    2    1    7    0    2    0    4  47500.00 107500.00 251250.00
18          7271       16250    3    1    0    0    0    1    0    0    1    3    1    1    0    0    2    1    7    0    2    0    4  47500.00 107500.00 251250.00
0            44      607091    1    0    0    0    5    1    1    1    0    1    0    2    1    0    2    2    2    1    3    1    3 275294.00  28530.00 112353.00
0           131       93667    1    0    0    0    5    0    1    1    0    1    0    2    1    0    2    2    2    2    3    1    3 225000.00  51000.00 124667.00
0           217       28334    1    1    0    0    4    0    1    1    0    1    0    2    1    0    2    2    2    2    3    1    3 190832.00  63750.00 154584.00
0           598       26318    1    0    0    0    4    1    1    0    0    1    0    2    1    0    2    2    2    2    3    3    2 251052.00  32632.00 124474.00
0           681       23481    1    0    0    0    5    1    1    0    0    1    0    2    1    0    2    2    1    2    3    3    2 259566.00  26956.00 120217.00
0         16276       15572    1    0    0    0    4    1    1    0    0    1    0    2    2    0    0    0    2    6    4    3    0 250113.00  33182.00 122273.00
19          8151       15572    1    0    0    0    4    1    1    0    0    1    0    2    2    0    0    0    2    6    4    3    0 250113.00  33182.00 122273.00