
0     11296.00      504834.00
1        79.00      588167.00
2      6575.00       65000.00
3      5466.00       55000.00
4       377.00      588167.00
5        71.00       65000.00
6      7955.00       67002.00
7      9883.00       29287.00
8       110.00       65000.00
9      6352.00       55000.00
10      1759.00       29287.00
11       662.00      579278.00
12      3911.00       65000.00
13        82.00      579278.00
14      1703.00       55000.00
15      4941.00       29287.00
16      6094.00       95000.00
17      3429.00       29287.00
18      8979.00       29287.00
19       302.00      588167.00