
0        170.00       46540.00
1       6752.00       24375.00
2      17431.00       11000.00
3       1303.00       18413.00
4        220.00       19763.00
5      15521.00       15004.00
6      15228.00       16563.00
7        616.00       15001.00
8       1322.00        5001.00
9       9508.00       19287.00
10      18668.00       16250.00
11       2911.00       17188.00
12      18934.00       13697.00
13      18921.00       16767.00
14        569.00       11669.00
15       6789.00       15296.00
16        465.00       13697.00
17      12195.00       27500.00
18       7271.00       16250.00
19       8151.00       15572.00