
0      79754.00      732000.00
1      29631.00      528474.00
2      75562.00      770000.00
3      44061.00      650000.00
4      11956.00     1786000.00
5      63216.00     1623000.00
6      82185.00      560738.00
7      43750.00     1564000.00
8      62879.00      962530.00
9      65721.00      617700.00
10      12878.00      550000.00
11      44401.00      818000.00
12      81369.00      673332.00
13      11966.00      633428.00
14      72664.00      665094.00
15      12227.00      572726.00
16      39928.00      510640.00
17      56636.00      515342.00
18      58962.00     1331000.00
19      40955.00      735000.00