
0	 615960	1 0 0 1 0 0 1 0 0 1 0 0 1 0 0 1 0 0 1 0 0 1 0 0 1 0 0 1 1 0 1 1 0 1 1 0 1 1 0 1 2 0 1 2 0 1 2 0 1 2 0 1 2 0 1 2 0 1 2 0 1 2 0 1 2 0 1 2 0 2 2 0 3 3 4 3 3 3 3 3 1 3 3 7 4 2 4 1 2 23      63000      13500       8260 
396	 595386	1 0 0 1 1 1 1 0 1 1 0 1 1 0 1 1 0 1 1 0 1 1 1 1 1 0 1 1 1 1 1 1 0 1 2 0 1 1 0 1 1 1 1 1 1 1 2 0 1 2 0 1 2 0 1 2 1 1 2 1 1 2 0 1 2 1 1 2 1 2 2 0 3 3 1 3 2 2 3 3 1 3 3 6 4 2 4 1 2 13      55386      17307      14614 
495	 554918	1 0 0 1 0 0 1 0 0 1 0 0 1 1 0 1 0 0 1 0 0 1 0 0 1 0 0 1 0 1 1 1 1 1 0 1 1 1 1 1 0 2 1 0 2 1 0 2 1 0 2 1 0 2 1 0 2 1 1 2 1 1 2 1 0 2 1 0 2 2 0 2 3 2 3 3 2 3 3 1 3 3 7 3 4 2 2 1 23 2      63000       8261      13500 
792	 459822	0 1 1 0 0 1 0 1 1 1 0 1 0 1 1 0 1 1 0 1 1 1 1 1 0 1 1 1 1 1 1 1 1 1 0 1 1 1 1 1 1 1 2 0 1 1 1 1 2 1 1 2 1 1 1 1 1 2 1 1 2 1 1 3 1 1 2 1 1 2 0 2 3 1 3 3 1 3 3 1 3 3 1 3 2 1 4 2 18 1      13818      10727      59273 
990	 152000	1 0 1 1 0 1 1 0 1 1 0 1 0 1 1 1 0 1 1 0 1 1 0 1 1 0 1 0 1 1 1 1 1 1 1 1 1 1 1 0 2 1 1 2 1 1 1 1 1 2 1 1 2 1 0 2 1 0 2 1 1 2 1 1 2 1 0 2 1 0 2 2 1 3 3 1 3 3 1 3 3 2 3 3 1 2 4 19 2 1       9000      16500      57000 
1089	 147736	0 1 1 0 1 1 0 1 1 0 1 1 0 1 1 0 1 1 0 1 1 0 1 1 0 1 1 1 1 1 1 1 1 2 0 1 1 1 1 1 1 1 2 0 1 2 1 1 2 0 1 2 1 1 2 1 1 2 1 1 2 1 1 2 1 1 2 1 1 2 1 2 3 1 3 3 1 3 3 1 3 3 1 3 2 1 4 2 16 1      16500      12066      53934 
1287	 137000	1 1 0 1 1 0 1 1 0 1 1 0 1 1 0 1 1 0 1 1 0 1 1 0 1 1 0 1 1 1 1 1 1 0 1 1 1 1 1 1 1 1 0 1 2 1 1 2 0 1 2 1 1 2 1 1 2 1 1 2 1 1 2 1 1 2 1 1 2 1 2 2 1 3 3 1 3 3 1 3 3 1 3 3 1 4 2 16 1 3      10500      55500      16500 
1584	 134000	0 0 1 1 0 1 1 0 1 1 0 1 1 0 1 1 0 1 1 0 1 1 0 1 1 0 1 0 1 1 1 1 1 1 1 1 1 1 1 1 1 1 1 2 1 1 2 1 1 2 1 1 2 1 0 2 1 0 2 1 1 2 1 1 2 1 0 2 1 0 2 2 1 3 3 1 3 3 1 3 3 1 3 3 1 2 4 19 3 1       9000      16500      57000 
1782	  88750	0 1 0 0 1 0 0 1 1 0 1 1 0 1 1 0 1 1 0 1 1 0 1 1 0 1 1 1 1 1 1 1 1 1 1 0 1 1 1 1 1 1 1 1 1 2 1 1 2 1 1 2 1 1 2 1 1 2 1 1 2 1 1 3 1 1 2 1 1 2 2 0 3 3 1 3 3 1 3 3 1 3 3 1 2 4 1 3 1 17      13125      60000      10625 
1980	  80752	1 0 0 1 0 0 1 1 0 1 1 0 1 1 0 1 1 0 1 1 0 1 1 0 1 1 0 1 1 1 1 1 1 1 0 1 1 1 1 1 1 1 1 1 2 1 1 2 1 1 2 1 1 2 1 1 2 1 1 2 1 1 2 1 1 2 1 1 2 2 0 2 3 1 3 3 1 3 3 1 3 3 1 3 4 1 2 1 17 3      59444      10556      13704 
9297	  75478	0 1 0 0 1 0 1 1 0 1 1 0 1 1 0 1 1 0 1 1 0 1 1 0 1 1 0 1 1 1 1 1 1 1 1 1 1 1 1 1 1 1 1 1 1 1 1 2 1 1 2 1 1 2 1 1 2 1 1 2 1 1 2 1 1 2 1 1 2 0 2 2 1 3 3 1 3 3 1 3 3 1 3 3 1 4 2 16 1 4      10377      59623      13585 
0	 649000	1 0 0 1 0 0 1 0 0 1 0 0 1 0 0 1 0 0 1 0 0 1 0 0 1 0 0 1 1 0 1 1 0 1 1 0 1 1 0 1 2 0 1 2 0 1 2 0 1 2 0 1 2 0 1 2 0 1 2 0 1 2 0 1 2 0 1 2 0 2 2 0 3 3 3 3 3 4 3 3 8 3 3 3 4 2 3 1 2 21      63000      13500       9047 
297	 570000	0 0 1 0 1 1 0 1 1 0 1 1 0 1 1 1 0 1 0 1 1 0 1 1 0 1 1 1 0 1 1 0 1 1 1 1 1 0 1 2 0 1 2 0 1 2 0 1 2 0 1 2 0 1 2 0 1 2 0 1 2 0 1 2 0 1 2 0 1 2 0 2 3 7 3 2 0 3 3 4 3 3 3 3 2 1 4 2 19 1      15000      10000      60000 
396	 566400	1 1 0 1 1 0 1 1 0 1 1 1 1 1 0 1 1 0 1 1 1 1 1 0 1 0 1 1 1 1 1 1 1 1 1 1 1 1 1 1 1 1 1 1 1 1 2 2 1 1 2 1 0 2 1 1 2 1 1 2 1 1 2 1 1 2 1 1 3 2 1 2 3 1 2 3 2 3 3 1 3 3 1 3 4 3 1 1 11 2      53500      17100      14700 
495	 557000	0 1 0 0 1 0 0 1 0 0 1 0 0 1 0 1 1 1 0 1 0 0 1 0 1 1 0 1 1 1 0 1 1 0 1 1 0 1 1 0 1 2 0 1 2 0 1 2 1 1 2 0 1 2 0 1 2 1 1 2 1 1 2 1 1 2 1 1 2 0 2 2 1 3 3 3 3 2 6 3 3 1 3 3 3 4 2 20 1 2       9500      63000      13500 
693	 513560	1 0 0 1 1 0 1 1 0 1 1 0 1 1 0 1 1 0 1 0 0 1 0 0 1 0 0 1 1 1 1 0 1 1 1 1 1 1 1 1 1 1 1 1 1 1 0 2 1 1 2 1 1 2 1 1 2 1 1 2 1 1 2 1 1 2 1 1 3 2 0 2 3 1 3 3 1 3 3 3 3 3 1 4 4 1 2 1 18 2      63000      11055       9000 
891	 497610	0 1 0 0 1 1 0 1 1 0 1 1 0 1 1 0 1 1 0 1 1 0 1 0 0 1 0 1 1 1 1 1 0 1 1 1 1 1 1 1 1 1 1 1 1 2 1 0 1 1 1 2 1 1 2 1 1 2 1 1 2 1 1 2 1 1 3 1 1 2 2 0 3 3 1 3 3 1 3 3 2 4 3 1 2 4 1 3 1 18      10215      63000      10353 
1089	 493524	1 1 0 1 1 0 1 1 0 1 1 0 1 1 0 1 1 0 1 1 1 1 1 0 0 1 1 1 1 1 1 1 1 1 1 1 1 1 1 1 1 1 1 1 1 1 1 1 1 1 2 0 1 2 1 1 2 1 1 3 1 1 2 1 1 2 1 1 2 1 2 2 2 3 3 2 3 3 1 3 4 1 3 4 3 4 1 11 1 1      19476      50524      15238 
1188	 481184	1 0 1 1 0 1 1 0 1 1 0 1 1 0 1 1 0 1 1 0 1 1 0 1 1 0 1 1 1 1 1 1 1 1 1 1 1 1 1 1 1 1 1 1 1 1 2 1 1 1 1 1 2 0 1 2 1 1 2 1 1 2 1 1 2 1 1 3 1 2 2 1 3 3 2 3 4 1 3 3 1 3 4 1 4 2 3 1 2 11      50910      15045      18091 
1485	 470004	0 1 0 0 1 1 0 1 1 0 1 1 0 1 1 0 1 1 0 1 1 0 1 1 1 1 0 1 1 1 1 1 0 1 1 1 1 1 1 1 1 1 1 1 1 2 1 0 1 1 1 1 1 1 1 1 1 2 1 1 2 1 1 2 1 1 3 1 1 2 2 0 3 3 1 4 3 1 3 3 1 4 3 1 2 4 1 3 1 18      13333      60000      10000 
1584	 144240	1 0 0 1 1 0 1 1 0 1 1 0 1 1 0 1 1 0 1 1 0 1 1 0 1 0 1 1 1 1 1 0 1 1 1 1 1 1 1 1 1 1 1 1 1 1 0 2 1 1 1 1 1 2 1 1 1 1 1 2 1 1 2 1 1 2 1 1 2 2 0 2 3 1 3 3 1 4 3 1 3 3 1 4 4 1 2 1 18 3      56324       9676      16500 
1782	 106670	1 0 0 1 0 0 1 1 0 1 1 0 1 1 0 1 1 0 1 1 0 1 1 0 1 0 1 1 1 1 1 0 1 1 1 1 1 1 1 1 1 1 1 1 1 1 0 2 1 1 2 1 1 1 1 1 1 1 1 2 1 1 2 1 1 2 1 1 2 2 1 2 3 1 3 3 1 4 3 1 3 3 1 4 4 1 2 1 18 3      60000      10000      13333 
6723	  97150	1 0 0 1 0 0 1 1 0 1 1 0 1 1 0 1 1 0 1 1 0 1 1 0 1 1 0 1 1 1 1 0 1 1 1 1 1 1 1 1 1 1 1 1 2 1 0 2 1 1 2 1 1 2 1 1 2 1 1 2 1 1 3 1 1 2 1 1 2 2 1 2 3 1 3 3 1 3 3 1 3 3 1 3 4 1 2 1 17 2      60000      11428      12857 
7614	  89650	1 0 0 1 0 0 1 1 0 1 1 0 1 1 0 1 1 0 1 1 0 1 1 0 1 1 0 1 1 1 1 0 1 1 1 1 1 1 1 1 1 1 1 1 1 1 0 2 1 1 1 1 1 1 1 1 2 1 1 3 1 1 3 1 1 2 1 1 2 2 1 2 3 1 3 3 1 3 3 1 3 3 1 3 4 1 2 1 17 4      60179       9821      13214 
7812	  83222	0 1 0 0 1 0 0 1 1 0 1 1 0 1 1 0 1 1 0 1 1 0 1 1 0 1 1 1 1 1 1 1 0 1 1 1 1 1 1 1 1 1 1 1 1 2 1 0 1 1 1 2 1 1 2 1 1 2 1 1 3 1 1 2 1 1 2 1 1 2 2 1 3 3 1 3 3 1 3 3 1 3 3 1 2 4 1 4 1 17      13214      60179       9821 
26298	  79640	1 0 0 1 0 0 1 0 1 1 0 1 1 0 1 1 0 1 1 0 1 1 0 1 1 0 1 1 1 1 1 1 0 1 1 1 1 1 1 1 1 1 1 2 1 1 2 0 1 2 1 1 2 1 1 2 1 1 2 1 1 2 1 1 2 1 1 2 1 2 2 1 3 3 1 3 3 1 3 3 1 3 3 1 4 2 1 1 3 17      59444      13704      10556 
0	 615960	1 0 0 1 0 0 1 0 0 1 0 0 1 0 0 1 0 0 1 0 0 1 0 0 1 0 0 1 1 0 1 1 0 1 1 0 1 1 0 1 2 0 1 2 0 1 2 0 1 2 0 1 2 0 1 2 0 1 2 0 1 2 0 1 2 0 1 2 0 2 2 0 3 3 5 3 3 2 3 3 5 3 3 4 4 2 3 1 2 23      63000      13500       8260 
396	 609820	0 1 1 0 1 1 1 1 1 0 1 1 1 0 1 0 1 1 0 1 1 0 1 1 1 0 1 1 0 1 1 1 1 1 0 1 1 1 1 1 0 1 2 1 1 2 0 1 1 1 1 2 1 1 2 0 1 2 0 1 2 0 1 2 0 1 2 0 1 2 0 2 2 2 3 3 1 3 3 3 3 3 1 3 1 3 4 3 20 1      19045       8045      61955 
495	 566000	0 1 1 0 1 1 1 0 1 0 0 1 0 1 1 0 1 1 0 1 1 0 1 1 0 1 1 1 1 1 1 1 1 1 0 1 1 0 1 1 1 1 2 0 1 2 1 1 2 1 1 2 1 1 2 0 1 2 0 1 2 1 1 2 0 1 3 1 1 2 0 2 2 1 3 3 4 3 3 1 3 3 1 3 2 1 4 2 19 1      13500      10000      63000 
594	 546732	0 0 1 1 0 1 0 1 1 1 0 1 0 1 1 0 1 1 1 0 1 1 0 1 1 1 1 0 1 1 0 1 1 0 1 1 1 1 1 1 1 1 0 2 1 0 2 1 1 1 1 1 2 1 0 2 1 0 2 1 1 2 1 0 2 1 0 2 1 1 2 2 3 2 3 5 3 3 3 2 3 1 3 3 1 1 4 18 3 1       9636      16546      56908 
1287	 543520	1 0 0 1 1 0 1 0 1 1 1 0 1 0 1 1 1 0 1 1 0 1 1 0 1 1 1 1 0 1 1 0 1 1 0 1 1 1 1 1 1 1 1 1 1 1 0 2 1 1 1 1 1 2 1 0 2 1 0 2 1 1 2 1 1 3 1 0 2 2 1 2 3 2 2 3 3 3 3 3 3 3 1 3 4 1 1 1 18 3      60270       9730      14865 
1782	 517000	1 0 1 1 0 1 0 1 1 1 0 1 0 1 1 1 0 1 1 0 1 1 0 1 1 1 1 0 1 1 1 1 1 1 1 1 1 1 1 1 1 1 1 1 1 1 2 1 1 1 1 1 2 1 1 2 1 0 2 1 0 2 1 0 2 1 1 2 1 0 2 2 1 2 3 1 3 3 1 3 3 1 3 3 2 1 4 19 4 1       8500      14250      61500 
1881	 503854	1 1 0 1 1 0 0 1 1 1 1 0 0 1 1 1 1 0 1 1 0 1 1 0 1 1 1 0 1 1 1 1 1 1 1 1 1 1 1 1 1 1 1 1 1 1 1 1 1 1 1 1 1 2 1 1 2 0 1 3 0 1 2 0 1 3 1 1 2 0 2 2 1 3 2 1 3 3 1 3 3 1 3 3 2 4 1 19 1 3       9231      60768      14616 
2277	 483338	0 1 1 0 1 1 1 0 1 1 0 1 1 0 1 0 1 1 0 1 1 0 1 1 1 1 1 1 0 1 1 1 1 1 1 1 1 1 1 1 1 1 1 1 1 1 1 1 1 1 1 1 1 1 1 1 1 3 0 1 3 0 1 3 0 1 2 1 1 2 0 2 2 1 3 2 3 3 3 1 3 3 1 3 2 2 4 3 18 1      13334      10000      59999 
2475	 474140	1 1 0 1 1 0 0 1 1 1 1 0 0 1 1 1 1 0 1 1 0 1 1 0 1 1 1 0 1 1 1 1 1 1 1 1 1 1 1 1 1 1 1 1 1 1 1 1 1 1 1 1 1 1 1 1 1 0 1 3 0 1 3 0 1 3 1 1 2 0 2 2 1 3 2 1 3 3 1 3 3 1 3 3 2 4 1 19 1 4       8793      61207      12931 
2772	 473164	1 0 1 1 0 1 1 1 0 1 0 1 1 1 0 1 0 1 1 0 1 1 0 1 1 1 1 1 1 0 1 1 1 1 1 1 1 1 1 1 1 1 1 1 1 1 1 1 1 2 1 1 1 1 1 1 1 1 3 0 1 2 1 1 3 0 1 2 1 2 2 0 3 2 1 3 3 1 3 3 1 3 3 1 4 2 1 1 3 19      60526      13158       9474 
3168	 470006	0 1 1 0 1 0 1 1 0 0 1 1 1 1 0 0 1 1 0 1 1 0 1 1 1 1 1 1 1 1 1 1 1 1 1 1 1 1 1 1 1 1 1 1 1 1 1 1 1 1 1 1 1 1 1 1 1 3 1 0 3 1 0 3 1 0 2 1 1 2 2 0 2 3 1 3 3 2 3 3 1 3 3 1 2 4 2 3 1 18      13333      60000      10000 
3366	 467088	1 0 0 1 0 1 1 1 0 1 0 1 1 1 1 1 0 1 1 0 1 1 0 1 1 1 1 1 1 1 1 1 1 1 1 1 1 1 1 1 1 1 1 1 1 1 1 1 1 1 1 1 2 1 1 1 1 1 2 1 1 2 1 1 2 1 1 2 1 2 2 1 3 3 1 3 3 1 3 3 1 3 3 1 4 3 1 1 3 15      58125      14583      11875 
3663	 466330	0 1 1 0 1 1 1 0 1 0 1 1 1 0 1 0 1 1 0 1 1 0 1 1 1 1 1 1 0 1 1 1 1 1 1 1 1 1 1 1 1 1 1 1 1 1 1 1 1 1 1 2 1 1 1 1 1 2 1 1 2 1 1 3 0 1 2 1 1 2 1 2 3 1 3 3 1 3 3 1 3 3 1 3 2 1 4 3 17 1      13703      10555      59444 
3762	 466002	1 1 0 1 1 0 0 1 1 1 1 0 0 1 1 1 1 0 1 1 0 1 1 0 1 1 1 0 1 1 1 1 1 1 1 1 1 1 1 1 1 1 1 1 1 1 1 1 1 1 1 1 1 1 1 1 1 1 1 2 0 1 3 0 1 3 1 1 2 0 2 2 1 3 3 1 3 3 1 3 3 1 3 3 2 4 1 18 1 4       9273      60727      13090 
3861	 463340	1 1 0 1 0 0 1 0 1 1 1 0 1 1 1 1 1 0 1 1 0 1 1 0 1 1 1 1 0 1 1 1 1 1 1 1 1 1 1 1 1 1 1 1 1 1 1 1 1 1 1 1 1 2 1 1 1 1 1 2 1 1 2 1 0 3 1 1 2 2 0 2 3 1 3 3 1 3 3 1 3 3 1 3 4 1 2 1 18 3      60000      10000      13334 
5346	 458896	0 1 0 0 1 0 0 1 1 1 1 0 1 1 1 1 1 0 1 1 0 1 1 0 1 1 1 1 1 1 1 1 1 1 1 1 1 1 1 1 1 1 1 1 1 1 1 1 1 1 1 1 1 1 1 1 2 1 1 2 1 1 2 1 1 2 1 1 2 0 2 2 1 3 3 1 3 3 1 3 3 1 3 3 1 4 3 17 1 3      10556      59444      13704 
6435	 456674	0 1 0 0 1 0 1 1 0 0 1 1 1 1 1 0 1 1 0 1 1 0 1 1 1 1 1 1 1 1 1 1 1 1 1 1 1 1 1 1 1 1 1 1 1 1 1 1 1 1 1 1 1 1 1 1 1 3 1 1 2 1 1 3 1 0 2 1 1 2 2 0 3 3 1 3 3 1 3 3 1 3 3 1 2 4 1 3 1 18      13333      60000      10000 
8910	 450008	0 1 0 0 1 0 0 1 1 1 1 0 1 1 1 1 1 0 1 1 0 1 1 0 1 1 1 1 1 1 1 1 1 1 1 1 1 1 1 1 1 1 1 1 1 1 1 1 1 1 1 1 1 1 1 1 2 1 1 2 1 1 2 0 1 3 1 1 2 0 2 2 1 3 3 1 3 3 1 3 3 1 3 3 1 4 2 18 1 3      10000      60000      13334 
13653	 119512	0 1 0 0 1 0 0 1 0 1 1 0 0 1 0 1 1 0 1 1 0 1 1 0 1 1 0 1 1 1 1 1 1 1 1 1 1 1 1 1 1 2 1 1 2 1 1 2 1 1 2 1 1 2 1 1 2 1 1 2 1 1 2 1 1 2 1 1 2 1 2 2 1 3 3 1 3 3 1 3 3 1 3 3 1 4 2 17 1 2      11612      63000       9796 
14049	 102612	1 0 0 1 0 0 1 0 1 1 1 0 1 1 0 1 1 0 1 1 0 1 1 0 1 1 0 1 1 1 1 1 1 1 1 1 1 1 1 1 1 1 1 1 2 1 1 2 1 1 2 1 1 2 1 1 2 1 1 3 1 1 2 1 1 2 1 1 2 2 1 1 3 1 3 3 1 3 3 1 3 3 1 3 4 1 2 1 16 2      60000      12174      12608 
14742	  94896	0 1 0 0 1 0 1 1 0 1 1 0 0 1 1 1 1 0 1 1 0 1 1 0 1 1 0 1 1 1 1 1 1 1 1 1 1 1 1 1 1 1 1 1 2 1 1 2 1 1 2 1 1 2 1 1 2 1 1 2 1 1 2 1 1 2 1 1 2 1 2 2 1 3 3 1 3 3 1 3 3 1 3 3 1 4 2 16 1 2      12066      58354      14290 
0	 649000	1 0 0 1 0 0 1 0 0 1 0 0 1 0 0 1 0 0 1 0 0 1 0 0 1 0 0 1 1 0 1 1 0 1 1 0 1 1 0 1 2 0 1 2 0 1 2 0 1 2 0 1 2 0 1 2 0 1 2 0 1 2 0 1 2 0 1 2 0 2 2 0 3 3 6 3 3 6 3 3 2 3 3 6 4 2 1 1 2 21      63000      13500       7715 
198	 646000	0 0 1 0 0 1 0 1 1 0 1 1 0 1 1 0 1 1 0 1 1 1 0 1 0 1 1 1 0 1 1 0 1 1 0 1 1 0 1 1 0 1 2 0 1 2 0 1 2 0 1 2 0 1 2 0 1 2 0 1 2 0 1 2 0 1 2 0 1 2 0 2 3 5 3 3 5 3 3 1 3 3 4 3 2 1 4 2 20 1      19000       8000      62000 
297	 634000	0 1 0 0 1 0 0 1 0 0 1 0 1 1 0 1 1 0 0 1 1 1 1 0 1 1 0 0 1 1 1 1 1 1 1 1 1 1 1 0 1 2 0 1 2 1 1 1 1 1 2 0 1 2 0 1 2 1 1 2 1 1 2 0 1 2 1 1 2 0 2 2 5 3 3 8 3 3 1 3 3 0 3 3 1 4 2 15 1 2      10800      63000      13500 
396	 568624	1 1 0 1 1 0 1 1 1 1 1 0 0 1 1 1 1 0 1 1 1 1 1 0 1 1 0 0 1 1 1 1 1 1 1 1 0 1 1 0 1 2 1 1 2 1 1 1 0 1 2 0 1 2 1 1 2 0 1 2 0 1 2 1 1 2 1 1 2 0 2 2 1 3 3 5 3 3 1 3 1 1 3 3 1 4 2 18 1 2      10555      60578      14711 
594	 550000	0 1 1 0 1 1 0 1 1 0 1 1 0 1 1 0 1 1 0 1 1 0 1 1 0 1 1 1 1 1 1 1 1 1 1 1 1 1 1 1 1 1 1 1 1 1 1 1 1 1 1 1 1 2 2 1 1 2 1 2 2 1 1 2 1 2 3 1 0 3 2 1 3 3 2 4 3 1 5 3 1 3 3 2 2 4 2 2 1 8      15217      44349      25651 
792	 536706	1 0 0 1 1 0 1 1 0 1 1 0 1 1 0 1 0 0 1 0 0 1 1 0 1 1 0 1 1 1 1 0 1 1 1 1 1 1 1 1 1 1 1 0 2 1 0 2 1 1 1 1 1 2 1 0 2 1 1 2 1 0 3 1 1 2 1 1 2 2 0 2 3 1 3 3 6 3 3 1 3 3 1 3 4 1 2 1 17 3      63000      10647      12000 
891	 506880	1 0 1 1 0 1 1 0 1 1 0 1 1 0 1 0 1 1 1 0 1 1 0 1 1 0 1 1 1 1 1 1 1 1 1 1 1 1 1 1 1 1 1 1 1 1 3 1 1 2 1 1 2 1 0 2 1 0 2 1 1 2 1 1 2 1 0 3 1 0 2 2 1 3 3 2 3 3 2 2 3 1 3 3 1 2 4 16 2 1      11875      15938      58124 
1287	 503336	0 1 1 0 1 1 0 1 1 0 1 1 0 1 1 0 1 1 0 1 1 0 1 1 0 1 1 1 1 1 1 1 1 1 1 1 1 1 1 1 1 1 1 1 1 1 1 1 1 1 1 1 1 1 1 1 1 2 1 1 2 1 2 2 1 2 4 1 0 3 2 1 3 3 2 4 3 1 5 3 1 3 3 2 2 4 3 2 1 8      14359      44103      25897 
1386	 495716	1 0 1 1 0 1 1 0 1 1 0 1 1 0 1 1 1 1 1 0 1 1 1 1 1 0 1 1 1 1 1 1 1 1 1 1 1 1 1 1 1 1 1 1 1 1 1 1 1 1 1 1 1 1 1 2 1 1 2 2 1 2 1 1 2 1 1 2 1 2 2 1 3 3 2 3 3 2 3 4 1 3 3 2 4 3 2 1 3 8      46429      15000      23571 
1584	 485716	1 1 0 1 1 0 1 1 0 1 1 0 1 1 0 1 1 0 1 1 0 1 1 1 1 1 0 1 1 1 1 1 1 1 1 1 1 1 1 1 1 1 1 1 1 1 1 1 1 1 1 1 1 2 1 1 2 1 2 2 1 1 2 1 1 2 1 1 2 2 1 2 3 2 3 3 2 3 3 1 4 3 2 3 4 2 3 1 8 3      46426      23574      14994 
1980	 458340	0 1 1 0 1 1 0 1 1 0 1 1 0 1 1 0 1 1 0 1 1 1 1 1 0 1 1 1 1 1 1 1 1 1 1 1 1 1 1 1 1 1 1 1 1 2 1 1 1 1 1 2 1 1 2 1 1 2 1 1 2 1 1 2 1 1 2 1 1 2 2 1 3 3 2 3 3 2 3 3 2 3 3 2 3 4 2 3 1 8      14584      46250      23750 
11268	 187000	0 1 1 0 1 1 0 1 1 0 1 1 0 1 1 0 1 1 0 1 1 0 1 1 0 1 1 1 1 1 1 1 1 1 1 1 1 1 1 2 1 1 2 1 1 2 1 1 2 1 1 2 1 1 2 1 1 2 1 1 2 1 1 2 1 1 2 1 1 2 1 2 3 2 3 3 2 3 3 2 3 3 2 3 2 2 4 2 8 1      16500      22500      43500 
11367	 169000	0 1 1 0 1 1 0 1 1 0 1 1 0 1 1 0 1 1 0 1 1 0 1 1 0 1 1 1 1 1 1 1 1 1 1 1 1 1 1 1 1 1 2 1 1 2 1 1 2 1 1 2 1 1 2 1 1 2 1 1 2 1 1 2 1 1 2 1 1 2 2 1 3 3 2 3 3 2 3 3 2 3 3 2 2 4 2 3 1 8      16500      43500      22500 
0	 615960	1 0 0 1 0 0 1 0 0 1 0 0 1 0 0 1 0 0 1 0 0 1 0 0 1 0 0 1 1 0 1 1 0 1 1 0 1 1 0 1 2 0 1 2 0 1 2 0 1 2 0 1 2 0 1 2 0 1 2 0 1 2 0 1 2 0 1 2 0 2 2 0 3 3 2 3 3 7 3 3 1 3 3 4 4 2 5 1 2 23      63000      13500       8260 
396	 534000	1 0 1 1 0 1 1 0 1 1 0 1 1 0 1 1 0 0 1 0 1 1 0 0 1 0 1 1 1 1 1 1 0 1 1 0 1 1 1 1 1 1 1 2 0 1 2 0 1 2 1 1 2 0 1 2 1 1 2 0 1 2 1 1 2 1 1 3 1 2 2 0 3 3 2 3 3 1 3 3 2 3 3 1 4 2 1 1 2 20      63000      13500       9500 
495	 529700	1 1 0 1 1 0 1 1 0 0 1 0 1 1 0 0 1 0 1 1 0 1 1 0 1 1 0 0 1 1 1 1 1 1 1 1 0 1 1 1 1 1 0 1 2 1 1 2 1 1 2 0 1 2 0 1 2 0 1 2 1 1 2 0 1 2 1 1 2 0 2 2 1 3 3 3 3 3 1 3 3 1 3 3 2 4 2 20 1 3       8825      63000      13500 
594	 510000	1 1 1 1 0 1 1 0 1 0 1 1 1 1 1 0 1 1 1 0 1 1 0 1 1 0 1 0 1 1 1 1 1 1 1 1 0 1 1 1 1 1 0 2 1 1 2 1 1 2 1 0 2 1 0 2 1 0 2 1 1 2 1 0 2 1 1 2 1 0 2 2 1 3 3 3 1 3 1 2 3 1 3 3 2 2 4 20 2 1       9500      15000      60000 
693	 112698	0 1 0 0 1 0 1 1 0 0 1 0 1 1 0 1 1 0 0 1 0 1 1 0 1 1 0 1 1 1 1 1 1 1 1 1 0 1 1 1 1 1 1 1 1 1 1 2 1 1 2 0 1 2 1 1 2 1 1 2 1 1 2 0 1 3 1 1 3 1 2 2 1 3 3 1 3 3 1 3 3 1 3 3 1 4 2 20 1 2       9810      63000      10397 
1485	  82500	0 1 0 0 1 0 0 1 1 0 1 1 0 1 1 0 1 1 0 1 1 0 1 1 0 1 1 1 1 1 1 1 1 1 1 1 1 1 1 1 1 1 1 1 1 1 1 1 2 1 1 2 1 0 2 1 1 2 1 1 2 1 1 3 1 0 3 1 1 2 2 1 3 3 1 3 3 1 3 3 1 3 3 1 2 4 1 3 1 17      13125      60000      10625 
7416	  76794	0 1 0 0 1 0 1 1 0 1 1 0 1 1 0 1 1 0 1 1 0 1 1 0 1 1 0 1 1 1 1 1 1 1 1 1 1 1 1 1 1 1 1 1 1 1 1 1 1 1 1 0 1 2 1 1 2 1 1 2 1 1 2 0 1 3 1 1 3 1 2 2 1 3 3 1 3 3 1 3 3 1 3 3 1 4 2 17 1 4       9821      60179      13214 
0	 631728	1 0 0 1 0 0 1 0 0 1 0 0 1 0 0 1 0 0 1 0 0 1 0 0 1 0 0 1 1 0 1 1 0 1 1 0 1 1 0 1 2 0 1 2 0 1 2 0 1 2 0 1 2 0 1 2 0 1 2 0 1 2 0 1 2 0 1 2 0 2 2 0 3 3 4 3 3 3 3 3 7 3 3 2 4 2 4 1 2 22      63000      13500       8636 
396	 505000	1 1 0 1 1 0 1 1 0 1 1 0 1 1 0 1 1 0 1 1 0 1 1 0 1 1 0 1 0 1 1 1 1 1 1 1 1 0 1 1 0 2 1 0 2 1 1 2 1 1 2 1 0 2 1 0 2 1 1 2 1 1 2 1 1 2 1 1 2 2 0 2 3 4 3 3 3 3 3 1 3 3 1 3 4 1 2 1 15 2      57500      12500      15000 
990	 499232	0 1 0 0 1 1 0 1 1 0 1 1 0 1 1 0 1 1 0 1 1 0 1 1 0 1 1 1 1 0 1 1 1 1 1 1 1 1 0 1 1 1 3 1 0 1 1 1 2 1 1 2 1 1 2 1 0 2 1 1 2 1 1 2 1 1 2 1 1 2 2 1 3 3 3 3 3 3 3 3 1 3 3 1 2 4 1 3 1 14      15000      57308      12692 
1089	 146288	1 0 1 1 0 1 1 0 1 1 0 1 1 0 1 1 0 1 1 0 1 1 0 1 1 0 1 1 1 1 1 1 1 1 1 1 1 1 1 0 2 1 0 2 1 1 2 1 1 2 1 0 2 1 1 2 1 1 2 1 1 2 1 1 2 1 1 2 1 1 2 2 2 3 3 1 3 3 1 3 3 1 3 3 1 2 4 15 2 1      12928      16500      53072 
1980	 141336	0 1 0 0 1 0 1 1 0 1 1 0 1 1 0 1 1 0 1 1 0 1 1 0 1 1 0 0 1 1 1 1 1 1 1 1 1 1 1 1 1 1 1 1 1 1 1 1 1 1 2 1 1 2 1 1 2 1 1 2 1 1 2 1 1 2 1 1 2 1 2 2 3 3 3 2 3 3 1 3 4 1 3 3 1 4 2 13 1 4      12333      57667      14333 
2277	 133848	1 0 0 1 0 0 1 1 0 1 1 0 1 1 0 1 1 0 1 1 0 1 1 0 1 1 0 1 1 1 1 1 1 1 1 1 1 1 1 1 1 1 1 0 2 1 1 2 1 1 1 1 1 2 1 1 2 1 1 3 1 1 2 1 1 2 1 1 2 2 1 2 3 1 3 3 3 3 3 1 3 3 1 3 4 1 2 1 14 3      58422      13076      12834 
2475	 109730	0 1 0 0 1 0 1 1 0 1 1 0 1 1 0 1 1 0 1 1 0 1 1 0 1 1 0 1 1 1 1 1 1 1 1 1 1 1 1 1 1 1 0 1 2 1 1 1 1 1 1 1 1 1 1 1 2 1 1 2 1 1 3 1 1 2 1 1 2 1 2 2 1 3 3 3 3 3 1 3 3 1 3 3 1 4 2 14 1 5      11081      60000      12973 
2772	  99208	1 0 0 1 0 0 1 1 0 1 1 0 1 1 0 1 1 0 1 1 0 1 1 0 1 1 0 1 1 1 1 1 1 1 1 1 1 1 1 1 1 1 1 0 2 1 1 1 1 1 1 1 1 2 1 1 1 1 1 2 1 1 2 1 1 2 1 1 2 2 1 2 3 1 3 3 3 3 3 1 3 3 1 3 4 1 3 1 14 5      59183      10816      13877 
44568	  93082	1 0 0 1 0 0 1 0 1 1 0 1 1 0 1 1 0 1 1 0 1 1 0 1 1 0 1 1 1 1 1 1 1 1 1 1 1 1 1 1 1 1 1 2 1 1 1 1 1 1 1 1 2 1 1 1 1 1 2 1 1 2 1 1 2 1 1 2 1 2 2 1 3 3 1 3 3 2 3 3 1 3 3 1 4 3 1 1 5 14      59183      13877      10816 
44667	  93070	0 1 0 0 1 0 0 1 1 0 1 1 0 1 1 0 1 1 0 1 1 0 1 1 0 1 1 1 1 1 1 1 1 1 1 1 1 1 1 1 1 1 2 1 1 1 1 1 1 1 1 2 1 1 1 1 1 2 1 1 2 1 1 2 1 1 2 1 1 2 2 1 3 3 1 3 3 2 3 3 1 3 3 1 3 4 1 5 1 14      13877      59184      10816 
0	 649000	1 0 0 1 0 0 1 0 0 1 0 0 1 0 0 1 0 0 1 0 0 1 0 0 1 0 0 1 1 0 1 1 0 1 1 0 1 1 0 1 2 0 1 2 0 1 2 0 1 2 0 1 2 0 1 2 0 1 2 0 1 2 0 1 2 0 1 2 0 2 2 0 3 3 6 3 3 7 3 3 2 3 3 3 4 2 3 1 2 21      63000      13500       7715 
99	 646000	0 1 1 0 1 1 0 1 1 0 1 1 0 1 1 1 0 1 1 0 1 0 1 1 0 1 1 1 0 1 1 0 1 1 0 1 1 0 1 1 0 1 2 0 1 2 0 1 2 0 1 2 0 1 2 0 1 2 0 1 2 0 1 2 0 1 2 0 1 2 0 2 3 4 3 3 4 3 3 2 3 3 3 3 1 2 4 2 20 1      19952       8952      61048 
198	 581378	1 0 1 0 1 1 0 1 1 0 1 1 0 1 1 0 1 1 0 1 1 0 1 1 0 1 1 1 1 1 1 1 1 2 1 1 1 1 1 1 1 1 2 1 1 2 1 1 2 2 1 2 2 1 2 1 1 2 1 1 2 1 1 2 1 1 2 1 1 2 1 2 3 1 3 3 2 3 2 2 3 3 2 3 2 1 4 2 9 1      14438      19125      51000 
396	 571050	0 1 0 1 1 0 1 1 0 1 1 0 1 1 0 1 1 0 1 1 0 1 1 0 1 1 0 1 1 1 1 1 1 1 1 1 1 1 1 1 1 1 1 1 2 1 1 2 2 1 2 2 1 2 1 1 2 1 1 2 1 1 2 1 1 2 1 1 3 1 2 2 1 3 3 2 3 3 2 3 3 2 3 3 1 4 2 9 1 2      19913      54000       9392 
495	 541432	1 1 1 1 0 1 1 0 1 1 0 1 1 1 1 1 1 1 1 0 1 1 0 1 1 0 1 0 1 1 1 1 1 1 1 1 0 1 1 0 2 1 1 2 1 1 2 1 1 2 1 0 2 1 1 2 1 0 2 1 1 2 1 0 2 1 0 2 1 0 2 2 2 2 3 1 3 3 3 2 3 1 3 3 1 2 4 18 1 1      11428      15714      58572 
891	 540000	0 1 1 1 1 1 0 1 1 0 1 1 1 1 1 0 1 1 1 1 1 0 1 1 0 1 1 1 1 1 1 1 1 1 1 1 1 1 1 1 1 1 1 1 1 1 1 1 1 1 1 1 2 1 2 1 1 2 1 1 2 1 1 2 1 1 2 1 1 3 1 2 4 1 3 2 2 3 3 2 3 3 2 3 3 1 4 2 9 1      15000      22500      47500 
1188	 515246	1 1 0 1 1 0 1 1 0 1 1 0 1 1 0 1 1 0 1 1 0 1 1 0 1 1 0 1 1 1 1 1 1 1 1 1 1 1 1 1 1 1 1 1 1 1 1 2 1 1 2 1 1 2 1 1 2 1 1 2 1 1 3 1 1 2 1 1 3 1 2 2 2 3 3 2 3 3 2 3 3 2 3 3 1 4 2 9 1 2      19735      52623      10887 
1386	 513472	0 1 1 0 1 1 0 1 1 0 1 1 0 1 1 0 1 1 0 1 1 0 1 1 0 1 1 1 1 1 1 1 1 1 1 1 1 1 1 1 1 1 2 1 1 2 1 1 2 1 1 2 1 1 2 1 1 2 1 1 2 1 1 2 1 1 3 1 1 2 1 2 3 2 3 3 2 3 3 2 3 3 2 3 2 1 4 2 9 1      10887      19735      52623 
1683	 473850	0 1 1 0 1 1 0 1 1 0 1 1 0 1 1 0 1 1 0 1 1 1 1 1 0 1 1 1 1 1 1 1 1 1 1 1 1 1 1 1 1 1 1 1 1 1 1 1 1 1 1 2 1 1 2 1 1 2 1 1 2 1 1 2 1 1 3 1 1 2 1 2 3 2 3 3 2 3 3 2 3 3 2 3 4 1 4 2 9 1      14231      22692      47308 
12060	 151000	1 0 1 1 0 1 1 0 1 1 0 1 1 0 1 1 0 1 1 0 1 1 0 1 1 0 1 1 1 1 1 1 1 1 1 1 1 1 1 1 1 1 1 1 1 1 2 1 1 2 1 1 2 1 1 2 1 1 2 1 1 2 1 1 2 1 1 2 1 1 2 2 2 3 3 2 3 3 2 3 3 2 3 3 1 3 4 9 3 1      20500      16500      45500 
27198	 133000	0 1 1 0 1 1 0 1 1 0 1 1 0 1 1 0 1 1 0 1 1 0 1 1 0 1 1 1 1 1 1 1 1 1 1 1 1 1 1 1 1 1 1 1 1 1 1 1 2 1 1 2 1 1 2 1 1 2 1 1 2 1 1 2 1 1 2 1 1 2 1 2 3 2 3 3 2 3 3 2 3 3 2 3 3 1 4 4 9 1      16500      18500      47500 
0	 631728	1 0 0 1 0 0 1 0 0 1 0 0 1 0 0 1 0 0 1 0 0 1 0 0 1 0 0 1 1 0 1 1 0 1 1 0 1 1 0 1 2 0 1 2 0 1 2 0 1 2 0 1 2 0 1 2 0 1 2 0 1 2 0 1 2 0 1 2 0 2 2 0 3 3 2 3 3 2 3 3 6 3 3 3 4 2 7 1 2 22      63000      13500       8636 
99	 563520	0 1 1 0 0 1 1 0 1 1 0 1 1 0 1 1 0 1 1 0 1 1 0 1 1 0 1 0 1 1 0 1 1 0 1 1 0 1 1 0 2 1 0 2 1 0 2 1 0 2 1 0 2 1 0 2 1 0 2 1 0 2 1 0 2 1 0 2 1 0 2 2 4 3 3 5 3 3 3 3 3 2 3 3 2 2 4 19 1 1      10811      15406      59188 
495	 549000	0 1 1 0 1 1 0 1 1 0 1 1 0 1 1 0 1 0 0 1 0 0 1 1 0 1 0 1 1 1 1 1 1 1 1 0 1 1 0 1 1 1 2 1 0 2 1 0 2 1 1 2 1 1 2 1 1 2 1 1 2 1 0 2 1 1 3 1 0 2 2 0 3 3 3 3 3 3 3 3 1 3 3 0 2 4 1 2 1 20      13500      63000       9500 
594	 548000	0 0 1 0 0 1 1 0 1 1 0 1 1 0 1 1 0 1 1 0 1 1 0 1 1 0 1 0 1 1 1 1 1 0 2 1 1 1 1 1 1 1 0 2 1 1 1 1 1 2 1 0 2 1 1 2 1 1 2 1 1 2 1 1 2 1 1 3 1 1 2 2 2 3 3 4 3 3 1 3 3 3 3 3 1 2 4 13 2 1      13000      15000      57000 
693	 538000	0 1 0 0 1 0 0 1 1 0 1 1 0 1 1 0 1 1 0 1 1 0 1 1 0 1 1 1 1 0 1 1 1 2 1 0 1 1 1 1 1 1 2 1 1 1 1 1 2 1 1 2 1 1 2 1 1 2 1 1 2 1 1 2 1 1 3 1 1 2 2 1 3 3 1 3 3 3 3 3 1 3 3 3 2 4 1 2 1 13      12001      59999      12923 
792	 536000	0 1 0 0 1 0 1 1 0 1 1 0 1 1 0 1 1 0 1 1 0 1 1 0 1 1 0 0 1 1 1 1 1 0 1 1 1 1 1 1 1 2 1 1 1 1 1 1 1 1 2 1 1 2 1 1 2 1 1 2 1 1 2 1 1 2 1 1 3 1 2 2 1 3 3 3 3 3 1 3 3 3 3 3 1 4 3 13 1 2      13000      57000      15000 
891	 183668	0 1 0 0 1 0 1 1 0 1 1 0 1 1 0 1 1 0 1 1 0 1 1 0 1 1 0 0 1 1 1 1 1 0 1 1 1 1 1 1 1 1 1 1 1 1 1 1 1 1 1 1 1 2 1 1 2 1 1 3 1 1 3 1 1 2 1 1 2 1 2 2 1 3 3 3 3 3 1 3 3 3 3 3 1 4 3 13 1 3      11834      58917      13083 
1683	 177334	1 0 0 1 0 0 1 0 1 1 0 1 1 0 1 1 0 1 1 0 1 1 0 1 1 0 1 1 1 0 1 1 1 1 1 0 1 1 1 1 1 1 1 1 1 1 1 1 1 1 1 1 1 1 1 1 1 1 2 1 1 3 1 1 2 1 1 3 1 2 2 1 3 3 1 3 3 3 3 4 1 3 3 3 4 3 1 1 4 13      58667      13333      11334 
2376	 141334	0 1 0 0 1 0 0 1 1 0 1 1 0 1 1 0 1 1 0 1 1 0 1 1 0 1 1 1 1 1 1 1 1 1 1 0 1 1 1 1 1 1 1 1 1 1 1 1 1 1 1 1 1 1 1 1 1 2 1 1 2 1 1 3 1 1 2 1 1 2 2 1 3 3 1 3 3 3 4 3 1 3 3 2 3 4 1 5 1 13      13333      58667      11334 
2475	 135770	0 1 0 0 1 0 0 1 1 0 1 1 0 1 1 0 1 1 0 1 1 0 1 1 0 1 1 1 1 1 1 1 1 1 1 0 1 1 1 1 1 1 1 1 1 1 1 1 1 1 1 1 1 1 1 1 1 2 1 1 2 1 1 2 1 1 2 1 1 2 2 1 4 3 1 3 3 3 4 3 1 3 3 2 3 4 1 5 1 13      13765      58235      11765 
2772	 131584	1 1 0 0 1 0 1 1 0 1 1 0 1 1 0 1 1 0 1 1 0 1 1 0 1 1 0 1 1 1 1 1 1 1 1 1 1 1 1 1 1 1 1 1 1 1 1 1 1 1 1 1 1 1 1 1 2 1 1 2 1 1 2 1 1 2 1 1 2 1 2 2 1 3 3 1 3 3 1 3 4 2 3 3 1 4 3 13 1 5      10960      55040      16496 
2970	 127770	1 0 0 1 0 0 1 0 1 1 0 1 1 0 1 1 0 1 1 0 1 1 0 1 1 0 1 1 1 1 1 1 1 1 1 0 1 1 1 1 1 1 1 1 1 1 1 1 1 2 1 1 1 1 1 1 1 1 2 1 1 2 1 1 2 1 1 2 1 2 2 1 3 3 1 3 3 3 3 4 1 3 3 2 4 3 1 1 5 13      58235      13765      11765 
7812	 102354	0 1 0 0 1 0 0 1 1 0 1 1 0 1 1 0 1 1 0 1 1 0 1 1 0 1 1 1 1 1 1 1 1 1 1 1 1 1 1 1 1 1 1 1 1 1 1 1 1 1 1 2 1 1 1 1 1 2 1 1 2 1 1 2 1 1 2 1 1 2 2 1 3 3 1 3 3 2 4 3 1 3 3 2 3 4 1 5 1 13      12353      57647      12353 
0	 649000	1 0 0 1 0 0 1 0 0 1 0 0 1 0 0 1 0 0 1 0 0 1 0 0 1 0 0 1 1 0 1 1 0 1 1 0 1 1 0 1 2 0 1 2 0 1 2 0 1 2 0 1 2 0 1 2 0 1 2 0 1 2 0 1 2 0 1 2 0 2 2 0 3 3 5 3 3 3 3 3 4 3 3 5 4 2 4 1 2 21      63000      13500       9047 
198	 596932	0 1 0 0 1 1 0 1 1 0 1 0 0 1 1 0 1 1 0 1 1 0 1 0 0 1 0 1 1 1 1 1 1 1 1 1 1 1 1 2 1 0 2 1 1 2 1 0 2 1 1 2 1 0 2 1 0 2 1 1 2 1 1 2 1 1 2 1 1 2 2 0 3 3 1 3 3 5 3 3 1 3 3 2 2 4 3 2 1 15       9908      63000      11279 
396	 582932	1 0 0 1 1 0 1 1 1 1 1 0 1 1 0 1 1 0 1 1 0 1 0 0 1 0 0 1 1 1 1 1 1 1 1 1 1 1 1 1 0 2 1 1 2 1 0 2 1 1 2 1 0 2 1 0 2 1 1 2 1 1 2 1 1 2 1 1 2 2 0 2 3 1 3 3 4 2 3 1 3 3 2 3 4 3 2 1 15 2      63000      11279       9908 
495	 579000	0 1 0 0 1 1 0 1 1 0 1 0 0 1 1 0 1 1 0 1 1 0 1 1 0 1 0 1 1 1 1 1 1 1 1 1 1 1 1 2 1 1 2 1 1 2 1 0 2 1 1 2 1 0 2 1 1 2 1 1 2 1 1 2 1 1 2 1 1 2 2 0 3 3 1 3 3 5 3 3 1 3 3 1 2 4 2 2 1 14       9625      63000      12125 
594	 564226	1 0 1 1 0 1 1 0 1 1 0 1 1 0 1 0 1 1 1 0 1 0 1 1 1 0 1 0 1 1 1 1 1 1 1 1 0 1 1 1 1 1 0 2 1 0 2 1 1 2 1 0 2 1 0 2 1 1 2 1 0 2 1 0 3 1 1 2 1 1 1 2 1 2 3 2 3 3 1 3 3 7 3 3 2 2 4 15 2 1      12666      17555      54890 
792	 513572	1 0 1 1 0 1 0 1 1 1 0 1 1 0 1 1 0 1 1 0 1 0 1 1 1 0 1 0 1 1 1 1 1 1 1 1 0 2 1 1 1 1 0 2 1 0 2 1 1 2 1 0 2 1 0 2 1 1 2 1 0 2 1 0 2 1 1 2 1 1 2 2 1 3 3 2 2 3 1 3 3 5 3 3 3 1 4 16 2 1      11875      16518      56964 
1089	 502084	1 0 1 1 0 1 1 0 1 1 0 1 1 0 1 1 0 1 1 0 1 1 0 1 0 1 1 1 1 1 1 1 1 1 1 1 1 1 1 0 2 1 1 1 1 0 2 1 1 1 1 0 2 1 0 2 1 1 2 1 1 3 1 1 2 1 1 2 1 0 2 2 1 3 3 4 3 3 1 3 3 2 3 3 1 1 4 15 3 1      11874      14588      58126 
1188	 492308	1 0 0 1 0 1 1 0 1 1 0 1 1 0 1 1 0 1 1 0 1 1 0 1 1 0 1 1 1 1 1 1 1 1 1 1 1 1 1 1 1 1 1 2 1 1 2 0 1 2 1 1 2 0 1 2 1 1 2 1 1 2 1 1 2 1 1 2 1 2 3 0 3 3 1 3 3 4 3 3 1 3 3 1 4 2 1 1 2 14      56154      15000      13846 
1485	 175308	0 1 1 0 1 1 0 1 1 0 1 1 0 1 1 0 1 1 0 1 1 0 1 1 1 0 1 1 1 1 1 1 1 1 1 1 1 1 1 1 1 1 2 1 1 2 0 1 2 1 1 2 0 1 2 1 1 2 1 1 2 1 1 2 1 1 2 1 1 3 0 2 3 1 3 3 3 3 3 1 3 3 1 3 1 2 4 2 14 1      16500      13923      52077 
2475	 169616	1 1 0 1 1 0 1 1 0 1 1 0 1 1 0 1 1 0 1 1 0 1 1 0 0 1 1 1 1 1 1 1 1 1 1 1 1 1 1 1 1 1 1 1 1 0 1 2 1 1 2 0 1 2 1 1 2 1 1 2 1 1 2 1 1 2 1 1 2 0 2 3 1 3 3 3 3 3 1 3 4 1 3 3 2 4 1 14 1 2      13923      52077      16500 
3663	 131432	0 0 1 0 0 1 0 1 1 0 1 1 0 1 1 0 1 1 0 1 1 0 1 1 0 1 1 1 1 1 1 1 1 1 1 1 1 1 1 1 1 1 1 1 1 1 1 1 1 1 1 1 1 1 1 1 1 2 1 1 3 1 1 3 1 1 3 1 1 3 1 2 4 1 3 3 1 3 3 1 3 3 1 3 2 2 4 3 14 1      10715      13571      57857 
3762	 122098	1 0 0 1 0 0 1 1 0 1 1 0 1 1 0 1 1 0 1 1 0 1 1 0 1 1 0 1 1 1 1 1 1 1 1 1 1 1 1 1 1 1 1 1 1 1 1 1 1 1 1 1 1 2 1 1 1 1 1 2 1 1 2 1 1 2 1 1 3 2 1 3 3 1 4 3 1 3 3 1 3 3 1 3 4 2 2 1 14 4      57674      12326      12441 
7029	 119322	1 0 0 1 0 0 1 0 1 1 0 1 1 0 1 1 0 1 1 0 1 1 0 1 1 0 1 1 1 1 1 1 1 1 1 1 1 1 1 1 1 1 1 1 1 1 1 1 1 1 1 1 2 1 1 1 1 1 2 1 1 2 1 1 2 1 1 2 1 2 3 1 3 3 1 3 3 1 3 3 1 3 4 1 4 2 2 1 5 14      58523      12159      11477 
7128	 117562	0 1 0 0 1 0 1 1 0 1 1 0 1 1 0 1 1 0 1 1 0 1 1 0 1 1 0 1 1 1 1 1 1 1 1 1 1 1 1 1 1 1 1 1 1 1 1 1 1 1 1 1 1 2 1 1 1 1 1 2 1 1 2 1 1 2 1 1 2 1 2 3 1 3 3 2 3 3 1 3 3 1 3 4 2 4 2 13 1 5      12317      57683      12439 
30447	 102312	1 0 0 1 0 0 1 0 1 1 0 1 1 0 1 1 0 1 1 0 1 1 0 1 1 0 1 1 1 1 1 1 1 1 1 1 1 1 1 1 1 1 1 1 1 1 1 1 1 2 1 1 2 1 1 2 1 1 2 1 1 2 1 1 2 1 1 3 1 2 2 1 3 4 1 3 3 2 3 4 1 3 3 1 4 2 2 1 2 13      54616      12692      15384 
32229	 100720	0 1 0 0 1 0 0 1 1 0 1 1 0 1 1 0 1 1 0 1 1 0 1 1 0 1 1 1 1 1 1 1 1 1 1 1 1 1 1 1 1 1 1 1 1 1 1 1 1 1 1 2 1 1 1 1 1 2 1 1 2 1 1 2 1 1 3 1 1 2 2 1 4 3 1 3 3 2 4 3 1 3 3 1 2 4 2 4 1 13      11786      56429      13571 
0	 615960	1 0 0 1 0 0 1 0 0 1 0 0 1 0 0 1 0 0 1 0 0 1 0 0 1 0 0 1 1 0 1 1 0 1 1 0 1 1 0 1 2 0 1 2 0 1 2 0 1 2 0 1 2 0 1 2 0 1 2 0 1 2 0 1 2 0 1 2 0 2 2 0 3 3 5 3 3 6 3 3 2 3 3 5 4 2 1 1 2 23      63000      13500       8260 
396	 537624	0 0 1 1 0 1 1 0 1 0 1 1 0 1 1 1 0 1 0 1 1 1 0 1 0 1 1 1 0 1 1 0 1 1 0 1 1 0 1 2 0 1 2 0 1 2 0 1 2 0 1 2 0 1 2 0 1 2 0 1 2 0 1 2 0 1 2 0 1 1 0 2 3 3 3 2 6 3 2 4 3 3 1 3 1 3 4 2 21 1      15000       9047      60000 
594	 503694	1 1 0 1 1 0 1 1 0 1 1 0 1 1 0 1 1 0 1 1 0 1 1 0 1 1 0 1 1 1 1 1 1 1 1 1 1 1 1 1 1 2 1 1 2 1 1 2 1 1 2 1 1 2 1 1 2 1 1 2 1 1 2 1 1 2 1 1 2 2 1 2 3 1 3 3 2 3 3 1 3 3 2 3 4 1 2 1 11 2      51693      18307      13461 
792	 493338	1 0 1 1 0 1 1 0 1 1 0 0 1 0 1 1 0 1 1 0 1 1 0 1 1 0 1 1 1 1 1 1 0 1 1 0 1 1 0 1 1 1 1 2 0 1 2 1 1 2 0 1 2 1 1 2 1 1 2 1 1 2 1 1 2 1 1 2 1 2 2 0 3 3 1 3 3 1 3 3 2 3 3 1 4 2 1 1 3 19      63000      10408       9777 
891	 472730	1 1 0 1 1 0 1 1 0 1 1 0 1 1 0 1 1 0 1 1 0 1 1 0 1 1 0 1 1 1 1 1 1 1 1 1 1 1 1 1 1 1 1 1 1 1 1 2 1 1 2 1 1 2 1 1 2 1 1 2 1 1 2 1 1 2 1 1 2 2 1 2 3 1 4 3 2 3 3 1 4 3 2 3 4 1 2 1 11 2      51818      18182      14091 
1089	 179000	1 0 1 1 0 1 1 0 1 1 0 1 1 0 1 1 0 1 1 0 1 1 0 1 1 0 1 1 1 1 1 1 1 1 1 1 1 1 1 1 1 1 1 2 1 1 2 1 1 2 1 1 2 1 1 2 1 1 2 1 1 2 1 1 2 1 1 2 1 1 2 2 1 3 3 2 3 3 1 3 3 2 3 3 1 2 4 11 3 1      15000      16500      51000 
1782	 117240	1 0 0 1 0 0 1 1 0 1 1 0 1 1 0 1 1 0 1 1 0 1 1 0 1 0 0 1 1 1 1 1 1 1 1 1 1 0 1 1 1 1 1 1 1 1 1 2 1 0 2 1 1 2 1 1 2 1 1 2 1 1 2 1 1 2 1 1 2 2 0 2 3 1 3 3 1 3 3 2 3 3 1 3 4 1 2 1 18 4      63000       9740      10420 
1881	 115566	1 0 1 1 0 1 1 0 1 1 0 1 1 0 1 1 0 1 1 0 1 1 0 1 1 0 1 0 1 1 0 1 1 0 1 1 0 1 1 1 1 1 0 2 1 1 2 1 0 2 1 1 2 1 1 2 1 1 2 1 1 2 1 1 2 1 1 2 1 0 2 2 1 3 3 1 3 3 1 3 3 1 3 3 1 2 4 20 3 1       8667      16445      57333 
1980	 108456	0 0 1 0 1 1 0 1 1 0 1 1 0 1 1 0 1 1 0 1 1 0 1 1 0 1 1 1 1 1 1 0 1 1 0 1 1 0 1 1 1 1 2 0 1 2 1 1 2 0 1 2 1 1 2 1 1 2 1 1 2 1 1 2 1 1 2 1 1 2 0 2 3 1 3 3 1 3 3 1 3 3 1 3 2 1 4 3 20 1      16444       8666      57334 
2079	 100004	1 0 0 1 0 0 1 1 0 1 1 0 1 1 0 1 1 0 1 1 0 1 1 0 1 0 1 1 1 1 1 1 1 1 1 1 1 0 1 1 1 1 1 1 1 1 1 1 1 0 2 1 1 2 1 1 2 1 1 2 1 1 2 1 1 2 1 1 2 2 0 2 3 1 3 3 1 4 3 2 3 3 1 3 4 1 2 1 18 3      60000      10000      13333 
4950	 100000	0 1 0 0 1 0 0 1 1 0 1 1 0 1 1 0 1 1 0 1 1 0 1 1 1 1 0 1 1 1 1 1 1 1 1 1 1 1 1 1 1 1 1 1 1 1 1 1 2 1 1 2 1 1 1 1 1 2 1 1 2 1 1 3 1 1 2 1 1 2 2 0 3 3 1 4 3 1 3 3 1 3 3 1 2 4 1 3 1 17      13125      60000      10625 
5742	  92232	0 1 0 0 1 0 0 1 1 0 1 1 0 1 1 0 1 1 0 1 1 0 1 1 1 1 0 1 1 1 1 1 1 1 1 1 1 1 1 1 1 1 2 1 1 1 1 1 2 1 1 1 1 1 2 1 1 2 1 1 2 1 1 2 1 1 2 1 1 2 2 0 3 3 1 4 3 1 3 3 1 3 3 1 2 4 1 3 1 17      13704      59444      10556 
24318	  86544	1 0 0 1 0 0 1 1 0 1 1 0 1 1 0 1 1 0 1 1 0 1 1 0 1 0 1 1 1 1 1 1 1 1 1 1 1 1 1 1 1 2 1 1 2 1 1 2 1 1 2 1 1 2 1 1 1 1 1 2 1 1 2 1 1 2 1 1 2 2 0 2 3 1 3 3 1 3 3 1 3 3 1 3 4 1 2 1 17 2      58654      11346      14231 
34713	  84824	0 1 0 0 1 0 1 1 0 1 1 0 1 1 0 1 1 0 1 1 0 1 1 0 0 1 1 1 1 1 1 1 1 1 1 1 1 1 1 1 1 1 1 1 1 1 1 1 1 1 2 1 1 2 1 1 2 1 1 2 1 1 2 1 1 2 1 1 2 0 2 3 1 3 3 1 3 3 1 3 3 1 3 3 1 4 2 17 1 3      10556      59444      13704 
0	 649000	1 0 0 1 0 0 1 0 0 1 0 0 1 0 0 1 0 0 1 0 0 1 0 0 1 0 0 1 1 0 1 1 0 1 1 0 1 1 0 1 2 0 1 2 0 1 2 0 1 2 0 1 2 0 1 2 0 1 2 0 1 2 0 1 2 0 1 2 0 2 2 0 3 3 6 3 3 5 3 3 5 3 3 4 4 2 1 1 2 21      63000      13500       7715 
99	 629668	1 0 1 1 0 1 0 1 1 0 0 1 0 0 1 0 1 1 0 1 1 1 0 1 0 0 1 0 1 1 0 1 1 0 1 1 0 1 1 0 2 1 0 2 1 0 2 1 0 2 1 0 2 1 0 2 1 0 2 1 0 2 1 0 2 1 0 2 1 0 2 2 6 3 3 3 1 3 3 3 3 4 2 3 4 2 4 19 2 1       9166      13500      63000 
198	 619000	1 0 0 1 0 0 1 1 0 1 1 0 1 1 0 1 1 0 1 1 0 1 0 0 1 1 0 1 0 1 1 0 1 1 0 1 1 0 1 1 0 2 1 0 2 1 0 2 1 0 2 1 0 2 1 0 2 1 0 2 1 0 2 1 0 2 1 0 2 2 0 2 3 4 3 3 6 3 3 4 3 3 1 3 4 3 2 1 18 2      63000       9000      13500 
297	 611334	1 0 0 1 0 0 1 0 1 1 0 0 1 1 0 1 0 1 1 0 1 1 0 0 1 0 0 1 0 1 1 0 1 1 0 1 1 0 1 1 0 2 1 0 2 1 0 2 1 0 2 1 0 2 1 1 2 1 0 2 1 0 2 1 0 2 1 0 2 2 0 2 3 3 3 3 3 1 3 4 3 3 5 2 4 5 2 1 20 2      63000       9167      13500 
396	 590000	1 0 1 1 0 1 1 0 1 1 0 1 1 0 1 1 0 1 1 0 1 0 1 1 1 0 1 0 1 1 0 1 1 0 1 1 0 1 1 0 2 1 0 2 1 0 2 1 0 2 1 0 2 1 0 2 1 0 2 1 0 2 1 0 2 1 0 2 1 0 1 2 3 3 3 6 3 3 4 3 3 1 3 3 2 2 4 18 2 1      10000      15000      60000 
495	 550670	0 0 1 0 1 1 1 0 1 0 1 1 0 1 1 1 1 1 1 0 1 0 1 1 0 1 1 1 0 1 1 0 1 1 0 1 1 0 1 2 0 1 2 0 1 2 0 1 2 0 1 2 0 1 2 0 1 2 0 1 2 0 1 2 0 1 2 0 1 2 0 2 3 2 3 1 6 3 3 5 3 2 2 3 2 3 4 2 18 1      18000      10555      54000 
594	 545000	1 0 1 1 0 1 0 1 1 0 0 1 1 0 1 1 0 1 1 0 1 1 1 1 1 0 1 1 1 1 0 1 1 1 1 1 1 1 1 0 2 1 0 2 1 0 2 1 0 2 1 1 2 1 0 2 1 0 2 1 0 2 1 1 2 1 1 2 1 1 1 2 2 2 3 3 3 3 1 3 3 2 3 3 1 2 4 19 2 1      10000      13500      63000 
693	 514390	0 1 0 0 1 1 0 1 1 0 1 0 0 1 1 0 1 1 0 1 0 1 1 1 0 1 1 1 1 0 1 1 1 1 1 0 1 1 1 2 1 1 2 1 0 2 1 0 2 1 1 2 1 1 2 1 1 2 1 1 2 1 1 2 1 1 2 1 1 1 2 1 3 3 3 3 3 1 3 3 1 3 3 1 2 4 1 2 1 18      10019      63000      10942 
792	 168114	1 0 0 1 0 0 1 0 0 1 0 0 1 1 0 1 1 0 1 0 0 1 1 0 1 1 0 1 0 1 1 1 1 1 0 1 1 1 1 1 1 1 1 0 2 1 0 2 1 1 1 1 1 2 1 1 2 1 1 2 1 1 2 1 1 2 1 1 3 2 1 2 3 3 3 3 1 4 3 1 3 3 1 3 4 2 2 1 19 2      63000      10346      10213 
891	 167270	1 0 0 1 0 0 1 0 0 1 0 0 1 1 0 1 1 0 1 0 0 1 1 0 1 1 0 1 0 1 1 1 1 1 0 1 1 1 1 1 1 1 1 0 2 1 0 2 1 1 1 1 1 1 1 1 2 1 1 2 1 1 2 1 1 3 1 1 3 2 1 2 3 3 3 3 1 4 3 1 3 3 1 3 4 2 2 1 19 2      63000      10473       9000 
990	 165270	0 1 0 0 1 0 0 1 0 0 1 0 0 1 1 0 1 1 0 1 0 0 1 1 0 1 1 1 1 0 1 1 1 1 1 0 1 1 1 1 1 1 2 1 0 2 1 0 1 1 1 1 1 1 1 1 1 2 1 1 3 1 1 3 1 1 3 1 1 2 2 1 3 3 3 4 3 1 3 3 1 3 3 1 2 4 2 2 1 19       9000      63000      10473 
1188	 151270	0 1 0 0 1 0 0 1 0 0 1 1 0 1 1 0 1 1 0 1 0 0 1 1 0 1 1 1 1 0 1 1 1 1 1 0 1 1 1 1 1 1 2 1 0 2 1 0 1 1 1 1 1 1 1 1 1 2 1 1 3 1 1 3 1 1 3 1 1 2 2 1 3 3 2 4 3 1 3 3 1 3 3 1 2 4 2 2 1 19       9000      63000      10473 
1287	 111280	0 1 0 0 1 0 0 1 1 0 1 1 0 1 1 0 1 1 0 1 1 0 1 1 0 1 1 1 1 0 1 1 1 1 1 0 1 1 1 1 1 1 2 1 0 2 1 0 1 1 1 1 1 1 1 1 1 2 1 1 3 1 1 3 1 1 3 1 1 2 2 1 3 3 1 4 3 1 3 3 1 3 3 1 2 4 1 2 1 19      13272      60000      10182 
2178	 104736	0 1 0 0 1 0 1 1 0 1 1 0 1 1 0 1 1 0 1 1 0 1 1 0 1 1 0 0 1 1 1 1 1 0 1 1 1 1 1 1 1 1 0 1 2 0 1 2 1 1 2 1 1 1 1 1 1 1 1 2 1 1 2 1 1 3 1 1 3 1 2 2 1 3 3 1 3 4 1 3 3 1 3 3 1 4 2 19 1 2      10182      59999      13273 
5049	 103340	0 1 0 0 1 0 1 1 0 1 1 0 1 1 0 1 1 0 1 1 0 1 1 0 1 1 0 1 1 1 1 1 1 1 1 1 1 1 1 1 1 1 1 1 1 1 1 1 1 1 1 1 1 1 1 1 1 1 1 3 1 1 2 1 1 3 1 1 2 1 2 2 1 3 4 1 3 4 1 3 4 1 3 3 1 4 3 15 1 2      13333      56667      11667 
5247	 100006	0 1 0 0 1 0 1 1 0 1 1 0 1 1 0 1 1 0 1 1 0 1 1 0 1 1 0 1 1 1 1 1 1 1 1 1 1 1 1 1 1 1 1 1 1 1 1 1 1 1 1 1 1 2 1 1 1 1 1 2 1 1 2 1 1 3 1 1 2 1 2 2 1 3 4 1 3 4 1 3 4 1 3 3 1 4 3 15 1 2      13333      56667      11667 
11079	  90008	0 1 0 0 1 0 0 1 1 0 1 1 0 1 1 0 1 1 0 1 1 0 1 1 0 1 1 1 1 1 1 1 1 1 1 1 1 1 1 1 1 1 1 1 1 1 1 1 1 1 1 1 1 1 2 1 1 2 1 1 2 1 1 2 1 1 2 1 1 2 2 1 4 3 1 4 3 1 4 3 1 4 3 1 3 4 1 2 1 15      11667      56667      13333 
15534	  88576	0 1 0 0 1 0 1 1 0 1 1 0 1 1 0 1 1 0 1 1 0 1 1 0 1 1 0 1 1 1 1 1 1 1 1 1 1 1 1 1 1 1 1 1 1 1 1 1 1 1 1 2 1 1 1 1 2 1 1 2 1 1 2 1 1 2 1 1 2 1 2 2 1 3 4 1 3 4 1 3 4 1 3 4 1 4 3 14 1 2      14286      55714      12143 
16920	  88280	1 0 0 1 0 0 1 0 1 1 0 1 1 0 1 1 0 1 1 0 1 1 0 1 1 0 1 1 1 1 1 1 1 1 1 1 1 1 1 1 1 1 1 1 1 1 1 1 1 1 1 1 2 1 1 1 1 1 1 2 1 2 1 1 2 1 1 2 1 2 2 1 3 4 1 3 4 1 3 4 1 3 4 1 4 3 1 1 3 14      56552      11724      13448 
24543	  86672	0 1 0 0 1 0 0 1 1 0 1 1 0 1 1 0 1 1 0 1 1 0 1 1 0 1 1 1 1 1 1 1 1 1 1 1 1 1 1 1 1 1 1 1 1 1 1 1 1 1 1 1 1 1 2 1 1 1 1 2 2 1 1 1 1 2 3 1 1 2 2 1 4 3 1 4 3 1 4 3 1 4 3 1 3 4 1 3 1 13      12222      55556      14444 
28206	  86436	0 0 1 0 0 1 0 1 1 0 1 1 0 1 1 0 1 1 0 1 1 0 1 1 0 1 1 1 1 1 1 1 1 1 1 1 1 1 1 1 1 1 1 1 1 1 1 1 1 1 1 2 1 1 1 1 1 1 2 1 2 1 1 1 2 1 2 1 1 2 1 2 4 1 3 4 1 3 4 1 3 4 1 3 3 1 4 4 13 1      11786      13572      56428 
32859	  84624	1 0 0 1 0 0 1 1 0 1 1 0 1 1 0 1 1 0 1 1 0 1 1 0 1 1 0 1 1 1 1 1 1 1 1 1 1 1 1 1 1 1 1 1 1 1 1 1 1 1 1 1 1 2 1 2 1 1 2 1 1 1 2 1 2 1 1 1 2 2 1 2 3 1 4 3 1 4 3 1 4 3 1 4 4 1 3 1 12 4      55384      14616      12308 
0	 615960	1 0 0 1 0 0 1 0 0 1 0 0 1 0 0 1 0 0 1 0 0 1 0 0 1 0 0 1 1 0 1 1 0 1 1 0 1 1 0 1 2 0 1 2 0 1 2 0 1 2 0 1 2 0 1 2 0 1 2 0 1 2 0 1 2 0 1 2 0 2 2 0 3 3 3 3 3 3 3 3 5 3 3 3 4 2 5 1 2 23      63000      13500       8260 
297	 534874	1 1 0 1 0 0 1 0 0 1 0 0 1 1 0 1 0 0 1 0 0 1 1 0 1 0 0 1 1 1 1 0 1 1 0 2 1 0 1 1 1 1 1 0 2 1 1 2 1 0 2 1 0 2 1 1 2 1 1 2 1 0 2 1 1 2 1 1 2 2 1 2 3 1 3 3 1 3 3 3 3 3 1 3 4 2 2 1 23 2      63000       8261      13500 
495	 503492	1 0 1 1 0 0 1 0 0 1 0 1 1 0 1 1 0 0 1 1 0 1 1 1 1 0 1 1 1 1 1 1 0 1 1 0 1 1 0 1 1 1 1 1 1 1 2 1 1 2 0 1 2 0 1 2 1 1 2 1 1 2 1 1 3 1 1 2 1 2 2 1 3 3 1 3 3 1 3 3 2 3 3 1 4 2 1 1 1 21      63000      10387       9839 
594	 488956	1 0 1 1 0 0 1 0 0 1 0 1 1 0 1 1 0 0 1 0 0 1 0 1 1 0 1 1 1 1 1 1 0 1 1 0 1 1 0 1 1 1 1 2 1 1 2 1 1 2 0 1 2 0 1 2 1 1 2 1 1 2 1 1 2 1 1 3 1 2 2 1 3 3 1 3 3 1 3 3 2 3 3 1 4 2 1 1 2 21      63000      10557       9328 
693	 475686	1 1 0 1 0 0 1 1 0 1 1 0 1 1 0 1 0 0 1 0 0 1 1 0 1 1 0 1 1 1 1 0 1 1 0 1 1 0 1 1 1 1 1 1 1 1 1 2 1 1 2 1 0 2 1 1 2 1 1 2 1 1 2 1 1 2 1 1 3 2 1 2 3 1 3 3 1 3 3 1 3 3 1 3 4 1 2 1 20 3      63000       9263      10579 
792	 113626	1 0 0 1 0 0 1 0 0 1 0 1 1 0 1 1 0 0 1 0 1 1 0 1 1 0 1 1 1 1 1 1 1 1 1 1 1 1 1 1 1 1 1 2 1 1 2 1 1 2 1 1 2 0 1 2 1 1 2 1 1 2 1 1 2 1 1 2 1 2 2 1 3 3 1 3 3 1 3 3 1 3 3 1 4 2 1 1 3 18      63000      10215      10352 
891	 109642	0 1 1 0 1 1 0 1 1 0 1 1 0 1 1 0 1 1 1 0 1 0 1 1 1 0 1 1 1 1 1 0 1 1 0 1 1 0 1 1 1 1 2 0 1 2 1 1 2 0 1 2 0 1 1 1 1 2 1 1 2 0 1 2 1 1 2 1 1 1 1 2 3 1 3 3 1 3 3 1 3 3 1 3 2 2 4 3 21 1      16182       8273      57727 
1089	  93338	0 0 1 0 0 1 1 0 1 1 0 1 1 0 1 0 1 1 1 0 1 1 0 1 1 0 1 1 1 1 0 1 1 1 1 1 1 1 1 1 1 1 1 2 1 1 2 1 1 2 1 0 2 1 1 2 1 1 2 1 1 2 1 1 2 1 1 2 1 1 2 2 1 2 3 1 3 3 1 3 3 1 3 3 1 2 4 18 3 1      10000      13333      60000 
2277	  87804	1 0 0 1 0 0 1 1 0 1 1 0 1 1 0 1 0 1 1 1 0 1 1 0 1 1 0 1 1 1 1 0 1 1 1 1 1 1 1 1 1 1 1 1 1 1 1 1 1 1 1 1 0 2 1 1 2 1 1 2 1 1 2 1 1 3 1 1 2 2 1 2 3 1 3 3 1 3 3 1 3 3 1 3 4 1 2 1 18 4      60678       9322      12881 
21348	  83580	0 1 0 0 1 0 0 1 1 0 1 1 0 1 1 1 1 0 0 1 1 0 1 1 0 1 1 1 1 1 1 1 1 1 1 1 1 1 1 1 1 1 1 1 1 1 1 1 1 1 1 2 1 0 2 1 1 2 1 1 2 1 1 3 1 1 2 1 1 2 2 1 3 3 1 3 3 1 3 3 1 3 3 1 2 4 1 4 1 17      13214      60179       9821 
21744	  80734	0 0 1 0 0 1 0 1 1 0 1 1 0 1 1 1 0 1 0 1 1 0 1 1 0 1 1 1 1 1 1 1 1 1 1 1 1 1 1 1 1 1 2 1 1 1 1 1 1 1 1 2 0 1 1 1 1 2 1 1 2 1 1 2 1 1 2 1 1 2 1 2 3 1 3 3 1 3 3 1 3 3 1 3 2 1 4 5 17 1      12758       9137      60862 
22734	  80694	1 0 0 1 0 0 1 1 0 1 1 0 1 1 0 1 0 1 1 1 0 1 1 0 1 1 0 1 1 1 1 1 1 1 1 1 1 1 1 1 1 1 1 1 1 1 1 2 1 1 1 1 0 2 1 1 1 1 1 2 1 1 2 1 1 2 1 1 2 2 1 2 3 1 3 3 1 3 3 1 3 3 1 3 4 1 2 1 17 5      60862       9138      12759 
0	 631728	1 0 0 1 0 0 1 0 0 1 0 0 1 0 0 1 0 0 1 0 0 1 0 0 1 0 0 1 1 0 1 1 0 1 1 0 1 1 0 1 2 0 1 2 0 1 2 0 1 2 0 1 2 0 1 2 0 1 2 0 1 2 0 1 2 0 1 2 0 2 2 0 3 3 5 3 3 1 3 3 5 3 3 3 4 2 6 1 2 22      63000      13500       8636 
297	 627000	1 0 0 1 0 0 1 0 0 1 0 0 1 0 1 1 0 1 1 0 0 1 0 0 1 0 1 1 1 1 1 1 0 1 1 0 1 1 0 1 1 1 1 2 0 1 2 0 1 2 0 1 3 0 1 2 0 1 2 0 1 2 0 1 2 0 1 2 0 2 2 0 3 3 2 3 3 1 3 3 4 3 3 4 4 2 6 1 2 20      63000      13500       8100 
396	 532710	1 0 1 0 1 1 0 1 1 0 1 1 0 1 1 1 0 1 0 1 1 0 1 1 0 1 1 1 1 1 1 0 1 1 0 1 1 0 1 1 1 1 2 1 1 1 1 1 3 0 1 2 0 1 2 0 1 2 1 1 2 0 1 2 0 1 2 1 1 2 0 2 3 5 3 3 2 3 3 1 3 3 1 3 2 1 4 1 19 1      15405      10810      59190 
495	 500000	0 1 1 0 1 1 0 1 1 0 1 1 0 1 1 0 1 1 0 1 1 0 1 1 0 1 1 1 1 1 1 0 1 1 0 1 1 0 1 2 1 1 1 1 1 2 1 1 2 0 1 2 0 1 2 0 1 2 1 1 2 0 1 2 0 1 3 1 1 2 0 2 3 4 3 3 1 3 3 1 3 3 1 3 2 1 4 2 19 1      15000      10000      60000 
792	 181500	0 1 0 1 1 0 1 1 0 1 1 0 1 1 0 1 1 0 1 1 0 1 1 0 1 1 0 1 1 1 0 1 1 0 1 1 0 1 2 1 1 1 1 1 1 1 1 1 0 1 2 0 1 2 0 1 2 1 1 2 0 1 3 0 1 3 1 1 2 0 2 2 4 3 3 2 3 3 1 3 3 1 3 3 1 4 2 19 1 2       9250      56750      15250 
990	  98552	1 0 0 1 0 0 1 0 1 1 0 1 1 0 1 1 0 1 1 0 1 1 0 1 1 0 1 1 1 1 1 1 1 1 1 0 1 1 0 1 1 1 1 1 1 1 1 1 1 2 1 1 2 1 1 2 0 1 3 1 1 3 1 1 3 0 1 2 1 2 2 0 3 3 2 3 3 1 3 3 1 3 3 1 4 2 1 1 2 19      60000      13273      10181 
1584	  95000	0 0 1 0 0 1 0 1 1 0 1 1 0 1 1 0 1 1 0 1 1 0 1 1 0 1 1 1 1 1 1 1 1 1 0 1 1 0 1 1 1 1 1 1 1 1 1 1 1 1 1 2 1 1 2 0 1 3 1 1 3 1 1 3 0 1 2 1 1 2 0 2 3 2 3 3 1 3 3 1 3 3 1 3 2 1 4 3 19 1      13000       9500      60500 
1782	  89000	1 0 0 1 0 0 1 0 1 1 0 1 1 0 1 1 0 1 1 0 1 1 0 1 1 0 1 1 1 1 1 1 1 1 1 0 1 1 0 1 1 1 1 1 1 1 1 1 1 2 1 1 2 1 1 2 0 1 2 1 1 3 1 1 3 0 1 2 1 2 2 0 3 3 2 3 3 1 3 3 1 3 3 1 4 2 1 1 3 19      60500      13000       9500 
2178	  80006	1 0 0 1 0 0 1 0 1 1 0 1 1 0 1 1 0 1 1 0 1 1 0 1 1 0 1 1 1 1 1 1 1 1 1 1 1 1 0 1 1 1 1 1 1 1 2 1 1 1 1 1 2 1 1 2 1 1 2 1 1 3 1 1 3 0 1 2 1 2 2 0 3 3 1 3 3 1 3 3 1 3 3 1 4 2 1 1 3 18      60000      13333      10000 
3663	  76436	0 1 0 0 1 0 1 1 0 1 1 0 1 1 0 1 1 0 1 1 0 1 1 0 1 1 0 1 1 1 1 1 1 1 1 1 1 1 1 1 1 1 1 1 1 1 1 1 1 1 1 1 1 2 1 1 2 1 1 2 1 1 3 0 1 3 1 1 2 0 2 2 1 3 3 1 3 3 1 3 3 1 3 3 1 4 2 17 1 4       9821      60179      13214 
12465	  76004	1 0 0 1 0 0 1 0 1 1 0 1 1 0 1 1 0 1 1 0 1 1 0 1 1 0 1 1 1 1 1 1 1 1 1 1 1 1 1 1 1 1 1 1 1 1 1 1 1 1 1 1 2 1 1 1 1 1 2 1 1 2 1 1 3 0 1 2 1 2 2 0 3 3 1 3 3 1 3 3 1 3 3 1 4 2 1 1 6 17      61500      12334       8500 
0	 631728	1 0 0 1 0 0 1 0 0 1 0 0 1 0 0 1 0 0 1 0 0 1 0 0 1 0 0 1 1 0 1 1 0 1 1 0 1 1 0 1 2 0 1 2 0 1 2 0 1 2 0 1 2 0 1 2 0 1 2 0 1 2 0 1 2 0 1 2 0 2 2 0 3 3 5 3 3 2 3 3 2 3 3 6 4 2 5 1 2 22      63000      13500       8636 
495	 629248	1 1 0 1 1 0 1 0 0 1 0 0 1 1 0 1 1 0 1 1 0 1 1 0 1 1 0 1 1 1 1 1 1 1 0 1 1 1 1 1 0 2 1 1 2 1 1 2 1 1 2 1 0 2 1 0 2 1 1 2 1 1 2 1 1 2 1 1 2 2 1 2 3 1 3 3 1 3 3 2 3 3 5 3 4 2 2 1 13 2      63000      13108       9298 
594	 549288	1 1 0 1 0 1 1 0 1 1 1 0 1 0 1 1 0 1 1 0 1 1 0 1 1 0 1 1 1 1 1 1 1 1 2 0 1 1 1 1 1 1 1 1 1 1 2 1 1 2 0 1 2 0 1 2 1 1 2 0 1 2 1 1 2 1 1 2 1 2 2 0 3 3 1 3 3 1 3 3 1 3 2 7 4 2 1 1 2 14      56428      16786      13571 
693	 546168	1 1 1 1 0 1 1 0 1 0 1 1 1 0 1 1 0 1 1 0 1 1 0 1 1 0 1 0 1 1 0 1 1 0 1 1 0 1 1 0 2 1 0 2 1 0 2 1 0 2 1 0 2 1 0 2 1 0 2 1 0 2 1 0 2 1 0 2 1 0 2 2 5 3 3 1 2 3 1 3 3 6 2 3 1 2 4 20 2 1       9500      14916      60168 
792	 515942	1 1 1 0 1 0 0 1 1 0 1 0 0 1 1 0 1 1 0 1 1 0 1 1 0 1 1 1 1 0 1 1 1 1 1 1 1 1 1 1 1 1 2 1 0 1 1 1 2 1 0 2 1 0 1 1 1 2 1 1 2 1 1 2 1 1 2 1 1 2 2 0 3 3 2 2 3 1 3 3 1 3 3 1 2 4 4 5 1 16      13500      63000       9343 
891	 159716	0 1 1 1 0 1 0 1 1 0 1 1 0 1 1 0 1 1 1 0 1 0 1 1 0 1 1 1 1 1 1 1 1 1 1 1 1 1 1 1 1 1 1 1 1 1 1 1 2 1 1 2 1 1 2 1 1 2 1 1 2 1 1 2 1 1 3 0 1 2 1 2 3 1 3 3 1 3 3 2 3 3 1 3 2 3 4 2 13 1      15286      15286      50714 
2673	 146572	1 0 1 1 1 0 1 0 1 1 0 1 1 0 1 1 0 1 1 1 0 1 0 1 1 0 1 1 1 1 1 1 1 1 1 1 1 1 1 1 1 1 1 1 1 1 1 1 1 1 1 1 2 1 1 2 1 1 2 1 1 2 1 1 2 1 1 3 0 2 2 1 3 4 1 3 3 1 3 3 2 3 3 1 4 2 3 1 2 13      50714      15286      15286 
2871	 132000	0 1 1 1 1 0 0 1 1 0 1 1 0 1 1 0 1 1 1 1 0 0 1 1 0 1 1 1 1 1 1 1 1 1 1 1 1 1 1 1 1 1 1 1 1 1 1 1 1 1 1 1 1 1 2 1 1 2 1 1 2 1 1 2 1 1 3 1 0 2 2 1 4 3 1 4 3 1 3 3 2 3 3 1 2 4 3 2 1 13      16000      50000      16000 
17298	 130198	1 0 0 1 0 0 1 1 0 1 1 0 1 1 0 1 1 0 1 1 0 1 1 0 1 1 0 1 1 1 1 0 1 1 1 1 1 0 1 1 0 2 1 1 1 1 0 2 1 0 2 1 1 1 1 0 2 1 1 2 1 1 2 1 1 3 1 1 3 2 0 2 3 2 3 3 3 3 3 1 3 3 2 3 4 1 2 1 18 2      59217      10784      13333 
26901	 102228	1 0 0 1 0 0 1 1 0 1 1 0 1 1 0 1 1 0 1 1 0 1 1 0 1 1 0 1 1 1 1 1 1 1 1 1 1 1 1 1 1 1 1 1 1 1 1 1 1 1 1 1 1 1 1 1 2 1 1 2 1 1 2 1 1 2 1 1 2 2 1 2 3 1 4 3 1 5 3 2 3 3 1 4 4 2 2 1 13 3      55556      14444      12222 
27396	 100720	0 0 1 0 0 1 1 0 1 1 0 1 1 0 1 1 0 1 1 0 1 1 0 1 1 0 1 1 1 1 1 1 1 1 1 1 1 1 1 1 1 1 1 1 1 1 1 1 1 1 1 1 2 1 1 1 1 1 2 1 1 2 1 1 2 1 1 3 1 1 2 2 1 4 3 1 4 3 2 3 3 1 3 3 2 2 4 13 4 1      13571      11786      56429 
27594	  90008	0 1 0 0 1 0 1 1 0 1 1 0 1 1 0 1 1 0 1 1 0 1 1 0 1 1 0 1 1 1 1 1 1 1 1 1 1 1 1 1 1 1 1 1 1 1 1 1 1 1 1 1 1 1 1 1 2 1 1 2 1 1 2 1 1 2 1 1 2 1 2 2 1 3 4 1 3 4 2 3 3 1 3 4 2 4 2 13 1 4      13572      56428      11786 
34623	  89238	0 1 0 0 1 0 1 1 0 1 1 0 1 1 0 1 1 0 1 1 0 1 1 0 1 1 0 1 1 1 1 1 1 1 1 1 1 1 1 1 1 1 1 1 1 1 1 1 1 1 1 1 1 2 2 1 1 1 1 2 1 1 2 1 1 2 1 1 2 1 2 2 1 3 4 1 3 4 2 3 3 1 3 4 2 4 2 12 1 4      14615      55385      12308 
0	 665200	1 0 0 1 0 0 1 0 0 1 0 0 1 0 0 1 0 0 1 0 0 1 0 0 1 0 0 1 1 0 1 1 0 1 1 0 1 1 0 1 2 0 1 2 0 1 2 0 1 2 0 1 2 0 1 2 0 1 2 0 1 2 0 1 2 0 1 2 0 2 2 0 3 3 4 3 3 5 3 3 4 3 3 3 4 2 6 1 2 20      63000      13500       8100 
198	 602200	0 0 1 0 0 1 0 1 1 1 0 1 1 0 1 1 0 1 0 1 1 0 0 1 0 1 1 0 1 1 0 1 1 0 1 1 0 1 1 0 2 1 0 2 1 0 2 1 0 2 1 0 2 1 0 2 1 0 2 1 0 2 1 0 2 1 0 2 1 0 1 2 5 2 3 6 3 3 3 3 3 3 3 3 2 1 4 20 2 1       8100      13500      63000 
297	 545000	0 1 0 0 1 0 0 1 0 0 1 1 0 1 1 0 1 1 0 1 1 0 1 1 0 1 0 1 1 0 1 1 1 1 1 1 1 1 1 1 1 1 2 1 0 2 1 0 2 1 0 2 1 1 2 1 1 2 1 1 2 1 0 2 1 1 3 1 0 2 2 0 3 3 1 3 3 1 3 3 3 3 3 1 2 4 4 2 1 19      13500      63000      10000 
594	 512002	1 1 0 1 0 0 1 1 0 1 1 0 1 1 0 1 1 0 1 1 0 1 1 0 1 1 0 1 1 1 1 1 1 1 1 1 1 1 1 1 0 2 1 0 2 1 1 2 1 1 2 1 1 2 1 1 2 1 1 2 1 1 2 1 1 2 1 0 2 2 1 2 3 1 3 3 3 3 3 1 3 3 1 3 4 1 2 1 15 2      57334      12666      16333 
990	 494916	0 1 1 0 1 1 0 1 1 0 1 1 0 1 1 1 1 1 0 1 1 0 1 1 1 0 1 1 0 1 1 1 1 1 1 1 1 1 1 1 1 1 2 0 1 2 0 1 2 0 1 2 1 1 2 1 1 2 1 1 2 0 1 2 1 1 2 0 1 2 0 2 3 1 3 3 1 3 3 3 3 3 1 3 2 2 4 1 18 1      17170      11509      55660 
1089	 157000	1 0 1 1 0 1 0 1 1 1 0 1 1 0 1 1 0 1 1 0 1 1 0 1 0 1 1 0 1 1 1 1 1 1 1 1 1 1 1 1 1 1 0 2 1 0 2 1 0 2 1 1 2 1 1 1 1 1 2 1 0 2 1 1 2 1 0 2 1 0 2 2 1 3 3 1 3 3 3 3 3 1 3 3 3 2 4 18 2 1       9000      16500      57000 
2475	 144000	0 1 1 0 1 1 1 0 1 0 1 1 0 1 1 0 1 1 0 1 1 0 1 1 1 0 1 1 1 1 1 1 1 1 1 1 1 1 1 1 1 1 2 0 1 2 0 1 2 0 1 2 1 1 1 1 1 2 1 1 2 0 1 2 1 1 2 0 1 2 0 2 3 1 3 3 1 3 3 2 3 3 1 3 2 3 4 2 18 1      16500       9000      57000 
3366	  95000	1 0 0 1 0 0 1 0 1 1 0 1 1 0 1 1 0 1 1 0 1 1 0 1 1 0 1 1 1 1 1 1 1 1 1 1 1 1 1 1 1 1 1 1 1 1 1 1 1 2 0 1 2 1 1 1 1 1 3 1 1 2 1 1 2 1 1 3 1 2 2 0 3 3 1 3 3 1 3 3 1 3 3 1 4 3 1 1 3 17      60000      13125      10625 
4059	  88750	1 0 0 1 0 0 1 1 0 1 1 0 1 1 0 1 1 0 1 1 0 1 1 0 1 1 0 1 1 1 1 1 1 1 1 1 1 1 1 1 1 1 1 1 1 1 1 2 1 0 2 1 1 1 1 1 2 1 1 3 1 1 2 1 1 2 1 1 3 2 0 2 3 1 3 3 1 3 3 1 3 3 1 3 4 1 2 1 17 3      60000      10625      13125 
9000	  80774	1 0 0 1 0 0 1 0 1 1 0 1 1 0 1 1 0 1 1 0 1 1 0 1 1 0 1 1 1 1 1 1 1 1 1 1 1 1 1 1 2 1 1 2 1 1 2 1 1 2 0 1 2 1 1 2 1 1 2 1 1 2 1 1 2 1 1 2 1 2 2 0 3 3 1 3 3 1 3 3 1 3 3 1 4 2 1 1 2 17      58654      14231      11346 
0	 575930	1 0 0 1 0 0 1 0 0 1 0 0 1 0 0 1 0 0 1 0 0 1 0 0 1 0 0 1 1 0 1 1 0 1 1 0 1 1 0 1 2 0 1 2 0 1 2 0 1 2 0 1 2 0 1 2 0 1 2 0 1 2 0 1 2 0 1 2 0 2 2 0 3 3 4 3 3 1 3 3 3 3 3 3 4 2 5 1 2 26      63000      13500       7307 
495	 553136	1 1 1 0 1 1 1 0 1 0 1 1 0 1 1 0 1 1 0 1 1 0 1 1 0 1 1 1 4 1 1 0 1 1 0 1 1 1 1 2 0 1 2 2 1 1 2 1 1 2 1 2 0 1 2 0 1 2 1 1 2 1 1 2 1 1 2 1 1 2 1 2 3 1 3 3 1 3 3 1 3 3 1 3 2 2 4 2 12 1      15784      13676      56324 
693	 547530	1 0 1 1 0 0 1 0 1 1 0 1 1 0 1 1 0 1 1 0 1 1 0 1 1 1 1 1 1 1 1 1 1 1 1 0 1 1 1 1 1 1 1 2 0 1 2 1 1 2 0 1 2 1 1 2 1 1 2 1 1 2 1 1 2 1 1 2 1 2 2 2 3 3 1 3 3 1 3 3 3 3 3 2 4 2 2 1 2 12      56307      15692      13692 
792	 535700	1 1 0 1 1 0 1 1 0 1 1 0 1 1 0 1 1 0 1 1 0 1 1 0 1 1 0 1 3 1 1 0 1 1 0 1 1 1 1 1 2 1 1 2 2 1 1 2 1 2 2 1 0 2 1 0 2 1 1 2 1 1 2 1 1 2 1 0 3 2 1 2 3 1 3 3 1 3 3 1 3 3 1 3 4 1 2 1 13 2      57350      12650      15100 
990	 530668	1 1 0 1 1 0 1 1 0 1 1 0 1 1 0 1 1 0 1 1 0 1 1 0 1 1 0 1 2 1 1 0 1 1 0 1 1 1 1 1 2 1 1 2 2 1 1 2 1 2 2 1 1 2 1 0 2 1 1 2 1 1 2 1 1 2 1 0 3 2 1 2 3 1 3 3 1 3 3 1 3 3 1 3 4 1 2 1 13 2      57333      12667      15000 
1089	 520600	1 1 0 1 1 0 1 1 0 1 1 0 1 1 0 1 1 0 1 1 0 1 1 0 1 1 0 2 1 1 1 1 1 0 1 1 1 1 1 2 1 1 2 1 2 1 1 2 2 1 2 0 1 2 0 1 2 1 1 2 1 1 2 1 1 2 0 1 3 1 2 2 1 3 3 1 3 3 1 3 3 1 3 3 1 4 2 13 1 2      12650      57350      15100 
1188	 507274	0 1 1 0 1 1 0 1 1 0 1 1 0 1 1 0 1 1 0 1 1 0 1 1 1 1 1 1 1 1 1 1 1 1 1 1 1 1 1 1 1 1 2 1 0 2 1 1 2 1 0 2 1 1 2 1 1 2 1 1 2 1 1 2 1 1 2 1 1 2 2 2 3 3 1 3 3 1 3 3 2 3 3 1 2 4 2 2 1 12      15000      53637      16363 
1386	 501820	1 1 0 1 1 0 1 1 0 1 1 0 1 1 0 1 1 0 1 1 0 1 1 0 1 1 0 1 1 1 1 1 1 1 1 1 1 1 1 1 1 1 1 0 2 1 1 1 1 0 2 1 1 2 1 1 2 1 1 2 1 1 2 1 1 2 1 1 3 2 2 2 3 1 4 3 1 3 3 2 3 3 1 3 4 2 2 1 12 2      53636      16364      14998 
1485	 183092	0 1 1 0 1 1 0 1 1 0 1 1 0 1 1 0 1 1 0 1 1 0 1 1 0 1 1 1 1 1 1 1 1 1 1 1 1 1 1 2 1 1 2 1 0 2 1 1 2 1 0 2 1 1 2 1 1 2 1 1 2 1 1 2 1 1 2 1 1 2 2 2 3 3 1 3 3 1 3 3 2 3 3 1 2 4 2 2 1 12      16500      49546      16454 
1683	 179000	1 0 1 1 0 1 1 0 1 1 0 1 1 0 1 1 0 1 1 0 1 1 0 1 1 0 1 1 1 1 1 1 1 1 1 1 1 1 1 1 2 1 1 2 1 1 2 1 1 2 1 1 2 1 0 2 1 1 2 1 1 2 1 1 2 1 1 2 1 1 2 2 2 3 3 1 3 3 2 3 3 1 3 3 1 2 4 12 2 1      15000      16500      51000 
3663	 169000	1 0 1 1 0 1 1 0 1 1 0 1 1 0 1 1 0 1 1 0 1 1 0 1 1 0 1 1 1 1 1 1 1 1 1 1 1 1 1 1 1 1 1 2 1 1 2 1 1 2 1 1 2 1 1 2 0 1 2 1 1 2 1 1 2 1 1 2 1 2 2 1 3 3 2 3 3 1 3 3 2 3 4 1 4 2 1 1 2 12      51000      16500      15000 
5148	 158668	0 1 1 0 1 1 0 1 1 0 1 1 0 1 1 0 1 1 0 1 1 0 1 1 0 1 1 1 1 1 1 1 1 1 1 1 1 1 1 1 1 1 2 1 1 2 1 1 2 1 1 2 1 1 2 0 1 2 1 1 2 1 1 2 1 1 2 1 1 2 1 2 3 1 3 3 1 3 3 1 3 4 1 3 2 2 4 2 13 1      16500      15083      50917 
10089	 156668	1 1 0 1 1 0 1 1 0 1 1 0 1 1 0 1 1 0 1 1 0 1 1 0 1 1 0 1 1 1 1 1 1 1 1 1 1 1 1 1 1 1 1 1 2 1 1 2 1 1 2 1 1 2 0 1 2 1 1 2 1 1 2 1 1 2 0 1 3 1 2 2 1 3 3 2 3 3 1 3 3 1 3 3 2 4 2 13 1 2      15083      50917      16500 
20277	 155276	1 1 0 1 1 0 1 1 0 1 1 0 1 1 0 1 1 0 1 1 0 1 1 0 1 1 0 1 1 1 1 1 1 1 1 1 1 1 1 1 1 1 1 1 1 1 1 2 1 1 2 1 1 2 1 1 2 1 1 2 1 1 2 1 1 2 0 1 3 1 2 2 1 3 3 2 3 3 1 3 4 1 3 3 2 4 2 12 1 2      16454      49546      16500 
20376	 135478	1 0 1 1 0 1 1 0 1 1 0 1 1 0 1 1 0 1 1 0 1 1 0 1 1 0 1 1 1 1 1 1 1 1 1 1 1 1 1 1 1 1 1 1 1 1 1 1 1 2 1 1 2 1 0 2 1 1 2 1 1 2 1 1 2 1 0 3 1 1 2 2 1 4 3 2 3 3 1 4 3 1 3 3 2 2 4 13 2 1      15105      16369      50895 
0	 649000	1 0 0 1 0 0 1 0 0 1 0 0 1 0 0 1 0 0 1 0 0 1 0 0 1 0 0 1 1 0 1 1 0 1 1 0 1 1 0 1 2 0 1 2 0 1 2 0 1 2 0 1 2 0 1 2 0 1 2 0 1 2 0 1 2 0 1 2 0 2 2 0 3 3 4 3 3 1 3 3 5 3 3 7 4 2 4 1 2 21      63000      13500       7715 
198	 613250	0 1 0 0 1 1 0 1 1 0 1 1 0 1 1 0 1 0 0 1 1 0 1 0 0 1 1 1 1 0 1 1 0 1 1 1 1 1 0 2 1 0 2 1 1 2 1 1 2 1 0 2 1 1 2 1 1 2 1 1 2 1 0 2 1 1 2 1 1 2 2 0 3 3 3 3 3 2 3 3 2 3 3 3 2 4 2 2 1 16      13500      63000      10125 
396	 513336	1 0 1 1 0 1 1 0 1 1 0 1 1 0 1 1 0 1 1 0 1 1 0 1 1 0 1 0 1 1 0 1 1 1 1 1 0 1 1 0 2 1 1 2 1 1 2 1 0 2 1 1 2 1 1 2 1 1 2 1 0 2 1 1 2 1 1 2 1 0 2 2 2 3 3 1 3 3 2 3 3 2 3 3 2 2 4 16 2 1      11875      17291      55418 
594	 496750	1 0 0 1 0 1 1 0 1 1 0 1 1 0 1 1 1 0 1 0 1 1 0 1 1 0 1 1 1 1 1 1 0 1 1 1 1 1 0 1 1 1 1 1 1 1 2 1 1 2 1 1 2 1 1 2 1 1 2 1 1 3 1 1 2 1 1 2 1 2 2 1 3 3 2 3 3 2 3 3 1 3 3 1 4 2 1 1 2 15      57125      14875      12875 
693	 494000	0 0 1 0 1 1 0 1 1 0 1 1 0 1 1 1 0 1 0 1 1 0 1 1 0 1 1 1 1 1 1 0 1 1 1 1 1 0 1 1 1 1 1 1 1 1 1 1 1 1 1 2 1 1 2 1 1 3 1 1 3 1 1 2 1 1 2 1 1 2 1 2 3 2 3 3 2 3 3 1 3 3 1 3 2 1 4 3 15 1      14000      12000      58000 
990	 119644	0 0 1 0 0 1 0 1 1 0 1 1 0 1 1 0 1 1 0 1 1 0 1 1 0 1 1 1 1 1 1 0 1 1 1 1 1 0 1 1 1 1 2 1 1 2 1 1 2 1 1 2 1 1 2 1 1 2 1 1 2 1 1 2 1 1 2 1 1 2 1 2 3 2 3 3 2 3 3 1 3 3 1 3 2 1 4 3 15 1      14499      11893      58107 
1188	 110000	0 1 0 0 1 0 0 1 1 0 1 1 0 1 1 0 1 1 0 1 1 0 1 1 0 1 1 1 1 1 1 1 0 1 1 1 1 1 0 1 1 1 2 1 1 1 1 1 2 1 1 2 1 1 2 1 1 2 1 1 2 1 1 2 1 1 2 1 1 2 2 1 3 3 2 3 3 2 3 3 1 3 3 1 2 4 1 4 1 15      14000      59000      11000 
5346	  82000	1 0 0 1 0 0 1 0 1 1 0 1 1 0 1 1 0 1 1 0 1 1 0 1 1 0 1 1 1 1 1 1 1 1 1 1 1 1 1 1 1 1 1 2 1 1 1 1 1 2 1 1 2 1 1 2 1 1 2 1 1 2 1 1 2 1 1 2 1 2 2 1 3 3 1 3 3 1 3 3 1 3 3 1 4 2 1 1 4 15      59000      14000      11000 
5940	  77342	1 0 0 1 0 0 1 1 0 1 1 0 1 1 0 1 1 0 1 1 0 1 1 0 1 1 0 1 1 1 1 1 1 1 1 1 1 1 1 1 1 1 1 1 1 1 1 1 1 1 2 1 1 2 1 1 2 1 1 2 1 1 2 1 1 2 1 1 2 2 1 2 3 1 3 3 1 3 3 1 3 3 1 3 4 1 2 1 15 5      59807      10192      13461 
0	 631728	1 0 0 1 0 0 1 0 0 1 0 0 1 0 0 1 0 0 1 0 0 1 0 0 1 0 0 1 1 0 1 1 0 1 1 0 1 1 0 1 2 0 1 2 0 1 2 0 1 2 0 1 2 0 1 2 0 1 2 0 1 2 0 1 2 0 1 2 0 2 2 0 3 3 8 3 3 3 3 3 3 3 3 2 4 2 4 1 2 22      63000      13500       8636 
297	 605276	1 1 0 1 0 0 1 0 1 1 1 0 1 1 0 1 1 1 1 1 0 1 1 0 1 1 0 1 1 1 1 1 1 1 1 2 1 1 1 1 1 1 1 0 2 1 2 1 1 0 2 1 1 2 1 0 2 1 2 2 1 1 2 1 1 2 1 1 2 2 2 2 3 5 2 3 0 3 3 1 3 3 2 3 4 0 2 1 12 2      56181      13819      15000 
396	 591586	0 1 0 0 1 0 0 1 0 1 1 0 1 1 1 0 1 0 0 1 0 0 1 0 1 1 1 0 1 1 0 1 1 0 1 1 1 1 1 1 1 1 0 1 2 1 1 1 0 1 3 1 1 1 1 1 2 1 1 3 1 1 2 1 1 2 1 1 3 0 2 2 1 3 3 1 3 2 8 3 2 2 3 3 1 4 2 17 1 2      11683      64158       8614 
495	 578776	1 0 0 1 0 0 1 0 0 1 1 0 1 1 0 1 0 0 1 0 0 1 0 0 1 1 0 1 0 1 1 0 1 1 0 1 1 1 1 1 1 1 1 0 2 1 1 2 1 0 2 1 1 2 1 1 2 1 1 2 1 1 2 1 1 2 1 1 3 2 0 2 3 1 3 3 1 3 3 8 3 3 2 3 4 1 2 1 17 2      63000      11612       9796 
594	 562000	1 1 1 0 1 1 0 1 1 1 0 1 0 1 1 0 1 1 0 1 1 0 1 1 0 1 1 1 1 1 1 1 1 1 1 1 1 0 1 1 1 1 1 1 1 1 1 1 2 1 1 2 2 1 2 1 1 2 2 1 2 1 1 2 1 1 2 1 1 2 1 2 4 1 3 3 2 3 3 1 3 3 1 3 1 1 4 3 12 1      15000      13000      57000 
693	 560158	1 0 1 0 1 1 0 1 1 1 0 1 0 1 1 1 0 1 1 0 1 1 0 1 1 0 1 1 1 1 0 1 1 1 1 1 0 1 1 1 1 1 1 2 1 1 2 1 1 2 1 1 2 1 1 1 1 2 2 1 2 2 1 1 2 1 1 2 1 2 2 2 1 3 3 2 2 3 1 3 3 2 3 3 2 2 4 12 2 1      13693      15693      56307 
891	 545088	0 1 1 0 1 1 0 1 1 0 1 1 0 1 1 0 0 1 0 1 1 1 0 1 0 1 1 1 0 1 1 1 1 1 0 1 1 1 1 1 1 1 2 0 1 2 1 1 2 0 1 2 1 1 2 1 1 2 1 1 2 1 1 2 1 1 3 1 1 2 0 2 3 1 3 3 1 3 2 5 3 3 1 3 2 1 4 2 16 1       9544      12368      63000 
990	 488372	1 0 1 0 0 1 1 0 1 1 0 1 1 0 1 1 0 1 1 0 1 0 1 1 1 0 1 0 1 1 1 1 1 0 1 1 1 1 1 1 1 1 0 2 1 1 2 1 0 2 1 1 2 1 1 2 1 1 2 1 1 2 1 1 2 1 1 3 1 0 2 2 1 3 3 1 3 3 5 2 3 1 3 3 1 2 4 16 2 1      12041      14694      57959 
1485	 484290	0 1 1 0 1 1 0 1 1 0 1 1 0 1 1 0 1 1 0 1 1 1 1 0 0 1 1 1 1 0 1 1 1 1 1 0 1 1 1 1 1 1 2 1 0 2 1 1 2 1 0 2 1 1 2 1 1 2 1 1 2 1 1 2 1 1 3 1 1 2 2 0 3 3 1 3 3 1 2 3 4 3 3 1 2 4 1 2 1 16      14694      57959      12041 
3960	 483340	1 0 1 1 0 1 1 0 1 1 0 1 1 0 1 1 0 1 1 0 1 0 1 1 1 0 1 1 1 1 1 1 1 1 1 1 1 1 1 1 1 1 1 1 1 1 1 1 1 1 1 1 1 1 1 2 1 1 2 1 1 2 1 1 2 1 1 3 1 1 3 2 1 4 3 2 3 3 1 3 3 1 4 3 2 2 4 12 2 1      16666      13333      53334 
8802	 187000	1 0 1 1 0 1 1 0 1 1 0 1 1 0 1 1 0 1 1 0 1 0 1 1 1 0 1 1 1 1 1 1 1 1 1 1 1 1 1 1 2 1 1 2 1 1 2 1 1 2 1 1 2 1 1 2 1 1 2 1 1 2 1 1 2 1 1 2 1 1 2 2 1 3 3 2 3 3 1 3 3 1 3 3 2 2 4 12 1 1      17500      16500      48500 
10287	 183092	0 1 1 0 1 1 0 1 1 0 1 1 0 1 1 0 1 1 0 1 1 1 0 1 0 1 1 1 1 1 1 1 1 1 1 1 1 1 1 1 1 1 1 1 1 2 1 1 2 1 1 2 1 1 2 1 1 2 1 1 2 1 1 2 1 1 2 1 1 2 1 2 3 1 3 4 2 3 3 1 3 4 1 3 2 2 4 1 12 1      16500      17954      48046 
11376	 174184	1 1 0 1 1 0 1 1 0 1 1 0 1 1 0 1 1 0 1 1 0 1 0 1 1 1 0 1 1 1 1 1 1 1 1 1 1 1 1 1 1 1 1 1 1 1 1 1 1 1 1 1 1 2 1 1 2 1 1 2 1 1 2 1 1 2 1 1 2 2 1 3 3 1 4 3 2 4 3 1 3 3 1 4 4 2 2 1 12 1      48046      17954      16500 
11970	 165092	0 1 1 0 1 1 0 1 1 0 1 1 0 1 1 0 1 1 0 1 1 1 1 0 0 1 1 1 1 1 1 1 1 1 1 1 1 1 1 1 1 1 1 1 1 1 1 1 2 1 1 2 1 1 2 1 1 2 1 1 2 1 1 2 1 1 2 1 1 2 2 1 4 3 1 4 3 2 3 3 1 4 3 1 2 4 2 1 1 12      16500      48046      17954 
41130	 142092	1 1 0 1 1 0 1 1 0 1 1 0 1 1 0 1 1 0 1 1 0 0 1 1 1 1 0 1 1 1 1 1 1 1 1 1 1 1 1 1 1 1 1 1 1 1 1 1 1 1 1 1 1 2 1 1 2 1 1 2 1 1 2 1 1 2 1 1 2 1 2 3 1 3 4 1 3 4 2 3 3 1 3 4 2 4 2 12 1 1      17954      48046      16500 
0	 665200	1 0 0 1 0 0 1 0 0 1 0 0 1 0 0 1 0 0 1 0 0 1 0 0 1 0 0 1 1 0 1 1 0 1 1 0 1 1 0 1 2 0 1 2 0 1 2 0 1 2 0 1 2 0 1 2 0 1 2 0 1 2 0 1 2 0 1 2 0 2 2 0 3 3 5 3 3 2 3 3 5 3 3 4 4 2 6 1 2 20      63000      13500       8100 
198	 597002	0 1 1 0 1 1 0 1 1 0 1 1 0 1 1 0 2 1 1 1 1 0 1 1 0 1 1 1 2 1 1 0 1 1 1 1 1 1 1 2 0 1 2 0 1 2 3 1 1 1 1 2 0 1 2 0 1 2 1 1 2 1 1 2 2 1 2 0 1 2 1 2 3 1 3 3 1 3 3 3 3 3 1 3 2 1 4 2 12 1      17833      13500      54334 
297	 544250	0 1 0 0 1 0 0 1 1 0 1 1 0 1 1 0 1 1 0 1 1 0 1 0 0 1 1 1 1 1 1 1 1 1 1 1 1 1 1 1 1 1 2 1 1 2 1 3 2 1 1 2 1 0 2 1 1 2 1 1 2 1 1 2 1 2 3 1 0 2 2 1 3 3 1 3 3 1 3 3 2 3 3 1 2 4 1 2 1 14       9625      63000      12125 
495	 510000	0 0 1 1 0 1 1 0 1 1 0 1 1 0 1 1 0 1 1 0 1 1 0 1 1 0 1 1 1 1 1 1 1 1 1 1 1 1 1 1 1 1 1 2 1 3 2 1 1 2 1 0 2 1 1 2 1 1 2 1 1 2 1 1 2 1 0 3 1 1 2 2 1 3 3 1 3 3 2 3 3 1 3 3 1 2 4 13 2 1      15000      15000      55000 
594	 471518	0 1 1 1 0 1 0 1 1 0 1 1 0 1 1 1 0 1 0 1 1 0 1 1 0 1 1 1 1 1 1 0 1 1 1 1 1 0 1 1 1 1 1 1 1 2 0 1 2 1 1 2 0 1 2 0 1 2 1 1 2 1 1 3 0 1 3 1 1 2 1 2 2 2 3 3 1 3 3 2 3 3 1 3 2 2 4 1 18 1      14339      11509      58491 
1386	 457180	0 1 1 1 1 0 0 1 1 0 1 1 0 1 1 1 1 0 0 1 1 0 1 1 0 1 1 1 1 1 1 1 0 1 1 1 1 1 1 1 1 1 1 1 1 2 1 0 2 1 1 2 1 0 2 1 0 2 1 1 2 1 1 3 1 0 3 1 1 2 2 1 2 3 2 3 3 1 3 3 1 3 3 1 2 4 2 1 1 18      14339      58491      11509 
6624	 448468	1 0 0 1 0 1 1 0 1 1 0 1 1 0 1 1 0 1 1 0 1 1 0 1 1 0 1 1 1 1 1 1 0 1 1 1 1 1 1 1 1 1 1 1 1 1 2 0 1 2 1 1 2 0 1 3 0 1 2 1 1 2 1 1 2 1 1 3 1 2 2 1 3 3 1 3 3 1 3 3 1 3 3 1 4 2 2 1 2 17      58654      14231      11346 
7713	 142794	1 0 0 1 0 0 1 0 1 1 0 1 1 0 1 1 0 1 1 0 1 1 0 1 1 0 1 1 1 1 1 1 1 1 1 1 1 1 1 1 1 1 1 1 1 1 2 1 1 2 1 1 2 1 1 3 1 1 2 1 1 2 1 1 2 1 1 3 1 2 2 1 3 3 1 3 3 1 3 3 1 3 3 1 4 2 1 1 2 15      60001       8488      13535 
7812	  89806	1 0 0 1 0 0 1 0 1 1 0 1 1 0 1 1 0 1 1 0 1 1 0 1 1 0 1 1 1 1 1 1 1 1 1 1 1 1 1 1 1 1 1 1 1 1 2 0 1 1 1 1 2 0 1 3 0 1 2 1 1 2 1 1 2 1 1 3 1 2 2 1 3 3 1 3 3 1 3 3 1 3 3 1 4 2 2 1 3 17      59355      13215      10647 
8703	  89584	0 1 0 0 1 0 1 1 0 1 1 0 1 1 0 1 1 0 1 1 0 1 1 0 1 1 0 1 1 1 1 1 1 1 1 1 1 1 1 1 1 1 1 1 1 0 1 2 1 1 1 0 1 2 0 1 2 1 1 2 1 1 3 1 1 2 1 1 3 1 2 2 1 3 3 1 3 3 1 3 3 1 3 3 2 4 2 17 1 3      10625      59376      13333 
10287	  77448	1 0 0 1 0 0 1 1 0 1 1 0 1 1 0 1 1 0 1 1 0 1 1 0 1 1 0 1 1 1 1 1 1 1 1 1 1 1 1 1 1 1 1 1 1 1 0 2 1 1 1 1 0 2 1 0 2 1 1 2 1 1 2 1 1 2 1 1 3 2 1 2 3 1 3 3 1 3 3 1 3 3 1 3 4 2 2 1 17 4      60004       9788      13400 
24129	  72698	0 1 0 0 1 0 0 1 1 0 1 1 0 1 1 0 1 1 0 1 1 0 1 1 0 1 1 1 1 1 1 1 1 1 1 1 1 1 1 2 1 1 2 1 1 2 1 0 2 1 1 2 1 0 2 1 0 2 1 1 2 1 1 2 1 1 2 1 1 2 2 1 3 3 1 3 3 1 3 3 1 3 3 1 2 4 2 2 1 17      14231      58654      11346 
0	 649000	1 0 0 1 0 0 1 0 0 1 0 0 1 0 0 1 0 0 1 0 0 1 0 0 1 0 0 1 1 0 1 1 0 1 1 0 1 1 0 1 2 0 1 2 0 1 2 0 1 2 0 1 2 0 1 2 0 1 2 0 1 2 0 1 2 0 1 2 0 2 2 0 3 3 7 3 3 8 3 3 2 3 3 1 4 2 3 1 2 21      63000      13500       7715 
297	 637200	0 1 1 0 1 0 0 1 1 0 1 1 0 1 0 0 1 0 0 1 0 0 1 0 0 1 0 1 1 0 1 1 0 1 1 0 1 1 0 2 1 0 2 1 0 2 1 0 2 1 0 2 1 0 2 1 0 2 1 0 2 1 0 2 1 0 2 1 0 2 2 0 3 3 2 3 3 3 3 3 4 3 3 4 2 4 6 2 1 20      13500      63000       8100 
495	 560350	1 1 0 1 0 0 1 1 1 1 0 1 1 0 0 1 1 0 1 1 0 1 1 0 1 1 0 1 1 1 1 0 1 1 1 1 1 1 1 1 1 2 1 1 2 1 1 1 1 1 2 1 0 2 1 0 2 1 1 2 1 1 2 1 1 2 1 1 2 2 0 2 3 1 3 3 2 3 3 1 2 3 2 3 4 3 2 1 16 2      63000      12369       9544 
594	 546704	0 1 1 1 0 1 1 1 1 1 0 1 1 0 1 0 1 1 0 1 1 0 1 1 0 1 1 1 1 1 1 0 1 1 1 1 1 1 1 2 1 1 2 1 1 1 1 1 2 1 1 2 0 1 2 0 1 2 1 1 2 1 1 2 1 1 2 1 1 2 0 2 3 1 3 3 2 3 1 1 3 3 2 3 1 3 4 2 16 1      11544      12240      61072 
693	 512858	1 0 1 1 0 1 1 1 1 0 1 1 1 0 1 1 0 1 1 0 1 1 0 1 1 0 1 1 1 1 0 1 1 1 1 1 1 1 1 1 1 1 1 2 1 1 1 1 1 2 1 0 2 1 0 2 1 1 2 1 1 2 1 1 2 1 1 3 1 0 2 2 1 3 3 1 3 3 1 2 3 2 3 3 3 2 4 15 2 1      12857      15000      57143 
891	 500668	0 1 1 0 1 0 1 1 1 1 1 0 1 1 0 0 1 1 0 1 1 0 1 1 0 1 1 1 1 1 1 1 0 1 1 1 1 1 1 1 1 1 2 1 1 1 1 1 2 1 1 2 1 0 2 1 0 2 1 1 2 1 1 2 1 1 2 1 1 2 2 0 3 3 1 3 3 2 2 3 1 3 3 2 2 4 3 2 1 16      15333      57334      12000 
990	 484448	0 0 1 0 0 1 1 1 1 1 1 1 0 1 1 0 1 1 0 1 1 0 1 1 0 1 1 1 1 1 1 0 1 1 1 1 1 1 1 1 1 1 2 1 1 1 1 1 2 0 1 2 1 1 2 0 1 2 1 1 2 1 1 2 1 1 2 0 1 2 0 2 3 1 3 3 1 3 2 1 3 3 1 3 2 3 4 3 18 1      15000       9722      60000 
1089	 155000	1 0 1 1 0 0 1 1 0 1 1 0 1 0 1 1 0 1 1 0 1 1 0 1 1 0 1 1 1 1 1 1 0 1 1 1 1 1 1 1 2 1 1 1 1 1 1 1 1 2 1 1 2 0 1 2 0 1 2 1 1 2 1 1 2 1 1 2 1 2 2 0 3 3 1 3 3 3 3 2 1 3 3 2 4 2 2 1 3 16      55500      16500      10500 
1287	 137536	1 0 1 1 0 1 1 1 0 1 1 0 1 0 1 1 0 1 1 0 1 1 0 1 1 0 1 1 1 1 1 1 0 1 1 1 1 1 1 1 1 1 1 2 1 1 1 1 1 1 1 1 2 0 1 2 0 1 2 1 1 2 1 1 2 1 1 2 1 2 2 0 3 3 1 3 3 3 3 2 1 3 3 1 4 2 2 1 4 16      56134      16500       9866 
1386	 121002	1 0 1 1 0 1 0 1 1 0 1 1 1 0 1 1 0 1 1 0 1 1 0 1 1 0 1 1 1 1 0 1 1 1 1 1 1 1 1 1 1 1 1 1 1 1 1 1 1 1 1 0 2 1 0 2 1 1 2 1 1 2 1 1 2 1 1 2 1 0 2 2 1 3 3 3 3 3 1 3 3 2 3 3 2 2 4 15 4 1      10375      17187      55625 
1782	 108134	1 0 1 1 0 1 0 1 1 0 1 1 1 0 1 1 0 1 1 0 1 1 0 1 1 0 1 1 1 1 0 1 1 1 1 1 1 1 1 1 1 1 1 1 1 1 1 1 1 1 1 0 2 1 0 2 1 1 2 1 1 2 1 1 2 1 1 2 1 0 2 2 1 3 3 3 3 3 1 3 3 1 3 3 2 2 4 16 4 1       9732      17005      56268 
2277	 107536	0 1 1 0 1 1 1 1 0 1 1 0 0 1 1 0 1 1 0 1 1 0 1 1 0 1 1 1 1 1 1 1 1 1 1 1 1 1 1 1 1 1 1 1 1 1 1 1 2 1 1 2 1 0 1 1 1 2 1 1 2 1 1 2 1 1 2 1 1 2 2 0 3 3 1 3 3 1 3 3 1 3 3 1 2 4 2 4 1 16      16500      56134       9866 
3564	  94192	0 1 1 0 1 1 1 0 1 1 0 1 0 1 1 0 1 1 0 1 1 0 1 1 0 1 1 1 1 1 1 1 1 1 1 1 1 1 1 1 1 1 1 1 1 1 1 1 1 1 1 2 0 1 1 1 1 2 1 1 2 1 1 2 1 1 2 1 1 2 0 2 3 1 3 3 1 3 3 1 3 3 1 3 2 2 4 5 16 1      16510       8764      57236 
33111	  89304	0 1 0 0 1 0 1 1 0 1 1 0 0 1 1 0 1 1 0 1 1 0 1 1 0 1 1 1 1 1 1 1 1 1 1 1 1 1 1 1 1 1 1 1 1 1 1 1 2 1 1 1 1 1 1 1 1 2 1 1 2 1 1 2 1 1 2 1 1 2 2 1 3 3 1 3 3 1 3 3 1 3 3 1 2 4 2 5 1 16      13484      60004       9536 