
0	1267000	0 1 1 0 1 1 1 1 0 2 0 0 1 0 2 1 2 0 1 0 1 0 4 1 0 0 2 2 1 0 0 1 4 1 1 1 1 1 0 2 0 1 2 1 0 1 0 2 0 1 3 1 1 1 1 1 1 1 2 1 3 0 0 1 0 3 1 2 1 3 3 0 1 4 4 4 0 3 2 1 3 3 3 1 3 5 4 3 5 1      43500      28500      31500 
495	1050500	1 1 0 1 1 0 0 1 1 0 0 2 2 0 1 0 2 1 1 0 1 1 4 0 2 0 0 0 1 2 4 1 0 1 1 1 0 2 1 1 0 2 0 1 2 2 0 1 3 0 0 1 1 1 1 1 1 1 2 1 0 0 3 3 0 1 1 2 1 0 3 3 4 4 1 3 0 4 3 1 2 1 3 3 4 5 3 1 5 3      33750      20250      42750 
2574	1003430	1 1 0 1 1 0 0 2 1 0 0 2 1 0 1 0 2 1 1 0 1 1 4 0 2 0 0 0 1 2 4 1 0 1 1 1 0 2 1 1 0 2 0 1 2 2 0 1 3 0 0 1 1 1 1 1 1 2 2 1 0 0 3 3 0 1 1 1 1 0 3 3 4 4 1 3 0 4 3 1 2 1 3 3 4 5 3 1 5 3      38357      21643      35143 
6336	1000288	1 1 0 1 1 0 0 2 1 0 0 2 1 0 1 0 2 1 1 0 1 1 4 0 2 0 0 0 1 2 4 1 0 1 1 1 0 2 2 1 0 2 0 1 2 2 0 1 3 0 0 1 1 1 1 1 1 2 2 1 0 0 3 3 0 1 1 1 1 0 3 3 4 4 1 3 0 4 3 1 2 1 3 3 4 5 2 1 5 3      38357      21643      35143 
16119	 913800	1 1 0 1 1 0 0 2 1 0 0 2 1 0 1 0 2 1 1 0 1 1 4 0 2 0 0 0 1 2 4 1 0 1 1 1 0 2 2 1 0 2 0 1 2 2 0 1 3 0 0 1 1 1 1 1 1 2 2 1 0 0 3 3 0 1 1 1 1 0 3 3 4 4 1 2 0 4 3 1 2 1 3 3 4 5 2 2 5 3      36900      17100      39600 
23346	 909334	0 1 1 0 1 1 1 1 1 2 1 0 1 2 1 1 1 1 1 1 1 0 1 2 0 1 2 2 1 1 0 2 1 0 1 1 1 1 1 1 1 2 2 1 0 1 1 1 0 1 2 1 1 1 1 2 0 1 1 1 3 1 1 1 1 1 1 1 1 3 1 1 1 3 3 5 3 2 4 2 2 3 1 4 2 3 3 3 3 3      21000      40333      31667 
23841	 898000	0 1 1 0 1 1 0 1 1 2 1 0 1 1 1 0 1 1 1 1 1 0 1 2 0 1 2 2 1 1 0 2 1 1 1 0 1 1 1 3 1 2 2 1 0 1 1 2 1 1 2 2 1 1 1 2 0 1 1 1 2 1 1 1 1 1 1 1 1 3 1 1 1 3 3 4 3 2 3 2 2 3 2 4 2 3 3 3 3 3      23000      57000      12000 
24336	 894000	1 1 1 1 1 1 1 1 1 1 2 1 1 2 2 1 1 0 1 1 1 1 1 0 1 1 0 1 1 1 2 2 1 1 1 0 1 1 2 2 1 0 1 1 2 1 0 2 1 1 1 1 1 1 1 1 1 1 1 1 1 1 2 1 1 1 1 1 1 1 1 3 3 3 2 3 2 2 2 2 3 2 3 3 3 3 3 3 3 3      49000      23000      21000 
25227	 868000	1 1 1 0 0 1 1 1 1 1 1 1 2 1 1 0 1 1 2 0 1 0 1 1 0 2 1 1 1 1 1 1 2 0 1 1 2 1 1 0 1 2 2 1 1 2 0 1 1 1 1 1 2 1 1 1 1 1 1 1 2 1 1 1 1 1 1 1 1 3 2 1 2 2 3 2 3 3 3 4 2 3 2 2 3 4 3 3 3 3      21000      15000      57000 
26019	 850000	1 1 1 1 0 1 1 1 1 1 1 0 1 2 1 1 0 1 1 2 1 1 0 1 1 0 1 1 1 1 2 1 1 1 0 1 1 2 2 2 0 2 1 2 1 1 2 1 1 1 1 1 1 1 1 1 1 1 1 1 1 2 1 1 1 2 1 1 1 1 3 2 3 2 2 3 2 2 2 3 2 2 3 3 3 3 3 3 3 3      49000      21000      23000 
28395	 833200	1 0 2 1 1 1 1 1 1 0 1 2 1 1 1 1 1 1 1 1 0 1 1 2 1 1 1 1 1 1 1 1 1 2 1 1 1 1 0 2 2 1 1 1 0 1 1 1 1 1 1 1 1 1 1 1 1 1 1 1 1 1 2 2 0 1 1 1 1 2 2 3 2 3 3 2 3 2 2 3 2 3 2 2 3 3 3 3 4 3      39600      41400      10800 
28593	 810000	1 1 0 0 1 1 1 1 1 0 1 1 1 1 1 1 1 1 1 1 1 1 1 1 1 1 1 1 1 1 1 2 1 2 1 1 1 1 1 2 2 2 1 1 1 1 1 1 1 1 1 1 1 1 1 1 1 1 1 1 1 1 1 2 2 0 1 1 1 2 1 2 2 3 3 2 3 3 2 2 3 3 2 2 3 3 3 4 2 4      27000      27000      36000 
28791	 782000	0 2 1 1 1 0 1 1 1 1 3 0 1 1 1 1 1 1 1 0 1 1 2 1 1 1 1 1 0 1 1 1 1 1 1 2 1 0 1 2 1 1 1 0 1 1 1 1 1 1 1 1 1 1 1 1 1 1 1 1 1 2 1 0 2 2 1 1 1 2 3 2 3 3 2 3 2 2 3 2 2 2 2 3 3 3 4 4 2 4      45000       9000      36000 
30375	 772000	0 2 1 1 1 0 1 1 1 1 3 0 1 0 1 1 1 1 1 0 1 1 2 1 1 1 1 1 0 1 1 1 1 1 1 2 1 0 1 2 1 1 1 0 1 1 1 1 1 1 1 1 1 1 1 1 1 1 1 1 1 2 1 0 2 2 1 1 1 2 3 2 3 3 2 3 2 2 3 3 2 2 2 3 3 3 4 4 2 4      45000       9000      36000 
31662	 756000	1 0 2 0 1 1 1 1 1 0 1 3 1 1 1 1 1 1 1 1 0 1 1 3 1 1 1 1 1 0 1 1 1 2 1 0 1 1 0 1 2 1 1 1 0 1 1 1 1 1 1 1 1 1 1 1 1 1 1 2 1 1 2 2 0 3 1 1 1 2 2 3 2 3 2 2 3 1 2 3 2 3 2 3 4 3 2 4 4 2      36000      45000       9000 
35127	 743000	1 0 2 0 2 1 1 1 1 0 1 3 1 1 1 1 1 1 1 1 0 1 1 3 1 1 1 2 1 0 1 1 1 2 1 0 1 1 0 1 1 1 1 1 0 1 1 1 1 1 1 1 1 1 1 1 1 1 1 2 1 1 2 2 0 3 1 1 1 2 2 3 2 3 2 2 3 1 2 3 2 3 2 3 4 3 2 3 4 2      36500      44500       9000 
45027	 726000	1 1 0 0 1 1 2 1 1 0 1 2 1 1 1 1 1 1 1 1 1 1 1 1 1 1 1 1 1 1 1 2 1 2 1 1 1 1 1 1 2 1 1 1 1 1 1 1 1 1 1 1 1 1 1 1 1 1 2 1 1 1 1 2 1 0 1 1 1 2 1 2 2 3 3 2 3 3 2 3 3 3 2 2 4 2 3 3 2 4      36000      22000      32000 
0	1964000	2 0 0 0 2 1 0 2 1 1 1 0 1 2 0 1 0 2 1 0 0 2 0 0 2 0 1 2 0 0 0 2 1 1 1 0 2 1 0 1 1 2 3 0 0 1 1 1 0 2 1 0 2 3 0 0 4 1 1 2 2 0 1 2 1 0 0 1 2 1 5 0 1 6 2 1 3 3 2 2 8 1 1 4 9 0 0 2 5 3      63000      24000      33000 
693	1922000	2 0 0 1 1 0 0 1 0 0 1 0 2 1 1 0 1 1 0 1 2 0 1 2 1 1 0 1 1 1 2 0 1 0 1 0 1 1 0 0 1 1 0 1 2 1 1 4 4 0 1 0 1 2 2 1 2 0 1 3 0 1 1 0 2 1 2 4 0 2 5 5 3 1 3 3 3 3 2 2 1 1 4 1 2 2 4 10 1 0      27000      72000      18000 
891	1854000	0 0 1 1 0 1 1 0 2 1 1 1 3 0 1 0 1 1 1 1 0 1 0 1 1 1 0 3 1 0 0 1 1 0 1 4 1 2 1 1 1 2 2 1 0 2 1 0 2 1 0 1 2 0 1 4 2 2 0 2 1 2 2 2 2 0 1 0 1 4 5 2 0 2 3 4 4 1 2 1 3 2 1 3 1 1 4 1 5 3      36000      27000      54000 
990	1852000	1 1 0 0 1 2 0 0 3 0 1 1 1 1 2 2 2 0 2 2 0 1 1 0 1 1 0 1 1 0 3 0 2 1 1 0 2 2 1 0 2 1 3 1 0 2 1 1 0 1 2 0 0 2 2 1 0 1 0 1 0 2 1 1 1 1 2 2 1 1 2 5 1 1 5 3 5 3 2 1 2 3 1 1 5 3 0 1 4 5      48600      23400      43200 
2079	1803000	0 1 0 2 1 0 2 0 1 0 1 1 2 1 1 0 2 0 0 1 1 0 1 1 1 1 1 0 1 1 1 0 2 1 2 0 1 3 1 1 2 1 0 1 1 2 1 1 2 1 0 3 1 1 0 0 2 2 1 1 1 2 1 1 1 2 0 1 4 4 2 5 6 1 2 2 4 3 3 2 2 1 1 3 0 3 2 4 3 1      13500      54000      46500 
2178	1779146	1 1 0 1 0 2 0 1 2 1 1 0 1 1 2 2 0 0 1 1 0 1 1 0 1 1 1 1 1 0 0 2 1 2 0 1 3 1 1 2 1 1 1 1 0 1 1 2 1 0 2 1 1 3 0 2 0 1 1 2 2 1 1 1 2 1 1 4 0 2 4 4 1 2 6 4 3 2 2 2 3 1 3 1 3 2 0 3 1 4      52878      46687      14061 
2376	1756000	0 1 1 1 0 2 1 0 1 1 0 1 0 1 1 0 1 1 1 1 1 0 1 1 0 1 1 1 1 1 1 0 2 2 1 4 0 3 2 1 3 2 2 1 0 2 2 0 1 1 1 1 1 0 2 0 1 4 0 2 1 2 2 2 1 0 1 2 1 0 2 1 2 1 3 2 5 0 4 2 2 2 2 3 2 3 2 5 3 3      30000      51000      33000 
2574	1532000	0 1 1 1 1 1 1 0 1 1 1 1 1 1 1 1 1 1 1 1 0 0 1 1 0 1 2 0 1 1 1 0 1 2 1 4 0 3 2 1 2 2 3 1 0 3 1 0 2 1 1 1 1 1 2 1 1 3 0 2 0 1 3 1 1 1 1 2 1 0 2 2 2 2 3 2 4 0 3 3 2 2 1 3 2 3 2 5 3 1      33000      36000      39000 
3267	1526000	0 1 1 1 1 1 2 1 0 1 1 1 0 1 1 0 0 2 1 1 1 1 1 1 1 2 1 1 1 1 0 2 0 1 0 2 0 1 3 1 0 2 2 1 1 2 2 1 1 1 1 0 2 1 2 1 0 4 0 1 1 2 2 2 0 1 1 2 1 0 1 2 2 3 1 2 3 4 4 1 2 2 4 1 2 3 3 5 3 3      21000      39000      48000 
3663	1299000	1 1 1 1 1 1 2 1 0 1 1 1 0 1 1 0 0 2 0 1 1 1 1 1 1 2 1 1 1 0 0 2 0 1 0 2 0 1 3 1 0 2 2 1 1 2 2 1 1 1 1 0 2 1 2 1 0 4 0 1 1 2 2 2 0 1 1 2 1 0 1 3 2 3 1 2 3 4 4 1 2 2 4 1 2 3 3 5 3 3      31500      40500      31500 
3960	1271000	1 1 1 1 1 0 0 2 1 1 1 1 1 0 1 2 0 0 1 0 1 1 1 1 1 1 3 0 1 1 0 0 2 2 1 0 3 0 1 2 1 0 1 2 1 1 2 2 1 1 1 1 0 2 0 2 1 1 4 1 2 1 1 1 2 0 1 1 1 3 0 1 1 2 4 4 2 3 2 4 1 1 2 4 3 2 3 3 5 3      31500      31500      40500 
8703	1081560	1 1 2 0 3 0 1 1 0 1 0 3 2 0 0 1 1 0 1 1 0 0 0 4 0 2 1 1 1 1 0 1 3 1 1 1 0 0 3 3 0 0 3 0 0 3 0 0 1 1 2 0 2 1 0 2 2 0 4 0 0 3 0 1 1 3 1 0 2 1 1 3 5 1 0 3 3 1 4 1 3 2 3 1 0 7 3 6 1 3      39112      34444      25444 
14940	1074224	1 1 2 0 3 0 1 1 0 1 0 3 2 0 0 1 1 0 1 1 0 0 0 4 0 2 1 1 1 1 0 1 3 1 1 1 0 0 4 3 0 0 3 0 0 3 0 0 1 1 2 0 2 1 0 2 2 0 4 0 0 3 0 1 1 3 1 0 2 1 1 3 5 1 0 3 3 1 4 1 3 2 3 1 0 7 3 6 1 2      39112      34444      25444 
15336	 924500	1 1 1 0 3 0 1 1 0 1 0 3 2 0 0 1 1 0 1 1 0 0 0 4 0 2 1 1 1 1 0 1 3 1 1 1 0 0 4 3 0 0 3 0 0 3 0 0 1 1 2 0 2 1 0 2 2 0 4 0 0 3 0 1 1 3 1 0 3 1 1 3 5 1 0 3 3 1 4 1 3 2 3 1 0 7 3 6 1 2      35000      38875      20375 
24345	 922000	0 1 1 1 0 1 1 1 1 1 0 1 1 1 1 2 1 1 1 1 1 1 1 1 1 1 1 1 1 1 1 2 0 1 1 1 1 2 1 1 1 1 2 1 1 1 1 2 1 1 1 1 1 1 1 1 1 2 1 1 1 1 1 1 1 1 1 2 1 2 3 2 2 2 3 1 2 3 3 2 2 3 2 2 3 3 3 3 4 4      22500      24750      45000 
25137	 918000	1 1 2 1 1 1 0 2 1 1 1 1 2 0 1 0 1 1 1 0 1 1 1 1 1 1 1 2 1 1 0 1 1 1 1 1 1 1 1 2 1 1 1 1 2 0 2 1 1 1 2 1 1 1 2 1 1 1 1 1 1 1 1 1 2 1 1 1 1 2 2 1 3 3 2 3 3 2 1 2 3 3 2 2 5 2 3 2 4 3      21000      23000      49000 
26226	 892800	2 1 0 1 1 1 1 2 1 1 1 1 1 0 1 1 1 2 1 0 1 1 1 1 1 1 1 1 1 1 1 1 1 1 1 1 1 1 1 1 1 1 2 1 1 1 2 1 2 1 1 1 1 1 1 1 1 1 1 2 1 1 1 1 2 1 1 1 1 1 2 2 2 3 2 2 3 2 3 2 3 2 2 3 3 2 3 3 4 3      18300      23400      50100 
27018	 864800	3 1 0 1 1 1 1 2 1 1 1 1 1 0 1 0 1 2 1 0 1 1 1 1 0 1 1 1 1 1 0 1 1 1 1 1 1 1 1 0 1 1 2 1 1 1 2 1 1 1 1 2 1 1 1 1 1 1 1 2 2 1 1 1 2 1 2 1 1 3 2 2 3 3 2 2 3 2 1 2 3 2 2 3 3 2 3 3 4 3      10800      23400      57600 
28503	 833600	1 0 1 1 1 1 1 1 1 0 1 1 0 1 1 1 2 1 0 1 1 1 1 1 1 1 1 1 1 1 1 1 1 1 1 1 1 1 1 1 1 1 1 1 1 2 1 2 1 1 1 1 1 1 1 1 1 1 2 1 2 1 1 2 1 1 1 1 1 2 2 2 4 2 2 3 2 2 2 3 3 2 3 3 2 3 3 4 3 3      23400      31800      36600 
29196	 830400	1 1 1 1 1 1 1 1 1 1 0 1 2 0 1 2 1 1 1 0 1 1 1 1 1 1 1 1 1 1 1 1 1 1 1 1 0 1 1 1 1 1 1 1 1 1 2 2 1 1 1 1 1 1 1 1 1 2 1 1 1 2 1 1 2 1 1 1 1 2 2 2 2 4 2 2 3 2 3 2 3 3 2 3 3 2 3 2 4 3      11800      23400      56600 
29691	 820000	1 1 1 1 1 1 1 0 1 1 1 0 1 1 0 2 2 1 1 1 0 1 1 1 1 1 1 1 1 2 1 1 1 1 1 1 1 0 1 1 1 1 1 1 1 1 1 2 1 1 1 1 1 1 1 1 1 1 2 1 1 1 2 1 1 2 1 2 1 2 1 2 2 3 4 2 2 3 3 3 1 3 3 2 3 3 2 3 3 4      57000      12000      23000 
29889	 744000	1 1 1 1 0 1 1 1 0 1 1 0 1 2 1 1 2 0 1 2 0 1 1 1 1 1 1 1 1 1 1 1 1 1 1 1 1 0 1 1 1 1 1 1 1 2 1 1 1 1 1 1 1 1 1 1 1 1 2 1 1 1 2 1 1 2 1 1 1 2 2 3 2 2 4 2 2 3 3 3 2 3 3 2 3 3 3 3 2 4      53000      10000      27000 
30681	 716668	1 2 1 1 1 1 1 1 0 1 1 1 1 2 1 1 1 0 1 1 0 1 0 1 1 1 1 1 3 0 1 0 1 1 0 1 1 1 1 1 1 1 1 1 1 2 2 1 1 1 1 1 1 1 1 1 1 1 1 1 1 3 2 1 0 2 1 2 1 2 1 2 2 3 5 2 2 4 3 1 1 3 2 2 3 3 3 3 3 4      70000       3334      16666 
31572	 676000	1 2 1 1 1 1 1 0 0 1 1 1 1 1 1 1 1 0 1 2 0 1 0 1 1 1 1 1 2 0 1 1 1 1 1 1 1 0 1 1 1 1 1 1 1 1 1 1 2 2 1 1 1 1 1 1 1 1 2 1 1 1 2 1 1 2 1 2 1 2 1 2 2 2 5 2 2 4 3 3 1 3 2 2 3 3 3 3 3 4      63000       8000      17000 
32463	 645000	1 2 1 1 1 1 1 1 0 1 1 1 1 1 1 1 1 0 1 1 0 1 2 1 1 1 1 1 2 0 1 1 1 1 0 1 1 1 1 1 1 1 1 1 1 1 1 1 2 1 1 1 1 1 1 1 1 1 2 1 1 1 2 1 1 2 1 2 1 2 0 2 2 2 5 2 2 4 3 3 1 3 2 2 3 3 3 3 3 4      56667      12500      18333 
32562	 642000	1 2 1 1 0 1 1 0 0 1 1 0 1 1 1 1 1 0 1 2 0 1 0 1 1 1 1 1 2 0 1 1 1 1 1 1 1 0 1 1 1 1 1 1 1 1 1 1 2 2 1 1 1 1 1 1 1 1 2 1 1 1 2 1 2 2 1 2 1 2 1 2 2 2 5 2 2 5 3 3 1 3 2 2 3 3 3 3 3 4      63000       7765      17694 
34641	 636000	1 2 1 1 0 1 1 0 0 1 1 0 1 1 1 1 1 0 1 2 0 1 0 1 1 1 1 1 3 0 1 1 1 1 1 1 1 0 1 1 1 1 1 1 1 1 1 1 2 1 1 1 1 1 1 1 1 1 2 1 1 1 2 1 2 2 1 2 1 2 1 2 2 2 5 2 2 5 3 3 1 3 2 2 3 3 3 3 3 4      63000       7000      18000 
38106	 623334	1 1 1 1 0 1 1 0 0 1 1 0 1 1 1 1 1 0 1 2 0 1 0 1 1 1 1 1 3 0 1 1 1 1 1 1 1 0 1 1 1 1 1 1 1 1 1 1 2 1 1 1 1 1 1 1 1 1 3 1 1 1 2 1 2 2 1 2 1 2 1 2 2 2 5 2 2 5 3 3 1 3 2 2 3 3 3 3 3 4      63000       6333      18001 
0	1315200	0 0 3 0 2 1 0 2 2 2 0 0 1 0 6 0 1 1 0 1 1 0 1 3 0 2 0 2 0 0 0 2 3 1 1 0 1 1 0 1 0 3 1 2 0 2 0 1 0 3 0 2 0 3 0 3 0 2 1 0 2 0 2 0 2 1 2 1 0 0 6 0 2 4 3 5 0 0 0 2 6 3 5 0 5 0 3 8 0 0      41400      37000      26000 
99	1275000	1 1 0 0 2 0 1 0 1 2 1 0 1 1 0 0 1 1 0 1 2 0 0 4 1 0 1 1 1 1 0 1 3 2 0 0 1 1 0 1 3 1 2 1 0 1 1 2 0 1 3 1 0 2 1 0 2 1 1 3 0 4 1 1 2 0 0 1 3 1 4 1 4 1 3 2 3 2 2 1 3 3 2 2 3 4 1 9 3 0      40500      31500      31500 
1782	1198000	1 1 0 0 2 0 1 0 2 2 1 0 1 1 0 0 1 1 0 1 2 0 0 3 1 0 1 1 1 1 0 1 3 2 0 0 1 1 1 1 3 1 2 1 0 1 1 2 0 1 3 1 0 2 1 0 2 1 1 3 0 4 1 1 2 0 0 1 2 1 4 1 4 1 3 2 3 2 2 1 3 3 2 2 3 4 1 9 3 0      36000      27000      36000 
3861	1186000	1 1 0 1 2 0 1 0 2 2 1 0 1 1 0 0 1 1 0 1 2 0 0 3 1 0 1 1 1 1 0 1 3 2 0 0 1 1 1 1 3 1 2 1 0 0 1 2 0 1 3 1 0 2 1 0 2 1 1 3 0 4 1 1 2 0 0 1 2 1 4 1 4 1 3 2 3 2 2 1 3 3 2 2 3 4 1 9 3 0      36000      27000      36000 
13347	1172000	1 1 0 3 1 0 0 0 2 1 2 0 2 1 0 1 0 1 1 0 2 0 0 3 0 1 1 1 1 1 0 0 3 0 2 0 1 1 1 3 1 1 1 2 0 1 0 2 2 0 3 0 1 2 0 1 2 1 1 3 3 0 1 2 1 0 1 0 2 4 1 1 1 4 3 3 2 2 1 2 3 2 3 2 4 3 1 2 10 0      27000      36000      36000 
14337	1168000	1 1 0 3 1 0 0 0 2 1 2 0 2 1 0 1 0 1 1 0 2 0 0 3 0 1 1 1 1 1 0 0 3 0 2 0 0 1 1 3 1 1 1 2 0 1 0 2 2 0 3 0 1 2 0 1 2 1 1 3 3 0 1 3 1 0 1 0 2 4 1 1 1 4 3 3 2 2 1 2 3 2 3 2 4 3 1 2 10 0      27000      36000      36000 
15723	1128000	1 1 0 3 1 0 0 0 2 1 2 0 1 1 0 1 0 1 1 0 2 0 0 3 0 1 1 1 1 1 0 0 3 0 2 0 0 1 1 3 1 1 1 2 0 1 0 2 2 0 3 0 1 2 0 1 2 1 1 3 3 0 1 3 1 0 1 0 2 4 1 1 1 4 3 3 2 2 1 2 3 2 3 2 5 3 1 2 10 0      27000      36000      36000 
27306	1082000	1 1 0 3 1 0 0 0 2 1 2 0 1 1 0 1 0 1 1 0 2 0 0 3 0 1 1 1 1 1 0 0 3 0 2 0 0 1 1 3 1 1 1 2 0 1 0 2 2 0 3 0 1 2 0 1 2 1 0 3 3 0 1 3 1 0 1 0 2 4 1 1 1 4 3 3 2 2 1 3 3 2 3 2 5 3 1 2 10 0      27000      36000      36000 
28296	 985000	2 1 2 1 1 1 2 1 1 0 1 1 2 0 1 1 0 2 1 2 1 1 0 1 1 2 1 1 1 1 1 2 1 1 1 1 1 1 1 1 1 1 1 1 1 1 1 1 1 1 1 1 2 1 1 2 1 2 0 2 1 1 1 1 1 1 1 1 1 2 0 2 2 3 2 2 3 2 2 3 2 2 3 2 3 3 3 3 3 3      23333      25833      44167 
28791	 946000	2 1 1 0 1 1 1 1 1 1 1 1 2 0 1 1 1 1 1 2 1 1 0 1 1 1 0 1 1 1 1 1 1 1 0 1 1 1 1 1 1 1 1 1 1 1 1 1 1 1 1 1 2 2 1 3 1 2 1 1 1 0 2 1 1 1 1 1 2 2 1 2 3 2 3 2 4 2 2 3 2 2 3 2 3 3 3 3 3 3      40500      22500      31500 
30573	 927000	2 0 2 1 1 0 0 1 1 1 2 0 2 0 2 0 2 1 1 1 1 1 1 1 1 1 1 1 1 1 1 1 1 1 1 1 1 1 1 1 1 1 2 1 1 1 1 1 1 1 1 1 1 1 1 2 1 1 1 2 1 1 1 2 1 1 1 1 1 2 2 2 2 3 3 2 3 2 3 2 3 2 3 2 3 3 3 3 2 3      29250      24750      38250 
30969	 924800	1 0 2 1 1 0 1 1 1 1 2 0 1 0 2 2 2 1 1 1 1 1 1 1 1 1 1 2 1 1 1 1 1 1 1 1 1 1 1 1 1 1 1 1 1 1 1 1 1 1 1 1 1 1 2 2 1 1 1 2 1 1 1 1 1 1 2 1 1 1 2 2 2 3 3 2 3 2 2 2 3 2 3 2 3 3 3 3 2 3      33600      23400      34800 
31464	 918000	0 2 1 1 0 1 1 1 1 2 0 1 0 2 1 2 1 2 1 1 1 1 1 1 1 1 1 0 1 2 0 1 1 1 1 1 1 1 1 2 1 1 1 1 1 1 1 1 1 1 1 1 1 1 3 1 2 1 2 1 1 1 1 1 1 1 0 1 2 2 2 1 3 3 2 4 2 2 2 3 2 3 2 2 3 3 3 2 3 3      21000      39000      33000 
31761	 862000	2 0 1 1 1 1 1 1 1 1 2 1 2 0 0 0 2 3 1 1 0 1 1 1 1 1 1 1 1 2 1 1 2 1 1 0 1 1 1 1 1 1 1 1 1 1 1 1 1 1 1 1 1 1 1 2 0 1 1 1 1 1 1 2 1 2 1 1 1 2 2 2 2 3 2 2 3 3 3 2 2 2 3 2 3 3 3 3 2 4      40000      34000      16000 
34236	 834000	2 0 1 0 2 1 1 1 1 1 2 1 2 0 0 0 2 3 1 1 0 1 1 1 1 1 1 1 1 2 1 0 2 1 1 0 1 1 1 1 1 1 1 1 1 1 1 1 1 1 1 1 1 1 1 2 0 1 2 1 1 1 1 1 1 2 1 2 1 2 2 2 3 3 1 2 2 3 3 2 2 3 2 2 3 3 3 3 2 5      52500      19500      21000 
35226	 810000	2 3 0 0 1 1 1 1 1 1 0 2 2 2 0 0 1 2 1 0 1 1 1 1 1 1 1 1 1 1 1 1 1 1 1 1 1 1 1 1 1 1 1 2 1 1 1 1 1 1 1 1 1 1 1 1 1 1 1 1 1 1 1 1 1 1 1 1 1 2 1 2 3 2 3 2 2 3 3 3 3 3 2 3 3 3 3 3 4 2      30000      27000      33000 
35523	 756000	2 3 0 0 1 1 1 1 1 1 0 2 2 2 0 0 1 2 1 0 1 1 1 1 1 1 1 1 1 1 1 1 1 1 1 1 1 1 1 1 1 1 1 1 1 1 1 1 1 1 1 1 1 1 1 1 1 1 1 1 1 1 1 1 1 1 1 1 1 2 1 2 3 2 3 2 2 3 3 3 3 3 2 3 3 3 3 3 5 2      19000      27000      44000 
38889	 730000	0 1 2 1 1 1 1 1 0 2 0 1 0 2 2 2 1 1 1 1 0 1 1 1 1 1 1 1 2 1 1 1 0 1 1 1 1 1 1 1 1 1 1 1 1 1 1 1 1 1 1 1 1 1 1 1 1 1 1 2 1 1 2 1 1 1 1 1 2 2 1 3 3 3 2 3 2 1 3 2 3 3 3 2 3 3 3 2 4 3      40000      40000      10000 
39681	 710000	1 2 1 1 1 0 1 1 1 1 0 1 1 1 1 1 1 1 1 0 1 1 1 1 1 0 1 1 0 2 1 1 1 1 1 2 1 1 1 1 1 1 1 1 1 1 1 1 1 1 1 1 1 1 1 1 1 1 2 1 1 1 1 1 2 1 2 2 1 2 2 1 2 3 3 3 2 2 3 3 3 2 3 3 3 3 3 3 3 3      40000      20000      30000 
0	1014250	1 0 2 1 1 0 0 1 2 1 0 4 1 1 0 1 1 0 0 2 1 1 0 1 0 0 2 1 0 1 0 2 2 0 4 0 0 4 0 1 0 4 0 4 0 2 0 2 2 0 1 0 4 1 2 0 0 1 3 0 1 0 2 1 1 1 0 3 1 2 3 0 2 4 4 1 2 7 4 1 1 4 0 1 5 1 2 7 0 0      43875      20250      31500 
4842	 897200	1 0 1 1 1 0 0 1 2 1 0 4 1 1 0 1 1 0 0 2 1 1 0 1 0 0 3 1 0 1 0 1 2 0 4 0 0 4 0 1 0 4 0 4 0 2 0 2 2 0 1 0 4 1 2 0 0 1 3 0 1 0 2 1 1 1 0 3 1 2 3 0 2 4 4 1 3 7 4 1 1 4 0 1 5 1 2 7 0 0      45600      21200      26400 
13455	 864000	1 0 1 1 1 0 0 1 2 1 0 4 1 1 0 1 1 0 0 2 1 1 0 1 0 0 3 1 0 1 0 1 2 0 4 0 0 4 0 1 0 4 0 4 0 2 0 2 2 0 1 0 4 0 2 0 0 1 3 0 1 0 2 1 1 1 0 3 1 2 3 0 2 4 4 1 3 7 4 1 1 4 0 2 5 1 2 7 0 0      45000      21000      27000 
32139	 806000	1 0 1 1 1 0 0 1 2 1 0 4 1 1 0 1 1 0 0 2 1 1 0 1 0 1 3 1 0 2 0 1 2 0 4 0 0 4 0 1 0 3 0 4 0 2 0 2 2 0 1 0 4 0 2 0 0 1 2 0 1 0 2 1 1 1 0 3 1 2 3 0 2 4 4 1 3 7 4 1 1 4 0 2 5 1 2 7 0 0      42000      24000      24000 
43623	 798000	1 0 1 1 1 0 0 1 2 1 0 4 1 1 0 1 1 0 0 2 1 1 0 1 0 0 3 1 0 2 0 1 2 0 4 0 0 4 0 1 0 3 0 4 0 2 0 2 2 0 1 0 4 0 2 0 0 1 2 0 1 0 2 1 1 1 0 4 1 2 3 0 2 4 4 1 3 7 4 1 1 4 0 2 5 1 2 7 0 0      42000      24000      24000 
0	1434000	0 5 0 0 1 1 1 1 0 2 0 0 0 0 2 0 3 0 2 0 0 0 1 4 0 0 4 1 0 1 1 2 0 0 2 0 0 2 0 0 2 1 3 0 0 1 4 0 1 0 2 3 0 0 2 1 0 0 1 2 3 0 0 0 1 5 0 0 3 0 1 4 2 4 2 4 2 1 4 2 5 2 4 1 3 2 3 7 1 1      37000      36000      35000 
99	1417000	1 0 0 1 0 1 0 2 1 0 0 3 1 0 0 0 2 1 1 1 1 0 0 4 1 1 0 1 3 0 1 0 1 0 3 1 2 0 0 1 0 1 1 3 0 2 0 0 1 1 1 1 0 2 0 2 3 0 4 2 2 4 0 2 0 0 0 2 4 2 0 1 3 6 3 1 0 6 5 1 0 3 4 2 3 3 3 6 0 1      63000      19500      24000 
1485	1282000	1 0 1 1 0 1 0 1 1 0 1 3 1 1 0 0 2 1 0 1 1 0 1 2 0 2 0 1 1 0 1 2 2 1 0 1 2 2 0 1 1 1 1 2 0 1 1 1 1 1 1 1 0 2 0 1 2 0 1 2 2 1 0 2 1 0 0 1 4 2 2 1 4 3 3 2 2 6 5 2 0 4 2 2 3 4 3 5 3 1      40500      31500      31500 
3960	1269000	0 3 1 1 2 1 1 1 0 1 0 1 2 1 1 1 0 0 1 0 1 1 0 1 2 0 1 2 1 0 2 0 0 1 1 1 1 1 0 1 0 1 1 1 0 1 2 5 1 1 0 1 1 3 1 1 1 1 0 1 1 2 0 1 1 0 1 0 1 1 2 5 2 4 2 3 2 1 2 5 2 2 4 5 3 2 2 3 4 5      76500      13500      13500 
4752	1108000	0 1 3 1 3 2 1 0 1 1 2 0 2 0 1 1 3 0 1 1 0 1 1 0 2 1 0 2 1 0 2 1 0 1 1 2 1 1 1 1 1 0 1 2 0 1 1 2 1 0 1 1 1 1 1 1 1 1 2 0 1 1 2 1 1 1 1 2 0 1 1 3 2 2 4 3 2 2 2 3 5 2 1 4 3 4 2 3 1 4      63500      17500      18000 
5445	1032500	0 3 1 1 2 1 1 0 1 1 0 1 1 0 1 1 1 2 1 1 0 1 0 1 2 0 1 1 0 2 2 0 1 1 2 1 1 1 2 1 0 1 1 0 2 1 2 0 2 0 1 1 1 1 1 1 1 1 1 1 1 2 1 1 1 1 2 0 1 1 2 2 2 4 2 4 3 1 2 5 3 2 4 2 2 2 6 3 4 1      58500      15750      22500 
5643	1026000	0 3 1 1 2 1 1 0 1 1 0 1 1 0 1 1 1 2 1 1 0 1 0 1 2 0 1 1 0 2 2 0 0 1 2 1 1 1 2 1 0 1 1 0 2 1 2 0 2 0 1 1 1 1 1 1 1 1 1 2 1 2 1 1 1 1 2 0 1 1 2 2 2 4 2 4 3 1 2 5 3 2 4 2 2 2 6 3 4 1      58500      15750      22500 
5841	 976000	3 0 1 1 1 0 1 1 0 0 1 1 1 1 1 1 1 3 0 1 0 0 1 1 0 2 1 0 2 1 0 2 2 3 1 1 1 1 3 0 1 1 0 1 2 2 1 0 1 2 1 1 1 0 0 1 1 0 1 2 2 1 1 1 1 1 0 1 2 4 1 2 3 2 3 2 3 0 5 2 3 4 2 3 3 3 3 3 3 2      13642      67572      13428 
14742	 968002	1 3 1 1 1 1 0 1 1 1 0 1 1 1 1 3 1 1 0 0 1 1 0 1 1 0 1 1 0 1 2 0 1 1 3 1 3 2 1 1 0 2 1 0 1 0 1 1 1 1 1 0 1 1 1 0 1 2 0 1 1 2 2 1 1 1 2 0 1 2 4 1 3 3 2 0 2 3 3 5 2 3 4 2 3 3 4 2 3 3      11333      11333      69667 
17019	 912000	1 1 1 1 1 1 1 1 1 1 1 1 1 1 1 1 1 1 1 1 1 1 0 1 1 1 1 1 1 1 1 0 1 1 1 1 1 1 1 1 2 2 2 1 1 1 1 1 1 1 1 1 1 1 1 1 1 1 1 2 2 2 1 1 1 1 2 1 1 2 2 1 3 2 2 2 2 3 2 3 2 2 3 2 2 4 4 3 3 3      44000      21000      28000 
17910	 879000	1 1 3 1 1 1 1 2 0 1 1 0 1 1 1 1 1 2 1 1 0 1 1 0 1 1 0 1 1 0 1 1 0 1 1 3 1 1 2 0 3 0 2 1 0 1 1 1 1 1 0 1 1 1 1 1 0 1 2 1 2 0 1 1 1 1 1 1 1 2 1 4 3 2 5 2 3 2 3 1 4 2 2 4 3 4 2 3 3 3      51000      30000      11250 
19098	 847000	0 1 1 1 1 1 1 1 1 1 1 1 1 1 1 2 1 1 1 1 1 1 1 1 1 1 1 1 1 1 1 2 1 1 1 1 1 1 1 2 0 2 1 2 1 1 1 1 1 1 1 1 1 1 1 0 2 2 1 1 1 2 1 1 1 1 1 1 1 1 2 2 2 3 2 3 2 2 2 3 2 2 2 3 4 3 3 3 3 3      27000      31500      31500 
19593	 844000	1 1 1 1 1 2 1 1 1 1 1 1 1 1 1 1 1 1 1 1 1 1 2 0 1 1 1 1 1 1 1 2 1 1 1 1 1 1 1 2 0 1 1 1 2 1 1 2 1 1 1 1 1 1 2 0 0 1 1 2 1 2 1 1 1 1 1 1 1 2 1 1 2 3 2 2 3 2 2 4 3 3 1 2 3 3 4 3 3 3      54000      27000       9000 
20286	 790000	1 0 1 1 1 1 1 1 1 1 1 1 0 2 1 1 1 1 1 1 1 1 1 2 1 1 1 1 1 1 1 1 1 2 1 1 1 1 0 1 1 2 1 1 1 1 1 1 1 1 1 1 1 1 1 1 2 1 1 1 2 1 1 1 1 1 2 1 1 2 1 3 3 2 2 2 3 2 3 2 2 2 3 3 2 4 2 3 4 3      48000      36000       6000 
20781	 750000	1 1 0 1 1 1 1 1 1 1 1 1 0 1 2 1 1 1 1 1 1 1 1 1 1 1 1 1 1 1 1 1 1 2 1 1 1 1 1 1 2 1 1 1 1 1 1 1 1 1 1 1 1 1 1 1 1 1 1 1 2 1 1 1 1 1 2 1 1 2 2 1 3 2 2 2 2 3 3 2 2 2 3 3 2 4 4 3 3 4      40000      20000      30000 
21177	 730000	1 0 1 1 1 1 1 1 1 1 1 1 1 2 0 1 1 1 1 1 1 1 1 1 1 1 1 1 1 1 1 1 1 1 1 2 1 1 1 1 1 1 1 1 1 1 1 1 1 1 1 1 1 1 1 1 1 1 1 1 1 1 2 2 1 1 1 1 2 2 1 2 2 2 3 2 3 2 2 2 3 3 3 2 4 4 2 3 4 3      20000      30000      40000 
28998	 700000	1 0 1 1 1 1 0 1 1 1 1 1 0 1 1 1 1 1 1 1 1 1 0 1 1 1 1 1 1 1 1 1 1 2 1 1 1 1 1 1 1 2 1 1 1 1 1 1 1 1 1 1 1 1 1 1 1 2 1 1 2 1 1 1 1 1 2 1 1 2 1 3 3 3 2 2 4 2 3 4 2 2 2 3 2 4 3 3 3 3      15000      25000      50000 
40770	 690000	0 1 1 0 1 1 1 1 0 1 1 1 1 1 0 1 1 1 1 1 1 0 1 1 1 1 1 1 1 1 2 1 1 0 1 2 1 1 1 1 1 1 1 1 1 1 1 1 1 1 1 1 1 1 2 1 1 1 1 2 1 1 2 1 1 1 1 1 2 1 3 2 3 2 3 3 3 2 4 2 3 2 3 2 5 3 2 3 3 3      20000      50000      20000 
45027	 680000	1 0 1 1 0 1 0 1 1 1 1 1 0 1 1 1 1 1 1 1 1 1 0 1 1 1 1 1 1 1 1 2 1 2 0 1 1 1 1 1 1 1 1 1 1 1 1 1 1 1 1 1 1 1 1 2 1 2 1 1 1 1 1 1 1 1 2 0 1 2 1 3 4 3 2 2 3 3 3 4 2 2 2 3 2 5 3 3 4 3      20000      15000      55000 
0	1594000	0 0 6 0 2 0 1 1 0 1 1 1 0 1 4 1 1 1 2 0 0 0 1 2 0 2 1 0 2 0 1 2 1 1 1 1 1 1 0 1 1 0 1 1 1 1 0 2 1 0 2 1 2 0 2 1 0 2 0 3 1 2 1 0 0 3 0 5 0 1 1 3 2 3 2 5 2 1 4 1 0 2 4 4 3 4 2 7 0 1      45000      36000      30000 
891	1502000	0 0 6 0 2 0 1 1 0 1 1 1 0 1 4 1 1 1 2 0 0 0 1 2 0 2 1 0 2 0 1 2 1 1 1 1 1 1 0 1 2 0 1 1 1 1 0 2 1 0 2 1 2 0 2 1 0 2 0 3 1 1 1 0 0 3 0 5 0 1 1 3 2 3 2 5 2 1 4 1 0 2 4 4 3 4 2 7 0 1      42750      36000      30000 
2178	1486000	1 0 0 1 0 0 1 0 1 1 2 1 1 1 0 1 1 0 0 0 2 1 2 0 2 1 0 1 1 0 1 1 1 1 0 2 1 1 1 1 1 1 2 1 1 1 2 1 1 0 2 1 0 1 0 1 2 0 1 2 3 1 2 1 1 1 6 1 0 1 3 1 1 3 3 2 3 4 1 2 4 4 2 1 3 3 2 1 7 6      54000      18000      36000 
2970	1484000	2 2 0 2 0 0 1 0 1 1 1 1 1 1 0 1 1 0 0 0 3 1 2 0 1 1 0 3 1 0 1 1 1 1 0 2 1 2 1 1 1 1 1 1 1 0 2 1 1 0 2 2 0 1 1 1 2 0 0 2 1 1 2 2 1 1 6 0 0 1 2 1 1 3 2 1 3 4 1 2 4 4 3 1 3 3 2 0 7 6      27000      36000      45000 
3960	1434000	0 1 1 0 0 2 1 0 1 0 1 1 0 1 1 0 1 2 2 0 0 0 2 1 0 1 1 0 1 3 1 1 1 1 0 1 1 2 1 1 1 1 1 0 1 2 3 0 1 0 2 1 0 2 3 2 1 3 0 0 3 1 1 1 1 2 0 1 5 1 2 1 3 3 1 3 3 1 4 2 1 1 2 4 2 3 3 6 7 0      38000      27000      43000 
4554	1281000	1 1 0 1 1 0 2 1 1 2 1 0 1 1 0 1 1 0 1 1 2 2 1 0 0 1 0 1 0 2 0 1 1 1 1 1 1 0 2 0 1 1 0 1 1 2 1 2 0 1 1 2 1 1 0 0 3 0 0 3 0 3 1 1 4 0 3 1 1 2 2 1 2 2 3 2 2 2 2 2 4 2 3 1 3 4 2 7 3 6       3500      63000      37000 
4851	1276890	1 1 0 0 1 0 0 1 1 1 1 0 1 1 0 1 1 0 0 1 3 2 1 0 1 1 2 1 2 0 1 2 1 0 1 1 2 1 1 1 1 1 0 1 1 2 1 1 0 1 2 0 1 2 1 1 2 0 1 2 1 2 2 1 1 1 0 6 0 3 1 1 3 2 2 3 1 4 2 1 4 4 2 1 3 4 2 7 0 5      19722      54000      28389 
8811	1224000	1 1 0 0 1 0 0 1 1 1 1 0 1 1 0 1 1 0 0 1 3 2 1 0 1 1 2 1 1 0 1 2 1 0 1 1 2 1 1 1 1 1 0 1 1 2 1 1 0 1 2 0 1 2 1 1 2 0 1 2 1 2 2 1 1 1 0 6 0 3 1 1 3 2 2 3 1 4 2 2 4 4 2 1 3 4 2 7 0 5      20714      54000      27000 
11484	1187200	1 1 0 0 1 1 1 0 1 1 1 1 1 0 1 1 0 1 0 2 1 2 1 2 1 1 1 1 1 1 1 1 1 0 1 3 3 1 2 0 1 1 1 1 1 2 0 1 0 2 1 0 2 1 1 1 1 0 1 2 1 1 2 1 1 1 0 0 4 2 2 1 4 1 3 3 5 0 2 5 1 4 1 2 3 3 3 5 4 1      19800      34200      46800 
21762	 861200	1 1 0 1 1 0 1 0 1 1 1 2 1 0 1 1 0 1 0 2 1 2 0 2 1 1 1 1 1 1 1 1 1 0 1 2 3 1 2 0 1 2 1 1 1 2 0 1 0 3 1 0 2 1 1 1 1 0 1 2 1 1 2 1 1 1 0 0 4 2 2 1 4 1 3 3 5 0 1 5 1 4 1 2 3 3 3 5 4 1      31200      28800      31800 
35811	 834400	1 1 0 1 1 0 1 0 1 1 1 2 1 0 1 1 0 1 0 2 1 2 0 2 1 1 1 1 1 1 1 1 1 0 1 2 2 1 2 0 1 2 1 1 1 2 0 1 0 3 1 0 2 1 1 1 1 0 1 2 1 1 2 1 1 1 0 0 4 2 2 1 4 1 3 3 5 0 1 5 1 5 1 2 3 3 3 5 4 1      29400      28800      33600 
0	1300000	1 1 0 1 1 0 0 1 1 0 1 4 0 2 0 1 2 0 0 0 2 1 0 1 3 0 0 2 0 1 0 3 1 2 1 0 2 0 1 3 0 0 0 2 0 0 1 4 3 0 0 0 0 4 1 2 1 2 0 4 1 2 0 0 2 3 1 2 1 4 0 1 0 3 3 2 4 1 1 2 4 0 6 2 1 4 2 10 0 1      30000      40500      33000 
1485	1181000	1 1 0 1 1 0 0 1 1 0 1 4 0 2 0 1 2 0 0 0 2 1 0 2 3 0 0 2 0 1 0 3 1 2 1 0 2 0 1 3 0 0 0 2 0 0 1 4 3 0 0 0 0 4 1 2 1 2 0 4 1 2 0 0 2 3 1 2 1 4 0 1 0 3 3 2 4 1 1 2 4 0 6 1 1 4 2 10 0 1      27000      40500      31500 
1683	1163000	1 1 0 1 1 0 0 1 1 0 1 4 0 2 0 1 2 0 0 0 2 1 0 2 3 0 0 2 0 1 0 3 1 2 1 0 2 0 1 3 0 0 0 2 0 0 0 4 3 1 0 0 0 4 1 2 1 2 0 4 1 2 0 0 2 3 1 2 1 4 0 1 0 3 3 2 4 1 1 2 4 0 6 1 1 4 2 10 0 1      27000      40500      31500 
7812	1153134	1 1 1 1 1 1 0 1 1 0 1 1 0 1 2 1 1 2 1 1 1 2 1 1 1 1 1 1 1 1 0 1 1 0 1 1 0 1 1 2 1 1 0 1 1 0 1 1 0 1 2 1 3 2 0 1 1 0 2 1 0 1 2 2 1 1 5 1 2 1 3 0 1 3 3 4 1 3 6 2 1 5 1 3 7 1 3 0 5 0      16433      50400      30600 
12861	1141000	1 1 1 0 1 1 0 1 1 0 1 1 0 1 2 1 1 2 1 1 0 2 1 1 1 1 1 1 1 1 0 1 1 0 1 1 0 1 1 3 1 1 0 1 1 0 1 1 0 1 2 1 3 2 0 1 2 0 2 1 0 1 2 2 1 1 5 1 2 1 3 0 1 3 3 4 1 3 6 2 1 5 1 3 7 1 3 0 5 0      16375      50750      30250 
17019	1100006	1 1 1 1 1 0 1 1 0 2 1 1 1 1 0 2 1 2 0 1 2 1 0 2 1 1 1 1 1 1 1 1 1 1 1 1 1 2 0 1 1 1 0 1 1 1 1 1 3 0 1 2 3 0 2 1 0 1 2 1 2 1 0 1 1 2 2 1 3 0 3 0 3 3 0 3 1 5 1 2 4 3 1 5 3 2 6 0 5 0      18667      56001      24999 
24642	1098002	2 1 1 1 1 0 1 1 0 2 1 1 1 1 0 2 1 2 0 1 2 1 0 3 1 1 1 1 1 1 1 1 1 1 1 1 1 2 0 1 1 1 0 1 1 1 1 1 3 0 1 2 3 0 2 1 0 1 2 1 2 1 0 1 1 1 2 1 3 0 3 0 3 3 0 3 1 5 1 2 4 3 1 5 2 2 6 0 5 0      18667      56001      24999 
25236	 983848	2 0 0 1 1 1 1 1 1 1 1 1 1 1 0 0 2 2 1 1 1 0 3 1 1 1 0 1 1 2 1 1 2 1 1 2 1 1 1 1 1 1 1 1 1 1 1 1 1 0 2 2 1 1 1 2 1 1 1 1 1 0 2 1 1 1 1 2 2 2 2 0 2 3 2 1 3 4 4 1 3 3 3 3 3 2 3 4 3 0      45692      24231      22154 
27909	 983694	0 2 0 1 1 1 1 1 1 1 1 1 1 1 1 1 0 2 1 1 1 1 0 3 0 1 1 2 1 0 2 1 1 2 1 1 1 1 3 1 1 1 2 1 0 1 1 1 2 1 0 1 2 1 0 1 2 1 1 1 2 1 0 1 1 1 2 1 2 0 2 2 2 2 3 4 1 3 3 4 1 3 3 3 3 3 2 0 4 3      22154      45692      24231 
29394	 926600	0 2 0 1 1 1 1 1 1 1 1 1 1 1 1 1 0 2 2 1 1 1 0 3 0 1 1 2 1 0 2 0 1 2 1 1 1 1 3 1 1 1 2 1 0 1 1 1 2 1 0 0 2 1 0 1 2 1 1 1 2 1 0 1 2 1 2 1 2 0 2 2 2 2 3 4 1 3 3 4 1 3 2 3 3 3 2 0 5 3      24300      44100      23400 
37611	 918400	0 0 2 1 1 1 1 1 1 1 1 1 1 1 1 1 2 0 1 1 1 1 3 0 0 1 1 1 0 1 2 1 0 2 1 1 1 3 1 1 1 1 2 0 1 1 1 1 3 0 1 0 1 2 0 2 1 1 1 1 2 0 1 1 1 2 2 2 1 1 2 2 2 3 2 4 3 1 3 1 4 3 3 2 3 2 3 0 3 5      28600      21000      43400 
37710	 844000	0 0 2 1 1 1 1 1 1 1 1 1 1 1 1 1 2 0 1 1 1 1 3 0 0 1 1 1 0 1 2 1 0 2 1 1 1 3 1 1 1 1 2 0 1 1 1 1 3 0 1 0 1 2 0 2 1 1 1 1 2 0 1 1 1 2 2 2 1 1 2 2 2 3 3 4 3 1 3 1 3 3 3 2 3 2 3 0 3 5      27000      18000      45000 
0	1607000	1 1 0 1 0 1 0 2 0 0 0 3 1 0 1 0 1 1 0 2 1 0 2 1 0 0 3 1 0 2 2 0 1 1 0 1 0 3 0 1 4 0 0 1 2 2 1 0 0 0 2 1 0 1 0 2 1 0 4 1 1 1 1 1 0 2 2 1 0 4 1 0 3 4 2 1 4 5 1 3 4 3 0 4 3 5 2 12 0 0      36000      31500      45000 
1188	1304000	1 2 0 1 0 1 0 3 0 0 0 3 1 0 1 0 1 1 0 2 1 0 2 1 0 0 3 1 0 2 2 0 1 1 0 1 0 3 0 1 4 0 0 1 2 2 1 0 0 0 2 1 0 1 0 2 1 0 3 1 1 1 1 1 0 2 2 1 0 4 1 0 3 4 2 1 3 5 1 3 4 3 0 4 3 5 2 12 0 0      36000      24000      45000 
2079	1274500	1 1 1 1 1 1 3 1 0 1 1 1 1 2 1 0 1 1 2 2 0 1 1 1 1 1 1 1 1 1 0 0 1 1 1 1 2 1 1 2 1 1 1 2 1 1 1 1 0 1 1 2 2 1 1 2 1 1 2 1 1 1 1 3 1 1 1 1 1 1 1 2 3 2 2 3 1 3 1 3 3 1 4 2 1 1 5 4 2 4      15750      15750      72000 
2475	1252500	1 1 0 0 1 0 2 0 1 1 1 1 1 1 0 0 1 1 2 0 1 1 1 0 1 1 1 1 1 1 1 1 1 0 1 1 1 1 1 1 1 1 1 1 1 1 1 0 1 1 1 2 1 1 1 1 1 1 1 1 2 1 2 3 1 0 1 1 2 1 2 1 3 2 2 4 3 4 1 3 3 2 2 2 1 5 6 4 4 5      28250      61750      13500 
2574	1243000	1 1 1 0 1 1 0 1 1 0 1 1 1 1 1 1 1 1 1 2 1 0 2 1 1 2 1 1 1 1 1 0 2 0 1 1 1 1 1 1 1 1 2 4 0 0 1 2 2 0 2 1 1 1 0 3 1 1 1 1 1 1 1 0 2 1 2 1 1 2 1 1 3 2 2 4 1 2 3 2 3 2 4 1 5 1 5 5 1 3      31500      31667      40333 
2871	1026000	1 1 1 1 1 1 3 1 0 1 1 1 0 2 0 1 1 1 1 2 0 1 1 1 1 1 1 1 1 1 2 0 1 1 1 1 1 1 1 1 1 1 1 2 2 1 1 1 0 1 1 2 2 1 1 2 1 1 2 1 1 1 1 3 1 1 1 1 1 1 1 2 3 2 2 2 1 3 2 3 3 1 4 2 1 1 5 5 2 4      15000      31500      49500 
6237	 959000	0 1 1 2 1 1 2 1 0 1 1 1 1 2 0 1 1 1 1 2 0 0 1 1 1 0 1 1 1 1 2 0 1 1 0 1 1 1 1 1 1 1 1 2 2 1 1 2 0 2 2 2 2 1 1 3 1 1 2 1 1 1 1 3 1 1 1 1 1 1 1 2 3 2 3 2 1 3 2 3 2 2 4 2 1 1 5 5 2 2      25250      21000      46750 
6534	 934000	0 1 1 2 1 1 1 2 0 1 1 1 2 1 0 1 1 1 2 1 0 1 0 1 0 1 1 1 1 1 0 2 1 1 1 1 1 1 1 2 1 1 1 1 2 1 1 2 1 0 2 2 2 1 3 1 1 2 1 1 1 1 1 1 3 1 1 1 1 1 1 2 2 3 3 1 2 3 3 2 2 4 2 2 1 1 5 2 5 2      23000      23000      46000 
9306	 933334	0 1 1 2 1 1 1 2 0 1 1 1 2 1 0 1 1 1 2 1 0 1 0 1 0 1 1 1 1 1 0 2 1 1 1 1 1 1 1 2 1 1 1 1 2 0 1 2 1 0 2 2 2 1 3 1 1 2 1 1 1 1 1 1 3 1 1 1 1 1 1 2 2 3 3 1 2 3 3 2 2 5 2 2 1 1 5 2 5 2      22334      23083      46916 
9504	 887430	0 1 1 2 1 1 1 2 0 1 1 1 2 1 0 1 1 1 2 1 0 1 0 1 0 1 1 1 1 1 0 2 1 1 1 1 1 1 1 2 1 1 0 1 2 0 1 2 1 0 2 2 2 1 3 1 1 2 1 1 1 1 1 1 3 1 1 1 1 1 1 2 2 3 3 2 2 3 3 2 2 5 2 2 1 1 5 2 5 2      23570      22857      45288 
10098	 871000	1 0 1 0 2 1 1 1 1 1 1 1 0 2 1 1 1 1 0 2 1 1 0 1 1 0 1 2 1 1 1 0 1 1 1 1 1 1 1 1 2 1 2 1 1 1 0 2 2 1 1 1 3 1 1 3 0 1 2 1 1 1 1 1 1 1 1 2 1 1 1 3 3 2 3 4 0 2 2 4 2 1 5 2 6 0 3 2 2 4      31500      18900      40500 
11682	 857200	1 1 0 0 1 2 1 1 1 1 1 1 0 1 2 1 1 1 0 1 2 1 1 0 1 1 0 1 1 1 1 1 0 1 1 1 1 1 1 2 1 2 2 1 1 1 2 0 2 1 1 1 1 2 1 0 4 1 1 1 1 1 1 1 1 2 1 1 2 1 3 1 3 2 2 4 2 0 2 2 4 1 2 5 5 4 0 3 4 2      43000      29000      21200 
14256	 806000	1 1 0 0 1 2 1 1 1 1 1 1 0 1 2 1 1 1 0 1 2 1 1 0 1 1 0 1 1 1 1 1 0 1 1 1 1 1 0 2 1 2 2 1 1 1 2 0 2 1 1 1 1 2 1 0 4 1 1 1 1 1 1 1 1 2 1 1 2 1 3 1 3 2 2 4 2 0 2 2 4 1 2 6 5 4 0 3 4 2      42000      30000      18000 
17622	 804000	2 1 1 1 0 1 1 0 1 1 0 1 1 1 1 1 1 1 1 1 1 0 1 1 1 1 1 1 1 1 1 1 1 1 1 1 1 1 1 2 1 1 1 1 1 1 2 1 1 1 1 1 1 1 1 2 2 1 1 1 1 1 1 0 1 1 1 1 1 2 2 2 3 4 2 1 3 2 2 2 3 4 2 3 4 3 3 3 4 3          0      27000      63000 
17919	 798000	1 2 1 1 1 1 1 1 0 1 1 0 1 1 1 1 1 0 1 1 1 1 0 1 1 1 1 1 1 1 1 1 1 1 1 1 1 1 1 1 2 1 1 1 1 1 1 2 1 1 1 1 1 1 2 1 1 1 1 1 1 1 1 1 0 2 1 1 1 2 2 2 2 3 4 2 1 3 3 2 2 3 4 2 3 4 3 3 3 4      63000          0      27000 
18216	 790000	1 1 1 1 0 1 1 0 1 1 0 1 1 1 0 1 1 2 1 1 2 1 1 1 1 1 1 2 1 1 1 1 1 1 1 1 1 1 1 1 1 1 1 1 1 1 2 0 1 1 1 1 1 1 2 1 1 1 1 1 1 1 1 1 1 1 1 1 1 2 2 2 2 4 2 3 3 2 2 3 3 3 2 3 3 3 4 2 4 3      40000      27000      23000 
18711	 761000	1 1 1 0 1 1 0 1 1 0 1 1 1 1 1 1 1 1 1 1 1 1 1 1 1 1 1 1 1 1 1 1 1 1 1 1 1 1 1 1 1 1 1 1 1 2 1 0 1 1 2 1 1 1 1 2 2 1 1 1 1 2 1 1 1 1 1 1 1 2 1 2 4 2 2 3 2 3 3 3 2 2 2 3 4 3 3 3 4 3      25500      30000      34500 
19800	 744000	1 1 1 1 1 0 1 1 0 1 2 0 1 1 1 1 1 1 1 1 1 1 1 1 1 1 1 1 1 1 1 1 1 1 1 1 1 1 1 1 1 1 1 1 1 1 1 2 1 1 1 1 1 1 2 1 1 1 2 1 1 1 1 1 1 1 1 2 1 2 2 2 2 2 4 2 2 3 3 2 3 3 1 2 3 3 4 3 4 3      53000      10000      27000 
20196	 723334	1 1 1 1 0 1 1 0 1 1 0 1 1 0 1 1 0 1 1 2 1 1 1 1 1 1 1 1 1 2 2 1 1 1 1 1 1 0 1 1 1 1 1 1 1 1 2 1 1 1 1 1 1 1 1 0 2 1 2 1 1 1 1 1 1 1 1 2 1 2 1 1 2 5 2 2 3 3 3 3 2 3 2 3 3 4 3 3 4 3      56666      16667      16667 
23859	 714000	1 0 1 1 1 0 1 1 0 1 1 0 1 1 0 1 1 0 1 1 2 1 1 1 1 1 1 1 1 1 1 2 1 1 1 1 1 1 0 1 1 1 1 1 1 1 1 2 1 1 1 1 1 1 2 0 0 1 1 2 1 3 1 1 1 1 1 2 2 2 2 1 2 2 5 2 3 3 3 2 3 3 3 2 3 2 4 3 3 4      45000      27000      18000 
25146	 691334	1 1 1 0 0 1 1 0 1 1 0 1 1 0 1 1 0 1 1 2 1 1 1 1 1 1 1 2 1 1 1 1 1 1 1 1 1 0 1 1 1 1 1 1 1 2 2 1 1 1 1 1 1 1 1 0 2 1 2 1 1 1 1 1 1 1 1 2 1 1 1 2 2 5 2 5 3 2 3 3 3 2 2 3 2 4 3 3 4 3      10667      18000      61333 
29700	 683334	1 1 1 0 0 1 1 0 1 1 0 1 1 0 1 1 0 1 1 2 1 1 1 1 1 1 1 2 1 1 1 1 1 1 1 1 1 0 1 1 1 1 1 1 1 2 1 1 1 1 1 1 1 1 1 0 2 1 2 1 1 1 1 1 1 1 1 2 1 1 1 2 2 5 2 5 3 2 3 3 3 2 2 3 2 5 3 3 4 3      13333      16667      60000 
32175	 676668	0 1 1 0 0 1 1 0 1 1 0 1 1 0 1 1 0 1 1 2 1 1 1 1 1 1 1 2 1 1 1 1 1 2 1 1 1 0 1 1 1 1 1 1 1 2 1 1 1 1 1 1 1 1 1 0 2 1 2 1 1 2 1 1 1 1 1 2 1 1 1 2 2 5 2 5 2 2 3 3 3 2 2 3 2 5 3 3 4 3      16667      13334      59999 
35442	 666668	0 1 1 0 0 1 1 0 1 1 0 1 1 0 1 1 0 1 1 2 1 1 1 1 1 1 1 2 1 1 1 1 1 2 1 1 1 0 1 1 1 1 1 1 1 2 1 1 1 1 1 1 1 1 1 0 2 1 2 1 1 2 1 1 1 1 1 2 1 1 1 2 2 5 2 6 2 2 3 3 3 1 2 3 2 5 3 3 4 3      12500      16666      60834 
35838	 662000	2 0 1 0 0 1 0 1 1 0 1 1 0 1 1 0 1 1 2 1 1 1 1 1 1 0 1 1 2 1 0 1 1 1 1 1 0 1 1 1 1 1 1 1 1 1 2 1 1 1 1 1 1 1 0 1 2 2 1 1 2 1 1 1 3 1 2 2 1 1 1 2 5 2 2 2 5 2 3 3 3 2 2 3 5 1 3 4 3 3      16000      12000      60000 
38115	 654000	2 0 1 0 0 1 0 1 1 0 1 1 0 1 1 0 1 1 2 1 1 1 1 1 1 0 1 1 2 1 0 1 1 1 1 1 0 1 1 1 1 1 1 1 1 1 2 1 1 1 1 1 1 1 0 1 2 2 2 1 2 1 1 1 2 1 2 1 1 1 2 2 5 2 2 2 5 2 3 3 3 2 2 3 5 1 3 4 3 3      14000      14000      58000 
0	1608000	0 2 1 1 0 1 1 2 0 2 0 0 1 0 1 0 0 2 0 1 1 0 2 0 1 1 0 1 2 0 0 0 3 0 1 4 2 0 1 1 2 0 2 0 1 3 0 0 2 1 1 2 1 0 1 1 0 2 1 1 1 0 2 0 1 5 1 0 4 2 1 1 4 3 2 0 5 2 3 2 1 3 1 2 1 8 3 5 4 3      43000      38000      31500 
396	1607000	0 2 1 1 0 1 1 2 0 2 0 0 1 0 1 0 0 2 0 1 1 0 2 0 1 1 0 1 2 0 0 0 3 0 1 4 2 0 1 1 2 0 2 0 1 3 0 0 2 1 1 2 1 0 1 1 0 2 1 1 1 0 2 0 1 5 1 0 4 2 1 1 4 3 2 0 4 2 3 2 1 3 2 2 1 8 3 5 4 3      39250      41750      31500 
2277	1563000	0 2 1 1 0 1 1 0 1 1 2 3 1 0 1 2 1 1 1 1 1 0 3 1 2 1 0 2 0 0 1 0 1 1 2 2 2 0 0 2 3 0 0 1 2 1 1 1 2 2 2 1 2 1 1 1 1 1 0 1 1 1 1 0 2 1 1 1 1 1 2 3 1 3 3 3 2 4 1 0 4 3 2 1 2 2 3 6 5 0      39000      19500      51000 
2673	1440000	1 1 0 0 1 1 0 1 1 1 3 1 0 1 1 2 1 2 3 1 1 1 1 0 1 0 2 0 0 2 1 1 1 1 2 1 3 0 2 1 0 2 0 2 0 1 1 1 0 2 2 4 1 1 1 1 1 4 1 1 2 1 1 2 1 0 1 1 1 0 3 1 2 3 1 2 4 3 2 4 1 2 1 3 2 3 2 2 0 6      24000      42000      39000 
2772	1407000	1 1 1 0 1 0 1 1 1 1 3 1 1 1 0 0 1 2 0 1 2 1 1 1 0 0 2 1 0 2 0 1 1 0 2 0 3 0 1 0 0 2 3 1 0 3 1 1 3 2 2 2 1 1 2 2 1 2 1 1 1 1 1 0 1 1 1 1 1 1 3 1 2 3 1 0 4 3 2 4 1 4 1 3 2 3 2 5 0 6      10500      54000      40500 
3366	1398000	1 2 1 0 1 0 1 1 1 1 3 1 1 1 0 0 1 2 0 1 2 1 1 1 0 0 2 1 0 2 0 1 1 0 2 0 3 0 1 0 0 2 3 1 1 3 1 1 3 2 2 2 1 1 2 2 1 2 1 1 1 1 1 0 1 1 1 1 1 1 3 1 2 3 1 0 3 3 2 4 0 4 1 3 2 3 2 5 0 6      10500      54000      40500 
6138	1378288	0 2 0 0 1 0 1 2 1 1 3 0 1 1 0 0 1 3 0 1 2 1 1 1 1 0 2 1 1 1 0 1 1 0 1 1 3 0 1 1 1 1 2 1 0 2 1 1 2 2 2 1 1 1 3 2 3 3 1 1 1 1 1 0 1 1 1 1 2 1 2 0 2 3 1 0 2 3 2 3 2 5 1 3 2 3 2 5 1 5      14144      60428      29572 
6534	1176000	2 0 1 2 0 1 2 1 0 3 0 0 1 1 0 1 0 1 1 0 1 1 1 0 1 2 1 1 1 1 1 0 1 1 0 2 0 3 1 1 1 1 0 2 1 1 2 1 1 2 0 1 2 1 0 3 1 1 3 2 1 1 3 1 0 3 2 1 3 2 1 2 3 2 1 4 0 2 3 2 1 1 4 3 2 2 4 1 5 3      43000      26000      29000 
9405	1124000	2 0 0 2 0 1 2 1 0 3 0 0 1 1 0 1 0 1 1 0 1 1 1 0 1 2 1 1 1 1 1 0 1 1 0 2 0 3 1 1 1 1 0 2 1 1 2 1 1 2 0 1 2 1 0 3 1 1 3 2 1 1 3 1 0 3 2 1 3 2 1 2 3 2 1 4 0 2 3 2 1 1 4 3 2 2 5 1 5 3      43000      26000      29000 
12573	1084000	2 0 0 2 0 1 2 1 0 3 0 0 1 1 0 1 0 1 1 0 1 1 1 0 2 2 1 1 1 1 1 0 1 1 1 2 0 2 1 1 1 1 0 3 1 1 2 1 1 2 0 1 1 1 0 3 1 1 3 2 1 1 3 1 0 3 1 1 3 2 1 2 3 2 1 4 0 2 3 2 1 1 4 3 2 2 5 1 5 3      43000      24500      29000 
12672	1026376	2 0 0 2 0 1 2 1 0 3 0 0 1 1 0 1 0 1 1 0 1 1 1 0 2 2 1 1 1 1 1 0 1 1 1 2 0 2 1 1 1 1 0 3 1 1 2 1 1 2 0 1 1 1 0 3 1 1 3 2 1 1 3 1 0 3 1 1 2 2 1 2 3 2 1 4 0 2 3 2 1 1 4 3 2 2 5 1 5 4      43188      24312      28812 
16038	1011000	0 0 2 0 1 2 1 0 2 0 0 3 1 0 1 0 1 1 0 1 1 1 0 1 2 1 2 1 0 1 0 1 1 1 1 1 2 3 0 1 1 1 3 1 0 1 1 1 2 0 1 1 1 1 3 1 0 3 1 1 1 4 1 0 3 1 1 2 1 2 1 2 2 1 3 0 2 4 2 1 3 4 4 1 2 5 2 5 4 1      22500      22500      49500 
23058	 966000	2 0 0 2 1 0 2 0 1 3 0 0 1 0 1 1 1 0 1 1 0 1 0 1 2 1 2 1 0 1 1 1 0 1 1 1 0 3 2 1 1 1 0 1 3 1 1 1 1 0 2 1 1 1 0 1 3 1 0 3 1 4 1 1 3 0 1 2 1 2 1 2 3 1 2 4 2 0 3 1 2 1 4 4 2 6 2 1 4 5      49429      22571      22571 
34632	 962000	0 0 2 0 1 2 1 0 2 0 0 2 1 0 1 0 1 1 0 1 1 1 0 1 2 1 2 1 1 1 0 1 1 1 1 1 2 3 0 1 1 1 3 1 0 1 1 2 2 0 1 1 1 1 3 1 0 3 0 1 1 4 1 0 3 1 1 2 1 2 1 2 2 1 3 0 1 4 2 1 3 4 4 1 2 6 2 5 4 1      21750      23750      48250 
35424	 920128	0 0 2 0 1 2 0 0 2 0 0 2 1 0 1 0 1 1 0 1 1 1 0 1 2 1 2 1 1 1 1 1 1 1 1 1 2 3 0 1 1 1 3 1 0 1 1 2 2 0 1 1 1 1 3 1 0 3 0 1 1 4 1 0 3 1 1 2 1 2 1 2 2 1 3 0 1 4 2 1 3 4 4 1 2 6 2 5 4 1      22189      23686      46312 
39582	 874128	0 0 2 0 1 2 0 0 2 0 0 2 1 0 1 0 1 1 0 1 1 1 0 1 2 1 2 1 1 1 1 1 1 1 1 1 2 3 0 1 1 1 3 1 0 1 1 2 2 0 1 1 1 1 3 1 0 3 0 1 0 4 1 0 3 1 1 2 1 3 0 2 2 1 3 0 1 4 2 2 3 4 4 1 2 6 2 5 4 1      22189      23686      46312 
40572	 871128	0 0 2 0 1 2 0 0 2 0 0 2 2 0 1 0 1 1 0 1 1 1 0 1 2 1 2 1 1 1 1 1 1 1 1 1 1 3 0 1 1 1 3 1 0 1 1 2 2 0 1 1 1 1 3 1 0 3 0 1 0 4 1 0 3 1 1 2 1 3 0 2 2 1 3 0 1 4 2 2 3 4 4 1 2 6 2 5 4 1      22188      23688      46312 
0	1243000	2 0 0 2 0 0 1 2 0 1 0 1 0 0 2 0 3 0 0 1 2 2 0 0 0 2 0 0 0 2 1 0 2 2 0 0 2 0 1 1 2 0 0 0 3 2 1 0 1 1 1 1 1 2 0 2 2 0 3 3 0 0 4 0 3 2 1 3 0 1 2 3 5 3 0 2 4 1 2 1 6 7 0 0 0 5 4 6 3 1      36000      31500      36000 
2772	1058000	2 0 0 2 0 0 1 2 0 1 0 1 0 0 2 0 3 0 0 1 2 2 0 0 0 2 0 0 0 3 1 0 2 2 0 0 2 0 1 1 2 0 0 0 3 2 1 0 1 1 1 1 1 2 0 2 1 0 3 3 0 0 4 0 3 2 1 3 0 1 2 3 5 3 0 2 4 1 2 1 6 7 0 0 0 5 4 6 3 1      36000      31500      31500 
6732	1031600	2 1 2 0 1 1 1 0 1 1 1 1 1 0 1 1 1 3 1 1 1 1 3 2 2 2 0 1 1 1 1 0 1 1 1 1 1 2 1 1 0 1 1 0 1 1 1 1 1 2 1 1 0 1 1 1 1 1 1 1 1 1 1 1 2 2 1 2 1 2 0 2 4 2 1 3 2 2 3 1 2 2 5 2 2 4 3 2 4 3      40600      13600      40400 
8118	1004400	2 0 2 0 1 1 1 0 1 1 1 1 1 0 1 1 1 3 1 1 1 1 3 2 2 2 0 1 1 1 1 0 1 1 1 1 1 2 1 1 0 1 1 0 1 1 1 1 1 2 1 1 0 1 1 1 1 1 1 1 1 1 1 1 2 2 1 2 1 2 0 2 4 2 1 3 2 2 3 1 2 2 5 2 2 4 3 2 5 3      40600      13600      40400 
10494	 956000	2 2 2 1 1 0 1 0 1 1 1 1 2 1 1 1 2 1 1 0 1 2 1 1 0 1 2 2 1 1 1 2 1 1 1 1 1 1 1 1 1 1 1 1 1 0 3 0 1 1 1 1 1 1 1 1 1 2 1 1 1 1 1 2 0 1 1 1 1 2 1 2 1 4 3 2 2 3 1 3 3 2 3 2 4 2 3 3 2 3      27000      27000      39000 
14454	 944000	2 2 1 1 1 0 1 0 1 1 1 1 2 1 2 1 2 1 1 0 1 2 1 1 0 1 2 2 1 1 1 2 0 1 1 1 1 1 1 1 1 1 1 1 1 0 3 0 1 1 1 1 1 1 1 1 1 2 1 1 1 1 1 2 0 1 1 1 1 2 1 2 1 4 3 2 2 4 1 3 3 2 3 2 4 2 3 3 2 3      33000      27000      33000 
22365	 932000	2 2 1 1 1 0 1 0 1 1 1 1 2 1 2 1 2 0 1 0 1 2 1 1 0 1 2 2 1 1 1 2 0 1 1 1 1 1 1 1 1 1 1 1 1 0 3 0 1 1 1 1 1 1 1 1 1 2 1 1 1 1 1 2 0 2 1 1 1 2 1 2 1 4 3 2 2 4 1 3 3 2 3 2 4 2 3 3 2 3      27000      27000      39000 
25830	 908000	1 1 1 3 1 0 0 1 1 1 1 1 1 1 2 1 1 0 2 1 1 1 1 0 0 1 2 1 1 1 1 1 0 1 1 1 1 3 1 1 1 1 1 1 1 2 1 0 1 1 1 1 1 1 1 1 1 1 1 1 1 1 1 1 1 2 1 1 1 2 2 2 2 2 3 2 2 5 2 3 3 4 2 2 3 3 3 2 3 3      22000      50000      21000 
26721	 892500	1 1 1 3 1 0 0 1 1 1 1 1 1 1 2 1 1 0 2 1 1 1 1 0 0 1 2 1 1 1 1 2 0 1 1 1 1 3 1 1 1 1 1 1 1 2 1 0 1 1 1 1 1 1 1 1 1 1 1 1 1 1 1 1 1 2 1 1 1 2 2 2 2 2 3 2 1 5 2 3 3 4 2 2 3 3 3 2 3 3      23250      39750      28750 
27513	 891000	0 1 1 0 3 1 1 0 1 1 1 1 1 1 1 0 1 1 2 2 1 0 1 1 2 0 1 2 1 1 1 1 1 1 1 1 3 1 1 1 1 1 0 1 2 1 2 1 1 1 1 1 1 2 1 1 1 1 1 1 1 1 1 1 1 1 1 1 1 2 2 2 2 2 3 3 2 2 4 2 2 2 4 2 3 3 3 3 2 3      23500      21750      46500 
29988	 890000	1 1 0 1 1 0 1 1 1 1 2 1 1 2 1 1 1 0 1 1 2 1 1 0 1 1 2 1 1 2 1 1 1 1 1 1 1 1 3 1 1 1 2 1 0 1 1 1 1 2 1 2 1 1 1 1 1 1 1 1 1 1 1 1 1 1 1 1 1 2 1 2 3 2 2 2 2 3 2 2 4 2 3 2 3 3 3 3 3 3      46000      23000      23000 
30879	 830000	0 1 1 0 1 1 1 1 1 1 2 1 1 2 1 0 1 1 2 1 0 0 1 1 2 1 0 2 1 1 1 1 1 1 1 1 3 1 1 1 1 1 0 1 2 1 1 1 1 2 1 1 1 2 1 1 1 1 1 1 1 1 1 1 1 1 1 1 1 2 1 2 2 2 3 3 2 2 4 2 2 2 3 4 3 3 3 3 3 3      27000      16000      47000 
31671	 810000	0 1 1 0 1 1 1 1 1 1 2 1 0 2 1 0 1 1 2 1 0 0 1 1 2 1 0 2 1 1 1 1 1 1 1 1 3 1 1 1 1 1 0 1 2 1 1 1 1 2 1 1 1 2 1 1 1 2 1 1 1 1 1 1 1 1 1 1 1 2 1 2 2 2 3 3 2 2 4 2 2 2 3 4 3 3 3 3 3 3      27000      16000      47000 
33453	 796000	1 0 2 1 0 1 1 1 0 1 1 2 1 0 2 1 1 1 0 3 0 1 0 1 0 2 1 1 1 1 1 1 1 1 1 1 1 2 2 1 1 1 2 0 1 1 1 1 1 1 2 2 1 1 1 1 1 1 2 2 1 1 1 1 1 1 1 1 1 2 2 1 3 2 2 2 3 2 2 4 2 4 2 2 3 3 3 3 3 3      47000      27000      16000 
35334	 791334	1 1 1 1 0 1 1 1 1 1 1 1 1 1 1 1 1 1 1 0 1 1 1 1 1 0 1 1 1 1 1 1 1 1 1 1 1 1 2 1 1 1 1 3 1 1 1 1 1 1 1 1 2 1 1 1 1 1 1 1 1 1 1 1 1 1 1 1 2 2 2 1 2 3 2 2 2 5 3 2 2 3 4 2 3 3 3 4 3 2      46333      27000      16667 
35532	 772000	2 1 1 1 1 1 1 1 2 2 1 2 1 1 1 1 1 1 1 1 0 1 1 0 0 1 1 1 1 0 0 1 1 1 1 0 1 1 1 1 1 1 1 1 1 1 1 1 1 1 1 1 1 1 1 1 1 1 1 1 1 1 2 1 1 1 2 1 2 3 2 2 2 2 4 4 2 3 1 3 2 2 3 2 3 3 3 3 4 3      11000      61000      18000 
36621	 770000	1 1 1 1 1 0 1 1 1 1 1 1 2 1 1 1 1 1 1 1 2 1 1 1 1 1 1 1 2 1 1 1 1 2 0 0 1 2 1 1 1 1 1 1 1 1 1 1 1 1 1 1 1 1 1 1 1 1 1 1 1 1 1 1 1 2 1 1 1 2 1 2 2 2 3 3 2 2 2 3 3 2 3 3 3 3 3 3 4 3      40000      14000      36000 
37413	 743334	1 1 0 0 1 1 2 0 1 1 1 1 3 1 2 1 1 1 1 1 1 1 1 1 1 1 1 1 1 1 1 1 1 1 1 1 1 1 1 1 1 2 1 1 1 1 1 2 1 1 1 1 1 1 1 1 1 1 1 1 2 1 1 1 1 1 1 1 1 1 2 2 3 2 3 3 3 2 3 3 2 2 3 2 3 3 3 1 4 3      16667      43333      30000 
39294	 740000	1 1 1 0 1 1 2 1 0 1 1 1 3 1 1 1 1 1 1 1 1 1 1 1 1 1 1 1 1 1 1 1 1 1 1 1 1 1 1 1 1 1 1 1 1 1 1 1 1 1 1 1 2 1 1 1 1 1 1 1 2 1 1 1 1 1 1 1 1 1 2 2 3 3 2 3 2 3 3 3 3 2 2 3 3 3 3 1 3 4      15000      35000      40000 
42363	 716668	1 1 1 1 1 0 0 1 2 1 1 1 1 1 3 1 1 1 1 1 1 1 1 1 1 1 1 1 1 1 1 1 1 1 1 1 1 1 1 1 1 1 1 1 1 1 1 1 1 1 1 1 2 1 1 1 1 1 1 1 1 1 2 1 1 1 1 1 1 2 2 1 2 3 3 3 2 3 3 2 3 3 3 2 3 3 3 4 3 1      36667      39999      13334 
0	1790000	1 1 0 1 0 0 2 0 0 1 0 2 1 1 1 0 1 1 2 0 0 0 0 2 1 0 1 2 1 0 1 2 1 0 2 2 1 2 0 1 2 0 1 2 1 0 4 0 1 1 1 1 1 2 1 0 2 2 0 1 1 1 2 0 4 1 2 2 0 0 1 4 0 4 5 2 1 3 1 5 5 5 1 1 4 2 4 7 1 0      54000      28000      35000 
594	1644000	1 1 3 0 2 0 0 2 0 2 1 0 1 2 0 1 1 1 2 3 0 1 0 1 1 1 0 0 1 1 1 1 0 1 2 0 1 2 0 0 2 0 1 0 3 0 1 1 0 0 2 0 1 2 2 1 1 5 1 1 4 2 1 0 1 2 0 1 1 3 1 1 1 2 3 3 6 2 3 3 1 3 0 4 3 1 5 2 0 6      22500      49500      40500 
1782	1636000	1 2 1 1 1 2 1 1 0 1 2 0 0 2 2 0 2 1 1 0 2 1 1 0 1 0 1 1 1 1 1 2 0 1 1 1 1 1 3 1 1 1 1 2 4 1 1 1 1 1 1 1 4 2 1 1 1 1 1 1 2 1 0 1 1 1 1 0 1 3 2 1 1 3 4 6 1 2 2 1 2 3 0 2 2 4 3 3 2 1      63000      15000      33000 
1881	1616500	0 0 1 0 1 1 0 0 1 1 2 0 0 2 0 1 1 1 2 1 1 0 0 1 1 1 1 1 1 1 0 1 1 1 1 2 0 3 0 1 1 1 1 3 0 3 0 1 1 1 1 1 2 2 1 1 1 1 1 1 3 1 3 1 1 1 0 0 3 5 1 2 1 3 5 2 2 2 4 3 1 3 3 2 3 3 3 4 2 2      15750      31500      63000 
2079	1275000	1 0 1 1 1 1 1 0 1 0 1 1 0 1 1 1 1 0 1 0 1 1 1 1 2 1 1 2 1 1 1 1 1 2 1 1 1 1 1 0 2 1 0 1 1 0 1 1 1 1 1 2 1 1 1 1 1 1 1 1 3 2 1 1 1 1 3 0 1 1 3 3 5 2 1 2 1 6 1 4 2 2 3 3 3 4 2 2 4 3      22500      40500      40500 
3069	1117000	1 1 1 1 0 1 1 0 1 0 0 1 0 1 1 1 2 0 1 1 1 1 0 1 2 0 1 2 0 1 0 1 1 1 1 1 0 1 1 0 1 1 0 3 1 1 1 1 1 1 1 1 3 1 2 1 1 1 1 1 4 0 1 1 1 1 3 1 1 2 1 2 6 4 1 2 2 6 1 1 3 2 3 4 2 4 2 2 6 2       8500      27250      63000 
4059	 934728	1 1 1 0 1 1 0 1 1 0 0 2 1 0 1 2 1 0 1 1 1 0 1 1 0 2 1 0 2 1 1 0 1 1 1 1 1 0 1 1 0 1 3 0 0 1 1 1 1 1 1 3 1 1 1 2 1 1 1 1 0 4 1 1 1 1 1 3 1 1 2 2 4 6 1 2 2 6 1 1 3 3 2 3 4 2 3 6 2 2      27000      10908      56364 
7524	 882000	1 1 1 0 1 2 0 1 1 0 2 1 1 1 1 2 0 1 1 1 1 0 1 1 1 1 0 1 1 1 1 1 2 1 1 1 1 0 2 1 1 1 3 0 1 1 1 1 1 1 1 3 1 1 1 1 1 1 1 1 0 1 2 1 1 1 1 1 1 0 3 3 4 1 2 2 5 2 1 4 2 3 3 2 3 3 3 6 2 2      28800      34200      28800 
7623	 879600	1 1 1 0 1 2 0 1 1 0 2 1 0 1 1 2 0 1 1 1 1 0 1 1 1 1 0 1 1 1 1 1 2 1 1 1 1 0 2 1 1 1 3 0 1 1 1 1 1 1 1 3 1 1 1 1 1 1 1 1 0 1 2 1 1 1 2 1 1 0 3 3 4 1 2 2 5 2 1 4 2 3 3 2 3 3 3 6 2 2      28800      34200      28800 
7920	 872670	1 1 1 0 1 2 0 1 1 0 2 1 0 1 1 2 0 1 1 1 0 0 1 1 1 1 0 1 1 1 1 1 2 1 1 1 1 0 2 1 1 1 3 0 1 1 1 2 1 1 1 3 1 0 1 1 1 1 1 1 0 1 3 1 1 1 2 1 1 0 3 3 4 1 2 2 5 2 1 4 2 3 3 2 3 3 3 6 2 2      29555      37220      25780 
8019	 825750	1 1 0 1 1 0 1 1 0 1 2 0 1 1 0 1 0 2 1 1 1 1 1 0 1 1 1 1 1 1 2 1 1 1 1 1 2 0 1 1 1 1 1 0 3 1 1 1 1 1 2 1 1 3 1 1 1 1 1 1 2 1 0 1 1 1 1 1 2 3 3 0 2 1 4 2 5 2 2 4 1 2 3 3 3 3 3 2 2 6      36625      26750      26750 
9009	 812000	1 0 1 1 0 1 1 0 1 2 0 1 1 0 1 0 2 1 1 1 1 1 0 2 1 1 1 1 1 1 1 1 2 1 1 1 0 1 2 1 1 1 0 3 1 1 1 2 1 2 1 1 3 0 1 1 1 1 1 1 1 0 2 1 1 1 1 2 1 3 0 2 1 4 2 5 2 2 4 1 2 3 3 2 3 3 3 2 6 2      27000      27000      36000 
9405	 803200	1 1 0 1 1 0 1 1 0 2 1 0 1 1 0 0 1 3 1 1 1 1 1 0 1 1 0 1 1 1 1 2 1 2 1 0 1 2 1 1 1 1 0 1 3 1 1 1 1 1 2 1 1 3 1 1 1 1 1 1 1 2 1 1 1 1 1 1 2 2 3 0 2 2 4 4 2 2 3 2 1 3 2 3 3 2 3 2 3 6      53400      14400      22200 
10593	 800000	1 0 1 1 0 1 1 0 1 1 0 2 1 0 1 1 3 0 1 1 1 1 0 1 1 0 1 1 1 1 2 1 1 2 0 2 1 1 1 1 1 1 2 3 0 1 1 1 1 2 1 1 3 1 1 1 1 1 1 1 2 1 1 1 1 1 1 2 1 2 0 2 2 4 2 2 2 4 2 1 3 2 3 3 2 3 3 3 6 2      15000      20000      55000 
10692	 750000	1 1 1 1 1 0 1 1 0 2 1 0 1 0 1 0 1 3 1 1 0 1 1 0 1 1 0 1 1 1 1 0 1 2 2 0 1 1 1 1 1 1 0 3 3 1 1 1 1 1 2 1 3 1 1 1 1 1 0 2 1 1 1 1 1 1 1 1 2 2 2 0 2 2 4 4 2 2 3 2 1 3 2 3 3 4 3 2 3 6      60000      10000      20000 
19791	 710000	1 1 1 1 1 0 1 1 0 2 0 0 1 0 1 0 1 3 1 1 0 1 1 0 1 1 0 1 1 1 1 0 1 2 2 0 1 1 1 1 1 1 0 3 3 1 1 1 1 1 2 1 2 1 1 1 1 1 0 2 1 1 1 1 1 1 1 1 2 2 2 0 2 3 4 4 2 2 3 2 1 3 2 3 3 4 3 2 4 6      60000      10000      20000 
35118	 690000	1 1 1 1 0 0 1 1 0 2 0 0 1 0 1 0 1 3 1 1 0 1 1 0 1 1 0 1 1 1 1 0 1 2 2 0 1 1 1 1 1 1 0 3 3 1 1 1 1 1 2 1 2 1 1 1 1 1 0 2 1 1 1 1 1 1 1 1 2 2 2 0 2 3 4 4 2 2 3 3 1 3 2 3 3 4 3 2 4 6      60000      10000      20000 
0	1639000	1 1 0 2 0 0 0 1 2 1 2 0 0 2 0 1 1 1 2 0 0 1 0 2 1 0 2 0 2 1 1 2 0 0 1 1 0 2 0 0 0 3 2 1 1 0 3 0 3 0 0 1 1 0 0 1 3 0 0 4 2 0 1 0 4 0 2 0 2 1 0 3 4 2 1 5 2 1 3 1 4 1 6 6 2 4 2 6 3 2      40500      40500      31500 
1782	1439750	1 1 1 1 1 0 1 1 0 1 1 1 3 1 0 0 1 0 2 0 1 1 1 1 0 1 0 0 1 2 1 1 1 1 1 0 1 1 0 0 1 1 1 2 1 0 1 1 1 1 0 1 2 0 1 2 1 1 1 1 1 1 1 2 1 1 0 2 4 3 3 1 2 1 5 2 4 4 3 2 4 2 2 6 2 3 2 7 1 2      21375      63000      20250 
2970	1271250	0 1 3 1 1 1 0 1 1 1 1 1 1 1 0 1 1 1 1 1 1 2 1 0 0 1 1 1 1 1 4 0 1 1 1 0 0 1 1 2 1 1 1 1 1 1 1 1 1 0 4 0 2 2 2 1 1 1 1 1 2 2 1 2 1 1 0 2 1 0 3 1 3 2 1 1 4 2 2 2 2 4 2 4 1 4 3 6 1 3      31500      57375      14625 
4059	1243000	0 1 1 1 1 0 0 1 1 1 1 1 1 1 1 1 1 0 1 1 2 2 1 1 0 1 2 1 1 1 4 0 1 1 1 2 0 1 2 2 1 1 1 1 2 1 1 1 1 0 2 0 2 2 2 1 1 1 1 1 2 2 1 3 1 0 0 2 1 0 3 2 3 2 2 0 4 3 2 2 2 4 2 1 1 4 3 6 1 2      29222      43888      30390 
4356	1171112	1 1 0 1 1 0 1 1 0 1 1 1 1 1 0 1 2 1 1 1 2 1 2 2 1 1 0 1 1 1 0 4 2 1 1 1 1 1 1 1 2 0 1 1 1 1 1 0 1 1 2 2 1 1 1 1 1 1 1 1 1 1 0 1 1 1 1 0 2 3 0 0 2 2 5 4 1 3 2 1 4 2 3 2 4 1 2 2 6 6      75224      14776      10444 
4455	 905200	0 1 1 0 1 1 0 0 1 1 1 1 0 1 1 1 2 1 2 1 1 1 2 1 0 0 1 1 1 1 2 4 0 1 1 1 1 0 1 1 2 1 1 1 1 0 1 1 2 1 1 1 0 2 1 2 1 1 1 1 0 2 1 1 2 1 2 0 1 0 0 3 5 3 2 3 0 4 4 2 2 2 4 2 2 1 4 6 5 2      11600      14200      66800 
4851	 858000	1 1 0 1 1 1 1 1 0 1 1 1 1 1 1 0 1 1 1 1 1 1 0 2 2 1 0 1 1 1 1 0 4 2 1 0 2 1 0 1 1 2 2 1 1 1 1 1 2 1 1 2 2 0 1 1 2 1 1 1 1 1 1 0 2 2 1 1 1 2 3 0 2 2 3 3 4 1 2 2 3 1 2 4 3 4 1 2 2 6      16000      47000      27000 
4950	 786000	1 1 1 1 1 0 2 0 1 1 0 1 1 1 1 1 1 1 1 1 1 1 2 0 1 0 1 1 1 1 0 4 0 1 1 1 1 1 1 0 2 1 1 1 1 1 1 1 1 1 1 2 0 2 1 2 1 1 1 1 1 2 1 1 1 2 1 0 2 3 0 3 2 3 2 4 0 4 2 3 2 2 4 2 4 1 4 2 6 2      27000      27000      36000 
12267	 774000	1 1 1 1 1 1 0 2 0 2 1 0 1 1 1 1 1 1 1 1 1 0 1 2 1 1 0 1 1 1 1 0 4 0 1 1 1 1 1 3 0 2 1 1 1 1 1 1 1 1 1 2 2 0 0 1 2 1 1 1 2 1 1 1 1 1 2 1 1 2 3 0 3 2 3 3 4 0 3 2 3 1 2 4 3 4 1 2 2 6      12000      51000      27000 
14742	 750000	1 1 1 1 2 0 1 1 1 1 1 1 1 1 1 1 1 1 1 1 1 1 0 1 2 1 1 0 1 1 0 0 2 2 1 1 2 2 1 1 1 1 1 1 1 1 1 1 2 1 1 1 1 1 1 1 1 2 1 1 2 1 1 1 1 1 1 1 1 3 3 1 2 2 3 1 2 4 2 2 3 2 3 2 2 4 3 3 3 3      10000      27000      53000 
16326	 740000	1 1 1 0 2 1 1 1 1 1 1 1 1 1 1 1 1 1 1 1 1 1 0 1 1 1 1 1 1 1 2 0 1 1 1 0 1 2 2 1 1 1 1 1 1 1 1 1 1 1 1 1 1 1 1 1 2 1 1 1 1 1 1 1 1 2 1 1 1 1 3 2 3 2 1 4 2 3 3 2 2 2 3 4 3 4 2 3 3 3      55000      25000      10000 
19890	 730000	1 1 1 0 2 1 1 1 1 1 1 1 1 1 1 1 1 1 1 1 1 1 0 1 1 1 1 1 1 1 2 0 0 1 1 0 1 2 2 1 1 1 1 1 1 1 1 1 1 1 1 1 1 1 1 1 2 1 1 1 1 1 1 1 1 2 1 1 1 1 3 2 3 2 1 4 2 3 3 2 2 2 3 5 3 4 2 3 3 3      56000      26000       8000 
23157	 710000	1 1 1 0 2 1 1 1 1 1 1 0 1 1 1 1 1 1 1 1 1 1 0 1 1 1 1 1 1 1 2 0 0 1 1 0 1 2 2 1 1 1 1 1 1 1 1 1 1 1 1 1 1 1 1 1 2 1 1 1 1 1 1 1 1 2 1 1 2 1 3 2 3 2 1 4 2 3 3 2 2 2 3 5 3 4 2 3 3 3      55000      25000      10000 
25038	 700000	1 1 1 0 2 1 1 1 1 1 1 0 1 1 1 1 1 1 1 1 1 1 0 1 1 1 1 1 1 1 2 0 0 1 1 0 1 2 2 1 1 1 1 1 1 1 1 1 1 1 1 1 1 1 1 1 2 1 1 2 1 1 1 1 1 2 1 1 2 1 3 2 3 2 1 4 2 3 3 2 2 2 3 4 3 4 2 3 3 3      55000      25000      10000 
25335	 690000	1 1 1 0 2 1 1 1 1 1 1 0 1 1 1 1 1 1 1 1 1 2 0 1 1 1 1 1 1 1 2 0 0 1 1 0 1 2 2 1 1 1 1 1 1 1 1 1 1 1 1 1 1 1 1 1 2 1 1 2 1 1 1 1 1 2 1 1 2 1 3 2 3 2 1 3 2 3 3 2 2 2 3 4 3 4 2 3 3 3      50000      30000      10000 
0	1148000	0 1 1 0 1 1 1 1 0 1 1 0 1 1 0 0 2 2 1 0 3 2 0 0 0 2 1 0 0 2 2 0 2 0 2 1 0 2 1 1 1 1 0 2 1 3 0 0 0 1 2 0 3 2 0 0 5 3 0 0 0 3 0 0 0 3 3 0 0 2 4 0 4 0 3 7 0 2 3 3 3 1 5 3 2 4 3 5 3 0      33000      30000      36000 
4356	 992000	1 2 0 2 1 0 1 2 1 1 0 5 1 1 0 0 1 1 0 1 2 1 1 0 1 1 2 1 1 1 1 1 1 0 1 3 1 1 0 1 1 1 0 1 2 1 1 0 1 1 0 1 1 1 2 1 1 1 1 1 0 1 2 0 1 2 2 1 2 4 1 0 2 3 2 2 3 2 2 3 1 4 2 3 4 4 2 4 2 4      18000      63000      13500 
5049	 960000	2 2 0 1 1 0 2 1 1 1 1 1 1 0 1 1 1 2 1 1 1 1 1 2 1 1 1 1 1 1 1 0 1 1 0 1 1 1 1 1 1 1 2 1 1 1 3 0 1 2 1 1 1 1 1 0 2 1 0 2 1 1 1 1 4 1 0 3 1 1 2 2 2 3 2 3 3 2 2 3 2 3 0 3 4 0 4 2 4 3      33000      21000      39000 
10980	 918000	2 1 0 1 1 0 3 1 1 1 1 1 1 0 1 1 1 2 1 1 1 1 1 2 1 1 1 1 1 1 1 0 1 1 0 1 1 1 1 1 1 1 2 1 1 1 3 0 1 2 1 1 1 1 1 0 2 1 0 2 1 1 1 0 4 1 0 3 1 1 2 2 2 4 2 3 3 2 2 3 2 3 0 3 4 0 4 2 4 3      33000      21000      39000 
11277	 902000	2 1 0 1 1 0 3 1 1 1 1 1 1 0 1 1 1 2 1 1 1 1 1 2 1 1 1 1 1 1 1 1 1 1 0 1 1 1 1 1 1 1 2 1 1 1 3 0 1 1 1 1 1 1 1 0 2 1 0 2 1 1 1 0 4 1 0 3 1 1 2 2 2 4 2 3 3 2 2 3 2 3 0 3 4 0 4 2 4 3      35000      21000      37000 
28782	 878000	1 2 0 1 2 0 1 3 1 1 1 1 0 1 1 1 0 2 1 1 1 1 1 2 1 1 1 1 1 1 1 1 1 0 1 1 1 1 1 1 1 1 1 2 1 3 1 0 1 1 1 1 1 1 0 1 2 0 1 2 1 1 1 4 0 1 3 0 1 2 1 2 4 2 2 3 3 2 3 2 2 0 3 3 0 4 4 4 2 3      21000      27000      45000 
39177	 770000	1 1 1 2 1 1 1 1 1 1 1 1 1 1 1 1 2 1 1 2 1 1 1 1 1 1 1 1 1 1 1 1 1 2 1 1 1 2 1 1 0 1 1 1 1 1 1 1 1 1 1 1 1 1 1 1 1 1 1 1 1 1 1 1 2 1 1 1 1 2 2 2 2 2 3 2 2 3 2 3 3 3 2 2 3 2 3 3 3 3      40000          0      50000 
40761	 750000	1 1 0 2 1 1 1 1 2 1 1 1 1 1 1 1 1 0 1 1 1 1 1 1 1 1 1 1 1 1 1 1 1 2 1 1 1 1 1 1 1 1 1 1 1 1 1 1 1 1 1 1 1 1 1 1 1 1 1 2 1 1 1 1 1 1 1 1 1 2 2 2 2 3 3 2 3 3 2 3 3 3 2 2 3 3 3 3 3 3      40000      30000      20000 
42048	 730000	2 0 1 1 1 1 1 1 1 1 1 1 1 1 1 1 1 1 1 2 1 0 1 1 1 1 1 0 1 1 1 1 1 1 1 1 1 1 1 2 1 1 1 1 1 1 1 1 1 1 1 1 1 1 1 1 1 1 1 1 1 1 1 1 1 1 3 1 1 1 2 2 3 2 3 2 3 3 2 3 3 3 3 2 2 3 3 4 3 3      10000      40000      40000 
43335	 720000	1 0 1 1 0 1 1 0 1 2 0 1 1 2 1 1 1 1 1 2 1 0 1 1 0 1 1 1 1 1 1 1 1 2 1 1 1 1 1 1 1 1 2 1 1 1 1 1 1 1 1 1 1 1 2 1 1 1 2 1 1 1 1 1 1 1 1 1 1 1 2 2 2 3 3 2 3 3 2 3 3 3 4 2 4 2 3 3 3 3      20000      15000      55000 
43830	 710000	0 1 1 0 1 2 0 1 1 0 1 1 2 1 1 1 1 1 2 1 1 1 1 1 1 1 1 1 1 1 1 1 1 1 1 1 1 1 1 1 1 1 1 1 1 1 1 1 1 1 1 1 1 1 1 1 1 2 1 1 1 1 1 1 1 1 1 1 1 2 2 2 3 3 2 3 3 2 3 3 2 4 2 3 2 3 4 3 3 3      20000      30000      40000 
44523	 700000	1 1 0 1 1 0 0 1 1 0 1 1 1 1 1 1 1 0 1 1 1 1 1 1 1 1 1 1 1 1 1 1 1 1 1 1 1 1 1 1 1 1 1 1 1 1 1 1 1 1 1 1 1 1 1 1 1 2 1 1 1 1 1 1 1 2 1 1 1 3 2 2 2 3 3 3 3 3 3 3 3 2 2 4 3 3 3 4 3 3      20000      45000      25000 
44622	 690000	1 1 1 1 2 0 0 1 1 0 1 1 1 1 1 1 1 1 1 1 1 1 1 1 1 1 1 1 1 1 1 1 1 1 1 1 1 1 1 1 1 1 1 1 1 1 1 1 1 1 1 1 1 1 1 1 1 2 1 1 1 1 1 1 1 1 1 1 1 3 2 2 2 2 3 3 2 3 3 2 3 2 3 3 3 4 3 4 3 3      20000      20000      50000 
0	1398250	2 1 0 0 0 4 0 1 1 0 1 2 1 1 2 0 1 1 0 1 2 0 1 2 1 0 1 0 2 1 1 1 0 2 0 0 1 0 2 0 1 2 1 1 2 2 0 0 0 3 0 1 2 2 2 0 3 1 2 1 1 0 2 5 0 0 0 3 0 2 1 2 0 6 0 4 2 0 2 5 1 5 3 3 4 0 3 4 3 3      41625      34500      28500 
6723	1335000	1 3 1 1 2 1 0 1 1 0 3 0 0 1 1 0 1 1 1 1 0 3 0 0 1 1 0 1 1 1 0 1 1 1 1 1 1 1 1 0 1 2 0 2 1 1 1 0 1 1 1 1 1 1 1 1 2 3 1 1 1 1 1 1 1 1 1 1 0 2 1 3 4 1 2 4 2 1 2 2 4 3 2 3 3 2 3 4 4 7      31500      58500      13500 
6921	1333000	0 3 2 0 2 1 0 1 1 0 3 4 0 1 1 1 1 1 1 1 1 3 0 1 0 1 1 1 1 2 0 1 2 1 1 0 1 1 1 1 1 1 0 2 1 1 1 1 1 1 0 2 1 1 2 1 0 3 1 1 1 1 1 1 1 1 1 1 1 2 1 2 4 1 1 3 2 3 2 2 2 3 2 1 3 2 3 4 4 4      40500      46000      17000 
8109	1328750	0 4 2 0 2 1 0 1 1 0 3 4 0 1 1 1 1 1 1 1 1 3 0 1 0 1 1 1 1 2 0 1 2 1 1 0 1 1 1 1 1 1 0 2 1 1 1 1 1 1 0 2 1 1 2 1 0 3 1 1 1 1 1 1 1 1 1 1 1 2 1 1 4 1 2 3 2 3 2 2 2 3 2 1 3 2 3 4 3 4      37375      51750      14375 
8406	1319000	0 3 2 1 2 1 0 1 1 0 3 1 0 1 1 0 1 1 2 1 1 3 0 1 0 1 1 1 1 1 0 1 1 1 1 1 0 1 1 1 0 2 0 2 1 0 1 1 1 1 1 1 1 1 1 1 1 4 1 1 2 1 1 1 1 1 1 1 1 2 1 2 5 1 2 2 2 2 2 2 2 4 2 2 3 3 2 4 4 5      22500      47250      33750 
8901	1290000	2 0 0 2 0 1 1 0 0 3 0 0 1 0 0 1 1 1 1 1 2 1 3 2 1 0 0 1 1 1 1 1 0 1 1 1 1 1 0 1 0 1 2 1 0 1 1 0 1 2 0 1 2 1 1 1 1 1 3 4 1 0 2 1 0 1 1 1 1 1 2 2 1 5 5 2 3 2 2 2 3 2 3 3 2 3 4 4 4 4      69000      12000      21000 
9099	1262288	0 2 0 1 1 1 0 1 0 0 1 0 1 1 0 1 2 1 1 1 2 2 1 2 0 1 0 1 1 1 1 1 0 1 1 1 1 1 0 0 2 2 1 1 0 1 1 0 1 1 0 2 1 1 1 1 1 3 0 4 1 1 2 1 1 1 1 1 1 2 2 1 4 2 5 3 2 2 1 2 3 3 2 3 3 2 4 4 5 4      12856      68144      19286 
9495	1247716	0 2 0 1 1 1 1 1 0 0 1 0 0 1 1 1 2 1 2 1 1 1 1 2 0 1 0 1 1 1 0 1 1 0 1 1 0 1 1 2 2 0 1 1 1 0 1 1 0 1 1 1 1 2 1 1 1 3 0 3 2 1 1 1 1 1 1 1 1 2 2 2 5 2 4 2 2 3 3 2 1 3 2 3 4 2 3 4 5 4      19286      68142      12858 
10386	1194000	0 2 1 0 1 2 0 1 1 0 1 3 0 1 1 1 2 1 2 0 1 3 0 0 0 1 1 0 1 1 0 1 1 1 1 1 0 1 1 1 2 1 0 3 2 0 1 1 0 1 1 1 1 1 1 1 1 4 0 1 2 1 1 1 1 1 1 1 1 3 2 1 6 2 1 3 2 2 2 3 2 4 1 3 3 2 3 3 5 4      21000      26000      55000 
10782	1192000	1 2 0 1 0 1 1 2 0 3 1 0 1 0 0 1 1 1 1 0 1 0 2 2 1 1 0 1 1 1 1 1 0 1 1 0 1 1 0 1 2 1 2 1 0 1 2 0 2 1 0 1 1 2 1 1 2 1 1 4 1 1 2 1 1 2 1 1 1 1 2 2 1 2 5 2 2 3 2 3 2 3 2 3 3 2 4 4 4 3      63000      12000      24000 
10881	1076000	1 0 3 2 1 1 2 0 1 2 0 1 1 0 1 0 1 2 1 3 1 0 3 2 1 1 1 1 1 1 1 0 1 1 0 1 1 0 1 1 1 1 2 0 1 1 0 1 1 0 1 1 0 1 1 1 1 1 4 0 1 2 1 1 1 1 1 1 1 1 2 2 2 4 2 2 3 2 2 2 4 3 5 1 3 3 2 4 3 3      53500      15000      27500 
12564	1058000	1 0 3 2 1 1 2 0 1 2 0 1 1 0 1 0 1 2 1 3 1 0 3 2 1 1 1 1 1 1 1 0 1 1 0 1 1 0 1 1 1 1 2 0 0 1 0 1 1 0 2 1 0 1 1 1 1 1 4 0 1 2 1 1 1 1 1 1 1 1 2 2 2 4 2 2 3 2 2 2 4 3 5 1 3 3 2 4 3 3      45000      15000      36000 
12762	 982000	3 0 1 1 2 2 1 1 2 1 0 2 1 0 1 2 1 0 1 2 1 2 2 0 1 1 1 1 1 1 1 0 1 1 1 1 1 1 1 1 1 1 0 0 2 1 0 1 2 0 1 1 2 1 1 1 1 0 3 1 1 2 1 1 1 1 1 1 1 2 2 1 2 5 2 2 4 2 4 1 2 1 3 3 2 3 3 3 1 4      27200      13600      53800 
14049	 981400	3 0 1 1 1 2 1 1 2 1 0 2 1 0 1 2 1 0 1 2 1 2 2 0 1 1 1 1 1 1 1 0 1 1 1 1 1 1 1 1 1 1 0 0 2 1 0 1 2 0 1 1 2 1 1 1 1 0 3 1 1 2 1 1 1 1 1 1 1 2 2 1 2 5 2 2 4 2 4 2 2 1 3 3 2 3 3 3 1 4      26900      13600      54100 
16326	 933334	3 0 1 1 1 2 0 1 2 1 0 2 1 0 1 2 1 0 1 2 1 2 2 0 1 1 1 1 1 1 1 0 1 1 1 1 1 1 1 1 1 1 0 0 2 1 0 1 2 0 1 1 2 1 1 1 1 0 3 1 1 2 1 1 1 1 1 1 1 2 2 1 2 5 2 2 4 2 4 2 2 1 3 3 3 3 3 3 1 4      28666      12667      52334 
17019	 890000	1 1 0 0 1 2 1 0 1 1 1 2 1 1 1 1 2 0 1 1 1 1 1 0 1 1 1 1 1 1 1 1 1 1 1 1 1 1 0 1 3 2 1 1 2 2 1 0 1 1 1 1 1 1 1 1 1 1 1 1 1 1 2 1 1 1 1 1 2 2 2 1 3 2 2 3 2 2 2 3 2 2 2 3 3 3 3 4 3 5      49000      23000      21000 
17613	 858000	0 1 1 1 1 2 1 0 2 0 1 2 0 1 1 0 2 0 2 1 1 2 1 0 1 1 1 1 1 1 1 1 1 1 2 1 1 1 2 1 2 0 1 1 2 0 1 1 0 1 1 3 1 0 1 1 1 3 1 1 2 1 1 1 1 1 1 1 1 1 2 1 5 2 2 4 2 3 2 3 2 3 2 3 3 3 3 0 3 4      10000      51000      30000 
18108	 834000	1 0 1 1 1 2 0 1 2 0 0 2 1 0 1 2 1 0 1 2 1 1 2 0 1 1 1 1 2 1 1 0 1 1 1 1 1 1 2 3 1 0 1 0 2 1 0 1 1 0 1 2 2 0 1 1 1 1 3 1 1 2 1 1 1 1 1 1 1 2 2 1 2 5 2 2 4 3 3 2 2 2 2 3 3 3 3 3 1 4      46000       9000      35000 
31662	 830000	1 0 0 1 1 2 0 1 2 0 0 2 1 0 1 2 1 0 1 2 1 1 2 0 1 1 1 1 2 1 1 0 1 1 1 1 1 1 2 3 1 0 1 0 2 1 0 1 1 0 1 2 2 0 1 1 1 1 3 1 1 2 1 1 1 1 1 1 1 2 2 1 2 5 3 2 4 3 3 2 2 2 2 3 3 3 3 3 1 4      54000       4858      32570 
34929	 810000	1 1 0 0 0 2 0 0 2 0 1 2 2 1 1 3 1 0 0 1 1 1 2 0 0 1 1 2 1 1 1 1 1 1 1 1 1 1 2 2 2 0 1 1 2 1 1 1 1 1 1 2 2 0 1 1 1 1 1 1 1 1 1 1 1 1 1 1 1 1 2 1 2 2 3 3 2 3 3 3 2 3 3 3 3 3 3 3 3 4      10000      45000      35000 
38988	 790000	0 1 1 2 0 2 2 0 1 2 1 1 1 1 1 0 1 1 1 1 1 0 2 1 1 1 1 1 1 1 1 1 1 1 1 1 2 1 1 0 2 1 2 1 1 1 1 1 1 1 1 0 2 1 1 1 1 1 1 1 1 1 2 1 1 1 1 1 1 1 2 3 3 2 2 3 2 3 2 3 2 3 3 1 3 3 3 4 3 3      27000      47000      16000 
41265	 782000	0 1 1 2 0 2 2 0 1 2 0 1 1 1 1 0 1 1 1 1 1 0 2 1 1 1 1 1 2 1 1 1 0 1 1 1 2 1 1 0 2 1 2 1 1 1 1 1 1 1 1 0 2 1 1 1 1 1 1 1 1 1 2 1 1 2 1 1 1 1 2 3 3 2 2 3 2 3 2 3 2 3 3 1 3 3 3 4 3 3      27000      47000      16000 
0	1574000	1 1 0 0 2 0 2 0 0 1 1 1 2 0 0 0 1 2 0 0 3 0 2 0 1 0 1 1 1 1 1 1 0 0 0 6 1 2 0 2 0 2 1 2 0 2 0 1 1 1 0 0 2 0 1 1 0 2 0 0 1 3 0 0 2 0 1 1 1 0 2 7 2 5 4 2 5 1 5 2 1 1 4 4 4 1 6 7 0 1      45000      45000      21000 
99	1443334	0 1 1 0 2 0 0 0 2 1 1 1 0 0 2 2 1 0 3 0 0 0 2 0 1 0 1 1 1 1 0 1 1 6 0 0 0 2 1 2 0 2 0 2 1 1 0 2 0 1 1 0 2 0 0 1 1 0 1 2 0 3 1 0 2 0 1 1 1 7 2 0 4 5 2 1 5 2 1 1 4 4 4 2 6 1 4 1 0 7      22333      45000      40667 
3267	1269000	2 1 0 1 0 0 1 1 0 0 1 2 1 2 1 1 1 0 1 0 1 1 1 1 2 0 0 1 3 2 1 1 0 0 3 1 1 1 0 1 1 2 1 1 1 1 0 2 1 3 1 1 1 0 1 2 1 2 1 3 1 1 2 1 2 1 1 0 2 1 2 2 2 2 2 3 2 1 3 3 1 3 2 2 2 3 6 4 1 5      55667      25666      22167 
6039	1265000	1 2 0 1 1 0 1 1 1 1 0 1 0 0 2 2 1 1 1 1 0 1 1 1 2 2 0 1 1 3 1 1 1 1 0 3 0 1 1 0 1 1 1 1 1 2 1 0 0 1 3 1 0 2 1 1 2 2 1 1 2 2 1 0 1 2 3 1 0 1 1 2 3 2 2 2 3 2 2 3 3 3 3 2 3 3 3 3 5 1      22500      40500      40500 
6138	1150000	1 0 1 1 0 1 1 0 1 1 2 1 1 0 2 1 0 0 1 2 2 1 1 2 1 0 0 1 1 3 1 0 1 1 1 1 2 0 2 1 3 1 1 1 0 2 2 1 1 1 1 1 1 1 1 1 1 1 3 1 1 1 1 1 1 2 2 2 0 1 2 2 2 2 3 3 1 3 2 3 4 3 1 3 2 5 1 3 5 0      63000      27000       9000 
8514	1126000	0 1 1 0 0 1 0 0 1 2 1 2 0 0 1 0 0 1 2 0 1 1 1 1 0 1 1 1 4 1 0 1 1 1 2 1 0 1 2 3 2 0 1 2 1 2 0 1 1 3 1 1 0 1 1 2 1 2 1 1 1 1 2 1 2 1 2 0 1 2 2 1 2 3 2 2 1 3 3 3 2 1 2 3 5 4 2 5 2 4      19000      17000      63000 
8712	1112000	0 1 1 0 0 1 0 0 1 2 1 2 0 1 1 0 0 1 2 0 1 1 1 1 0 1 1 1 4 1 0 1 1 1 2 1 0 0 2 3 2 0 1 2 1 2 0 1 1 3 1 1 0 1 1 2 1 2 1 1 1 1 2 1 2 1 2 0 1 2 2 1 2 3 2 2 1 3 3 3 2 1 2 3 5 4 2 5 2 4      19000      17000      63000 
9108	1067000	1 0 0 1 1 0 1 0 1 2 1 2 1 0 0 1 0 0 1 2 2 1 2 0 1 0 0 1 1 0 1 0 0 1 1 1 2 0 1 0 3 3 1 1 0 1 1 2 1 1 1 1 1 1 1 1 1 1 1 3 2 0 1 1 2 0 1 1 2 1 3 3 2 3 2 3 2 2 2 3 2 3 1 2 2 5 5 4 5 5      72000      26500        500 
9405	 980000	0 1 2 0 1 1 0 1 1 2 2 2 0 1 1 0 1 1 2 1 1 1 1 1 0 1 2 1 1 0 1 1 1 1 1 1 0 2 0 3 0 1 1 1 1 2 1 1 1 1 1 1 1 2 0 1 2 2 1 1 0 2 1 1 1 1 2 1 1 3 1 1 2 2 3 2 3 2 3 2 2 1 3 2 5 2 2 5 4 4      25500      46500      21000 
11781	 975380	0 0 1 0 2 1 0 2 1 2 0 2 0 0 1 0 1 1 2 2 1 0 0 1 0 3 1 1 1 1 1 0 1 1 0 1 0 2 1 3 1 1 1 2 2 2 1 1 1 1 1 1 1 1 1 1 1 2 1 1 0 1 2 2 1 1 2 1 1 3 2 1 3 3 2 1 3 3 2 4 2 1 1 3 5 2 2 5 3 3      21376       9562      63000 
14850	 854000	0 1 1 1 2 1 1 1 1 0 1 1 1 1 1 0 2 1 1 1 1 1 1 1 1 2 1 1 1 1 2 0 1 2 1 1 2 2 2 1 1 1 1 1 1 1 1 1 1 1 1 1 1 1 1 1 1 1 1 1 0 2 2 1 1 1 1 1 1 2 1 2 3 2 2 3 3 2 4 1 2 3 2 2 2 3 4 3 3 3      27000      23000      40000 
15147	 810000	1 1 0 1 1 1 1 1 1 1 2 0 1 1 1 1 1 0 1 1 1 1 1 1 1 1 1 1 1 1 1 0 2 1 1 2 2 2 2 1 1 1 1 2 1 1 1 1 1 1 1 1 1 1 1 2 1 1 1 1 2 2 0 1 1 1 1 1 1 2 0 2 2 2 3 2 3 3 2 2 4 2 3 3 4 2 2 3 3 3      50000      13000      27000 
18612	 796000	1 0 1 1 1 1 1 1 1 1 0 1 1 1 1 1 0 2 1 1 1 1 1 1 1 1 1 1 1 1 1 2 1 1 2 0 2 2 1 1 1 1 1 1 1 1 1 1 1 1 1 1 1 1 1 1 1 1 1 2 2 0 2 1 1 1 1 1 1 2 2 2 2 3 2 2 3 2 2 4 2 2 3 3 4 2 3 3 3 3      40000      27000      23000 
22869	 760860	1 1 0 1 0 1 1 1 1 1 1 0 1 1 1 2 1 0 1 1 1 1 1 1 1 1 1 1 1 1 1 1 2 0 2 2 1 1 2 1 1 1 1 1 1 1 1 1 1 1 1 1 1 1 1 1 1 2 1 1 2 1 0 1 1 1 1 1 1 2 1 2 2 3 3 2 3 3 2 2 4 3 2 3 3 3 2 3 5 3      40855      30575      18855 
24255	 750000	0 1 1 1 1 1 1 1 1 0 1 1 1 1 1 0 1 2 1 1 1 1 1 1 1 1 1 1 1 1 2 1 1 2 1 0 2 1 1 1 1 1 1 1 1 1 1 1 1 1 1 1 1 1 1 1 1 1 1 2 0 2 2 1 1 1 1 1 1 2 2 2 3 3 2 3 2 2 4 2 2 3 2 3 2 4 3 3 3 3      27000      37000      26000 
24849	 735000	0 1 1 1 1 1 1 1 1 0 1 2 1 1 1 0 1 2 1 1 1 1 1 1 1 1 1 1 1 1 2 1 1 2 1 0 2 1 1 1 1 1 1 1 1 1 1 2 1 1 1 1 1 1 1 1 1 1 1 2 0 2 2 1 1 1 1 1 1 2 2 1 3 3 2 3 2 2 4 2 1 3 2 3 2 4 3 3 3 3      32500      42500      15000 
25740	 730000	1 0 0 1 0 1 1 1 1 1 1 0 1 1 1 1 1 0 1 1 1 1 1 0 1 1 1 1 1 1 1 1 2 1 2 2 1 1 2 1 1 1 1 1 1 1 1 1 1 2 1 1 1 1 1 1 1 1 1 1 2 0 0 1 1 1 1 1 2 2 1 2 3 3 3 2 3 3 2 3 4 2 2 4 4 3 2 3 5 2      54000      16000      20000 
31077	 710000	1 0 1 1 0 1 1 1 1 1 1 0 1 1 0 1 1 0 1 1 1 1 1 0 1 1 1 1 1 1 1 1 2 1 2 2 1 1 2 1 1 1 1 1 1 1 1 1 1 2 1 1 1 1 1 1 1 1 1 1 2 0 0 1 1 1 1 1 2 2 1 3 3 3 3 2 3 3 2 3 4 2 2 4 4 3 1 3 5 2      50000      20000      20000 
0	1292000	0 1 3 1 1 0 1 0 1 1 0 2 1 1 0 2 0 0 1 0 1 1 2 0 0 1 1 0 1 2 1 3 0 1 1 2 1 0 1 2 0 1 1 2 0 3 0 0 0 2 3 0 3 2 0 2 2 0 2 1 1 0 2 2 1 0 3 0 1 2 1 1 1 1 5 4 2 1 3 4 3 2 2 2 2 5 5 5 4 0      38500      31500      33500 
6228	1281000	1 1 0 1 1 1 1 0 1 1 0 1 1 0 1 1 0 2 1 0 2 1 2 1 1 0 0 1 1 0 1 4 1 1 0 1 1 0 1 1 0 2 1 2 1 1 0 3 1 2 0 1 4 0 2 2 0 1 2 0 1 1 1 1 1 2 1 0 2 1 2 2 3 1 1 4 3 4 1 4 3 3 0 2 4 5 2 2 4 5      63000      23250      17000 
7317	1180000	1 2 0 1 0 1 1 1 1 1 1 1 1 1 0 1 1 4 1 1 1 1 0 0 1 0 0 1 1 0 1 1 0 1 1 1 1 1 1 1 1 1 1 1 2 1 2 2 1 1 0 1 1 0 1 1 0 1 3 0 1 1 1 1 1 2 1 1 2 1 1 3 3 2 1 3 4 5 2 1 3 4 3 2 4 4 3 2 3 5      72000       9000      18000 
8208	1114000	1 1 0 1 1 1 1 1 1 2 1 0 1 1 0 0 1 3 1 1 1 1 1 0 1 1 0 1 1 0 1 1 0 1 1 1 1 1 1 0 1 1 1 1 2 1 1 2 1 1 0 1 1 0 2 1 0 1 2 0 1 1 1 0 1 2 1 1 3 2 1 3 2 3 1 3 3 5 3 2 4 4 3 2 4 4 3 2 2 5      15000      66000      18000 
8505	1096000	1 0 1 1 1 1 1 1 1 2 0 1 1 0 1 0 4 1 1 1 1 1 0 1 1 0 1 1 0 1 1 0 1 1 1 1 1 2 1 0 1 1 1 2 1 1 2 1 1 0 2 1 0 1 2 0 1 1 0 2 1 1 1 0 2 1 1 2 1 2 3 1 2 1 3 3 5 2 3 3 2 4 2 3 4 3 4 2 5 2      15000      18000      66000 
8604	1054000	0 1 1 0 1 1 0 1 1 2 1 0 1 1 0 2 1 1 3 1 1 1 1 4 1 1 2 0 1 0 2 1 1 1 1 0 1 1 1 2 1 1 1 1 2 3 1 3 0 1 2 0 1 2 0 1 2 0 2 0 1 2 0 2 1 2 1 1 2 3 1 2 0 3 2 3 3 4 3 2 3 0 3 1 3 3 1 6 2 0      18000      74200       3400 
9594	1028000	0 1 1 0 1 1 0 1 1 1 2 1 1 1 1 2 0 1 3 1 1 1 1 1 1 1 1 0 1 1 2 1 1 1 1 1 1 0 1 2 0 1 1 1 1 2 1 1 1 1 1 0 3 1 0 2 1 0 1 2 1 1 1 2 1 1 1 1 1 3 1 1 0 3 3 3 1 2 3 3 2 1 5 4 3 3 4 6 2 2      24000       9000      63000 
9792	1010000	1 0 1 1 0 1 1 0 1 1 1 1 1 1 1 1 2 0 1 3 1 1 2 1 1 0 1 1 0 1 1 2 1 1 1 1 1 1 1 2 2 1 1 1 1 1 2 1 1 1 1 1 0 1 1 0 2 2 0 1 2 1 1 1 2 0 1 1 1 1 3 2 3 0 2 3 3 2 2 3 3 2 1 6 3 3 3 2 6 2      60000      15000      21000 
9990	 896000	1 1 0 1 1 0 1 1 0 1 1 1 1 1 1 1 1 1 1 1 2 1 1 0 1 1 1 1 1 0 1 1 4 1 1 1 1 1 1 1 0 2 1 1 1 1 1 2 2 1 1 1 2 0 1 2 0 2 1 0 1 1 1 1 1 2 1 1 1 1 1 3 3 3 1 2 3 3 2 2 3 3 3 1 4 4 3 2 2 6      49000      23000      21000 
11772	 872000	1 0 1 1 0 1 1 0 1 1 1 1 2 1 1 1 2 1 1 2 1 1 0 1 1 1 1 1 0 1 0 3 1 1 1 1 1 2 1 1 2 1 1 1 1 1 1 1 1 0 2 2 0 1 2 0 1 1 0 2 1 1 1 0 2 1 1 1 1 1 3 1 3 1 3 3 3 2 2 4 2 3 1 3 4 3 4 2 6 2      23000      21000      49000 
16920	 862000	1 1 0 1 1 0 1 1 0 1 1 1 2 0 2 0 1 2 1 1 2 1 1 0 1 1 1 1 1 0 0 1 3 1 2 0 0 1 2 2 1 1 1 1 1 1 1 1 1 2 0 2 1 0 2 2 0 1 2 0 1 1 1 0 1 2 1 1 2 2 1 3 3 3 1 3 2 3 2 2 4 4 2 1 3 4 3 2 2 6      23600      48400      20800 
21771	 836000	0 1 1 1 0 1 1 1 1 1 1 1 0 1 1 1 1 1 2 2 1 1 0 1 1 1 1 1 1 1 1 1 1 1 1 2 1 1 1 1 2 1 1 1 1 1 1 1 1 2 1 1 1 1 1 1 1 2 2 1 1 1 1 1 1 1 1 1 1 2 2 2 2 2 3 3 2 2 3 2 2 3 3 2 3 3 4 3 3 3      27000      20000      43000 
22464	 816000	1 0 1 1 1 1 1 1 1 1 1 1 1 0 1 1 1 1 1 2 1 1 1 1 1 1 1 1 1 1 1 1 1 1 1 2 1 1 1 1 1 1 1 1 1 1 1 1 1 1 1 1 1 1 1 1 1 2 2 1 1 1 1 2 2 1 1 1 1 1 1 2 2 2 3 3 3 2 2 3 2 2 3 2 3 3 4 4 3 3      13000      27000      50000 
23949	 794000	0 1 1 1 1 2 1 1 1 1 2 1 0 1 1 1 1 1 2 0 1 1 1 1 1 1 1 1 1 1 1 1 1 1 1 1 1 2 1 1 1 1 1 2 2 1 1 1 1 1 1 1 1 1 1 1 1 2 0 1 1 1 1 2 0 1 1 1 1 1 2 2 2 3 3 3 3 2 3 2 2 3 3 2 3 3 3 3 3 3      28200      19400      43600 
24246	 790000	1 0 1 1 1 2 1 1 1 1 1 1 1 0 1 1 1 1 0 2 1 1 1 1 1 1 1 1 1 1 1 1 1 1 1 1 2 1 1 1 1 1 2 1 1 1 1 2 1 1 1 1 1 1 1 1 1 1 2 1 1 1 1 1 2 1 1 1 1 2 1 2 3 2 2 3 3 2 2 3 3 2 3 2 3 3 3 3 3 3      47000      27000      16000 
29790	 770000	1 1 1 1 1 1 1 0 1 1 1 1 1 1 1 1 2 1 1 0 1 1 1 1 1 0 1 1 1 1 1 1 1 1 1 1 2 2 1 1 1 1 1 2 1 1 1 1 1 2 1 0 1 2 1 1 1 3 1 1 1 2 1 1 1 1 1 1 1 1 2 2 3 3 2 3 3 2 2 2 3 2 2 3 3 2 3 3 3 3      30000      10000      50000 
29988	 750000	1 2 1 2 1 1 0 1 1 0 1 1 1 1 1 0 1 1 0 1 1 1 1 1 1 1 1 1 1 1 1 1 1 1 1 1 2 2 1 1 1 1 2 0 1 1 1 1 1 1 1 1 0 2 1 1 1 2 3 1 1 1 1 1 1 1 1 1 1 2 1 2 3 3 2 4 3 2 2 2 3 2 2 3 3 3 3 3 3 3      20000      20000      50000 
31968	 730000	0 1 1 1 2 1 1 1 1 1 1 1 0 1 2 1 0 1 2 1 1 1 0 1 1 1 1 1 1 1 1 1 1 1 1 1 1 1 1 1 1 1 1 1 1 1 1 1 1 1 1 1 1 2 1 1 1 2 1 1 1 1 1 2 1 1 1 1 1 1 2 2 2 2 3 3 3 2 3 3 2 3 2 2 3 4 3 3 4 3      30000      20000      40000 
42651	 710000	1 0 1 1 1 2 1 1 1 1 1 1 2 0 1 1 1 0 0 2 1 2 1 0 1 1 1 1 1 1 1 1 1 1 1 1 1 1 1 1 1 1 1 1 1 1 1 1 1 1 1 1 1 1 1 1 1 1 2 1 1 1 1 1 2 1 2 1 1 2 1 2 3 2 2 2 3 3 2 3 3 2 3 2 3 3 4 3 3 4      40000      30000      20000 
0	1451000	1 0 1 0 1 1 0 2 1 0 5 0 1 1 1 1 0 2 0 2 1 1 2 0 1 0 1 2 1 1 2 0 0 0 1 2 0 1 1 1 1 1 1 2 0 2 2 1 0 2 1 0 2 0 0 1 2 1 1 1 3 1 0 2 1 0 4 0 0 0 3 7 3 2 2 1 3 3 3 2 2 1 0 6 3 2 4 8 1 0      36000      40500      31500 
4257	1351000	1 0 1 0 1 1 0 2 1 0 5 0 1 1 1 1 0 2 0 2 1 0 2 0 1 0 1 2 1 1 2 0 0 0 1 2 1 1 1 1 1 1 1 2 0 2 2 1 0 2 1 0 2 0 0 1 2 1 1 1 3 1 0 3 1 0 4 0 0 0 3 7 3 2 2 1 3 3 3 2 2 1 0 6 3 2 4 7 1 0      36000      40500      28500 
4950	1236004	1 1 0 0 1 1 1 1 2 1 0 1 1 2 1 1 1 1 1 1 0 1 1 1 3 1 1 0 1 2 1 1 0 2 1 1 1 1 0 1 1 1 1 1 1 1 1 0 1 2 1 0 1 2 1 0 2 1 1 1 0 1 3 2 1 0 1 1 1 1 4 1 2 1 5 4 3 2 1 3 3 3 1 3 4 1 3 4 6 2      42572      38428      21286 
6336	1218000	1 0 1 1 1 1 1 0 2 0 1 2 2 2 1 1 1 1 1 2 0 1 0 1 0 2 1 1 1 2 1 1 0 1 1 1 1 1 0 1 1 0 1 1 1 1 1 1 2 1 1 1 1 1 0 2 2 1 1 0 1 2 3 1 2 0 1 1 1 4 1 1 1 3 5 3 1 2 3 1 3 1 5 3 2 4 3 6 1 2      51000      39000      12000 
7029	1180000	1 1 0 1 1 1 0 1 2 1 1 1 2 2 2 1 1 1 2 1 0 1 1 1 2 0 1 1 1 2 1 1 0 1 1 1 1 1 0 1 2 1 1 1 2 1 1 0 1 3 1 1 1 1 1 1 1 1 1 1 2 1 3 3 0 1 1 1 1 1 2 1 3 1 5 1 3 2 1 3 2 3 1 3 4 2 3 1 5 2      36000      45000      18000 
7425	1138000	1 1 1 0 1 1 1 0 1 1 1 1 0 2 2 1 1 1 0 1 1 2 1 1 1 2 0 2 1 2 0 1 1 1 1 1 0 1 1 1 1 2 1 1 1 0 2 1 0 2 2 1 1 1 2 1 1 1 1 1 3 1 1 1 3 1 1 2 0 1 1 2 6 2 1 2 1 3 3 2 2 4 3 1 2 3 3 3 1 5      20500      34750      43750 
9108	1131000	1 1 1 0 1 1 1 0 1 1 1 1 0 2 2 1 1 1 0 1 1 2 1 1 1 2 0 2 1 2 0 1 1 1 1 1 0 1 1 1 0 2 1 1 1 0 2 1 0 2 2 1 1 1 2 1 1 1 1 1 3 1 1 0 3 1 1 2 0 1 1 2 7 3 1 2 1 3 3 2 2 4 3 1 3 3 3 2 1 5      20500      34750      43750 
10989	 947004	1 1 0 1 1 0 0 1 1 1 1 1 2 2 0 1 1 0 1 1 0 1 1 2 2 0 1 1 1 2 1 1 0 1 1 1 1 1 0 0 2 1 1 1 1 2 1 0 2 1 0 1 2 1 1 1 2 1 1 1 1 2 3 3 1 0 3 0 1 1 2 1 3 1 7 1 3 3 2 2 4 2 1 5 3 3 2 1 5 2      26071      45929      21786 
13563	 868000	1 0 1 1 0 1 0 1 1 1 1 1 1 0 2 1 0 1 1 1 1 1 2 1 2 1 0 1 2 1 1 0 1 1 1 1 1 0 1 0 1 2 1 1 1 2 0 1 2 0 1 1 1 2 1 1 1 1 1 1 1 3 2 3 0 1 3 1 0 1 1 2 3 7 1 1 3 3 2 4 2 3 5 1 3 2 3 1 2 5      27000      18000      45000 
21474	 859000	1 0 1 1 0 1 0 1 1 1 1 1 1 0 2 1 0 1 1 1 1 1 2 1 2 1 0 1 2 1 1 0 1 1 1 1 1 0 1 0 0 2 1 1 1 2 0 1 2 0 1 1 1 2 1 2 1 1 2 1 1 3 2 3 0 1 3 1 0 1 1 2 3 7 1 1 3 3 2 4 2 3 5 1 3 2 3 1 1 5      24500      18000      47500 
27018	 821274	0 1 1 0 1 1 1 0 1 1 1 1 0 0 2 0 1 1 1 1 1 2 1 1 1 2 0 2 1 1 0 1 1 0 1 1 0 1 1 0 0 2 2 1 1 0 2 1 0 2 1 1 1 2 2 2 1 2 1 1 3 1 2 0 2 1 1 3 0 1 1 2 7 3 1 3 1 3 4 2 2 5 3 1 2 4 3 1 1 5      16091      26545      46910 
42345	 790000	1 1 0 1 1 1 1 1 1 1 1 1 1 1 2 1 1 1 0 1 1 1 1 1 1 1 2 1 1 1 1 1 1 1 1 1 1 1 2 1 1 1 1 1 1 1 1 1 1 1 1 1 1 1 1 1 0 2 1 1 1 1 1 1 1 1 1 1 1 2 2 2 3 3 2 2 3 4 3 3 2 3 2 2 3 3 3 3 3 3      27000      63000          0 
42642	 773000	1 2 1 0 1 1 1 0 1 1 1 1 1 1 1 0 1 1 2 1 1 1 1 1 0 1 1 0 1 1 2 1 1 1 1 1 1 1 1 1 2 1 1 1 1 1 1 1 1 1 1 1 1 1 1 1 1 2 1 1 1 1 1 1 0 2 1 1 1 2 2 2 2 2 3 4 3 3 4 3 2 2 3 2 3 3 3 3 3 3      11500      27000      51500 
42939	 750000	1 1 1 1 1 1 1 1 1 1 1 1 1 1 1 1 1 1 1 1 1 2 1 1 1 1 1 1 1 1 1 1 1 1 1 1 1 1 1 2 1 1 1 1 1 1 1 1 0 1 1 1 1 1 1 1 1 2 2 0 1 1 1 1 1 2 1 1 1 2 2 2 2 3 3 3 2 3 2 3 2 2 2 3 3 3 3 3 3 3          0      50000      40000 
45018	 710000	1 0 1 1 0 1 1 1 1 1 1 1 1 1 1 1 1 1 1 0 1 1 0 1 1 2 1 1 1 2 1 1 2 1 1 1 1 1 1 1 1 1 1 1 1 1 1 1 1 1 1 1 1 1 1 1 1 1 1 2 1 2 1 1 1 1 1 2 1 2 2 1 3 3 2 2 2 3 3 2 2 3 4 2 3 3 3 3 4 3      50000      10000      30000 
0	1808000	0 1 1 0 0 4 2 0 0 0 2 1 2 0 0 1 0 1 1 0 3 1 1 0 1 2 0 2 0 2 1 1 0 0 1 3 0 3 3 0 2 1 1 2 0 1 3 0 0 0 3 1 1 1 0 2 0 1 2 0 2 1 0 1 1 0 1 2 1 2 1 2 2 2 4 2 4 2 2 3 0 7 0 0 3 3 8 5 2 2      43000      47000      27000 
990	1269000	1 1 0 4 0 0 0 0 2 1 2 0 0 0 3 1 1 1 3 0 1 0 2 1 0 2 1 2 0 2 0 1 1 3 1 0 3 3 0 1 2 0 0 2 1 0 3 1 3 1 0 1 1 1 0 2 0 0 1 1 0 1 1 0 1 1 1 1 1 2 1 2 4 2 2 2 4 2 0 3 2 0 0 7 8 2 3 2 2 5      13500      50000      40000 
5148	1229000	1 1 0 4 0 0 0 0 2 1 2 0 0 0 3 0 1 1 3 0 1 0 2 1 0 2 1 2 0 2 0 1 1 3 1 0 3 3 0 1 2 0 0 2 1 0 3 1 3 1 0 1 1 1 0 2 0 1 1 1 1 1 1 0 1 1 1 1 1 2 1 2 4 2 2 2 4 2 0 3 2 0 0 7 7 2 3 2 2 5      13500      55000      35000 
5841	1207500	1 1 1 1 1 2 3 0 1 0 2 2 2 0 1 0 1 1 1 0 1 1 2 0 1 2 1 1 1 1 0 1 1 1 1 1 1 1 1 1 1 1 1 2 1 1 2 1 2 1 1 1 1 1 1 2 2 1 1 1 1 1 1 1 1 1 1 1 2 1 1 3 3 2 2 3 4 0 2 3 1 3 2 3 3 2 3 3 2 4      29250      38250      33750 
6039	1191000	1 1 0 1 1 2 0 1 1 2 0 1 0 1 1 1 0 1 0 1 1 2 0 0 2 1 2 1 2 1 1 2 1 1 1 2 1 2 1 1 1 1 2 1 2 2 0 1 1 2 1 1 1 1 2 2 1 1 2 1 1 3 1 1 1 1 1 1 1 1 1 2 2 3 2 4 3 1 3 4 1 2 3 3 2 1 4 2 0 4      35000      19000      45500 
7425	1188000	1 0 1 1 2 1 0 1 1 2 1 1 0 1 1 1 1 0 0 1 1 2 0 0 2 2 1 1 1 1 1 1 2 1 2 1 1 1 2 1 1 1 1 2 0 2 1 0 1 1 2 1 1 1 3 1 1 1 1 2 1 1 3 1 1 2 1 1 2 1 2 1 2 2 3 4 1 3 3 1 4 2 3 3 2 4 1 2 4 0      36000      45000      18000 
8217	1016000	1 0 1 0 2 2 3 2 0 0 2 2 1 1 1 1 1 1 1 1 0 1 0 2 0 1 1 1 1 2 1 1 1 2 2 1 1 1 1 2 1 1 1 1 1 2 0 2 1 1 1 1 1 1 1 1 1 2 1 1 1 1 1 1 1 1 1 1 1 1 2 1 3 3 1 2 1 4 2 2 3 3 2 2 3 3 3 2 5 2      24750      40500      29250 
9504	 937600	1 0 1 0 2 2 3 2 0 0 2 2 1 1 1 1 1 1 1 1 0 1 0 2 0 1 1 1 1 1 1 1 1 2 2 1 1 1 1 2 1 1 1 1 1 2 0 2 1 1 1 1 1 1 1 1 1 2 1 1 1 1 1 1 1 1 1 1 1 1 2 2 3 3 1 2 1 4 2 2 3 3 2 2 3 3 3 2 5 2      28800      34200      28800 
16425	 921200	1 1 0 0 2 1 3 0 2 0 2 2 1 1 1 1 1 1 1 0 1 1 2 0 0 1 1 1 1 1 1 2 1 2 0 2 1 1 1 2 1 1 1 1 1 2 2 0 1 1 1 1 1 1 1 1 1 2 1 1 1 1 1 1 1 1 1 1 2 1 2 2 3 1 3 2 4 1 2 3 2 3 2 2 3 3 3 2 2 5      28800      28800      34200 
16920	 904800	1 1 0 0 2 1 3 0 2 0 2 2 1 1 1 1 1 1 1 0 1 1 2 0 0 1 1 1 1 1 1 2 0 2 0 2 1 1 1 2 0 1 1 1 1 2 2 0 1 1 1 1 1 1 1 2 1 2 1 1 1 1 1 1 1 2 1 1 2 1 2 2 3 1 3 2 4 1 2 3 2 3 2 2 3 3 3 2 2 5      28800      28800      34200 
23553	 886000	1 1 0 0 2 1 3 0 2 0 2 2 1 1 1 1 1 1 1 0 1 1 2 0 0 1 1 1 1 1 1 2 0 2 0 2 1 1 1 2 0 1 1 1 1 2 2 0 1 1 1 1 1 1 1 2 1 2 1 1 1 1 1 1 1 2 1 1 1 1 2 2 3 1 3 2 4 1 2 3 2 3 2 3 3 3 3 2 2 5      28800      28800      34200 
23652	 796000	1 1 0 0 2 1 2 0 2 0 2 2 1 1 1 1 1 1 1 0 1 1 2 0 0 1 1 1 1 1 1 2 0 1 0 2 1 1 1 2 0 1 1 1 1 2 2 0 1 1 1 2 1 1 1 2 1 2 1 1 1 2 1 1 0 2 1 1 1 1 2 2 3 1 3 3 4 1 2 3 2 3 2 3 3 3 3 2 2 5      27000      27000      36000 
0	1265000	0 2 1 0 1 2 0 1 1 1 1 0 2 0 0 0 2 1 2 0 0 1 0 2 0 3 0 2 0 0 1 0 2 0 1 2 2 0 1 0 2 0 0 2 1 1 3 0 2 1 0 0 2 2 1 2 0 2 2 0 3 0 0 2 1 0 1 2 2 1 2 1 2 3 3 2 2 2 3 1 4 1 3 7 3 2 7 7 1 1      40000      45000      18500 
495	1149578	1 0 2 1 1 0 0 1 2 1 0 3 1 1 1 2 1 1 1 0 1 1 1 1 2 0 2 1 1 1 2 0 1 2 0 0 1 0 1 1 1 1 0 1 3 0 4 0 1 1 1 1 1 2 1 2 0 1 2 0 2 0 0 1 1 1 0 1 4 1 5 1 2 4 3 3 3 3 2 7 0 4 1 0 1 1 6 5 1 1      46286      21857      30643 
3069	1134722	1 0 2 1 1 0 0 1 2 1 0 3 1 1 1 2 1 1 1 0 1 1 1 1 2 0 2 1 1 1 2 0 1 2 0 0 1 0 1 1 1 1 0 1 3 0 4 0 1 1 1 1 1 2 1 2 0 1 2 0 2 1 0 1 1 1 0 1 3 1 4 1 2 4 3 3 3 3 2 7 1 4 1 0 1 1 6 5 1 1      46286      21857      30643 
4158	1131000	0 1 1 1 0 2 1 1 1 0 1 1 1 1 1 1 0 1 0 1 1 1 1 1 0 2 1 1 1 1 0 1 1 0 2 1 0 0 1 1 1 1 1 1 1 4 1 0 1 0 1 1 1 1 2 1 1 2 1 1 1 2 2 1 1 1 1 1 1 4 1 1 4 5 4 3 2 2 7 3 2 1 4 3 1 2 3 1 3 3      20250          0      77250 
4950	1128800	1 1 0 1 2 1 1 1 1 1 1 0 1 1 1 2 1 1 1 1 0 1 1 1 1 1 0 1 1 1 1 1 0 1 1 0 1 1 0 1 1 1 2 1 1 1 0 4 1 1 1 1 1 1 1 1 2 2 1 2 1 2 1 1 1 1 1 1 1 2 1 4 3 4 4 3 2 3 2 2 7 1 3 1 2 3 1 3 3 1       6600      73400      18600 
5247	1124000	1 0 1 2 1 1 1 1 1 1 1 1 1 1 1 1 0 1 1 1 1 1 1 0 1 0 1 1 1 0 1 1 0 1 1 2 1 2 1 1 1 1 1 2 3 0 2 1 1 1 1 1 1 1 1 1 1 1 1 1 2 2 2 1 1 1 1 1 1 1 2 1 4 4 1 2 2 3 2 2 3 3 1 4 3 4 3 3 3 3      44000      36000      19000 
5445	1015778	0 1 1 1 1 1 1 1 0 2 1 1 1 2 0 1 1 1 1 2 0 1 1 0 2 0 1 1 1 0 1 1 0 1 1 2 1 2 0 1 1 1 1 3 2 1 1 1 1 1 1 1 1 1 1 0 2 1 1 1 2 1 2 1 1 1 1 1 2 3 2 1 2 3 2 2 2 4 2 2 3 3 1 5 2 4 3 3 2 3      38667      33333      23111 
5643	 778000	0 1 1 1 1 2 1 0 1 1 1 1 1 0 1 1 1 2 1 0 1 1 0 1 1 1 1 1 0 1 2 0 1 1 2 1 1 0 1 2 1 1 0 2 2 1 1 1 1 1 1 1 1 1 1 2 1 1 1 1 1 2 1 1 1 1 1 2 1 2 1 2 2 2 3 2 4 3 3 3 2 3 5 1 4 3 2 3 3 3      36000      17000      37000 
6435	 772000	0 1 1 1 1 2 1 0 1 1 1 1 1 0 1 1 1 2 1 0 1 1 0 1 1 1 1 1 1 1 2 0 1 1 2 1 1 0 1 2 1 1 0 2 2 1 1 1 1 1 1 1 1 1 1 2 1 1 1 1 1 2 1 1 1 1 1 2 1 2 0 2 2 2 3 2 4 3 3 3 2 3 5 1 4 3 2 3 3 3      36000      17000      37000 
16713	 763334	1 0 1 1 0 1 0 0 1 1 1 1 0 0 1 1 0 1 0 0 1 0 0 1 0 0 1 1 1 1 0 0 1 2 1 1 1 0 1 1 5 1 2 0 1 1 2 1 1 2 2 1 0 1 2 1 1 1 0 1 2 3 1 1 1 1 2 0 1 0 2 2 2 2 3 4 8 2 3 2 3 5 4 2 3 4 3 3 3 3      16667          0      73333 
17802	 730000	0 1 1 1 1 1 1 0 1 0 2 1 1 0 1 1 1 1 1 0 1 1 0 1 1 0 1 1 1 1 2 0 1 0 1 1 1 1 1 1 1 1 1 2 1 2 1 1 1 1 2 1 1 1 2 2 1 1 1 1 1 2 1 2 2 1 1 2 1 0 0 2 2 2 3 3 4 2 3 2 3 3 5 2 4 3 3 3 3 3       5000      15000      70000 
18693	 729000	1 1 1 1 1 1 0 1 1 2 1 1 0 1 1 1 1 1 0 1 1 0 1 1 0 1 1 1 1 1 0 1 1 1 1 1 1 1 1 1 1 1 2 1 1 1 1 1 1 2 2 1 1 0 2 1 1 1 1 2 2 1 1 2 1 1 2 1 1 0 2 2 2 3 3 4 2 2 2 3 3 5 2 2 3 3 3 3 3 3      15750      65250       6750 
19089	 713000	1 1 1 1 1 1 1 0 0 1 1 2 1 1 0 1 0 1 1 1 0 1 2 0 1 1 0 1 1 1 1 2 0 1 0 1 1 1 1 1 2 1 1 1 2 1 1 1 2 1 1 1 1 1 1 1 2 1 1 1 1 1 2 1 1 2 1 1 2 2 3 0 3 2 2 2 2 4 3 2 2 2 3 5 3 4 3 3 3 3      63000       8500      18500 
19485	 693000	1 1 1 1 1 1 0 0 1 2 1 1 0 1 1 1 0 1 0 1 1 0 2 1 0 1 1 1 1 1 0 2 1 1 0 1 1 1 1 1 2 1 2 1 1 1 1 1 1 1 1 1 1 1 2 1 1 1 1 1 2 1 1 2 1 1 2 1 1 0 3 2 2 2 3 4 2 2 2 2 3 5 3 2 3 4 3 3 3 4      18500       8500      63000 
22356	 682000	1 1 1 1 2 1 0 1 1 2 2 1 0 1 1 1 1 1 0 1 1 0 0 1 0 1 1 1 2 1 0 1 1 1 1 1 1 1 1 1 1 1 2 1 1 1 1 1 1 1 1 1 1 1 2 1 1 1 2 1 2 1 1 2 1 1 2 1 1 0 1 2 3 3 3 4 3 2 2 1 3 5 2 2 3 3 3 2 3 4      14000       7000      65000 
23247	 666000	1 0 1 1 1 1 1 0 1 2 2 1 0 0 1 1 1 1 0 0 1 0 0 1 0 0 1 1 1 1 0 0 1 1 1 1 1 1 1 0 1 1 2 2 1 1 1 1 1 1 1 1 2 1 2 2 1 0 2 1 2 1 1 2 2 1 2 2 1 0 0 2 3 3 3 4 4 2 2 2 3 5 5 2 4 4 3 2 1 4       2000      14000      72000 
25425	 657000	1 0 1 1 1 1 1 0 1 2 2 1 0 0 1 1 1 1 0 0 1 0 0 1 0 0 1 1 1 1 0 0 1 1 1 1 1 1 1 0 2 1 2 2 1 1 1 1 1 1 1 1 2 1 2 1 1 0 2 1 2 1 1 2 2 1 2 2 1 0 0 2 3 3 3 4 4 2 2 2 3 5 5 2 4 4 3 2 1 4       2250      13500      72000 
27108	 647000	1 1 0 1 1 1 1 1 0 1 1 2 1 1 0 1 1 1 1 1 0 1 1 0 1 1 0 1 1 1 1 1 0 1 1 1 1 1 1 2 1 2 1 1 1 0 1 1 1 1 1 2 1 2 1 1 1 1 1 2 2 1 1 1 1 2 0 1 2 3 2 0 2 3 3 2 2 4 2 3 2 3 2 6 3 3 4 3 4 1       6000      66000      15750 
29583	 635000	0 1 1 1 1 1 0 1 1 2 1 1 0 1 1 1 1 2 0 1 1 0 1 1 0 1 1 1 1 1 0 1 1 1 1 1 1 1 0 2 1 2 1 1 1 1 1 0 1 1 1 2 1 2 1 1 1 2 1 1 1 1 3 2 1 1 2 1 0 0 2 3 3 3 2 4 2 2 2 3 1 6 2 3 4 3 3 1 4 3      15750      65875       6125 
37503	 630668	0 1 0 1 1 1 0 1 1 2 1 1 0 1 1 1 1 2 0 1 1 0 1 1 0 1 1 1 1 1 0 1 1 1 1 1 1 1 0 2 1 2 1 1 1 1 1 0 1 1 1 2 1 2 1 1 1 2 1 1 1 1 4 2 1 1 2 1 0 0 2 3 3 3 2 4 2 2 2 3 1 6 2 3 4 3 3 1 4 3      15750      67917       4083 
38097	 574000	0 1 1 1 1 1 0 1 1 1 1 1 0 1 1 1 1 1 0 1 1 0 1 1 0 1 1 1 1 1 0 1 1 1 1 1 1 1 1 2 1 1 1 1 1 1 1 1 1 1 1 2 1 1 1 1 1 2 1 1 1 2 1 3 1 1 2 1 1 0 2 2 3 2 3 4 3 2 2 2 3 6 2 2 4 3 3 1 4 4      14000      28000      44000 
41661	 540000	0 1 1 1 1 1 0 1 1 1 1 1 0 1 1 1 1 1 0 1 1 0 1 1 0 1 1 1 1 1 1 1 1 1 1 1 1 1 1 2 1 1 1 1 1 1 1 1 1 1 1 2 1 1 1 1 1 2 1 1 1 2 1 3 1 1 2 1 1 0 2 2 3 2 3 4 3 2 2 2 3 6 2 2 4 3 3 0 4 4      15000      25000      45000 
0	1698000	0 1 1 0 2 2 0 2 2 2 0 0 1 0 2 0 2 1 1 1 0 0 2 1 0 2 4 0 0 3 2 0 0 1 1 0 2 0 0 2 0 0 1 1 0 1 1 1 0 1 4 1 0 3 2 0 4 1 3 0 1 4 0 0 1 2 1 1 0 3 1 0 2 1 4 2 3 2 3 5 2 3 2 0 2 5 4 8 0 0      45000      45000      24000 
990	1558500	0 1 1 0 1 2 1 1 1 0 2 0 1 0 1 0 2 1 2 1 1 3 0 1 1 0 1 1 3 0 2 1 1 0 1 1 2 1 1 0 1 1 1 1 1 3 0 2 0 2 1 2 1 0 2 0 1 0 1 1 3 1 1 2 0 1 1 2 0 2 1 2 2 3 4 1 4 1 5 2 4 4 1 2 1 4 5 0 4 3      20250      40500      49500 
1188	1468000	2 0 1 0 0 1 1 1 1 1 0 1 0 0 1 1 0 2 1 2 1 1 3 0 0 1 1 1 1 3 1 2 1 1 1 1 2 2 1 1 0 1 1 1 1 2 3 1 0 0 2 0 2 1 2 2 1 0 2 1 1 3 0 2 2 0 1 1 1 2 2 1 7 1 3 1 1 3 1 5 2 4 3 1 0 1 5 5 0 3      18200      26800      63000 
2079	1320000	0 0 2 0 1 1 1 0 1 0 1 1 0 1 1 0 1 2 2 1 0 3 0 0 1 2 1 1 0 3 2 1 1 1 1 1 2 1 1 0 2 1 1 1 1 3 1 2 0 0 2 2 1 1 2 0 0 2 1 1 3 1 0 2 1 0 1 1 1 2 3 1 1 2 3 1 3 3 5 3 2 3 3 1 1 2 5 0 7 3      40500      22500      40500 
2970	1285000	0 2 0 1 1 1 5 1 0 1 1 3 0 1 2 0 2 0 1 0 1 1 0 1 2 1 1 1 3 1 1 1 1 1 1 1 1 1 2 1 1 1 2 1 0 1 2 1 0 2 0 1 1 0 1 0 2 1 1 1 2 0 1 2 0 1 2 1 1 1 1 3 2 3 2 1 4 1 2 2 3 3 1 3 3 4 1 2 3 7      40500      40500      22500 
11079	1274000	0 1 1 1 1 0 0 1 4 3 1 1 2 1 0 0 2 1 1 0 1 1 0 1 1 1 2 1 3 1 1 1 1 1 1 1 2 1 1 1 1 1 0 1 1 1 2 1 0 2 1 0 1 1 2 0 1 1 1 1 1 0 2 1 1 3 1 1 2 3 1 1 2 3 2 1 4 1 3 2 2 3 1 3 1 4 2 7 3 2      18000      36000      45000 
14544	1260000	0 1 1 1 1 0 0 1 4 3 1 1 2 1 0 0 2 1 2 0 1 1 0 1 1 1 2 1 3 1 1 1 1 1 1 1 1 1 1 1 1 1 0 1 1 1 2 1 0 2 1 0 1 1 2 0 1 1 1 1 1 0 2 1 1 3 1 1 2 3 1 1 2 3 2 1 4 1 3 2 2 3 1 3 1 4 2 7 3 2      18000      36000      45000 
15435	1246000	0 1 1 1 1 0 0 1 4 3 1 1 2 1 0 0 2 1 2 0 1 1 1 1 1 1 2 1 2 1 1 1 1 1 1 1 1 1 1 1 1 1 0 1 1 1 2 1 0 2 1 0 1 1 2 0 1 1 1 1 1 0 2 1 1 3 1 1 2 3 1 1 2 3 2 1 4 1 3 2 2 3 1 3 1 4 2 7 3 2      19000      38000      43000 
15732	1234000	0 1 1 1 1 0 0 1 4 3 1 1 2 2 0 0 1 1 2 0 1 1 1 1 0 1 2 1 2 1 1 1 1 1 1 1 1 1 1 1 1 1 0 1 1 1 2 1 0 2 1 0 1 1 2 0 1 1 1 1 1 0 2 1 1 3 1 1 2 3 1 1 2 3 2 1 4 1 3 2 2 4 1 3 1 4 2 7 3 2      20000      40000      41000 
16326	1207500	1 1 1 1 1 0 1 1 4 1 0 1 0 2 0 2 0 0 0 2 1 1 2 1 1 1 2 2 1 0 1 1 2 1 1 1 1 1 1 1 1 2 1 1 1 2 1 1 2 0 1 1 0 2 0 2 1 1 1 1 0 1 2 1 1 3 1 1 2 1 3 1 3 2 2 4 1 1 2 3 2 2 3 3 4 1 2 3 6 1      40500      31500      29250 
19197	1142000	1 1 0 2 1 0 1 1 3 0 1 1 2 1 0 1 2 0 1 0 1 1 1 1 1 2 0 1 3 2 1 0 1 1 1 1 2 0 1 1 1 1 2 1 1 2 2 0 2 2 0 1 1 1 0 0 3 1 1 1 2 0 3 1 1 3 1 1 1 2 0 2 3 3 2 2 4 1 2 2 3 1 2 3 2 4 3 2 3 3      28600      26600      43400 
26523	1094000	2 1 0 1 1 0 1 1 2 1 1 1 1 1 0 1 2 0 1 1 1 1 1 1 1 2 0 1 3 2 1 0 1 1 1 1 1 0 1 1 1 1 3 1 1 1 2 0 1 2 0 2 1 1 1 0 3 1 1 1 1 0 3 1 1 3 1 1 2 2 0 2 2 3 2 3 3 1 2 2 3 2 2 3 2 4 3 2 3 3      38668      25666      33332 
30978	1080546	1 2 0 1 1 0 1 1 2 1 1 1 1 1 0 2 1 0 1 1 1 0 1 1 1 2 0 3 0 2 0 1 1 1 1 1 0 1 1 0 1 1 1 2 1 2 1 0 2 2 0 1 2 1 0 1 3 1 1 1 0 1 3 1 1 3 1 1 2 0 2 2 3 2 2 3 3 1 2 2 3 3 2 3 4 2 3 5 2 3      15182      51727      29273 
32166	1080000	0 1 1 0 1 2 4 1 1 1 1 1 0 1 1 0 1 1 1 1 1 1 1 1 0 1 1 2 1 0 1 1 1 1 1 1 0 2 1 0 1 1 1 2 1 0 2 0 1 1 2 0 2 3 1 1 1 1 1 1 3 1 1 2 1 1 3 1 0 1 2 2 3 2 2 2 2 3 4 2 2 3 3 2 4 2 3 2 2 4      16000      45000      36000 
32463	1046000	1 1 2 1 1 1 2 1 1 1 1 1 0 1 1 0 2 1 0 1 1 1 0 1 1 1 2 2 3 0 1 0 1 1 0 1 1 0 1 1 0 1 1 1 2 0 2 1 0 2 2 0 1 2 1 0 1 1 1 1 4 0 1 2 1 1 2 1 1 2 1 2 2 3 2 1 3 3 3 2 2 3 3 2 4 4 2 3 5 2      29000      15000      52000 
32562	 822000	0 1 1 0 1 1 2 0 1 0 1 1 0 1 1 0 2 1 0 1 1 1 1 1 0 1 1 2 3 0 2 0 1 1 1 1 2 1 1 0 0 2 1 1 2 0 3 1 0 1 2 1 0 2 3 0 1 2 0 1 3 0 1 4 1 1 2 1 1 2 0 2 2 4 2 1 3 3 3 2 2 3 3 2 2 4 3 3 5 2      22778      24333      45000 
38997	 812858	0 1 1 0 1 1 2 0 1 0 1 1 0 1 1 0 1 1 0 1 1 1 1 1 0 1 1 2 3 0 2 0 1 2 1 1 2 1 1 0 0 2 1 1 2 0 3 1 0 1 2 1 0 2 3 0 1 2 0 1 3 0 1 4 1 1 2 1 1 2 0 2 2 4 2 1 3 3 3 3 2 3 3 2 2 4 3 2 5 2      22143      23572      45714 