
0	2036000	0 1 2 3 5 3 5 3 7 4 8 7 4 19 16 12 9 13 10 13 10 13 11 13 14 17 15 17 17 16 18 20 20 20 21 20 22 21 1 22 12 23 19 23 25 23 25 24 23 24 26 24 26 24 26 24 26 24 6 25 27 26 27 26 28 26 28 26 29 26 29 27 29 27 29 27 29 28 29 28 29 28 29 28      86250      34500 
99	1626000	20 2 0 3 1 7 2 8 3 8 7 9 4 10 5 13 5 16 6 16 6 16 9 17 10 18 11 18 12 18 12 19 12 20 13 21 14 21 14 22 15 23 15 23 22 24 11 24 23 24 23 24 23 24 25 24 26 25 26 25 26 25 17 26 27 27 19 27 28 27 28 29 28 29 28 29 28 29 28 29 29 29 29 29      63000      48000 
198	1003000	4 1 6 29 9 5 3 8 3 10 4 11 10 19 28 12 11 13 13 15 29 15 0 16 19 16 14 0 14 17 25 18 14 18 16 20 17 7 6 2 19 12 20 21 20 21 21 22 22 23 23 27 23 23 23 24 24 24 24 24 24 9 25 25 25 25 25 26 26 26 27 27 27 27 28 28 29 28 29 28 29 26 29 29      31500      63000 
585	 716000	0 9 1 10 2 11 3 12 4 13 5 13 6 14 7 14 8 29 9 15 10 24 11 16 12 17 29 17 14 18 15 18 16 19 17 19 18 20 19 20 20 21 21 21 22 22 23 22 23 23 13 23 24 24 24 24 25 24 25 25 25 25 26 25 26 26 26 26 27 26 27 27 27 27 29 27 28 28 28 28 28 29 29 29      74250      14625 
783	 566000	9 0 10 1 11 2 12 3 28 4 13 5 3 6 14 7 15 8 14 9 16 10 25 11 1 12 17 13 29 14 18 15 19 16 19 17 20 29 20 19 21 20 21 21 22 22 22 23 8 23 23 24 29 18 24 24 24 29 25 25 25 25 25 26 26 26 26 26 25 27 27 27 27 27 27 28 28 24 28 28 29 28 29 29      16000      68000 
882	 156000	0 9 1 10 2 11 3 12 4 13 5 13 6 14 7 14 8 29 9 15 10 24 11 16 12 17 13 17 14 18 15 18 16 19 17 19 29 20 19 20 20 21 21 21 22 22 23 22 23 25 24 23 18 24 24 24 29 24 25 25 25 25 26 25 26 26 26 26 27 25 27 25 27 24 28 27 28 29 28 28 28 29 29 29      66000      16500 
981	 151000	0 9 1 10 2 11 3 12 4 13 5 29 6 14 7 24 8 29 9 15 10 24 11 16 12 17 13 17 14 18 15 18 16 19 17 19 29 20 19 20 20 21 21 21 22 22 23 22 23 23 24 23 18 24 24 24 29 24 25 28 25 25 26 25 26 28 26 26 27 26 27 27 27 27 28 29 28 28 25 28 28 29 29 29      65500      16750 
1179	 121336	9 0 29 1 20 2 12 3 10 4 13 5 24 6 14 28 25 8 15 9 25 10 16 11 17 12 17 13 23 14 18 15 19 16 19 17 24 29 20 19 13 20 21 21 22 22 22 23 29 23 24 24 24 18 24 24 24 29 25 25 25 25 25 26 11 26 26 26 26 27 27 27 25 27 21 28 28 7 29 28 29 28 29 29      16334      66000 
0	2272000	2 0 12 0 7 0 8 0 8 1 8 1 9 2 10 3 10 3 11 4 11 5 11 5 13 10 15 12 14 13 27 16 19 16 22 16 22 17 24 17 24 17 25 17 25 18 26 18 27 18 6 19 24 20 28 20 28 20 28 20 28 21 28 21 23 22 29 23 29 25 29 25 23 25 4 25 29 26 29 26 29 26 29 27      81000      45000 
99	1445000	1 25 2 0 4 1 21 3 5 4 6 5 7 6 8 22 23 7 24 9 11 10 13 10 27 10 14 10 15 12 15 12 16 14 17 16 18 16 27 17 19 17 20 18 23 23 24 19 25 20 25 20 26 21 26 22 28 22 28 23 0 24 12 24 28 25 29 25 29 25 9 26 29 26 29 26 3 22 29 27 29 27 29 27      84000      22500 
297	1106000	0 15 10 25 4 3 1 4 11 10 6 6 16 6 12 15 13 9 15 12 5 12 17 14 18 19 19 10 15 21 20 21 22 21 26 21 22 22 14 22 23 11 23 22 27 23 24 24 24 24 25 25 25 24 21 25 26 18 2 27 8 26 27 26 28 26 28 26 28 27 28 27 9 28 7 20 29 18 3 29 29 29 29 29      81000      15000 
396	1082000	0 5 20 2 25 4 3 18 3 7 7 16 8 8 8 9 9 29 9 10 11 11 8 13 11 14 14 14 15 1 15 15 15 15 18 12 19 17 12 24 21 19 22 20 22 21 23 0 24 22 24 23 24 23 25 24 25 25 25 25 1 27 26 26 26 26 26 6 27 27 27 27 28 28 28 28 29 3 29 28 29 29 29 29      15000      81000 
495	 931500	0 27 10 25 4 3 1 25 11 10 6 24 25 6 12 15 13 9 15 12 5 12 17 14 18 19 19 10 15 21 20 21 22 21 26 21 16 22 14 27 23 11 23 22 27 23 24 24 24 24 25 25 25 24 21 25 26 18 2 27 8 26 27 26 28 26 28 26 28 27 28 27 9 28 7 20 29 18 3 29 29 29 29 29      81000      11250 
594	 774000	5 7 2 18 4 26 18 4 7 15 16 2 8 20 9 1 29 21 20 6 11 5 13 9 14 9 26 10 1 16 10 11 15 13 12 13 17 14 24 15 19 17 24 0 21 20 0 21 22 22 23 12 23 23 24 19 25 24 25 24 27 25 26 25 26 25 6 25 27 26 27 27 28 27 28 28 3 28 28 28 29 29 29 29      72000      18000 
693	 730000	25 5 0 2 28 4 13 18 19 7 7 16 19 8 2 9 14 29 17 20 3 11 16 13 16 14 16 26 15 1 18 10 20 15 20 12 20 17 21 24 22 19 8 24 3 21 24 0 24 22 24 23 25 23 25 24 25 25 17 25 26 27 26 26 26 26 27 6 27 27 25 27 28 28 28 28 29 3 29 28 29 29 29 29      10000      80000 
891	 560000	29 5 18 2 22 4 4 18 13 7 25 16 20 8 1 9 21 29 28 20 5 11 19 13 9 14 10 26 16 1 11 10 13 15 13 12 14 17 15 24 17 19 0 24 20 21 21 0 22 22 12 23 23 23 19 24 25 25 29 25 25 27 25 26 25 26 25 6 26 27 27 27 27 28 28 28 28 3 28 28 29 29 29 29      15000      70000 
1089	 554000	29 5 18 2 24 4 4 18 13 7 25 16 20 8 1 9 21 29 28 20 5 11 19 13 22 14 10 26 16 1 11 10 13 15 13 12 14 17 15 24 17 19 0 24 20 21 21 0 22 22 12 23 23 23 19 24 25 25 29 25 25 27 25 26 25 26 25 6 26 27 27 27 27 28 28 28 28 3 28 28 29 29 29 29      14000      72000 
1287	 490000	25 5 25 2 10 4 13 18 19 7 21 16 19 8 28 9 14 29 29 20 22 11 12 13 16 14 17 26 15 1 18 10 20 15 20 12 20 17 21 24 22 19 18 24 3 21 28 0 9 22 24 23 25 23 25 24 25 25 17 25 25 27 28 26 26 26 14 6 27 27 25 27 28 28 28 28 29 3 29 28 29 29 29 29      12500      72500 
1386	 480000	29 5 10 2 19 4 24 18 11 7 25 16 26 8 12 9 13 29 25 20 25 11 15 13 18 14 19 26 25 1 20 10 22 15 21 12 16 17 14 24 23 19 29 24 27 21 20 0 28 22 25 23 25 23 21 24 26 25 17 25 8 27 27 26 28 26 24 6 28 27 28 27 9 28 13 28 29 3 22 28 29 29 29 29      16000      67000 
1872	 105600	29 5 10 2 19 4 24 18 11 7 25 16 26 8 12 9 15 29 25 20 25 11 15 13 18 14 28 26 19 1 20 10 22 15 21 12 16 17 14 24 23 19 29 24 27 21 20 0 28 22 25 23 25 23 21 24 26 25 17 25 24 27 27 26 28 26 25 6 28 27 28 27 9 28 13 28 29 3 22 28 29 29 29 29      16400      66000 
0	1814000	2 0 4 1 4 2 5 2 6 7 7 8 8 9 6 9 9 10 10 10 11 10 12 10 13 11 13 16 13 16 14 17 14 17 15 18 15 18 17 19 12 20 19 3 20 21 21 23 22 24 22 24 3 25 23 26 24 26 24 27 26 27 25 27 25 28 25 28 25 28 26 28 27 23 28 29 29 29 29 29 29 29 29 29      63000      54000 
99	1010000	2 0 4 1 4 2 5 2 6 7 7 8 8 9 6 9 5 10 24 10 11 27 12 10 13 11 26 16 13 16 14 17 14 17 15 18 15 18 17 19 12 20 19 3 20 21 21 23 22 24 22 24 3 25 23 26 24 26 24 27 26 27 25 27 25 28 25 28 25 28 26 28 27 23 28 22 29 29 29 29 29 29 29 29      40666      54000 
486	 734000	0 9 1 10 2 11 3 12 4 13 5 13 6 14 7 14 8 15 9 15 10 16 25 16 12 24 13 17 14 18 15 29 16 19 17 19 18 20 19 20 20 29 21 21 22 22 23 22 23 23 29 23 24 24 24 24 25 24 29 25 25 25 26 25 26 26 26 26 27 26 27 27 27 27 28 27 28 28 28 28 11 29 29 29      72000      18000 
684	 560000	9 2 10 0 11 4 12 5 16 6 24 7 3 8 14 28 15 9 24 10 25 11 16 12 17 13 27 27 18 13 18 28 19 14 19 15 20 16 20 17 21 1 21 19 22 20 22 21 23 22 23 28 24 3 24 23 24 24 23 24 27 26 25 25 26 18 26 25 26 25 27 26 27 27 27 28 26 29 28 29 23 29 29 29      20000      65000 
1080	 168500	0 9 1 21 2 11 3 12 4 13 5 13 6 14 7 28 8 15 9 15 10 16 25 28 12 24 13 10 14 18 15 29 16 19 17 19 18 20 19 20 20 29 21 21 22 22 23 22 23 23 29 23 24 24 24 24 25 24 29 25 25 25 26 17 26 26 26 17 27 26 27 27 27 27 28 24 28 28 28 28 11 29 29 29      65500      16750 
1674	 121600	9 0 21 1 11 2 12 3 28 4 13 5 14 6 28 7 15 8 15 9 16 10 28 25 24 12 10 13 18 14 29 15 19 16 19 17 20 18 20 19 29 20 21 21 22 22 22 23 24 23 23 29 24 24 24 24 24 25 25 29 25 25 17 26 26 26 17 26 26 27 27 27 29 27 24 28 28 28 28 28 29 11 29 29      16400      66000 
2070	 105600	9 0 16 1 28 2 11 3 28 4 24 5 29 6 14 7 15 8 10 9 29 10 24 25 24 12 17 13 18 14 21 15 19 16 19 17 20 18 20 19 29 20 21 21 22 22 22 23 13 23 23 29 24 24 24 24 24 25 25 29 25 25 13 26 26 26 26 26 12 27 27 27 27 27 28 28 28 28 28 28 29 11 29 29      16400      66000 
0	2264000	0 3 1 3 2 5 3 7 4 7 5 7 6 7 8 8 10 8 11 9 12 9 13 9 14 9 16 14 17 16 18 16 19 17 19 18 23 20 25 20 25 21 25 21 26 21 26 21 26 21 26 22 26 22 26 22 27 23 27 23 27 24 27 24 15 24 28 24 28 24 29 25 29 25 29 25 29 27 29 27 29 28 29 28      81000      45000 
99	 938000	0 1 28 2 13 4 2 4 5 4 6 10 8 7 8 7 8 18 8 20 9 12 9 11 12 13 10 14 3 16 15 16 17 16 17 18 19 18 29 19 22 20 21 21 23 22 23 1 24 23 14 24 24 24 24 25 25 25 25 25 26 25 26 26 26 26 11 26 27 26 27 27 28 27 28 27 28 15 29 20 29 28 29 29      63000      31500 
297	 888000	0 1 28 2 13 4 2 4 5 4 6 10 7 7 8 7 8 18 8 20 9 12 9 11 12 13 10 14 3 16 15 16 17 16 17 18 19 18 29 19 22 20 21 21 23 22 23 1 24 23 14 24 24 24 24 25 25 25 25 25 26 25 26 26 26 26 11 26 27 26 27 27 28 27 28 27 28 15 29 20 29 28 29 29      63000      30000 
594	 760000	22 9 20 1 2 2 18 10 19 22 6 12 6 7 11 8 4 10 12 13 18 5 17 15 18 11 18 17 16 14 14 19 19 20 15 16 20 21 23 28 13 23 21 4 23 6 23 24 24 24 24 24 25 25 25 25 25 25 9 26 25 3 25 27 26 27 26 27 27 28 27 28 28 0 28 29 28 29 29 26 29 29 29 26      22500      67500 
891	 600250	22 9 20 1 29 2 18 10 19 22 6 12 6 7 11 8 22 10 12 13 21 5 17 15 18 11 18 17 16 14 14 19 19 20 15 16 20 21 23 28 13 23 21 4 23 6 28 24 18 24 24 24 25 25 25 23 25 25 9 26 25 3 25 27 26 27 26 27 27 28 27 28 28 0 28 29 28 29 29 26 29 29 29 26      20250      64375 
1476	 574000	9 9 3 1 25 2 12 18 13 22 28 12 14 7 14 8 15 10 15 13 16 5 16 15 17 11 29 17 18 14 18 19 19 20 19 16 20 21 20 28 21 23 21 4 22 6 22 24 23 24 23 24 24 25 28 23 29 25 25 26 25 3 25 27 26 27 26 27 26 28 25 28 27 0 27 29 28 29 28 26 29 29 29 26      14000      72000 
1674	 566400	9 9 1 23 2 1 18 12 22 13 12 13 7 14 8 14 10 15 23 3 5 8 15 11 11 13 17 17 14 29 19 18 20 13 16 19 21 20 28 20 23 21 4 21 6 22 24 22 24 10 24 28 25 24 25 24 25 24 26 16 3 25 27 19 27 28 27 26 28 26 28 27 0 27 29 13 29 28 26 28 29 29 26 29      67800      16200 
1773	 139200	9 9 10 1 25 2 12 18 13 22 24 12 25 7 14 8 15 10 15 13 16 5 16 15 17 11 29 17 18 14 18 19 19 20 19 16 20 21 20 28 21 23 21 4 22 6 22 24 23 24 28 24 24 25 28 23 29 25 25 26 25 3 25 27 26 27 11 27 26 28 25 28 27 0 28 29 28 29 28 26 29 29 29 26      16400      66000 
1872	 121600	9 9 10 1 25 2 12 18 13 22 24 12 25 7 14 8 29 10 15 13 16 5 16 15 17 11 29 17 18 14 18 19 19 20 19 16 20 21 20 28 21 23 21 4 22 6 22 24 23 24 28 24 24 25 28 23 29 25 25 26 25 3 25 27 26 27 11 27 26 28 25 28 27 0 28 29 28 29 28 26 29 29 29 26      16400      66000 
0	1630000	0 1 22 4 11 5 1 8 2 8 16 9 3 9 4 10 6 10 10 10 13 10 27 12 14 12 17 13 18 14 18 15 19 15 20 15 21 16 22 17 23 17 23 17 27 19 7 20 24 20 25 21 25 21 25 23 26 24 26 24 28 24 28 25 5 25 28 26 11 26 29 27 29 27 29 27 29 28 29 28 29 29 29 29      63000      48000 
99	1240000	5 0 6 6 7 21 9 2 10 2 10 3 11 26 12 3 13 5 8 6 15 8 16 11 19 12 19 13 20 13 21 4 1 14 23 14 23 16 23 17 24 17 24 17 15 18 24 18 9 18 25 20 25 22 4 22 26 22 27 26 27 22 28 24 28 25 28 25 28 25 28 26 0 26 29 27 29 27 29 27 29 28 29 28      63000      40500 
198	 971000	0 1 22 4 11 10 1 8 2 8 16 9 3 9 4 10 6 26 10 28 13 10 27 12 14 12 17 13 18 14 18 15 19 15 20 15 21 16 22 17 23 17 23 17 27 19 7 20 24 20 25 21 25 21 25 23 26 24 26 24 28 24 28 25 5 25 28 26 11 26 29 27 24 27 29 27 29 28 9 28 12 29 29 29      63000      31500 
396	 772000	1 0 4 22 10 11 8 1 8 2 7 16 9 3 24 4 26 6 28 10 10 13 6 27 25 14 13 17 14 18 15 18 15 19 15 20 16 21 26 22 17 23 17 23 19 27 8 7 20 24 12 25 21 25 23 25 24 26 24 26 24 28 25 28 25 5 26 28 26 11 27 29 27 24 27 29 28 29 28 9 29 12 27 29      27000      63000 
495	 738000	0 28 22 4 11 24 1 8 2 15 16 26 3 9 4 10 6 26 10 28 13 10 27 12 14 27 8 13 18 14 18 15 19 15 20 15 21 16 22 17 23 17 23 17 27 19 7 20 24 20 25 21 25 21 25 23 26 24 26 24 28 24 28 25 5 25 28 26 11 26 29 27 24 27 29 27 29 28 9 28 12 29 29 29      63000      27000 
693	 726000	0 19 22 4 11 10 1 8 2 8 16 26 3 9 4 10 6 26 24 28 13 10 27 12 14 3 17 13 18 14 18 15 19 15 20 15 21 16 22 8 23 17 23 17 27 19 7 20 24 20 25 21 25 21 25 23 26 24 26 24 28 24 28 25 5 25 28 26 11 26 29 27 24 27 29 27 29 28 9 28 12 27 29 29      63000      27000 
792	 690000	1 10 10 26 2 17 4 5 8 25 7 6 11 8 12 28 9 11 13 25 14 12 29 19 16 20 15 14 17 23 24 23 19 23 18 24 20 24 21 22 3 22 5 13 22 25 23 25 24 21 24 9 0 26 25 26 25 26 6 26 19 23 26 27 26 27 27 16 27 27 27 15 28 29 28 29 28 18 28 29 29 29 29 29      70000      20000 
891	 650000	1 10 10 26 2 17 4 5 8 25 7 25 22 8 12 28 9 11 13 25 14 12 29 19 16 20 15 14 17 23 24 23 19 23 18 24 20 24 21 22 3 22 5 13 22 25 23 25 24 21 24 9 0 26 25 26 25 26 6 26 26 23 26 21 11 27 27 16 27 19 27 15 28 29 28 29 28 18 28 29 29 29 29 29      70000      20000 
1089	 596000	28 0 4 22 24 10 24 1 15 2 26 16 9 3 17 4 26 6 28 25 10 13 12 27 27 14 13 8 14 18 15 18 15 19 15 20 16 21 17 22 17 23 17 23 19 27 20 7 20 24 21 25 21 25 23 25 24 26 24 26 24 28 11 28 26 5 26 28 26 11 27 29 27 24 19 29 28 29 28 9 29 12 27 29      22500      63000 
1188	 585000	10 1 24 10 17 2 5 4 25 8 25 7 8 11 26 12 11 9 24 13 12 29 19 14 20 16 14 15 24 17 23 17 23 19 24 18 24 20 22 21 22 3 13 5 25 22 25 23 21 24 9 24 21 0 25 25 26 25 26 6 23 26 23 26 27 26 16 27 19 27 15 27 29 28 20 28 18 28 29 28 29 29 29 29      17500      70000 
1773	 171000	1 23 10 24 2 17 4 10 8 13 7 25 11 27 12 26 9 11 13 24 14 12 29 19 16 20 15 14 25 24 17 23 19 23 18 24 20 24 21 22 3 22 5 13 22 25 23 24 24 21 24 9 0 21 25 25 25 26 6 26 26 23 26 23 26 27 27 16 27 19 27 15 28 29 28 20 28 18 28 29 29 29 29 29      66000      16500 
0	1710800	2 0 15 0 17 0 5 1 5 2 6 14 6 3 7 4 10 6 12 7 12 8 14 9 16 10 16 10 18 13 18 13 19 13 19 17 19 18 11 20 21 20 21 21 22 22 24 23 24 23 24 23 24 23 25 24 26 24 11 25 27 25 15 25 28 26 28 26 28 26 28 26 29 27 9 27 29 27 29 28 29 28 29 28      50400      63000 
198	1245000	2 0 15 0 17 0 5 1 5 29 4 14 6 3 7 4 0 6 12 7 12 8 14 9 16 10 16 10 18 13 18 15 19 13 19 17 19 18 11 20 21 20 29 21 22 22 24 23 24 23 24 23 2 23 25 24 26 24 11 25 27 25 15 25 28 26 28 26 28 26 28 26 29 27 9 27 29 27 29 28 29 28 29 28      40500      63000 
495	 927000	1 27 9 26 2 0 18 1 0 5 5 14 8 3 12 4 14 6 13 7 7 8 15 9 24 10 16 25 6 27 17 29 19 13 20 17 21 18 4 20 22 20 22 21 27 22 23 23 23 23 24 23 10 23 24 24 25 24 25 25 11 25 26 25 26 26 27 26 19 26 28 26 28 27 28 27 3 27 29 28 29 28 29 28      81000      11250 
594	 790000	7 1 6 9 9 2 1 18 2 0 28 5 7 8 11 12 10 14 12 13 18 19 13 15 14 29 15 16 25 6 3 17 20 27 25 20 21 21 16 4 22 19 22 22 23 27 24 23 24 23 24 24 24 10 17 24 25 25 26 25 26 11 26 26 8 26 27 27 27 28 7 28 28 28 28 28 28 3 28 29 29 29 29 29      27000      63000 
792	 683334	15 1 14 9 6 2 11 18 1 6 16 27 9 8 28 24 22 14 21 13 28 7 10 15 7 20 17 16 18 25 19 17 19 19 20 22 25 21 22 4 21 12 23 5 23 27 23 23 24 23 24 29 24 10 24 24 24 25 25 26 25 11 25 26 25 26 26 27 26 0 13 28 27 28 27 28 27 3 28 29 29 29 29 29      16667      73333 
1089	 168000	5 9 14 2 28 7 11 18 5 17 16 11 20 8 18 27 22 3 21 13 27 25 10 12 15 15 17 16 9 6 19 23 19 19 20 20 13 21 22 4 5 25 21 22 23 1 24 27 24 23 27 0 24 24 24 24 24 10 12 25 25 26 25 26 25 26 26 14 26 28 13 28 27 28 27 28 27 29 28 29 5 29 29 29      16572      65856 
1386	 122004	9 5 2 14 7 13 18 11 17 5 11 16 8 20 27 18 3 22 13 14 25 27 12 10 15 15 16 17 6 9 23 19 19 19 20 20 21 24 4 22 25 5 22 21 1 23 27 24 23 24 0 27 24 24 24 24 10 24 25 12 26 25 26 25 26 21 14 26 28 26 28 13 28 27 28 27 29 27 29 28 29 5 29 29      65857      16571 
2070	 121820	5 9 14 2 27 7 11 18 5 17 16 11 20 8 18 27 22 3 14 13 27 25 10 12 15 15 17 16 9 6 19 23 19 19 20 20 24 21 22 4 5 25 21 22 23 1 24 27 24 23 27 0 24 24 24 24 24 10 12 25 17 26 25 26 21 26 26 14 26 28 13 28 27 28 27 28 27 29 28 29 5 29 29 29      16364      65909 
2664	 121600	0 9 1 21 2 29 29 28 4 14 5 13 6 25 7 12 8 24 9 15 10 16 11 10 12 28 13 17 14 11 15 18 16 19 17 19 18 20 19 20 20 28 21 21 22 22 23 22 23 14 24 23 29 24 24 24 25 24 25 29 25 29 26 25 26 24 26 24 27 26 3 27 27 13 27 27 28 28 28 28 28 29 29 29      66000      16400 
0	1700000	0 1 0 3 0 3 1 5 22 5 4 7 6 12 7 12 10 12 9 12 11 12 12 13 13 14 14 2 16 17 18 17 18 19 2 19 20 19 22 19 15 21 23 20 16 21 8 21 24 23 25 23 26 24 26 24 27 25 17 25 27 25 27 25 27 26 28 26 28 26 28 26 24 28 28 28 29 29 29 29 29 29 29 29      81000      31500 
99	1602000	0 0 10 8 2 3 2 9 3 10 4 11 4 11 18 15 5 14 7 24 7 21 18 22 9 1 12 22 13 6 13 23 14 24 16 24 16 24 17 24 17 5 19 25 19 26 20 26 20 17 21 27 22 27 23 27 23 28 25 28 15 28 25 28 25 28 26 28 12 28 26 29 26 29 27 29 27 29 29 29 29 29 29 29      48000      63000 
297	1130000	0 0 10 8 2 3 2 9 3 10 4 11 4 11 18 15 5 14 7 24 7 21 18 18 9 1 12 22 13 6 13 23 14 24 16 25 16 24 17 24 17 5 19 25 19 26 20 26 20 17 21 27 22 27 23 27 23 28 25 28 15 28 25 28 25 28 26 28 12 28 26 6 26 29 27 29 8 29 20 29 29 29 29 29      45000      54000 
396	1126000	3 2 19 0 0 23 1 3 5 5 4 7 6 6 7 8 10 8 9 25 11 11 12 28 13 5 14 19 16 14 21 14 18 16 2 18 20 18 22 19 15 19 23 19 16 19 8 20 24 21 25 22 26 22 26 23 26 23 17 24 27 24 27 24 27 9 28 25 28 25 25 25 24 26 28 27 29 27 29 27 29 28 29 29      81000      18000 
594	 806000	20 3 5 19 23 0 8 1 18 5 11 4 12 6 23 7 13 10 13 9 4 11 17 12 27 13 23 14 19 16 7 21 14 18 12 2 21 20 22 22 23 15 23 23 23 25 24 8 25 24 25 25 23 26 25 26 26 24 26 17 26 27 26 27 26 27 27 28 27 28 27 25 28 24 28 28 28 29 28 29 29 29 29 29       9000      81000 
693	 804000	2 3 23 19 23 0 21 1 5 5 25 4 6 6 8 7 8 10 25 9 11 11 28 12 5 13 19 14 14 24 14 21 16 18 28 2 18 20 23 22 19 15 19 23 19 16 20 8 21 24 22 25 22 26 23 26 23 26 24 17 24 27 24 27 23 27 25 28 25 28 25 25 26 24 27 28 27 29 27 29 28 29 29 29       9000      81000 
792	 696000	20 3 26 19 23 0 20 1 18 5 11 4 22 6 23 7 13 10 13 9 4 11 17 12 27 13 23 14 19 16 21 21 14 18 12 2 21 20 22 22 23 15 23 23 23 25 24 8 15 24 25 25 23 26 25 26 26 24 26 17 26 27 26 27 26 27 27 28 19 28 27 25 28 24 28 28 28 29 28 29 29 29 29 29       9500      81000 
990	 672000	3 8 19 13 0 6 1 20 5 18 4 11 6 13 7 23 10 10 9 13 11 4 12 17 16 9 14 23 16 19 21 21 18 14 2 12 20 21 22 22 15 20 23 23 25 23 8 24 24 15 25 13 26 23 26 25 24 26 17 26 27 26 27 26 27 26 28 27 28 19 25 27 24 28 28 28 29 28 29 28 29 29 29 29      69750      20250 
1089	 671500	3 8 19 13 0 6 1 20 5 18 4 11 6 13 7 2 10 10 9 13 11 4 12 17 16 9 14 23 16 19 21 21 18 14 2 12 20 21 22 22 15 20 23 23 25 23 8 24 24 15 25 13 26 23 26 25 24 26 17 26 27 26 27 26 27 26 28 27 28 19 25 27 24 28 28 28 29 28 29 28 29 29 29 29      69750      20250 
1188	 650000	3 20 19 22 0 26 1 5 5 22 4 6 6 16 7 4 10 0 9 18 11 12 12 13 13 14 14 23 16 23 21 17 18 19 2 19 20 19 22 15 15 21 23 20 25 28 8 21 24 23 25 23 26 24 26 24 24 25 17 23 27 25 27 25 27 26 28 26 28 26 25 26 24 28 28 28 29 26 29 29 29 29 29 29      72000      14000 
1287	 635334	3 8 19 13 0 18 1 25 5 4 4 11 6 13 7 2 10 10 9 13 11 4 12 17 16 20 14 23 16 19 21 21 18 14 2 12 20 21 22 22 15 20 23 23 25 23 8 24 24 15 25 13 26 23 26 25 24 26 17 26 27 26 27 26 27 26 28 27 28 19 25 9 24 28 28 28 29 22 29 28 29 29 29 29      63333      20667 
1386	 552800	28 3 24 19 26 0 5 1 20 5 6 4 16 22 10 7 11 10 18 9 12 11 13 12 14 13 19 14 23 16 17 21 19 18 9 2 6 20 15 22 21 15 20 23 28 25 21 8 23 24 23 25 24 26 6 26 25 24 29 17 23 27 25 27 26 27 26 28 26 28 26 25 28 24 28 28 29 27 6 29 29 29 29 29      20800      63000 
1683	 510000	20 3 26 18 26 0 13 1 24 5 11 28 22 6 23 7 10 10 15 9 9 19 17 12 12 11 29 14 19 16 21 21 14 18 29 2 21 20 22 22 23 15 23 23 23 25 24 8 15 24 25 25 23 26 29 26 26 24 26 17 26 27 26 27 16 4 27 28 19 27 28 25 28 24 28 28 20 29 28 29 29 29 29 13      15000      70000 
1980	 490000	3 27 19 22 0 13 1 28 5 26 4 23 6 26 7 28 10 22 9 18 11 3 12 13 13 14 14 23 16 23 21 17 18 10 2 19 20 19 22 15 15 21 23 20 25 28 8 21 24 23 25 23 26 9 26 24 24 12 17 23 27 25 27 25 27 26 28 26 28 20 25 26 24 28 28 28 29 26 29 16 29 11 29 29      70000      15000 
2178	 105600	20 3 24 19 17 0 13 1 18 5 26 4 26 6 22 7 28 10 15 9 28 11 10 12 12 13 29 14 19 16 21 21 14 18 29 2 21 20 22 22 13 15 25 23 11 25 24 8 9 24 25 25 23 26 29 26 26 24 26 17 26 27 26 27 27 27 27 28 19 28 16 25 28 24 28 28 20 29 28 23 29 29 29 29      16400      66000 
0	1842000	1 0 3 1 4 2 13 3 6 5 8 5 7 9 12 9 12 10 15 10 16 11 23 11 19 11 19 16 20 17 2 17 20 17 21 17 21 18 21 19 22 20 14 22 24 23 24 23 25 24 25 13 25 26 26 26 26 26 26 26 18 27 24 27 27 27 28 27 28 28 28 28 29 28 0 28 29 28 29 29 29 29 29 29      81000      36000 
99	1436400	24 1 1 3 2 4 3 13 5 6 5 8 9 7 17 12 10 12 10 15 11 16 11 23 11 19 16 19 17 20 17 2 27 20 17 21 18 21 23 10 20 22 22 14 23 9 23 24 24 25 13 25 26 25 26 26 26 26 26 26 27 18 27 24 27 27 27 28 28 28 28 28 28 29 28 0 5 29 29 29 29 29 29 29      25200      81000 
198	1130000	29 1 5 3 6 4 6 13 6 27 6 8 9 7 10 12 10 12 10 15 14 16 11 23 5 9 2 19 15 20 16 2 17 20 17 21 17 21 18 21 25 22 21 14 22 24 23 24 8 11 24 25 24 25 25 26 25 26 19 26 26 18 26 24 23 5 27 28 27 28 27 28 27 29 28 0 28 13 28 29 29 29 29 29      36000      63000 
297	1062000	3 0 18 1 9 2 6 12 0 19 8 7 1 19 10 12 7 12 11 13 23 13 14 13 14 17 15 18 15 18 16 19 2 19 17 19 4 20 20 21 21 21 22 16 22 23 5 23 24 23 24 16 24 24 11 24 25 25 25 26 25 26 26 26 27 26 27 27 27 27 28 28 28 28 29 28 26 28 29 28 29 29 29 29      72000      27000 
396	 762000	29 1 5 3 6 4 22 25 6 27 6 8 9 12 10 12 10 7 10 15 14 16 11 23 5 9 2 19 15 20 16 2 17 20 17 13 17 27 18 21 25 22 21 14 22 24 23 24 8 11 24 25 24 25 25 26 25 26 19 26 26 18 26 24 23 5 27 28 27 28 27 28 27 29 28 0 28 13 28 29 23 29 29 29      27000      63000 
594	 696670	26 1 7 3 6 4 22 25 6 27 6 8 9 28 10 12 10 7 10 15 1 16 11 23 5 9 2 19 15 20 16 2 17 20 17 13 17 27 18 21 25 22 21 14 22 24 23 24 8 11 24 25 24 25 17 26 25 26 19 26 14 18 26 24 23 5 27 28 27 28 27 28 27 29 12 0 3 13 28 29 23 29 29 29      26667      63333 
891	 690000	26 1 22 3 7 4 15 13 9 27 11 8 27 7 23 28 13 12 1 29 16 16 10 12 28 19 28 6 0 25 17 2 26 20 18 11 19 21 20 10 20 22 21 14 25 9 21 24 22 25 23 23 23 25 24 26 24 27 24 26 14 18 24 24 26 27 26 28 26 28 15 28 29 5 27 0 28 29 29 29 29 15 23 17      20000      70000 
990	 617500	1 29 3 22 4 12 13 29 27 9 8 11 7 28 28 13 12 13 15 26 16 26 23 10 19 16 6 17 25 0 2 17 20 18 11 18 21 19 10 20 22 20 14 19 9 21 24 21 25 22 23 23 25 23 26 24 27 24 26 24 18 14 24 24 27 26 28 26 28 26 28 15 5 27 0 27 29 28 29 29 29 29 17 23      70000      16750 
1089	 540000	1 29 3 22 4 12 13 29 27 9 8 11 7 28 12 13 23 13 15 26 16 26 23 1 19 16 6 17 20 10 2 17 26 18 11 28 21 19 10 20 22 20 14 19 9 21 24 21 25 22 25 23 25 23 26 24 27 24 24 26 18 14 24 24 27 26 28 26 28 26 28 15 5 27 0 27 29 28 29 29 29 29 17 28      70000      15000 
1188	 530000	29 3 22 18 12 9 24 6 9 28 11 8 28 1 13 10 13 7 26 0 26 23 10 14 16 28 17 16 29 15 17 28 18 2 26 17 19 4 20 20 20 21 19 19 21 22 21 5 22 12 23 24 29 24 24 11 24 25 24 13 14 25 24 26 26 23 26 27 26 27 15 28 27 25 27 27 28 26 29 29 29 29 28 29      15000      70000 
1674	 212892	1 29 3 24 4 12 13 29 27 24 8 11 7 22 12 13 23 13 15 26 16 26 23 23 19 16 6 9 20 10 2 17 28 18 11 28 21 19 10 20 22 20 14 19 9 21 24 21 25 22 25 25 25 23 26 24 27 24 26 26 18 14 24 24 27 26 28 26 28 26 28 15 5 27 0 27 29 28 29 29 29 29 17 28      64331      16892 
1773	 122354	3 29 18 22 9 12 6 24 28 9 8 11 1 16 10 13 7 24 0 25 23 26 14 10 28 25 16 17 15 29 28 17 2 18 17 26 4 19 20 20 21 20 19 19 22 21 5 21 12 22 24 23 24 29 11 24 25 24 13 24 25 14 26 24 23 26 27 26 27 26 28 15 25 27 27 27 26 13 29 29 29 29 29 28      65885      16469 
2070	 105336	3 29 18 22 9 12 6 24 28 9 8 11 1 16 10 13 7 24 0 25 23 26 14 10 28 25 16 17 15 29 28 17 2 18 17 26 4 19 20 20 21 20 19 19 22 21 5 21 12 22 24 23 24 29 11 24 25 24 13 24 25 14 26 24 23 26 27 26 27 26 28 15 25 27 27 27 26 26 29 29 29 29 29 28      65998      16334 
0	2564000	2 3 5 5 7 5 9 6 9 7 10 7 13 11 8 12 11 13 1 14 19 15 23 15 22 16 23 16 24 16 24 16 24 17 25 17 25 17 25 18 4 18 26 18 26 20 26 19 10 20 27 21 27 21 27 22 28 23 14 24 0 24 4 24 29 24 29 25 29 26 29 26 29 26 29 27 29 28 29 28 29 28 29 28      63000      72000 
99	1306000	1 0 16 28 2 3 9 3 22 4 5 4 10 6 11 6 14 7 11 27 27 10 24 17 23 12 13 12 13 15 14 15 15 22 15 9 16 18 17 7 18 18 19 19 20 19 21 20 23 21 24 21 24 24 25 24 25 25 0 25 25 25 26 26 26 27 26 27 26 27 26 28 26 28 28 28 8 28 29 28 29 29 29 29      67500      36000 
198	1243000	18 0 1 2 1 23 4 8 4 9 6 10 17 8 5 7 9 11 10 14 12 14 12 16 13 3 14 19 15 17 15 20 16 21 3 21 19 22 19 5 20 23 6 18 21 24 22 25 13 25 23 26 11 26 24 26 24 26 25 27 25 27 25 28 25 28 26 28 27 28 13 29 27 29 28 24 29 29 29 29 29 27 24 29      40500      63000 
297	 956000	1 2 16 3 28 3 9 5 22 8 6 17 10 6 4 7 12 21 11 10 0 9 3 11 23 4 13 13 12 14 14 16 15 0 15 19 16 19 17 20 18 15 19 22 20 23 21 23 23 24 24 24 24 24 25 25 25 25 12 26 25 26 26 27 26 27 26 27 26 18 1 28 26 28 28 28 8 29 29 29 29 29 1 29      24000      69000 
495	 930000	26 2 16 3 4 3 17 12 9 8 10 17 13 6 11 7 11 5 1 10 25 9 3 11 18 4 21 13 20 14 14 16 21 0 21 19 22 19 23 20 23 15 24 22 24 23 25 23 25 24 12 24 26 24 1 25 26 25 27 26 27 26 28 27 28 27 28 27 28 18 29 28 29 28 29 28 29 15 29 29 29 29 29 29      30000      63000 
594	 883000	2 23 1 3 4 3 6 5 7 8 16 17 8 6 0 7 9 21 11 10 12 9 13 11 14 5 5 13 15 14 17 16 18 0 19 19 20 19 20 20 21 15 22 22 23 23 12 23 24 24 24 24 27 24 25 25 25 25 25 29 26 26 26 27 26 24 27 27 27 18 28 28 28 28 28 28 29 29 26 29 29 29 10 29      63000      31500 
693	 764000	2 1 6 1 3 2 5 26 8 26 17 16 6 8 7 0 21 9 10 11 9 12 11 13 4 14 13 7 25 15 16 17 0 18 19 19 26 20 20 20 15 21 22 22 23 23 23 12 24 24 24 24 24 27 25 12 25 25 26 25 14 26 27 26 27 26 27 27 18 27 28 28 28 28 28 28 29 29 29 8 29 29 29 10      63000      27000 
792	 750000	2 0 4 1 5 0 5 25 1 13 6 6 7 9 8 8 11 10 13 19 9 11 14 14 17 15 18 15 19 16 7 17 21 18 3 19 22 20 22 12 23 20 23 21 24 23 24 10 25 16 25 24 25 25 2 26 24 4 29 26 26 27 26 27 26 3 24 27 27 27 23 28 28 28 28 29 12 28 29 28 29 28 29 29      45000      45000 
891	 613000	26 2 28 6 4 3 25 12 3 5 16 17 2 1 25 7 22 8 11 10 12 9 13 11 14 4 10 13 15 14 17 16 18 0 9 19 20 19 20 20 21 15 22 22 23 23 24 23 24 21 24 24 24 24 25 25 25 25 25 26 26 26 26 27 26 27 27 27 27 18 28 28 28 28 28 28 29 29 29 29 29 21 29 29      22750      63000 
1188	 563600	28 5 28 1 16 4 3 6 22 7 4 16 23 8 24 0 22 9 14 11 27 12 17 13 12 24 25 14 13 15 15 17 27 18 9 19 18 20 7 20 10 23 19 22 19 23 28 21 21 2 21 24 25 24 24 10 25 25 25 25 25 26 26 26 27 26 27 27 27 27 28 28 28 28 28 3 28 29 11 29 29 29 29 29      20800      63000 
1386	 562000	28 2 19 6 4 3 21 12 29 5 25 17 26 1 0 7 27 8 11 10 12 9 13 11 14 4 26 13 15 14 17 16 18 0 19 19 20 25 20 20 6 15 22 22 23 23 21 23 2 24 16 24 24 24 26 25 22 25 25 26 26 26 26 27 26 27 27 27 27 18 28 28 28 28 28 28 29 29 29 29 29 21 29 29      14000      72000 
1485	 560000	2 26 3 28 25 4 5 26 8 3 17 16 6 15 12 19 21 22 10 11 9 12 11 13 4 14 13 10 14 2 16 17 0 18 7 9 19 20 20 20 15 21 22 22 23 23 23 19 24 24 24 24 24 24 25 25 25 25 26 25 26 26 27 26 27 26 27 27 18 21 28 28 28 28 28 28 1 29 29 29 29 29 29 29      70000      15000 
1584	 498000	10 2 21 6 4 3 22 12 19 5 16 17 28 1 9 7 2 8 11 10 12 9 13 11 14 4 15 13 15 14 17 16 18 0 19 19 20 25 20 20 21 15 22 22 29 23 26 23 26 24 24 24 24 24 25 25 25 25 28 26 26 26 26 27 26 27 27 27 26 18 28 28 28 28 28 28 29 29 29 29 29 21 29 29      14000      70000 
2457	 105600	10 2 21 6 27 3 22 12 19 5 16 17 26 1 9 7 14 8 11 10 12 9 13 11 14 4 15 13 28 14 17 16 18 0 19 19 20 25 20 20 21 15 22 22 29 23 23 23 26 24 24 24 24 24 25 25 25 25 28 26 26 26 26 27 26 27 27 27 26 18 28 28 28 28 28 28 29 29 29 29 29 21 29 29      16400      66000 
0	1832000	2 0 3 0 4 1 20 2 25 3 6 4 19 5 12 5 13 6 15 6 14 14 16 7 16 9 16 11 26 12 17 13 18 15 18 15 19 17 20 21 20 21 21 21 22 23 22 23 22 24 23 24 24 25 24 26 25 26 25 10 25 27 26 27 27 27 8 27 27 27 28 27 28 28 28 28 28 28 8 29 29 29 29 29      45000      72000 
99	1292000	0 22 23 3 0 4 0 5 2 22 2 9 24 7 6 1 6 16 8 20 9 14 19 18 10 15 20 25 11 17 12 21 12 21 13 27 13 24 14 17 15 24 23 11 16 25 16 25 18 25 18 26 19 26 21 27 21 27 23 10 23 28 24 28 24 28 24 29 25 29 19 29 26 29 26 29 26 8 27 29 28 29 28 29      40500      63000 
198	1286000	0 0 3 6 19 1 5 5 3 9 4 10 8 14 9 11 12 2 2 6 16 13 16 13 17 17 12 14 15 15 20 11 7 16 22 17 22 18 21 18 23 19 23 19 15 20 10 21 24 23 24 24 24 25 25 26 25 26 25 26 25 26 26 27 27 27 27 1 27 28 28 28 28 29 28 29 18 29 28 29 28 29 29 29      63000      40500 
297	1202000	2 0 9 0 26 1 20 2 1 3 6 4 19 5 12 5 13 18 15 6 14 14 16 7 16 9 16 11 29 12 17 13 8 15 18 10 19 17 26 21 20 21 21 25 22 23 22 23 22 24 23 24 24 25 24 26 25 26 25 10 25 27 26 27 27 27 8 27 24 27 28 19 28 28 28 28 28 20 8 29 29 29 29 29      30000      72000 
396	1003000	10 0 25 0 4 1 20 2 25 3 6 4 19 5 12 5 13 18 15 6 7 14 16 7 16 9 16 11 26 12 17 13 18 15 8 10 19 17 20 21 20 21 21 25 22 23 22 23 22 24 23 24 24 14 24 26 25 26 25 24 25 27 26 27 28 26 9 27 27 27 11 19 28 28 28 28 28 20 8 29 29 29 29 29      31500      63000 
495	 886000	1 11 7 21 2 17 4 15 16 3 5 6 6 29 18 14 9 8 0 12 10 13 11 14 24 5 12 28 13 16 14 16 28 17 15 18 15 26 26 18 17 19 19 19 20 20 21 22 22 22 23 23 23 24 24 25 24 25 28 25 25 26 25 27 3 27 26 27 26 27 27 26 27 28 8 29 28 29 28 29 29 29 29 29      72000      21000 
594	 804000	19 1 29 7 28 2 13 4 17 24 7 27 7 6 8 18 9 9 25 0 20 10 11 11 27 25 12 12 12 5 29 14 13 29 18 15 21 15 21 16 22 17 23 19 24 20 24 21 25 22 25 23 25 23 25 24 26 24 26 28 26 13 26 25 26 3 26 26 26 26 27 27 27 27 28 8 28 28 29 28 29 29 29 29       9000      81000 
693	 676668	11 1 21 7 17 2 15 4 3 16 20 5 29 6 14 18 8 9 12 0 13 10 29 25 29 24 28 12 16 13 16 14 27 28 18 11 26 15 18 26 19 17 19 19 20 20 22 21 22 22 23 23 24 23 25 24 25 24 25 28 26 25 27 25 27 3 27 26 27 26 26 27 28 27 29 8 29 28 29 28 29 29 29 29      16667      73333 
990	 155000	11 1 21 7 17 2 15 4 27 28 20 5 29 6 14 18 14 9 12 0 13 10 29 25 29 24 28 12 16 13 21 14 27 16 18 11 26 15 18 26 19 17 19 19 20 20 22 21 22 22 23 23 24 23 25 24 25 24 25 28 9 25 27 25 27 3 27 26 27 26 26 27 10 27 29 8 29 28 29 28 29 29 29 29      16500      66000 
2547	 105886	11 1 21 7 17 2 15 4 27 28 20 5 29 6 24 18 14 9 12 0 13 10 29 25 29 24 28 12 16 13 21 14 27 16 18 11 29 15 26 26 19 17 19 19 20 20 22 21 22 22 23 23 24 23 25 24 14 24 25 28 9 25 27 25 27 3 27 26 27 26 26 27 10 27 29 8 29 28 29 28 29 29 29 29      16470      65883 
2943	 105600	1 10 7 21 2 17 4 15 29 24 5 20 6 18 18 14 9 19 0 13 10 28 25 25 24 29 12 28 13 16 14 21 16 27 11 27 15 26 26 18 17 12 19 19 20 20 21 22 22 22 23 23 23 24 24 11 24 25 28 28 25 9 25 27 3 27 26 27 26 27 27 26 27 28 8 29 28 28 28 29 29 29 29 29      66000      16400 
0	2389000	8 0 3 0 4 21 27 1 6 2 9 2 23 3 10 6 11 7 11 7 11 7 12 10 13 12 14 13 15 13 15 14 22 16 16 17 16 17 18 18 5 18 19 18 24 21 24 21 24 22 25 22 1 23 26 23 26 23 26 25 28 25 28 25 28 25 20 25 29 25 29 26 29 27 29 27 29 27 29 27 29 28 29 28      90000      40500 
99	1508000	1 0 2 4 2 4 2 6 3 7 4 8 5 9 5 9 5 12 11 12 6 16 13 14 13 18 14 18 15 19 15 20 17 20 17 20 19 21 27 22 11 23 21 23 22 10 1 24 24 24 25 24 10 25 25 25 3 25 26 25 26 26 27 26 28 26 28 26 28 27 28 27 28 28 28 29 29 29 16 29 29 29 29 29      40500      67500 
297	1255000	0 1 10 2 27 2 23 2 5 25 7 4 22 5 8 9 11 8 19 11 12 12 12 13 14 13 16 14 16 15 16 15 17 16 15 17 18 19 9 19 20 20 21 21 1 3 22 23 23 24 24 25 24 25 24 25 25 26 26 26 10 26 26 27 27 28 27 28 6 28 4 28 3 28 18 28 28 29 29 29 29 29 29 29      63000      40500 
396	1230000	1 0 8 27 2 4 2 6 16 7 4 8 5 9 5 9 5 13 11 12 6 16 13 14 15 18 14 18 15 19 15 20 17 20 17 20 19 21 27 22 11 23 21 23 22 10 1 24 24 24 23 24 10 25 25 25 3 25 26 25 12 26 27 26 28 26 28 26 28 27 28 27 28 28 28 29 29 29 16 29 29 29 29 3      40500      63000 
495	1051500	18 1 0 20 7 2 27 5 3 27 3 8 5 9 6 16 10 11 26 12 9 4 1 13 9 15 11 14 11 17 11 18 11 10 16 19 3 21 17 22 19 22 20 23 28 23 20 7 21 24 23 24 24 24 25 25 25 25 26 25 26 26 26 26 3 27 27 0 27 28 27 28 27 6 28 29 28 29 28 29 28 29 28 29      15750      81000 
594	 938500	27 1 0 4 2 2 2 6 6 7 18 8 12 5 1 9 27 3 9 12 9 16 13 13 13 17 18 21 18 19 19 15 19 14 20 20 19 21 22 22 22 23 23 23 24 10 24 24 24 28 24 24 25 18 25 25 26 25 26 25 26 17 26 0 27 26 27 26 27 27 27 27 28 28 28 11 28 28 28 29 28 29 29 29      11250      81000 
693	 938000	0 1 18 20 2 9 0 5 2 3 3 8 4 16 4 16 13 11 6 12 10 9 11 27 13 15 25 14 13 20 14 18 17 10 15 19 12 21 25 22 6 22 17 23 17 23 19 7 19 24 7 24 20 24 28 25 21 25 22 26 23 26 23 26 24 27 25 28 25 28 26 28 26 29 27 29 27 29 27 29 28 29 28 29      31500      63000 
792	 760000	1 1 4 0 2 2 6 2 7 3 8 4 5 14 9 5 3 26 12 20 16 18 13 13 17 13 24 8 19 15 15 15 14 17 20 17 21 19 22 27 23 11 23 21 10 22 24 26 28 24 24 25 18 10 25 26 25 3 25 26 27 26 0 27 26 28 26 28 27 28 27 28 28 28 11 28 28 29 29 16 29 29 29 29      75000      15000 
990	 754000	1 17 4 2 2 19 21 26 7 6 8 8 5 23 9 16 3 9 12 5 16 12 13 13 17 14 27 29 6 10 15 18 14 18 20 11 19 19 22 0 23 20 23 20 10 23 24 22 28 22 24 24 18 25 25 25 25 25 25 15 24 1 0 26 26 26 26 26 27 27 27 27 28 21 11 24 28 28 29 28 29 29 29 28      72000      18000 
1089	 670000	1 1 20 4 19 2 4 6 17 7 8 8 21 5 16 9 11 3 12 12 9 16 3 13 15 17 14 24 20 19 18 15 10 14 19 20 21 21 5 22 22 23 23 23 28 10 7 24 24 28 24 24 24 18 13 25 25 25 26 25 26 27 26 0 27 26 28 26 28 27 28 27 29 28 29 11 29 28 29 29 26 29 29 29      20000      70000 
1386	 622000	1 29 4 10 2 2 6 29 7 3 8 22 5 15 9 16 3 27 12 24 16 9 13 17 28 13 21 18 19 5 15 19 14 19 20 20 21 14 22 22 23 20 23 23 10 24 24 24 11 24 24 24 18 29 25 25 25 26 25 26 17 26 0 26 26 27 26 27 27 27 27 27 28 28 11 26 28 28 29 28 29 28 29 29      72000      17200 
1485	 596002	1 24 4 24 27 2 6 2 7 24 8 19 5 14 9 5 3 26 12 20 16 18 13 12 2 13 21 29 19 15 15 15 14 22 20 17 21 19 22 27 23 11 23 21 10 22 24 26 28 24 24 25 18 10 25 26 25 24 25 26 17 26 0 27 26 24 26 28 27 28 27 28 28 20 11 28 28 29 29 16 29 29 29 29      72000      14333 
1683	 520000	26 1 20 4 19 2 4 6 17 7 13 8 21 5 16 9 11 3 12 12 9 16 27 13 15 17 14 24 20 19 18 15 10 14 19 20 21 21 5 22 22 23 23 23 28 10 7 24 22 28 24 24 24 18 13 25 25 25 26 25 26 27 26 0 27 26 28 26 28 27 28 27 26 28 29 11 29 28 29 29 26 29 29 29      15000      70000 
1881	 514800	1 29 4 26 2 16 6 29 7 24 8 15 5 11 9 16 3 24 12 29 16 19 13 26 17 13 21 18 19 17 15 26 14 19 20 20 21 14 22 22 23 22 23 23 10 24 24 24 28 20 24 24 18 29 25 25 25 26 25 26 27 26 0 26 26 24 26 27 27 24 27 12 28 28 11 28 28 28 29 28 29 28 29 29      72000      12800 
0	1397500	0 0 17 4 1 4 3 4 5 5 26 6 6 7 7 8 9 8 9 9 10 11 11 11 11 11 12 18 14 13 18 13 15 14 15 17 25 19 15 19 16 20 16 20 13 21 19 22 20 24 21 24 22 24 23 24 23 25 24 25 25 25 26 25 26 27 26 2 27 28 27 28 27 28 28 28 29 28 29 28 29 29 2 29      72000      33750 
99	1369000	1 2 9 3 16 3 2 3 3 5 15 4 6 4 8 6 11 6 12 10 13 10 14 10 28 11 15 24 17 22 0 14 18 17 19 17 20 18 21 18 22 19 23 20 23 22 24 23 24 24 24 24 25 21 25 24 26 25 26 25 27 16 27 26 7 26 28 26 29 26 29 27 29 5 29 27 29 28 29 28 29 28 13 28      72000      31500 
198	1013000	2 1 1 3 2 5 3 28 9 6 16 9 10 9 10 11 16 7 11 12 23 12 8 15 13 14 13 23 19 16 15 17 2 8 20 17 19 18 19 18 20 22 20 4 21 10 21 24 21 24 22 24 23 25 23 25 26 25 13 26 24 26 24 27 25 27 25 27 26 28 14 0 26 29 27 29 28 29 28 29 28 29 28 29      31500      63000 
585	 604500	0 9 1 10 2 11 3 12 4 13 5 29 6 14 7 14 8 28 9 15 10 16 11 16 12 19 13 17 14 18 15 18 16 19 17 26 18 20 19 20 20 21 21 21 22 22 23 22 23 23 24 23 24 24 24 24 25 24 25 25 25 25 29 28 26 26 26 26 27 26 27 27 27 27 28 27 29 28 28 28 28 29 29 29      70000      16750 
1170	 530000	26 0 10 1 26 2 12 3 13 4 29 5 16 6 9 7 28 8 15 9 16 10 16 11 19 12 17 13 18 14 18 15 19 16 26 17 20 18 20 19 21 20 21 21 22 22 22 23 29 23 23 24 24 24 14 24 24 25 25 25 25 25 28 29 26 26 26 26 26 27 27 27 29 27 27 28 28 29 28 28 29 28 29 29      14000      72000 
1269	 123200	9 0 10 1 11 2 15 3 13 4 29 5 16 6 14 7 28 8 26 9 16 10 24 11 19 12 29 13 12 14 18 15 19 16 26 17 20 18 20 19 21 20 21 21 22 22 22 23 13 23 23 24 26 24 24 24 29 25 25 25 25 25 28 29 26 26 26 26 26 27 27 27 17 27 27 28 28 29 28 28 29 28 29 29      16400      66000 
1467	 122224	29 0 10 1 11 2 12 3 13 4 29 5 14 6 26 7 28 8 15 9 16 10 16 11 19 12 17 13 18 14 18 15 19 16 26 17 20 18 20 19 21 20 21 21 22 22 22 23 25 23 23 24 29 24 24 24 24 25 9 25 25 25 28 29 26 26 26 26 26 27 28 27 27 27 27 28 28 29 28 28 29 28 29 29      16666      65557 
1665	 105600	0 9 1 10 2 11 3 15 4 13 5 17 6 17 7 14 8 28 9 28 10 18 11 16 12 19 13 29 14 12 15 29 16 19 17 26 18 20 19 20 20 21 21 21 22 22 23 22 23 26 24 23 24 24 24 26 25 24 25 25 25 25 29 28 26 26 26 26 27 26 27 29 27 27 28 27 29 28 28 28 28 29 29 29      66000      16400 
0	1655000	2 11 3 0 3 1 7 2 7 4 12 5 12 6 13 19 15 8 16 8 16 10 17 13 19 14 21 15 21 18 9 18 22 25 24 20 24 20 9 20 26 21 26 22 26 22 26 23 26 23 27 24 28 24 28 24 28 24 29 14 17 25 29 25 29 25 29 26 29 26 29 27 29 27 29 27 29 27 29 28 29 28 29 28      40500      72000 
99	1086000	2 11 3 0 3 1 7 2 7 4 12 5 12 6 13 19 15 8 16 8 16 10 17 13 19 10 21 15 17 18 9 18 22 25 24 20 24 20 9 20 16 21 26 22 26 22 26 23 26 23 27 23 28 24 28 24 28 24 29 14 17 25 29 25 29 25 11 26 29 26 29 27 14 27 29 27 29 27 29 28 29 28 29 28      36000      63000 
297	 996000	21 2 4 3 5 4 13 5 9 8 7 0 3 9 10 9 12 26 13 3 15 11 16 11 17 12 15 14 18 10 18 16 20 17 21 29 21 17 22 19 22 19 22 8 23 23 24 23 20 6 14 24 24 24 20 24 6 7 27 2 27 25 25 1 27 25 28 25 28 25 28 26 28 26 29 26 29 27 29 27 29 28 29 28      40500      54000 
495	 938000	15 1 1 2 6 3 0 10 4 28 3 19 11 22 5 8 13 11 17 19 9 13 2 13 20 12 21 14 10 15 23 16 23 16 14 18 18 19 24 20 24 22 24 22 25 23 25 9 25 23 26 24 26 17 26 25 12 24 27 7 8 26 28 26 28 27 28 27 29 21 29 29 29 7 27 28 27 29 0 16 29 28 29 29      63000      31500 
594	 730000	0 2 1 28 3 5 4 26 9 6 5 7 10 10 11 11 24 8 8 13 15 14 17 15 17 4 18 16 19 24 21 27 24 18 22 19 23 19 23 20 13 20 12 21 25 22 29 23 25 23 25 24 2 24 26 25 26 25 16 28 27 12 27 3 6 26 7 9 26 27 28 27 14 28 28 29 28 29 20 27 29 29 29 29      60000      30000 
792	 665336	29 2 4 1 5 5 13 6 9 24 28 7 3 10 10 11 12 8 28 13 15 14 16 15 17 4 11 16 18 0 27 17 20 18 21 19 21 19 22 20 22 26 22 21 23 22 24 23 20 23 14 24 24 24 20 25 6 25 27 25 27 12 25 3 27 26 28 9 28 27 28 27 28 28 29 29 29 29 29 26 29 26 29 28      25666      63000 
990	 632000	2 5 1 4 25 5 6 13 24 9 7 28 10 3 11 10 8 12 13 28 14 15 15 16 4 17 16 11 0 18 17 27 18 5 19 21 19 21 20 22 26 22 21 29 22 23 23 24 23 20 24 14 24 24 25 20 25 6 25 27 12 27 3 17 26 27 9 28 27 28 27 28 28 28 29 29 29 29 26 29 26 29 28 29      63000      25666 
1089	 554000	29 2 25 1 5 5 13 6 9 24 28 7 3 10 10 11 12 8 28 13 22 14 16 15 17 4 11 16 18 0 27 17 15 18 21 19 21 19 29 20 27 26 22 21 23 22 24 23 20 23 14 24 24 24 20 25 28 25 27 25 27 12 25 3 27 26 28 9 28 27 28 27 28 28 29 29 29 29 29 26 29 26 29 28      22000      63000 
1773	 520000	2 25 3 1 5 19 28 20 6 9 7 5 10 5 11 11 8 24 13 14 14 15 15 23 4 17 16 18 27 19 17 21 18 23 19 22 26 23 20 23 1 13 21 12 22 25 28 25 23 21 24 25 24 23 0 15 25 24 25 16 12 27 26 10 26 28 9 7 27 26 27 28 28 22 29 28 29 28 29 20 29 25 24 25      70000      15000 
2070	 105884	2 25 3 13 5 19 28 20 6 9 7 29 10 26 11 11 8 24 13 14 14 15 15 23 4 17 16 18 27 19 17 21 18 23 19 22 26 23 20 23 1 13 21 12 22 25 28 25 23 21 24 27 24 23 0 28 25 24 25 16 12 27 26 10 26 28 9 25 27 26 27 28 28 22 29 28 29 28 29 20 29 25 24 25      65882      16471 
0	1331500	1 1 3 2 3 2 6 4 6 5 7 5 13 0 8 9 8 9 11 10 12 10 16 12 17 12 13 14 19 14 20 15 20 15 20 16 22 17 22 17 23 18 23 18 24 19 24 21 24 21 25 21 25 23 25 23 25 24 26 24 26 25 26 26 27 27 27 27 11 4 29 28 29 28 29 28 29 28 29 28 0 7 29 29      51750      51750 
99	1184000	0 1 8 1 3 2 4 2 4 3 5 6 6 10 7 10 11 13 28 15 11 17 12 19 17 19 12 20 13 20 14 17 14 21 16 22 16 22 18 22 18 22 20 9 21 24 21 24 23 25 23 25 24 25 24 25 24 26 24 26 25 27 26 27 23 27 26 9 26 29 27 29 27 29 28 29 28 29 28 29 28 19 15 29      63000      36000 
486	 594000	21 0 24 1 17 2 16 3 11 4 19 5 8 6 5 7 29 8 9 9 29 10 10 11 10 12 12 13 13 14 14 15 14 16 4 17 15 18 18 19 19 20 20 21 20 22 20 23 21 23 22 24 22 29 24 24 24 25 24 25 24 25 27 26 25 26 26 26 23 27 5 27 16 27 29 28 29 28 29 28 29 28 29 29      16000      70000 
585	 550000	21 0 10 1 17 2 10 3 11 4 19 5 29 6 13 7 29 8 9 9 29 24 10 11 10 12 12 13 13 14 14 15 10 16 4 17 15 18 18 19 19 20 20 21 20 22 20 23 21 23 22 24 22 29 24 24 24 25 24 25 24 25 27 26 25 26 26 26 23 27 5 27 16 27 29 28 29 28 29 28 29 28 29 29      16000      70000 
1368	 123200	0 24 1 10 2 11 3 12 4 13 5 13 6 28 7 14 8 29 9 15 10 16 11 16 12 24 13 17 14 29 15 18 16 19 17 19 18 20 19 20 29 21 21 21 22 22 23 22 23 23 29 28 24 24 24 24 25 24 25 25 25 25 26 9 26 26 26 26 27 29 27 27 27 27 28 24 28 28 28 28 20 29 29 29      66000      16400 
1863	 121600	24 0 10 1 11 2 12 3 13 4 13 5 14 6 29 7 29 8 15 9 29 10 16 11 17 12 9 13 28 14 18 15 19 16 19 17 20 18 20 19 21 29 21 21 22 22 22 23 24 23 28 29 24 24 24 24 24 25 18 25 23 25 25 26 26 26 28 26 29 27 27 27 27 27 24 28 28 28 28 28 25 20 29 29      16400      66000 
1962	 105600	0 28 1 10 2 11 3 12 4 13 5 24 6 28 7 14 8 29 9 15 10 16 11 16 12 24 13 17 14 29 15 18 16 19 17 19 18 20 19 20 29 21 21 21 22 22 23 22 23 23 29 28 24 24 24 24 25 24 25 25 25 25 26 9 26 26 26 26 27 29 27 27 27 27 28 24 28 28 28 28 20 29 29 29      66000      16400 
0	2580000	2 1 3 2 3 2 4 5 4 5 6 6 7 8 7 8 7 9 12 10 12 10 13 10 15 11 16 13 18 14 18 14 0 14 19 15 20 15 20 16 23 17 24 18 24 19 24 19 24 21 24 21 26 22 26 22 27 22 27 23 28 24 28 24 28 25 29 25 29 25 29 26 29 26 29 27 29 27 29 28 29 28 29 29      54000      81000 
99	1339000	1 3 1 4 3 12 4 6 5 9 6 8 7 11 9 11 10 12 10 14 11 14 13 15 13 16 19 16 15 17 15 17 29 21 2 21 18 23 19 23 20 23 20 23 21 18 22 24 22 24 23 24 24 24 25 24 25 24 26 25 26 25 27 26 27 26 27 26 27 27 28 8 28 28 28 28 0 28 29 28 29 28 29 29      63000      40500 
198	1276000	1 0 18 2 3 20 4 3 5 4 6 6 20 10 7 25 19 13 8 13 28 8 10 16 10 17 11 17 12 17 14 7 14 18 15 13 16 27 21 19 22 20 22 21 23 22 27 22 24 23 24 23 25 24 25 24 26 24 26 24 28 25 28 26 15 26 2 26 29 27 25 27 9 27 29 27 29 28 0 28 29 28 29 28      72000      31500 
297	 878000	0 3 15 4 3 11 10 11 1 2 5 12 19 12 7 12 7 13 9 25 10 15 2 16 14 18 14 19 16 20 17 26 4 21 17 21 8 24 21 24 18 24 20 24 13 5 22 24 22 6 8 25 23 25 23 26 23 26 24 26 9 27 25 27 29 28 25 28 6 28 26 28 11 29 27 29 27 29 27 29 28 29 28 29      54000      38250 
495	 864000	0 25 0 7 29 2 12 4 12 6 12 9 1 10 3 1 14 14 15 11 16 11 17 16 18 19 9 22 19 20 19 21 19 21 19 13 20 23 0 18 10 24 22 24 23 8 23 24 23 25 24 15 25 17 25 3 26 26 26 26 27 27 5 27 28 27 28 28 28 28 28 25 29 13 29 5 29 28 29 26 29 28 29 29      27000      63000 
594	 786000	0 3 15 4 16 11 10 11 1 13 5 12 19 28 7 12 7 2 9 25 10 15 2 16 14 18 14 19 26 20 17 26 4 21 17 21 8 24 21 24 18 24 20 24 13 5 22 3 22 6 8 25 23 25 23 26 23 26 24 24 9 27 25 27 29 28 25 28 6 28 26 28 11 29 27 29 27 29 27 29 28 29 28 29      54000      36000 
792	 780000	3 0 4 15 5 3 18 10 2 1 12 5 25 19 12 7 13 7 25 9 8 10 16 2 0 14 19 14 20 16 1 17 21 4 21 17 24 23 11 21 24 18 24 20 5 13 24 22 6 22 25 8 26 15 26 23 26 23 26 24 27 9 27 25 28 29 28 25 28 6 28 26 29 11 29 27 29 27 29 27 29 28 29 28      45000      45000 
891	 710000	1 0 18 27 3 17 4 12 5 11 6 24 20 10 7 17 19 26 23 13 28 8 23 16 10 17 11 17 12 17 14 7 14 18 15 13 16 27 21 19 22 20 27 21 13 22 27 23 24 9 24 23 25 24 25 24 26 24 26 24 28 25 28 26 15 26 2 26 8 27 25 27 9 26 29 27 29 28 0 28 29 28 29 28      72000      18000 
1377	 629000	0 9 1 10 2 11 3 12 4 13 5 29 6 14 7 14 8 15 9 15 10 16 11 16 12 24 13 17 14 18 15 18 16 19 17 19 18 20 19 20 20 21 21 21 22 22 23 22 23 26 29 23 24 24 24 24 25 24 25 25 25 25 26 25 26 26 29 26 27 26 27 27 27 27 28 27 28 28 28 28 28 29 29 29      65500      19000 
1575	 583144	1 27 18 10 3 11 4 12 5 13 6 13 20 14 7 14 28 15 23 15 28 16 23 16 10 9 11 17 12 24 26 18 14 19 15 19 16 20 21 20 22 21 27 21 13 22 27 22 24 25 24 23 17 24 25 24 26 24 26 25 28 25 28 25 19 26 2 26 8 26 25 27 9 27 29 27 29 28 0 28 29 27 29 29      65214      19143 
1674	 180000	1 9 18 10 3 28 4 12 5 28 6 13 20 27 7 14 19 15 23 25 28 28 23 16 10 17 11 11 12 20 26 18 14 19 15 19 16 20 21 27 22 21 27 21 13 22 27 22 24 25 24 23 17 24 25 24 26 24 26 25 28 25 28 25 24 26 2 26 8 26 25 27 9 27 29 27 29 28 0 28 29 29 29 29      63000      18500 
2070	 121336	1 9 18 10 3 28 4 12 5 28 6 13 20 27 7 24 19 15 23 25 28 28 23 16 10 17 11 11 12 20 26 18 14 19 15 19 16 20 21 27 22 21 27 21 13 22 27 22 24 25 24 23 17 24 25 16 26 25 26 25 28 25 28 25 24 27 2 26 8 14 25 27 9 27 29 27 29 28 0 28 29 29 29 14      66000      16334 
2367	 105336	9 1 28 18 28 3 12 4 21 5 13 6 27 20 19 7 15 19 25 23 28 28 13 23 17 10 11 11 20 12 18 26 10 14 19 15 20 16 27 21 21 22 26 27 22 13 22 27 25 24 23 24 24 17 16 25 25 26 25 26 25 28 25 28 27 24 26 2 14 8 27 25 27 9 27 29 28 29 28 0 29 29 24 29      16334      65998 
0	1635000	0 1 22 5 2 8 5 7 6 8 7 9 10 9 11 11 4 13 12 15 13 15 13 15 14 16 16 17 18 17 19 18 19 19 20 19 21 20 22 20 3 21 23 23 24 24 23 24 24 24 25 25 25 25 27 25 27 26 14 26 28 26 28 26 29 26 29 27 29 27 29 28 1 28 29 28 26 28 29 28 29 28 29 28      72000      40500 
99	1476000	22 3 0 5 3 6 1 8 2 8 4 9 5 10 7 11 8 12 9 12 9 13 10 15 21 15 11 16 6 16 13 16 14 17 14 18 15 20 17 20 18 21 19 22 19 23 23 23 23 24 28 24 24 25 24 25 25 25 26 25 26 26 26 26 26 26 27 27 27 28 27 29 28 29 28 29 28 29 29 29 29 29 29 29      63000      45000 
198	1244000	2 0 17 3 5 1 0 4 9 6 10 6 3 7 11 10 1 10 8 12 14 12 15 12 4 13 26 24 18 14 20 14 20 16 15 17 22 19 16 19 23 19 24 19 25 21 25 21 19 22 26 23 26 23 26 18 27 24 27 24 27 24 7 24 28 25 28 25 28 25 28 27 29 28 29 28 29 28 13 28 21 23 29 28      72000      31500 
297	1120000	0 1 22 5 2 8 5 7 15 8 7 28 10 9 11 11 4 9 12 27 13 15 13 15 14 16 16 17 18 17 6 18 19 19 20 9 21 20 22 20 3 21 23 23 24 24 23 24 24 24 25 25 25 25 17 25 27 26 14 26 8 26 28 26 27 26 29 27 29 27 29 28 1 28 29 28 26 28 29 28 29 28 29 28      72000      27000 
396	 868000	0 2 3 17 1 5 24 0 6 9 6 10 12 3 10 11 9 1 13 8 12 14 12 15 13 4 24 25 14 18 6 20 16 20 17 15 11 22 24 16 19 23 19 24 21 25 21 25 22 19 23 26 23 26 18 26 24 27 24 27 24 27 24 7 25 28 25 28 25 28 27 28 28 29 28 29 28 29 28 13 23 21 28 29      24000      69000 
495	 856000	13 1 23 22 5 4 0 7 9 8 10 9 11 29 27 11 12 13 19 15 8 15 14 15 2 16 17 17 18 17 6 18 20 14 24 19 22 20 16 20 23 21 24 23 25 24 25 24 1 24 21 25 26 25 26 25 3 26 27 26 27 26 7 26 12 26 28 27 28 27 10 14 4 28 29 28 29 28 29 28 29 28 29 28      63000      27000 
693	 710000	13 9 8 24 5 28 0 3 9 13 10 7 11 12 15 11 12 19 19 26 14 15 25 17 2 16 14 18 18 19 6 20 20 20 24 20 22 21 16 6 23 22 24 22 25 23 25 23 1 23 21 24 17 24 26 24 3 25 27 26 27 26 7 26 28 27 28 27 25 27 28 27 4 28 29 28 29 28 29 10 26 29 29 29      65000      25000 
792	 650000	0 13 22 23 2 5 20 0 15 9 7 10 10 11 11 27 9 15 12 19 8 8 13 14 23 2 16 17 18 18 28 6 19 20 20 24 21 22 22 16 28 23 28 24 24 25 23 25 29 1 21 21 25 26 17 26 27 3 14 27 8 27 28 7 27 12 29 28 29 28 29 25 1 4 29 28 26 26 29 29 29 29 25 24      20000      70000 
990	 520000	15 13 22 23 2 5 20 0 15 9 12 10 10 11 11 27 9 15 19 19 8 8 13 14 29 2 16 17 18 18 28 6 19 20 20 24 21 22 22 16 28 23 28 24 24 25 23 25 29 1 21 21 25 26 17 26 27 3 14 27 29 27 28 7 27 12 29 28 29 28 29 25 1 4 29 28 26 26 29 29 29 29 25 24      15000      70000 
1089	 510000	26 13 22 23 24 5 10 0 15 9 7 10 19 11 11 27 9 15 12 19 20 8 13 14 29 2 16 17 18 18 28 6 19 20 20 24 21 22 22 16 28 23 28 24 24 25 23 25 29 1 21 21 25 26 17 26 27 3 14 27 8 27 28 7 27 12 29 28 29 28 29 25 1 4 29 28 26 26 29 29 29 29 25 24      19000      64000 
1962	 122000	13 26 23 22 5 24 0 10 9 15 10 28 11 19 27 11 15 9 19 12 8 20 14 13 2 29 17 16 18 18 6 28 20 19 24 20 22 21 16 22 23 28 24 28 25 24 25 23 1 29 21 21 26 25 26 17 3 27 27 14 27 13 7 28 12 27 28 29 28 29 25 29 4 15 28 29 26 26 29 29 29 29 24 25      65500      16750 
0	1462000	1 0 8 0 8 2 9 24 9 3 12 4 12 5 13 6 15 10 16 11 17 11 17 13 19 14 28 15 20 16 22 7 22 18 22 18 23 18 23 19 23 19 23 20 23 21 23 21 14 21 25 21 27 24 27 24 28 25 28 25 1 25 28 26 29 26 29 26 29 26 29 27 29 27 29 17 29 27 29 27 29 28 29 28      36000      72000 
297	1310000	0 0 15 13 1 1 2 2 4 3 18 5 6 5 8 28 10 6 11 7 14 7 16 9 8 9 3 11 9 12 17 14 19 15 19 15 20 16 20 16 13 17 22 21 23 20 23 21 24 21 24 22 25 24 26 24 26 25 18 25 27 25 27 26 27 26 28 26 25 27 28 27 28 28 12 28 29 28 29 29 29 29 29 29      72000      31500 
396	1160000	16 10 2 17 4 1 24 20 4 25 4 3 5 4 7 19 9 5 11 6 3 25 23 10 12 14 26 14 13 21 15 14 17 16 18 25 22 18 8 10 19 29 25 23 26 24 20 6 1 24 22 25 23 23 24 25 24 12 0 27 21 27 7 11 26 27 26 13 27 0 27 28 15 28 28 6 28 28 28 29 29 29 29 29      72000      27000 
495	 905000	0 0 13 15 1 1 2 2 4 18 23 18 5 5 28 8 6 10 3 11 7 14 9 16 19 8 11 3 12 9 14 17 15 19 10 19 16 20 24 20 17 13 23 22 20 23 21 23 21 24 22 24 24 25 24 26 25 26 25 18 25 27 26 27 26 27 26 28 27 25 27 28 28 28 28 12 28 29 29 29 29 29 29 29      63000      31500 
693	 872000	3 0 5 3 10 25 9 6 11 22 13 25 19 13 6 9 14 13 15 25 16 13 1 15 17 12 18 15 16 19 20 19 21 20 7 20 23 20 24 22 24 22 24 22 2 23 25 23 25 23 26 25 26 26 22 26 26 26 4 21 8 27 27 27 27 27 27 28 0 23 28 28 28 28 28 23 12 28 29 29 29 29 29 29      81000      11250 
792	 778000	9 16 22 2 3 23 4 4 5 4 6 27 8 5 7 8 0 9 10 11 12 3 13 17 14 6 15 12 6 13 16 15 17 27 20 18 21 25 18 14 23 19 23 25 24 26 11 20 24 1 24 22 25 23 25 24 25 24 26 0 26 21 2 7 27 26 27 26 19 10 28 27 28 28 29 28 29 28 29 28 29 29 29 29      36000      54000 
891	 758000	9 0 22 26 3 27 4 19 5 13 6 24 8 13 7 7 0 7 10 11 12 8 13 9 14 10 15 12 11 16 16 20 17 18 20 17 21 19 18 20 23 6 23 2 1 21 24 22 24 23 24 26 25 24 25 25 25 25 26 15 26 26 2 26 27 14 27 27 19 28 28 28 28 27 22 28 29 29 28 29 29 29 29 29      63000      27000 
990	 680000	3 9 5 22 10 3 9 4 11 5 13 6 19 8 22 7 14 0 15 10 16 13 1 12 17 14 18 15 20 11 20 16 21 17 7 20 23 21 24 18 24 23 24 23 2 1 25 24 25 28 8 24 22 25 26 25 26 25 4 26 27 26 21 2 28 27 27 27 24 19 28 28 28 28 28 26 12 27 29 29 29 29 29 29      25000      65000 
1188	 676668	21 3 11 5 25 10 24 9 22 11 25 13 29 19 18 6 13 14 25 15 13 10 17 1 3 17 15 18 16 16 19 20 14 21 20 7 20 23 22 24 22 24 22 24 23 2 23 25 23 25 25 26 8 26 26 22 25 26 21 4 29 8 27 27 27 27 28 27 23 0 28 28 28 28 23 28 28 12 1 29 29 29 29 29      16666      73334 
1386	 515000	3 9 24 10 10 3 9 4 19 5 13 6 19 8 22 7 14 0 15 22 16 13 1 12 17 14 18 15 20 11 20 16 21 17 11 20 23 21 24 18 24 23 24 23 29 1 25 24 25 28 28 24 22 25 26 25 26 25 4 26 27 26 21 2 28 27 27 27 24 19 28 28 28 28 28 26 12 27 29 29 29 29 29 29      17500      65000 
1683	 140000	26 9 16 10 10 3 9 4 19 5 13 6 19 8 22 7 14 0 15 22 17 13 14 12 17 14 18 15 20 11 20 16 21 17 11 20 23 21 24 18 24 23 24 23 29 1 25 24 25 28 28 24 22 25 26 25 16 25 24 26 27 26 21 2 28 27 27 27 24 19 28 28 28 28 28 26 12 27 29 29 29 29 29 29      16750      65500 
2268	 121600	9 13 10 16 3 10 4 9 5 19 6 13 8 19 7 22 0 14 22 15 13 17 12 24 14 17 15 18 11 20 16 20 17 21 20 11 21 23 18 24 23 24 23 24 1 29 24 25 28 25 24 28 25 22 25 26 25 26 26 24 26 27 2 21 27 28 27 29 19 24 28 28 28 28 26 28 27 12 29 29 29 29 29 29      66000      16400 
0	1830000	3 0 4 2 6 1 7 4 9 4 10 28 10 5 11 5 12 8 13 8 15 8 14 9 14 11 18 11 19 11 19 12 20 12 20 13 20 15 21 18 22 16 22 16 23 17 24 17 24 2 25 17 26 17 23 17 26 21 26 21 27 23 27 24 27 24 27 25 28 25 28 25 28 25 29 25 29 26 29 28 29 29 29 29      63000      54000 
198	1424000	24 1 9 0 2 2 2 4 18 17 4 14 5 7 5 6 6 8 6 23 8 13 23 13 9 15 10 10 10 16 11 17 11 18 12 24 14 19 15 20 15 20 16 21 16 22 16 22 19 23 20 24 21 25 21 25 24 25 25 3 12 26 26 26 26 27 27 28 27 28 27 11 27 29 28 29 28 29 28 29 29 29 29 29      42000      63000 
396	 986000	13 18 1 0 27 2 2 0 3 17 4 14 23 7 5 24 22 23 6 23 8 13 18 7 17 12 10 15 19 4 11 17 10 18 12 24 14 19 15 20 15 23 9 11 16 22 16 22 24 23 20 24 21 25 21 25 24 25 25 26 25 26 26 26 26 27 9 28 27 28 27 7 27 29 28 29 28 29 28 29 29 29 29 29      66000      27000 
594	 750000	2 12 10 23 14 1 5 17 6 28 7 6 8 12 1 27 27 7 13 23 18 26 0 13 28 11 16 14 17 23 12 15 3 19 20 16 11 28 21 18 22 15 22 19 23 20 9 20 24 21 24 25 24 22 25 5 25 9 25 26 4 24 26 24 26 26 27 10 28 26 28 27 28 27 29 27 15 28 29 29 29 29 19 29      65000      25000 
693	 530000	13 2 18 4 27 1 27 28 3 14 29 7 23 3 28 20 14 15 6 28 8 11 22 12 17 9 10 13 19 16 11 17 29 24 12 18 14 21 22 5 15 23 28 6 16 24 16 24 19 23 20 10 21 26 21 25 24 8 25 25 25 25 26 28 20 26 9 26 27 27 27 27 27 22 28 0 28 29 28 19 29 29 29 29      15000      70000 
1179	 200000	9 2 10 4 11 1 12 28 27 14 13 7 14 3 14 20 20 15 15 28 16 11 29 12 17 9 17 13 18 16 18 17 19 24 19 18 28 21 20 5 21 23 21 6 22 24 22 24 23 23 23 10 24 26 24 25 27 8 25 25 25 25 25 28 28 26 29 26 26 27 27 27 27 22 27 0 28 29 28 19 29 29 29 29      16500      66000 
1575	 137600	13 2 18 4 28 1 27 28 23 14 29 7 29 3 28 20 24 15 26 28 27 11 22 12 17 9 10 13 19 16 11 17 29 24 12 18 14 21 22 5 15 23 28 6 16 24 16 24 19 23 20 10 21 26 21 25 24 8 25 25 25 25 26 28 20 26 9 26 27 27 27 27 27 22 28 0 28 29 28 19 29 29 29 29      16400      66000 
1773	 105600	13 2 18 4 27 1 27 28 24 14 29 7 23 3 28 20 14 15 26 28 28 11 22 12 17 9 10 13 19 16 11 17 29 24 12 18 14 21 22 5 15 23 27 6 29 24 16 24 19 23 20 10 21 26 21 25 24 8 25 25 25 25 26 28 20 26 9 26 27 27 27 27 27 22 28 0 28 29 28 19 29 29 29 29      16400      66000 
0	1285000	0 0 1 1 2 2 3 3 4 3 12 3 5 6 7 8 9 8 10 8 11 10 13 10 13 11 14 11 16 12 17 15 18 16 15 16 19 18 19 20 20 21 21 22 22 22 23 22 24 23 24 24 25 24 25 24 25 24 25 25 26 25 27 25 26 26 27 26 28 26 28 27 28 27 29 28 29 28 29 29 23 29 6 29      81000      22500 
99	 986000	0 0 1 1 14 2 3 3 3 4 8 12 6 5 8 7 8 9 8 10 10 11 27 13 11 13 11 14 12 16 15 17 16 18 16 15 8 19 20 19 21 20 22 21 26 22 22 23 23 24 24 24 24 25 24 25 24 25 25 25 25 26 27 27 26 26 26 27 26 28 27 28 27 28 28 29 28 29 29 29 29 23 29 6      14000      81000 
198	 758000	0 17 1 3 2 4 3 5 4 6 12 8 5 8 7 10 9 7 10 21 11 13 13 13 24 13 14 14 16 15 17 16 18 18 15 18 26 18 19 19 20 20 21 22 22 22 23 23 24 23 24 24 25 24 25 25 27 29 25 26 26 27 27 28 26 28 27 28 28 28 28 28 28 29 8 29 29 29 29 29 23 29 6 29      72000      18000 
585	 617000	0 9 1 10 2 11 3 12 4 13 12 13 5 14 7 26 19 29 10 15 11 16 13 16 24 17 14 17 16 28 17 18 18 28 15 27 19 20 9 20 20 21 21 21 22 22 23 22 24 29 24 23 8 24 25 24 25 24 25 25 26 25 27 25 26 26 27 26 28 26 28 27 28 27 29 27 29 28 29 28 23 29 6 29      70000      16750 
783	 554000	17 0 21 18 20 2 19 1 6 4 8 5 29 6 10 7 7 8 21 9 29 10 13 11 9 12 14 3 15 14 16 15 18 16 18 17 18 13 19 19 20 20 22 21 22 22 23 23 23 23 24 24 24 24 25 24 29 25 26 25 27 25 11 26 28 26 28 26 28 27 28 27 29 27 29 28 29 28 29 29 29 28 29 29      14000      72000 
1080	 546000	0 17 1 3 2 4 3 5 4 21 12 28 5 8 7 10 9 13 10 21 11 19 13 12 24 13 14 14 16 15 17 16 18 20 15 18 26 18 19 19 20 20 21 22 22 22 23 29 24 23 24 24 25 24 25 25 27 29 25 26 26 27 27 28 26 28 27 28 28 28 28 29 28 29 8 29 29 29 29 29 23 29 6 29      72000      14000 
1278	 478000	0 17 18 21 2 20 1 19 4 25 5 29 6 29 7 10 8 7 9 21 10 29 11 13 12 9 3 14 14 15 15 16 16 18 17 12 13 18 19 19 20 20 21 22 22 22 23 23 23 28 24 24 24 24 24 25 25 29 25 26 25 27 26 11 26 28 26 28 27 28 27 28 27 29 28 29 28 29 29 29 28 29 29 29      70000      14000 
1377	 105884	0 17 18 21 2 20 1 19 4 25 5 29 6 29 7 10 8 27 9 21 10 29 11 13 12 9 3 14 14 15 15 16 16 18 17 12 13 18 19 19 20 20 21 22 22 22 23 23 23 28 24 24 24 24 24 25 25 29 25 26 25 27 26 11 26 28 26 28 27 28 27 28 27 29 28 29 28 29 29 29 28 26 29 29      65881      16471 
0	2606000	0 4 2 8 3 8 13 8 5 8 7 8 8 9 10 11 11 12 11 14 12 21 14 15 15 17 10 18 16 19 16 19 18 19 22 20 22 20 23 20 23 20 23 21 1 27 6 17 24 24 25 24 25 24 25 25 26 25 13 26 27 26 27 26 27 26 28 26 28 26 28 28 29 28 29 28 29 28 29 28 29 28 29 29      63000      72000 
99	1458000	24 4 2 0 2 1 26 5 8 5 9 6 12 7 13 10 16 10 28 11 17 11 19 12 20 13 21 13 21 14 21 14 22 3 22 15 23 15 24 16 24 17 25 18 25 18 25 20 25 21 23 23 25 24 3 24 26 26 26 27 26 27 9 19 27 28 27 8 27 29 28 29 28 29 28 29 28 29 29 29 29 29 29 29      45000      63000 
198	1273000	0 2 1 10 10 2 4 2 5 16 9 5 8 6 13 6 11 24 11 7 12 7 12 7 19 8 16 9 20 24 21 10 21 14 23 14 22 15 22 17 23 17 7 18 3 18 24 19 29 19 25 19 25 13 15 20 26 22 26 22 26 23 27 24 27 24 27 25 28 25 28 25 28 26 14 27 29 28 29 28 29 28 29 28      63000      40500 
297	1110000	2 1 7 2 8 3 10 4 11 4 12 9 13 9 13 10 26 11 16 8 17 0 6 14 18 27 19 14 25 15 7 16 19 20 21 17 22 6 23 20 3 21 24 21 24 22 24 23 5 23 15 23 18 24 25 24 25 24 25 26 25 12 5 26 27 26 28 26 28 26 28 27 29 27 29 28 29 28 29 28 29 28 29 29      45000      54000 
396	 918000	0 20 18 28 10 2 4 2 5 16 9 5 8 6 13 6 11 24 11 6 12 7 12 24 1 8 16 9 20 24 21 10 21 14 23 14 2 15 22 17 23 17 7 18 3 18 24 19 29 19 25 19 25 13 15 20 26 22 26 22 26 23 27 24 27 24 27 25 28 25 17 25 28 26 14 27 29 28 29 28 29 28 29 28      63000      30000 
594	 900000	0 19 18 28 10 2 4 2 5 16 9 5 8 6 13 6 11 24 11 6 12 7 12 24 1 8 16 9 20 24 21 10 21 14 23 14 2 15 22 17 23 17 7 18 3 18 24 19 29 19 25 19 25 13 15 20 26 22 26 22 26 23 27 24 27 24 27 25 28 25 17 25 28 26 14 27 29 28 29 28 29 28 29 28      63000      28800 
891	 891000	2 1 7 2 8 4 10 4 11 4 12 9 13 9 13 10 26 11 16 8 17 0 6 14 18 27 19 14 25 15 7 16 19 20 19 17 22 6 3 20 3 21 24 21 24 22 24 23 5 23 15 23 18 29 25 24 25 24 25 26 25 12 5 26 27 26 25 26 28 26 28 27 29 27 29 28 29 28 27 28 29 28 29 29      40500      54000 
1089	 716668	29 0 28 18 2 10 28 4 16 5 5 9 6 8 6 13 24 11 6 11 7 12 24 12 22 1 9 16 24 20 10 21 24 21 14 23 15 2 17 22 17 23 18 7 18 3 25 24 19 19 19 25 13 25 20 15 24 26 22 26 23 26 24 27 24 27 25 27 25 28 25 17 26 28 27 14 28 29 28 29 28 29 28 29      23334      66666 
1287	 692000	2 1 7 2 12 27 10 4 11 4 8 9 13 9 13 10 26 11 16 8 17 0 6 14 22 27 19 14 25 15 7 16 19 20 19 17 22 6 3 20 3 21 24 21 24 22 24 23 5 23 15 23 18 29 25 24 25 24 25 26 25 12 5 26 27 18 25 26 28 26 28 27 29 27 29 28 29 28 13 28 29 28 29 29      34500      54000 
1386	 606000	0 8 2 14 3 19 19 21 26 11 7 6 8 3 10 26 25 12 11 26 1 4 14 28 24 0 9 23 17 13 24 17 18 14 16 15 22 16 23 16 23 18 20 19 4 20 6 20 24 26 5 21 25 22 25 28 12 24 21 22 27 25 27 25 27 5 28 26 28 26 28 26 29 26 15 26 29 26 29 26 13 27 29 28      72000      14000 
1683	 558000	0 8 2 14 3 19 19 21 26 11 7 6 8 3 10 10 25 12 11 22 1 4 14 28 24 26 9 26 17 13 24 17 18 14 16 15 22 9 23 16 23 18 20 19 4 20 6 20 24 26 5 21 25 22 25 28 12 24 21 22 27 28 27 25 27 5 28 26 28 26 28 26 29 26 15 26 29 26 29 26 13 27 29 28      70000      16000 
2169	 528184	0 8 2 28 3 19 19 21 26 11 7 6 8 26 10 26 25 12 11 5 1 9 14 28 24 10 9 26 17 13 24 17 18 14 16 15 22 16 23 16 23 18 20 19 4 20 6 20 24 26 5 21 25 22 25 28 12 24 21 22 27 25 27 25 27 5 28 26 28 26 28 26 29 26 15 26 29 26 29 26 13 27 29 28      70000      14546 
2268	 491820	0 26 2 14 3 19 19 21 26 11 7 27 8 8 10 10 25 12 11 22 1 28 14 28 24 26 9 26 17 13 24 17 18 14 16 15 22 9 23 16 23 18 20 19 4 20 6 20 24 26 5 21 25 22 25 28 12 24 21 22 27 28 27 25 27 18 28 26 28 26 28 26 29 26 15 26 29 26 29 26 13 27 29 28      70000      14545 
2466	 121600	26 0 14 2 19 3 21 19 11 26 27 7 22 8 10 10 12 25 15 11 28 1 28 14 26 24 26 9 13 17 17 24 14 18 24 16 9 22 16 23 18 23 19 20 20 4 20 6 26 24 21 5 23 25 28 25 24 12 22 21 28 27 25 27 18 27 26 28 26 28 26 28 26 29 26 15 26 29 29 29 27 13 28 29      16400      66000 