    0    1    0    1    0    1    0    2    0    2    5    0    4    2
    1    0    1    0    1    0    2    0    2    0    0    5    2    4
    0    1    0    1    0    1    0    2    0    2    2    2    7    0
    1    0    1    0    1    0    2    0    2    0    0    5    2    4
    0    1    0    1    0    1    0    2    0    2    5    0    4    2
    1    0    1    0    1    0    2    0    2    0    0    5    2    4
    1    0    1    0    1    0    2    0    2    0    0    5    2    4
    1    0    1    0    1    0    2    0    2    0    0    5    2    4
    1    0    1    0    1    0    2    0    2    0    0    5    2    4
    1    0    1    0    1    0    2    0    2    0    0    5    2    4
    1    0    1    0    1    0    2    0    2    0    0    5    2    4
    1    0    1    0    1    0    2    0    2    0    0    5    2    4
    1    0    1    0    1    0    2    0    2    0    2    2    0    7
    0    1    0    1    0    1    0    2    0    2    5    0    4    2
    0    1    0    1    0    1    0    2    0    2    2    2    7    0
    1    0    1    0    1    0    2    0    2    0    0    5    2    4
    1    0    1    0    1    0    2    0    2    0    0    5    2    4
    0    1    0    1    0    1    0    2    0    2    5    0    4    2
    1    0    1    0    1    0    2    0    0    3    2    2    2    4
    1    0    1    0    1    0    2    0    2    0    0    5    2    4
