
0            40     7491500    6    2    0    4    0    1    1    1    5    1    6    1    3    3    3    3    3    3    720000    450000
0           124     5499500    6    2    4    4    0    1    1    1    5    1    6    1    3    3    3    3    3    3    720000    234000
0           209     3341500    6    2    4    4    0    1    1    1    5    1    6    1    2    3    3    3    3    3    720000         0
0           295     1396500    6    2    4    4    0    1    1    1    5    1    6    1    2    3    3    3    5    3    495000         0
0           389      906500    6    2    4    4    0    1    6    1    5    1    6    1    2    3    3    3    5    3    386250     63750
0           490      851500    6    2    4    4    0    1    6    1    5    1    6    1    2    3    3    3    5    5    386250     63750
0           587      726250    6    2    4    4    0    1    6    1    5    4    6    1    2    3    3    3    5    5    361750     76500
0           685      656500    6    5    4    4    0    1    6    1    5    4    6    1    2    3    3    3    5    5    330000     85000
0           780      631000    6    5    4    4    0    1    6    6    5    4    6    1    2    3    3    3    5    5    291750    114750
0          7303      317000    6    5    6    4    2    1    6    6    5    3    6    5    2    3    6    0    5    4    143000    275000
0          3678      317000    6    5    6    4    2    1    6    6    5    3    6    5    2    3    6    0    5    4    143000    275000
0            38     7491500    4    5    0    0    0    0    2    1    6    3    3    3    3    3    3    3    3    6    450000    720000
0           120     5831500    4    5    0    0    0    0    2    1    6    3    3    3    3    3    3    5    3    6    500000    490000
0           207     4251500    4    5    0    0    0    0    2    1    6    3    6    3    3    3    3    5    3    6    450000    360000
0           308     3736500    4    5    0    0    0    0    2    1    6    3    6    3    3    3    3    5    3    5    495000    240000
0           411     3201500    4    5    0    0    0    0    2    1    6    3    6    3    3    6    3    5    3    5    450000    240000
0           501     2968000    4    5    0    0    0    0    2    1    6    5    6    3    3    6    3    5    3    5    450000    229500
0           598     2460250    4    5    0    0    0    0    2    1    6    5    6    4    3    6    3    5    3    5    380250    229500
0           699     1426500    4    5    0    0    0    6    2    1    6    5    6    4    3    6    3    5    3    5    260000    235000
0           799     1416500    4    5    0    0    0    6    2    1    6    5    6    4    3    6    3    5    4    5    260000    235000
0           893     1273500    4    5    0    0    0    6    2    1    6    5    6    4    3    6    3    6    4    5    234000    240000
0           983     1088000    4    5    0    0    0    6    2    1    6    5    6    5    3    6    3    6    4    5    250000    229500
0          1079     1040000    4    5    0    4    0    6    2    1    6    5    6    5    3    6    3    6    4    5    234000    229500
0          1180      771500    4    5    0    1    0    6    2    1    6    5    6    5    3    6    3    6    4    5    250000    200000
0          1281      751500    4    5    0    1    6    6    2    1    6    5    6    5    3    6    3    6    4    5    250000    180000
0          1375      471500    4    5    0    1    6    6    2    1    6    5    6    5    3    5    3    6    4    5    250000    160000
0         16713      165000    2    4    0    4    1    6    6    6    6    5    3    5    6    5    3    5    4    5    250000    150000
1          8382      165000    2    4    0    4    1    6    6    6    6    5    3    5    6    5    3    5    4    5    250000    150000
0            42     8026500    1    4    5    6    0    0    0    0    0    0    2    0    3    3    3    3    3    6    720000    495000
0           131     8016500    1    4    5    6    0    0    0    0    0    0    2    0    3    3    3    4    3    6    720000    495000
0           224     7491500    1    4    5    6    0    0    0    0    0    0    2    0    3    3    3    6    3    6    720000    450000
0           308     3728500    1    4    5    6    0    0    0    0    0    0    2    0    3    3    3    5    3    6    234000    495000
0           388     3421500    1    4    5    6    0    0    0    0    0    0    2    0    3    6    3    5    3    6    260000    460000
0           479     3051500    1    4    5    6    0    0    0    0    0    0    2    5    3    6    3    5    3    6    234000    450000
0           571     2091500    1    4    5    6    0    0    0    0    0    4    2    5    3    6    3    5    3    6    234000    330000
0           665     1408500    1    4    5    6    0    0    0    6    0    4    2    5    3    6    3    5    3    6    234000    275000
0           766     1276500    1    4    5    6    0    6    0    6    0    4    2    5    3    6    3    5    3    6    234000    243000
0           859     1026500    1    4    5    6    0    6    0    6    5    4    2    5    3    6    3    5    3    6    234000    225000
0           949      945500    1    4    5    6    0    6    0    6    5    4    2    5    4    6    3    5    3    6    234000    220000
0          1152      941500    1    4    5    6    0    6    2    6    5    3    2    5    4    6    3    5    3    6    230000    220000
0          1250      851500    1    4    5    6    0    6    2    6    5    3    6    5    4    6    3    5    3    6    287500    162500
0          1337      165000    1    4    5    6    0    6    2    6    5    4    6    5    4    6    3    5    3    6    250000    150000
2           690      165000    1    4    5    6    0    6    2    6    5    4    6    5    4    6    3    5    3    6    250000    150000
0            43     8016500    1    6    0    0    0    0    4    0    5    0    3    2    3    3    3    6    3    3    720000    495000
0           124     6531500    1    6    0    0    0    0    4    0    5    0    3    2    3    6    3    6    3    3    720000    330000
0           203     5801500    1    6    0    0    0    0    4    0    5    0    3    2    3    6    3    6    3    6    720000    260000
0           290     4081500    1    6    0    0    0    0    4    0    5    0    3    2    3    6    3    5    3    6    450000    330000
0           383     3644000    1    6    0    0    0    0    4    0    5    0    3    2    3    6    3    5    3    4    229500    495000
0           480     3341500    1    6    0    0    0    0    4    0    5    6    3    2    3    6    3    5    3    4    255000    465000
0           578     2008000    1    6    0    0    0    0    4    5    5    6    3    2    3    6    3    5    3    4    229500    330000
0           682     1334000    1    6    0    0    0    6    4    5    5    6    3    2    3    6    3    5    3    4    229500    275000
0           782     1114000    1    6    0    0    0    6    4    5    5    1    3    2    3    6    3    5    3    4    125000    337500
0           870      901500    1    6    0    6    0    6    4    5    5    1    3    2    3    6    3    5    3    4    125000    325000
0           970      851500    1    6    0    6    0    6    4    5    5    1    3    2    5    6    3    5    3    4    175000    275000
0          9833      611500    4    6    0    6    0    6    4    5    5    1    3    2    5    6    3    5    3    4    150000    260000
3          4940      611500    4    6    0    6    0    6    4    5    5    1    3    2    5    6    3    5    3    4    150000    260000
0            40     6936500    1    2    4    0    5    0    6    0    3    0    3    0    3    2    3    3    3    3    990000    117000
0           113     5831500    1    2    4    0    5    0    6    0    3    0    3    0    3    2    3    6    3    3    860000    130000
0           198     4776500    1    2    4    0    5    0    6    0    3    0    3    0    3    2    3    6    3    6    720000    135000
0           297     4031518    1    2    4    0    5    0    6    0    3    0    3    0    3    2    3    6    3    2    903333     86666
0          1110     3501500    1    2    4    3    5    0    6    0    3    0    0    0    0    2    0    6    5    6    450000    270000
0          1207     3156500    1    2    4    3    5    0    6    0    3    0    0    4    0    2    0    6    5    6    360000    315000
0          1309     2335500    1    2    4    3    5    0    6    0    3    0    0    4    0    6    0    6    5    6    360000    234000
0          1411     1511500    1    2    4    3    5    0    6    0    3    5    0    4    0    6    0    6    5    6    229500    270500
0          1508     1310500    1    2    4    3    5    6    6    0    3    5    0    4    0    6    0    6    5    6    255000    234000
0          1607     1122000    1    2    4    3    5    6    6    5    3    5    0    4    0    6    0    6    5    6    229500    234000
0          1705     1049000    1    2    4    3    5    6    6    5    3    5    0    4    0    6    4    6    5    6    229500    234000
0          1797      851500    1    2    4    3    5    6    6    5    3    5    0    4    0    6    4    1    5    6    125000    325000
0          2649      616500    5    2    3    3    4    6    3    5    6    5    0    4    0    6    4    1    5    6    112500    292500
0          9139      165000    5    5    3    6    4    6    3    4    6    5    1    4    0    6    2    6    5    6    250000    150000
4          4593      165000    5    5    3    6    4    6    3    4    6    5    1    4    0    6    2    6    5    6    250000    150000
0            34     8031500    2    4    5    6    0    0    0    0    0    0    0    3    1    3    3    5    3    3    234000    990000
0           114     3728500    2    4    5    6    0    0    0    0    0    0    0    3    1    3    3    5    3    6    234000    495000
0           202     3586500    2    4    5    6    0    0    0    0    0    0    0    3    1    5    3    5    3    6    234000    495000
0           287     3421500    2    4    5    6    0    0    0    0    0    0    0    3    1    6    3    5    3    6    255000    465000
0           367     3411500    2    4    5    6    0    0    0    0    0    0    0    2    1    6    3    5    3    6    250000    470000
0           448     3341500    2    4    5    6    0    0    0    0    0    4    0    2    1    6    3    5    3    6    255000    465000
0           546     3050000    2    4    5    6    0    0    0    0    0    5    0    2    1    6    3    5    3    6    229500    450000
0           656     2155500    2    4    5    6    0    0    0    0    0    5    0    4    1    6    3    5    3    6    234000    330000
0           767     1456500    2    4    5    6    0    0    0    6    0    5    0    4    1    6    3    5    3    6    250000    275000
0           868     1316500    2    4    5    6    0    6    0    6    0    5    0    4    1    6    3    5    3    6    250000    235000
0           968     1298500    2    4    5    6    0    6    0    6    0    5    1    4    1    6    3    5    3    6    234000    243000
0          1076     1090500    2    4    5    6    0    6    0    6    0    5    1    4    5    6    3    5    3    6    234000    225000
0          1177     1025000    2    4    5    6    0    6    0    6    2    5    1    4    5    6    3    5    3    6    229500    225000
0          1279      945500    2    4    5    6    0    6    0    6    4    5    1    4    5    6    3    5    3    6    234000    220000
0          1383      921000    2    4    5    6    0    6    2    6    4    5    1    4    5    6    3    5    3    6    229500    220000
0          1475      165000    2    4    5    6    0    6    6    6    4    5    1    4    5    6    3    5    3    6    250000    150000
5           759      165000    2    4    5    6    0    6    6    6    4    5    1    4    5    6    3    5    3    6    250000    150000
0            40     9981500    5    0    0    0    0    0    0    0    0    6    1    2    4    3    3    3    3    5    450000    990000
0           120     7948000    5    0    0    0    0    0    0    0    0    6    1    2    4    3    3    4    3    5    229500    990000
0           201     3726000    5    0    0    0    0    0    0    0    0    6    1    2    4    6    3    4    3    5    229500    495000
0           288     3341500    5    0    0    0    0    0    0    6    0    6    1    2    4    6    3    4    3    5    255000    465000
0           380     2090000    5    0    0    5    0    0    0    6    0    6    1    2    4    6    3    4    3    5    229500    330000
0           474     1416000    5    0    0    5    0    6    0    6    0    6    1    2    4    6    3    4    3    5    229500    275000
0           571     1316500    5    0    0    5    0    6    0    6    6    6    1    2    4    6    3    4    3    5    250000    235000
0           672     1294000    5    1    0    5    0    6    0    6    6    6    1    2    4    6    3    4    3    5    225000    247500
0           774     1286500    5    4    0    5    0    6    0    6    6    6    1    2    4    6    3    4    3    5    250000    235000
0           881     1265250    5    4    0    5    0    6    0    6    6    6    1    2    4    6    3    3    3    5    229500    245250
0           983     1122000    5    4    0    5    0    6    0    6    6    6    1    2    4    6    3    3    5    5    229500    234000
0          1074     1049000    5    4    0    5    3    6    0    6    6    6    1    2    4    6    3    3    5    5    229500    234000
0          1164      949000    5    4    0    5    3    6    0    6    6    6    1    2    4    6    3    2    5    5    250000    212500
0          1261      939000    5    4    0    5    3    6    1    6    6    6    1    2    4    6    3    2    5    5    250000    212500
0          1360      846500    5    4    0    5    3    6    1    6    6    6    4    2    4    6    3    2    5    5    250000    185000
0          1451      317000    5    6    0    5    3    6    1    6    6    6    4    2    4    6    3    2    5    5    275000    143000
0         16364      165000    5    4    0    5    3    6    1    6    6    4    4    6    2    6    3    6    5    5    250000    150000
6          8207      165000    5    4    0    5    3    6    1    6    6    4    4    6    2    6    3    6    5    5    250000    150000
0            39     7491500    4    5    6    0    0    0    0    0    0    0    0    0    1    2    3    6    3    3    450000    720000
0           120     5831500    4    5    6    0    0    0    0    0    0    0    0    0    1    2    3    6    3    5    590000    400000
0           203     4251500    4    5    6    0    0    0    0    0    0    0    0    6    1    2    3    6    3    5    450000    360000
0           289     4031518    4    5    6    0    0    0    0    0    0    0    0    5    1    2    3    6    3    5    723333    266666
0           380     3501500    4    5    6    0    0    0    0    6    0    0    0    5    1    2    3    6    3    5    450000    270000
0           466     2621250    4    5    6    0    0    0    0    6    0    0    0    4    1    2    3    6    3    5    229500    380250
0           557     2511500    4    5    6    0    0    0    0    6    0    5    0    4    1    2    3    6    3    5    250000    370000
0           655     2300000    4    5    6    0    0    0    0    6    0    6    0    4    1    2    3    6    3    5    229500    360000
0           747     2218000    4    5    6    3    0    0    0    6    0    6    0    4    1    2    3    6    3    5    229500    360000
0           846     1396500    4    5    6    3    0    0    0    1    0    6    0    4    1    2    3    6    3    5         0    495000
0           945      901500    4    5    6    3    0    6    0    1    0    6    0    4    1    2    3    6    3    5     62500    387500
0          1033      826500    4    5    6    3    4    6    0    1    0    6    0    4    1    2    3    6    3    5     75000    360000
0          1222      724000    4    5    6    3    4    6    0    1    0    6    0    4    3    2    3    6    0    5     62500    360000
0          1627      714000    4    5    5    3    4    6    3    1    0    6    2    4    0    2    3    6    0    5     75000    362500
0          7539      684000    4    5    5    3    4    6    3    1    2    6    2    4    0    6    3    6    0    5    125000    297500
7          3795      684000    4    5    5    3    4    6    3    1    2    6    2    4    0    6    3    6    0    5    125000    297500
0            30     7948000    1    4    5    6    0    0    0    0    0    2    0    3    3    3    3    3    3    5    229500    990000
0           101     3654000    1    4    5    6    0    0    0    0    0    2    0    6    3    3    3    3    3    5    229500    495000
0           190     3411500    1    4    5    6    0    0    0    0    0    2    0    6    3    6    3    3    3    5    229500    490500
0           284     3341500    1    4    5    6    0    0    0    0    0    2    0    1    3    6    3    3    3    5         0    720000
0           381     1396500    1    4    5    6    0    5    0    0    0    2    0    1    3    6    3    3    3    5         0    495000
0           646     1301500    0    4    6    6    0    5    0    6    0    2    0    1    3    6    3    3    3    5     50000    450000
0           732      901500    0    4    6    6    0    5    0    6    4    2    0    1    3    6    3    3    3    5     62500    387500
0           818      851500    0    4    6    6    0    5    0    6    4    2    0    1    3    6    3    3    5    5     62500    387500
0           904      724000    0    4    6    6    0    5    0    6    4    2    0    1    3    6    3    3    4    5     62500    360000
0          4308      714000    0    4    2    6    5    5    0    6    3    2    0    1    4    6    3    3    4    5     75000    362500
0          7386      616500    0    4    6    6    5    5    0    6    3    2    5    1    4    6    3    3    4    5    112500    292500
0         17502      593500    3    4    4    6    2    4    5    6    6    0    5    0    5    6    3    6    1    6    260000    168000
8          8775      593500    3    4    4    6    2    4    5    6    6    0    5    0    5    6    3    6    1    6    260000    168000
0            36     7491500    1    2    4    0    0    0    0    0    0    0    0    0    0    5    6    3    3    6    450000    720000
0           103     5961500    1    2    4    0    0    0    0    4    0    0    0    0    0    5    6    3    3    6    229500    760500
0           177     5458000    1    2    4    0    0    0    0    4    0    0    0    6    0    5    6    3    3    6    229500    720000
0           253     2539250    1    2    4    0    0    0    0    4    0    5    0    6    0    5    6    3    3    6    229500    380250
0           325     1396500    1    2    4    0    0    1    0    4    0    5    0    6    0    5    6    3    3    6         0    495000
0           413      951500    1    2    4    6    0    1    0    4    0    5    0    6    0    5    6    3    3    6     50000    400000
0           507      851500    1    2    4    6    0    1    0    4    0    5    0    6    0    5    3    3    3    6     50000    400000
0          6370      714000    1    2    4    6    5    1    0    4    0    5    4    6    0    5    3    3    3    6     75000    362500
0          9619      657750    6    2    4    6    5    1    0    6    6    5    4    6    0    5    3    3    3    4    112500    303750
0          9708      616500    6    2    4    6    5    1    0    6    5    5    4    6    0    5    3    3    3    4    112500    292500
9          4874      616500    6    2    4    6    5    1    0    6    5    5    4    6    0    5    3    3    3    4    112500    292500
0            42     7491500    4    5    6    0    0    0    0    0    1    0    2    3    3    6    3    3    3    3    450000    720000
0           126     5831500    4    5    6    0    0    0    0    0    1    0    2    3    3    6    3    3    3    5    590000    400000
0           214     4251500    4    5    6    0    0    0    0    0    1    0    2    3    3    6    3    6    3    5    450000    360000
0           306     4031518    4    5    6    0    0    0    0    0    1    0    2    3    3    5    3    6    3    5    723333    266666
0           398     3501500    4    5    6    0    0    6    0    0    1    0    2    3    3    5    3    6    3    5    450000    270000
0           490     3171500    4    5    6    0    0    6    0    0    1    0    2    6    3    5    3    6    3    5    450000    240000
0           581     2301500    4    5    6    0    0    6    0    0    1    0    2    6    3    5    3    6    3    4    234000    360000
0           671     2218000    4    5    6    0    0    6    0    2    1    0    2    6    3    5    3    6    3    4    229500    360000
0           763     1486500    4    5    6    0    0    6    0    2    1    0    2    6    3    5    3    6    5    4    250000    275000
0           865     1266500    4    5    6    0    0    6    0    2    1    6    2    6    3    5    3    6    5    4    250000    235000
0           972      949000    4    5    6    5    0    6    0    2    1    6    2    6    3    5    3    6    5    4    250000    212500
0          1082      851500    4    5    6    5    0    6    0    6    1    6    2    6    3    5    3    6    5    4    275000    175000
0          1190      591500    4    5    6    5    0    6    4    6    1    6    2    6    3    5    3    6    5    4    250000    170000
0          1287      571500    4    5    6    5    0    6    4    6    1    6    2    6    3    5    3    6    5    2    250000    170000
0          4227      157500    4    5    6    5    0    6    4    6    1    6    2    6    3    5    3    6    5    5    250000    157500
10          2137      157500    4    5    6    5    0    6    4    6    1    6    2    6    3    5    3    6    5    5    250000    157500
0            44     8026500    1    4    5    0    0    0    0    0    0    2    0    6    3    3    3    6    3    3    720000    495000
0           130     8016500    1    4    5    0    0    0    0    0    0    2    0    6    3    3    3    6    3    4    720000    495000
0           215     7948000    1    4    5    0    0    0    0    0    0    2    0    6    3    3    3    5    3    4    229500    990000
0           298     3644000    1    4    5    0    0    0    0    6    0    2    0    6    3    3    3    5    3    4    229500    495000
0           384     3341500    1    4    5    0    0    0    0    6    0    2    0    6    3    3    3    5    3    1         0    720000
0           480     1396500    1    4    5    5    0    0    0    6    0    2    0    6    3    3    3    5    3    1         0    495000
0           803     1391500    6    4    1    5    0    0    0    6    0    2    6    6    3    3    3    5    3    1      2500    492500
0           893     1386500    6    4    1    5    0    0    0    6    0    2    6    6    3    3    3    5    4    1     95000    400000
0           988     1341500    6    4    1    5    0    0    0    6    0    2    6    6    3    3    3    5    6    1     30000    450000
0          1079     1301500    6    4    1    5    0    0    0    6    0    2    6    6    3    3    6    5    6    1     50000    450000
0          1165     1201500    6    4    1    5    0    0    0    6    0    2    6    6    3    3    4    5    6    1    100000    400000
0          1264     1076500    6    4    1    5    0    0    0    6    6    2    6    6    3    3    4    5    6    1     75000    400000
0          1356     1026500    6    4    1    5    0    0    3    6    6    2    6    6    3    3    4    5    6    1     75000    400000
0          1446     1001500    6    4    1    5    0    0    3    6    6    2    6    6    6    3    4    5    6    1     60000    400000
0          1546      951500    6    4    1    5    0    0    3    6    5    2    6    6    6    3    4    5    6    1    100000    350000
0          1644      851500    6    4    1    5    4    0    3    6    5    2    6    6    6    3    4    5    6    1    100000    350000
0         10529      666500    5    4    3    5    4    0    3    6    5    2    6    6    6    3    4    5    6    1    160000    255000
0         25530      586500    0    4    3    5    4    5    3    6    1    2    5    6    6    4    6    2    6    5    250000    175000
11         12789      586500    0    4    3    5    4    5    3    6    1    2    5    6    6    4    6    2    6    5    250000    175000
0            44     7956500    1    4    5    0    2    0    6    0    3    0    3    3    3    3    3    4    3    3    990000    225000
0           134     5951500    1    4    5    0    2    0    6    0    3    0    3    3    3    3    3    4    3    6    740000    250000
0           221     5831500    1    4    5    0    2    0    6    0    3    0    3    3    3    3    3    5    3    6    260000    730000
0           317     3421500    1    4    5    0    2    0    6    6    3    0    3    3    3    3    3    5    3    6    255000    465000
0           418     3051500    1    4    5    0    2    0    6    6    3    0    3    3    3    5    3    5    3    6    234000    450000
0           509     2523500    1    4    5    0    2    0    6    6    3    0    3    4    3    5    3    5    3    6    234000    378000
0           596     1482500    1    4    5    6    2    0    6    6    3    0    3    4    3    5    3    5    3    6    234000    283000
0           697     1283500    1    4    5    6    2    0    6    6    3    6    3    4    3    5    3    5    3    6    234000    250000
0           796     1209000    1    4    5    6    2    0    6    6    3    6    3    4    3    5    3    5    2    6    229500    250000
0           888      821500    1    4    5    6    2    0    6    6    3    6    3    4    3    5    3    5    2    1    125000    325000
0          1101      685250    1    4    5    6    2    0    1    6    3    6    3    4    3    5    3    5    2    6    127500    296250
0          1209      601500    1    4    5    6    2    0    1    6    3    6    3    4    3    5    5    5    2    6    150000    250000
0         19709      593500    2    4    5    6    5    6    3    6    3    6    6    4    0    4    1    1    5    6    260000    168000
0         22645      160000    2    4    5    6    5    6    3    6    3    6    6    4    0    4    1    6    5    6    255000    150000
12         11347      160000    2    4    5    6    5    6    3    6    3    6    6    4    0    4    1    6    5    6    255000    150000
0            41     7491500    4    5    0    0    0    0    0    0    0    0    1    2    6    3    3    3    3    6    450000    720000
0           126     5831500    4    5    0    0    0    0    0    0    0    0    1    2    6    3    3    5    3    6    500000    490000
0           214     4251500    4    5    0    0    0    0    0    0    0    0    1    2    6    6    3    5    3    6    450000    360000
0           303     4031518    4    5    0    0    0    0    0    0    0    0    1    2    6    6    3    5    3    5    723333    266666
0           393     3501500    4    5    0    0    0    0    0    6    0    0    1    2    6    6    3    5    3    5    450000    270000
0           489     2621250    4    5    0    0    0    0    0    6    0    0    1    2    6    6    3    5    3    4    229500    380250
0           584     2300000    4    5    0    0    0    6    0    6    0    0    1    2    6    6    3    5    3    4    229500    360000
0           672     2218000    4    5    0    0    0    6    0    6    0    3    1    2    6    6    3    5    3    4    229500    360000
0           766     1396500    4    5    0    0    0    6    0    6    0    3    1    2    6    1    3    5    3    4         0    495000
0           858      901500    4    5    0    6    0    6    0    6    0    3    1    2    6    1    3    5    3    4     62500    387500
0           947      724000    4    5    0    6    0    6    0    6    0    3    4    2    6    1    3    5    3    4     62500    360000
0          1356      714000    4    5    3    6    0    6    4    6    0    3    4    2    5    1    3    5    0    4     75000    362500
0          7249      616500    4    5    3    6    5    6    4    6    0    3    6    2    5    1    3    5    0    4    112500    292500
13          3646      616500    4    5    3    6    5    6    4    6    0    3    6    2    5    1    3    5    0    4    112500    292500
0            38     9231500    1    5    6    0    0    0    0    0    4    0    3    2    3    3    3    3    3    5    990000    360000
0           116     5831500    1    5    6    0    0    0    0    0    4    6    3    2    3    3    3    3    3    5    500000    490000
0           194     4251500    1    5    6    0    0    0    0    0    4    6    3    2    3    3    3    6    3    5    450000    360000
0           274     2539250    1    5    6    0    0    0    0    4    4    6    3    2    3    3    3    6    3    5    229500    380250
0           372     2218000    1    5    6    0    0    0    0    4    4    6    3    2    3    6    3    6    3    5    229500    360000
0           471     1939000    1    5    6    0    0    0    0    4    4    1    3    2    3    6    3    6    3    5    125000    432500
0           558     1256500    1    5    6    0    0    6    0    4    4    1    3    2    3    6    3    6    3    5    125000    360000
0           660      851500    1    5    6    5    0    6    0    4    4    1    3    2    3    6    3    6    3    5    125000    325000
0          1066      826500    0    3    6    5    0    6    0    4    4    1    4    2    3    6    3    6    3    5     75000    360000
0          1161      724000    0    3    6    5    0    6    0    4    4    1    4    2    3    6    3    6    0    5     62500    360000
0          1365      714000    0    3    5    5    0    6    1    4    4    1    4    2    3    6    3    6    0    5     75000    362500
0          1791      611500    0    6    5    5    3    6    5    4    4    1    4    2    3    6    3    6    0    5    150000    260000
14           918      611500    0    6    5    5    3    6    5    4    4    1    4    2    3    6    3    6    0    5    150000    260000
0            34     8030000    5    0    0    0    0    0    0    0    0    1    2    4    6    4    3    3    3    3    990000    229500
0           112     5961500    5    0    0    0    0    0    0    0    0    1    2    4    6    4    3    6    3    3    735000    255000
0           195     5831500    5    0    0    0    0    0    0    0    0    1    2    4    6    4    3    6    3    5    735000    255000
0           278     3421500    5    0    0    0    0    0    0    0    0    1    2    4    6    6    3    6    3    5    250000    470000
0           365     3341500    5    0    0    0    0    0    0    4    0    1    2    4    6    6    3    6    3    5    260000    460000
0           452     3073500    5    0    0    0    0    0    0    4    0    1    2    5    6    6    3    6    3    5    234000    450000
0           533     2521500    5    0    0    0    0    4    0    4    0    1    2    5    6    6    3    6    3    5    250000    370000
0           634     2489000    5    0    0    2    0    4    0    4    0    1    2    5    6    6    3    6    3    5    225000    382500
0           749     1396500    5    0    0    2    0    3    0    4    0    1    2    5    6    6    3    6    3    5         0    495000
0           933     1391500    5    0    3    2    0    3    0    4    0    1    6    5    6    6    3    6    3    5      2500    492500
0          1016     1341500    5    0    3    2    0    3    0    4    0    1    6    5    6    6    3    6    6    5     30000    450000
0          1105     1256500    5    0    3    2    0    4    0    4    0    1    6    5    6    6    3    6    6    5    225000    250000
0          1209      929000    5    3    3    2    0    4    0    4    0    1    6    5    6    6    3    6    6    5    135000    292500
0          1323      871500    5    3    3    2    0    4    0    4    0    1    6    5    6    6    5    6    6    5    190000    260000
0          1437      851500    5    3    3    2    0    4    0    4    6    1    6    5    6    6    5    6    6    5    190000    260000
0          1615      666500    5    3    3    2    0    4    0    4    6    1    6    5    3    6    5    6    6    5    160000    255000
0         16466      593500    1    3    1    2    6    4    0    4    6    3    6    5    0    5    6    6    6    5    168000    260000
15          8256      593500    1    3    1    2    6    4    0    4    6    3    6    5    0    5    6    6    6    5    168000    260000
0            34     7491500    1    4    0    0    0    0    2    0    5    0    6    0    3    3    3    3    3    6    720000    450000
0           119     5831500    1    4    0    0    0    0    2    0    5    0    6    0    3    5    3    3    3    6    490000    500000
0           211     3421500    1    4    0    0    0    0    2    0    5    0    6    6    3    5    3    3    3    6    260000    460000
0           307     3341500    1    4    0    0    0    0    2    0    5    0    6    6    3    5    3    4    3    6    260000    460000
0           406     3051500    1    4    0    0    0    0    2    0    5    0    6    6    3    5    3    5    3    6    234000    450000
0           493     2523500    1    4    0    0    0    0    2    4    5    0    6    6    3    5    3    5    3    6    234000    378000
0           574     2460250    1    4    0    0    0    2    2    4    5    0    6    6    3    5    3    5    3    6    229500    380250
0           652     1414750    1    4    0    0    0    2    2    4    5    6    6    6    3    5    3    5    3    6    229500    285250
0           743     1389500    1    4    0    0    0    5    2    4    5    6    6    6    3    5    3    5    3    6    234000    252000
0           847     1276500    1    4    0    0    0    5    2    4    5    6    6    6    3    5    3    6    3    6    234000    243000
0           950     1026500    1    4    0    5    0    5    2    4    5    6    6    6    3    5    3    6    3    6    234000    225000
0          1054      866500    1    4    0    5    0    5    2    4    5    6    6    6    4    5    3    6    3    6    250000    185000
0          1155      851500    1    6    0    5    0    5    2    4    5    6    6    6    4    5    3    6    3    6    275000    175000
0          1243      851500    1    6    0    5    6    5    2    4    5    6    6    6    4    5    3    6    3    6    275000    175000
0          1652      666500    1    5    0    5    6    5    2    4    5    4    6    6    4    5    3    6    3    6    255000    160000
0         10492       55000  1    5    0    5    6    5  2    5   4    5    6    6    4    6    3    6    3    6    250000    160000
16          5267       55000    1    5    0    5    6    5    2    5    4    5    6    6    4    6    3    6    3    6    250000    160000
0            44     7491500    1    5    6    0    0    0    0    0    0    0    0    2    4    3    3    3    3    6    450000    720000
0           135     5831500    1    5    6    0    0    0    0    0    0    0    0    2    4    5    3    3    3    6    500000    490000
0           230     4251500    1    5    6    0    0    6    0    0    0    0    0    2    4    5    3    3    3    6    450000    360000
0           319     2621250    1    5    6    0    0    6    0    0    0    0    0    2    4    5    3    4    3    6    229500    380250
0           405     2300000    1    5    6    0    0    6    0    0    0    6    0    2    4    5    3    4    3    6    229500    360000
0           495     2218000    1    5    6    0    0    6    0    3    0    6    0    2    4    5    3    4    3    6    229500    360000
0           587     1286250    1    5    6    0    0    6    0    3    0    6    0    2    4    5    1    4    3    6    114750    360000
0           685     1235750    1    5    6    3    0    6    0    3    0    6    0    2    4    5    1    4    3    6    114750    360000
0           784     1001500    1    5    6    1    0    6    0    3    0    6    0    2    4    5    1    4    3    6     62500    387500
0           883      901500    1    5    6    1    0    6    0    3    0    6    0    2    4    5    4    4    3    6     62500    387500
0           990      826500    1    5    6    1    0    6    0    3    3    6    0    2    4    5    4    4    3    6     75000    360000
0          1395      811500    1    5    6    3    1    6    0    3    3    6    0    2    4    5    4    4    5    6    125000    325000
0          1500      674000    1    5    6    3    1    6    0    3    6    6    0    2    4    5    4    4    5    6    125000    297500
0         19796      666500    3    5    6    3    5    5    1    3    0    6    6    6    2    4    4    4    5    6    255000    160000
17          9919      666500    3    5    6    3    5    5    1    3    0    6    6    6    2    4    4    4    5    6    255000    160000
0            39     9981500    2    4    6    0    0    0    0    0    0    1    0    5    0    3    3    3    3    5    990000    450000
0           124     5971500    2    4    6    0    0    0    0    0    0    1    0    5    0    3    3    3    3    6    234000    756000
0           206     5499500    2    4    6    0    0    0    0    0    0    1    0    5    0    3    3    6    3    6    234000    720000
0           275     3009500    2    4    6    0    0    0    0    5    0    1    0    5    0    3    3    6    3    6    234000    450000
0           352     2976500    2    4    6    0    0    0    0    5    0    1    0    5    0    2    3    6    3    6    225000    450000
0           441     2559000    2    4    6    0    0    4    0    5    0    1    0    5    0    2    3    6    3    6    225000    382500
0           535     2226500    2    4    6    6    0    4    0    5    0    1    0    5    0    2    3    6    3    6    225000    360000
0           633     1601500    2    4    6    6    0    4    0    5    0    1    0    5    0    2    3    6    3    3     50000    470000
0           735     1301500    2    4    6    6    0    6    0    5    0    1    0    5    0    2    3    6    3    3     50000    450000
0           845      951500    2    4    6    6    0    6    0    5    0    1    0    5    0    2    3    6    4    3     50000    400000
0           961      901500    2    4    6    6    0    6    0    5    0    1    0    5    4    2    3    6    4    3     62500    387500
0          1076      826500    2    4    6    6    3    6    0    5    0    1    0    5    4    2    3    6    4    3     75000    360000
0          1173      714000    2    4    5    6    3    6    0    5    0    1    0    5    4    2    3    6    4    3     75000    362500
0         12964      616500    6    4    5    6    3    6    0    5    3    1    0    5    4    2    4    6    5    3    112500    292500
0         19433      165000    3    4    5    6    5    6    0    4    3    6    2    5    4    5    1    6    6    6    250000    150000
18          9736      165000    3    4    5    6    5    6    0    4    3    6    2    5    4    5    1    6    6    6    250000    150000
0            41     9231500    1    5    0    0    0    0    0    0    4    0    6    0    3    2    3    3    3    5    990000    360000
0           125     8191500    1    5    0    0    0    0    0    0    4    0    6    5    3    2    3    3    3    5    990000    240000
0           214     4031518    1    5    0    0    0    0    0    0    4    0    6    5    3    2    3    6    3    5    723333    266666
0           303     3501500    1    5    0    0    0    6    0    0    4    0    6    5    3    2    3    6    3    5    450000    270000
0           397     2539250    1    5    0    0    0    6    0    0    4    0    6    5    3    2    3    6    3    4    229500    380250
0           502     2460250    1    5    0    0    0    6    0    5    4    0    6    5    3    2    3    6    3    4    229500    380250
0           605     2218000    1    6    0    0    0    6    0    5    4    0    6    5    3    2    3    6    3    4    229500    360000
0           704     1551500    1    6    0    0    0    6    0    5    4    1    6    5    3    2    3    6    3    4    150000    360000
0           802     1393500    1    3    0    0    0    6    0    5    4    1    6    5    3    2    3    6    3    4      2000    494000
0           902     1386500    1    3    0    0    0    6    0    5    4    1    6    5    3    2    3    6    6    4     95000    400000
0          1014     1201500    1    3    0    0    0    6    0    5    4    1    6    5    3    2    6    6    6    4    100000    400000
0          1123     1076500    1    3    0    0    6    6    0    5    4    1    6    5    3    2    6    6    6    4     75000    400000
0          1220     1001500    1    3    0    0    6    6    6    5    4    1    6    5    3    2    6    6    6    4     60000    400000
0          1324      951500    1    3    0    0    6    5    6    5    4    1    6    5    3    2    6    6    6    4    162500    287500
0          1436      851500    3    3    0    0    6    5    6    5    4    1    6    5    3    2    6    6    6    4    162500    287500
0          2488      631000    0    3    2    3    6    1    6    5    5    1    4    4    3    5    5    6    6    4    291750    114750
0         14588      596500    0    6    2    1    6    5    6    5    5    1    4    6    3    5    3    4    6    4    250000    175000
19          7320      596500    0    6    2    1    6    5    6    5    5    1    4    6    3    5    3    4    6    4    250000    175000