
0	1179600	0 1 0 1 1 1 2 0 0 1 0 1 2 0 1 1 2 0 1 1 0 2 0 2 0 2 1 1 2 1 1 1 1 1 1 1 2 1 0 3 0 2 3 0 4 0 3 2 2 4 1 3 0 4 3 2 4 2 5 1      37800      63000 
99	 993000	1 1 1 0 1 0 1 0 0 2 0 2 1 0 1 0 1 1 0 3 1 1 1 1 1 1 1 1 1 1 1 2 2 0 1 1 0 3 1 1 1 1 1 1 2 0 2 1 2 3 2 3 3 1 0 8 3 3 9 0      63000      31500 
198	 890000	1 1 1 0 1 0 1 1 0 3 1 1 1 0 1 1 1 0 1 0 1 0 2 0 1 1 1 1 1 1 1 1 2 0 1 1 1 1 1 1 1 1 1 2 1 1 3 3 2 5 2 5 3 1 2 3 4 0 2 7      72000      21000 
297	 766000	1 0 1 0 1 1 0 2 1 1 2 0 0 2 1 1 0 2 1 1 2 0 2 0 2 0 1 1 1 2 1 1 1 1 1 1 1 1 2 0 2 0 0 3 0 4 1 3 4 1 3 2 4 0 2 3 2 4 2 5      54000      36000 
495	 760000	0 2 1 1 1 1 1 1 1 1 1 1 2 0 1 1 2 0 1 1 0 2 0 2 0 2 1 1 0 2 1 1 1 1 1 1 2 0 0 2 0 2 2 0 3 0 2 2 1 4 2 3 1 4 4 2 4 2 6 0      45000      45000 
693	 723334	1 1 0 1 0 1 1 1 0 1 1 1 0 1 1 1 0 1 0 1 3 1 1 1 2 1 1 1 1 1 1 1 1 1 1 1 1 1 2 1 1 1 1 1 0 2 1 2 5 2 5 2 4 3 1 3 3 3 3 3      16667      73333 
792	 710000	0 1 0 1 0 1 0 1 1 1 0 1 0 1 0 1 0 1 1 1 1 1 1 1 1 1 1 1 1 1 1 1 0 2 1 1 1 1 2 1 1 1 2 1 1 1 3 2 7 2 5 2 2 3 3 3 0 4 6 2      20000      70000 
891	 696668	1 1 1 1 1 1 1 1 1 1 1 1 0 1 1 1 0 1 1 1 1 1 1 1 1 1 1 1 1 1 1 1 1 1 1 1 1 1 2 1 1 1 2 1 0 2 0 2 5 2 5 2 3 3 1 3 3 3 3 3      16667      73333 
990	 646000	1 1 0 1 1 1 1 1 1 1 0 1 0 1 1 1 0 1 0 1 2 1 1 1 1 1 1 1 1 1 1 1 1 1 1 1 1 1 2 1 2 1 2 1 2 1 1 2 5 2 3 3 2 3 2 3 3 3 3 3      14000      72000 
1188	 490800	1 0 1 0 1 0 1 0 1 0 1 0 1 0 1 0 1 0 1 1 1 0 1 1 1 1 1 1 1 1 1 2 1 1 1 2 1 1 1 2 1 2 1 2 1 3 1 6 2 7 3 1 3 2 3 1 4 0 3 5      72000      12800 
0	1140000	0 2 0 1 0 1 0 2 2 0 0 1 0 1 0 1 1 1 1 1 2 0 1 1 2 0 1 1 3 0 1 1 1 1 0 3 1 1 2 1 1 1 1 1 3 0 2 1 1 4 4 3 1 3 0 4 2 5 9 0      36000      63000 
288	 798000	1 0 1 0 1 0 1 0 1 1 1 0 1 0 1 0 1 0 1 1 1 2 1 1 1 1 1 1 1 2 1 2 0 3 1 1 1 2 1 1 1 2 1 2 1 2 2 1 3 2 3 3 3 2 2 3 4 2 3 5      63000      27000 
387	 156000	1 0 1 0 1 0 1 0 1 0 1 0 1 0 1 0 1 0 1 1 1 1 1 1 1 1 1 2 1 2 1 1 1 2 1 1 1 2 1 2 1 2 1 2 1 2 2 1 3 1 3 2 3 2 2 5 3 5 3 4      66000      16500 
585	 121600	0 1 0 1 0 1 0 1 0 1 0 1 0 1 0 1 0 1 1 1 1 1 1 1 1 1 2 1 1 1 1 1 2 1 1 1 1 1 2 1 2 1 2 1 2 1 1 2 1 3 2 3 2 3 6 2 5 3 5 3      16400      66000 
1269	 105600	1 0 1 0 1 0 1 0 1 0 1 0 1 0 1 0 1 0 1 1 1 1 1 1 1 1 1 1 1 1 1 1 1 2 1 1 1 1 1 2 1 2 1 2 1 2 2 1 3 2 3 2 3 2 2 6 3 5 3 5      66000      16400 
0	1448000	0 1 2 0 1 1 0 1 0 2 0 1 0 1 1 1 2 0 1 1 2 0 1 1 1 1 1 1 1 1 1 1 0 5 2 0 1 1 0 2 0 2 3 0 2 0 0 3 1 3 0 8 4 1 4 1 4 2 7 0      45000      63000 
99	1196800	1 0 2 0 1 1 3 0 1 0 1 0 1 1 1 1 1 0 1 1 1 1 0 2 1 1 1 1 1 1 1 1 3 0 1 1 1 1 1 2 2 0 1 2 1 1 0 5 3 4 2 3 4 0 3 1 1 6 1 5      63000      37800 
198	1146000	0 2 1 1 2 0 1 1 1 0 1 1 1 1 1 1 2 0 0 2 0 2 1 1 1 1 1 2 1 1 1 1 1 1 0 3 2 0 1 1 1 1 1 1 2 0 1 2 2 4 2 3 4 0 3 2 0 7 7 0      63000      36000 
297	 794000	1 0 0 2 1 0 1 1 2 0 1 1 1 1 1 0 1 0 2 0 1 1 1 1 2 0 1 1 1 1 1 1 1 1 1 1 1 2 1 2 2 0 1 1 1 1 1 3 3 2 2 3 1 6 2 5 4 1 3 4      63000      27000 
396	 730000	0 1 2 0 1 1 0 1 0 2 1 1 0 1 0 1 0 1 0 2 1 1 1 1 0 2 1 1 1 1 1 1 1 1 1 1 1 1 2 1 0 2 1 1 2 1 4 1 2 3 4 2 6 1 4 2 1 4 4 3      27000      63000 
495	 714000	0 1 3 0 1 1 0 1 0 1 2 1 0 1 0 1 0 1 0 2 1 1 0 2 1 1 1 1 1 1 1 1 1 1 1 1 1 1 2 1 0 2 0 2 2 1 3 1 2 3 4 2 6 1 4 2 1 4 4 3      26000      63000 
594	 697430	1 0 1 0 1 0 1 0 0 3 1 0 1 0 1 1 2 0 1 1 1 1 1 1 1 1 1 1 1 1 1 1 1 1 0 4 1 1 2 0 1 2 1 2 2 0 3 0 1 7 3 1 4 0 3 1 2 6 2 6      63000      23857 
792	 626000	0 1 0 1 0 1 0 1 3 0 0 1 0 1 0 1 0 1 1 1 1 1 1 1 1 1 1 1 1 1 1 1 1 1 4 0 0 2 0 2 0 2 2 1 0 2 1 2 7 1 2 3 0 4 2 3 7 2 6 2      23333      63000 
990	 514002	1 0 1 0 1 0 1 0 1 0 1 0 1 0 1 0 1 0 1 1 1 0 1 1 1 1 1 2 1 1 1 1 1 2 1 2 1 1 1 2 1 2 1 2 1 2 2 1 2 6 3 2 3 0 3 1 3 6 3 6      72000      10667 
1476	 496400	1 0 1 0 1 0 1 0 1 0 1 0 1 0 1 0 1 0 1 1 1 0 1 1 1 1 1 2 1 1 1 1 1 2 1 2 1 1 1 2 1 2 1 2 1 3 2 1 2 6 3 1 3 2 3 1 3 5 3 5      72000      12800 
1872	 137600	1 0 1 0 1 0 1 0 1 0 1 0 1 0 1 0 1 0 1 1 1 1 1 1 1 1 1 2 1 1 1 1 1 2 1 2 1 1 1 2 1 2 1 2 1 2 2 1 2 6 3 1 3 2 3 1 3 5 3 5      66000      16400 
0	1112000	1 0 0 2 1 0 1 0 1 0 1 0 1 0 0 3 1 2 1 1 1 0 1 1 2 0 2 0 1 1 1 1 1 1 1 1 1 1 2 4 1 2 2 0 2 0 2 1 2 3 1 7 3 1 2 3 2 4 4 3      72000      27000 
288	 603000	1 0 1 0 1 0 1 0 1 0 1 0 1 1 1 0 1 0 1 1 1 1 1 1 1 1 1 2 1 2 1 1 1 2 1 1 1 1 1 2 1 2 0 4 1 2 2 1 2 5 3 2 2 4 3 2 4 2 4 2      63000      22500 
486	 518836	0 1 0 1 1 1 1 1 0 1 0 1 0 1 0 1 1 1 1 1 1 1 1 1 1 1 1 1 1 1 1 1 4 0 5 0 1 1 2 1 2 1 2 1 2 1 1 2 2 3 2 3 2 3 2 3 1 4 4 3      20250      63167 
684	 480000	0 1 0 1 1 1 0 1 0 1 0 1 0 1 0 1 1 1 1 1 1 1 1 1 1 1 1 1 1 1 1 1 5 0 5 0 1 1 2 1 2 1 2 1 2 1 1 2 2 3 2 3 1 3 2 3 1 4 5 3      17500      65000 
882	 137144	1 0 1 0 1 0 1 0 1 0 1 0 1 0 1 0 1 0 1 1 1 1 1 1 1 1 1 1 1 1 1 1 0 5 0 5 1 2 1 2 1 2 1 2 1 2 2 1 3 3 3 2 3 1 3 2 4 1 3 5      65856      16572 
0	1144000	0 2 0 2 2 0 1 1 2 0 1 0 2 0 1 0 1 0 1 1 0 2 0 2 1 1 3 0 2 2 1 1 1 2 1 1 1 2 1 1 0 4 1 1 1 1 3 0 1 4 3 1 3 2 0 7 4 1 4 1      63000      36000 
288	 570000	1 0 1 0 1 0 1 0 1 1 1 1 1 0 1 1 1 0 1 1 1 1 1 1 1 1 1 1 1 2 0 4 1 1 1 1 1 1 1 2 1 2 1 2 1 2 2 1 3 3 3 2 3 2 3 2 4 1 2 6      63000      21000 
486	 537336	1 0 1 0 1 0 1 0 1 0 1 1 1 0 1 1 1 0 1 1 1 1 1 1 1 1 1 1 1 2 0 4 1 1 1 1 1 1 1 2 1 2 1 2 1 2 2 1 3 3 3 2 3 2 3 2 4 1 2 7      63167      20250 
585	 188000	1 0 1 0 1 0 1 0 1 0 1 0 1 0 1 0 1 0 1 1 1 1 1 1 1 1 1 1 1 2 0 5 1 1 1 1 1 1 1 2 1 2 1 2 1 2 2 1 3 2 3 2 3 2 3 2 4 3 2 7      63000      18000 
684	 134120	1 0 1 0 1 0 1 0 1 0 1 0 1 0 1 0 1 0 1 1 1 1 1 1 1 1 1 1 1 2 1 1 1 1 1 1 1 1 1 2 1 2 1 2 1 2 2 2 3 2 2 6 3 1 3 2 4 1 2 9      65883      16470 
882	 105886	1 0 1 0 1 0 1 0 1 0 1 0 1 0 1 0 1 0 1 1 1 1 1 1 1 1 1 1 1 2 1 1 1 1 1 1 1 1 1 2 1 2 1 2 1 2 2 1 3 2 2 6 3 2 3 2 4 1 2 9      65883      16470 
0	1490000	0 3 1 0 0 2 1 1 0 2 0 2 1 0 1 0 1 0 1 0 0 2 1 1 1 0 1 1 2 0 2 0 2 0 1 2 1 1 1 1 1 1 1 1 2 1 1 3 2 3 1 5 1 4 2 2 3 4 10 0      72000      36000 
99	1196292	1 4 1 0 1 0 1 1 1 0 1 2 1 1 1 1 1 1 1 0 1 0 1 1 1 0 1 3 1 2 1 2 1 0 1 0 1 1 1 1 1 1 1 0 1 0 2 3 2 6 4 0 2 3 3 1 2 7 4 1      90000      10286 
198	 936000	1 1 0 4 1 2 1 0 1 1 1 1 1 0 1 1 1 0 1 0 1 0 1 0 2 0 1 0 1 1 1 0 1 0 2 1 1 3 1 1 1 2 1 1 2 0 2 0 2 4 3 2 2 5 3 0 2 9 3 3      81000      13500 
297	 740000	0 1 0 1 0 1 1 1 0 1 1 1 0 1 1 1 2 1 1 1 1 1 1 1 1 1 1 1 1 1 1 1 1 1 2 1 2 1 1 1 1 1 1 1 1 1 1 2 4 2 1 4 3 3 2 3 6 2 4 3      25000      65000 
396	 676668	2 1 1 1 0 1 0 1 0 1 0 1 0 1 1 1 1 1 1 1 0 1 1 1 1 1 1 1 1 1 1 1 2 1 1 1 1 1 2 1 0 2 3 1 1 1 1 2 5 2 0 3 6 2 1 3 4 3 4 3      13333      76667 
495	 563000	1 0 1 0 1 0 1 0 1 0 1 1 1 0 1 1 1 1 1 1 1 1 1 1 1 1 1 1 1 1 1 1 1 1 1 1 1 1 1 2 1 2 1 2 1 2 2 1 2 4 4 0 3 2 3 2 2 7 3 5      63000      20500 
594	 538800	0 1 0 1 0 1 0 1 0 1 1 1 0 1 1 1 1 1 1 1 1 1 1 1 1 1 1 1 1 1 1 1 1 1 1 1 1 1 2 1 2 1 2 1 2 1 1 2 5 2 0 4 2 3 2 3 7 2 4 3      20800      63000 
1080	 186250	1 0 1 0 1 0 1 0 1 0 1 0 1 0 1 0 1 0 1 1 1 1 1 1 1 1 1 1 1 1 1 1 1 1 1 2 1 1 1 2 1 2 1 2 1 2 2 1 2 6 4 0 3 2 3 2 2 8 3 4      63250      17875 
1179	 184000	1 0 1 0 1 0 1 0 1 0 1 0 1 0 1 0 1 0 1 1 1 1 1 1 1 1 1 1 1 1 1 1 1 1 1 1 1 1 1 2 1 2 1 2 1 2 2 1 2 5 3 3 3 1 2 6 3 6 4 2      66000      17000 
1377	 170750	1 0 1 0 1 0 1 0 1 0 1 0 1 0 1 0 1 0 1 1 1 1 1 1 1 1 1 1 1 1 1 1 1 1 1 1 1 1 1 2 1 2 1 2 1 2 2 1 2 5 4 0 3 2 3 2 2 9 3 5      63250      18375 
1476	 105600	1 0 1 0 1 0 1 0 1 0 1 0 1 0 1 0 1 0 1 1 1 1 1 1 1 1 1 1 1 1 1 1 1 1 1 1 1 2 1 2 1 2 1 2 1 2 2 1 2 6 3 2 3 2 3 2 3 5 3 5      66000      16400 
0	1062000	0 1 0 1 1 1 1 1 1 1 1 1 1 1 2 0 1 1 0 2 1 2 1 1 1 1 2 0 0 2 2 1 0 2 2 0 1 1 3 0 0 2 0 2 1 1 2 1 4 1 2 4 3 4 0 4 3 3 6 0      42000      54000 
288	 550000	1 0 1 0 1 0 1 0 1 0 1 0 1 1 1 0 1 0 1 1 1 1 1 1 1 1 1 1 1 2 1 1 1 1 1 2 1 2 1 2 1 2 1 2 1 2 2 1 2 5 3 2 2 5 3 2 4 2 3 3      66000      18000 
585	 529288	0 1 0 1 1 1 0 1 1 1 0 1 0 1 0 1 0 1 1 1 1 1 1 1 1 1 1 1 5 0 2 1 2 1 1 1 1 1 2 1 2 1 2 1 2 1 1 2 2 3 2 3 4 2 5 2 1 4 1 4      19143      65214 
684	 490000	1 1 0 1 0 1 0 1 1 1 0 1 0 1 0 1 0 1 1 1 1 1 1 1 1 1 1 1 2 1 1 1 1 1 1 1 1 1 2 1 2 1 2 1 2 1 1 2 6 2 2 3 6 2 2 3 0 4 4 3      15000      70000 
1269	 168000	1 0 1 0 1 0 1 0 1 0 1 0 1 0 1 0 1 0 1 1 1 1 1 1 1 1 1 1 1 2 1 2 1 1 1 2 1 1 1 2 1 2 1 2 1 2 2 2 3 2 3 1 3 2 3 1 3 5 2 8      66000      16500 
1467	 150400	1 0 1 0 1 0 1 0 1 0 1 0 1 0 1 0 1 0 1 1 1 1 1 1 1 1 1 1 1 1 1 2 1 2 1 1 1 1 1 2 1 2 1 2 1 2 2 2 2 6 3 1 2 5 3 2 4 1 3 5      66000      16400 
1566	 121336	1 0 1 0 1 0 1 0 1 0 1 0 1 0 1 0 1 0 1 1 1 1 1 1 1 1 1 1 1 1 1 1 1 2 1 2 1 1 1 2 1 2 1 2 1 2 2 1 2 6 3 2 2 6 3 1 4 1 3 5      66000      16334 
0	1134000	0 2 2 0 1 0 1 0 0 3 1 0 1 0 0 3 1 2 1 0 1 1 1 0 1 0 0 3 2 0 2 0 1 1 1 1 1 1 1 1 1 3 1 3 2 0 2 2 3 1 5 1 1 5 3 1 4 0 1 8      72000      27000 
99	1026000	1 0 1 0 1 0 1 0 0 3 1 1 1 0 1 0 1 0 1 0 1 1 0 3 1 1 1 1 1 1 2 0 1 1 1 1 1 1 2 0 1 1 0 4 2 0 6 0 3 1 1 6 2 3 2 3 1 8 4 2      72000      26000 
198	 762000	1 0 1 0 1 0 1 0 0 3 1 1 1 0 1 0 1 0 1 1 1 1 0 3 1 1 1 1 1 1 2 0 1 1 1 1 1 1 2 0 1 1 0 4 2 0 5 0 3 1 1 6 3 2 2 4 1 8 4 1      63000      27000 
297	 754000	1 0 1 0 1 0 1 1 1 0 1 0 1 0 1 0 1 0 1 0 1 0 1 0 1 0 1 1 1 1 1 1 1 1 3 0 1 1 2 0 2 0 1 3 1 1 1 4 2 4 3 2 2 5 3 1 3 4 1 12      72000      18000 
495	 751144	1 0 1 1 1 0 1 0 1 0 1 1 1 0 1 0 1 0 1 1 1 0 1 1 1 0 1 1 1 0 1 1 1 1 1 0 1 0 1 1 1 2 1 1 2 0 2 0 2 7 2 7 2 7 3 0 4 1 3 9      81000       9714 
594	 696668	0 1 0 1 0 1 0 1 0 1 0 1 0 1 0 1 0 1 0 1 0 1 0 1 0 2 2 1 1 1 1 1 1 1 0 2 1 1 0 2 0 2 3 1 2 1 4 1 5 2 1 3 5 2 1 3 3 3 12 1      17333      72000 
693	 648464	1 0 1 0 1 0 1 1 1 0 1 0 1 0 1 1 1 0 1 1 1 1 1 1 1 1 1 1 1 1 1 1 1 1 2 0 1 1 2 0 2 0 1 2 1 2 2 2 2 4 3 1 2 5 3 1 3 4 1 10      64616      21538 
792	 638000	1 0 1 0 1 0 1 0 1 0 1 0 1 0 1 0 1 0 1 1 1 1 1 0 1 0 1 1 1 1 1 1 1 1 2 0 1 1 2 0 2 0 1 3 1 2 1 5 3 2 3 0 2 5 3 1 3 4 1 13      72000      16000 
990	 510000	0 1 0 1 0 1 0 1 0 1 0 1 0 1 0 1 0 1 1 1 1 1 1 1 1 1 1 1 1 1 1 1 1 1 0 2 1 1 2 1 2 1 2 1 2 1 1 2 1 3 7 2 6 2 1 3 4 3 5 3      15000      70000 
1377	 184000	1 0 1 0 1 0 1 0 1 0 0 4 1 0 1 0 1 0 1 1 1 1 1 1 1 1 1 2 1 1 1 1 1 2 1 1 1 1 1 2 1 2 1 2 1 2 2 2 3 3 3 2 2 5 3 2 4 0 3 4      66000      16500 
1476	 138004	1 0 1 0 1 0 1 0 1 0 1 0 1 0 1 0 1 0 1 1 1 1 1 1 1 1 1 1 1 1 1 1 1 2 1 1 1 1 1 2 1 2 1 2 1 2 2 1 3 2 2 6 3 3 2 6 4 1 3 4      65999      16334 
1872	 105336	1 0 1 0 1 0 1 0 1 0 1 0 1 0 1 0 1 0 1 1 1 1 1 1 1 1 1 1 1 1 1 1 1 2 1 1 1 1 1 2 1 2 1 2 1 2 2 1 3 2 2 6 3 2 2 6 4 1 3 5      65998      16334 
0	1330000	1 0 0 2 0 2 1 0 1 0 1 1 1 0 1 0 2 0 0 2 0 3 2 0 2 0 0 4 0 2 0 2 2 0 1 1 0 2 1 1 1 2 2 0 1 2 1 2 3 1 1 4 5 1 4 2 2 4 6 2      63000      40500 
99	 890000	1 0 0 2 0 3 1 1 1 1 2 0 1 0 1 0 2 0 1 2 1 1 2 0 2 0 0 4 0 3 1 1 2 0 1 1 0 3 1 1 1 1 2 0 1 1 1 3 3 1 1 5 4 0 3 2 2 5 4 1      63000      30000 
486	 670000	1 0 1 0 1 0 1 1 1 0 1 0 1 0 1 0 1 0 1 1 1 1 1 1 1 2 1 1 1 1 1 2 1 2 1 1 1 2 1 2 1 1 1 2 1 2 2 1 3 3 3 2 3 1 3 3 3 3 2 7      70000      20000 
585	 566000	0 1 1 1 1 1 0 1 1 1 0 1 0 1 1 1 1 1 1 1 1 1 1 1 1 1 1 1 1 1 1 1 1 1 1 1 1 1 2 1 2 1 2 1 2 1 1 2 2 3 1 3 2 3 2 3 3 3 8 2      18666      65334 
684	 523334	1 0 1 0 1 0 1 1 1 0 1 0 1 0 1 0 1 0 1 1 1 1 1 1 1 1 1 1 1 1 1 2 1 2 1 1 1 1 1 2 1 2 1 2 1 2 2 1 3 3 3 2 3 1 3 2 3 4 2 8      66666      16667 
882	 478000	1 0 1 0 1 0 1 0 1 0 1 0 1 0 1 1 1 0 1 1 1 1 1 1 1 1 1 1 1 1 1 2 1 2 1 1 1 1 1 2 1 2 1 2 1 2 2 1 3 1 3 1 3 2 3 1 3 5 2 10      70000      14000 
1080	 122224	0 1 0 1 0 1 0 1 0 1 0 1 0 1 0 1 0 1 1 1 1 1 1 1 1 1 2 1 1 1 2 1 1 1 1 1 1 1 2 1 2 1 2 1 2 1 1 2 2 3 1 3 2 3 2 3 5 3 9 2      16444      66000 
1953	 104448	1 0 1 0 1 0 1 0 1 0 1 0 1 0 1 0 1 0 1 1 1 1 1 1 1 1 1 1 1 1 1 1 1 2 0 5 1 1 1 2 0 6 1 2 1 2 2 1 3 2 3 2 3 2 3 2 4 1 3 5      65556      16667 
0	1259000	0 1 0 1 0 1 2 1 3 0 0 1 2 0 0 1 0 1 0 1 0 1 0 1 1 1 0 2 0 4 3 0 0 2 1 1 3 0 1 1 2 1 1 1 1 1 1 2 3 2 2 3 3 2 3 3 1 6 9 0      31500      72000 
99	1128000	1 0 2 1 2 0 1 0 1 0 1 0 1 0 1 0 1 1 1 1 1 1 2 0 1 1 1 1 2 1 0 3 1 1 1 1 1 1 2 0 1 1 1 1 2 1 4 0 1 5 2 4 3 2 1 4 3 3 0 8      63000      36000 
198	 908000	2 0 1 1 2 1 2 1 0 3 1 1 0 1 0 1 1 1 1 1 1 1 1 1 1 1 2 1 1 1 1 1 1 1 1 1 3 0 1 1 1 1 1 1 2 1 1 2 1 4 1 3 1 3 1 3 3 3 7 1      30000      63000 
396	 846000	0 2 1 0 1 0 1 1 1 0 1 0 1 0 1 1 1 0 1 1 1 1 1 1 2 0 1 2 1 1 1 1 1 1 2 0 1 1 1 2 2 0 1 2 1 1 0 5 2 5 2 4 2 3 3 2 2 5 6 0      63000      27000 
594	 780000	1 1 1 1 0 1 1 1 0 1 0 2 1 1 1 1 1 1 2 1 1 1 1 1 4 0 1 1 1 1 1 1 1 1 1 1 1 1 1 1 0 2 1 1 1 1 3 1 1 3 2 3 4 2 1 3 3 3 5 3      22500      67500 
693	 760000	1 1 1 1 1 1 1 1 1 1 1 1 1 1 1 1 2 0 1 1 1 1 1 1 2 0 0 2 1 1 1 1 1 1 2 0 1 1 1 1 2 0 2 1 1 1 0 4 1 4 1 4 2 4 3 2 2 4 6 0      45000      45000 
792	 736668	2 0 1 1 1 1 1 1 1 1 1 1 1 1 1 0 1 1 1 1 1 1 1 1 0 3 1 1 1 1 1 1 1 1 1 1 1 1 1 1 2 1 1 1 1 1 1 3 3 2 3 2 2 4 2 4 4 1 3 3      63333      26667 
1179	 554000	1 0 1 0 1 0 1 0 1 0 1 0 1 0 1 0 1 0 1 1 1 1 1 1 1 0 1 2 1 2 1 2 1 2 1 2 1 2 1 2 1 2 1 2 1 2 2 0 2 6 3 3 3 2 3 1 3 3 3 4      72000      14000 
1476	 536668	1 0 1 0 1 1 1 0 1 0 1 0 1 0 1 0 1 0 1 1 1 1 1 1 1 1 1 1 1 2 1 1 1 1 1 1 1 1 1 2 2 0 1 2 1 2 1 5 3 2 3 2 2 5 2 5 4 0 3 5      66666      16667 
1575	 507424	1 0 1 0 1 0 1 0 1 0 1 0 1 0 1 0 1 0 1 1 1 1 1 0 1 0 1 1 1 1 1 2 1 1 1 1 1 2 1 3 1 2 1 2 1 3 2 0 3 1 3 3 3 1 3 1 3 5 2 11      72581      12258 
0	1434000	1 0 1 1 2 0 1 1 0 2 1 0 0 2 0 2 1 0 1 0 1 1 0 2 1 0 1 1 1 2 1 1 1 1 2 0 1 2 1 1 1 1 1 1 1 2 4 0 4 0 1 5 1 5 7 0 0 8 4 1      72000      36000 
99	1162000	1 1 0 3 1 0 1 0 1 0 1 0 1 1 1 3 0 2 2 0 1 1 1 1 1 1 1 1 1 1 2 0 1 1 1 1 1 2 2 1 1 1 2 0 1 1 2 1 2 3 3 2 0 6 1 4 2 4 7 0      63000      36000 
198	1120000	1 1 1 0 1 1 1 0 1 0 0 2 1 1 0 2 0 2 1 1 0 2 2 0 0 2 2 0 4 0 1 1 2 0 1 1 2 0 2 2 1 1 1 1 2 0 2 1 2 3 3 1 3 2 2 3 3 2 0 10      63000      36000 
297	 935288	1 1 1 1 2 0 1 1 1 1 1 1 1 1 1 1 1 1 1 1 0 2 1 1 1 1 0 3 1 1 3 0 2 0 1 1 1 1 2 0 1 1 1 1 1 2 3 0 2 3 1 4 3 1 1 5 3 3 3 3      56454      37638 
495	 826462	1 1 0 1 1 1 0 2 1 1 1 1 1 1 2 0 1 1 1 1 1 1 1 1 1 1 1 1 1 1 0 2 1 1 0 3 1 1 1 1 2 1 1 1 1 1 3 1 2 3 1 3 5 1 3 2 5 2 2 4      32769      58077 
594	 792668	1 1 0 1 0 1 1 1 0 1 0 1 1 1 3 0 0 1 1 1 2 1 1 1 1 1 1 1 1 1 1 1 1 1 1 2 1 1 1 1 2 2 2 1 2 1 1 2 3 2 2 3 1 3 4 2 3 3 4 3      23334      68499 
693	 700000	1 1 0 1 1 1 1 1 1 1 1 1 0 1 3 0 1 1 1 1 1 1 1 1 1 1 1 1 1 1 1 1 1 1 1 1 1 1 2 1 2 2 1 1 1 1 1 2 4 2 2 3 1 3 4 2 4 3 1 4      25000      65000 
792	 690000	0 1 0 1 1 1 1 1 0 1 1 1 1 1 3 0 0 1 1 1 2 1 1 1 1 1 1 1 1 1 1 1 1 1 1 1 1 1 2 1 2 1 1 1 2 1 1 2 4 2 1 4 2 3 4 2 2 4 3 3      25000      65000 
891	 580000	0 1 0 1 0 1 0 1 0 1 0 1 0 1 2 1 0 1 1 1 1 1 1 1 1 1 1 1 1 1 2 1 2 1 1 1 1 1 1 2 2 1 2 1 2 1 0 2 5 2 2 3 1 3 5 2 4 3 4 3      17500      70000 
1278	 558000	0 1 0 1 0 1 0 1 1 1 0 1 0 1 1 1 1 1 1 1 1 1 1 1 1 1 2 1 1 1 1 1 1 1 1 1 2 1 2 1 5 0 2 1 2 1 1 2 2 3 2 3 2 3 2 3 1 4 6 2      21000      63000 
1476	 520000	1 0 1 0 1 0 1 0 1 0 1 0 1 0 1 0 1 0 1 1 1 1 1 1 1 1 1 1 1 1 1 2 1 2 1 1 1 1 2 0 1 2 1 2 1 2 2 1 2 6 3 2 3 1 2 5 3 4 3 5      70000      15000 
0	1357000	2 0 0 1 2 0 2 0 0 1 2 0 0 1 0 1 0 1 0 2 2 0 1 1 0 2 1 1 2 0 1 1 0 3 0 2 3 0 0 3 2 1 0 3 2 1 0 6 2 2 3 2 1 3 4 1 5 2 5 1      40500      63000 
99	 867200	1 0 1 1 1 0 1 0 1 0 1 1 1 1 1 1 1 1 1 1 1 1 1 2 2 0 1 1 1 2 1 1 1 1 0 3 1 1 1 1 1 3 1 2 1 1 2 1 3 1 1 5 3 2 3 3 4 2 3 3      63000      28800 
198	 856000	0 3 1 0 0 3 1 0 1 0 1 0 1 0 1 0 0 4 1 1 1 1 1 0 1 1 1 3 2 0 1 2 2 2 1 1 0 4 1 2 1 1 1 1 1 1 2 0 2 5 2 4 3 1 3 1 5 1 4 0      72000      21000 
495	 749000	1 1 1 1 0 1 0 1 0 1 0 1 0 1 0 1 0 1 2 1 0 1 1 1 0 1 4 1 1 1 0 1 1 1 1 1 1 1 1 1 2 1 2 1 2 1 0 2 4 3 7 2 0 3 6 2 3 4 2 3       9500      81000 
594	 656400	0 1 0 1 4 0 1 1 0 1 0 1 0 1 0 1 4 0 1 1 1 1 0 1 0 1 1 1 0 2 2 1 0 2 1 1 5 0 2 1 2 1 2 1 2 1 0 2 5 2 5 2 1 3 1 3 0 4 2 4      17200      72000 
792	 640000	1 0 1 0 1 0 1 0 1 0 1 0 1 0 1 1 1 1 1 1 1 1 1 1 2 0 1 1 1 1 1 1 1 1 1 3 1 2 1 2 1 2 1 2 1 2 2 1 3 1 1 8 3 2 2 4 4 1 3 3      65000      20000 
990	 556668	0 1 0 1 0 1 0 1 1 1 0 1 0 1 0 1 0 1 1 1 1 1 1 1 1 1 1 1 1 1 1 1 2 1 5 0 1 1 2 1 2 1 2 1 2 1 1 2 2 3 8 1 2 3 5 2 0 4 0 5      18000      64667 
1287	 479092	1 0 1 0 1 0 1 0 1 0 1 0 1 0 1 1 1 0 1 1 1 1 1 1 1 1 1 1 1 2 1 1 1 1 0 5 1 1 1 2 1 2 1 2 1 2 2 1 3 2 2 6 3 1 2 6 4 1 4 1      65909      16364 
1773	 120670	1 0 1 0 1 0 1 0 1 0 1 0 1 0 1 0 1 0 1 1 1 1 1 1 1 1 1 1 1 2 1 1 1 1 0 6 1 1 1 2 1 2 1 2 1 2 2 1 3 2 2 6 3 1 2 6 4 1 4 1      66000      16333 
0	 944000	1 0 1 0 1 0 1 0 1 0 1 0 1 0 0 3 1 0 1 1 1 1 2 0 1 1 1 2 1 1 1 1 1 1 1 1 2 0 2 0 2 0 0 3 0 3 3 1 2 5 1 6 2 4 4 3 2 5 4 0      63000      30000 
198	 751334	1 0 1 0 1 0 1 0 1 0 1 0 1 0 1 0 1 0 1 1 1 0 1 0 1 0 1 1 1 1 1 1 1 2 1 1 1 1 2 0 2 0 0 6 1 3 3 0 2 4 2 7 2 4 3 3 2 7 4 0      72000      16667 
297	 736668	1 0 1 1 1 0 1 0 1 0 1 0 1 1 0 3 1 1 0 3 1 1 1 1 1 1 1 1 2 0 1 3 1 1 1 1 1 1 1 1 1 2 1 1 1 2 1 3 4 0 2 4 3 2 3 2 5 0 2 6      63334      26666 
396	 621112	1 0 1 0 1 0 1 0 1 0 1 0 1 0 1 0 1 0 1 1 1 0 1 1 1 0 1 1 1 1 1 2 1 1 1 1 1 1 2 0 2 0 0 6 1 2 2 0 2 5 2 6 3 4 3 1 2 9 4 0      72000      15111 
783	 122224	1 0 1 0 1 0 1 0 1 0 1 0 1 0 1 0 1 0 1 1 1 1 1 1 1 1 1 1 1 1 1 2 1 1 1 2 1 1 1 2 0 6 1 2 1 2 2 1 3 2 3 1 3 2 3 2 3 5 3 5      65557      16666 
0	1386000	0 1 2 0 1 1 0 2 0 2 0 2 0 1 1 1 0 1 0 2 2 0 0 2 0 2 1 1 2 0 2 0 2 0 3 0 0 2 2 2 0 3 2 3 2 1 2 1 4 1 1 3 6 0 1 3 3 3 3 2      42000      63000 
99	1323000	1 0 1 0 0 2 1 0 2 0 1 0 1 0 2 0 1 0 2 0 2 0 1 1 2 0 1 1 0 3 1 1 0 6 2 0 2 0 0 3 1 2 1 2 0 3 2 0 1 5 3 1 2 2 0 6 2 4 7 0      67500      36000 
198	 930000	1 1 0 1 0 1 1 1 0 1 1 1 0 2 0 2 0 1 1 1 1 1 2 1 1 1 1 1 1 2 1 1 2 1 1 1 1 1 0 2 3 0 0 2 1 1 3 1 3 3 1 3 7 0 1 3 7 1 1 4      30000      63000 
396	 874000	2 0 2 0 1 1 1 1 2 0 0 2 1 1 2 0 1 1 0 2 1 1 1 1 1 1 1 1 1 1 2 0 1 1 1 1 0 2 1 1 1 1 1 1 0 4 2 2 3 2 4 0 2 3 5 0 2 4 0 7      51750      40500 
495	 666000	1 0 1 0 1 0 1 1 1 0 1 0 1 1 2 0 1 0 1 1 1 1 1 1 1 1 1 1 1 1 1 1 1 1 1 1 1 1 2 0 0 4 2 0 1 2 1 3 2 4 3 2 1 7 3 2 2 6 5 0      63000      25000 
882	 156000	1 0 1 0 1 0 1 0 1 0 1 0 1 0 1 0 1 0 1 1 1 1 1 1 1 1 1 2 1 2 1 1 1 2 1 1 1 2 1 2 1 2 1 2 1 2 2 1 2 6 3 2 2 5 3 1 4 1 3 4      66000      16500 
1080	 155000	1 0 1 0 1 0 1 0 1 0 1 0 1 0 1 0 1 0 1 1 1 1 1 1 1 1 1 1 1 1 1 1 1 1 1 2 1 2 1 2 1 2 1 2 1 2 2 1 2 7 3 2 2 5 3 2 4 1 3 4      66000      16500 
1278	 138672	1 0 1 0 1 0 1 0 1 0 1 0 1 0 1 0 1 0 1 1 1 1 1 1 1 1 1 2 1 1 1 1 1 2 1 1 1 2 1 2 1 2 1 2 1 2 2 1 2 6 3 2 2 6 3 1 4 1 3 4      66000      16333 
1377	 105336	0 1 0 1 0 1 0 1 0 1 0 1 0 1 0 1 0 1 1 1 1 1 1 1 1 1 1 1 1 1 2 1 1 1 1 1 1 1 2 1 2 1 2 1 2 1 1 2 6 2 2 3 6 2 2 3 1 4 5 3      16334      65998 
0	1602000	0 1 0 1 1 1 2 0 0 1 0 1 3 0 0 3 1 1 1 1 0 2 1 1 2 0 1 1 1 1 0 2 2 0 0 2 1 1 1 1 0 2 2 0 2 0 3 1 3 1 1 7 4 2 3 2 2 5 5 1      48000      63000 
99	1038000	1 0 1 0 1 0 1 0 1 0 1 1 1 0 1 0 1 0 1 2 1 3 1 0 0 3 1 1 1 1 2 0 1 3 1 2 1 1 1 1 1 1 1 2 1 1 2 0 2 5 5 3 2 3 2 3 3 4 3 2      72000      24000 
297	 730000	0 1 0 1 1 1 0 1 0 1 0 1 0 1 0 1 0 1 1 1 1 1 1 1 4 0 1 1 1 1 0 2 2 1 1 1 1 1 2 1 1 1 2 1 2 1 0 2 5 2 1 5 4 2 4 2 4 3 3 3      20000      70000 
684	 206000	1 0 1 0 1 0 1 0 1 0 1 0 1 0 1 0 1 0 1 1 1 1 1 1 1 1 1 1 1 2 1 2 1 2 1 1 1 1 1 2 1 2 1 2 1 2 2 1 3 3 2 6 3 1 3 2 4 1 2 7      63000      18000 
1557	 188000	1 0 1 0 1 0 1 0 1 0 1 0 1 0 1 0 1 0 1 1 1 1 1 1 1 1 1 1 1 2 1 1 1 2 1 1 1 2 1 2 1 2 0 5 1 2 2 1 2 5 3 2 3 1 3 2 4 2 3 5      63000      18000 
0	1253000	1 0 1 0 2 0 0 2 2 0 1 0 1 0 1 1 1 1 0 2 1 1 0 4 2 0 1 1 2 0 0 2 2 0 2 0 1 1 1 1 1 1 2 1 0 3 2 2 2 3 2 3 3 2 1 4 1 6 6 1      63000      40500 
198	 965000	0 2 1 0 1 0 1 0 0 2 1 1 1 2 1 1 1 0 2 0 1 1 1 1 1 2 1 2 2 0 1 3 1 1 2 0 1 1 1 1 2 1 1 1 1 1 1 3 2 4 2 3 2 3 1 5 4 1 5 0      63000      31500 
297	 956672	3 0 0 1 0 1 0 1 0 1 1 2 2 1 0 1 0 1 1 1 1 1 1 1 1 1 1 1 1 1 1 1 1 1 1 1 2 1 3 1 1 1 1 1 1 1 1 2 3 2 0 3 3 2 3 5 7 2 2 3      22332      70002 
396	 938000	0 1 1 1 1 1 0 1 2 1 1 1 0 1 1 1 1 1 0 1 2 2 1 1 0 1 2 1 0 2 1 1 1 1 1 1 1 1 1 1 1 1 1 1 1 1 1 2 4 2 3 3 3 2 2 3 2 3 7 2      21000      72000 
495	 735000	1 1 1 0 1 1 1 1 1 0 1 0 1 0 1 1 1 1 1 1 1 2 1 1 1 1 1 1 1 1 1 1 1 1 1 1 1 1 1 2 0 4 1 1 1 2 1 4 2 4 3 1 3 1 5 0 3 3 3 4      67500      22500 
792	 670000	2 1 0 1 1 1 0 1 2 1 1 1 3 1 0 1 0 1 0 1 0 1 0 1 1 1 1 1 1 1 1 1 1 1 1 1 2 1 2 1 2 1 2 1 2 1 0 2 2 3 3 3 6 2 0 3 4 3 2 3      11667      76666 
990	 580000	1 1 0 1 0 1 0 1 0 1 2 1 2 1 1 1 0 1 1 1 1 1 1 1 1 1 1 1 1 1 1 1 1 1 1 1 1 1 2 1 2 1 2 1 2 1 0 2 2 3 2 3 6 2 1 3 4 3 3 3      15000      70000 
1089	 552860	0 1 0 1 0 1 0 1 0 1 0 1 0 1 0 1 0 1 1 1 1 1 0 1 1 1 1 1 1 1 1 1 1 1 1 1 1 1 2 1 3 1 2 1 2 1 1 2 2 3 1 3 7 2 2 3 3 3 8 3      12285      72000 
1188	 530000	0 1 0 1 0 1 0 1 0 1 0 1 0 1 0 1 0 1 1 1 1 1 1 1 1 1 1 1 2 1 1 1 1 1 1 1 1 1 2 1 2 1 2 1 2 1 1 2 1 3 2 3 5 2 5 3 4 3 5 3      15000      70000 
1485	 486846	1 0 1 0 1 0 1 0 1 0 1 0 1 0 1 0 1 0 1 1 1 1 1 1 1 0 1 1 1 2 1 1 1 1 1 2 1 2 1 3 1 2 1 2 1 2 2 0 3 1 3 1 2 7 3 1 3 6 3 5      72631      12105 
1584	 121600	0 1 0 1 0 1 0 1 0 1 0 1 0 1 0 1 0 1 1 1 1 1 1 1 1 1 1 1 1 1 2 1 1 1 1 1 2 1 2 1 2 1 2 1 2 1 1 2 1 3 2 3 6 2 2 3 5 3 5 3      16400      66000 
0	1448000	1 1 2 0 0 1 0 1 3 0 2 0 0 2 1 2 0 1 0 3 1 1 1 1 2 0 0 2 1 1 1 1 2 0 1 1 0 2 1 1 2 1 2 0 1 1 1 2 1 3 2 4 3 2 3 2 4 4 4 2      45000      63000 
99	1018000	1 0 1 0 1 0 1 1 3 0 2 0 1 0 0 2 1 0 0 3 1 1 1 1 2 0 0 3 1 1 1 1 2 0 1 1 0 3 1 2 2 1 2 0 1 1 1 3 2 3 1 5 2 3 3 1 4 4 3 2      63000      31500 
198	 968668	1 1 0 1 2 0 1 1 0 2 0 2 2 0 2 1 1 1 3 0 1 1 1 1 0 2 1 1 1 1 1 1 0 2 1 1 1 1 1 1 2 1 0 2 1 1 4 0 4 2 3 2 2 3 2 3 2 4 2 3      35001      60666 
297	 726000	0 1 0 1 2 0 1 1 0 2 0 2 2 0 1 1 1 1 3 0 1 1 1 1 0 2 1 1 1 1 1 1 0 2 1 1 1 1 1 1 2 1 0 2 1 1 4 0 4 2 4 2 2 3 2 3 2 4 3 3      36000      54000 
684	 533432	1 0 1 0 1 0 1 0 1 0 1 0 1 0 1 0 1 0 1 1 1 1 1 1 1 1 1 2 1 1 1 1 1 1 1 1 1 2 1 2 1 2 1 2 1 2 2 1 3 3 3 2 3 2 3 2 4 2 1 10      64142      18787 
981	 121500	1 0 1 0 1 0 1 0 1 0 1 0 1 0 1 0 1 0 1 1 1 1 1 1 1 1 1 1 1 2 1 1 1 1 1 1 1 2 1 2 1 2 1 2 1 2 2 1 3 2 3 2 3 2 3 2 4 1 1 12      65500      16750 
0	1257000	1 0 1 0 0 2 2 0 1 0 2 0 1 0 1 0 0 2 0 3 1 1 2 0 0 2 1 1 1 1 1 1 2 0 0 2 1 1 2 0 1 1 2 0 0 3 1 3 3 2 5 0 3 3 2 5 0 8 5 1      63000      40500 
288	 558000	1 0 1 0 1 0 1 0 1 0 1 0 1 0 1 0 1 0 1 1 1 0 1 1 1 0 1 2 1 1 1 2 1 2 1 1 1 2 1 2 1 2 1 2 1 2 1 5 3 3 3 2 3 3 3 1 3 4 3 4      72000      14000 
585	 520000	1 0 1 0 1 0 1 0 1 1 1 0 1 0 1 0 1 0 1 1 1 1 1 1 1 1 1 1 1 1 1 1 1 1 1 1 1 1 1 2 1 2 1 2 1 2 2 1 3 2 3 3 3 3 2 6 3 4 3 4      70000      15000 
882	 123200	1 0 1 0 1 0 1 0 1 0 1 0 1 0 1 0 1 0 1 1 1 1 1 1 1 1 1 1 1 1 1 1 1 1 1 2 1 2 1 2 1 2 1 2 1 2 2 1 3 2 3 2 3 2 2 6 3 4 3 5      66000      16400 
1854	 121600	1 0 1 0 1 0 1 0 1 0 1 0 1 0 1 0 1 0 1 1 1 1 1 1 1 1 1 1 1 1 1 1 1 1 1 2 1 2 1 2 1 2 1 2 1 2 2 1 3 2 3 2 3 1 2 6 3 5 3 5      66000      16400 
0	1150000	2 0 2 0 0 1 0 2 0 1 0 1 0 1 3 0 3 0 0 1 0 1 0 1 0 2 3 0 0 2 1 1 4 0 1 1 1 3 0 2 1 1 0 3 1 1 3 1 2 3 3 3 0 3 1 3 2 3 9 1      27000      72000 
99	 882000	1 0 1 0 1 1 1 1 1 0 1 0 1 0 1 0 1 1 1 1 1 1 2 0 1 1 2 0 1 1 0 3 0 3 2 1 1 1 1 2 0 4 0 3 1 1 3 0 2 3 4 2 3 2 2 4 2 5 4 1      63000      30000 
198	 828000	1 0 1 0 1 1 1 1 1 0 1 0 1 0 1 0 1 1 1 1 1 1 2 0 1 1 2 0 1 1 0 3 0 3 1 1 1 1 1 2 0 5 1 3 1 1 3 0 2 3 4 1 3 2 2 4 2 5 4 1      63000      27000 
585	 566000	0 1 0 1 0 1 0 1 0 1 1 1 0 1 0 1 0 1 1 1 1 1 1 1 0 1 1 1 2 1 2 1 1 1 1 1 2 1 2 1 2 1 2 1 2 1 1 2 1 3 6 2 3 3 3 3 4 3 3 3      14000      72000 
684	 172000	1 0 1 0 1 0 1 0 1 0 1 0 1 0 1 0 1 0 1 1 1 1 1 1 1 1 1 1 1 2 1 2 1 1 1 1 1 2 1 2 1 2 1 2 1 2 2 1 3 1 2 6 3 3 3 2 3 4 3 4      66000      16500 
783	 121600	1 0 1 0 1 0 1 0 1 0 1 0 1 0 1 0 1 0 1 1 1 1 1 1 1 1 1 1 1 2 1 1 1 1 1 1 1 2 1 2 1 2 1 2 1 2 2 1 3 1 2 6 3 2 3 2 3 5 3 5      66000      16400 
1467	 105600	1 0 1 0 1 0 1 0 1 0 1 0 1 0 1 0 1 0 1 1 1 1 1 1 1 1 1 1 1 1 1 1 1 1 1 1 1 2 1 2 1 2 1 2 1 2 2 1 3 2 2 6 3 2 3 2 3 5 3 5      66000      16400 
0	1144000	1 0 1 1 1 0 1 0 1 1 0 2 2 0 1 1 0 2 1 1 1 2 2 0 2 0 2 0 0 3 2 0 1 1 1 3 2 0 2 0 1 1 0 4 2 1 1 2 1 5 1 5 2 3 4 0 3 2 3 2      63000      36000 
99	 900000	1 1 1 1 2 0 2 0 2 0 1 1 2 0 1 1 1 1 2 0 0 2 0 2 1 1 0 2 1 1 2 0 1 1 2 0 2 0 1 1 1 1 1 1 0 2 0 4 6 1 0 5 1 4 5 0 0 5 3 4      41400      50400 
297	 880000	1 0 0 2 1 1 1 0 1 1 1 0 1 1 1 0 1 2 0 3 2 0 1 1 2 0 1 1 1 1 1 1 1 3 2 0 1 1 1 2 1 1 0 4 1 1 3 0 3 1 4 0 3 1 3 2 3 3 0 9      63000      28000 
495	 788000	0 1 0 1 0 1 1 1 1 1 0 1 0 1 0 1 0 1 1 1 1 1 1 2 1 1 1 1 0 2 1 1 1 1 1 1 1 1 2 1 1 1 2 1 2 1 0 3 6 1 2 3 3 2 6 1 1 4 6 3      27000      63000 
594	 738000	0 1 0 1 0 1 0 1 0 1 1 1 0 1 0 1 0 1 0 1 0 1 1 1 0 1 1 1 1 1 1 1 1 1 1 1 0 1 1 1 3 1 2 1 2 1 2 2 5 2 1 3 2 3 6 3 8 3 3 3       9000      81000 
693	 710004	1 0 1 0 1 1 1 1 1 0 1 0 1 0 1 0 1 0 1 1 1 1 2 0 1 1 1 1 2 0 1 1 1 1 1 1 1 1 1 1 1 1 1 2 1 2 3 0 1 7 3 2 2 4 1 7 4 1 3 5      66666      23334 
792	 676668	1 1 1 1 1 1 0 1 0 1 0 1 0 1 0 1 0 1 1 1 1 1 1 1 1 1 1 1 1 1 1 1 2 1 1 1 1 1 2 1 1 1 2 1 1 1 0 2 5 2 3 3 1 3 4 3 1 4 8 2      16667      73333 
990	 585000	0 1 1 1 0 1 1 1 0 1 1 1 0 1 0 1 0 1 1 1 1 1 1 1 1 1 2 1 1 1 1 1 2 1 1 1 1 1 2 1 2 1 2 1 2 1 1 2 4 2 1 3 1 3 1 3 1 4 10 2      16750      70000 
1089	 550000	1 1 0 1 0 1 0 1 0 1 1 1 0 1 0 1 0 1 1 1 1 1 1 1 1 1 1 1 1 1 1 1 1 1 1 1 1 1 2 1 2 1 2 1 2 1 0 2 6 2 2 3 1 3 4 3 1 4 8 2      15000      70000 
1188	 521616	0 1 0 1 0 1 0 1 0 1 0 1 0 1 0 1 1 1 0 1 0 1 1 1 0 1 2 1 2 1 2 1 1 1 1 1 1 1 2 1 2 1 2 1 2 1 0 2 1 3 1 3 1 3 7 2 2 4 11 2      12258      72580 
1287	 155000	1 0 1 0 1 0 1 0 1 0 1 0 1 0 1 0 1 0 1 1 1 1 1 1 1 1 1 1 1 1 1 2 1 2 1 1 1 1 1 2 1 2 1 2 1 2 2 1 2 6 3 3 3 1 3 2 4 1 2 8      66000      16500 
1485	 153336	0 1 0 1 0 1 0 1 0 1 0 1 0 1 0 1 0 1 1 1 1 1 1 1 1 1 1 1 1 1 2 1 2 1 1 1 1 1 2 1 2 1 2 1 2 1 1 2 6 2 3 3 1 3 1 3 1 4 9 2      16444      66000 