
0	1663000	3 0 3 0 3 10 5 1 16 2 8 13 9 4 11 5 13 6 13 7 19 9 27 11 21 27 22 12 22 12 22 14 23 15 23 15 24 15 24 15 25 15 25 18 25 16 26 17 26 19 27 20 27 20 27 21 27 22 28 23 28 23 28 24 28 24 28 25 8 25 29 25 29 25 29 26 29 26 29 28 29 28 29 29      31500      81000 
486	 973000	0 9 1 10 2 11 3 12 4 13 5 13 6 14 7 29 8 17 9 15 10 16 11 16 12 17 13 17 14 18 15 29 16 19 29 19 18 20 19 20 20 21 21 21 22 22 23 22 23 23 24 23 24 24 24 24 25 24 25 25 25 25 26 25 26 26 26 26 27 26 27 27 27 27 28 27 28 28 28 28 28 29 29 29      63000      31500 
585	 798000	0 9 1 10 2 11 3 12 4 13 5 5 6 21 7 21 8 15 9 15 10 16 11 17 12 17 13 17 16 22 15 18 29 19 29 14 18 20 19 20 20 21 29 21 22 22 23 22 23 23 24 23 24 24 24 24 25 24 25 25 25 25 26 25 14 26 26 26 27 26 27 27 27 27 28 27 28 28 28 28 28 29 29 29      63000      27000 
1665	 760000	0 9 1 10 2 11 3 9 4 13 5 29 6 14 7 14 8 15 9 15 10 16 11 13 12 4 13 17 14 18 15 18 16 19 17 19 18 20 19 20 20 23 21 21 22 22 23 22 12 23 24 23 24 24 24 24 25 27 25 28 25 25 26 25 26 26 26 26 27 26 27 27 29 27 28 27 29 28 28 28 28 29 29 29      67500      22500 
2160	 730500	0 9 1 10 2 11 3 12 4 13 5 29 6 14 7 14 8 28 9 15 10 14 11 16 12 17 13 17 16 18 15 18 16 19 17 19 18 20 19 20 20 21 21 21 22 22 23 17 23 14 24 23 24 24 24 24 25 24 25 27 25 25 26 25 26 26 26 26 27 26 27 27 29 27 28 27 28 28 29 28 28 29 29 29      69750      20250 
0	2622000	0 15 22 4 1 5 3 6 5 7 9 8 10 25 13 11 13 11 14 11 14 11 17 11 17 12 18 13 18 15 19 16 19 16 20 16 21 16 21 17 23 18 23 18 23 20 12 21 24 21 25 2 26 22 26 24 26 24 26 24 27 24 27 25 28 25 28 26 29 26 29 27 29 27 29 27 29 28 29 28 29 28 29 28      72000      63000 
99	1550000	0 3 25 1 5 2 1 3 7 4 2 7 3 4 4 5 6 19 13 12 15 13 9 13 14 9 18 15 11 19 17 19 20 20 12 17 10 23 16 13 22 24 23 21 21 21 23 18 22 22 24 21 25 24 14 25 26 24 26 24 26 25 27 24 27 25 28 27 28 27 28 26 29 28 29 28 8 27 29 28 29 28 29 29      81000      30000 
585	1206000	0 9 1 10 2 29 3 12 4 13 5 29 6 14 7 14 8 15 9 29 10 29 11 16 12 17 13 17 14 18 15 18 16 19 17 19 18 20 19 20 20 21 21 21 22 22 23 22 23 23 24 23 24 24 24 24 25 24 25 25 25 25 26 25 26 26 26 26 27 26 27 27 27 27 28 27 28 28 28 28 28 29 29 29      72000      30000 
684	1160000	0 9 1 10 2 1 3 12 29 13 5 13 6 14 7 16 8 9 4 15 29 16 11 16 12 17 13 17 14 18 15 18 16 19 17 19 18 20 19 20 20 21 21 21 10 22 23 22 23 23 24 23 24 24 24 24 25 24 25 25 25 22 26 25 26 26 11 26 27 26 27 27 27 27 28 27 28 28 28 28 28 29 29 29      63000      36000 
981	 758000	0 19 1 10 5 11 3 12 4 18 9 13 6 14 7 16 8 15 29 27 28 18 11 26 12 17 13 17 15 5 9 18 16 29 17 19 10 4 19 20 20 21 21 21 22 22 23 22 23 22 24 23 24 24 14 24 25 24 25 25 25 25 2 24 26 26 26 26 27 26 27 27 29 27 28 27 28 28 28 28 28 29 29 29      63000      27000 
2349	 592000	0 9 1 10 2 13 3 12 4 13 5 13 6 11 7 14 8 29 9 15 10 16 11 16 12 17 29 29 14 13 15 18 16 19 17 29 18 20 19 20 20 21 21 21 22 22 23 22 23 23 24 23 24 24 24 24 25 24 25 25 25 29 26 25 26 26 26 26 27 26 27 27 27 19 28 27 28 28 28 28 28 29 29 29      63000      21000 
0	1828000	2 1 4 2 25 3 4 6 7 9 7 9 8 9 18 10 10 10 12 11 12 11 13 11 13 12 15 14 16 14 16 15 17 15 17 17 0 5 19 18 21 19 21 20 22 20 23 8 24 22 25 23 26 23 27 24 27 24 27 24 28 25 28 25 28 26 29 26 29 26 29 26 29 28 29 28 29 28 29 28 29 27 29 29      54000      63000 
387	1369500	0 0 1 10 28 11 2 5 22 27 5 13 6 14 13 14 7 15 9 15 10 16 11 16 4 17 13 2 14 15 15 18 28 19 17 19 18 20 16 19 20 21 21 21 22 22 23 22 23 23 13 23 24 24 24 24 12 24 25 25 25 25 26 25 26 26 26 26 8 26 27 27 29 27 3 27 29 28 29 28 28 29 29 29      72000      33750 
486	 800500	0 9 1 10 2 26 3 6 4 13 5 13 6 14 7 14 8 15 9 11 10 16 11 16 12 17 4 17 14 18 15 18 16 19 17 19 18 20 19 20 20 21 21 21 22 22 23 22 23 23 24 23 24 24 24 24 25 24 25 25 25 25 26 27 26 26 29 26 27 26 29 27 27 27 13 27 28 28 28 28 28 29 29 29      74250      14625 
1269	 784000	0 9 1 10 2 11 3 12 4 13 5 13 6 14 7 14 8 15 9 14 10 16 11 16 12 17 29 13 29 29 15 18 16 19 17 19 18 20 19 20 20 21 21 21 22 22 23 22 23 23 24 23 24 24 24 24 25 24 25 25 25 25 26 25 26 26 26 26 27 26 27 27 27 27 28 27 28 28 28 28 28 29 29 29      63000      27000 
1566	 760000	0 9 1 10 2 11 3 28 4 29 5 13 6 14 7 29 8 15 9 29 29 3 11 16 12 17 13 17 14 18 15 18 16 19 17 19 18 20 19 20 20 21 21 21 22 22 23 22 23 23 24 23 24 24 10 24 25 24 25 24 25 25 26 25 26 26 26 26 12 29 27 27 27 27 28 27 28 28 28 28 28 29 29 29      63000      27000 
1665	 644000	0 9 1 10 2 11 3 28 4 29 5 13 6 14 7 26 8 15 9 5 29 3 11 16 12 29 13 17 14 18 15 18 16 19 17 19 18 20 19 20 20 21 21 21 22 22 23 22 23 23 24 23 24 24 10 24 25 24 25 24 25 25 26 25 26 26 26 29 12 29 27 27 27 27 28 27 28 28 28 27 28 29 29 29      63000      21000 
1962	 550000	0 9 1 10 2 11 3 28 4 29 5 13 6 14 7 26 8 15 9 5 29 3 11 16 12 29 13 17 14 18 15 27 16 19 17 19 18 20 19 20 20 21 21 21 22 22 23 22 23 24 24 23 24 24 10 24 25 24 25 24 25 25 26 25 26 26 26 29 12 29 27 27 27 27 28 27 28 29 28 27 28 29 29 29      65000      20000 
0	2638000	21 8 0 9 25 9 1 9 2 11 6 12 7 12 10 14 19 14 10 14 13 14 13 14 13 15 15 15 20 15 16 16 17 17 18 17 22 18 22 19 22 20 23 21 23 23 23 24 24 25 24 26 24 26 24 26 24 26 25 26 25 27 26 27 26 4 26 28 26 28 27 28 28 28 28 28 3 5 29 29 29 29 29 29      63000      72000 
99	1846000	2 1 1 4 4 5 10 3 8 6 7 15 8 10 10 7 16 0 9 9 10 13 12 13 13 12 15 14 14 17 16 14 18 18 18 19 19 17 20 21 20 11 21 23 22 22 22 24 23 24 24 23 25 24 26 24 26 22 25 25 26 27 28 24 27 27 2 25 27 28 28 27 28 28 28 24 29 26 29 29 29 29 29 29      45000      72000 
198	1634000	2 0 22 2 3 12 5 21 6 7 1 9 8 3 17 9 10 7 11 15 10 12 11 15 13 14 11 13 14 20 19 19 4 16 18 19 16 19 20 18 24 20 23 17 24 23 22 23 24 24 24 25 21 25 13 26 25 20 27 26 26 26 28 26 26 26 27 25 0 27 28 27 29 27 29 24 29 29 29 28 29 28 29 28      63000      48000 
585	 992000	0 9 1 10 2 11 3 12 4 13 5 13 6 14 7 14 8 15 9 15 10 16 11 16 12 17 13 29 29 18 15 29 16 19 17 19 18 20 19 20 20 21 21 21 22 22 23 22 23 23 24 23 24 24 24 24 25 24 14 25 25 25 26 25 26 26 26 26 27 26 27 27 27 27 28 27 28 28 28 28 28 29 29 29      63000      31500 
684	 900000	0 9 1 10 2 28 3 12 4 13 5 14 27 4 7 14 8 6 9 15 10 28 11 11 12 5 13 17 16 14 15 18 16 19 17 19 18 18 19 20 20 21 21 21 22 22 23 22 23 23 24 23 24 24 24 24 25 24 25 25 25 24 26 25 26 26 26 26 27 6 28 27 27 27 29 28 29 28 28 28 29 29 29 29      63000      31500 
783	 758000	0 0 1 10 2 11 3 12 4 13 5 16 6 14 7 14 8 29 9 15 10 29 11 16 12 17 13 25 14 0 15 18 16 19 17 19 18 20 19 20 20 21 21 21 22 22 23 22 23 29 24 23 24 24 24 24 25 29 25 25 25 25 26 25 26 26 26 26 27 26 27 27 27 27 28 27 28 28 28 28 29 29 29 29      72000      18000 
1854	 712400	0 9 1 10 2 29 3 12 4 13 5 29 6 14 7 6 8 15 9 19 10 16 11 19 12 17 13 17 14 29 15 18 16 19 17 19 18 20 29 20 20 21 21 21 22 22 23 22 23 23 24 23 24 24 24 24 25 24 25 25 25 11 26 25 26 26 26 26 27 26 27 27 27 27 28 27 28 28 28 28 28 29 29 29      63000      25200 
2151	 670000	0 9 1 10 2 11 3 12 4 29 5 13 6 14 7 14 8 15 9 15 10 29 11 16 12 17 13 29 14 18 15 29 16 19 17 19 18 20 19 20 20 21 21 21 22 22 23 22 23 29 24 23 24 24 24 24 25 24 25 29 25 25 26 25 26 26 26 26 27 26 27 27 27 27 28 27 28 28 28 28 28 29 29 29      63000      23625 
0	2027000	1 0 3 0 4 1 5 2 6 2 9 2 12 2 13 4 13 7 14 7 14 7 16 8 17 8 18 11 18 11 19 11 10 17 20 22 21 22 22 23 23 24 23 24 23 24 24 24 24 24 25 24 25 24 26 25 26 25 26 25 27 25 27 25 27 25 28 26 28 26 28 27 28 27 15 27 29 27 29 28 29 28 29 29      90000      31500 
198	1365500	1 0 3 0 4 1 5 2 6 2 9 2 12 2 13 4 8 7 17 7 14 7 16 8 12 8 18 11 18 11 19 11 10 17 20 22 21 22 22 23 23 24 23 24 23 24 24 24 24 24 25 24 25 24 26 25 26 25 26 25 0 25 27 25 27 25 7 26 28 26 28 27 28 27 15 27 11 27 29 28 29 28 29 29      90000      15750 
783	 980000	0 9 1 10 2 11 3 12 4 2 5 13 6 6 7 14 8 15 9 15 29 16 11 10 12 17 13 17 14 19 15 18 16 19 17 19 18 20 19 20 20 21 21 21 22 22 23 29 23 23 24 23 24 24 24 24 26 29 25 25 25 25 26 25 5 26 26 26 10 26 27 27 27 27 28 27 28 28 28 28 28 29 29 29      63000      31500 
1665	 804000	0 9 1 10 2 11 3 12 4 13 5 13 6 14 7 28 8 15 9 15 10 29 11 16 12 17 29 17 14 19 15 18 16 19 17 19 18 20 19 20 20 21 21 21 22 22 23 29 23 23 24 29 24 24 24 24 25 24 25 25 25 13 26 25 26 26 26 26 27 26 27 27 27 27 28 27 28 28 28 28 28 29 29 29      63000      27000 
1764	 716000	0 9 1 10 2 11 3 12 4 13 5 13 6 14 7 14 8 22 9 15 10 16 11 27 12 17 13 17 14 18 15 18 16 19 17 19 18 20 19 20 20 21 21 21 22 22 23 22 23 23 24 23 24 24 24 24 25 29 25 25 25 25 26 25 26 26 26 26 27 26 29 27 27 27 28 27 28 28 29 28 28 29 29 29      74250      14625 
1863	 714000	0 9 1 1 2 11 3 12 4 28 5 13 6 14 7 27 8 15 9 15 29 16 15 16 12 6 13 17 14 15 18 18 16 19 17 19 29 20 19 20 20 21 21 21 22 22 23 29 23 23 24 29 24 24 24 24 25 24 25 25 25 25 26 25 26 26 26 26 10 26 27 27 27 27 28 27 28 28 28 28 11 29 29 29      72000      18000 
0	2354000	0 0 1 1 20 4 2 4 3 25 3 6 5 7 6 8 7 10 8 10 11 10 12 11 12 13 12 14 13 16 14 16 15 16 18 16 18 18 18 20 9 20 19 21 21 21 21 23 22 23 23 23 17 24 24 24 24 24 25 25 26 25 26 26 27 26 28 27 29 27 29 25 29 27 29 28 29 28 29 28 29 28 29 28      90000      39000 
99	2186000	0 0 8 4 5 2 6 3 1 3 10 5 6 7 15 11 13 14 18 14 17 8 19 15 16 14 12 9 13 12 16 13 20 18 21 22 24 23 17 20 22 22 25 23 21 24 24 24 26 25 23 24 19 24 26 24 25 23 25 26 27 24 28 26 29 27 2 26 27 27 10 28 28 29 29 28 29 29 29 29 29 28 29 29      54000      72000 
297	1737000	0 7 20 3 2 10 3 6 12 20 9 1 11 9 8 7 26 7 11 6 12 9 19 16 13 9 15 12 27 16 22 19 18 21 21 18 4 5 23 16 23 23 24 23 5 24 14 19 1 25 27 24 25 22 27 24 26 25 25 23 17 24 27 26 29 26 28 26 18 28 29 27 29 28 10 28 29 28 29 28 29 28 29 29      81000      31500 
783	1400000	0 9 1 10 2 11 3 12 4 13 5 13 6 14 7 14 8 15 9 29 10 16 11 16 12 18 13 17 14 18 15 18 16 19 17 19 18 20 19 20 20 21 29 21 22 22 23 22 23 23 24 23 24 24 5 24 25 24 25 25 25 25 26 25 26 21 26 26 27 26 27 27 27 27 28 27 28 28 28 28 28 29 29 29      63000      42000 
882	1333000	0 26 1 10 2 11 3 12 4 28 5 13 6 14 7 14 8 15 9 15 10 16 11 16 12 17 13 17 29 18 29 18 16 19 17 19 18 20 19 20 20 21 21 21 22 22 23 22 23 23 14 23 24 24 24 24 25 24 25 25 25 25 26 25 26 26 9 26 27 26 27 27 27 27 28 27 28 28 28 28 28 29 29 29      63000      40500 
981	 956000	0 26 1 1 2 11 3 12 4 13 5 0 6 13 7 9 8 8 9 15 10 16 11 16 12 17 13 13 29 18 15 18 16 19 17 14 18 4 19 20 20 19 21 21 22 22 23 23 23 23 14 23 24 24 24 24 25 24 25 25 26 25 26 25 29 26 9 26 27 26 29 27 27 27 28 27 28 28 28 28 28 29 29 29      72000      21000 
1080	 814000	0 9 1 10 2 11 3 12 4 13 5 3 6 11 7 14 8 15 21 27 10 9 11 16 12 5 13 17 14 18 15 18 16 19 17 19 18 20 19 20 20 21 21 21 22 22 23 22 23 23 24 23 24 9 24 24 25 24 25 29 25 25 26 25 26 26 26 26 27 26 29 27 27 27 28 27 28 28 28 28 29 29 29 29      68000      24000 
1962	 805800	0 2 1 10 2 11 3 12 4 7 5 13 6 14 7 14 8 15 9 15 10 16 11 26 12 29 13 17 14 18 15 18 16 19 17 19 18 20 19 20 20 29 21 21 22 22 23 22 23 23 24 23 24 24 24 24 25 24 25 25 25 25 9 25 26 26 26 26 27 26 29 27 27 27 28 27 28 29 28 28 28 29 29 29      63300      26800 
2061	 794000	0 9 1 10 2 2 3 20 4 13 5 5 6 29 7 14 8 15 9 27 10 16 11 16 12 17 13 17 14 18 15 18 16 19 17 19 18 6 19 20 20 29 21 21 22 22 23 22 23 23 24 29 24 24 24 24 25 24 25 25 25 29 26 25 26 26 26 26 27 26 27 27 27 27 28 27 28 28 28 28 29 29 29 29      72000      18000 
2160	 778000	0 9 1 4 2 2 24 12 4 11 10 13 6 14 7 7 8 15 9 16 10 16 11 29 12 17 13 17 14 18 15 18 16 19 17 29 18 6 19 20 20 29 21 21 22 22 23 22 23 23 24 29 5 24 24 24 3 24 25 25 25 25 26 25 26 26 26 26 27 27 29 27 27 27 28 27 28 28 28 28 28 29 29 29      63000      27000 
2358	 762000	0 9 1 10 2 11 3 20 4 29 5 13 6 14 7 14 8 15 9 27 10 16 4 16 12 17 13 17 14 18 15 18 16 19 17 19 18 6 19 20 20 29 21 21 22 22 23 22 23 24 24 29 24 24 11 24 25 24 25 25 25 29 26 25 26 26 26 26 27 27 29 27 27 27 28 27 28 28 28 28 28 29 29 29      72000      18000 
2655	 682500	0 9 1 10 2 27 29 12 4 13 5 29 6 28 7 1 8 15 9 14 10 16 11 16 12 17 13 26 15 18 29 18 16 19 17 19 18 20 19 20 20 21 21 21 22 22 23 22 23 23 24 23 24 24 24 24 25 24 25 25 25 25 26 25 26 26 14 26 27 26 27 27 27 27 3 27 28 28 28 28 28 29 29 29      72000      15750 
0	2139500	0 2 0 3 1 3 2 3 4 5 6 6 7 6 7 8 8 8 9 11 10 11 10 11 12 12 15 13 15 14 16 14 16 16 17 18 17 18 26 19 20 19 21 19 22 19 23 20 24 21 24 25 24 22 24 23 26 23 26 24 27 24 28 24 28 24 28 25 5 25 29 25 29 26 29 27 13 27 29 27 29 28 29 29      72000      51750 
585	1223600	0 9 1 10 2 11 3 12 4 29 5 13 6 14 7 14 8 15 9 15 10 16 11 16 12 17 13 17 14 18 15 18 16 19 17 19 18 29 19 20 20 21 21 21 22 22 23 22 23 29 5 23 24 24 24 24 25 24 25 25 25 25 26 25 26 26 26 26 27 26 27 27 27 27 28 27 28 28 28 28 28 29 29 29      63000      37800 
783	 976400	3 9 1 10 2 11 3 28 4 23 5 13 6 10 7 14 8 15 9 15 10 22 11 16 12 28 13 17 14 18 15 18 16 19 17 19 18 9 19 20 20 21 21 21 22 22 24 22 23 23 24 23 24 24 26 28 25 24 25 25 25 26 26 25 26 26 26 26 27 25 27 27 0 27 28 27 29 28 28 28 29 29 29 29      72000      21600 
981	 971200	26 9 1 10 25 11 4 12 4 13 5 13 27 14 7 15 20 23 9 15 8 16 11 16 6 17 18 17 14 18 15 18 16 12 17 19 2 20 19 20 20 8 21 21 22 22 12 22 23 23 24 23 10 24 24 24 3 24 0 25 25 25 13 25 26 26 13 26 28 26 27 27 29 27 28 27 28 28 29 27 28 29 29 29      68400      23400 
1476	 958000	26 9 1 10 25 11 21 12 4 13 5 13 27 14 7 15 20 23 9 15 8 16 11 16 6 17 18 20 14 18 15 18 16 12 17 19 2 20 19 20 20 8 21 21 22 22 12 22 23 23 24 23 10 24 24 24 3 24 0 25 25 25 13 25 26 26 13 26 28 26 27 27 29 27 28 27 28 28 29 27 28 29 29 29      69000      23000 
2358	 882000	0 9 1 10 2 11 3 12 4 29 5 13 6 14 7 14 8 15 9 15 10 16 11 29 12 17 13 17 14 18 15 18 16 19 17 19 18 20 19 29 20 21 21 29 22 22 12 22 23 23 24 23 24 24 24 29 25 24 0 25 25 25 26 25 26 26 26 23 27 26 27 27 27 27 28 27 28 28 28 28 28 29 29 29      63000      27000 
2457	 820000	0 9 1 10 29 11 3 12 4 13 5 27 6 14 7 14 8 15 9 15 10 16 11 16 12 17 29 27 14 18 15 18 16 19 17 19 18 20 19 20 20 21 21 21 22 22 23 22 23 23 2 23 24 24 24 24 25 24 13 25 25 25 26 25 26 26 26 26 27 26 27 27 29 27 28 27 28 28 28 28 28 29 29 29      69999      22334 
2952	 766000	0 9 1 10 20 11 3 12 4 27 5 7 6 13 7 14 8 18 9 15 10 16 11 16 12 17 13 28 14 18 15 18 16 19 17 19 2 20 19 20 20 21 21 21 22 22 23 22 23 23 24 23 24 24 24 24 25 24 25 25 25 25 26 25 26 26 26 18 27 26 27 27 29 27 28 27 28 28 29 28 28 29 29 29      70000      21000 
0	2274000	1 0 3 0 27 0 4 1 4 1 6 3 9 3 23 7 10 7 10 12 11 12 11 12 13 13 14 13 15 15 18 16 18 16 2 16 19 17 19 17 20 17 20 17 23 20 24 21 24 21 25 21 25 5 25 22 26 22 26 23 26 24 26 26 26 26 14 27 28 27 5 27 8 28 29 28 29 28 29 28 29 29 29 29      81000      45000 
387	1223600	0 9 1 10 2 11 3 12 4 29 5 13 6 14 7 29 8 15 9 15 10 16 11 16 12 29 13 17 14 18 15 18 16 19 17 19 18 20 19 20 20 21 21 21 22 22 23 22 23 23 8 23 24 24 24 24 25 24 25 25 25 25 26 25 26 26 26 26 27 26 27 27 27 27 28 27 28 28 28 28 28 29 29 29      63000      37800 
585	1092000	0 9 1 10 2 28 24 1 28 1 5 13 6 8 7 24 10 15 9 15 10 12 11 16 12 17 14 13 29 15 18 13 16 19 17 16 18 20 19 20 20 21 21 21 8 22 23 22 23 23 14 23 24 24 24 22 25 22 25 25 25 25 4 25 26 26 26 26 27 26 27 27 27 27 3 28 29 27 28 28 28 29 29 29      72000      27000 
1368	 832000	0 9 1 10 2 11 3 12 4 13 5 13 6 14 7 24 8 15 9 15 10 16 11 16 12 17 13 15 29 18 29 18 16 19 17 16 18 20 19 20 20 21 21 21 22 22 23 22 23 23 14 29 24 24 24 24 25 22 25 25 25 25 26 25 26 26 26 26 27 26 27 27 27 27 28 27 28 28 28 28 28 29 29 29      63000      27000 
1863	 644864	0 9 1 10 2 19 3 28 4 13 5 13 6 29 7 14 8 15 9 12 10 29 11 16 12 17 13 17 14 18 15 18 16 19 17 19 18 20 19 20 20 21 21 21 22 22 23 22 23 23 24 23 24 29 24 24 25 24 25 25 25 25 26 29 26 26 26 29 27 26 27 27 27 27 29 27 28 28 28 28 28 29 29 29      72000      15429 
0	2186000	0 0 1 2 3 4 6 5 23 5 9 5 11 6 13 7 13 7 15 7 15 7 16 8 16 9 18 12 18 10 19 14 19 14 21 17 21 17 23 20 22 20 22 20 23 22 24 24 24 24 3 25 25 25 25 25 25 25 11 26 26 26 26 26 26 26 27 26 28 27 28 27 28 27 29 27 29 28 29 28 29 28 29 29      54000      72000 
486	1202000	0 29 1 10 2 11 3 12 4 13 5 29 6 14 7 14 8 21 9 15 10 16 11 16 12 17 13 17 14 18 15 18 16 19 17 19 18 20 19 20 20 21 29 21 22 22 23 22 23 23 24 23 24 24 24 24 25 24 25 25 25 25 26 25 26 26 26 26 27 26 27 27 27 27 28 27 28 28 28 28 28 29 29 29      72000      30000 
585	1011000	0 9 1 10 2 22 3 12 4 13 5 13 6 8 29 14 8 15 9 29 10 11 11 16 12 17 13 18 14 18 15 18 16 29 17 19 18 20 19 20 20 24 21 21 7 22 23 22 23 23 24 23 24 24 24 24 25 24 27 25 25 25 26 25 26 26 26 26 27 26 27 27 27 27 28 28 28 28 28 28 28 29 29 29      63000      31500 
684	 814000	0 9 1 10 2 11 3 11 4 13 5 13 6 14 7 14 8 15 9 15 10 16 16 29 12 17 13 29 14 28 15 18 16 19 17 19 18 20 19 12 20 20 21 21 22 22 23 22 23 23 24 23 24 24 24 24 25 24 25 25 25 29 26 11 26 26 26 26 27 26 27 27 27 27 28 27 28 28 29 28 28 29 29 29      66000      24000 
1665	 630000	0 9 1 8 2 11 3 12 4 13 5 29 6 29 7 14 8 10 9 15 10 11 11 16 12 17 13 29 14 29 15 18 16 19 17 19 18 20 19 20 20 21 21 21 22 22 23 22 23 23 24 23 24 24 24 24 25 24 25 25 25 25 26 25 26 26 26 26 27 27 29 27 27 27 28 27 28 28 28 28 28 29 29 29      63000      21000 
3042	 598000	0 24 1 9 2 11 3 3 4 13 5 28 6 14 7 27 8 15 9 20 10 29 11 16 12 17 13 29 14 18 15 18 16 19 17 19 18 20 19 20 20 21 21 21 22 22 23 22 23 23 24 23 24 24 24 28 25 24 25 25 25 25 26 25 26 26 26 26 27 27 29 27 27 27 28 27 28 28 29 28 28 29 29 29      72000      14000 
0	2190000	0 3 2 3 2 8 3 8 4 10 5 11 6 12 7 12 9 14 10 14 11 15 13 15 13 15 14 16 16 17 17 17 18 18 20 19 20 19 20 19 21 21 22 21 1 23 24 23 24 23 25 23 25 24 26 24 26 25 27 25 27 25 27 25 27 25 28 25 28 26 28 26 29 26 29 27 29 28 29 28 29 28 29 29      90000      36000 
387	 959000	0 9 1 10 2 11 3 12 4 29 5 13 6 14 7 7 8 15 9 15 10 29 11 16 12 17 13 17 14 18 15 29 16 19 17 19 18 20 19 20 20 21 21 21 22 22 23 22 23 23 24 29 24 24 24 24 25 24 25 25 25 25 26 25 26 26 26 26 27 26 27 27 27 27 28 27 28 28 28 28 28 29 29 29      63000      31500 
684	 896000	23 0 1 25 2 10 29 12 4 13 5 18 6 0 29 14 8 26 9 15 10 17 11 16 3 0 13 17 14 23 15 17 16 19 17 19 18 20 19 17 20 21 21 21 22 19 3 22 24 23 24 23 24 24 24 24 25 24 7 25 25 25 26 25 26 26 26 26 27 26 27 28 27 27 28 27 12 28 28 28 28 29 29 29      72000      21000 
882	 830000	29 9 2 10 2 8 17 12 4 7 5 13 6 14 7 14 8 15 9 12 10 29 11 16 25 3 13 0 14 18 15 18 16 0 17 19 18 12 19 20 20 11 21 21 22 22 3 22 23 23 24 23 24 24 24 29 1 23 25 25 25 25 26 25 26 26 26 26 27 26 29 27 27 27 28 27 28 28 28 28 28 29 29 29      63000      27000 
1764	 770000	0 9 1 10 2 11 3 12 4 13 5 29 6 14 7 14 8 15 9 29 10 14 11 16 12 17 13 29 29 2 15 18 16 19 17 19 18 20 19 20 20 21 21 21 22 22 23 22 23 23 24 23 24 24 24 24 25 24 25 25 25 25 26 25 26 26 26 26 27 26 27 27 27 27 28 27 28 28 28 28 28 29 29 29      63000      27000 
3042	 769000	0 26 1 28 2 11 3 12 4 14 19 10 6 1 7 14 8 15 5 15 10 16 11 16 12 17 13 17 14 18 15 18 16 19 17 19 18 20 29 20 20 21 21 21 22 22 23 22 23 25 24 23 24 24 24 24 13 24 25 25 25 25 9 25 26 26 26 26 27 26 27 27 27 27 28 27 28 28 29 28 28 29 29 29      74250      14625 
3141	 690000	0 9 1 10 2 11 3 12 4 1 5 13 6 24 7 14 8 15 9 24 10 16 11 16 12 27 13 17 29 1 15 18 16 19 17 19 18 20 19 20 20 21 21 21 22 22 23 22 23 23 24 23 24 24 14 24 25 24 25 25 25 25 26 25 26 24 26 26 27 26 27 27 27 27 28 27 29 28 28 28 28 29 29 29      76000      12000 
0	2198000	3 0 4 2 5 5 6 8 6 9 11 9 12 10 12 15 13 10 7 21 16 11 16 13 17 14 17 16 18 17 18 17 19 15 19 21 19 22 20 22 20 23 20 23 2 23 1 24 24 24 24 24 25 25 26 25 14 25 26 25 27 25 27 25 27 26 28 26 28 27 28 28 29 28 29 28 29 28 29 29 29 29 29 29      63000      63000 
198	2184000	8 2 5 0 1 6 22 2 6 8 10 13 8 4 10 9 11 13 9 20 9 13 15 15 18 3 14 20 20 12 19 18 7 19 19 20 16 20 21 16 17 23 19 22 24 19 24 20 5 23 11 25 25 21 25 24 26 23 26 24 14 25 17 26 26 27 27 26 29 28 12 28 29 27 27 28 29 28 29 28 29 28 29 29      63000      63000 
495	1802000	0 17 18 14 11 2 8 2 25 3 4 5 9 14 6 16 22 12 11 7 16 10 10 15 17 10 15 13 14 12 19 17 5 19 17 19 13 23 24 21 18 22 20 23 23 20 23 21 24 24 24 24 25 25 1 25 26 27 5 26 7 24 26 26 3 24 27 27 28 27 12 27 28 28 29 27 29 27 29 28 29 28 29 29      72000      45000 
981	1313000	0 9 1 10 2 11 3 12 4 29 5 13 6 14 7 14 8 15 9 15 10 16 29 16 12 17 13 17 14 18 29 18 16 19 17 19 18 20 19 20 20 21 21 21 22 22 23 22 23 23 24 23 24 24 24 24 25 24 25 25 11 25 26 25 26 26 26 26 27 26 27 27 27 27 28 27 28 28 28 28 28 29 29 29      63000      40500 
1080	 970000	0 9 1 10 5 11 3 12 4 15 4 13 6 20 7 14 8 15 9 15 10 16 11 24 12 2 13 17 14 18 27 18 16 19 17 19 18 20 19 20 14 21 21 21 22 22 23 22 23 24 24 23 2 24 24 24 25 24 25 25 25 25 26 25 26 26 8 26 29 26 29 27 27 27 28 27 28 28 28 28 28 29 29 29      64000      30000 
1179	 763334	0 27 1 10 2 2 3 12 4 13 5 13 6 21 28 14 8 15 9 27 10 16 11 15 12 7 13 17 14 18 15 18 16 19 17 19 18 6 19 20 20 21 21 21 22 22 23 22 23 23 24 24 24 24 24 4 25 26 25 25 25 25 7 25 26 26 26 26 27 26 27 27 29 27 29 27 28 28 28 28 28 29 29 29      73333      16667 
2061	 756750	0 27 1 10 2 11 3 12 4 13 5 13 6 21 7 14 8 15 9 15 10 16 11 16 12 7 13 17 14 18 15 18 16 19 17 19 18 20 19 20 20 21 21 21 22 22 23 22 23 23 24 23 24 6 24 24 25 24 25 25 25 25 26 25 26 26 26 26 27 26 27 27 29 27 29 27 28 28 28 28 28 29 29 29      74250      14625 
2259	 594000	0 27 1 10 2 11 3 12 4 13 5 27 6 21 7 14 8 15 9 15 10 16 11 16 12 27 13 17 14 18 15 18 16 19 17 19 18 20 19 20 20 21 21 29 22 22 23 22 23 23 24 23 24 6 24 24 25 24 25 25 25 25 26 25 26 26 26 26 27 28 27 27 29 27 29 27 28 28 28 28 28 29 29 29      72000      14000 
0	1854000	0 0 0 4 1 4 3 4 5 5 5 6 6 7 7 8 9 8 9 9 10 11 17 11 11 11 12 18 14 13 18 13 15 14 15 17 26 19 15 19 16 20 16 20 16 21 19 22 20 2 21 24 22 24 23 24 23 25 24 25 25 25 26 25 26 27 26 2 27 28 27 28 27 28 28 28 29 28 29 28 29 29 29 29      72000      45000 
198	1826000	22 0 1 12 11 2 25 4 8 5 5 4 7 6 8 8 3 26 18 13 13 10 15 15 17 10 22 13 14 0 3 16 20 20 23 16 21 16 21 16 22 19 24 22 6 20 19 17 9 23 24 21 4 23 28 24 27 24 24 25 25 25 27 26 28 27 26 26 12 28 29 26 2 27 29 29 29 28 29 28 29 28 29 28      81000      36000 
585	1313000	0 9 1 10 2 11 3 12 4 13 5 13 6 14 7 14 8 15 9 15 10 16 11 16 12 20 13 17 14 18 15 18 16 19 17 29 29 20 19 20 29 21 21 21 22 22 23 22 23 23 24 23 24 24 24 24 25 24 25 25 25 25 26 25 26 26 26 26 27 26 27 27 27 27 28 27 28 28 28 28 28 29 29 29      63000      40500 
684	 832000	0 9 1 10 2 11 3 12 4 1 5 13 27 14 7 14 8 21 6 15 10 29 11 16 12 17 13 17 14 18 15 18 16 12 29 19 18 20 19 20 20 21 21 17 22 22 23 22 23 26 24 23 24 24 24 24 25 24 25 25 25 25 26 25 26 26 28 26 27 27 9 27 27 27 29 27 28 28 28 28 28 29 29 29      63000      27000 
1467	 742000	0 9 1 10 2 29 3 12 4 13 5 4 6 14 7 14 8 29 9 15 10 16 11 16 12 18 13 17 14 18 15 18 16 19 17 29 18 20 19 20 20 21 21 21 22 22 23 22 23 23 24 23 24 24 24 24 25 24 25 25 25 25 26 25 26 29 26 26 27 29 27 27 27 27 29 27 28 28 28 28 28 29 29 29      72000      18000 
1665	 726000	0 9 1 10 2 11 3 12 4 29 5 13 6 14 7 14 8 29 9 15 10 16 11 16 12 17 13 17 14 18 15 18 16 19 17 29 18 20 19 20 20 21 21 21 22 22 23 22 23 23 24 23 24 24 24 24 25 24 25 25 25 25 26 25 26 29 26 26 27 29 27 27 27 27 29 27 28 28 28 28 28 29 29 29      72000      18000 
2160	 690000	0 9 1 10 2 29 3 23 4 11 5 13 6 14 7 14 8 12 9 15 10 28 11 16 12 8 13 2 14 27 15 18 16 19 17 19 18 20 19 20 20 21 21 17 22 22 23 22 23 23 24 23 24 24 24 24 25 24 25 25 25 25 26 25 26 29 26 26 27 26 27 27 29 27 29 27 28 28 28 28 28 29 29 29      70000      20000 
0	2125500	16 0 0 3 1 3 1 3 2 3 26 5 4 8 4 18 5 8 19 8 6 8 6 9 7 12 7 12 9 12 11 13 15 13 10 14 16 14 19 14 20 15 20 17 21 17 21 18 23 22 23 22 25 22 25 23 25 24 25 24 27 24 27 24 27 26 27 26 28 26 28 26 28 27 28 28 28 28 29 29 29 29 29 29      72000      51750 
297	2125000	11 0 0 3 4 3 5 2 4 5 17 7 4 9 16 7 5 3 19 8 6 13 15 16 13 10 0 12 9 12 8 15 14 17 22 18 23 18 19 20 24 16 20 22 21 19 24 10 23 20 25 21 25 25 2 23 25 24 27 24 27 24 26 26 6 26 1 26 29 27 28 26 28 28 28 28 28 28 29 28 29 29 29 29      83250      40500 
396	1800000	1 0 11 20 4 3 20 3 16 2 27 5 6 7 21 12 6 8 4 13 27 15 17 11 13 9 13 14 15 16 18 12 18 19 10 12 22 16 21 22 24 17 22 24 24 17 10 23 14 25 19 23 23 24 25 25 26 23 25 24 25 27 27 25 28 24 26 26 1 27 4 28 29 26 29 27 28 28 29 27 29 28 29 29      45000      72000 
495	1603500	4 0 14 1 9 2 22 19 16 3 18 5 10 7 13 7 6 6 19 13 12 4 23 11 16 13 13 14 20 13 19 21 11 15 10 17 20 22 21 15 24 17 24 15 26 18 24 10 24 8 23 24 6 25 9 25 25 23 25 27 12 26 27 25 28 26 26 26 28 26 4 28 28 26 29 27 28 28 29 27 29 28 29 29      47250      63000 
981	1040000	0 9 1 10 2 11 3 12 4 13 5 13 6 14 7 14 8 29 9 15 10 16 11 16 12 17 13 17 29 18 15 18 16 19 17 19 18 20 19 20 20 21 21 29 22 22 23 22 23 23 24 23 24 24 24 24 25 24 25 25 25 25 26 25 26 26 26 26 27 26 27 27 27 27 28 27 14 28 28 28 28 29 29 29      63000      31500 
1080	 995000	0 9 1 10 2 11 3 12 4 13 5 29 6 14 7 14 8 15 9 13 10 29 11 16 12 17 13 29 14 29 15 18 16 19 17 19 18 19 22 20 20 21 21 21 22 22 23 22 23 23 24 23 24 24 24 24 25 24 25 25 25 25 26 25 26 26 26 26 27 26 27 27 27 27 28 27 28 28 28 28 28 29 29 29      63000      31500 
1278	 898000	23 9 1 10 2 11 3 12 4 13 5 13 7 14 29 14 8 15 29 9 10 16 11 16 12 17 13 17 14 4 15 18 16 19 17 19 18 20 19 20 20 21 21 21 22 22 0 22 23 21 25 23 24 24 24 24 25 24 25 9 25 25 26 25 26 26 26 26 6 26 27 27 27 27 29 27 28 28 28 28 28 29 29 29      68000      24000 
1575	 892000	1 29 1 10 2 11 3 0 4 3 5 13 6 14 7 17 8 15 29 9 10 16 11 16 12 17 13 17 14 18 15 18 16 19 22 19 18 20 19 20 20 21 21 21 9 22 23 22 23 21 24 23 24 26 24 24 25 24 25 25 25 25 26 25 26 26 12 26 27 26 27 0 27 27 29 27 28 28 28 28 28 29 29 29      66000      27000 
1674	 854000	0 28 1 10 2 29 10 12 4 13 5 29 6 29 15 14 8 29 9 3 10 16 11 29 12 17 13 17 14 27 15 18 16 19 17 19 18 18 19 20 20 21 21 21 22 22 23 22 23 23 7 23 24 23 24 24 25 24 25 24 25 25 26 25 26 26 26 26 27 26 27 27 3 27 28 27 28 28 28 28 29 29 29 29      72000      21000 
2655	 806000	29 15 1 0 2 11 3 12 4 13 5 13 6 14 7 0 8 27 9 15 10 16 11 0 22 17 13 4 14 13 15 18 16 19 17 19 18 20 19 20 20 21 21 21 3 22 23 22 23 23 24 29 12 24 24 24 25 24 25 24 25 25 26 25 26 26 26 26 27 26 27 27 3 27 28 27 28 28 28 28 29 29 29 29      72000      18000 
0	1637000	1 1 3 2 3 2 6 4 6 5 7 5 18 0 8 9 8 9 11 10 12 10 16 12 17 12 13 14 19 14 20 15 20 15 20 16 22 17 22 17 23 18 23 18 24 19 24 21 24 21 25 21 25 23 4 23 25 13 26 24 26 25 26 26 27 27 27 27 28 28 29 28 0 28 29 28 29 28 29 28 29 29 29 29      72000      40500 
288	1206000	0 29 1 10 2 11 3 12 4 13 5 23 6 14 7 14 8 29 9 15 10 29 11 16 12 17 13 29 14 18 15 18 16 19 17 19 18 20 19 20 20 21 21 21 22 22 23 22 23 23 24 23 24 24 24 24 25 24 25 25 25 25 26 25 26 26 26 26 27 26 27 27 27 27 28 27 28 28 28 28 28 29 29 29      72000      30000 
387	 784000	0 9 1 10 2 11 3 12 4 13 5 13 6 14 7 14 8 16 9 15 10 16 11 16 12 17 29 17 14 13 15 18 29 19 17 19 18 20 19 20 20 21 21 21 22 22 23 22 23 23 24 23 24 24 24 24 25 24 25 25 25 25 26 25 26 26 26 26 27 29 27 27 27 27 28 27 28 28 28 28 28 29 29 29      63000      27000 
1269	 646000	0 9 1 10 2 11 3 12 4 28 5 13 6 29 7 14 8 29 9 15 10 6 11 16 12 17 13 29 14 29 15 18 16 19 17 19 18 20 19 20 20 21 21 21 22 22 23 22 23 23 24 23 24 24 24 24 25 24 25 25 25 25 26 25 26 26 26 26 27 26 27 27 27 27 28 27 28 28 28 28 29 29 29 29      63000      21000 
1665	 566000	0 9 1 10 2 11 3 12 4 28 5 13 6 4 7 25 8 14 9 15 10 16 29 16 12 17 13 25 14 29 15 18 16 19 17 19 18 20 19 20 20 2 21 21 22 22 23 22 23 23 24 23 24 21 24 24 25 24 25 25 11 25 26 25 26 26 26 26 27 26 27 27 27 27 28 28 28 28 28 28 29 29 29 29      68000      16000 
2259	 510000	0 9 1 10 2 11 3 12 4 28 5 28 6 4 7 25 8 14 9 15 10 29 29 16 12 17 13 25 14 29 15 18 16 19 17 19 18 20 19 20 20 2 21 21 22 22 23 22 23 23 24 23 24 21 24 24 25 24 25 25 11 25 26 25 26 26 26 13 27 26 27 27 27 27 28 28 28 28 28 28 29 29 29 29      65000      17500 
0	2198000	0 2 1 7 3 8 4 9 5 11 21 12 6 12 8 12 9 12 10 12 10 13 11 14 13 14 13 15 18 15 18 15 19 17 22 17 24 19 16 19 24 19 24 20 4 20 5 21 26 22 26 23 27 23 27 23 27 24 27 24 27 25 28 25 28 25 28 25 28 26 28 26 16 26 29 27 29 28 29 28 29 29 29 29      63000      63000 
198	1662000	15 0 5 3 2 8 2 28 5 8 21 12 22 4 9 19 9 6 13 7 14 8 13 11 17 27 13 15 18 24 18 15 19 17 22 16 24 20 16 21 21 21 22 20 24 23 23 21 23 21 23 23 1 14 1 10 27 24 27 26 27 25 28 25 28 25 28 25 26 26 28 26 16 27 29 27 29 28 29 28 29 28 29 29      40500      72000 
684	1331000	0 9 1 22 2 11 3 12 4 13 5 13 6 14 7 14 8 12 9 15 10 16 11 16 12 29 29 17 29 18 15 18 16 19 17 19 18 20 19 20 20 21 21 21 10 22 23 22 23 23 24 23 24 24 24 24 25 24 25 25 25 25 26 25 26 26 26 26 27 26 27 27 27 27 28 27 28 28 28 28 28 29 29 29      63000      40500 
783	 768250	0 22 1 4 2 2 3 12 26 24 5 13 6 14 7 14 8 15 9 15 10 16 15 16 12 17 13 17 14 11 27 18 16 19 17 19 18 20 19 20 20 21 21 21 22 22 23 22 23 23 24 23 24 24 4 24 25 24 25 25 25 25 11 25 26 25 26 26 27 26 29 27 27 27 28 27 29 28 28 28 28 29 29 29      74250      14625 
981	 762000	0 9 1 10 17 8 3 12 26 13 5 24 29 25 7 14 8 19 9 15 10 16 11 16 12 17 13 18 14 11 15 18 16 19 28 19 18 20 19 20 20 20 21 21 22 22 23 22 23 23 24 23 24 24 4 24 25 24 27 25 25 25 26 25 2 26 26 26 27 26 6 27 27 27 28 27 29 28 28 28 28 29 29 29      72000      18000 
1674	 742000	0 9 1 10 17 8 3 12 26 13 5 24 29 25 7 14 8 19 9 15 10 16 11 21 12 17 13 18 14 11 15 18 16 19 28 19 18 20 19 20 20 20 21 21 22 22 23 22 23 23 24 23 24 24 4 24 25 24 27 25 25 25 26 25 2 26 26 26 27 26 6 27 27 27 28 27 29 28 28 28 28 29 29 29      72000      18000 
2268	 739750	0 9 1 10 17 15 3 12 26 13 5 24 29 25 7 14 8 19 9 15 10 16 11 21 12 17 13 18 14 11 15 18 16 19 28 19 18 20 19 20 20 20 21 21 22 22 23 22 23 23 24 23 24 24 4 24 25 24 27 25 25 25 26 25 2 26 26 26 27 26 6 27 27 27 28 27 29 28 28 28 28 29 29 29      74250      14625 
0	2025000	0 23 1 5 2 26 5 7 6 8 7 9 10 9 11 11 4 13 12 15 13 8 13 15 14 16 16 17 18 17 19 22 19 19 20 19 21 20 22 20 3 21 23 23 24 24 24 24 24 24 25 25 25 25 27 25 27 26 28 26 28 26 28 26 29 26 29 27 29 27 29 28 29 28 29 28 29 28 29 28 29 28 29 28      81000      40500 
387	1313000	0 9 1 10 2 11 3 12 4 13 5 13 6 13 7 14 8 15 9 29 10 16 11 16 12 17 29 17 14 18 15 18 16 19 17 19 29 20 19 20 20 21 21 21 22 22 23 22 23 23 24 23 24 24 24 24 25 24 25 25 25 25 26 25 26 26 26 26 27 26 27 27 27 27 28 27 28 28 28 28 28 29 29 29      63000      40500 
981	1118000	0 11 1 10 2 5 3 12 4 10 7 24 6 13 7 5 8 15 9 6 14 16 11 16 12 16 13 17 14 17 15 18 16 19 17 19 18 20 19 20 24 21 21 21 22 20 23 22 23 24 24 23 13 24 9 25 25 24 25 25 28 22 26 25 26 26 29 26 27 26 28 27 27 27 7 27 28 28 28 28 29 29 29 29      63000      36000 
1179	1055000	0 9 1 10 4 0 3 12 25 13 5 13 24 14 7 11 8 6 9 15 13 16 13 16 26 20 28 17 18 18 15 18 16 14 17 19 29 20 19 20 22 21 21 23 10 22 24 24 23 23 23 23 24 24 12 24 2 24 25 25 25 25 11 25 29 26 26 26 27 26 27 6 27 28 28 27 28 28 29 29 14 29 29 29      63000      31500 
1962	1003000	16 9 1 10 2 11 3 12 4 13 5 13 6 14 7 14 8 15 9 0 10 16 11 29 12 17 13 12 29 29 15 18 16 14 17 19 18 20 19 20 20 21 21 21 22 22 23 22 23 23 0 23 24 24 24 24 25 24 25 25 25 25 26 26 26 26 26 26 27 26 27 27 27 27 28 27 28 28 28 28 28 29 29 29      63000      31500 
2061	 754000	16 9 1 10 2 11 3 12 4 13 5 2 6 14 7 14 8 15 9 15 10 16 11 19 12 17 13 17 29 18 15 18 29 14 17 19 18 20 19 20 20 21 21 21 22 22 23 22 23 23 0 23 24 24 24 24 25 24 25 25 25 29 26 25 26 26 26 26 27 26 27 27 27 27 28 27 28 24 28 28 28 29 29 29      63000      27000 
0	1619000	1 0 8 0 8 2 9 2 9 3 12 4 12 5 13 6 15 10 16 11 17 11 17 13 19 14 19 15 24 16 20 7 22 18 22 18 23 18 22 19 23 19 23 20 1 21 23 21 24 21 25 21 27 24 27 24 28 25 28 25 28 25 28 26 29 26 29 26 14 26 29 27 29 27 29 27 29 27 29 27 29 28 29 28      40500      72000 
486	1051000	0 9 1 10 2 11 3 21 4 13 5 13 6 14 7 14 8 15 9 29 10 16 11 16 12 17 13 17 14 18 15 18 16 19 17 19 18 20 19 20 20 21 29 21 22 29 23 22 23 23 24 23 24 24 24 24 25 24 25 25 25 25 26 25 26 26 26 26 27 26 27 27 27 27 28 27 12 28 28 28 28 29 29 29      63000      31500 
684	 956000	0 9 1 1 29 26 3 3 4 5 18 5 6 29 7 14 8 15 9 15 10 16 11 16 12 17 13 26 17 18 15 7 16 5 17 19 18 13 19 20 20 21 21 24 22 22 23 22 23 23 2 23 24 24 24 24 25 24 25 25 13 25 26 25 26 26 14 26 27 26 27 27 27 27 29 27 28 28 28 28 28 29 29 29      72000      21000 
1467	 793002	0 9 1 10 2 29 3 12 4 26 5 13 6 14 7 14 29 15 28 15 10 11 11 16 12 9 13 17 14 18 15 18 16 19 17 19 18 20 19 20 20 21 21 21 22 22 23 22 23 23 24 23 24 24 27 24 25 24 25 25 25 25 26 25 26 26 29 26 27 26 27 27 27 27 8 9 28 28 28 28 28 29 29 29      63501      26666 
1566	 762000	0 9 1 10 2 11 3 12 4 5 5 18 6 14 7 9 8 15 9 15 10 16 11 16 12 18 13 17 14 18 15 18 16 19 17 19 29 13 19 20 20 21 21 21 22 22 23 22 23 23 24 18 24 24 24 24 25 24 25 25 25 25 26 25 26 26 26 26 27 26 27 27 27 27 29 27 28 28 28 28 28 29 29 29      72000      18000 
2160	 716668	0 28 1 29 2 29 3 12 4 13 5 2 6 14 7 14 8 26 9 15 10 18 11 16 12 9 29 17 26 2 15 18 16 19 17 26 18 18 19 20 20 21 21 21 22 22 23 22 23 23 24 23 24 29 24 24 25 24 25 25 25 25 13 25 26 26 14 26 27 26 27 27 27 27 29 27 28 28 28 28 28 29 29 29      73334      16666 
2457	 707500	0 9 1 29 2 11 3 12 4 13 5 2 6 14 7 24 8 19 25 15 29 20 11 16 12 5 13 17 14 18 15 18 16 3 17 19 18 18 19 20 20 21 21 21 22 22 23 22 23 29 9 23 24 24 24 24 10 24 25 25 25 25 26 25 26 26 26 26 27 26 27 27 27 27 29 27 28 28 28 28 28 29 29 29      74250      14625 
0	2948000	2 0 2 0 4 1 4 1 5 3 5 7 6 13 7 13 8 14 9 14 10 17 12 20 12 20 15 20 15 22 11 22 16 22 17 23 18 23 19 23 19 23 20 24 21 24 21 24 24 25 24 25 24 25 24 25 24 25 26 25 26 27 26 27 26 27 26 28 26 28 27 28 28 28 28 29 29 29 29 29 29 29 29 29      81000      63000 
99	2582000	3 0 7 19 5 3 9 1 25 4 11 10 6 13 13 8 8 25 2 25 10 14 23 14 12 15 18 16 20 22 15 16 17 19 21 18 17 20 19 20 19 23 27 25 27 21 21 22 24 22 27 23 27 24 24 24 28 24 26 24 26 27 29 26 29 26 27 19 28 26 29 28 28 26 29 27 29 29 29 29 29 28 29 29      72000      63000 
198	2043000	0 1 21 1 16 1 2 5 5 7 25 7 4 8 6 14 10 26 11 8 9 3 13 14 3 12 19 16 17 15 23 20 0 15 24 19 24 12 20 23 23 22 21 22 25 19 22 22 24 20 18 20 27 24 25 23 27 26 28 25 28 23 25 24 28 25 29 26 29 26 29 24 29 26 29 28 29 27 29 27 29 26 29 29      81000      40500 
684	 982000	0 9 1 10 2 11 3 12 4 13 5 13 6 14 7 14 8 15 9 15 10 19 11 16 12 17 13 22 29 18 15 18 16 19 17 19 18 20 29 20 20 21 21 21 22 22 23 22 23 23 24 23 24 24 24 24 25 24 25 25 25 25 26 25 26 26 26 26 27 26 14 27 27 27 28 27 28 28 28 28 28 29 29 29      64000      30000 
1368	 970000	0 9 1 10 2 11 3 12 4 13 5 13 6 14 7 14 8 15 9 15 10 16 11 29 12 2 13 17 14 18 29 15 16 29 17 19 18 20 19 20 20 21 21 21 22 22 23 22 23 23 24 23 24 24 24 24 25 24 25 25 25 25 26 25 26 26 26 26 27 26 27 27 27 27 28 27 28 28 28 28 28 29 29 29      63000      31500 
1566	 910000	0 29 1 10 2 11 3 12 4 13 5 13 6 14 7 14 8 15 9 12 6 16 11 16 29 17 13 23 14 18 15 18 16 19 17 19 18 20 19 20 20 21 21 21 22 22 23 22 23 23 24 23 12 24 24 24 25 24 25 25 25 25 26 25 26 26 26 26 10 26 27 27 27 27 28 27 29 28 28 28 28 29 29 29      72000      21000 
1665	 749750	0 9 1 10 23 11 3 12 4 13 5 7 6 23 7 14 8 15 9 23 10 16 11 16 29 17 13 17 14 4 15 18 16 19 17 19 18 20 19 20 20 21 21 21 22 22 2 22 23 23 24 20 24 24 24 24 12 24 25 25 25 25 26 25 26 26 26 26 27 25 27 27 27 27 28 27 29 28 28 28 28 29 29 29      74250      14625 
1764	 710000	0 9 29 10 2 11 3 26 4 27 5 13 6 14 7 6 8 28 9 13 10 12 11 16 12 1 13 17 14 18 15 15 16 14 17 19 18 20 19 20 20 21 21 21 22 22 23 22 23 23 24 23 24 24 24 24 25 24 25 25 25 25 26 25 26 26 29 26 27 26 27 27 29 27 1 27 28 28 28 28 28 29 29 29      70000      20000 
1962	 666000	0 9 1 10 17 11 3 12 4 13 5 7 6 23 7 14 8 15 9 23 10 16 11 23 29 17 13 28 14 4 15 18 16 19 17 19 18 20 19 29 20 21 21 21 22 22 2 22 23 23 24 20 24 24 24 24 12 24 25 25 25 25 26 25 26 26 26 26 27 25 27 27 27 27 28 27 29 28 28 28 28 29 29 29      63000      21000 
0	2570000	0 0 2 1 2 3 2 3 2 4 5 4 8 5 16 5 12 6 13 8 7 9 14 10 26 11 14 12 15 13 16 13 18 13 18 15 19 17 21 17 22 19 22 19 23 20 24 20 24 21 24 21 7 23 24 24 25 25 25 26 25 26 25 27 27 27 27 27 28 27 28 27 28 27 28 28 29 28 29 28 29 28 29 29      50000      85000 
99	1804000	0 0 2 2 1 5 5 3 9 6 17 7 4 4 8 16 10 9 12 10 14 11 6 14 11 14 13 13 18 15 16 15 19 16 20 14 22 18 21 19 21 20 22 19 23 20 17 23 24 23 25 22 26 24 12 24 8 24 28 25 28 26 28 25 28 25 28 26 28 26 29 27 29 27 29 27 29 27 29 27 29 28 29 28      54000      63000 
585	1124000	0 3 2 5 19 2 3 12 4 13 5 13 6 14 7 14 8 15 9 15 10 16 11 16 23 17 13 17 14 18 20 16 16 14 17 1 18 20 19 24 15 21 21 20 25 22 22 22 26 23 24 23 24 24 23 24 25 24 12 25 25 24 26 27 26 26 26 27 28 28 27 27 29 27 28 27 29 28 1 28 28 29 29 29      72000      27000 
684	 782000	0 9 1 10 2 26 3 12 4 7 5 13 6 24 9 14 8 9 9 15 10 11 11 16 12 17 13 29 14 18 15 18 16 19 17 19 18 18 19 20 20 21 21 21 22 22 23 22 23 23 24 23 24 24 7 24 25 24 25 25 25 25 28 25 26 26 26 26 29 26 27 27 27 27 29 27 28 27 28 28 28 29 29 28      70000      21000 
783	 762000	0 9 1 10 2 26 3 12 4 7 5 13 6 24 9 14 8 9 24 15 10 11 11 16 12 17 13 29 14 16 15 18 16 19 17 19 18 18 19 20 20 21 21 21 22 22 23 22 23 23 24 23 24 24 7 24 25 24 25 25 25 25 28 25 26 26 26 26 29 26 27 27 27 27 29 27 28 27 28 28 28 29 29 28      72000      18000 
2052	 678000	0 9 1 10 2 11 3 12 4 13 5 24 6 17 29 14 8 15 9 24 10 16 11 16 12 24 13 17 14 18 15 18 16 19 17 19 18 20 19 20 20 21 21 21 22 22 23 22 23 23 24 23 24 24 7 24 25 24 25 25 25 25 26 13 26 26 26 26 27 26 27 27 27 27 28 27 28 28 28 28 29 29 29 29      76000      12000 
0	2564000	1 0 1 2 18 5 2 4 6 4 7 4 17 4 10 8 19 9 11 9 13 11 14 12 15 12 16 13 16 15 18 15 20 15 20 17 23 19 23 20 23 21 23 21 24 22 24 22 25 22 26 22 26 24 26 24 3 25 27 25 27 25 27 25 27 25 28 26 14 26 28 27 29 28 29 28 29 28 29 28 29 28 29 29      72000      63000 
99	2212000	22 0 2 0 4 6 4 6 10 1 11 9 7 9 12 17 12 8 13 10 16 12 15 10 16 14 19 16 17 19 20 14 19 15 3 5 22 20 23 20 10 20 23 24 13 24 26 24 11 18 24 23 26 18 25 24 27 25 27 21 27 21 27 25 28 24 28 26 28 25 29 26 29 27 29 27 29 28 29 28 29 28 29 28      63000      63000 
198	2170000	5 1 3 2 26 2 23 3 5 6 8 10 14 7 14 7 15 13 12 7 10 13 17 9 11 16 16 18 12 18 0 14 17 19 19 20 15 23 24 21 9 18 24 22 22 23 22 20 6 24 25 21 4 24 27 25 27 25 25 22 27 25 27 26 28 25 26 27 26 27 29 27 29 27 29 27 29 28 29 28 29 28 29 28      72000      54000 
396	2007000	5 0 0 13 23 11 3 6 2 20 26 4 13 4 8 12 16 11 21 6 11 8 17 11 19 14 7 15 17 15 18 28 22 14 3 19 1 21 23 14 19 20 24 21 24 23 24 22 26 4 12 24 26 24 9 20 5 25 27 24 27 24 25 25 26 24 10 25 28 25 28 27 29 27 29 28 29 27 29 28 29 29 29 29      81000      40500 
882	1299000	0 9 1 10 2 11 3 12 4 13 5 13 6 14 7 14 8 29 9 15 10 16 11 16 12 17 13 17 14 18 15 18 16 19 17 19 29 20 19 29 20 21 21 21 22 22 23 22 23 23 24 23 6 24 24 24 25 24 25 25 25 25 26 25 26 26 26 26 27 26 27 27 27 27 28 27 28 28 28 28 28 29 29 29      63000      40500 
981	 970000	0 18 1 10 2 11 3 12 4 13 29 13 6 1 7 14 24 29 9 15 10 16 11 16 12 17 13 17 14 18 15 14 16 19 17 19 18 20 19 20 20 8 21 21 22 22 23 22 23 23 24 23 26 24 27 24 5 24 25 25 25 25 8 25 26 26 10 26 27 26 27 27 27 27 29 27 28 28 28 28 28 29 29 29      72000      21000 
1278	 795336	0 9 1 10 12 27 3 12 4 13 5 17 6 27 7 14 8 15 9 15 10 16 11 11 15 12 13 24 28 18 18 14 16 19 17 19 2 20 19 20 20 20 21 21 22 22 23 22 23 23 24 23 24 24 24 24 25 24 25 25 25 25 14 25 26 26 26 26 27 26 28 27 27 27 28 27 29 28 29 28 29 28 29 29      69999      22334 
2160	 587500	0 9 1 10 2 11 3 12 4 20 5 13 6 14 7 24 8 15 9 15 10 16 11 16 12 17 13 17 29 24 29 18 16 19 17 19 18 15 19 20 20 21 21 21 22 22 23 22 23 23 14 23 24 24 24 24 25 24 25 25 25 25 26 25 26 26 26 26 27 26 27 27 27 29 28 27 28 15 28 28 28 29 29 29      63750      20250 